Showing papers for search query "Best+practice"+OR+"General+guidelines"+"Case+Study"

     Search term "Best+practice"+OR+"General+guidelines"+"Case+Study"
     Title Auditing best practice for effective product innovation management
     Author ['K Cormican', "D O'Sullivan"]
     Venue Technovation
     Year 2004
     Abstract discussed and validated using case study analysis. Previous article in issue; Next article in issue. Keywords. Product innovation management. Best practice model. Self-assessment scorecard. Case study analysis. 1. Introduction
     Url https://www.sciencedirect.com/science/article/pii/S0166497203000130


     Search term "Best+practice"+OR+"General+guidelines"+"Case+Study"
     Title Best practice transfer for future competitiveness: a study of best practices
     Author ['YF Jarrar', 'M Zairi']
     Venue Total Quality Management
     Year 2000
     Abstract A Business Intelligence report (Ashton, 1998) found that in exemplar organizations there was a de®ned best practice management process, from  Our study for identifying `best' practices included an extensive review of related manage- ment literature and a case study review
     Url https://www.tandfonline.com/doi/pdf/10.1080/09544120050008147


     Search term "Best+practice"+OR+"General+guidelines"+"Case+Study"
     Title Facilities management: Towards best practice
     Author ['P Barrett', 'D Baldry']
     Venue NA
     Year 2009
     Abstract Facilities management : towards best practice / Peter Barrett & David Baldry  1.3.6 Multiple sites example 1 1.3.7 Multiple sites example 2 1.3.8 Public sector example 1 1.3.9 Public sector example 2 Facilities Management Systems 1.4.1 Overview 1.4.2 Case study findings 1.4.3
     Url https://books.google.com/books?hl=ru&lr=&id=EgtHZYKqlO4C&oi=fnd&pg=PR11&dq=%22Best+practice%22+OR+%22General+guidelines%22+%22Case+Study%22&ots=YaCmaEd8RL&sig=Lqh8Fns42IY2XOzCTO73s9MV8og


     Search term "Best+practice"+OR+"General+guidelines"+"Case+Study"
     Title Trusting the team: the best practice guide to partnering in construction
     Author ['J Bennett', 'S Jayes']
     Venue NA
     Year 1995
     Abstract ARIZONA DEPARTMENT OF TRANSPORTATION Chapter 1. page 2 Page 11. case study In seeking to obtain the full benefits of strategic partnering in the UK construction industry the fol- lowing important features of current best practice need to be kept in mind
     Url https://books.google.com/books?hl=ru&lr=&id=2j4xT9jDNdgC&oi=fnd&pg=PA9&dq=%22Best+practice%22+OR+%22General+guidelines%22+%22Case+Study%22&ots=Ac76jyuE3p&sig=Hwa3RX5Gqw4ehEgdxeTfaZmzZkY


     Search term "Best+practice"+OR+"General+guidelines"+"Case+Study"
     Title Best-practice complaint management
     Author ['R Johnston', 'S Mehra']
     Venue Academy of Management Perspectives
     Year 2002
     Abstract In the case of WPA, a main board director with the title Director of Best Practice oversaw complaint management as part of his  Complaint-management professionals in the case-study organizations were involved in business meetings and decisions and had a direct input into
     Url https://journals.aom.org/doi/abs/10.5465/ame.2002.8951342


     Search term "Best+practice"+OR+"General+guidelines"+"Case+Study"
     Title Research for materials development in language learning: Evidence for best practice
     Author ['B Tomlinson', 'H Masuhara']
     Venue NA
     Year 2011
     Abstract [Not Found]
     Url [Not Found]


     Search term "Best+practice"+OR+"General+guidelines"+"Case+Study"
     Title Best practice benchmarking in the UK
     Author ['M Hinton', 'G Francis', 'J Holloway']
     Venue Benchmarking: An International …
     Year 2000
     Abstract A case study of performance improvement in the 'new' public sector”, International Journal of Public Sector Management, Vol. 12 No. 4, pp. 351‐65. Holloway, J., Hinton, CM, Francis, G. and Mayle, D. (1999b), Identifying Best Practice in Benchmarking, CIMA, London
     Url https://www.emerald.com/insight/content/doi/10.1108/14635770010314954/full/html


     Search term "Best+practice"+OR+"General+guidelines"+"Case+Study"
     Title Diffusing'best practice'in multinational firms: prospects, practice and contestation
     Author ['G Martin', 'P Beaumont']
     Venue International Journal of Human Resource …
     Year 1998
     Abstract Following a discussion of the literature on the transfer of best practice, we draw on a case study of ABB to highlight some of the issues and problems involved. In particular, we focus on the use of benchmarking as a powerful tool for the diffusion of best practice in ABB
     Url https://www.tandfonline.com/doi/abs/10.1080/095851998340955


     Search term "Best+practice"+OR+"General+guidelines"+"Case+Study"
     Title Selecting hotel staff: why best practice does not always work
     Author ['C Lockyer', 'D Scholarios']
     Venue International Journal of Contemporary …
     Year 2004
     Abstract Although all hotels experienced the skill shortages, high turnover, and recruitment difficulties inherent to the hotel industry, the more holistic strategies appeared to present a more effective model for “best practice”. Two of the case study hotels are used here to illustrate these
     Url https://www.emerald.com/insight/content/doi/10.1108/09596110410520016/full/html


     Search term "Best+practice"+OR+"General+guidelines"+"Case+Study"
     Title Making sense of “best practice” in teaching history
     Author ['C Hartzler-Miller']
     Venue Theory & Research in Social Education
     Year 2001
     Abstract The study presented here takes mother look at history teachers' knowledge, beliefs, and school contexts in light of the effort to intro- duce historical inquiry as best practice. It is based on an intensive case study of a third-year history teacher, me of two teachers who partici- pated
     Url https://www.tandfonline.com/doi/abs/10.1080/00933104.2001.10505961

