Showing papers for search query "Best+practice"+OR+"General+guidelines"+"Case+Study"+"Hardware+simulation"

     Search term "Best+practice"+OR+"General+guidelines"+"Case+Study"+"Hardware+simulation"
     Title Energy neutral operation of vibration energy-harvesting sensor networks for bridge applications
     Author ['A Gaglione', 'D Rodenas-Herraiz', 'Y Jia', 'S Nawaz']
     Venue NA
     Year 2018
     Abstract Besides achieving energy neutral operation of a multihop sensor network in simulation for a certain set of applications, it provides general guidelines for designing and developing similar systems based on traffic-induced vibra- tions on bridges  LTspice hardware simulation
     Url http://publications.aston.ac.uk/id/eprint/38883/


     Search term "Best+practice"+OR+"General+guidelines"+"Case+Study"+"Hardware+simulation"
     Title Application Based Guidelines for Terrain Profile Resolution Requirements
     Author ['S Southward', 'S Schneider']
     Venue International …
     Year 2009
     Abstract The use of these guidelines will be demonstrated through an experimental case study of a vehicle driving  From the general guidelines in Figure 1, at a sample rate of 100 Hz, and at  achievable sample rate in either a numerical simulation or a real-time hardware simulation on a
     Url https://asmedigitalcollection.asme.org/IDETC-CIE/proceedings-abstract/IDETC-CIE2009/49033/913/341266


     Search term "Best+practice"+OR+"General+guidelines"+"Case+Study"+"Hardware+simulation"
     Title Better Software. Faster!: Best Practices in Virtual Prototyping
     Author ['T De Schutter']
     Venue NA
     Year 2014
     Abstract “Better Software. Faster!” nicely merges a practical overview of the benefits of virtual prototypes with best practice case studies from real users.” Stephan Lauterbach Lauterbach Not for resale  19 2.2.1. Case study: Texas Instruments (TI OMAP).... 20 2.3
     Url https://books.google.com/books?hl=es&lr=&id=0VHKAwAAQBAJ&oi=fnd&pg=PP1&dq=%22Best+practice%22+OR+%22General+guidelines%22+%22Case+Study%22+%22Hardware+simulation%22&ots=cw6Vv4FzfZ&sig=6h9FEUp4hHedXzgxkEvOotAwZY4


     Search term "Best+practice"+OR+"General+guidelines"+"Case+Study"+"Hardware+simulation"
     Title Safe adaptation of vehicle software systems
     Author ['M Hussein', 'R Nouacer', 'A Radermacher']
     Venue Microprocessors and …
     Year 2017
     Abstract JavaScript is disabled on your browser. Please enable JavaScript to use all the features on this page. Skip to main content Skip to article
     Url https://www.sciencedirect.com/science/article/pii/S0141933116304173


     Search term "Best+practice"+OR+"General+guidelines"+"Case+Study"+"Hardware+simulation"
     Title FPGA based Hardware-in-the-Loop Simulation for Digital Control of Power Converters using VHDL-AMS
     Author ['AD Benhamadouche', 'A Ballouti', 'F Djahli']
     Venue INTERNATIONAL …
     Year 2018
     Abstract of the presented approach are demonstrated through a practical case study of a  In different engineering systems such automotive, mechatronic or control systems, best practice for V&V  prototyping and VHDL-AMS modeling in an advanced software/hardware simulation platform
     Url http://13.233.42.234/Downloads/Volume9No12/Paper_73-FPGA_based_Hardware_in_the_Loop_Simulation.pdf


     Search term "Best+practice"+OR+"General+guidelines"+"Case+Study"+"Hardware+simulation"
     Title European white book on real-time power hardware in the loop testing: Derlab report no. r-005.0
     Author ['E de Jong', 'R de Graff', 'P Vassen', 'P Crolla', 'A Roscoe']
     Venue NA
     Year 2012
     Abstract The alternative to hardware testing has traditionally always been software simulation. This has very strong advantages over a pure hardware simulation as it is very flexible and has typically only a fraction of the eco- nomical costs
     Url https://strathprints.strath.ac.uk/id/eprint/43450


     Search term "Best+practice"+OR+"General+guidelines"+"Case+Study"+"Hardware+simulation"
     Title Product management: visualization technology and 3D simulator of Aker Solutions
     Author ['T Tongpradith']
     Venue NA
     Year 2014
     Abstract Aker Solutions is the industrial company that the author has chosen to be case study. The previous  systems. 2.1.2 Development of Visualization Technology System The advances in graphics and hardware simulation technology have significantly developed
     Url https://uis.brage.unit.no/uis-xmlui/handle/11250/220123


     Search term "Best+practice"+OR+"General+guidelines"+"Case+Study"+"Hardware+simulation"
     Title FPGA-based hardware-in-the-loop for multi-domain simulation
     Author ['AD Benhamadouche', 'F Djahli', 'A Ballouti']
     Venue International Journal of …
     Year 2019
     Abstract In different engineering systems, such as automotive, mechatronic or control systems, the best practice for V&V  the other hand, to test the developed plat- form, a practical case study of a  7. Parma GG, Dinavahi V., Real-time digital hardware simulation of power electronics and
     Url https://www.worldscientific.com/doi/abs/10.1142/S179396231950020X


     Search term "Best+practice"+OR+"General+guidelines"+"Case+Study"+"Hardware+simulation"
     Title Simulation of Automated File Migratoon in Information Lifecycle Management
     Author ['LA Turczyk', 'C Frei', 'M Behrens', 'N Liebau']
     Venue AMCIS 2008 …
     Year 2008
     Abstract of the probabilities is made according to our statistical results from observing file access in our second case study (Groepl et  COMPARISON OF MIGRATION RULES Industry best practice is to take a strategic view of storage architectures and determine the best solutions based
     Url https://aisel.aisnet.org/cgi/viewcontent.cgi?article=1407&context=amcis2008


     Search term "Best+practice"+OR+"General+guidelines"+"Case+Study"+"Hardware+simulation"
     Title The craft of system security
     Author ['S Smith', 'J Marchesini']
     Venue NA
     Year 2007
     Abstract Page 15. 11.1.6. Flaws in Standards 11.2. Policy Compliance 11.2.1. HIPAA 11.2.2. SOX 11.2.3. GLBA 11.2.4. Best Practice Frameworks 11.2.5. Audit 11.3  Case Study 17.3.1. The Context 17.3.2. The Problem 17.3.3. Techniques 17.3.4. Feature Set 17.3.5. Experiments 17.4
     Url https://books.google.com/books?hl=es&lr=&id=8fNz4cqWKKUC&oi=fnd&pg=PT29&dq=%22Best+practice%22+OR+%22General+guidelines%22+%22Case+Study%22+%22Hardware+simulation%22&ots=aVdm8GHbCd&sig=CS2XIFPBw3KB7rNS7WfYY4kvEMI

