Showing papers for search query "Best+practice"+OR+"General+guidelines"+"Continuous"+"DevOps"

     Search term "Best+practice"+OR+"General+guidelines"+"Continuous"+"DevOps"
     Title DevOps and the cost of downtime: Fortune 1000 best practice metrics quantified
     Author ['S Elliot']
     Venue International Data Corporation (IDC)
     Year 2014
     Abstract n = 30 Source: IDC's DevOps Best Practice Metrics: Fortune 1000 Survey, December 2014  Automation is a key investment area across both development and operations teams, as the notion of continuous delivery remains a focal point  Initiatives to Implement DevOps Projects
     Url http://www.smallake.kr/wp-content/uploads/2013/07/DevOps-metrics-Fortune1K.pdf


     Search term "Best+practice"+OR+"General+guidelines"+"Continuous"+"DevOps"
     Title New lessons for leaders about continuous innovation
     Author ['S Denning']
     Venue Strategy & Leadership
     Year 2015
     Abstract To answer the question, the author looks first at a primer, What is DevOps  To illustrate best practice the author looks at the case of Software developer Etsy  immediately – Within the broad strategic framework, the staff is authorized to proceed with continuous improvement
     Url https://www.emerald.com/insight/content/doi/10.1108/SL-11-2014-0083/full/html


     Search term "Best+practice"+OR+"General+guidelines"+"Continuous"+"DevOps"
     Title DevOps: continuous delivery, integration, and deployment with DevOps: dive into the core DevOps strategies
     Author ['S Vadapalli']
     Venue NA
     Year 2018
     Abstract Table of Contents Lesson 4: DevOps Continuous Deployment 87 Chef 90 Chef Landscape Components 90 Chef Server 91 Features of Chef Server 91 Chef Client on nodes 93 Ohai 94 Workstations 95 Chef Repo 95 Extended Features of Chef 98 Habitat 99 InSpec 99 Chef
     Url https://books.google.com/books?hl=en&lr=&id=N5RRDwAAQBAJ&oi=fnd&pg=PP1&dq=%22Best+practice%22+OR+%22General+guidelines%22+%22Continuous%22+%22DevOps%22&ots=vQ7Zkq2TyP&sig=e6_OSyW9MeScavkqChh4zxe0WYA


     Search term "Best+practice"+OR+"General+guidelines"+"Continuous"+"DevOps"
     Title Evidence-Based DevOps for Continuous Collaboration, Process, and Delivery
     Author ['WS Chung']
     Venue NA
     Year NA
     Abstract and to demonstrate how we can reengineer a given legacy software system to a DevOps-aware target software system that will support continuous collaboration process  Based Practice (EBP) to take care their patient effectively [4, 5]. EBP is a best practice underpinned by
     Url http://opensiuc.lib.siu.edu/cgi/viewcontent.cgi?article=1102&context=asars


     Search term "Best+practice"+OR+"General+guidelines"+"Continuous"+"DevOps"
     Title Continuous Testing in the Development of IoT Applications
     Author ['LG Guşeilă', 'DV Bratu', 'SA Moraru']
     Venue … International Conference on …
     Year 2019
     Abstract on making software applications very fast available - using a continuous integration, continuous deployment pipeline – while ensuring quality of software (QoS) using best practice testing methods and tools and enhancing the DevOps pipeline with continuous testing modules
     Url https://ieeexplore.ieee.org/abstract/document/9043692/


     Search term "Best+practice"+OR+"General+guidelines"+"Continuous"+"DevOps"
     Title Compliance at Velocity within a DevOps Environment
     Author ['MZ Abrahams', 'JJ Langerman']
     Venue 2018 Thirteenth International …
     Year 2018
     Abstract testing processes that lin, to information security standards, framewor,s and industry best practice  and processes into the delivery/deployment pipeline; and implementing continuous testing by  that traditional security measures and processes do not fit the DevOps methodology
     Url https://ieeexplore.ieee.org/abstract/document/8847007/


     Search term "Best+practice"+OR+"General+guidelines"+"Continuous"+"DevOps"
     Title Maximize the synergies between ITIL and DevOps
     Author ['A Orr']
     Venue BMC Software
     Year 2012
     Abstract For best-practice guidance, DevOps processes can turn to ITIL as the foundation architecture, referencing other standards and  as well as the key performance indicators created, these processes can give direction to further continuous service improvement for DevOps
     Url https://www.newhorizons.com/Portals/278/Documents/Maximize%20the%20Synergies%20Between%20ITIL%20and%20DevOps.pdf


     Search term "Best+practice"+OR+"General+guidelines"+"Continuous"+"DevOps"
     Title Continuous delivery and DevOps: a quickstart guide
     Author ['P Swartout']
     Venue NA
     Year 2012
     Abstract diverse teams Failure duringthe evolution Processesthatarenot repeatable Recruitment Summary 7. Measuring Successand Remaining Successful Measuring effectiveengineering best practice Codeversus comments  Page 8. Continuous Delivery and DevOps: A Quickstart
     Url https://books.google.com/books?hl=en&lr=&id=L-g6Qxb_43sC&oi=fnd&pg=PT17&dq=%22Best+practice%22+OR+%22General+guidelines%22+%22Continuous%22+%22DevOps%22&ots=edQ7EEWSI-&sig=vstqX1ziHCJlEv1sdSzce9v1ves


     Search term "Best+practice"+OR+"General+guidelines"+"Continuous"+"DevOps"
     Title Drupal 8 DevOps
     Author ['T Tomlinson']
     Venue Enterprise Drupal 8 Development
     Year 2017
     Abstract updates. Continuous delivery is the next best practice to implement. This DevOps solution takes the output of continuous integration and prepares and deploys the fully tested updates to the production environment. Microservices
     Url https://link.springer.com/chapter/10.1007/978-1-4842-0253-1_11


     Search term "Best+practice"+OR+"General+guidelines"+"Continuous"+"DevOps"
     Title An Agile Framework for ITS Management In Organizations: A Case Study Based on DevOps
     Author ['S Abdelkebir', 'Y Maleh', 'M Belaissaoui']
     Venue Proceedings of the 2nd …
     Year 2017
     Abstract Currently, with improved IT Service Management ITSM processes and the adoption of best practice guides and benchmarks such as ITIL [2]. Compliance appears to be a need rather than a strategic  2 a continuous improvement process based on DevOps (DevOps is the
     Url https://dl.acm.org/doi/abs/10.1145/3167486.3167556

