Showing papers for search query "Best+practice"+OR+"General+guidelines"+"Medical"

     Search term "Best+practice"+OR+"General+guidelines"+"Medical"
     Title “Best practice” for patient-centered communication: a narrative review
     Author ['A King', 'RB Hoppe']
     Venue Journal of graduate medical …
     Year 2013
     Abstract [Not Found]
     Url [Not Found]


     Search term "Best+practice"+OR+"General+guidelines"+"Medical"
     Title ECHO autism: A new model for training primary care providers in best-practice care for children with autism
     Author ['MO Mazurek', 'R Brown', 'A Curran', 'K Sohl']
     Venue Clinical Pediatrics
     Year 2017
     Abstract Children with autism spectrum disorder (ASD) have complex medical problems, yet they are at high risk for unmet health care needs. Primary care providers are perfectly positioned to meet these need...
     Url https://journals.sagepub.com/doi/abs/10.1177/0009922816648288


     Search term "Best+practice"+OR+"General+guidelines"+"Medical"
     Title The next generation of clinical decision support: linking evidence to best practice.
     Author ['R Wu', 'W Peters', 'MW Morgan']
     Venue Journal of healthcare information …
     Year 2002
     Abstract to best practice. Wu R(1), Peters W, Morgan MW. Author information: (1)Forrest General Hospital, USA. Growing evidence indicates that the integration of clinical decision support (CDS) into the computer-based patient record (CPR) can decrease medical errors, enhance
     Url https://www.ncbi.nlm.nih.gov/pubmed/12365300


     Search term "Best+practice"+OR+"General+guidelines"+"Medical"
     Title Interprofessional collaboration: three best practice models of interprofessional education
     Author ['DR Bridges', 'RA Davidson', 'P Soule Odegard']
     Venue Medical education …
     Year 2011
     Abstract Interprofessional education is a collaborative approach to develop healthcare students as future interprofessional team members and a recommendation suggested by the Institute of Medicine. Complex medical issues can be best addressed by interprofessional teams
     Url https://www.tandfonline.com/doi/abs/10.3402/meo.v16i0.6035


     Search term "Best+practice"+OR+"General+guidelines"+"Medical"
     Title From best evidence to best practice: effective implementation of change in patients' care
     Author ['R Grol', 'J Grimshaw']
     Venue The lancet
     Year 2003
     Abstract Lancet. Series. From best evidence to best practice: effective implementation of change in patients' care. Author  unclear. We aim to provide an overview of present knowledge about initiatives to changing medical practice. Substantial
     Url https://www.sciencedirect.com/science/article/pii/S0140673603145461


     Search term "Best+practice"+OR+"General+guidelines"+"Medical"
     Title Best practice guidelines for the management of frailty: a British Geriatrics Society, Age UK and Royal College of General Practitioners report
     Author ['G Turner', 'A Clegg']
     Venue Age and ageing
     Year 2014
     Abstract The British Geriatrics Society Fit for Frailty guideline is consensus best practice guidance for the management of frailty in community  Management of frailty The BGS recommends an holistic medical review based on the principles of comprehensive geriatric assessment (CGA
     Url https://academic.oup.com/ageing/article-abstract/43/6/744/10186


     Search term "Best+practice"+OR+"General+guidelines"+"Medical"
     Title Ethics and best practice guidelines for training experiences in global health
     Author ['JA Crump', 'J Sugarman']
     Venue The American journal of …
     Year 2010
     Abstract Best Practice Guidelines for Training Experiences in Global Health John A. Crump ,* and Jeremy Sugarman ,* and the Working Group on Ethics Guidelines for Global Health Training (WEIGHT) † Division of Infectious Diseases and International Health, Duke University Medical
     Url https://www.ajtmh.org/content/journals/10.4269/ajtmh.2010.10-0527


     Search term "Best+practice"+OR+"General+guidelines"+"Medical"
     Title Consensus development methods: a review of best practice in creating clinical guidelines
     Author ['N Black', 'M Murphy', 'D Lamping']
     Venue Journal of health …
     Year 1999
     Abstract Download Citation. Download article citation data for: Consensus Development Methods: A Review of Best Practice in Creating Clinical Guidelines. Nick Black, Maggie Murphy, Donna Lamping, Martin McKee, Colin Sanderson, Janet Askham, and Theresa Marteau
     Url https://journals.sagepub.com/doi/abs/10.1177/135581969900400410


     Search term "Best+practice"+OR+"General+guidelines"+"Medical"
     Title … (carcinoid) tumors: European Neuroendocrine Tumor Society expert consensus and recommendations for best practice for typical and atypical …
     Author ['ME Caplin', 'E Baudin', 'P Ferolla', 'P Filosso']
     Venue Annals of …
     Year 2015
     Abstract [Not Found]
     Url [Not Found]


     Search term "Best+practice"+OR+"General+guidelines"+"Medical"
     Title Best-practice protocols: VAP prevention
     Author ['B Evans']
     Venue Nursing Management
     Year 2005
     Abstract A standardized approach to care delivery helps intensive care units reduce VAP care complications.
     Url https://journals.lww.com/nursingmanagement/Fulltext/2005/12000/Best_practice_protocols__VAP_prevention.4.aspx

