Showing papers for search query "Best+practice"+OR+"General+guidelines"+"Cyber-physical+system"+OR+"Industrial+control+system"+OR+"ICS"+OR+"SCADA"+OR+"Distributed+control+system"+OR+"DCS"+"Traceability"

     Search term "Best+practice"+OR+"General+guidelines"+"Cyber-physical+system"+OR+"Industrial+control+system"+OR+"ICS"+OR+"SCADA"+OR+"Distributed+control+system"+OR+"DCS"+"Traceability"
     Title OWL representation of the geologic timescale implementing stratigraphic best practice
     Author ['SJ Cox']
     Venue AGUFM
     Year 2011
     Abstract the ontology is directly derived from the UML representation of the ICS best practice proposed by  http://www.geosciml.org); this includes links to GSSPs as per the ICS process - key  elements in SWEET (Raskin et al., 2011) and DBpedia to support traceability between different
     Url https://ui.adsabs.harvard.edu/abs/2011AGUFMIN31B1440C/abstract


     Search term "Best+practice"+OR+"General+guidelines"+"Cyber-physical+system"+OR+"Industrial+control+system"+OR+"ICS"+OR+"SCADA"+OR+"Distributed+control+system"+OR+"DCS"+"Traceability"
     Title Experiences from Practice and Projects
     Author ['M Chuprunov']
     Venue Auditing and GRC Automation in SAP
     Year 2013
     Abstract 16.4.1). Mass uploads of new ICS content may also be necessary. Traceability of changes  Adjusting the authorization roles. The existing standard roles link the ICS objects to the ICS activities to form a best practice ICS process in SAP Process Control
     Url https://link.springer.com/chapter/10.1007/978-3-642-35302-4_18


     Search term "Best+practice"+OR+"General+guidelines"+"Cyber-physical+system"+OR+"Industrial+control+system"+OR+"ICS"+OR+"SCADA"+OR+"Distributed+control+system"+OR+"DCS"+"Traceability"
     Title Comparison between Inmetro (Brazil) and CENAM (Mexico) on barometric pressure, range from 80 kpa up to 115 kpa
     Author ['', 'IL Bezerra', 'WS Silva', 'TM Fernandes', 'ICS Carvalho']
     Venue NA
     Year 2006
     Abstract 2.3 General Guidelines and Procedure  Model: PG-7607 Serial number of pressure balance: 122 Serial number of piston cylinder assembly: 231 Serial number of mass set: 2003/2004 Range: 2,5 kPa to 175 kPa Accuracy class: 0,002 % of reading Traceability: Dimensional and
     Url http://repostorio.bom.org.br:8080/jspui/handle/123456789/1468


     Search term "Best+practice"+OR+"General+guidelines"+"Cyber-physical+system"+OR+"Industrial+control+system"+OR+"ICS"+OR+"SCADA"+OR+"Distributed+control+system"+OR+"DCS"+"Traceability"
     Title A security architectural pattern for risk management of industry control systems within critical national infrastructure
     Author ['A Wood', 'Y He', 'LA Maglaras']
     Venue International Journal of …
     Year 2017
     Abstract formal verification techniques and their application to cyber security, SCADA and industrial control system security as well  NIST SP 800-82 does an excellent job of providing best practice guidance for each of the various aspects of securing ICS/SCADA networks, however, it
     Url https://www.inderscienceonline.com/doi/abs/10.1504/IJCIS.2017.088229


     Search term "Best+practice"+OR+"General+guidelines"+"Cyber-physical+system"+OR+"Industrial+control+system"+OR+"ICS"+OR+"SCADA"+OR+"Distributed+control+system"+OR+"DCS"+"Traceability"
     Title Best practice dewaxing
     Author ['H Pickard']
     Venue Foundry Trade Journal International
     Year 2011
     Abstract a straightforward guide to what those standards should be and the best practice LBBC Technologies  is offered with various levels of performance measurement right up to advanced SCADA and batch  Beyond that, the data is primarily used for traceability and process analysis
     Url https://blayson.com/wp-content/uploads/2020/05/2011-LBBC-Technologies-Best-Practice-Dewaxing.pdf


     Search term "Best+practice"+OR+"General+guidelines"+"Cyber-physical+system"+OR+"Industrial+control+system"+OR+"ICS"+OR+"SCADA"+OR+"Distributed+control+system"+OR+"DCS"+"Traceability"
     Title Integrating industrial control system (ICS) safety and security-a potential approach
     Author ['A Ellis']
     Venue NA
     Year 2015
     Abstract INTEGRATING INDUSTRIAL CONTROL SYSTEM (ICS)  An operating entity defines their own set in accordance with Standards and best practice appropriate to their industry  The bodies researching ICS security need to move into a delivery phase and co-ordinate efforts
     Url https://digital-library.theiet.org/content/conferences/10.1049/cp.2015.0294


     Search term "Best+practice"+OR+"General+guidelines"+"Cyber-physical+system"+OR+"Industrial+control+system"+OR+"ICS"+OR+"SCADA"+OR+"Distributed+control+system"+OR+"DCS"+"Traceability"
     Title Natural gas—Guidelines to traceability in analysis D| N (| so14111; 1997)—
     Author ['DIEN June']
     Venue NA
     Year NA
     Abstract [Not Found]
     Url [Not Found]


     Search term "Best+practice"+OR+"General+guidelines"+"Cyber-physical+system"+OR+"Industrial+control+system"+OR+"ICS"+OR+"SCADA"+OR+"Distributed+control+system"+OR+"DCS"+"Traceability"
     Title Remote access for critical environments
     Author ['S Gray']
     Venue IET Conference Proceedings
     Year 2016
     Abstract 3 Remote Access – why do we need it? The key attribute of a SCADA system is availability  To work closer with the UK Gov's NCSC (National Cyber Security Centre) and other utilities/CNI folk - share best practice  SABSA – traceability/policy domains (one size does not fit all)
     Url http://search.proquest.com/openview/2d550cb87887dd7631054d9b5e0c60b2/1?pq-origsite=gscholar&cbl=1936365


     Search term "Best+practice"+OR+"General+guidelines"+"Cyber-physical+system"+OR+"Industrial+control+system"+OR+"ICS"+OR+"SCADA"+OR+"Distributed+control+system"+OR+"DCS"+"Traceability"
     Title Protecting critical control systems
     Author ['R Brewer']
     Venue Network Security
     Year 2012
     Abstract of malware being used to enable cyber-espionage and the subversion of an industrial control system  infrastructure may not be possible as it could impair typical best-practice security design  can sophisticated and subtle hacks attempting to gain control of SCADA systems be
     Url https://www.sciencedirect.com/science/article/pii/S1353485812700442


     Search term "Best+practice"+OR+"General+guidelines"+"Cyber-physical+system"+OR+"Industrial+control+system"+OR+"ICS"+OR+"SCADA"+OR+"Distributed+control+system"+OR+"DCS"+"Traceability"
     Title Standards for hardware security
     Author ['U Guin', 'N Asadizanjani', 'M Tehranipoor']
     Venue GetMobile: Mobile Computing …
     Year 2019
     Abstract cti-us.com/CCAP.htm) and IDEA- STD-1010 (https://www.idofea.org/idea-std- 1010-inspection- standard) – are in practice, which provides guidance to detecting counterfeit ICs  Second, enabling traceability of parts is challenging  1735 recommends the best practice to protect IPs
     Url https://dl.acm.org/doi/abs/10.1145/3351422.3351424

