Showing papers for search query "Best+practice"+OR+"General+guidelines"+"FDA+Requirements"+"Traceability"

     Search term "Best+practice"+OR+"General+guidelines"+"FDA+Requirements"+"Traceability"
     Title Analysis of “Capillary and Venous Blood Glucose Accuracy in Blood Glucose Meters Versus Reference Standards: The Impact of Study Design on Accuracy …
     Author ['GH Thorpe']
     Venue Journal of diabetes science and technology
     Year 2019
     Abstract The article by Macleod and coauthors outlines an accuracy study of two blood glucose monitoring systems (BGMSs) against glucose-oxidase- and hexokinase-based assays showing how the reference/compar...
     Url https://journals.sagepub.com/doi/abs/10.1177/1932296818799365


     Search term "Best+practice"+OR+"General+guidelines"+"FDA+Requirements"+"Traceability"
     Title The high cost of product recall
     Author ['C Gunther']
     Venue online] http://www. vigilistics. com/pdf/The% 20Cost …
     Year 2010
     Abstract The traceability and regulatory records are free to evolve with best practice and reg  Their data collection processes and systems will be highly repeatable across the enterprise, enabling a fundamentally simpler validation approach to the emerging FDA requirements, and to
     Url http://www.vigilistics.com/assets/doc/whitepapers/WP_HighCostofRecall.pdf


     Search term "Best+practice"+OR+"General+guidelines"+"FDA+Requirements"+"Traceability"
     Title Medical device standards' requirements for traceability during the software development lifecycle and implementation of a traceability assessment model
     Author ['G Regan', 'F Mc Caffery', 'K Mc Daid', 'D Flood']
     Venue Computer Standards & …
     Year 2013
     Abstract requirement for relevant training and the ability to record and leverage best practice with regard to  considered necessary for safety of the medical device software while the FDA requirements are both  Future work in this area is to develop a traceability process which will facilitate
     Url https://www.sciencedirect.com/science/article/pii/S0920548913000780


     Search term "Best+practice"+OR+"General+guidelines"+"FDA+Requirements"+"Traceability"
     Title Global Software Engineering Research in a Small Country.
     Author ['K Ryan']
     Venue ICECCS
     Year 2008
     Abstract compliance and the use of best practice that can be  Software Description Device Hazard and Risk Analysis Software Requirements Specification Architecture Design Design Specifications Requirements Traceability Analysis Development  be Mapped to the FDA Requirements
     Url https://www.researchgate.net/profile/Kevin_Ryan19/publication/4331119_Global_Software_Engineering_Research_in_a_Small_Country/links/556f745408aec226830aab42.pdf


     Search term "Best+practice"+OR+"General+guidelines"+"FDA+Requirements"+"Traceability"
     Title ISA-95 inside
     Author ['E Fussell']
     Venue InTech
     Year 2005
     Abstract "The problem is most manufactures don't have time to lift their own specific experience to general guidelines to be helpful for other customers," he said. Part 3 and FDA requirements. Because of new FDA requirements for tracking and traceability, the Bioterrorism Act says if the
     Url https://isajobs.isa.org/standards-and-publications/isa-publications/intech-magazine/2005/january/standards-isa-95-inside/


     Search term "Best+practice"+OR+"General+guidelines"+"FDA+Requirements"+"Traceability"
     Title Application software configuration management testing in a pharmaceutical laboratory automation environment
     Author ['TF Linehan']
     Venue 1988 Conference on Software Maintenance
     Year 1988
     Abstract The ,US ,Traceability to back  addresses ,the specific ,topics ,of change ,control ,and application configuration management ,in a ,mini/micro/mainframe computer environment, ,as ,influenced by ,the FDA's ,requirements  The RSP ,RPMs ,contain ,general guidelines ,for software
     Url https://www.computer.org/csdl/proceedings-article/icsm/1988/00010159/12OmNwHhoWk


     Search term "Best+practice"+OR+"General+guidelines"+"FDA+Requirements"+"Traceability"
     Title Benchmarking best practices in aerospace sector for the qualification and validation of medical devices
     Author ['H Chen Chen']
     Venue NA
     Year 2012
     Abstract 72 5.5.4. Identification and traceability ..... 73 5.5.5. ERP ..... 75  14 Figure 2.7. Search for the Best Practice..... 17 Figure 2.8
     Url https://dspace.lib.cranfield.ac.uk/handle/1826/7865


     Search term "Best+practice"+OR+"General+guidelines"+"FDA+Requirements"+"Traceability"
     Title Gathering Evidence for the Safety Case
     Author ['A Stavert-Dobson']
     Venue Health Information Systems
     Year 2016
     Abstract a combination of requirements, engineered controls, test material and some traceability is sufficient to  into complying with Standard ISO 62366:2007 [3] or specific FDA requirements [4]. These  be encouraged to adopt consistent behaviours and develop a culture of best practice
     Url https://link.springer.com/chapter/10.1007/978-3-319-26612-1_17


     Search term "Best+practice"+OR+"General+guidelines"+"FDA+Requirements"+"Traceability"
     Title A Review on applications of GAMP-5 in Pharmaceutical Industries
     Author ['P Lalasa', 'N Vishal Gupta', 'HV Raghunandan']
     Venue Int. J. Drug Dev. & …
     Year 2013
     Abstract companies should use these guidelines along with other guidelines and industry best practice to  or batch of products. For the purposes of traceability, it is necessary to  measurements made are reliable. To satisfy FDA requirements, all data from
     Url https://www.researchgate.net/profile/N_Vishal_Gupta/publication/263657437_A_Review_on_applications_of_GAMP_-5_in_Pharmaceutical_Industries/links/55dc934908aec156b9b1836a/A-Review-on-applications-of-GAMP-5-in-Pharmaceutical-Industries.pdf


     Search term "Best+practice"+OR+"General+guidelines"+"FDA+Requirements"+"Traceability"
     Title Integration of biostatistics and pharmacometrics computing platforms for efficient and reproducible PK/PD analysis: A case study
     Author ['YC Ou', 'A Lo', 'B Lee', 'P Liu', 'K Kimura']
     Venue The Journal of …
     Year 2013
     Abstract This is a comprehensive process of documentation and testing that must conform to current FDA requirements including those covered in the US Code of Federal  Maintaining traceability and reproducibility of data and models should be considered best practice
     Url https://accp1.onlinelibrary.wiley.com/doi/abs/10.1002/jcph.157

