Showing papers for search query "Best+practice"+OR+"General+guidelines"+"Cyber-physical+system"+OR+"Industrial+control+system"+OR+"ICS"+OR+"SCADA"+OR+"Distributed+control+system"+OR+"DCS"+"FDA+Requirements"

     Search term "Best+practice"+OR+"General+guidelines"+"Cyber-physical+system"+OR+"Industrial+control+system"+OR+"ICS"+OR+"SCADA"+OR+"Distributed+control+system"+OR+"DCS"+"FDA+Requirements"
     Title A Review on applications of GAMP-5 in Pharmaceutical Industries
     Author ['P Lalasa', 'N Vishal Gupta', 'HV Raghunandan']
     Venue Int. J. Drug Dev. & …
     Year 2013
     Abstract companies should use these guidelines along with other guidelines and industry best practice to Covered in Scopus & Embase, Elsevier Int  complex Distributed Control System (DCS). It shows  measurements made are reliable. To satisfy FDA requirements, all data from
     Url https://www.researchgate.net/profile/N_Vishal_Gupta/publication/263657437_A_Review_on_applications_of_GAMP_-5_in_Pharmaceutical_Industries/links/55dc934908aec156b9b1836a/A-Review-on-applications-of-GAMP-5-in-Pharmaceutical-Industries.pdf


     Search term "Best+practice"+OR+"General+guidelines"+"Cyber-physical+system"+OR+"Industrial+control+system"+OR+"ICS"+OR+"SCADA"+OR+"Distributed+control+system"+OR+"DCS"+"FDA+Requirements"
     Title Global Software Engineering Research in a Small Country.
     Author ['K Ryan']
     Venue ICECCS
     Year 2008
     Abstract electric electronic w/o ICs sensors ICs software CAGR 2002-2015 [%] 7,3 4 -2 7 10 13  improvement framework, implemented with regulatory compliance and the use of best practice that can be  be Mapped to the FDA Requirements McCaffery.F, Coleman
     Url https://www.researchgate.net/profile/Kevin_Ryan19/publication/4331119_Global_Software_Engineering_Research_in_a_Small_Country/links/556f745408aec226830aab42.pdf


     Search term "Best+practice"+OR+"General+guidelines"+"Cyber-physical+system"+OR+"Industrial+control+system"+OR+"ICS"+OR+"SCADA"+OR+"Distributed+control+system"+OR+"DCS"+"FDA+Requirements"
     Title Auditing and GRC Automation in SAP
     Author ['M Chuprunov', 'R Bachmann', 'A Nowatzki']
     Venue NA
     Year 2013
     Abstract is irrelevant for you, you will certainly have thought about designing the ICS efficiently: the experiences of other organizations in handling ICS and compliance  Günther Emmenegger (SAP Schweiz AG) wrote the chap- ter on mapping FDA-requirements in the SAP environment
     Url https://link.springer.com/content/pdf/10.1007/978-3-642-35302-4.pdf


     Search term "Best+practice"+OR+"General+guidelines"+"Cyber-physical+system"+OR+"Industrial+control+system"+OR+"ICS"+OR+"SCADA"+OR+"Distributed+control+system"+OR+"DCS"+"FDA+Requirements"
     Title Practical batch process management
     Author ['M Barker', 'J Rawtani']
     Venue NA
     Year 2004
     Abstract for Industry (David Bailey) Practical SCADA for Industry  Practical Industrial Data Communications: Best Practice Techniques (Deon  8.1 Introduction.....70 8.2 Programming PLCs/DCS
     Url https://books.google.com/books?hl=fr&lr=&id=kj2pduabhN4C&oi=fnd&pg=PP1&dq=%22Best+practice%22+OR+%22General+guidelines%22+%22Cyber-physical+system%22+OR+%22Industrial+control+system%22+OR+%22ICS%22+OR+%22SCADA%22+OR+%22Distributed+control+system%22+OR+%22DCS%22+%22FDA+Requirements%22&ots=cgHBJqyn8H&sig=Mdw-wcsVr1PdUsmjdgY5Hxam_5Y


     Search term "Best+practice"+OR+"General+guidelines"+"Cyber-physical+system"+OR+"Industrial+control+system"+OR+"ICS"+OR+"SCADA"+OR+"Distributed+control+system"+OR+"DCS"+"FDA+Requirements"
     Title Strategies for pediatric drug evaluation: a view from the trenches
     Author ['JT Wilson']
     Venue Drug information journal
     Year 1996
     Abstract Commission for the Protection of Human Subjects (PL93-384) DHHS Regulations, AAP and FDA report on general guidelines National Commission  bution are invariate 4. Accuracy of drug concentrations in serum 5. Data reasonably define the pharmacokinet- ics phase in
     Url https://journals.sagepub.com/doi/abs/10.1177/009286159603000434


     Search term "Best+practice"+OR+"General+guidelines"+"Cyber-physical+system"+OR+"Industrial+control+system"+OR+"ICS"+OR+"SCADA"+OR+"Distributed+control+system"+OR+"DCS"+"FDA+Requirements"
     Title The views of Directors of Children's Services and head teachers in relation to educating children below their expected National Curriculum year group
     Author ['D Nugent']
     Venue NA
     Year 2008
     Abstract the inclusion agenda. The role of head teachers, DCS and Educational Psychologists are discussed in respect of developing best practice strategies for children most likely to be considered for retention. 8 Page 11. Declaration
     Url http://search.proquest.com/openview/4c76bf713b3c297151a41cdc6140632f/1?pq-origsite=gscholar&cbl=2026366&diss=y


     Search term "Best+practice"+OR+"General+guidelines"+"Cyber-physical+system"+OR+"Industrial+control+system"+OR+"ICS"+OR+"SCADA"+OR+"Distributed+control+system"+OR+"DCS"+"FDA+Requirements"
     Title Regulation of next generation sequencing
     Author ['GH Javitt', 'KS Carner']
     Venue The Journal of Law, Medicine & Ethics
     Year 2014
     Abstract is intended to be used for such purposes.”76 It also states that, if a manufacturer of an RUO IVD becomes aware that one of its customers is using the product for clinical diagnosis, the manufac- turer should “halt” sales to the customer or “comply with FDA requirements for IVD
     Url https://onlinelibrary.wiley.com/doi/abs/10.1111/jlme.12159


     Search term "Best+practice"+OR+"General+guidelines"+"Cyber-physical+system"+OR+"Industrial+control+system"+OR+"ICS"+OR+"SCADA"+OR+"Distributed+control+system"+OR+"DCS"+"FDA+Requirements"
     Title 11The Traveling Patient
     Author ['F Olmstead']
     Venue NA
     Year 2010
     Abstract Program content is developed in combination with PriCara®. Speakers are paid to present on behalf of the company and are required to present information about its medicines in compliance with FDA requirements. December 2009 02R09190R1
     Url http://nmtravelhealth.com/the-traveling-patient/images/JUCMArticle-Feb-2010.pdf


     Search term "Best+practice"+OR+"General+guidelines"+"Cyber-physical+system"+OR+"Industrial+control+system"+OR+"ICS"+OR+"SCADA"+OR+"Distributed+control+system"+OR+"DCS"+"FDA+Requirements"
     Title Revisiting “The Fruits of Genomics”: How the Biopharma Industry Lost But Is Now Regaining its Productivity
     Author ['AR Leheny', 'EW Roberts']
     Venue Journal of Applied Corporate …
     Year 2015
     Abstract on the cutting edge with respect to research. In the eight- ies and early nineties, each of these companies was viewed as a model of best practice in the pharmaceutical research arena. While in the past 15 years, each company
     Url https://onlinelibrary.wiley.com/doi/abs/10.1111/jacf.12128


     Search term "Best+practice"+OR+"General+guidelines"+"Cyber-physical+system"+OR+"Industrial+control+system"+OR+"ICS"+OR+"SCADA"+OR+"Distributed+control+system"+OR+"DCS"+"FDA+Requirements"
     Title PMF NEWSLETTER
     Author ['AY Interested']
     Venue NA
     Year NA
     Abstract The published literature extends these observations to include a greater diversity of products from aerosol saline eye wash [24] to antiseptics and antibiotics [25, 26], as well as validating that microbiological contamination of cosmet- ics is of global concern [27, 28, 29]
     Url http://citeseerx.ist.psu.edu/viewdoc/download?doi=10.1.1.686.7882&rep=rep1&type=pdf

