Showing papers for search query "Case+Study"+"Continuous"+"FDA+Requirements"

     Search term "Case+Study"+"Continuous"+"FDA+Requirements"
     Title Introducing agile practices in a documentation-driven software development practice: a case study
     Author ['LT Heeager']
     Venue Journal of Information Technology Case and …
     Year 2012
     Abstract Short iterations, multi-disciplinary teams, knowledge sharing and continuous integration allow  RESEARCH APPROACH This is a longitudinal, interpretive single case study (51) of  The interview guide included the subjects: FDA requirements, agile software development, the
     Url https://www.tandfonline.com/doi/abs/10.1080/15228053.2012.10845693


     Search term "Case+Study"+"Continuous"+"FDA+Requirements"
     Title Army Antimalarial Drug Development: An Advanced Development Case Study for Tafenoquine
     Author ['VE Zottig', 'KA Carr', 'JG Clarke', 'MJ Shmuklarsky']
     Venue Military …
     Year 2020
     Abstract Deitrick, MS, Army Antimalarial Drug Development: An Advanced Development Case Study for Tafenoquine  protect deployed US service members, USAMRMC maintains a continuous antimalarial drug pipeline that adheres to both DoD acquisition and FDA requirements
     Url https://academic.oup.com/milmed/article-abstract/185/Supplement_1/617/5740680


     Search term "Case+Study"+"Continuous"+"FDA+Requirements"
     Title Successful collaborative software projects for medical devices in an FDA regulated environment: myth or reality?
     Author ['S Sudershana', 'A Villca-Roque']
     Venue … Conference on Global …
     Year 2007
     Abstract used by scientists for the development of IVD tests and was already compliant with FDA requirements [9, 10  Additional activities typical in an FDA regulated environment, such as continuous risk evaluation and mitigation  In case study 1, the development group (group A) had
     Url https://ieeexplore.ieee.org/abstract/document/4299857/


     Search term "Case+Study"+"Continuous"+"FDA+Requirements"
     Title Development of a validation and qualification process for the manufacturing of medical devices: a case study based on cross-sector benchmarking
     Author ['Y Xu', 'A Tiwari', 'HC Chen']
     Venue International Journal of …
     Year 2018
     Abstract CJ (2018) 'Development of a validation and qualification process for the manufacturing of medical devices: a case study based on cross  work experience in the fields of CAD and CAM software development, manufacturing-line optimisation and continuous improvement projects
     Url https://www.inderscienceonline.com/doi/abs/10.1504/IJPMB.2018.088658


     Search term "Case+Study"+"Continuous"+"FDA+Requirements"
     Title The impacts of a formal quality management system: a case study of implementing ISO 9000 at Farmers Cooperative Co., Iowa
     Author ['CM Laux']
     Venue NA
     Year 2007
     Abstract Administration (FDA) requirements of food traceability, and increased monetary value of  More recently, a case study of implementing ISO 9001:2000 at a large grain elevator  continuous improvement in practices to agribusiness (Clause, 2003). ISO would bring an
     Url https://lib.dr.iastate.edu/rtd/15941/


     Search term "Case+Study"+"Continuous"+"FDA+Requirements"
     Title Developing an effective post-market quality assurance program that ensures patient and user safety, FDA compliance, and continuous product improvement
     Author ['M Irish']
     Venue NA
     Year 2012
     Abstract PROGRAM THAT ENSURES PATIENT AND USER SAFETY, FDA COMPLIANCE, AND CONTINUOUS PRODUCT IMPROVEMENT A Thesis Presented to the Faculty of  device business, as well as the corresponding FDA requirements that pertain to post- market quality
     Url http://search.proquest.com/openview/a7628a184a3171259bfe1442069c4456/1?pq-origsite=gscholar&cbl=18750&diss=y


     Search term "Case+Study"+"Continuous"+"FDA+Requirements"
     Title Noncompliance within the pharmaceutical industry: A phenomenological case study
     Author ['R Pathak']
     Venue NA
     Year 2007
     Abstract Page 31. 16 Organizations become more effective and profitable when the individuals of that organization perform their daily tasks without constant supervision, or continuous monitoring  The goal of this phenomenological qualitative case study was to identify the common
     Url http://search.proquest.com/openview/965d54823f36d03c15ea9e125c73c214/1?pq-origsite=gscholar&cbl=18750&diss=y


     Search term "Case+Study"+"Continuous"+"FDA+Requirements"
     Title Review of the current state of whole slide imaging in pathology
     Author ['L Pantanowitz', 'PN Valenstein', 'AJ Evans']
     Venue Journal of pathology …
     Year 2011
     Abstract 4] Unless significant modifications to workflow are made centered around digital pathology (eg automation, continuous flow processes  In addition to FDA requirements, the Clinical Laboratory Improvement Amendments (CLIA) impacts clinical laboratories using WSI systems
     Url https://www.ncbi.nlm.nih.gov/pmc/articles/pmc3162745/


     Search term "Case+Study"+"Continuous"+"FDA+Requirements"
     Title LOT HISTORY RECORD STREAMLINE: A CASE STUDY
     Author ['IM Frontera', 'M Campus']
     Venue NA
     Year NA
     Abstract This has been part of their continuous improvement philosophy. This case study illustrates one project related to the reduction of manual entries using Process Excellence tools  Based on the Federal Drug and Administration (FDA) requirements, each lot needs to have a Lot
     Url http://ceajournal.metro.inter.edu/spring07/frontera0301.pdf


     Search term "Case+Study"+"Continuous"+"FDA+Requirements"
     Title Supporting medical device development: a standard product design process model
     Author ['LA Medina', 'GEO Kremer', 'RA Wysk']
     Venue Journal of Engineering …
     Year 2013
     Abstract evaluate FDA regulations for drugs and medical devices that involve nanobiotechnology using a historical case study approach. They conclude that: (1) the FDA is more reactive than proactive, making changes largely in response to problems; (2) the continuous creation of new
     Url https://www.tandfonline.com/doi/abs/10.1080/09544828.2012.676635

