Showing papers for search query "Case+Study"+"Continuous"+"Cyber-physical+system"+OR+"Industrial+control+system"+OR+"ICS"+OR+"SCADA"+OR+"Distributed+control+system"+OR+"DCS"

     Search term "Case+Study"+"Continuous"+"Cyber-physical+system"+OR+"Industrial+control+system"+OR+"ICS"+OR+"SCADA"+OR+"Distributed+control+system"+OR+"DCS"
     Title Continuous collaboration: A case study on the development of an adaptive cyber-physical system
     Author ['M Hölzl', 'T Gabor']
     Venue 2015 IEEE/ACM 1st International Workshop …
     Year 2015
     Abstract The need to interact with complex environments that are often not well understood at design time makes the development of smart cyber-physical systems (sCPS) a challenging endeavor. We propose a set of practices and tools that support the design and
     Url https://ieeexplore.ieee.org/abstract/document/7173939/


     Search term "Case+Study"+"Continuous"+"Cyber-physical+system"+OR+"Industrial+control+system"+OR+"ICS"+OR+"SCADA"+OR+"Distributed+control+system"+OR+"DCS"
     Title A mixed discrete-continuous optimization scheme for cyber-physical system architecture exploration
     Author ['J Finn', 'P Nuzzo']
     Venue 2015 IEEE/ACM …
     Year 2015
     Abstract for Cyber-Physical System Architecture Exploration  The sizing routine optimizes over the continuous parameters using simulation to evaluate the physical models and to  We demonstrate the effectiveness of our methodology on an industrial case study, namely an aircraft
     Url https://ieeexplore.ieee.org/abstract/document/7372573/


     Search term "Case+Study"+"Continuous"+"Cyber-physical+system"+OR+"Industrial+control+system"+OR+"ICS"+OR+"SCADA"+OR+"Distributed+control+system"+OR+"DCS"
     Title Case study on the differences between EMI resilience of analog ICs against continuous wave, modulated and transient disturbances
     Author ['MB Baran', 'W Dehaene', 'H Pues']
     Venue 2015 10th International …
     Year 2015
     Abstract Transient disturbance signals are getting more and more attention lately (eg in the automotive industry). Electromagnetic compatibility (EMC) at IC level so far focused on continuous wave (CW) disturbances and how to deal with them, but transient phenomena
     Url https://ieeexplore.ieee.org/abstract/document/7358358/


     Search term "Case+Study"+"Continuous"+"Cyber-physical+system"+OR+"Industrial+control+system"+OR+"ICS"+OR+"SCADA"+OR+"Distributed+control+system"+OR+"DCS"
     Title Rethinking security properties, threat models, and the design space in sensor networks: A case study in SCADA systems
     Author ['AA Cardenas', 'T Roosta', 'S Sastry']
     Venue Ad Hoc Networks
     Year 2009
     Abstract threat models, and the design space in sensor networks: A case study in SCADA  A typical configuration of a sensor network for SCADA; (b) general SCADA network layout  the deployment of sensors is beneficial for the operation of an industrial control system, deploying wireless
     Url https://www.sciencedirect.com/science/article/pii/S1570870509000468


     Search term "Case+Study"+"Continuous"+"Cyber-physical+system"+OR+"Industrial+control+system"+OR+"ICS"+OR+"SCADA"+OR+"Distributed+control+system"+OR+"DCS"
     Title Distributed continuous process simulation: An industrial case study
     Author ['RA Santos', 'JE Normey-Rico', 'AM Gómez']
     Venue Computers & Chemical …
     Year 2008
     Abstract 4. An industrial scale case study  for the depuration, the biggest in terms of computation because it involves a lot of mixed continuous and batch  of the simulator includes, besides the distributed simulation, a supervisor control and data acquisition system (SCADA) (Alves, Normey
     Url https://www.sciencedirect.com/science/article/pii/S0098135407001135


     Search term "Case+Study"+"Continuous"+"Cyber-physical+system"+OR+"Industrial+control+system"+OR+"ICS"+OR+"SCADA"+OR+"Distributed+control+system"+OR+"DCS"
     Title Continuous cerebral hemodynamic measurement during deep hypothermic circulatory arrest
     Author ['DR Busch', 'CG Rusin', 'W Miller-Hance']
     Venue Biomedical optics …
     Year 2016
     Abstract These continuous data permit evaluation of the impact of individual interventions on cerebral blood flow. To our knowledge, this case study is the first demonstration of DCS blood flow monitoring during cardiac or neonatal surgery. Vol. 7, No
     Url https://www.osapublishing.org/abstract.cfm?uri=boe-7-9-3461


     Search term "Case+Study"+"Continuous"+"Cyber-physical+system"+OR+"Industrial+control+system"+OR+"ICS"+OR+"SCADA"+OR+"Distributed+control+system"+OR+"DCS"
     Title Characteristics and formation mechanism of continuous hazes in China: a case study during the autumn of 2014 in the North China Plain
     Author ['YR Yang', 'XG Liu', 'Y Qu', 'JL An', 'R Jiang']
     Venue … Chemistry and Physics
     Year 2015
     Abstract acp-15-8165-2015 © Author(s) 2015. CC Attribution 3.0 License. Characteristics and formation mechanism of continuous hazes in China: a case study during the autumn of 2014 in the North China Plain YR Yang1, XG Liu1
     Url http://citeseerx.ist.psu.edu/viewdoc/download?doi=10.1.1.739.336&rep=rep1&type=pdf


     Search term "Case+Study"+"Continuous"+"Cyber-physical+system"+OR+"Industrial+control+system"+OR+"ICS"+OR+"SCADA"+OR+"Distributed+control+system"+OR+"DCS"
     Title Applications of object-oriented Bayesian networks for condition monitoring, root cause analysis and decision support on operation of complex continuous processes
     Author ['G Weidl', 'AL Madsen', 'S Israelson']
     Venue Computers & chemical engineering
     Year 2005
     Abstract in the industrial IT platform for efficient data exchange with distributed control system (DCS) and various IT  soft interval states to represent the most characteristic values of a continuous signal during  A case study on digester process operation (Weidl et al., 2005) has been the
     Url https://www.sciencedirect.com/science/article/pii/S009813540500133X


     Search term "Case+Study"+"Continuous"+"Cyber-physical+system"+OR+"Industrial+control+system"+OR+"ICS"+OR+"SCADA"+OR+"Distributed+control+system"+OR+"DCS"
     Title Engineering insights from an anthropocentric cyber-physical system: A case study for an assembly station
     Author ['BC Pirvu', 'CB Zamfirescu', 'D Gorecky']
     Venue Mechatronics
     Year 2016
     Abstract Engineering insights from an anthropocentric cyber-physical system: A case study for an assembly station  For that reason, in [59] we defined the anthropocentric cyber-physical system (ACPS) as a  of labor among the ACPS components as a result of their continuous interactions
     Url https://www.sciencedirect.com/science/article/pii/S095741581500152X


     Search term "Case+Study"+"Continuous"+"Cyber-physical+system"+OR+"Industrial+control+system"+OR+"ICS"+OR+"SCADA"+OR+"Distributed+control+system"+OR+"DCS"
     Title A log mining approach for process monitoring in SCADA
     Author ['D Hadžiosmanović', 'D Bolzoni', 'PH Hartel']
     Venue International Journal of …
     Year 2012
     Abstract A preliminary case study suggests that our approach is effective in detecting anomalous events  Keywords ICS · SCADA · Security · SCADA log · Log analysis · Frequent pattern mining · Process related threat  high-level view on the industrial process that is continuous over time
     Url https://link.springer.com/content/pdf/10.1007/s10207-012-0163-8.pdf

