Showing papers for search query "Case+Study"+"FDA+Requirements"+"PLC"+OR+"FPGA"

     Search term "Case+Study"+"FDA+Requirements"+"PLC"+OR+"FPGA"
     Title Regulation of positron emission tomography: a case study.
     Author ['JS Keppler', 'CF Thornberg']
     Venue AJR. American journal of …
     Year 1998
     Abstract drugs. In the absence of stringent FDA requirements, their financial obligation to determine what is safe and effective would be substantially in creased. Insurance  attention. PEf is clearly an exam plc of this type of error and its costs. A
     Url https://www.ajronline.org/doi/pdf/10.2214/ajr.171.5.9798844


     Search term "Case+Study"+"FDA+Requirements"+"PLC"+OR+"FPGA"
     Title Batch control system project for a pharmaceutical plant
     Author ['R Holý', 'J Poživil']
     Venue ISA transactions
     Year 2002
     Abstract This methodology was tested on a real problem, described in the case study  the necessity to modify parameters or even all the programs in the PLC's when some  their batch control systems should be compliant with Food and Drug Administration FDA requirements 1. Such a
     Url https://www.sciencedirect.com/science/article/pii/S0019057807600846


     Search term "Case+Study"+"FDA+Requirements"+"PLC"+OR+"FPGA"
     Title Case study: formula safe foods—canned pasteurized processed cheese
     Author ['A Gordon']
     Venue Food Safety and Quality Systems in Developing …
     Year 2017
     Abstract Case study 1: proving compliance of canned pasteurized processed cheese with US thermal processing and  filler, all of which is controlled automatically by an operator using a PLC console (Fig  Having fully understood the FDA requirements to get the import alert that had been
     Url https://www.sciencedirect.com/science/article/pii/B9780128012260000062


     Search term "Case+Study"+"FDA+Requirements"+"PLC"+OR+"FPGA"
     Title S88 impact on health and beauty care operations presented at the World Batch Forum
     Author ['R Kappelhoff']
     Venue ISA transactions
     Year 1996
     Abstract The case study presented in this paper describes how a fast track batch control project  of innovative recipes and standard equipment cou- pled with the introduction of FDA requirements can prove  This format permits review by non-PLC/DCS literate staff such as formulators and
     Url https://www.sciencedirect.com/science/article/pii/S0019057896000390


     Search term "Case+Study"+"FDA+Requirements"+"PLC"+OR+"FPGA"
     Title Qmed Search Form
     Author ['E Swain']
     Venue NA
     Year NA
     Abstract Informa PLC's registered office is 5 Howick Place, London SW1P 1WG  However, ISO 11070 is not an FDA-recognized consensus standard, and as such, demonstration that a guidewire coating meets ISO 11070 requirements may not meet FDA requirements
     Url https://www.mddionline.com/using-risk-analysis-develop-coated-medical-devices


     Search term "Case+Study"+"FDA+Requirements"+"PLC"+OR+"FPGA"
     Title Consumer access to personal, health-related data in real-time to support comprehension, safe self-selection, and appropriate use of health care products as per an …
     Author ['MA Lawless', 'FT Lawless III', 'DC Bradford']
     Venue US Patent App. 15 …
     Year 2018
     Abstract (optional). The present invention, in one embodiment, with FDA requirements for approval  In some embodiments, electronic circuitry including, for example, programmable logic circuitry, field-programmable gate arrays (FPGA), or programmable logic arrays (PLA) may execute
     Url https://patents.google.com/patent/US20180165739A1/en


     Search term "Case+Study"+"FDA+Requirements"+"PLC"+OR+"FPGA"
     Title Development and validation of a photonumeric scale for evaluation of transverse neck lines
     Author ['D Jones', 'A Carruthers', 'B Hardas', 'DK Murphy']
     Venue Dermatologic …
     Year 2016
     Abstract Science, University of British Columbia, Vancouver, British Columbia, Canada; ‡ Allergan plc, Irvine, California  the treatment of horizontal neck lines has been reported in one case study 1 and  The scale was created to meet FDA requirements for outcome assessments in clinical
     Url https://www.ncbi.nlm.nih.gov/pmc/articles/PMC5671792/


     Search term "Case+Study"+"FDA+Requirements"+"PLC"+OR+"FPGA"
     Title Qmed Search Form
     Author ['D REUSE']
     Venue NA
     Year NA
     Abstract Informa PLC's registered office is 5 Howick Place, London SW1P 1WG  According to HIMA, however, when a company reprocesses a single-use device, it clearly creates a new device and is therefore subject to applicable FDA requirements, including 510(k) approval and GMP
     Url https://www.mddionline.com/manufacturers-role-safe-reuse


     Search term "Case+Study"+"FDA+Requirements"+"PLC"+OR+"FPGA"
     Title FDA'S NEW APPROACH TO EXPORT REGULATION
     Author ['JS Kahan']
     Venue NA
     Year NA
     Abstract MD+DI Online is part of the Informa Markets Division of Informa PLC  This site is operated by a business or businesses owned by Informa PLC and all copyright resides with them. Informa PLC's registered office is 5 Howick Place, London SW1P 1WG
     Url https://www.mddionline.com/sitemap/articlepermonth/9/1996?page=1


     Search term "Case+Study"+"FDA+Requirements"+"PLC"+OR+"FPGA"
     Title The role of communicating uncertainty and information subsidies on news media representation of the female condom's efficacy
     Author ['K Chatterjee']
     Venue Studies in Media and Communication
     Year 2014
     Abstract Chartex International Plc, a British health care company, owned the worldwide rights to the  to provide a context to the claims: RQ1: What were the FDA requirements in regards to  In other words, this case study illuminates the contested nature of the efficacy claims regarding the
     Url http://www.redfame.com/journal/index.php/smc/article/view/389

