Showing papers for search query "Case+Study"+"Continuous"+"Medical"

     Search term "Case+Study"+"Continuous"+"Medical"
     Title The McMaster MD program: a case study of renewal in medical education.
     Author ['VR Neufeld', 'CA Woodward']
     Venue … of American Medical …
     Year 1989
     Abstract The McMaster MD program: a case study of renewal in medical education  experience to date support the assertion that satisfactory--and in some ways special--physicians can be prepared using the "McMaster approach" to medical education, but that continuous review and
     Url https://europepmc.org/article/med/2751777


     Search term "Case+Study"+"Continuous"+"Medical"
     Title Continuous quality improvement of nursing care: case study of a clinical pathway revision for cardiac catheterization
     Author ['YH Yan', 'Y Chen', 'CM Kung', 'LJ Peng']
     Venue Journal of Nursing …
     Year 2011
     Abstract Background: Taiwan's Bureau of National Health Insurance (BNHI) has been gradually intro.
     Url https://journals.lww.com/jnr-twna/Fulltext/2011/09000/Continuous_Quality_Improvement_of_Nursing_Care_.5.aspx


     Search term "Case+Study"+"Continuous"+"Medical"
     Title Best evidence continuous medical education
     Author ['A Raza', 'A Coomarasamy', 'KS Khan']
     Venue Archives of gynecology and obstetrics
     Year 2009
     Abstract Continuous medical education Continuous professional development Evidence based medicine E Learning  EA (2004) e Learning: a review of internet-based continuing medical education  in implementing evidence-supported labour and delivery suite ward rounds: a case study
     Url https://link.springer.com/article/10.1007/s00404-009-1128-7


     Search term "Case+Study"+"Continuous"+"Medical"
     Title Issues in wearable computing for medical monitoring applications: a case study of a wearable ECG monitoring device
     Author ['T Martin', 'E Jovanov', 'D Raskovic']
     Venue Digest of Papers. Fourth …
     Year 2000
     Abstract Issues in Wearable Computing for Medical Monitoring Applications: A Case Study of a Wearable ECG Monitoring Device  Our ultimate goal is a system of wireless medical sensors communicating with a central processing element, to provide continuous real-time
     Url https://ieeexplore.ieee.org/abstract/document/888463/


     Search term "Case+Study"+"Continuous"+"Medical"
     Title Quality and continuous improvement in medical device manufacturing
     Author ['A Brown', 'J Eatock', 'D Dixon', 'BJ Meenan']
     Venue The TQM Journal
     Year 2008
     Abstract of experiment (DOE) techniques to process validation in medical device manufacture”, Journal of Validation Technology, Vol. 12 No. 2, p. 92. Ehie, I. and Sheu, C. (2005), “Integrating six sigma and theory of constraints for continuous improvement: a case study”, Journal of
     Url https://www.emerald.com/insight/content/doi/10.1108/17542730810909329/full/html


     Search term "Case+Study"+"Continuous"+"Medical"
     Title Continuous stress detection using wearable sensors in real life: Algorithmic programming contest case study
     Author ['YS Can', 'N Chalabianloo', 'D Ekiz', 'C Ersoy']
     Venue Sensors
     Year 2019
     Abstract Get Information. clear. Open Access This article is: freely available; re-usable. Sensors 2019, 19(8), 1849; https://doi.org/10.3390/s19081849. Article. Continuous Stress Detection Using Wearable Sensors in Real Life: Algorithmic Programming Contest Case Study
     Url https://www.mdpi.com/1424-8220/19/8/1849


     Search term "Case+Study"+"Continuous"+"Medical"
     Title Dichotomizing continuous predictors in multiple regression: a bad idea
     Author ['P Royston', 'DG Altman', 'W Sauerbrei']
     Venue Statistics in medicine
     Year 2006
     Abstract In medical research, continuous variables are often converted into categorical variables by grouping values into two or more categories  We illustrate the impact of dichotomization of continuous predictor variables using as a detailed case study a randomized trial in
     Url https://onlinelibrary.wiley.com/doi/abs/10.1002/sim.2331


     Search term "Case+Study"+"Continuous"+"Medical"
     Title Improving diabetes preventive care in a family practice residency program: a case study in continuous quality improvement
     Author ['CH Fox', 'MC Mahoney']
     Venue FAMILY MEDICINE-KANSAS CITY-
     Year 1998
     Abstract There are approximately 8,000 active medical records at this center, which serves as a residency training Improving Diabetes Preventive Care in a Family Practice Residency Program: A Case Study in Continuous Quality Improvement
     Url https://www.researchgate.net/profile/Martin_Mahoney2/publication/13659044_Improving_diabetes_preventive_care_in_a_family_practice_residency_program_A_case_study_in_continuous_quality_improvement/links/0046351adeb3e24e81000000/Improving-diabetes-preventive-care-in-a-family-practice-residency-program-A-case-study-in-continuous-quality-improvement.pdf


     Search term "Case+Study"+"Continuous"+"Medical"
     Title Continuous quality improvement methodology: a case study on multidisciplinary collaboration to improve Chlamydia screening
     Author ['A Ursu', 'G Greenberg', 'M McKee']
     Venue Family Medicine and Community …
     Year 2019
     Abstract Continuous quality improvement methodology: a case study on multidisciplinary collaboration to improve chlamydia screening. Allison Ursu, 1 Grant Greenberg, 2 and Michael McKee 3. Allison Ursu. 1 Department of Family Medicine, University of Michigan Medical School, Ann
     Url https://www.ncbi.nlm.nih.gov/pmc/articles/PMC6910742/


     Search term "Case+Study"+"Continuous"+"Medical"
     Title Hybrid stockless: a case study
     Author ['H Rivard‐Royer', 'S Landry', 'M Beaulieu']
     Venue International Journal of …
     Year 2002
     Abstract Our case study deals with this final 15‐week period  could thus be extended advantageously to the point‐of‐use locations necessary to patient care, possibly synchronized with the clinical chain, ie all medical or clinical activities required to provide continuous care
     Url https://www.emerald.com/insight/content/doi/10.1108/01443570210420412/full/html?src=recsys&fullSc=1

