Showing papers for search query "Case+Study"+"DevOps"+"Traceability"

     Search term "Case+Study"+"DevOps"+"Traceability"
     Title Automated Inter-artefact Traceability Establishment for DevOps Practice
     Author ['I Rubasinghe', 'D Meedeniya']
     Venue 2018 IEEE/ACIS 17th …
     Year 2018
     Abstract visualization in DevOps environments covering artefacts in requirement, design, source code, unit test and configuration phases. The accuracy of the traceability link establishment is evaluated by applying statistical and network analysis techniques on a selected case study
     Url https://ieeexplore.ieee.org/abstract/document/8466414/


     Search term "Case+Study"+"DevOps"+"Traceability"
     Title Traceability management with impact analysis in DevOps based software development
     Author ['I Rubasinghe', 'D Meedeniya']
     Venue … Conference on Advances …
     Year 2018
     Abstract Further, the traceability visualization component in this tool can be is used to enrich in  The methodology is described in Section IV and a case-study based evaluation is  A. DevOps in Software Development Different agile software development practices have been widely used
     Url https://ieeexplore.ieee.org/abstract/document/8554399/


     Search term "Case+Study"+"DevOps"+"Traceability"
     Title Traceability Establishment and Visualization of Software Artefacts in DevOps Practice: A Survey
     Author ['DA Meedeniya', 'ID Rubasinghe']
     Venue International Journal of …
     Year 2019
     Abstract Further, the practical use of artefact traceability in DevOps is not widely in use due to the limitations in existing traceability techniques, tools and automation capabilities  We present a survey on artefact traceability management in DevOps practice
     Url https://www.researchgate.net/profile/Indika_Perera/publication/335172099_Traceability_Establishment_and_Visualization_of_Software_Artefacts_in_DevOps_Practice_A_Survey/links/5d5440c7a6fdcc74dfa7c496/Traceability-Establishment-and-Visualization-of-Software-Artefacts-in-DevOps-Practice-A-Survey.pdf


     Search term "Case+Study"+"DevOps"+"Traceability"
     Title Tool Support for Software Artefact Traceability in DevOps Practice: SAT-Analyser
     Author ['I Rubasinghe', 'D Meedeniya', 'I Perera']
     Venue Tools and Techniques for …
     Year 2020
     Abstract The applicability of the tool is evaluated using case- study based analyses and a usability study among DevOps practitioners. Thus, the proposed approach attempts to fulfil the research hindrance in traceability support in DevOps practice. Page 3. 132
     Url https://www.igi-global.com/chapter/tool-support-for-software-artefact-traceability-in-devops-practice/247541


     Search term "Case+Study"+"DevOps"+"Traceability"
     Title Software Artefact Traceability Analyser: A Case-Study on POS System
     Author ['ID Rubasinghe', 'DA Meedeniya', 'I Perera']
     Venue Proceedings of the 6th …
     Year 2018
     Abstract study. Significant positive results have been obtained and identified possible improvements 4 Page 5. in the artefact data extraction and strengthening the traceability establishment algorithm. Furthermore, the integration of continuous integration support for the tool with DevOps
     Url https://dl.acm.org/doi/abs/10.1145/3193092.3193094


     Search term "Case+Study"+"DevOps"+"Traceability"
     Title Traceability management in a devops environment with continuous integration
     Author ['ID Rubasinghe']
     Venue NA
     Year 2019
     Abstract 144 4.6 Experimental results: case study 5 (E-School management system)  39 Table 2.10 : Tool support for traceability management ..... 40  50 Table 3.2 : Analysis of the SAT-Analyser with DevOps extension ..... 51
     Url http://dl.lib.mrt.ac.lk/handle/123/16052


     Search term "Case+Study"+"DevOps"+"Traceability"
     Title A Testability and Observability Framework to Assure Traceability Requirements on System of Systems
     Author ['LM Trujillo', 'MÁO González']
     Venue Journal of Web …
     Year 2020
     Abstract Finally, we present a case study as future work, which is based on the application of our framework on smart  Feng Tian, “An agri-food supply chain traceability system for China based on RFID & blockchain technology,” 2016 13th  O'REILLY RADAR, What is DevOps?. (2012)
     Url https://journals.riverpublishers.com/index.php/JWE/article/view/3365


     Search term "Case+Study"+"DevOps"+"Traceability"
     Title Productivity gains of DevOps adoption in an IT team: a case study
     Author ['MA Silva', 'JP Faustino', 'R Pereira', 'M Mira da Silva']
     Venue NA
     Year 2018
     Abstract Triangulation between case study and survey methods in management accounting research: An assessment of validity implications  Sanjitha, MG, Liyanage, VK, Perera, I., Meedeniya, DA: Tool support for traceability management of software artefacts with DevOps practices
     Url https://aisel.aisnet.org/isd2014/proceedings2018/ISDevelopment/8/


     Search term "Case+Study"+"DevOps"+"Traceability"
     Title Software artefacts consistency management towards continuous integration: A roadmap
     Author ['DA Meedeniya', 'ID Rubasinghe']
     Venue International Journal of …
     Year 2019
     Abstract Section II states an overview of DevOps and the traceability management process  Section VII states the limitations and challenges of achieving traceability in DevOps practice and the possible future research directions. Section VIII concludes the paper. Page 2
     Url https://www.researchgate.net/profile/Indika_Perera/publication/335172232_Software_Artefacts_Consistency_Management_towards_Continuous_Integration_A_Roadmap/links/5d54423c45851530407530c3/Software-Artefacts-Consistency-Management-towards-Continuous-Integration-A-Roadmap.pdf


     Search term "Case+Study"+"DevOps"+"Traceability"
     Title Facilitating the Management of Agile and Devops Activities: Implementation of a Data Consolidator
     Author ['GAK Doukoure', 'E Mnkandla']
     Venue … in Big Data, Computing and Data …
     Year 2018
     Abstract Feedback retrieved during the case study from participants seems to paint the tool built as useful to both project management and engineering staff in their daily activities  “Tool support for traceability management of software artefacts with DevOps practices,” Proc
     Url https://ieeexplore.ieee.org/abstract/document/8465451/

