Showing papers for search query "Case+Study"+"Regulated"+"Traceability"

     Search term "Case+Study"+"Regulated"+"Traceability"
     Title Scaling agile methods to regulated environments: An industry case study
     Author ['B Fitzgerald', 'KJ Stol', "R O'Sullivan"]
     Venue 2013 35th International …
     Year 2013
     Abstract regulated environment. Among the interesting concepts to emerge from the research are the notions of continuous compliance and living traceability. Index Terms—Agile methods, regulated environments, Scrum, case study
     Url https://ieeexplore.ieee.org/abstract/document/6606635/


     Search term "Case+Study"+"Regulated"+"Traceability"
     Title Business process reengineering of a supply chain and a traceability system: A case study
     Author ['M Bevilacqua', 'FE Ciarapica', 'G Giacchetta']
     Venue Journal of Food Engineering
     Year 2009
     Abstract This may happen as a result of agreements between the supply chain partners, with a regulated sharing of the burdens and benefits of traceability. On the contrary, the definition of “leading” company may occur, as in this case study, as a result of the initiative of the “strongest
     Url https://www.sciencedirect.com/science/article/pii/S0260877408006080


     Search term "Case+Study"+"Regulated"+"Traceability"
     Title Collaborative traceability management: a multiple case study from the perspectives of organization, process, and culture
     Author ['R Wohlrab', 'E Knauss', 'JP Steghöfer', 'S Maro']
     Venue Requirements …
     Year 2020
     Abstract We answered these research questions using an exploratory multiple case study  Mäder et al. [30] identified four categories of traceability users: (1) the regulated group, where traceability is mandated by standards, (2) the sub-contractor group, which inherits traceability
     Url https://link.springer.com/article/10.1007/s00766-018-0306-1


     Search term "Case+Study"+"Regulated"+"Traceability"
     Title The barriers to traceability and their potential solutions: Towards a reference framework
     Author ['G Regan', 'F McCaffery', 'K McDaid']
     Venue 2012 38th Euromicro …
     Year 2012
     Abstract Additionally, given the importance of traceability in the regulated domain of safety critical software, the paper compares  Key search words used were: traceability, software+traceability, requirements+traceability, traceability + case + study, traceability+survey, traceability+barriers
     Url https://ieeexplore.ieee.org/abstract/document/6328169/


     Search term "Case+Study"+"Regulated"+"Traceability"
     Title Food traceability in regulated fresh food supply chains with an emphasis on the Swedish fishing industry
     Author ['H Ringsberg']
     Venue NA
     Year 2013
     Abstract Thus, the overall purpose is to study food traceability regarding impacts of ICT on transparency in regulated fresh food supply chains.<br/><br> Several methods are applied. The research is qualitative, based primarily on a longitudinal case study conducted in a real-life setting
     Url http://lup.lub.lu.se/record/4053510


     Search term "Case+Study"+"Regulated"+"Traceability"
     Title Software and systems traceability
     Author ['J Cleland-Huang', 'O Gotel', 'A Zisman']
     Venue NA
     Year 2012
     Abstract 425 Appendix C: Mobile Phone Product Line Software System Case Study  483 Appendix E: TraceLab–A Tool for Supporting Traceability Research  ie Valentine Casey Regulated Software Research Group, Lero, Dundalk Institute of Technology, Dundalk, Ireland, Val
     Url https://link.springer.com/content/pdf/10.1007/978-1-4471-2239-5.pdf


     Search term "Case+Study"+"Regulated"+"Traceability"
     Title Exploring the Effectiveness of Normative i* Modelling: Results from a Case Study on Food Chain Traceability
     Author ['A Siena', 'N Maiden', 'J Lockerbie', 'K Karlsen']
     Venue International Conference …
     Year 2008
     Abstract effectiveness of this extension through its application to a large-scale case study – introducing new  the food products they process, whatever other actions they do (hardgoal Traceability be guaranteed  3(a) depicts a typical scenario that occurs while exploring a regulated domain
     Url https://link.springer.com/chapter/10.1007/978-3-540-69534-9_15


     Search term "Case+Study"+"Regulated"+"Traceability"
     Title An empirical study on project-specific traceability strategies
     Author ['P Rempel', 'P Mçder', 'T Kuschke']
     Venue 2013 21st IEEE International …
     Year 2013
     Abstract Ascuncion et al. [21] observed similar issues concerning the ambiguity problem in a recently conducted industrial case study on end-to-end software traceability  Informants from strictly regulated projects stated that traceability is a strategic project goal
     Url https://ieeexplore.ieee.org/abstract/document/6636719/


     Search term "Case+Study"+"Regulated"+"Traceability"
     Title Towards a Blockchain Based Traceability Process: A Case Study from Pharma Industry
     Author ['F Chiacchio', "D D'urso", 'L Compagno']
     Venue … on Advances in …
     Year 2019
     Abstract Towards a Blockchain Based Traceability Process: A Case Study from Pharma Industry  All aspects of the life-cycle of new drugs are regulated, from patent application to marketing  The conception of an improved traceability solution has been based on the blockchain technology
     Url https://link.springer.com/chapter/10.1007/978-3-030-30000-5_56


     Search term "Case+Study"+"Regulated"+"Traceability"
     Title Welfare Loss due to lack of traceability in extra-virgin olive oil: a case study
     Author ['G Cicia', 'T Del Giudice', 'R Scarpa']
     Venue Cahiers Options …
     Year 2005
     Abstract Giudice T., Scarpa R. Welfare loss due to lack of traceability in extra-virgin olive oil: a case study  2. The EU legislation on extra-virgin olive oil traceability and labelling  will ©e 5 litres; some optional indications like “cold pressing” or “cold extraction” will ©e strongly regulated
     Url http://om.ciheam.org/om/pdf/c64/00800042.pdf

