Showing papers for search query "Case+Study"+"DevOps"+"Regulated"

     Search term "Case+Study"+"DevOps"+"Regulated"
     Title Implementing Secure DevOps assessment for highly regulated environments
     Author ['H Yasar']
     Venue Proceedings of the 12th International Conference on …
     Year 2017
     Abstract In summary, when assessing highly regulated entities for Secure DevOps implementation, one will quickly learn traditional DevOps cannot be put in place in a straight  "CMMI guided process improvement for DevOps projects: an exploratory case study." Proceedings of the
     Url https://dl.acm.org/doi/abs/10.1145/3098954.3105819?casa_token=EkQ7wGT9XFwAAAAA:GyJzmT3mzzTnSFQfkXu-5HjFNDPsjjhisdvYY9b3BNqjsq1oTw444BR7ebonOLj9Bp_L6c6Vskc82RY


     Search term "Case+Study"+"DevOps"+"Regulated"
     Title DevOps in an ISO 13485 Regulated Environment: A Multivocal Literature Review
     Author ['MF Lie', 'M Sánchez-Gordón']
     Venue Proceedings of the 14th …
     Year 2020
     Abstract for regulatory inspection, a view supported in the multiple-case study carried out  that regulators should be treated as stakeholders in the DevOps process itself  Although we found that regulated DevOps share characteristics with traditional DevOps, considerations necessary for
     Url https://dl.acm.org/doi/abs/10.1145/3382494.3410679?casa_token=DrWX9ZFhQUQAAAAA:bP8_4fRlcvIpOQSt6gJwajhy5Dvy2hnhvXlqXnO3PmVm2nJbpCtmfaCgWBeIU_ZcxJLWu69xp9a_9nU


     Search term "Case+Study"+"DevOps"+"Regulated"
     Title Implementing DevOps practices in highly regulated environments
     Author ['JA Morales', 'H Yasar', 'A Volkman']
     Venue Proceedings of the 19th International …
     Year 2018
     Abstract In this paper, we discuss implementing DevOps practices in highly regulated environments (HREs). DevOps  KEYWORDS DevOps, Highly Regulated Environment, Secure DevOps, SDLC, DevOps Assessment ACM
     Url https://dl.acm.org/doi/abs/10.1145/3234152.3234188?casa_token=AhH75-FAuzAAAAAA:f8qbCzD0NFiyby6d6qasMKEpjdNJUG2suzezfxBKEPSZEwhjNT1XwvXdAksrLDg-xmoYlkP183DS3to


     Search term "Case+Study"+"DevOps"+"Regulated"
     Title Productivity gains of DevOps adoption in an IT team: a case study
     Author ['MA Silva', 'JP Faustino', 'R Pereira', 'M Mira da Silva']
     Venue NA
     Year 2018
     Abstract IT Revolution Press, Portland (2013) 6. Laukkarinen, T., Kuusinen, K., Mikkonen, T.: DevOps in Regulated Software Development: Case  Triangulation between case study and survey methods in management accounting research: An assessment of validity implications
     Url https://aisel.aisnet.org/isd2014/proceedings2018/ISDevelopment/8/


     Search term "Case+Study"+"DevOps"+"Regulated"
     Title Weaving Security into DevOps Practices in Highly Regulated Environments
     Author ['JA Morales', 'H Yasar', 'A Volkmann']
     Venue International Journal of Systems …
     Year 2018
     Abstract DevSecOps. KEyWORDS DevOps Assessment, DevOps, Highly Regulated Environment, SDLC, Secure DevOps Page 2  1.﻿﻿ Detail﻿ the﻿ process﻿ of﻿ conducting﻿ a﻿ DevOps﻿ assessment﻿ for﻿ a﻿ highly﻿ regulated﻿ environment﻿(HRE). 2
     Url https://www.igi-global.com/article/weaving-security-into-devops-practices-in-highly-regulated-environments/221157


     Search term "Case+Study"+"DevOps"+"Regulated"
     Title A large agile organization on its journey towards DevOps
     Author ['K Kuusinen', 'V Balakumar', 'SC Jepsen']
     Venue 2018 44th Euromicro …
     Year 2018
     Abstract Regulated software meets DevOps. Information and Software Technology, 97, 176- 178  Dimensions of devops  Climbing the" Stairway to Heaven"--A Mulitiple-Case Study Exploring Barriers in the Transition from Agile Development towards Continuous Deployment of Software
     Url https://ieeexplore.ieee.org/abstract/document/8498186/?casa_token=3kR99vqLFIoAAAAA:Aup307zvcPut3iVjryT46d3Th06RW160hGxus-d3pXhdocl3Fna-eO8c7ylqroEyaIiTMuO3XfM-


     Search term "Case+Study"+"DevOps"+"Regulated"
     Title On the Role of Software Architecture in DevOps Transformation: An Industrial Case Study
     Author ['M Shahin', 'MA Babar']
     Venue arXiv preprint arXiv:2003.06108
     Year 2020
     Abstract KEYWORDS DevOps, Software Architecture, Continuous Delivery, Case Study ACM Reference format: Mojtaba Shahin and M. Ali Babar. 2020. On the Role of Software Architecture in DevOps Transformation: An Industrial Case Study
     Url https://arxiv.org/abs/2003.06108


     Search term "Case+Study"+"DevOps"+"Regulated"
     Title Digital Transformation: IT Governance In The Agile Environment A Study Case Of Indonesia High Regulated Company
     Author ['E Indriasari', 'SH Supangkat', 'R Kosala']
     Venue NA
     Year NA
     Abstract cases several criteria were set. First, the team must have implemented agile methodology and the DevOps at least six months. Second, the team must be part of an established highly regulated company  Two companies agreed to participate in the case study
     Url https://www.academia.edu/download/64340588/Digital-Transformation-It-Governance-In-The-Agile-Environment-A-Study-Case-Of-Indonesia-High-Regulated-Company.pdf


     Search term "Case+Study"+"DevOps"+"Regulated"
     Title Systematic agile development in regulated environments
     Author ['A Poth', 'J Jacobsen', 'A Riel']
     Venue European Conference on Software Process …
     Year 2020
     Abstract In highly regulated sectors however, products and services have to comply with further extensive standards and regulations  5 Case Study: Instantiation, Deployment and Its Limitations  The last stage is interesting for the handover in cases were no DevOps is applied
     Url https://link.springer.com/chapter/10.1007/978-3-030-56441-4_14


     Search term "Case+Study"+"DevOps"+"Regulated"
     Title A systematic approach to agile development in highly regulated environments
     Author ['A Poth', 'J Jacobsen', 'A Riel']
     Venue International Conference on Agile Software …
     Year 2020
     Abstract However, it is difficult to find a generic practical framework for regulated domains  Some teams need weeks, others months. 5 Case Study: Instantiation, Deployment and Its Limitations  The last stage is interesting for the handover in cases were no DevOps is applied
     Url https://link.springer.com/chapter/10.1007/978-3-030-58858-8_12

