Showing papers for search query "Case+Study"+"DevOps"+"Medical"

     Search term "Case+Study"+"DevOps"+"Medical"
     Title DevOps in an ISO 13485 Regulated Environment: A Multivocal Literature Review
     Author ['MF Lie', 'M Sánchez-Gordón']
     Venue Proceedings of the 14th …
     Year 2020
     Abstract internally and produce documentation for regulatory inspection, a view supported in the multiple-case study carried out by  we found that regulated DevOps share characteristics with traditional DevOps, considerations necessary for bridging DevOps in medical device product
     Url https://dl.acm.org/doi/abs/10.1145/3382494.3410679?casa_token=fxY_lvW5zaoAAAAA:mpVe3EDq47EYpE9V92TJ0EyagAEcpC0IDLkOhS7F1Qd6NCjdSukfM8qQajr0yPTxJdqnKanulWAsbyA


     Search term "Case+Study"+"DevOps"+"Medical"
     Title Adopting DevOps in the real world: A theory, a model, and a case study
     Author ['WP Luz', 'G Pinto', 'R Bonifácio']
     Venue Journal of Systems and Software
     Year 2019
     Abstract a model (ie, a workflow for DevOps adoption) and evaluated it through a case study at a  First, GT is a consolidated method in other areas of research — notably medical sociology (Charmaz  is exactly the scenario here (ie, what are the successful adoption paths for DevOps?)
     Url https://www.sciencedirect.com/science/article/pii/S0164121219301517


     Search term "Case+Study"+"DevOps"+"Medical"
     Title Productivity gains of DevOps adoption in an IT team: a case study
     Author ['MA Silva', 'JP Faustino', 'R Pereira', 'M Mira da Silva']
     Venue NA
     Year 2018
     Abstract IT Revolution Press, Portland (2013) 6. Laukkarinen, T., Kuusinen, K., Mikkonen, T.: DevOps in Regulated Software Development: Case Medical Devices  Triangulation between case study and survey methods in management accounting research: An assessment of
     Url https://aisel.aisnet.org/isd2014/proceedings2018/ISDevelopment/8/


     Search term "Case+Study"+"DevOps"+"Medical"
     Title A Domain Specific Modeling Language Framework (DSL) for Representative Medical Prescription by using Generic Modeling Environment (GME).‏‎
     Author ['L Dalla', 'AMA El-sseid', 'TM Alarbi', 'M Ahmad']
     Venue NA
     Year 2020
     Abstract pharmacist orally by telephone, although this practice may increase the risk of medical error  prescribing provider Unique for each prescription is the name of the patient DevOps [2]. The  A. domain Information In this paper, this study present a simple case study to introduce the
     Url https://iiardpub.org/get/IJEMT/VOL.%206%20NO.%202%202020/A%20Domain%20Specific%20Modeling.pdf


     Search term "Case+Study"+"DevOps"+"Medical"
     Title DevOps
     Author ['C Ebert', 'G Gallardo', 'J Hernantes', 'N Serrano']
     Venue Ieee Software
     Year 2016
     Abstract However, for critical applications in which failure isn't an option—for ex- ample, medical or aerospace applica- tions—a more conservative approach is preferable  (For an example, see the sidebar “A DevOps Case Study.”) A key lesson for all these companies has been not to
     Url https://ieeexplore.ieee.org/abstract/document/7458761/?casa_token=vev99VqgU6UAAAAA:YKGIpfSKZ6Iu_j57mGheHwIfwzLIlWjuq6PkDRkkdJL97ykApbbvAslN5zI-ZlFfBbgubSZuoStK


     Search term "Case+Study"+"DevOps"+"Medical"
     Title A New Form of Collaboration in IT Teams-Exploring the DevOps Phenomenon.
     Author ['A Wiedemann']
     Venue PACIS
     Year 2017
     Abstract A positive feedback from five firms was achieved, they agreed to participate in the case study  Case 5 Health Care Employees: 20.000-50.000 Team size: 10 people Agile method: Scrum Product: Medical device DevOps orientation since: Three years
     Url https://aisel.aisnet.org/cgi/viewcontent.cgi?article=1206&context=pacis2017


     Search term "Case+Study"+"DevOps"+"Medical"
     Title On the Role of Software Architecture in DevOps Transformation: An Industrial Case Study
     Author ['M Shahin', 'MA Babar']
     Venue arXiv preprint arXiv:2003.06108
     Year 2020
     Abstract KEYWORDS DevOps, Software Architecture, Continuous Delivery, Case Study ACM Reference format: Mojtaba Shahin and M. Ali Babar. 2020. On the Role of Software Architecture in DevOps Transformation: An Industrial Case Study
     Url https://arxiv.org/abs/2003.06108


     Search term "Case+Study"+"DevOps"+"Medical"
     Title A large agile organization on its journey towards DevOps
     Author ['K Kuusinen', 'V Balakumar', 'SC Jepsen']
     Venue 2018 44th Euromicro …
     Year 2018
     Abstract In other cases, there are external regulations which prohibits rapid releases, for example in the medical software domain  Dimensions of devops  Climbing the" Stairway to Heaven"--A Mulitiple-Case Study Exploring Barriers in the Transition from Agile Development towards
     Url https://ieeexplore.ieee.org/abstract/document/8498186/?casa_token=2RlB_-yYMDsAAAAA:GuGUXTNK-H09u-1jZfnRDxuS-eRkiQiYa8uu3V6g6tg9ER9hOJYKkMXxKz3wOUegDJoCtJ6VqC9K


     Search term "Case+Study"+"DevOps"+"Medical"
     Title Building a collaborative culture: a grounded theory of well succeeded devops adoption in practice
     Author ['WP Luz', 'G Pinto', 'R Bonifácio']
     Venue Proceedings of the 12th ACM/IEEE …
     Year 2018
     Abstract We empirically evaluate our model through a case study, whose goal is to increase the maturity  First, GT is a consolidated method in other areas of research - notably medical sociology [6  5], which is exactly the scenario here: what are the successful adoption paths for DevOps
     Url https://dl.acm.org/doi/abs/10.1145/3239235.3240299?casa_token=9hyzMqTXtO4AAAAA:Unk0Gsxr5oVu0karuXuWqfZV4qMUEnEN-n7ytmauE6c90WMLKGXRRPOPkCBRknJyG-AmL8B8J1RKluY


     Search term "Case+Study"+"DevOps"+"Medical"
     Title DevOps and software quality: A systematic mapping
     Author ['A Mishra', 'Z Otaiwi']
     Venue Computer Science Review
     Year 2020
     Abstract Review article. DevOps and software quality: A systematic mapping. Author  DevOps is one of the proposed solutions to such pressure. The primary focus of DevOps is to increase the deployment speed, frequency and quality. DevOps
     Url https://www.sciencedirect.com/science/article/pii/S1574013720304081

