Showing papers for search query "Continuous"+"Hardware+simulation"+"Regulated"

     Search term "Continuous"+"Hardware+simulation"+"Regulated"
     Title A complete control scheme for variable speed stall regulated wind turbines
     Author ['D Bourlis', 'R Carriveau']
     Venue … and advanced topics in wind power
     Year 2011
     Abstract 1+ m1+ 1 (9) where k= t/T, with t the continuous time scale  Hardware simulation results Here simulation results of the proposed control system using the hardware-in  A Complete Control Scheme for Variable Speed Stall Regulated Wind Turbines 331 EffectiveWind windspeed
     Url https://books.google.com/books?hl=de&lr=&id=P9CPDwAAQBAJ&oi=fnd&pg=PA309&dq=%22Continuous%22+%22Hardware+simulation%22+%22Regulated%22&ots=iDO-8e0Jd_&sig=JKsd53-bL1WLE0139tCowcfl8R0


     Search term "Continuous"+"Hardware+simulation"+"Regulated"
     Title A novel integrated simulation and testing platform for self-driving cars with hardware in the loop
     Author ['S Chen', 'Y Chen', 'S Zhang']
     Venue IEEE Transactions on …
     Year 2019
     Abstract Simulation experiments on applying the HiL system are used to verify the validity of self  Related Work The development of autonomous driving technologies re- quires the continuous verification and testing  sensors or between sensors and the car is easier to be regulated than in
     Url https://ieeexplore.ieee.org/abstract/document/8723561/


     Search term "Continuous"+"Hardware+simulation"+"Regulated"
     Title A compact digitally controlled fuel cell/battery hybrid power source
     Author ['Z Jiang', 'RA Dougal']
     Venue IEEE Transactions on Industrial …
     Year 2006
     Abstract the results that both the battery voltage and the battery current experienced continuous and gradual  only as a voltage or current regulator, the power converter is regulated to balance  Simulation and experiment results show that the control algorithm is able to correctly select the
     Url https://ieeexplore.ieee.org/abstract/document/1667907/


     Search term "Continuous"+"Hardware+simulation"+"Regulated"
     Title Hardware simulation of fuel cell/gas turbine hybrids
     Author ['TP Smith']
     Venue NA
     Year 2007
     Abstract Page 1. HARDWARE SIMULATION OF FUEL CELL / GAS TURBINE HYBRIDS A Dissertation Presented to The Academic Faculty By  May 2007 Copyright © 2007 by Thomas P. Smith Page 2. HARDWARE SIMULATION OF FUEL CELL / GAS TURBINE HYBRIDS Approved by
     Url https://smartech.gatech.edu/handle/1853/14581


     Search term "Continuous"+"Hardware+simulation"+"Regulated"
     Title BOC (x, y) signal acquisition techniques and performances
     Author ['N Martin', 'V Leblond', 'G Guillotel', 'V Heiries']
     Venue … of the Satellite Division of The …
     Year 2003
     Abstract Open Service (OS), Safety of Life Service (SOL) and even Public Regulated Service (PRS  Hardware simulation: In order not to have a prohibitive (and pointless) computation time, the true  As a consequence the carrier and code NCO are simple continuous integrators, providing
     Url https://www.ion.org/publications/abstract.cfm?articleID=5194


     Search term "Continuous"+"Hardware+simulation"+"Regulated"
     Title DC-DC boost converter design for solar electric system
     Author ['A Ponniran', 'AF Mat Said']
     Venue NA
     Year 2009
     Abstract The output waveform that obtained is continuous conduction mode (CCM) which is the inductor current value  The project is able to convert DC voltage, 12 V to regulated DC voltage 24 V. Table 6 shows the comparison between hardware, simulation and calculation
     Url http://eprints.uthm.edu.my/id/eprint/1975


     Search term "Continuous"+"Hardware+simulation"+"Regulated"
     Title Hardware-in-the-loop simulation of FPGA embedded processor based controls for power electronics
     Author ['O Jiménez', 'I Urriza', 'LA Barragán']
     Venue 2011 IEEE …
     Year 2011
     Abstract The plant model that is a continuous system is transformed into a discrete-time model and modeled by difference equations  The output voltage vo has to be regulated at Vo_ref = 5 V. Switch SWR is used to put in parallel an additional resistor in order to generate step load
     Url https://ieeexplore.ieee.org/abstract/document/5984385/


     Search term "Continuous"+"Hardware+simulation"+"Regulated"
     Title Methods and regulated gaming machines configured for service oriented smart display buttons
     Author ['TB De Courssou', 'CA Filipour']
     Venue US Patent 8,147,340
     Year 2012
     Abstract FIG. 10 b illustrates an embodiment of the present inventions in which the front panel of a regulated gaming machine includes a specialized device  The image rendering is fed by a continuous stream of video data in compressed or non-compressed format (eg AVI, mp4, mov, TV
     Url https://patents.google.com/patent/US8147340B2/en


     Search term "Continuous"+"Hardware+simulation"+"Regulated"
     Title Hardware simulation with access restrictions
     Author ['W Neifert', 'K Hotaling', 'J Marantz', 'A Ladd']
     Venue US Patent App. 10 …
     Year 2004
     Abstract US20040093198A1 - Hardware simulation with access restrictions - Google Patents. Hardware simulation with access restrictions. Download PDF Info  US10/702,915 2002-11-08 2003-11-06 Hardware simulation with access restrictions Abandoned US20040093198A1 (en)
     Url https://patents.google.com/patent/US20040093198A1/en


     Search term "Continuous"+"Hardware+simulation"+"Regulated"
     Title Control Algorithms and Implementation for Variable Speed Stall Regulated Wind Turbines
     Author ['D Bourlis']
     Venue NA
     Year 2011
     Abstract 164 6.7. Hardware simulation results of stall regulation at constant power..... 165  SR WTs are reviewed. 1.5.Control of variable speed stall regulated wind turbines  In [36] a continuous time sliding mode controller is proposed, which is claimed to be
     Url https://leicester.figshare.com/articles/Control_algorithms_and_implementation_for_variable_speed_stall_regulated_wind_turbines/10168340/files/18325217.pdf

