Showing papers for search query "Continuous"+"FDA+Requirements"

     Search term "Continuous"+"FDA+Requirements"
     Title A new era in continuous glucose monitoring: Food and Drug Administration creates a new category of factory-calibrated nonadjunctive, interoperable class II …
     Author ['SK Garg', 'HK Akturk']
     Venue NA
     Year 2018
     Abstract This met the necessary FDA requirements for approval in addition to issuing new guidelines for iCGM for 510(k) applications (Table  Bode BW, Garg SK, et al.: Statement by the American Association of Clinical Endocrinologists Consensus Panel on continuous glucose monitoring
     Url https://www.liebertpub.com/doi/full/10.1089/dia.2018.0142


     Search term "Continuous"+"FDA+Requirements"
     Title Validation of a continuous granulation process using a twin-screw extruder
     Author ['B Van Melkebeke', 'C Vervaet', 'JP Remon']
     Venue International journal of …
     Year 2008
     Abstract twin-screw granulation technique, no additional (wet or dry) milling steps were required, resulting in an efficient continuous granulation technique  These values comply with the FDA requirements for drug distribution in granules (mean within 90 and 110% of the target strength
     Url https://www.sciencedirect.com/science/article/pii/S037851730800032X


     Search term "Continuous"+"FDA+Requirements"
     Title Measures of accuracy for continuous glucose monitoring and blood glucose monitoring devices
     Author ['G Freckmann', 'S Pleus', 'M Grady']
     Venue Journal of Diabetes …
     Year 2019
     Abstract Download Citation. Download article citation data for: Measures of Accuracy for Continuous Glucose Monitoring and Blood Glucose Monitoring Devices. Guido Freckmann, MD , Stefan Pleus, MSc , Mike Grady, PhD , Steven Setford, PhD , and Brian Levy, MD
     Url https://journals.sagepub.com/doi/abs/10.1177/1932296818812062


     Search term "Continuous"+"FDA+Requirements"
     Title Benzalkonium chloride: a bronchoconstricting preservative in continuous albuterol nebulizer solutions
     Author ['S Prabhakaran', 'M Abu‐Hasan']
     Venue … : The Journal of Human …
     Year 2017
     Abstract US children's hospitals have recently shifted to using the 0.5% albuterol multidose 20‐ml dropper bottle to prepare continuous nebulized albuterol  States, the shift to sterile preservative‐free vials was also the result of Food and Drug Administration (FDA) requirements for the
     Url https://accpjournals.onlinelibrary.wiley.com/doi/abs/10.1002/phar.1929


     Search term "Continuous"+"FDA+Requirements"
     Title A review of US EPA and FDA requirements for electronic records, electronic signatures, and electronic submissions
     Author ['KL Keatley']
     Venue Quality Assurance
     Year 2000
     Abstract EPA/FDA Requirements for Electronic Records 79 Page 4  When a series of signatures is used during a continuous period, the first executed signa- ture must contain all of the components, while subsequent signings need only include one of the components
     Url https://www.tandfonline.com/doi/abs/10.1080/10529410050133844


     Search term "Continuous"+"FDA+Requirements"
     Title Communication and interoperability for serial comparison in continuous health care–the new challenges
     Author ['A Lymberis', 'D de Rossi']
     Venue … Health Management: State of the Art …
     Year 2004
     Abstract 174 C. Zywietz/Communication and Interoperability for Serial Comparison in Continuous Health Care For electrocardiography this would refer to  While the FDA requirements brought into focus mainly the necessity of platform and program language independent ECG viewing
     Url https://books.google.com/books?hl=ru&lr=&id=6wDvAgAAQBAJ&oi=fnd&pg=PA172&dq=%22Continuous%22+%22FDA+Requirements%22&ots=riuJ0g1gu0&sig=JEcAuLnAKrASJx2AhLJkAP4xL_M


     Search term "Continuous"+"FDA+Requirements"
     Title Developing an effective post-market quality assurance program that ensures patient and user safety, FDA compliance, and continuous product improvement
     Author ['M Irish']
     Venue NA
     Year 2012
     Abstract PROGRAM THAT ENSURES PATIENT AND USER SAFETY, FDA COMPLIANCE, AND CONTINUOUS PRODUCT IMPROVEMENT A Thesis Presented to the Faculty of  device business, as well as the corresponding FDA requirements that pertain to post- market quality
     Url http://search.proquest.com/openview/a7628a184a3171259bfe1442069c4456/1?pq-origsite=gscholar&cbl=18750&diss=y


     Search term "Continuous"+"FDA+Requirements"
     Title Managing Change for Continuous Improvement in a Regulated Industry
     Author ['M Batan']
     Venue NA
     Year 2016
     Abstract Page 1. Managing Change for Continuous Improvement in a Regulated Industry Marcos Batan AIMCAL 2016 Web Coating and Handling Conference  Page 12. Consequences of Change Control • Hindered innovation and continuous improvement; • Lower productivity;
     Url http://www.aimcal.org/uploads/4/6/6/9/46695933/batan_presentation.pdf


     Search term "Continuous"+"FDA+Requirements"
     Title Do the new FDA guidance documents help improving performance of blood glucose monitoring systems compared with ISO 15197?
     Author ['G Freckmann', 'A Baumstark']
     Venue Journal of diabetes …
     Year 2017
     Abstract Recently, the Food and Drug Administration (FDA) published guidance documents for point-of-care testing (POCT) and over-the-counter (OTC) blood glucose monitoring systems (BGMS). These are expected...
     Url https://journals.sagepub.com/doi/abs/10.1177/1932296817713220


     Search term "Continuous"+"FDA+Requirements"
     Title Impact of the US Food and Drug Administration cardiovascular assessment requirements on the development of novel antidiabetes drugs
     Author ['B Hirshberg', 'I Raz']
     Venue Diabetes Care
     Year 2011
     Abstract [Not Found]
     Url https://care.diabetesjournals.org/content/34/Supplement_2/S101.short

