Showing papers for search query "Continuous"+"Medical"+"PLC"+OR+"FPGA"

     Search term "Continuous"+"Medical"+"PLC"+OR+"FPGA"
     Title Medical Intelligent Infusion Monitoring System Based on 5G Network and FPGA
     Author ['C Bei', 'Y Liu', 'J Gu']
     Venue Microprocessors and Microsystems
     Year 2020
     Abstract verticality. Continuous medical infusion intelligent monitoring system improves people's lifestyle  health. Multiple tasks are accomplished with the same interface, buffering and compression FPGA (Field Programmable Gate Array) devices
     Url https://www.sciencedirect.com/science/article/pii/S0141933120305500


     Search term "Continuous"+"Medical"+"PLC"+OR+"FPGA"
     Title FPGA implementation of Morlet continuous wavelet transform for EEG analysis
     Author ['YT Qassim', 'T Cutmore', 'D James']
     Venue … on Computer and …
     Year 2012
     Abstract FPGA Implementation of Morlet Continuous Wavelet Transform for EEG Analysis  Abstract—this article presents the design and implementation of continuous wavelet transform (CWT) of nonstationary Electroencephalogram (EEG) signals using a Spartan 3AN FPGA
     Url https://ieeexplore.ieee.org/abstract/document/6271152/


     Search term "Continuous"+"Medical"+"PLC"+OR+"FPGA"
     Title Real-time data analysis for medical diagnosis using FPGA-accelerated neural networks
     Author ['A Sanaullah', 'C Yang', 'Y Alexeev', 'K Yoshii']
     Venue BMC …
     Year 2018
     Abstract Interface (BCI) [5] based technique that can extract appropriate features from continuous EEG signal  space for compute-bound MLP inference processors using our proposed FPGA-based architecture  our design to be feasible for applications such as real-time medical diagnosis
     Url https://link.springer.com/article/10.1186/s12859-018-2505-7


     Search term "Continuous"+"Medical"+"PLC"+OR+"FPGA"
     Title Automatic detection of electrocardiographic arrhythmias by parallel continuous neural networks implemented in FPGA
     Author ['M Alfaro-Ponce', 'I Chairez']
     Venue Neural Computing and …
     Year 2019
     Abstract of heart disease are not aware of their condition until a catastrophic medical event occurs  This kind of continuous classifier offers an online detection of classical arrhythmia observed in  CoNN algorithm using fixed point arithmetic on a field-programmable gate array (FPGA)
     Url https://link.springer.com/article/10.1007/s00521-017-3051-3


     Search term "Continuous"+"Medical"+"PLC"+OR+"FPGA"
     Title Multichannel FPGA-based arbitrary waveform generator for medical ultrasound
     Author ['S Ricci', 'L Bassi', 'E Boni', 'A Dallai', 'P Tortoli']
     Venue Electronics Letters
     Year 2007
     Abstract to implement a single-channel arbitrary wave genera- tor (AWG) for US medical applications [5  off-line, through a sigma–delta modulator, and stored in the memory connected to the FPGA  a performance is compatible with the need to produce 600 Mbit/s continuous data flow
     Url https://ieeexplore.ieee.org/abstract/document/4390977/


     Search term "Continuous"+"Medical"+"PLC"+OR+"FPGA"
     Title Continuous vacuum wound drainage system
     Author ['EG Phillips', 'RW Insalaco', 'WM Booth III']
     Venue US Patent 4,569,674
     Year 1986
     Abstract US4569674A - Continuous vacuum wound drainage system - Google Patents. Continuous vacuum wound drainage system. Download PDF Info. Publication number US4569674A. US4569674A US06/404,791 US40479182A
     Url https://patents.google.com/patent/US4569674A/en


     Search term "Continuous"+"Medical"+"PLC"+OR+"FPGA"
     Title Design considerations of real-time adaptive beamformer for medical ultrasound research using FPGA and GPU
     Author ['J Chen', 'CH Alfred', 'HKH So']
     Venue 2012 International Conference on …
     Year 2012
     Abstract are being scanned, the real-time definition in medical ultrasound imaging is the human perception of a continuous image video  is in the following aspects: • The designs and implementations of MV adaptive beam- forming for medical ultrasound using FPGA and GPU
     Url https://ieeexplore.ieee.org/abstract/document/6412134/


     Search term "Continuous"+"Medical"+"PLC"+OR+"FPGA"
     Title Continuous beam scanning intensity control of a medical proton accelerator using a Simulink generated FPGA gain scheduled controller
     Author ['PF Carmona', 'V Minnig', 'G Klimpki', 'D Meer', 'M Eichin']
     Venue NA
     Year NA
     Abstract At the Center for Proton Therapy at the Paul Scherrer Institute cancer patients are treated with a fixed beamline and in two gantries for ocular and non-ocular malignancies. The gantries use a step-and-shoot technique to deliver dose covering the treatment volume
     Url https://s3.cern.ch/inspire-prod-files-2/24b0525f95121210231eaef04ebf972c


     Search term "Continuous"+"Medical"+"PLC"+OR+"FPGA"
     Title Continuous Beam Scanning Intensity Control of a Medical Proton Accelerator Using a Simulink Generated FPGA Gain Scheduled Controller
     Author ['P Fernandez Carmona', 'C Bula']
     Venue 12th Int. Workshop …
     Year 2019
     Abstract AB-At the Centre for Proton Therapy at the Paul Scherrer Institut we treat cancer patients using a fixed beam line and two gantries. The latter use a step-and-shoot technique to deliver dose covering the treatment volume with a grid of weighted proton bunches. Dose
     Url http://accelconf.web.cern.ch/AccelConf/pcapac2018/export/FRCC2-ris.htm


     Search term "Continuous"+"Medical"+"PLC"+OR+"FPGA"
     Title Medical navigation apparatus
     Author ['JS Bladen', 'AP Anderson']
     Venue US Patent 7,174,202
     Year 2007
     Abstract B2 US7174202 B2 US 7174202B2 Authority US United States Prior art keywords navigation apparatus defined medical medical navigation operable Prior  and makes no representation or warranty as to the accuracy of the list.) British Telecommunications PLC Original Assignee
     Url https://patents.google.com/patent/US7174202B2/en

