Showing papers for search query "Continuous"+"FDA+Requirements"+"Regulated"

     Search term "Continuous"+"FDA+Requirements"+"Regulated"
     Title Managing Change for Continuous Improvement in a Regulated Industry
     Author ['M Batan']
     Venue NA
     Year 2016
     Abstract Page 1. Managing Change for Continuous Improvement in a Regulated Industry Marcos Batan AIMCAL 2016 Web Coating and Handling Conference Memphis, Tennessee Contract Manufacturing Precision Custom Coating Services www.tollcoating.com October 12, 2016
     Url http://www.aimcal.org/uploads/4/6/6/9/46695933/batan_presentation.pdf


     Search term "Continuous"+"FDA+Requirements"+"Regulated"
     Title Successful collaborative software projects for medical devices in an FDA regulated environment: myth or reality?
     Author ['S Sudershana', 'A Villca-Roque']
     Venue … Conference on Global …
     Year 2007
     Abstract In this case, the tool was internally used by scientists for the development of IVD tests and was already compliant with FDA requirements [9, 10]  Additional activities typical in an FDA regulated environment, such as continuous risk evaluation and mitigation, validation
     Url https://ieeexplore.ieee.org/abstract/document/4299857/


     Search term "Continuous"+"FDA+Requirements"+"Regulated"
     Title A compliance office for heavily regulated enterprises—a best practice approach to meeting US FDA requirements
     Author ['JK Himmelreich']
     Venue BT technology journal
     Year 2007
     Abstract Driving continuous improvement  the overall quality systems within BT to meet the required needs of a specific class of heavily regulated clients  the emphasis of the current compliance office has been to meet pharmaceutical requirements, and specifically FDA requirements, it is
     Url https://link.springer.com/content/pdf/10.1007/s10550-007-0007-7.pdf


     Search term "Continuous"+"FDA+Requirements"+"Regulated"
     Title Developing an effective post-market quality assurance program that ensures patient and user safety, FDA compliance, and continuous product improvement
     Author ['M Irish']
     Venue NA
     Year 2012
     Abstract COMPLIANCE, AND CONTINUOUS PRODUCT IMPROVEMENT A Thesis Presented  The industry is very closely regulated because it involves products that not only have the great potential to  device business, as well as the corresponding FDA requirements that pertain to post
     Url http://search.proquest.com/openview/a7628a184a3171259bfe1442069c4456/1?pq-origsite=gscholar&cbl=18750&diss=y


     Search term "Continuous"+"FDA+Requirements"+"Regulated"
     Title A multidisciplinary approach to meeting regulatory requirements through use of process informatics in regulated manufacturing
     Author ['K Meints']
     Venue NA
     Year 2014
     Abstract and risk based approaches for more flexibility in decision making • promote continuous improvement of  This article provides information on the FDA requirements, and how to use a quality  for one of three reasons: the organization may lack procedures for a regulated area, the
     Url http://search.proquest.com/openview/381fb6074c72336c4f79a7e66666d269/1?pq-origsite=gscholar&cbl=18750&diss=y


     Search term "Continuous"+"FDA+Requirements"+"Regulated"
     Title The DMAIC method: An application for continuous improvement of beverage label claims
     Author ['H Stevenson']
     Venue NA
     Year 2015
     Abstract are regulated on a product label, much of the label is cluttered with marketing jargon and non-regulated information  and marketing requests. The open communication between departments has fostered an environment for continuous improvement of the product label. Page
     Url http://search.proquest.com/openview/20d698f247b311b17a5e3e6c097d0953/1?pq-origsite=gscholar&cbl=18750&diss=y


     Search term "Continuous"+"FDA+Requirements"+"Regulated"
     Title Understanding the Benefits of Agile Software Development in Regulated Environments
     Author ['J Karrenbauer', 'M Wiesche', 'H Krcmar']
     Venue NA
     Year 2019
     Abstract as flexible planning, early delivery of the software production, or a continuous improvement of  by customers [4]. One example is the medical device industry, which is highly regulated  for the US market must guarantee that their software complies with all FDA requirements.1 For
     Url https://aisel.aisnet.org/wi2019/track07/papers/5/


     Search term "Continuous"+"FDA+Requirements"+"Regulated"
     Title The future of pharmaceutical quality and the path to get there
     Author ['XY Lawrence', 'M Kopcha']
     Venue International journal of pharmaceutics
     Year 2017
     Abstract economic drivers, performance-based regulation, QbD, advanced manufacturing technologies, and continuous improvement and  The pharmaceutical industry is highly regulated because patients and consumers are generally  It is easier to simply comply with FDA requirements
     Url https://www.sciencedirect.com/science/article/pii/S0378517317305471


     Search term "Continuous"+"FDA+Requirements"+"Regulated"
     Title Investigating the capability of agile processes to support life-science regulations: the case of XP and FDA regulations with a focus on human factor requirements
     Author ['H Mehrfard', 'H Pirzadeh', 'A Hamou-Lhadj']
     Venue Software Engineering Research …
     Year 2010
     Abstract authoritative rules have a direct impact on the way software systems, used by regulated companies, are  Table 3 Level of XP support for FDA requirements for medical device software  He considers auditing as a continuous practice that starts early in the XP life cycle instead of
     Url https://link.springer.com/chapter/10.1007/978-3-642-13273-5_16


     Search term "Continuous"+"FDA+Requirements"+"Regulated"
     Title Development of a Fully Integrated Global Learning System in a Regulated Environment
     Author ['C Sigmund', 'D Wallace', 'T Kliever']
     Venue European Conference on e …
     Year 2013
     Abstract result, the company found it nearly impossible to meet customer and FDA requirements related to  TE Connectivity is a US Food and Drug Administration (FDA) regulated global manufacturer of  rarest cases to meet this objective, thus placing the company in continuous jeopardy
     Url http://search.proquest.com/openview/2616f896b4618dbacdbc8b7d87454d3b/1?pq-origsite=gscholar&cbl=1796419

