Showing papers for search query "Cyber-physical+system"+OR+"Industrial+control+system"+OR+"ICS"+OR+"SCADA"+OR+"Distributed+control+system"+OR+"DCS"+"Hardware+simulation"+"Medical"

     Search term "Cyber-physical+system"+OR+"Industrial+control+system"+OR+"ICS"+OR+"SCADA"+OR+"Distributed+control+system"+OR+"DCS"+"Hardware+simulation"+"Medical"
     Title DyRT: dynamic response textures for real time deformation simulation with graphics hardware
     Author ['DL James', 'DK Pai']
     Venue Proceedings of the 29th annual conference on …
     Year 2002
     Abstract 19, 28] and also static [11, 10] deformable models, we are primarily interested in their amenability to graphics hardware simulation [14]  Good Vibrations: Modal Dynamics for Graph- ics and Animation  Non-linear and anisotropic elastic soft tissue models for medical simulation
     Url https://dl.acm.org/doi/abs/10.1145/566570.566621


     Search term "Cyber-physical+system"+OR+"Industrial+control+system"+OR+"ICS"+OR+"SCADA"+OR+"Distributed+control+system"+OR+"DCS"+"Hardware+simulation"+"Medical"
     Title Water treatment and distribution simulation for a SCADA security testbed.
     Author ['KT Moss']
     Venue NA
     Year 2012
     Abstract Chapters 4 and 5 discuss the implementation of the water sector model in both a software and hardware simulation  individuals that don't require it. These threats pose a real danger to SCADA security  not targeted directly at industrial control systems (ICS)
     Url http://ir.library.louisville.edu/cgi/viewcontent.cgi?article=2012&context=etd


     Search term "Cyber-physical+system"+OR+"Industrial+control+system"+OR+"ICS"+OR+"SCADA"+OR+"Distributed+control+system"+OR+"DCS"+"Hardware+simulation"+"Medical"
     Title Eigenskin: real time large deformation character skinning in hardware
     Author ['PG Kry', 'DL James', 'DK Pai']
     Venue Proceedings of the 2002 ACM SIGGRAPH …
     Year 2002
     Abstract a) FEM simulated pose b) SSD only c) EigenSkin d) Real time hardware simulation  PENTLAND, A., AND WILLIAMS, J. July 1989. Good vibrations: Modal dynam- ics for graphics and animation  Non-linear and anisotropic elastic soft tissue models for medical simulation
     Url https://dl.acm.org/doi/abs/10.1145/545261.545286


     Search term "Cyber-physical+system"+OR+"Industrial+control+system"+OR+"ICS"+OR+"SCADA"+OR+"Distributed+control+system"+OR+"DCS"+"Hardware+simulation"+"Medical"
     Title Understanding the memory performance of data-mining workloads on small, medium, and large-scale cmps using hardware-software co-simulation
     Author ['W Li', 'E Li', 'A Jaleel', 'J Shan', 'Y Chen']
     Venue … Analysis of Systems …
     Year 2007
     Abstract simulators, FPGA-based hardware simulation has been  ics which is used to identify the similar and divergent re- gions between two sequences  applications including credit approval, medical diagnosis, performance prediction, and selective marketing. 2.5
     Url https://ieeexplore.ieee.org/abstract/document/4211020/


     Search term "Cyber-physical+system"+OR+"Industrial+control+system"+OR+"ICS"+OR+"SCADA"+OR+"Distributed+control+system"+OR+"DCS"+"Hardware+simulation"+"Medical"
     Title PAX: A mixed hardware/software simulation platform for spiking neural networks
     Author ['S Renaud', 'J Tomas', 'N Lewis', 'Y Bornat', 'A Daouzli']
     Venue Neural Networks
     Year 2010
     Abstract In such a case, the hardware is designed for a specific application, as for example in the case of bio-medical artefacts (Akay  biophysical models following the Hodgkin–Huxley (HH) formalism, in order to address two fields of research: (i) build a hardware simulation system for
     Url https://www.sciencedirect.com/science/article/pii/S0893608010000638


     Search term "Cyber-physical+system"+OR+"Industrial+control+system"+OR+"ICS"+OR+"SCADA"+OR+"Distributed+control+system"+OR+"DCS"+"Hardware+simulation"+"Medical"
     Title Cyber-Physical Systems: A New Paradigm for Energy Technology Development
     Author ['D Tucker', 'P Pezzini', 'KM Bryden']
     Venue ASME Power …
     Year 2018
     Abstract building a cyber-physical test facility would provide a reconfigurable hardware simulation capable of  In this regard, SCADA systems are used for implementing or advising multi-objective  The cyber-physical system hardware was physically coupled to a gas turbine, exhaust gas
     Url https://asmedigitalcollection.asme.org/POWER/proceedings-abstract/POWER2018/51395/V001T04A001/277478


     Search term "Cyber-physical+system"+OR+"Industrial+control+system"+OR+"ICS"+OR+"SCADA"+OR+"Distributed+control+system"+OR+"DCS"+"Hardware+simulation"+"Medical"
     Title Design of Embedded Linux Simulation Development Environment
     Author ['W WANG', 'Z WU']
     Venue Computer Simulation
     Year 2005
     Abstract software/hardware cooperate.To meet the requirement we discussed current software/hardware simulation technologies  4, Zhang Zuying;Research on Ethernet-based Board-type DCS Application Technology[J];Computer  5, ;Design of a Medical Balanced Device[J];;2006-22
     Url http://en.cnki.com.cn/Article_en/CJFDTotal-JSJZ200509069.htm


     Search term "Cyber-physical+system"+OR+"Industrial+control+system"+OR+"ICS"+OR+"SCADA"+OR+"Distributed+control+system"+OR+"DCS"+"Hardware+simulation"+"Medical"
     Title Understanding the Memory Performance of Data-Mining Workloads on Small, Medium, and Large-Scale CMPs Using Hardware-Software Co-simulation
     Author ['W Li', 'E Li', 'A Jaleel', 'J Shan', 'Y Chen', 'Q Wang']
     Venue … Analysis of Systems & …
     Year 2007
     Abstract on,an,Intel®g,Xeon®g,machine.,simulators,,FPGA-based,hardware,simulation,has,been  an,important,tool,in,,bioinformat2.2.,Classification,and,Prediction,Workloads,ics,which,is  mon,substring,in,sequences.,applications,including,credit,approval,,medical,diagnosis
     Url https://www.computer.org/csdl/proceedings-article/ispass/2007/04211020/12OmNwHQB7S


     Search term "Cyber-physical+system"+OR+"Industrial+control+system"+OR+"ICS"+OR+"SCADA"+OR+"Distributed+control+system"+OR+"DCS"+"Hardware+simulation"+"Medical"
     Title A compiler for biological networks on silicon chips
     Author ['JK Medley', 'J Teo', 'SS Woo', 'J Hellerstein']
     Venue PLoS computational …
     Year 2020
     Abstract E-mail: kyle@how2cell.com. Current address: Stowers Institute for Medical Research, Kansas City, Missouri, United States of America. Affiliation Department of Bioengineering, University of Washington, Seattle, Washington, United States of America
     Url https://journals.plos.org/ploscompbiol/article?id=10.1371/journal.pcbi.1008063


     Search term "Cyber-physical+system"+OR+"Industrial+control+system"+OR+"ICS"+OR+"SCADA"+OR+"Distributed+control+system"+OR+"DCS"+"Hardware+simulation"+"Medical"
     Title Implementation of health monitoring system using mixed environment
     Author ['N Sinha', 'V Ravi']
     Venue Indian Journal of Science and Technology
     Year 2015
     Abstract is modelled in this paper by using a mixed software and hardware simulation environment  Proceedings 12th Nordic Baltic Conference on Bio- medical Engineering and Medical Physics; 2002 Jun  E, Momose S, Sansen WA single chip CMOS transceiver for DCS-1800 wireless
     Url https://www.researchgate.net/profile/Ravi_V2/publication/283788462_Implementation_of_Health_Monitoring_System_using_Mixed_Environment/links/58062fa208ae5ad188162523/Implementation-of-Health-Monitoring-System-using-Mixed-Environment.pdf

