Showing papers for search query "Cyber-physical+system"+OR+"Industrial+control+system"+OR+"ICS"+OR+"SCADA"+OR+"Distributed+control+system"+OR+"DCS"+"FDA+Requirements"+"Medical"

     Search term "Cyber-physical+system"+OR+"Industrial+control+system"+OR+"ICS"+OR+"SCADA"+OR+"Distributed+control+system"+OR+"DCS"+"FDA+Requirements"+"Medical"
     Title FDAAA TrialsTracker: A live informatics tool to monitor compliance with FDA requirements to report clinical trial results
     Author ['NJ DeVito', 'S Bacon', 'B Goldacre']
     Venue BioRxiv
     Year 2019
     Abstract Page 1. Preprint FDAAA TrialsTracker: A live informatics tool to monitor compliance with FDA requirements to report clinical trial results Nicholas J. DeVito, Seb Bacon, Ben Goldacre∗ EBM DataLab University of Oxford Abstract
     Url https://www.biorxiv.org/content/10.1101/266452v4.abstract


     Search term "Cyber-physical+system"+OR+"Industrial+control+system"+OR+"ICS"+OR+"SCADA"+OR+"Distributed+control+system"+OR+"DCS"+"FDA+Requirements"+"Medical"
     Title Teaching medical device design using design control
     Author ['K May-Newman', 'GB Cornwall']
     Venue Expert Review of Medical Devices
     Year 2012
     Abstract DCs are a component of an entire quality system for a company that is a  is a proven approach to learning in interdisciplinary subjects, and works well for medical device design  As the FDA requirements evolve and change over time, the curriculum must adapt to teach what is
     Url https://www.tandfonline.com/doi/abs/10.1586/erd.11.63


     Search term "Cyber-physical+system"+OR+"Industrial+control+system"+OR+"ICS"+OR+"SCADA"+OR+"Distributed+control+system"+OR+"DCS"+"FDA+Requirements"+"Medical"
     Title Medical device design and regulation
     Author ['CT DeMarco']
     Venue NA
     Year 2011
     Abstract Page 1. Carl T. DeMarco Medical Device Design and Regulation Page 2. Medical Device Design and Regulation Page 3. Also available from ASQ Quality Press: The FDA and Worldwide Quality System Requirements Guidebook
     Url https://books.google.com/books?hl=es&lr=&id=jvChs-CibdUC&oi=fnd&pg=PR3&dq=%22Cyber-physical+system%22+OR+%22Industrial+control+system%22+OR+%22ICS%22+OR+%22SCADA%22+OR+%22Distributed+control+system%22+OR+%22DCS%22+%22FDA+Requirements%22+%22Medical%22&ots=X7ySGF_2HH&sig=3eRWs3uK8VJiwK-NfI_1EwyyEKk


     Search term "Cyber-physical+system"+OR+"Industrial+control+system"+OR+"ICS"+OR+"SCADA"+OR+"Distributed+control+system"+OR+"DCS"+"FDA+Requirements"+"Medical"
     Title Commentary on payment and reimbursement issues affecting the marketing of drugs, medical devices, and biologics, with emphasis on the anti-kickback statute and …
     Author ['JB Reiss']
     Venue Food and drug law journal
     Year 1997
     Abstract 1457 (DCS Cal  These requirement, however, are becoming as important as FDA requirements in their effect on manufac turers' success in  The rules governing manufacturers' participa tion in the medical assistance programs' pharmaceutical benefits, and the associated "best
     Url https://www.jstor.org/stable/26659833


     Search term "Cyber-physical+system"+OR+"Industrial+control+system"+OR+"ICS"+OR+"SCADA"+OR+"Distributed+control+system"+OR+"DCS"+"FDA+Requirements"+"Medical"
     Title Cybersecurity of medical systems: challenges and solutions in the context of the internet of things
     Author ['АА Стрєлкина', 'ДУ Дмитро']
     Venue RADIOELECTRONIC AND COMPUTER …
     Year 2017
     Abstract Medical Devices for Fun and Insulin: Breaking the Human SCADA System, 2011  of cybersecurity providing, such as HIPAA privacy and security rules, FDA requirements for cybersecurity  Key words: cybersecurity threats; Internet of things, cybersecurity; medical systems; HIPAA
     Url http://nti.khai.edu/ojs/index.php/reks/article/view/15


     Search term "Cyber-physical+system"+OR+"Industrial+control+system"+OR+"ICS"+OR+"SCADA"+OR+"Distributed+control+system"+OR+"DCS"+"FDA+Requirements"+"Medical"
     Title Excursion: FDA Compliance and Controls in SAP
     Author ['M Chuprunov']
     Venue Auditing and GRC Automation in SAP
     Year 2013
     Abstract PMSB – Pharmaceutical and Medical Safety Bureau (Japan)  similar risk-based approaches mentioned in Part I of the book in connection with the ICS approaches from  It is important to understand that all current FDA requirements refer to the documentation, and not only for the
     Url https://link.springer.com/chapter/10.1007/978-3-642-35302-4_13


     Search term "Cyber-physical+system"+OR+"Industrial+control+system"+OR+"ICS"+OR+"SCADA"+OR+"Distributed+control+system"+OR+"DCS"+"FDA+Requirements"+"Medical"
     Title Cleaning Validations of Medical Products
     Author ['SG Richter']
     Venue NA
     Year NA
     Abstract device sterile and free from microorganisms (except prions) according to FDA requirements • test soil  Method for Determination of Effectiveness of Cleaning Processes for Reusable Medical Instruments Using  the main issues because of the channels and mechan- ics required to
     Url https://www.researchgate.net/profile/Steven_Richter/publication/282252219_Cleaning_Validation_of_medical_products/links/56098db608ae576ce63e3245.pdf


     Search term "Cyber-physical+system"+OR+"Industrial+control+system"+OR+"ICS"+OR+"SCADA"+OR+"Distributed+control+system"+OR+"DCS"+"FDA+Requirements"+"Medical"
     Title Communicating and promoting comparative-effectiveness research findings
     Author ['PJ Neumann']
     Venue N Engl J Med
     Year 2013
     Abstract incentives for companies to con- duct confirmatory trials, effective- ly allowing them to circumvent the FDA requirements for drug  and Risk in Health, Institute for Clinical Re- search and Health Policy Studies, Tufts Medical Center, Boston  Pharmacoeconom- ics 2011;29:687-92
     Url http://www3.med.unipmn.it/intranet/papers/2013/NEJM/2013-07-18_nejm/nejmp1300312.pdf


     Search term "Cyber-physical+system"+OR+"Industrial+control+system"+OR+"ICS"+OR+"SCADA"+OR+"Distributed+control+system"+OR+"DCS"+"FDA+Requirements"+"Medical"
     Title Cyberattacks on medical devices and hospital networks: legal gaps and regulatory solutions
     Author ['K Wellington']
     Venue Santa Clara High Tech. LJ
     Year 2013
     Abstract MAIL ONLINE (July 25, 2012, 8:43 AM), http://www.dailymail.co.uk/news/article- 2178781/Iran -nuclear-facilities-hit-cyber-attack-plays-AC-DCs-Thunderstruck-volume  7. Christine Hsu, Many Popular Medical Devices May Be Vulnerable to Cyber Attacks, MEDICAL DAILY (Apr
     Url https://heinonline.org/hol-cgi-bin/get_pdf.cgi?handle=hein.journals/sccj30&section=9


     Search term "Cyber-physical+system"+OR+"Industrial+control+system"+OR+"ICS"+OR+"SCADA"+OR+"Distributed+control+system"+OR+"DCS"+"FDA+Requirements"+"Medical"
     Title FDA Jurisdiction: A Matter of Definitions in Food & Drug Law: Cases and Materials, 3rd ed.
     Author ['L Grossman']
     Venue NA
     Year 2007
     Abstract A. INTRODUCTION The 1938 Act gave FDA authority over four broad categories of products, all of which the agency still regulates: food, drugs, cosmetics, and medical devices  FDA d1·clared that noncorrective decorative contact lenses were not medical devices, see
     Url https://digitalcommons.wcl.american.edu/facsch_bk_contributions/106/

