Showing papers for search query "DevOps"+"Medical"

     Search term "DevOps"+"Medical"
     Title DevOps in regulated software development: case medical devices
     Author ['T Laukkarinen', 'K Kuusinen']
     Venue 2017 IEEE/ACM 39th …
     Year 2017
     Abstract DevOps and continuous development are getting popular in the software industry. Adopting these modern approaches in regulatory environments, such as medical device software, is not straightforward because of the demand for regulatory compliance. While DevOps relies
     Url https://ieeexplore.ieee.org/abstract/document/7966870/


     Search term "DevOps"+"Medical"
     Title Regulated software meets DevOps
     Author ['T Laukkarinen', 'K Kuusinen', 'T Mikkonen']
     Venue Information and Software …
     Year 2018
     Abstract Our previous work [5] could not identify related research on DevOps for medical device software development, and, in fact, research on DevOps in embedded software domain – which medical device software essentially is–is also scarce [6]. Ebert et al
     Url https://www.sciencedirect.com/science/article/pii/S0950584918300144


     Search term "DevOps"+"Medical"
     Title DevOps in an ISO 13485 Regulated Environment: A Multivocal Literature Review
     Author ['MF Lie', 'M Sánchez-Gordón']
     Venue Proceedings of the 14th …
     Year 2020
     Abstract professional topics→Medical technologies KEYWORDS DevOps, Medical device software development, ISO 13485, Multivocal Literature Review  RQ1: Is there evidence in the sources of the usage of DevOps in regulated medical devices environments
     Url https://dl.acm.org/doi/abs/10.1145/3382494.3410679


     Search term "DevOps"+"Medical"
     Title A Domain Specific Modeling Language Framework (DSL) for Representative Medical Prescription by using Generic Modeling Environment (GME).‏‎
     Author ['L Dalla', 'AMA El-sseid', 'TM Alarbi', 'M Ahmad']
     Venue NA
     Year 2020
     Abstract of this beneficial study is important for several domains such as industrial world, educational world, medical world as well as scientific world in addition researchers who aimed for some investigations outcome based on Generic Modeling Environment (GME) DevOps usage
     Url https://iiardpub.org/get/IJEMT/VOL.%206%20NO.%202%202020/A%20Domain%20Specific%20Modeling.pdf


     Search term "DevOps"+"Medical"
     Title DevOps in an ISO 13485 Regulated Environment: A Multivocal Literature Review
     Author ['M Forsberg Lie', 'M Sánchez-Gordón']
     Venue arXiv e …
     Year 2020
     Abstract organizational and technical. Conclusion: DevOps for regulated medical device environments is a highly appealing approach as compared to traditional methods and could be particularly suited for regulated medical development
     Url https://ui.adsabs.harvard.edu/abs/2020arXiv200711295F/abstract


     Search term "DevOps"+"Medical"
     Title DevOps
     Author ['C Ebert', 'G Gallardo', 'J Hernantes', 'N Serrano']
     Venue Ieee Software
     Year 2016
     Abstract Such tools are a major DevOps enabler, es- pecially as architecture moves from a monolithic block of software to a microservices approach  However, for critical applications in which failure isn't an option—for ex- ample, medical or aerospace applica- tions—a more conservative
     Url https://ieeexplore.ieee.org/abstract/document/7458761/


     Search term "DevOps"+"Medical"
     Title Towards agile yet regulatory-compliant development of medical software
     Author ['V Stirbu', 'T Mikkonen']
     Venue 2018 IEEE International Symposium on …
     Year 2018
     Abstract [1] Laukkarinen, T., Kuusinen, K., and Mikkonen, T. DevOps in regulated software development: case medical devices. In Proceedings of the 39th International Conference on Software Engineering: New Ideas and Emerging Results Track, pp. 15-18. IEEE Press, 2017
     Url https://ieeexplore.ieee.org/abstract/document/8539216/


     Search term "DevOps"+"Medical"
     Title Prioritization Based Taxonomy of DevOps Security Challenges Using PROMETHEE
     Author ['S Rafi', 'W Yu', 'MA Akbar', 'A Alsanad', 'A Gumaei']
     Venue IEEE Access
     Year 2020
     Abstract are novel in this research domain as it has been used successfully in various other domains eg medical, banking, internet techniques and management etc. The contribution of this study is not limited to develop the taxonomy based structure of DevOps security challenges, but
     Url https://ieeexplore.ieee.org/abstract/document/9104690/


     Search term "DevOps"+"Medical"
     Title Controlling for cybersecurity risks of medical device software
     Author ['K Fu', 'J Blum']
     Venue Communications of the ACM
     Year 2013
     Abstract Recommendations to improve medical Device Cybersecurity ˲ Manufacturers should consider cy- bersecurity during the design phase of the medical device  Media Tablets for Mobile Learning: Friend or Foe? Adopting DevOps Practices in Quality Assurance
     Url https://dl.acm.org/doi/fullHtml/10.1145/2508701


     Search term "DevOps"+"Medical"
     Title A survey of DevOps concepts and challenges
     Author ['L Leite', 'C Rocha', 'F Kon', 'D Milojicic']
     Venue ACM Computing Surveys …
     Year 2019
     Abstract Page 1. 127 A Survey of DevOps Concepts and Challenges LEONARDO LEITE, University  The present survey investigates and discusses DevOps challenges from the perspective of engineers, managers, and researchers. We review the
     Url https://dl.acm.org/doi/abs/10.1145/3359981

