Showing papers for search query "DevOps"+"Case+Study"

     Search term "DevOps"+"Case+Study"
     Title DevOps adoption benefits and challenges in practice: a case study
     Author ['L Riungu-Kalliosaari', 'S Mäkinen', 'LE Lwakatare']
     Venue … Conference on Product …
     Year 2016
     Abstract DevOps is an approach in which traditional software engineering roles are merged and communication is enhanced to improve the production release frequency and maintain software quality. There seem to be benefits in adopting DevOps but practical industry
     Url https://link.springer.com/chapter/10.1007/978-3-319-49094-6_44


     Search term "DevOps"+"Case+Study"
     Title DevOps in practice: A multiple case study of five companies
     Author ['LE Lwakatare', 'T Kilamo', 'T Karvonen', 'T Sauvola']
     Venue Information and …
     Year 2019
     Abstract Context: DevOps is considered important in the ability to frequently and reliably update a system in operational state. DevOps presumes cross-functional collaboration and automation between software development and operations. DevOps adoption and
     Url https://www.sciencedirect.com/science/article/pii/S0950584917302793


     Search term "DevOps"+"Case+Study"
     Title DevOps capabilities, practices, and challenges: Insights from a case study
     Author ['M Senapathi', 'J Buchan', 'H Osman']
     Venue Proceedings of the 22nd …
     Year 2018
     Abstract DevOps is a set of principles and practices to improve collaboration between development and IT Operations. Against the backdrop of the growing adoption of DevOps in a variety of software development domains, this paper describes empirical research into factors
     Url https://dl.acm.org/doi/abs/10.1145/3210459.3210465


     Search term "DevOps"+"Case+Study"
     Title Adopting DevOps in the real world: A theory, a model, and a case study
     Author ['WP Luz', 'G Pinto', 'R Bonifácio']
     Venue Journal of Systems and Software
     Year 2019
     Abstract DevOps is a set of practices and cultural values that aims to reduce the barriers between development and operations teams. Due to its increasing interest and imprecise definitions, existing research works have tried to characterize DevOps. Nevertheless, little is known
     Url https://www.sciencedirect.com/science/article/pii/S0164121219301517


     Search term "DevOps"+"Case+Study"
     Title Integrated solution for timely delivery of customer change requests: A case study of using devops approach
     Author ['Y Liu', 'C Li', 'W Liu']
     Venue International Journal of u-and e-Service, Science and …
     Year 2014
     Abstract Numerous past studies have indicated a strong linkage between customer satisfaction and business performance exhibited through timely responses and delivery of customer requests. As the enterprise software industry is shifting to capabilities such as timely delivery
     Url https://www.earticle.net/Article/A231088


     Search term "DevOps"+"Case+Study"
     Title Dependency management in large-scale agile: a case study of DevOps teams
     Author ['V Stray', 'NB Moe', 'A Aasheim']
     Venue Proceeding of the 52nd Hawaii …
     Year 2019
     Abstract Managing dependencies between teams and within teams is critical when running large-scale agile projects. In large-scale software development, work is carried out simultaneously by many developers and development teams. Results are delivered frequently and
     Url https://sintef.brage.unit.no/sintef-xmlui/handle/11250/2644833


     Search term "DevOps"+"Case+Study"
     Title DevOps
     Author ['C Ebert', 'G Gallardo', 'J Hernantes', 'N Serrano']
     Venue Ieee Software
     Year 2016
     Abstract (For an example, see the sidebar “A DevOps Case Study.”) A key lesson for all these companies has been not to under- estimate the culture shift. All Dev- Ops projects face four major re- lated challenges  Contact him at nserrano@ tecnun.es. A DEVOPS CASE STUDY
     Url https://ieeexplore.ieee.org/abstract/document/7458761/


     Search term "DevOps"+"Case+Study"
     Title CMMI guided process improvement for DevOps projects: an exploratory case study
     Author ['G Rong', 'H Zhang', 'D Shao']
     Venue … of the International Conference on Software …
     Year 2016
     Abstract Very recently, an increasing number of software companies adopted DevOps to adapt themselves to the ever-changing business environment. While it is important to mature adoption of the DevOps for these companies, no dedicated maturity models for DevOps
     Url https://dl.acm.org/doi/abs/10.1145/2904354.2904372


     Search term "DevOps"+"Case+Study"
     Title Non-intrusive anomaly detection with streaming performance metrics and logs for DevOps in public clouds: a case study in AWS
     Author ['D Sun', 'M Fu', 'L Zhu', 'G Li', 'Q Lu']
     Venue IEEE transactions on Emerging …
     Year 2016
     Abstract Public clouds are a style of computing platforms, where scalable and elastic Information Technology-enabled capabilities are provided as a service to external customers using Internet technologies. Using public cloud services can reduce costs and increase the
     Url https://ieeexplore.ieee.org/abstract/document/7389388/


     Search term "DevOps"+"Case+Study"
     Title Understanding DevOps & bridging the gap from continuous integration to continuous delivery
     Author ['M Virmani']
     Venue Fifth International Conference on the Innovative …
     Year 2015
     Abstract Continuous delivery transformation in this paper is explained with a real life case study that how infrastructure can be maintained just in form of code (IAAC). Finally this paper touches upon various considerations one must evaluate before adopting DevOps and what kind of
     Url https://ieeexplore.ieee.org/abstract/document/7173368/

