Showing papers for search query "FDA+Requirements"+"Cyber-physical+system"+OR+"Industrial+control+system"+OR+"ICS"+OR+"SCADA"+OR+"Distributed+control+system"+OR+"DCS"

     Search term "FDA+Requirements"+"Cyber-physical+system"+OR+"Industrial+control+system"+OR+"ICS"+OR+"SCADA"+OR+"Distributed+control+system"+OR+"DCS"
     Title FDAAA TrialsTracker: A live informatics tool to monitor compliance with FDA requirements to report clinical trial results
     Author ['NJ DeVito', 'S Bacon', 'B Goldacre']
     Venue BioRxiv
     Year 2019
     Abstract Page 1. Preprint FDAAA TrialsTracker: A live informatics tool to monitor compliance with FDA requirements to report clinical trial results Nicholas J. DeVito, Seb Bacon, Ben Goldacre∗ EBM DataLab University of Oxford Abstract
     Url https://www.biorxiv.org/content/10.1101/266452v4.abstract


     Search term "FDA+Requirements"+"Cyber-physical+system"+OR+"Industrial+control+system"+OR+"ICS"+OR+"SCADA"+OR+"Distributed+control+system"+OR+"DCS"
     Title Brand loyalty, entry, and price competition in pharmaceuticals after the 1984 Drug Act
     Author ['HG Grabowski', 'JM Vernon']
     Venue The journal of law and …
     Year 1992
     Abstract 1 Market entry by generics was relatively limited prior to 1984 because of costly Food and Drug Administration (FDA) requirements that had  Rather than attempting to match the prices of the lower-priced gener- ics, the originators have continued to increase prices at an average
     Url https://www.journals.uchicago.edu/doi/pdfplus/10.1086/467257


     Search term "FDA+Requirements"+"Cyber-physical+system"+OR+"Industrial+control+system"+OR+"ICS"+OR+"SCADA"+OR+"Distributed+control+system"+OR+"DCS"
     Title Communicating and promoting comparative-effectiveness research findings
     Author ['PJ Neumann']
     Venue N Engl J Med
     Year 2013
     Abstract and safety.2 It would also remove incentives for companies to con- duct confirmatory trials, effective- ly allowing them to circumvent the FDA requirements for drug approval.2 Moreover, there are existing channels for manufac- turers to  Pharmacoeconom- ics 2011;29:687-92
     Url http://www3.med.unipmn.it/intranet/papers/2013/NEJM/2013-07-18_nejm/nejmp1300312.pdf


     Search term "FDA+Requirements"+"Cyber-physical+system"+OR+"Industrial+control+system"+OR+"ICS"+OR+"SCADA"+OR+"Distributed+control+system"+OR+"DCS"
     Title Excursion: FDA Compliance and Controls in SAP
     Author ['M Chuprunov']
     Venue Auditing and GRC Automation in SAP
     Year 2013
     Abstract This approach has parallels to the similar risk-based approaches mentioned in Part I of the book in connection with the ICS approaches from the view of external financial reporting. It is important to understand that all current FDA requirements refer to the documentation, and not
     Url https://link.springer.com/chapter/10.1007/978-3-642-35302-4_13


     Search term "FDA+Requirements"+"Cyber-physical+system"+OR+"Industrial+control+system"+OR+"ICS"+OR+"SCADA"+OR+"Distributed+control+system"+OR+"DCS"
     Title FDA Jurisdiction: A Matter of Definitions in Food & Drug Law: Cases and Materials, 3rd ed.
     Author ['L Grossman']
     Venue NA
     Year 2007
     Abstract Page 1. American University Washington College of Law Digital Commons @ American University Washington College of Law Contributions to Books Scholarship & Research 2007 FDA Jurisdiction: A Matter of Definitions Lewis
     Url https://digitalcommons.wcl.american.edu/facsch_bk_contributions/106/


     Search term "FDA+Requirements"+"Cyber-physical+system"+OR+"Industrial+control+system"+OR+"ICS"+OR+"SCADA"+OR+"Distributed+control+system"+OR+"DCS"
     Title Regulatory Requirements and Registration Procedure for Generic Drugs in USA
     Author ['N Rafi', 'S DS', 'A Narayanan']
     Venue Indian journal of pharmaceutical education …
     Year 2018
     Abstract and intended use”.1-2 The Generic drug comes into the market once the patent ends or patent owner waives his rights and the FDA requirements are met  Pharmacology, pharmacokinet- ics, toxicology studies which are important to prove the safety and efficacy of the drug
     Url http://ijper.org/sites/default/files/IndJPhaEdRes_52_4_544_0.pdf


     Search term "FDA+Requirements"+"Cyber-physical+system"+OR+"Industrial+control+system"+OR+"ICS"+OR+"SCADA"+OR+"Distributed+control+system"+OR+"DCS"
     Title Regulatory requirements for testing the donor blood supply
     Author ['SD Roseff']
     Venue Clinical Microbiology Newsletter
     Year 2005
     Abstract It serves as the "blood arm" of the FDA and is responsible for regulating biolog- ics that include blood and blood prod- ucts (www.fda.gov  then eligible to be re-entered into the donor blood supply in the future, if fur- ther testing is negative, in accordance with FDA requirements (28
     Url https://www.sciencedirect.com/science/article/pii/S0196439905800315


     Search term "FDA+Requirements"+"Cyber-physical+system"+OR+"Industrial+control+system"+OR+"ICS"+OR+"SCADA"+OR+"Distributed+control+system"+OR+"DCS"
     Title Federal neglect: regulation of genetic testing
     Author ['GH Javitt', 'K Hudson']
     Venue Issues in Science and Technology
     Year 2006
     Abstract However, although the government announced in 2000 that it would establish a genet- ics specialty area, no standards have yet been issued  must be sold only to laboratories certified to perform high-complexity tests and must be labeled in accor- dance with FDA requirements
     Url https://www.jstor.org/stable/43314223


     Search term "FDA+Requirements"+"Cyber-physical+system"+OR+"Industrial+control+system"+OR+"ICS"+OR+"SCADA"+OR+"Distributed+control+system"+OR+"DCS"
     Title Aclidinium bromide/formoterol fumarate fixed-dose combination for the treatment of chronic obstructive pulmonary disease
     Author ['M Cazzola', 'P Rogliani', 'MG Matera']
     Venue Expert opinion on …
     Year 2013
     Abstract This study also indicates that a stable COPD population managed with LABA, LAMA and ICS regimen including ICSs may have higher treatment costs  long-term (from 24 to 52 weeks) pivotal clinical trials that have been designed to fulfil both EMA and FDA requirements and are
     Url https://www.tandfonline.com/doi/abs/10.1517/14656566.2013.776539


     Search term "FDA+Requirements"+"Cyber-physical+system"+OR+"Industrial+control+system"+OR+"ICS"+OR+"SCADA"+OR+"Distributed+control+system"+OR+"DCS"
     Title User Requirements
     Author ['J Love']
     Venue Process Automation Handbook: A Guide to Theory and …
     Year 2007
     Abstract The associated data is likely to be extensive to satisfy FDA requirements  For MIS applications, it is of particular important to establish: • Which variables are to be read into the database, RDB or otherwise, from the PLC, SCADA or DCS, and how often they are to be read
     Url https://link.springer.com/content/pdf/10.1007/978-1-84628-282-9_60.pdf

