Showing papers for search query "FDA+Requirements"+"PLC"+OR+"FPGA"

     Search term "FDA+Requirements"+"PLC"+OR+"FPGA"
     Title Patient Reported Outcome (PRO) assessment in epilepsy: a review of epilepsy-specific PROs according to the Food and Drug Administration (FDA) regulatory …
     Author ['A Nixon', 'C Kerr', 'K Breheny', 'D Wild']
     Venue Health and quality of life outcomes
     Year 2013
     Abstract However, PROs evaluating these concepts would not need to meet FDA requirements for supporting a label claim  Table 1 Review criteria based on FDA requirements for PROs to support label claims. Instrument property. Description from FDA guidance [5]. Review criteria
     Url https://link.springer.com/article/10.1186/1477-7525-11-38


     Search term "FDA+Requirements"+"PLC"+OR+"FPGA"
     Title Pharmaceutical Master Validation Plan: the ultimate guide to FDA, GMP and GLP compliance
     Author ['SI Haider']
     Venue NA
     Year 2001
     Abstract The intent is to show basic format and samples of contents for all the sections of the plan, because it provides a road map for validation to establish FDA requirements master validation pro- cedures, validation programmes, execution protocols, and resources plan- ning and
     Url http://14.139.187.123:8080/jspui/bitstream/123456789/17020/1/Syed%20Imtiaz%20Haider%20-%20Pharmaceutical%20Master%20Validation%20Plan_%20The%20Ultimate%20Guide%20to%20FDA%2C%20GMP%20and%20GLP%20Compliance-Informa%20Healthcare%20%282001%29.pdf


     Search term "FDA+Requirements"+"PLC"+OR+"FPGA"
     Title High-purity carbon blacks meet latest FDA requirements
     Author ['CDPD Elastomers']
     Venue NA
     Year NA
     Abstract [Not Found]
     Url [Not Found]


     Search term "FDA+Requirements"+"PLC"+OR+"FPGA"
     Title Software–A Maturity Model for Automated Software Testing
     Author ['MH Krause']
     Venue Medical device & Diagnostic Industry Magazine …
     Year 1994
     Abstract Informa PLC's registered office is 5 Howick Place, London SW1P 1WG  reasons for automating their software testing program: their product is too complicated to test manually, the time devoted to manual testing is cutting into potential profits, and current FDA requirements will be
     Url https://www.mddionline.com/news/software-maturity-model-automated-software-testing


     Search term "FDA+Requirements"+"PLC"+OR+"FPGA"
     Title A management approach to software validation requirements
     Author ['N Hrgarek']
     Venue Central European Conference on Information and …
     Year 2008
     Abstract 2.1.1 FDA requirements  that records and maintains the device history record (DHR) for medical device companies, - enterprise resource planning (ERP) systems, - laboratory information management systems (LIMS), - programmable logic controllers (PLC) in manufacturing
     Url https://bib.irb.hr/datoteka/496167.63-378-1-PB.pdf


     Search term "FDA+Requirements"+"PLC"+OR+"FPGA"
     Title An industrial application of a pulsed power modulator
     Author ['H Anamkath', 'F Gower', 'R Mendonsa']
     Venue Proceedings of 1996 …
     Year 1996
     Abstract into their turn key medical product sterilization facilities and provides the material handling, shielding and all necessary controls and documentation required to conform to FDA requirements for the  The control system uses a dedicated Programmable Logic Control (PLC) system
     Url https://ieeexplore.ieee.org/abstract/document/564461/


     Search term "FDA+Requirements"+"PLC"+OR+"FPGA"
     Title Hatch-waxman act: Overview
     Author ['LB Pensabene', 'D Gregory']
     Venue NA
     Year NA
     Abstract [Not Found]
     Url [Not Found]


     Search term "FDA+Requirements"+"PLC"+OR+"FPGA"
     Title Allografts in sports medicine
     Author ['DA McGuire', 'SD Hendricks']
     Venue Operative Techniques in Sports Medicine
     Year 2007
     Abstract All donation programs have implemented standardized donor screening protocols as the result of FDA requirements, and all AATB-accredited  posterior), and peroneus longus tendons commonly are used in cruciate, collateral, and posterolateral corner (PLC) ligament surgery
     Url https://www.sciencedirect.com/science/article/pii/S1060187207000032


     Search term "FDA+Requirements"+"PLC"+OR+"FPGA"
     Title 3-Month study of Topical pg324 (fixed combination netarsudil 0.02%/latanoprost 0.005%) versus netarsudil or latanoprost in glaucoma patients
     Author ['J Serle', 'RA Lewis', 'C Kopczynski', 'T Heah']
     Venue NA
     Year NA
     Abstract [Not Found]
     Url [Not Found]


     Search term "FDA+Requirements"+"PLC"+OR+"FPGA"
     Title How gamma radiation processing systems are benefiting from the latest advances in information technology
     Author ['WH Gibson', 'D Levesque']
     Venue Radiation Physics and Chemistry
     Year 2000
     Abstract EES operates a highly automated medical device gamma sterilizer, integrating the irradiator's PLC control and real-time product tracking with a  The STARS system has been validated to US-FDA requirements and audited for ISO 9000 compliance (SteriGenics, 1999)
     Url https://www.sciencedirect.com/science/article/pii/S0969806X9900482X

