Showing papers for search query "Hardware+simulation"+"Regulated"

     Search term "Hardware+simulation"+"Regulated"
     Title A wind speed estimation method using adaptive Kalman filtering for a variable speed stall regulated wind turbine
     Author ['D Bourlis', 'JAM Bleijs']
     Venue 2010 IEEE 11th International …
     Year 2010
     Abstract The hardware simulation results obtained by a hardware- in-the-loop simulator for stall regulated variable speed wind turbines confirm the ability of the control scheme to control a system which resembles an actual wind turbine by means of its dynamics
     Url https://ieeexplore.ieee.org/abstract/document/5528980/


     Search term "Hardware+simulation"+"Regulated"
     Title A complete control scheme for variable speed stall regulated wind turbines
     Author ['D Bourlis', 'R Carriveau']
     Venue … and advanced topics in wind power
     Year 2011
     Abstract the design process of the control system including the features and the importance of each part of the control system, hardware simulation results and finally conclusions and recommendations for future work. 3. Control strategy of a variable speed stall regulated wind turbine
     Url https://books.google.com/books?hl=de&lr=&id=P9CPDwAAQBAJ&oi=fnd&pg=PA309&dq=%22Hardware+simulation%22+%22Regulated%22&ots=iDO-8e0BhY&sig=gsiDr9hm1syx-d1TSzMxAVu9UCo


     Search term "Hardware+simulation"+"Regulated"
     Title Examination of ambient pressure effects on hybrid solid oxide fuel cell turbine system operation using hardware simulation
     Author ['D Tucker', 'L Lawson', 'J VanOsdol']
     Venue … Expo: Power for …
     Year 2006
     Abstract a direct fired solid oxide fuel cell gas turbine hybrid power system has been studied using the Hybrid Performance (Hyper) project hardware simulation facility at  Since the Hyper facility is located in a test cell with a fairly well regulated temperature, a series of test was developed
     Url https://asmedigitalcollection.asme.org/GT/proceedings-abstract/GT2006/42398/449/315369


     Search term "Hardware+simulation"+"Regulated"
     Title Control of stall regulated variable speed wind turbine based on wind speed estimation using an adaptive Kalman filter
     Author ['D Bourlis', 'JAM Bleijs']
     Venue NA
     Year NA
     Abstract [Not Found]
     Url [Not Found]


     Search term "Hardware+simulation"+"Regulated"
     Title Hardware simulation of fuel cell/gas turbine hybrids
     Author ['TP Smith']
     Venue NA
     Year 2007
     Abstract Page 1. HARDWARE SIMULATION OF FUEL CELL / GAS TURBINE HYBRIDS A Dissertation Presented to The Academic Faculty By  May 2007 Copyright © 2007 by Thomas P. Smith Page 2. HARDWARE SIMULATION OF FUEL CELL / GAS TURBINE HYBRIDS Approved by
     Url https://smartech.gatech.edu/handle/1853/14581


     Search term "Hardware+simulation"+"Regulated"
     Title Hardware simulation with access restrictions
     Author ['W Neifert', 'K Hotaling', 'J Marantz', 'A Ladd']
     Venue US Patent App. 10 …
     Year 2004
     Abstract US20040093198A1 - Hardware simulation with access restrictions - Google Patents. Hardware simulation with access restrictions. Download PDF Info  US10/702,915 2002-11-08 2003-11-06 Hardware simulation with access restrictions Abandoned US20040093198A1 (en)
     Url https://patents.google.com/patent/US20040093198A1/en


     Search term "Hardware+simulation"+"Regulated"
     Title A novel integrated simulation and testing platform for self-driving cars with hardware in the loop
     Author ['S Chen', 'Y Chen', 'S Zhang']
     Venue IEEE Transactions on …
     Year 2019
     Abstract Simulation experiments on applying the HiL system are used to verify the validity of self-driving algorithms in virtual scenes, including perception  Besides, the transformation of coordinate systems between sensors or between sensors and the car is easier to be regulated than in
     Url https://ieeexplore.ieee.org/abstract/document/8723561/


     Search term "Hardware+simulation"+"Regulated"
     Title Verification of a CubeSat via hardware-in-the-loop simulation
     Author ['S Corpino', 'F Stesina']
     Venue IEEE Transactions on Aerospace and …
     Year 2014
     Abstract HIL is a hybrid software/hardware simulation architecture, in which the hardware part can vary from a few pieces to the fully integrated system  Electrical power is stored in two battery packs, then regulated and distributed to other subsystems through two power buses at 3.3 V and
     Url https://ieeexplore.ieee.org/abstract/document/6978879/


     Search term "Hardware+simulation"+"Regulated"
     Title DC-DC boost converter design for solar electric system
     Author ['A Ponniran', 'AF Mat Said']
     Venue NA
     Year 2009
     Abstract DC to DC converter (boost type) is successfully developed and constructed. The project is able to convert DC voltage, 12 V to regulated DC voltage 24 V. Table 6 shows the comparison between hardware, simulation and calculation estimation for several parameters
     Url http://eprints.uthm.edu.my/id/eprint/1975


     Search term "Hardware+simulation"+"Regulated"
     Title A compact digitally controlled fuel cell/battery hybrid power source
     Author ['Z Jiang', 'RA Dougal']
     Venue IEEE Transactions on Industrial …
     Year 2006
     Abstract Rather than being controlled to serve only as a voltage or current regulator, the power converter is regulated to balance the power  Simulation and experiment results show that the control algorithm is able to correctly select the regulation mode and appropriately limit the fuel cell
     Url https://ieeexplore.ieee.org/abstract/document/1667907/

