Showing papers for search query "Medical"+"PLC"+OR+"FPGA"+"Traceability"

     Search term "Medical"+"PLC"+OR+"FPGA"+"Traceability"
     Title Benefits of traceability in fish supply chains–case studies
     Author ['N Mai', 'SG Bogason', 'S Arason', 'SV Árnason']
     Venue British Food …
     Year 2010
     Abstract Good traceability in food supply chains has the potential to reduce risks and costs associated with food borne disease outbreaks (Hobbs, 2003), eg reduce their magnitude and possible health impact; reduce or avoid medical costs; reduce labour productivity losses; reduce
     Url https://www.emerald.com/insight/content/doi/10.1108/00070701011074354/full/html


     Search term "Medical"+"PLC"+OR+"FPGA"+"Traceability"
     Title Development of volumetric micro-flow calibration system using FPGA for medical application
     Author ['BH Sirenden', 'G Zaid', 'P Prajitno']
     Venue 21st IMEKO World Congress on …
     Year 2015
     Abstract 1 Citation (Scopus). Abstract. To answer the need for traceability in micro flow area for medical industry, Flow Laboratory of Metrology LIPI in cooperation with  The standard consists of glass syringe and linear actuator controlled by Field Programmable Gate Array (FPGA)
     Url https://scholar.ui.ac.id/en/publications/development-of-volumetric-micro-flow-calibration-system-using-fpg


     Search term "Medical"+"PLC"+OR+"FPGA"+"Traceability"
     Title TF4SM: a framework for developing traceability solutions in small manufacturing companies
     Author ['B Bordel Sánchez', 'R Alcarria', 'D Martín', 'T Robles']
     Venue Sensors
     Year 2015
     Abstract Issue A Model-Based Approach to Support Validation of Medical Cyber-Physical  train in both software engineering and industrial processes (as PLC must be  embedded devices usually considered in automated industrial processes (including traceability solutions), implement a
     Url https://www.mdpi.com/1424-8220/15/11/29478


     Search term "Medical"+"PLC"+OR+"FPGA"+"Traceability"
     Title Seclap: Secure and lightweight rfid authentication protocol for medical iot
     Author ['SF Aghili', 'H Mala', 'P Kaliyar', 'M Conti']
     Venue Future Generation Computer …
     Year 2019
     Abstract data and equipment plays a vital role in today's world of Medical Internet of  is robust against de-synchronization, replay, reader/tag impersonation, and traceability attacks, and  and validate its performance through a Field Programmable Gate Array (FPGA) implementation, which
     Url https://www.sciencedirect.com/science/article/pii/S0167739X19304777


     Search term "Medical"+"PLC"+OR+"FPGA"+"Traceability"
     Title System to realize traceability
     Author ['Y Taniguchi', 'Y Kobayashi']
     Venue 2005 IEEE Conference on …
     Year 2005
     Abstract The MatPLC is an international project to develop a program similar to a PLC (Programmable Logic Controller) Jbr POSIX operating systems. It is an open source application consisting of a core generic modules, and tools Jbr creating custom modules
     Url https://ieeexplore.ieee.org/abstract/document/1612658/


     Search term "Medical"+"PLC"+OR+"FPGA"+"Traceability"
     Title Enabling traceability reuse for impact analyses: A feasibility study in a safety context
     Author ['M Borg', 'OCZ Gotel', 'K Wnuk']
     Venue … Traceability in Emerging Forms of …
     Year 2013
     Abstract tests, functional tests, sequence tests, environ- mental/electromagnetic compatibility tests, FPGA (Field- Programmable  Huang, O. Gotel, and A. Zisman, editors, Software and Systems Traceability  Certification and regulatory challenges in medical device software development
     Url https://ieeexplore.ieee.org/abstract/document/6620158/


     Search term "Medical"+"PLC"+OR+"FPGA"+"Traceability"
     Title Transportation of Medical Instruments
     Author ['P Swinney', 'J Shabanova', 'E Jansen']
     Venue US Patent App. 15/129,692
     Year 2017
     Abstract WO2015177518A1/en 2016-09-27 Assigned to TRISTEL PLC reassignment TRISTEL PLC ASSIGNMENT OF  and temporary storage of medical instruments such as endoscopes in a medical facility  To provide traceability data, an operator may place a ticket carrying the data in
     Url https://patents.google.com/patent/US20170143193A1/en


     Search term "Medical"+"PLC"+OR+"FPGA"+"Traceability"
     Title Traceability and structuring of cooperative Knowledge in design using PLM
     Author ['N Matta', 'G Ducellier', 'C Djaiz']
     Venue … Research & Practice
     Year 2013
     Abstract Traceability and structuring of cooperative knowledge in design using PLM  Links between criteria/participants, their role and competences show what organization is needed (“Medical”, “Consulting”, “Ergonomic”) and which solution is needed for the “Application” question
     Url https://orsociety.tandfonline.com/doi/abs/10.1057/kmrp.2012.38


     Search term "Medical"+"PLC"+OR+"FPGA"+"Traceability"
     Title SST'19-Software and Systems Traceability: Summary of the 10th International Workshop at the 41st International Conference on Software Engineering (ICSE), May 27 …
     Author ['JP Steghöfer', 'N Niu', 'JLC Guo']
     Venue ACM SIGSOFT Software …
     Year 2019
     Abstract At the same time, agile development of safety-critical systems is becoming more prominent, eg, in the automotive and medical device industry  2019. In-Place Traceability for Automated Production Systems: A Survey of PLC and SysML Tools. IEEE Trans
     Url https://dl.acm.org/doi/abs/10.1145/3356773.3356806


     Search term "Medical"+"PLC"+OR+"FPGA"+"Traceability"
     Title Method and apparatus for marking an egg with an advertisement, a freshness date and a traceability code
     Author ['BE Parker']
     Venue US Patent 7,951,409
     Year 2011
     Abstract US7951409B2 - Method and apparatus for marking an egg with an advertisement, a freshness date and a traceability code - Google Patents. Method and apparatus for marking an egg with an advertisement, a freshness date and a traceability code. Download PDF Info
     Url https://patents.google.com/patent/US7951409B2/en

