Showing papers for search query "Regulated"+"Traceability"

     Search term "Regulated"+"Traceability"
     Title Motivation matters in the traceability trenches
     Author ['P Mader', 'O Gotel', 'I Philippow']
     Venue 2009 17th IEEE International …
     Year 2009
     Abstract defines regulated's process Traceability de nition Traceability practice constrains possible process  Cases 5 and 6 were large companies developing in the au- tomotive domain. In the regulated environment, traceability is strategic to business and the investment is high
     Url https://ieeexplore.ieee.org/abstract/document/5328607/


     Search term "Regulated"+"Traceability"
     Title Scaling agile methods to regulated environments: An industry case study
     Author ['B Fitzgerald', 'KJ Stol', "R O'Sullivan"]
     Venue 2013 35th International …
     Year 2013
     Abstract environment. Furthermore, regulated environments require rigorous traceability. In  D. Traceability A key concern in regulated environments is traceability, which helps to establish compliance to standards and regula- tions. The IEEE
     Url https://ieeexplore.ieee.org/abstract/document/6606635/


     Search term "Regulated"+"Traceability"
     Title Visualizing and validating metadata traceability within the CDISC standards
     Author ['S Hume', 'S Sarnikar', 'L Becnel']
     Venue AMIA Summits on …
     Year 2017
     Abstract Within regulated clinical research, traceability is a requirement and indicates that the analysis results can be traced back to the original source data. Current solutions for clinical research data traceability are limited in terms of querying, validation and visualization capabilities
     Url https://www.ncbi.nlm.nih.gov/pmc/articles/PMC5543378/


     Search term "Regulated"+"Traceability"
     Title Traceability Blockchain Prototype for Regulated Manufacturing Industries
     Author ['U Eryilmaz', 'R Dijkman', 'W van Jaarsveld']
     Venue Proceedings of the …
     Year 2020
     Abstract Blockchain emerged as a peer-to-peer trust platform for trading virtual currencies and evolved to be used for different problems including supply chain provenance. Due to stringent requirements of safety, regulated manufacturing and service industries such as
     Url https://dl.acm.org/doi/abs/10.1145/3409934.3409937


     Search term "Regulated"+"Traceability"
     Title The barriers to traceability and their potential solutions: Towards a reference framework
     Author ['G Regan', 'F McCaffery', 'K McDaid']
     Venue 2012 38th Euromicro …
     Year 2012
     Abstract Additionally, given the importance of traceability in the regulated domain of safety critical software, the paper compares the barriers for organizations operating inside and outside of this domain. Keywords-traceability, barriers, safety-critical
     Url https://ieeexplore.ieee.org/abstract/document/6328169/


     Search term "Regulated"+"Traceability"
     Title Software and systems traceability
     Author ['J Cleland-Huang', 'O Gotel', 'A Zisman']
     Venue NA
     Year 2012
     Abstract of traceability links, visualising traceability, and developing traceability practices that apply across a wide range of domains such as product lines, multi-agent systems, safety critical applications, aspect-oriented and agile software development, and various regulated industries
     Url https://link.springer.com/content/pdf/10.1007/978-1-4471-2239-5.pdf


     Search term "Regulated"+"Traceability"
     Title Comparison of global food traceability regulations and requirements
     Author ['S Charlebois', 'B Sterling', 'S Haratifar']
     Venue … reviews in food …
     Year 2014
     Abstract 5. What products or commodities are being regulated for traceability? 6. What kinds of identifiers are being used for tracking/registering of imports (eg, ear tags, barcodes, RFID)  5. What products or commodities are being regulated for traceability
     Url https://onlinelibrary.wiley.com/doi/abs/10.1111/1541-4337.12101


     Search term "Regulated"+"Traceability"
     Title Consumer evaluations of product certification, geographic association and traceability in Greece
     Author ['E Dimara', 'D Skuras']
     Venue European journal of marketing
     Year 2003
     Abstract Finally, traceability is a non‐regulated quality cue and it is solely upon the business to decide whether to use it or not  The same effect is attained when the semi‐regulated and the non‐regulated quality cues of geographic association and traceability are used
     Url https://www.emerald.com/insight/content/doi/10.1108/03090560310465099/full/html


     Search term "Regulated"+"Traceability"
     Title DevOps in regulated software development: case medical devices
     Author ['T Laukkarinen', 'K Kuusinen']
     Venue 2017 IEEE/ACM 39th …
     Year 2017
     Abstract Respectively, development tools can help fulfilling the requirements of traceability and documentation of these standards. Keywords—Regulated software, agile development, DevOps, medical software development standards
     Url https://ieeexplore.ieee.org/abstract/document/7966870/


     Search term "Regulated"+"Traceability"
     Title Lean/agile software development methodologies in regulated environments–state of the art
     Author ['O Cawley', 'X Wang', 'I Richardson']
     Venue International Conference on Lean …
     Year 2010
     Abstract From a regulation point of view, it is imperative that there is full traceability right throughout the development lifecycle. [25] suggests that the Agile practice of single sourcing information greatly simplifies requirements traceability within regulated development
     Url https://link.springer.com/chapter/10.1007/978-3-642-16416-3_4

