Showing papers for search query "Continuous+Integration"+"DevOps"+"Regulated+Domain"

     Search term "Continuous+Integration"+"DevOps"+"Regulated+Domain"
     Title Towards Continuous Delivery for Domain Experts: Using MDE to Integrate Non-Programmers into a Software Delivery Pipeline
     Author ['H Nehls', 'D Ratiu']
     Venue … ACM/IEEE 22nd International Conference on …
     Year 2019
     Abstract d) Regulated Domain: Every tool of our eco-system shall comply to the predefined development  a) DevOps in Healthcare Domain: [4] discusses the use of DevOps for the  b) MDE and Continuous Delivery: Combining MDE with continuous integration [7] and continuous delivery
     Url https://ieeexplore.ieee.org/abstract/document/8904815/


     Search term "Continuous+Integration"+"DevOps"+"Regulated+Domain"
     Title CompliancePal: A Tool for Supporting Practical Agile and Regulatory-Compliant Development of Medical Software
     Author ['V Stirbu', 'T Mikkonen']
     Venue 2020 IEEE International Conference on …
     Year 2020
     Abstract if the team has a low awareness of the constraints of the regulated domain and the  The teams practicing DevOps can employ internal (eg Jenkins14) or external services (eg  Issue trackers and continuous integration pipelines are used in various combinations to automate team
     Url https://ieeexplore.ieee.org/abstract/document/9095608/


     Search term "Continuous+Integration"+"DevOps"+"Regulated+Domain"
     Title To what extent the medical device software regulations can be achieved with agile software development methods? XP—DSDM—Scrum
     Author ['Ö Özcan-Top', 'F McCaffery']
     Venue The Journal of Supercomputing
     Year 2019
     Abstract Lean Development, Feature Driven Development, and DevOps are the other agile methods that were referred in the papers  Continuous integration  With this definition of Stories in XP, we could say it is not a suitable format for a regulated domain
     Url https://link.springer.com/article/10.1007/s11227-019-02793-x


     Search term "Continuous+Integration"+"DevOps"+"Regulated+Domain"
     Title The journeys
     Author ['B Fitzgerald', 'KJ Stol', 'S Minör', 'H Cosmo']
     Venue Scaling a Software Business
     Year 2017
     Abstract Page 1. 58 56 B. Fitzgerald et al., Scaling a Software Business, DOI 10.1007/978-3-319-53116- 8_2 © The Author(s) 2017 The journeys Travel brochures Page 2. 59 57 journeys Travel brochures and stories Page 3. And stories 58 60 86 100 120 142 160 182 212 Page 4
     Url https://link.springer.com/chapter/10.1007/978-3-319-53116-8_2


     Search term "Continuous+Integration"+"DevOps"+"Regulated+Domain"
     Title GAME: Global agile model for enterprises
     Author ['MA Razzak']
     Venue NA
     Year 2020
     Abstract 134 7.3.1 Elaborating GAME's Roadmaps . . . . . 134 7.3.2 Scaling Agile in the Regulated Domain . . . . . 134 7.3.3 Role based Decision Support Process Improvement Repos- itory . . . . . 135 7.3.4 Gamification
     Url https://ulir.ul.ie/handle/10344/9282

