Showing papers for search query "FDA+Requirement"+"Continuous+Delivery"

     Search term "FDA+Requirement"+"Continuous+Delivery"
     Title Management of type 2 diabetes mellitus in older patients: current and emerging treatment options
     Author ['E Moghissi']
     Venue Diabetes Therapy
     Year 2013
     Abstract Elderly patients with type 2 diabetes mellitus (T2DM) are a rapidly emerging population that presents unique clinical challenges. This diverse patient grou.
     Url https://link.springer.com/article/10.1007%252Fs13300-013-0039-6


     Search term "FDA+Requirement"+"Continuous+Delivery"
     Title Improvement of Current Pharmaceutical Manufacturing Systems Utilizing Practices from Outside Industries
     Author ['CD Agarabi']
     Venue NA
     Year 2007
     Abstract Page 1. University of Rhode Island DigitalCommons@URI Open Access Master's Theses 2007 Improvement of Current Pharmaceutical Manufacturing Systems Utilizing Practices from Outside Industries Cyrus D. Agarabi University of Rhode Island
     Url http://digitalcommons.uri.edu/cgi/viewcontent.cgi?article=1925&context=theses


     Search term "FDA+Requirement"+"Continuous+Delivery"
     Title Treatment of Hypogonadism in Men
     Author ['A Mehta', 'DA Paduch', 'M Goldstein']
     Venue Clinical Urologic Endocrinology
     Year 2013
     Abstract Many of the testosterone delivery systems currently available predate the Food and Drug Administration (FDA) requirement for multicenter drug trials and  the stratum corneum, which forms a reservoir and acts as a rate-controlling membrane to provide continuous delivery of T
     Url https://link.springer.com/chapter/10.1007/978-1-4471-4405-2_5

