Showing papers for search query "FDA"+"DevOps"

     Search term "FDA"+"DevOps"
     Title DevOps in regulated software development: case medical devices
     Author ['T Laukkarinen', 'K Kuusinen']
     Venue 2017 IEEE/ACM 39th …
     Year 2017
     Abstract B. IEC 82304-1 specifics for DevOps approach IEC 82304-1 describes additional processes for post- market activities (Clause 8), which are  For example, FDA requires manufacturer to submit periodic reports that list incidents of any malfunctions or peculiarities on the use of the
     Url https://ieeexplore.ieee.org/abstract/document/7966870/


     Search term "FDA"+"DevOps"
     Title Implementing Agile in an FDA Regulated Environment
     Author ['N Herman']
     Venue NA
     Year NA
     Abstract [Not Found]
     Url [Not Found]


     Search term "FDA"+"DevOps"
     Title DevOps: are you pushing bugs to your clients faster
     Author ['W Ariola', 'C Dunlop']
     Venue Thirty-Third Annual Pacific Northwest …
     Year 2015
     Abstract demand, they are seeking new ways to accelerate their release cycles—driving the adoption of agile or lean development practices such as DevOps  In fact, a recent FDA study of medical device recalls found that an astonishing "192 (or 79%) [of software-related recalls] were
     Url http://uploads.pnsqc.org/2015/papers/t-007_Ariola_paper.pdf


     Search term "FDA"+"DevOps"
     Title Implementing DevOps practices in highly regulated environments
     Author ['JA Morales', 'H Yasar', 'A Volkman']
     Venue Proceedings of the 19th International …
     Year 2018
     Abstract Page 1. Implementing DevOps Practices  Jose Andre Morales, Hasan Yasar, Aaron Volkman Software Engineering Institute, Carnegie Mellon University ABSTRACT In this paper, we discuss implementing DevOps practices in highly regulated environments (HREs)
     Url https://dl.acm.org/doi/abs/10.1145/3234152.3234188


     Search term "FDA"+"DevOps"
     Title Challenges in adopting continuous delivery and DevOps in a globally distributed product team: a case study of a healthcare organization
     Author ['RK Gupta', 'M Venkatachalapathy']
     Venue 2019 ACM/IEEE 14th …
     Year 2019
     Abstract This paper presents our challenges in setting-up a DevOps fluid structure, ie, from plan to operation responsibility into one team and achieving  All three-QMS are assessed by regulatory bodies to attain healthcare related certifications Like FDA, ISO 13485 during project audits
     Url https://ieeexplore.ieee.org/abstract/document/8807506/


     Search term "FDA"+"DevOps"
     Title DevOps in an ISO 13485 Regulated Environment: A Multivocal Literature Review
     Author ['MF Lie', 'M Sánchez-Gordón']
     Venue Proceedings of the 14th …
     Year 2020
     Abstract For instance, the US Food and Drug Administration requires one to comply with its Quality System Regulation (FDA QSR) and the GMx-portfolio have  These authors claim that lean and agile methods (which DevOps fall under) may be more prone to errors ending up in the final
     Url https://dl.acm.org/doi/abs/10.1145/3382494.3410679


     Search term "FDA"+"DevOps"
     Title Weaving Security into DevOps Practices in Highly Regulated Environments
     Author ['JA Morales', 'H Yasar', 'A Volkmann']
     Venue International Journal of Systems …
     Year 2018
     Abstract method﻿is﻿not﻿possible﻿at﻿this﻿time.﻿ This﻿work﻿seeks﻿to﻿enhance﻿current﻿literature﻿with﻿an﻿experience- based﻿approach﻿to﻿ Secure﻿DevOps.﻿For﻿the  and﻿overseen﻿by﻿federal﻿ agencies﻿such﻿as﻿the﻿US﻿ Securities﻿&﻿Exchange﻿Commission﻿(SEC),﻿the﻿US﻿Food﻿ and﻿Drug﻿Administration﻿(FDA),﻿and﻿the
     Url https://www.igi-global.com/article/weaving-security-into-devops-practices-in-highly-regulated-environments/221157


     Search term "FDA"+"DevOps"
     Title Agile Project Management with Azure DevOps: Concepts, Templates, and Metrics
     Author ['J Rossberg']
     Venue NA
     Year 2019
     Abstract [Not Found]
     Url [Not Found]


     Search term "FDA"+"DevOps"
     Title FEDERAL DEVOPS SUMMIT
     Author ['M Casagni', 'M Lead', 'D Hanf', 'C Area', 'P Malhotra']
     Venue NA
     Year NA
     Abstract Murry, US Navy; Kyalo Musau, VA; Bruce Nguyen, JFrog; Chase Noel, US Navy; Hemal Patel, DoS; Hoa Pham, LOC; Marty Russell, DHS; Maria Smyslova, VA; William Stevenson, FDA; Puru Subedi, DOT Challenge Area 2: Integration of Security into the DevOps Culture
     Url https://atarc.org/wp-content/uploads/2019/01/2018-03-01-ATARC-Federal-DevOps-Summit-White-Paper-1.pdf


     Search term "FDA"+"DevOps"
     Title Agile Project Management with Azure DevOps
     Author ['J Rossberg']
     Venue NA
     Year NA
     Abstract Page 1. Agile Project Management with Azure DevOps Concepts, Templates, and Metrics — Joachim Rossberg Page 2. Agile Project Management with Azure DevOps Concepts, Templates, and Metrics Joachim Rossberg Page 3
     Url https://link.springer.com/content/pdf/10.1007/978-1-4842-4483-8.pdf

