Showing papers for search query "Continuous+Delivery"+"Continuous+Integration"+"Regulated+Domain"

     Search term "Continuous+Delivery"+"Continuous+Integration"+"Regulated+Domain"
     Title Towards Continuous Delivery for Domain Experts: Using MDE to Integrate Non-Programmers into a Software Delivery Pipeline
     Author ['H Nehls', 'D Ratiu']
     Venue … ACM/IEEE 22nd International Conference on …
     Year 2019
     Abstract d) Regulated Domain: Every tool of our eco-system shall comply to the predefined development process for medical software  b) MDE and Continuous Delivery: Combining MDE with continuous integration [7] and continuous delivery [8] proves to be challenging
     Url https://ieeexplore.ieee.org/abstract/document/8904815/


     Search term "Continuous+Delivery"+"Continuous+Integration"+"Regulated+Domain"
     Title Adoption of agile methods in automotive software development
     Author ['K Berger']
     Venue NA
     Year 2020
     Abstract Vost and Wagner (2017) suggest multiple guidelines to keep continuous delivery safe  is, in this case, the degree of information that is shared among the organizations operating in the same value-chain, is an enabler for inter-organizational Continuous Integration (Van der Valk
     Url http://essay.utwente.nl/81865/


     Search term "Continuous+Delivery"+"Continuous+Integration"+"Regulated+Domain"
     Title Quality requirements elicitation by ideation of product quality risks with design thinking
     Author ['A Poth', 'A Riel']
     Venue 2020 IEEE 28th International Requirements …
     Year 2020
     Abstract The financial services works without overnight entry and explicit release. The domain practices a rigorous incremen- tal approach with continuous delivery by applying an agile product development in a highly regulated domain [54]
     Url https://ieeexplore.ieee.org/abstract/document/9218186/


     Search term "Continuous+Delivery"+"Continuous+Integration"+"Regulated+Domain"
     Title The journeys
     Author ['B Fitzgerald', 'KJ Stol', 'S Minör', 'H Cosmo']
     Venue Scaling a Software Business
     Year 2017
     Abstract Page 1. 58 56 B. Fitzgerald et al., Scaling a Software Business, DOI 10.1007/978-3-319-53116- 8_2 © The Author(s) 2017 The journeys Travel brochures Page 2. 59 57 journeys Travel brochures and stories Page 3. And stories 58 60 86 100 120 142 160 182 212 Page 4
     Url https://link.springer.com/chapter/10.1007/978-3-319-53116-8_2


     Search term "Continuous+Delivery"+"Continuous+Integration"+"Regulated+Domain"
     Title GAME: Global agile model for enterprises
     Author ['MA Razzak']
     Venue NA
     Year 2020
     Abstract 134 7.3.2 Scaling Agile in the Regulated Domain  Adopting Agile practices such as short iter- ations, frequent builds, and continuous delivery poses challenges to configuration management and version management (Paasivaara and Lassenius, 2006). But
     Url https://ulir.ul.ie/handle/10344/9282

