Showing papers for search query "Best+practice"+OR+"General+guidelines"+"DevOps"+"Traceability"

     Search term "Best+practice"+OR+"General+guidelines"+"DevOps"+"Traceability"
     Title Productivity gains of DevOps adoption in an IT team: a case study
     Author ['MA Silva', 'JP Faustino', 'R Pereira', 'M Mira da Silva']
     Venue NA
     Year 2018
     Abstract Operational Work 50% “Too high percentage, the best practice stands that only 20% of a team capacity should be  S., Wijeweera, CC, Sanjitha, MG, Liyanage, VK, Perera, I., Meedeniya, DA: Tool support for traceability management of software artefacts with DevOps practices
     Url https://aisel.aisnet.org/isd2014/proceedings2018/ISDevelopment/8/


     Search term "Best+practice"+OR+"General+guidelines"+"DevOps"+"Traceability"
     Title First international workshop on emerging trends in devops and infrastructure
     Author ['R Rana', 'M Staron']
     Venue Proceedings of the Scientific Workshop Proceedings …
     Year 2016
     Abstract Data in Early Development Phases as an Enabler for Decision Support” introduced their method for building decision support system based on rich historical traceability data  [6] S. Elliot, “DevOps and the cost of downtime: Fortune 1000 best practice metrics quantified,” Int
     Url https://dl.acm.org/doi/abs/10.1145/2962695.2962706


     Search term "Best+practice"+OR+"General+guidelines"+"DevOps"+"Traceability"
     Title The software architect and DevOps
     Author ['L Bass']
     Venue IEEE Software
     Year 2017
     Abstract Virtual Private Cloud • Subnets • Security groups • CF frameworks • Best practice  Component traceability is the re- sponsibility of the various tools in the pipeline, but  as they enable fundamental improvements in their organization's capability through DevOps imple- mentation
     Url https://ieeexplore.ieee.org/abstract/document/8239924/


     Search term "Best+practice"+OR+"General+guidelines"+"DevOps"+"Traceability"
     Title HOW GOVERNMENT AGENCIES CAN USE CONTAINERS FOR IT (NOT JUST SHIPPING)
     Author ['S Pulapaka', 'M Satia']
     Venue NA
     Year 2018
     Abstract 3 environment through the increased portability as well as traceability offered by  More detail on a fully automated DevOps process is provided in a separate white paper titled “DevOps CI/CD in the Federal Sector.”  Best Practice for Resolution: Manage Organizational Impacts
     Url https://www.reisystems.com/wp-content/uploads/2018/07/How-Government-Agencies-Can-Use-Containers-For-IT-Not-Just-Shipping.pdf


     Search term "Best+practice"+OR+"General+guidelines"+"DevOps"+"Traceability"
     Title Productivity gains of DevOps adoption: a case study
     Author ['MÂR Silva']
     Venue NA
     Year 2018
     Abstract CS ID Title Reference Focused Capability CS.1 Tool Support for Traceability Management of Software Artefacts with DevOps Practices (Palihawadana, et al., 2017) N/A CS.2 Adopting DevOps Practices in Quality Assurance (Roche, 2013) Continuous testing
     Url https://repositorio.iscte-iul.pt/handle/10071/18293


     Search term "Best+practice"+OR+"General+guidelines"+"DevOps"+"Traceability"
     Title Exploring DevOps for Data Analytical System with Essential Demands Elicitation.
     Author ['J Zheng', 'Y Liu', 'J Lin']
     Venue SEKE
     Year 2016
     Abstract Traceability of Analysis Result Quality Hard to confirm what causes the unexpected result and take too much time Implement any modules with the confirmation of other participants 1  14] S. Elliot, “Devops and the cost of downtime: Fortune 1000 best practice metrics quantified
     Url https://pdfs.semanticscholar.org/705f/0cb37526aa0297dcc908f53e8cf7f8f8cfb3.pdf


     Search term "Best+practice"+OR+"General+guidelines"+"DevOps"+"Traceability"
     Title Microservices architecture enables devops: Migration to a cloud-native architecture
     Author ['A Balalaie', 'A Heydarnoori', 'P Jamshidi']
     Venue Ieee Software
     Year 2016
     Abstract The details of our patterns can be found in [4]. However, for traceability purposes, a mapping between the identified patterns and the  MP11 Introduce Configuration Server 3.1.3 Separating configuration from code is a CD best practice, and CD is a known DevOps practice
     Url https://ieeexplore.ieee.org/abstract/document/7436659/


     Search term "Best+practice"+OR+"General+guidelines"+"DevOps"+"Traceability"
     Title Enable cloud DevOps approach for industry and higher education
     Author ['M Airaj']
     Venue Concurrency and Computation: Practice and …
     Year 2017
     Abstract Further, as the DevOps teams iterate and produce release candidates, traceability of the artifacts composing the deployments is versioned and the deployment reproducible. 4 DEVOPS AND RELATIONAL DATABASE MANAGEMENT SYSTEM
     Url https://onlinelibrary.wiley.com/doi/abs/10.1002/cpe.3937


     Search term "Best+practice"+OR+"General+guidelines"+"DevOps"+"Traceability"
     Title Towards traceability management in continuous integration with SAT-analyzer
     Author ['ID Rubasinghe', 'DA Meedeniya', 'I Perera']
     Venue Proceedings of the 3rd …
     Year 2017
     Abstract Fixing the discovered pipeline failures without delaying is recommended best practice to preserve CI  It emphasizes the lack of specific techniques in traceability management in CI rather than theoretical principles such as DevOps, probabilistic practices
     Url https://dl.acm.org/doi/abs/10.1145/3162957.3162985


     Search term "Best+practice"+OR+"General+guidelines"+"DevOps"+"Traceability"
     Title Exploring and Enabling DevOps for Data Analytical System with Essential Demands Elicitation
     Author ['J Zheng', 'Y Liu', 'J Lin']
     Venue International Journal of Software Engineering …
     Year 2016
     Abstract Traceability of analysis result quality — DAS depends heavily on visualization to represent data analysis result  Although common solutions are able to cope with them to some degree, the way of DevOps enhancement can provide with a more e®ective solution by not only
     Url https://www.worldscientific.com/doi/abs/10.1142/S021819401640012X

