Showing papers for search query "Best+practice"+OR+"General+guidelines"+"Cyber-physical+system"+OR+"Industrial+control+system"+OR+"ICS"+OR+"SCADA"+OR+"Distributed+control+system"+OR+"DCS"+"FDA"

     Search term "Best+practice"+OR+"General+guidelines"+"Cyber-physical+system"+OR+"Industrial+control+system"+OR+"ICS"+OR+"SCADA"+OR+"Distributed+control+system"+OR+"DCS"+"FDA"
     Title The clinical role of LASER for vulvar and vaginal treatments in gynecology and female urology: an ICS/ISSVD best practice consensus document
     Author ['M Preti', 'P Vieira‐Baptista', 'GA Digesu']
     Venue Neurourology and …
     Year 2019
     Abstract Finally, on the July 30th, 2018, the FDA issued a warning that the effectiveness and  ISSVD) and the board of trustees of the International Continence Society (ICS) acknowledge the  This best practice document has therefore been developed to provide guidance on the use of
     Url https://onlinelibrary.wiley.com/doi/abs/10.1002/nau.23931


     Search term "Best+practice"+OR+"General+guidelines"+"Cyber-physical+system"+OR+"Industrial+control+system"+OR+"ICS"+OR+"SCADA"+OR+"Distributed+control+system"+OR+"DCS"+"FDA"
     Title What have we learnt about asthma control from trials of budesonide/formoterol as maintenance and reliever?
     Author ['CR Jenkins', 'ED Bateman', 'MR Sears']
     Venue Respirology
     Year 2020
     Abstract ACQ, Asthma Control Questionnaire; bd, twice daily; BUD/FORM, budesonide/formoterol; CBP, conventional best practice; FLU/SAL, fluticasone propionate/salmeterol; GINA, Global Initiative for Asthma; ICS, inhaled corticosteroid; LABA, long‐acting β 2 ‐agonist; LTRA
     Url https://onlinelibrary.wiley.com/doi/abs/10.1111/resp.13804


     Search term "Best+practice"+OR+"General+guidelines"+"Cyber-physical+system"+OR+"Industrial+control+system"+OR+"ICS"+OR+"SCADA"+OR+"Distributed+control+system"+OR+"DCS"+"FDA"
     Title Experiences from Practice and Projects
     Author ['M Chuprunov']
     Venue Auditing and GRC Automation in SAP
     Year 2013
     Abstract Again, all you have to do is activate these BC Sets. BC Sets. BC Sets are available in Process Control in the following areas: Roles. The authorization roles in BC Sets correspond to the SOX-driven and FDA-driven best practice ICS process. Attributes
     Url https://link.springer.com/chapter/10.1007/978-3-642-35302-4_18


     Search term "Best+practice"+OR+"General+guidelines"+"Cyber-physical+system"+OR+"Industrial+control+system"+OR+"ICS"+OR+"SCADA"+OR+"Distributed+control+system"+OR+"DCS"+"FDA"
     Title Single inhaler maintenance and reliever therapy in pediatric asthma
     Author ['U Nalin', 'S Stout', 'JM Portnoy']
     Venue Current opinion in allergy and …
     Year 2019
     Abstract Purpose of review Asthma affects more than 25 million people worldwide and continues to grow in pr.
     Url https://journals.lww.com/co-allergy/fulltext/2019/04000/single_inhaler_maintenance_and_reliever_therapy_in.7.aspx


     Search term "Best+practice"+OR+"General+guidelines"+"Cyber-physical+system"+OR+"Industrial+control+system"+OR+"ICS"+OR+"SCADA"+OR+"Distributed+control+system"+OR+"DCS"+"FDA"
     Title Engineering works: what is (and is not) engineering for interactive computer systems?
     Author ['A Blandford']
     Venue Proceedings of the 5th ACM SIGCHI symposium on …
     Year 2013
     Abstract Best practice in the development of ICS includes requirements gathering and user testing, neither of which  needs active maintenance to remain relevant to other aspects of ICS design and  of Interactive Software for Medical Devices: PCA Infusion Pumps and FDA Regulation as
     Url https://dl.acm.org/doi/abs/10.1145/2494603.2480342


     Search term "Best+practice"+OR+"General+guidelines"+"Cyber-physical+system"+OR+"Industrial+control+system"+OR+"ICS"+OR+"SCADA"+OR+"Distributed+control+system"+OR+"DCS"+"FDA"
     Title Is it safe to use long-acting beta-agonists in asthma and chronic obstructive pulmonary disease? Implications of recent trials and meta-analyses
     Author ['MR Sears']
     Venue Pol Arch Med Wewn
     Year 2008
     Abstract chronic obstructive pulmonary disease, concomitant use of ICS should be considered best practice whenever LABAs  arm and none in the placebo arm, whereas among those using ICS at base  for which the data had been provided to the Food and Drugs Admi‑ nistration (FDA)
     Url https://pdfs.semanticscholar.org/b03d/baea8c87271ba69ca0b203cd26a7b5e3e57e.pdf


     Search term "Best+practice"+OR+"General+guidelines"+"Cyber-physical+system"+OR+"Industrial+control+system"+OR+"ICS"+OR+"SCADA"+OR+"Distributed+control+system"+OR+"DCS"+"FDA"
     Title Controlled Terminology and Data Standards
     Author ['MW Haber']
     Venue NA
     Year 2012
     Abstract requirements, while • More responsive, pure, best-practice efforts often concentrate on  Across NCI and multiple NIH ICs ➢ FDA (>16K concepts) and other federal agencies ➢ Drug Information Resources [NCI Drug Dictionary, Federal Medication
     Url https://pdfs.semanticscholar.org/c00d/d7d3bcf580c92f0defa51ec7a65a1993ddea.pdf


     Search term "Best+practice"+OR+"General+guidelines"+"Cyber-physical+system"+OR+"Industrial+control+system"+OR+"ICS"+OR+"SCADA"+OR+"Distributed+control+system"+OR+"DCS"+"FDA"
     Title IAfinder: Identifying potential implicit assumptions to facilitate validation in medical cyber-physical system
     Author ['Z Fu', 'Z Wang', 'C Guo', 'Z Zhang', 'S Ren']
     Venue 2018 55th ACM/ESDA …
     Year 2018
     Abstract 2017. Study of Software-Related Causes in the FDA Medical Device Recalls  2016. Transforming Medical Best Practice Guidelines to Executable and Verifiable Statechart Models  2016. Data-centered runtime verification of wireless medical cyber-physical system
     Url https://ieeexplore.ieee.org/abstract/document/8465815/


     Search term "Best+practice"+OR+"General+guidelines"+"Cyber-physical+system"+OR+"Industrial+control+system"+OR+"ICS"+OR+"SCADA"+OR+"Distributed+control+system"+OR+"DCS"+"FDA"
     Title Trends in adoption of Wingspan stents
     Author ['A Gupta', 'H Krumholz']
     Venue Bmj
     Year 2014
     Abstract for intracranial stenting (ICS) to prevent recurrent stroke despite insufficient evidence of its effectiveness.1 2 They also draw attention to the FDA's inadequate response to recent evidence from the SAMMPRIS randomised controlled trial against the use of ICS in these patients
     Url https://www.bmj.com/content/348/bmj.g1552.short


     Search term "Best+practice"+OR+"General+guidelines"+"Cyber-physical+system"+OR+"Industrial+control+system"+OR+"ICS"+OR+"SCADA"+OR+"Distributed+control+system"+OR+"DCS"+"FDA"
     Title Guidelines of the food and drug administration for study of new drugs in human subjects
     Author ['JR Crout']
     Venue Annals of internal medicine
     Year 1978
     Abstract Specific Guidelines These general guidelines are supplemented by specific guidelines for each drug class  has been adopted by many other countries, and the world market of antibiot- ics has, in  Charges of "drug lag" that have been leveled against the FDA by some have not
     Url https://www.acpjournals.org/doi/abs/10.7326/0003-4819-89-5-832

