Showing papers for search query "Best+practice"+OR+"General+guidelines"+"Cyber-physical+system"+OR+"Industrial+control+system"+OR+"ICS"+OR+"SCADA"+OR+"Distributed+control+system"+OR+"DCS"+"DevOps"

     Search term "Best+practice"+OR+"General+guidelines"+"Cyber-physical+system"+OR+"Industrial+control+system"+OR+"ICS"+OR+"SCADA"+OR+"Distributed+control+system"+OR+"DCS"+"DevOps"
     Title Developing and operating industrial security services to mitigate risks of digitalization
     Author ['C Jansen']
     Venue IFAC-PapersOnLine
     Year 2016
     Abstract Technical concepts for securing industrial automation and control systems ICS are available to protect  To establish and foster this collaboration, methods like pair programming, best-practice sharing, log books  Stuxnet Worm Impact on Industrial Cyber-Physical System Security
     Url https://www.sciencedirect.com/science/article/pii/S2405896316325125


     Search term "Best+practice"+OR+"General+guidelines"+"Cyber-physical+system"+OR+"Industrial+control+system"+OR+"ICS"+OR+"SCADA"+OR+"Distributed+control+system"+OR+"DCS"+"DevOps"
     Title A Cloud-Based Research and Learning Factory for Industrial Production
     Author ['R Merz', 'R Hoch', 'D Drexel']
     Venue Procedia Manufacturing
     Year 2020
     Abstract courses addressing a wide variety of topics related to Industry 4.0 and showcase best practice scenarios for  In a five day course we teach students in how to use a SCADA-System and  2017. Devops with Kubernetes: Accelerating Software Delivery with Container Orchestrators
     Url https://www.sciencedirect.com/science/article/pii/S2351978920311392


     Search term "Best+practice"+OR+"General+guidelines"+"Cyber-physical+system"+OR+"Industrial+control+system"+OR+"ICS"+OR+"SCADA"+OR+"Distributed+control+system"+OR+"DCS"+"DevOps"
     Title The quest in delivering quality IT services: The case of a higher education institution
     Author ['C Sliep', 'C Marnewick']
     Venue Education and Information Technologies
     Year 2020
     Abstract IT, as an essential part of the institution, determines organisational stability and agility through the adoption of various best practice frameworks. The multi-dimensional framework developed in this study integrates DevOps, Lean IT principles and Visible Ops processes to ensure
     Url https://link.springer.com/article/10.1007/s10639-020-10198-0


     Search term "Best+practice"+OR+"General+guidelines"+"Cyber-physical+system"+OR+"Industrial+control+system"+OR+"ICS"+OR+"SCADA"+OR+"Distributed+control+system"+OR+"DCS"+"DevOps"
     Title Managing the High-Performance Computer Society Standards Working Group
     Author ['B Aiello']
     Venue Computer
     Year 2015
     Abstract DEVOPS AND THE WORKING GROUP DevOps is an emerging industry best practice that focuses  An effective standards working group exemplifies how a DevOps group col- laborates and  Controlling group dynam- ics, and ensuring e cient communi- cation and collaboration
     Url https://ieeexplore.ieee.org/abstract/document/7063178/


     Search term "Best+practice"+OR+"General+guidelines"+"Cyber-physical+system"+OR+"Industrial+control+system"+OR+"ICS"+OR+"SCADA"+OR+"Distributed+control+system"+OR+"DCS"+"DevOps"
     Title IoT Interoperability: Security considerations and challenges in implementation
     Author ['K Reeves', 'C Maple']
     Venue NA
     Year 2018
     Abstract can increase capacity and efficiency of legacy assets that often have some form of existing industrial control system  A key lesson to be learnt from the ICS arena is that true interoperability is  the case for IT, standards should be aligned with forensic analysis best practice that will
     Url https://digital-library.theiet.org/content/conferences/10.1049/cp.2018.0007


     Search term "Best+practice"+OR+"General+guidelines"+"Cyber-physical+system"+OR+"Industrial+control+system"+OR+"ICS"+OR+"SCADA"+OR+"Distributed+control+system"+OR+"DCS"+"DevOps"
     Title IT2EC 2020–Cyber Training Architecture, Enabling Digital Twin Environments
     Author ['A Kapadia', 'R Osborne', 'B Vermillion']
     Venue NA
     Year NA
     Abstract This is a best practice for reducing the risk of introducing new software into production  comments regarding the issues networking subnets in the PCTE virtual environment to the external ICS  He is currently working as an architect and DevOps engineer for the Persistent Cyber
     Url https://www.itec.co.uk/__media/libraries/draft-abstracts--slides/42---Kapadia-&-Vermillion.pdf


     Search term "Best+practice"+OR+"General+guidelines"+"Cyber-physical+system"+OR+"Industrial+control+system"+OR+"ICS"+OR+"SCADA"+OR+"Distributed+control+system"+OR+"DCS"+"DevOps"
     Title Self-reconfiguring microservices
     Author ['M Gabbrielli', 'S Giallorenzo', 'C Guidi', 'J Mauro']
     Venue Theory and Practice of …
     Year 2016
     Abstract Since the available DCs may not be enough to deploy the desired system, it is possible to  the high-level automation typical of the PaaS level by allowing the DevOps to specify  capture and deploy SOA relying on stateless services or application following the best practice of the
     Url https://link.springer.com/chapter/10.1007/978-3-319-30734-3_14


     Search term "Best+practice"+OR+"General+guidelines"+"Cyber-physical+system"+OR+"Industrial+control+system"+OR+"ICS"+OR+"SCADA"+OR+"Distributed+control+system"+OR+"DCS"+"DevOps"
     Title Microservices in practice, part 1: Reality check and service design
     Author ['C Pautasso', 'O Zimmermann', 'M Amundsen', 'J Lewis']
     Venue IEEE Software
     Year 2017
     Abstract [Not Found]
     Url [Not Found]


     Search term "Best+practice"+OR+"General+guidelines"+"Cyber-physical+system"+OR+"Industrial+control+system"+OR+"ICS"+OR+"SCADA"+OR+"Distributed+control+system"+OR+"DCS"+"DevOps"
     Title Mitigating risks of digitalization through managed industrial security services
     Author ['C Jansen', 'S Jeschke']
     Venue AI & SOCIETY
     Year 2018
     Abstract in the IT or automation systems that might be exploited by hackers to compromise the cyber-physical system  This includes industrial control system applications  To establish and foster this collaboration, methods such as pair programming, best-practice sharing, log books of
     Url https://link.springer.com/article/10.1007/s00146-018-0812-1


     Search term "Best+practice"+OR+"General+guidelines"+"Cyber-physical+system"+OR+"Industrial+control+system"+OR+"ICS"+OR+"SCADA"+OR+"Distributed+control+system"+OR+"DCS"+"DevOps"
     Title ABS: A high-level modeling language for cloud-aware programming
     Author ['N Bezirgiannis', 'F de Boer']
     Venue International Conference on Current Trends in …
     Year 2016
     Abstract The language is intended for DevOps engineers and (potentially) computational scientists who are responsible for both the development and  Our design choice was based on best practice; we believe that a distributed cloud ABS application of many DCs would contain a
     Url https://link.springer.com/chapter/10.1007/978-3-662-49192-8_35

