Showing papers for search query "Best+practice"+OR+"General+guidelines"+"Case+Study"+"DevOps"

     Search term "Best+practice"+OR+"General+guidelines"+"Case+Study"+"DevOps"
     Title An Agile Framework for ITS Management In Organizations: A Case Study Based on DevOps
     Author ['S Abdelkebir', 'Y Maleh', 'M Belaissaoui']
     Venue Proceedings of the 2nd …
     Year 2017
     Abstract In a manufacturing enterprise [18]used integration of COBIT and ITIL best practice to implement and improve ITSM framework  An Agile Framework for ITS Management in Organizations. A Case Study Based on DevOps ICCWCS'17, November 2017, Larach, Morocco
     Url https://dl.acm.org/doi/abs/10.1145/3167486.3167556


     Search term "Best+practice"+OR+"General+guidelines"+"Case+Study"+"DevOps"
     Title Evidence-Based DevOps for Continuous Collaboration, Process, and Delivery
     Author ['WS Chung']
     Venue NA
     Year NA
     Abstract EBM, healthcare service providers use Evidence-Based Practice (EBP) to take care their patient effectively [4, 5]. EBP is a best practice underpinned by  As a case study, we demonstrate how we can reengineer even a simple application by using Evidence-Based DevOps
     Url http://opensiuc.lib.siu.edu/cgi/viewcontent.cgi?article=1102&context=asars


     Search term "Best+practice"+OR+"General+guidelines"+"Case+Study"+"DevOps"
     Title Enable cloud DevOps approach for industry and higher education
     Author ['M Airaj']
     Venue Concurrency and Computation: Practice and …
     Year 2017
     Abstract RESEARCH ARTICLE. Enable cloud DevOps approach for industry and higher education. Mohammed Airaj Corresponding Author. E-mail address: mohammed.airaj@ uca.ac.ma  2 DEVOPS METHODOLOGY. 2.1 DevOps philosophy
     Url https://onlinelibrary.wiley.com/doi/abs/10.1002/cpe.3937


     Search term "Best+practice"+OR+"General+guidelines"+"Case+Study"+"DevOps"
     Title Investigation of Applying DevOps Principles When Developing Device Software
     Author ['R Ritter']
     Venue LU-CS-EX 2018-32
     Year 2018
     Abstract It is important to mention that the case study process was designed in an iterative manner and the course of phases could be altered in order to be flexible  The objective of this phase of the study was to gather information on DevOps and to find best practice cases both from
     Url http://lup.lub.lu.se/student-papers/record/8971804/file/8971805.pdf


     Search term "Best+practice"+OR+"General+guidelines"+"Case+Study"+"DevOps"
     Title DevOps competences for Smart City administrators
     Author ['HR Kaufmann', 'D Bengoa', 'C Sandbrink', 'A Kokkinaki']
     Venue NA
     Year 2020
     Abstract the gap between today's and future's skills demands of municipal workforce by emphasizing on the exploitation of emerging employment paradigms such as DevOps (http://devops.teilar.gr/)  The project, furthermore, aims to create an international community of best practice
     Url https://www.corp.at/archive/CORP2020_149.pdf


     Search term "Best+practice"+OR+"General+guidelines"+"Case+Study"+"DevOps"
     Title Vulnerability dynamics. A Model-Based Case Study about the Interactions between Pressure in Agile Secure Software Development, Software Vulnerabilities …
     Author ['J Matheus']
     Venue NA
     Year 2017
     Abstract II. D. 19 Unstructured Interview with DevOps Team, 2 June 2017 cliv  7 Figure 5: Software Security Best Practice applied throughout the Lifecycle 8 Figure 6: Example Shape of the Yerkes-Dodson Law 12 Figure 7: Model-Based Case Study Research Process for Theory Building
     Url https://theses.ubn.ru.nl/handle/123456789/6881


     Search term "Best+practice"+OR+"General+guidelines"+"Case+Study"+"DevOps"
     Title EXPLORING DEVOPS: CHALLENGES AND BENEFITS
     Author ['PP Joby']
     Venue Journal of Information Technology
     Year 2019
     Abstract 212-217. Springer, Cham, 2015. [11] Elliot, Stephen. "DevOps and the cost of downtime: Fortune 1000 best practice metrics  [13] Basher, Mohamed. "DevOps: An explorative case study on the challenges and opportunities in implementing Infrastructure as code." (2019)
     Url https://www.irojournals.com/itdw/V1/I1/04.pdf


     Search term "Best+practice"+OR+"General+guidelines"+"Case+Study"+"DevOps"
     Title Productivity gains of DevOps adoption in an IT team: a case study
     Author ['MA Silva', 'JP Faustino', 'R Pereira', 'M Mira da Silva']
     Venue NA
     Year 2018
     Abstract Operational Work 50% “Too high percentage, the best practice stands that only 20% of a team capacity should be used for  Riungu-Kalliosaari, L., Mäkinen, S., Lwakatare, LE, Tiihonen, J., Männistö, T.: DevOps adoption benefits and challenges in practice: A case study
     Url https://aisel.aisnet.org/isd2014/proceedings2018/ISDevelopment/8/


     Search term "Best+practice"+OR+"General+guidelines"+"Case+Study"+"DevOps"
     Title The architect's role in community shepherding
     Author ['DA Tamburri', 'R Kazman', 'H Fahimi']
     Venue IEEE Software
     Year 2016
     Abstract DevOps Clash (29) Clashes in the mix between development and operations from multiple geographical locations, with contractual obligations to  Unlearning (12) A new technological or organizational advancement or best practice (for example, as part of training courses) that
     Url https://ieeexplore.ieee.org/abstract/document/7725222/


     Search term "Best+practice"+OR+"General+guidelines"+"Case+Study"+"DevOps"
     Title GN3 Software Architecture Strategy Best Practice Guide 2.0
     Author ['B Marovic', 'M Wrzos', 'M Lewandowski', 'A Bobak']
     Venue NA
     Year NA
     Abstract Agile, DevOps, and ITIL (Adapted from [DevOps_1]) 16 Figure ‎3.1: ESB representation 25 Table of Tables Table ‎2.1: OpenUP and Agile Manifesto comparison 6 Table ‎3.1: Features of XML data binding tools 33 Page 4. GN3 Software Architecture Strategy Best Practice Guide
     Url https://geant3.archive.geant.org/media_centre/media_library/media%20library/gn3-09-185_software_architecture_strategy_best_practice_guide_4%200.pdf

