Showing papers for search query "Best+practice"+OR+"General+guidelines"+"DevOps"

     Search term "Best+practice"+OR+"General+guidelines"+"DevOps"
     Title DevOps and the cost of downtime: Fortune 1000 best practice metrics quantified
     Author ['S Elliot']
     Venue International Data Corporation (IDC)
     Year 2014
     Abstract Based on a research survey conducted during October and November of 2014 across multiple industries and with respondents across development, testing, and operations, this document identifies for the first time critical DevOps metrics from 20+ Fortune 1000
     Url http://www.smallake.kr/wp-content/uploads/2013/07/DevOps-metrics-Fortune1K.pdf


     Search term "Best+practice"+OR+"General+guidelines"+"DevOps"
     Title Compliance at Velocity within a DevOps Environment
     Author ['MZ Abrahams', 'JJ Langerman']
     Venue 2018 Thirteenth International …
     Year 2018
     Abstract These processes include using the incremental approach of DevOps to integrate information security best practice into the organizationГs environment, understanding the probability of specific security ris,s, standardizing thirdYparty software, governing with
     Url https://ieeexplore.ieee.org/abstract/document/8847007/


     Search term "Best+practice"+OR+"General+guidelines"+"DevOps"
     Title Maximize the synergies between ITIL and DevOps
     Author ['A Orr']
     Venue BMC Software
     Year 2012
     Abstract eSCM-SP™, eTOM® and Six Sigma™. For best-practice guidance, DevOps processes can turn to ITIL as the foundation architecture, referencing other standards and frameworks as needed to solve particular business issues
     Url https://www.newhorizons.com/Portals/278/Documents/Maximize%20the%20Synergies%20Between%20ITIL%20and%20DevOps.pdf


     Search term "Best+practice"+OR+"General+guidelines"+"DevOps"
     Title Next generation of devops: Aiops in practice@ baidu
     Author ['X Qu', 'J Ha']
     Venue SREcon17
     Year 2017
     Abstract AIOps in Practice @Baidu Xianping Qu & Jingjing Ha Page 2. About Baidu Page 3. Agenda • History of Baidu SRE team • Next generation of DevOps – AIOps • Best practice based on AIOps • Future Page 4. Tools (2007-2009) Dev OP QA • DevOps – Deployment – Monitoring
     Url https://www.usenix.org/sites/default/files/conference/protected-files/srecon17asia_slides_qu.pdf


     Search term "Best+practice"+OR+"General+guidelines"+"DevOps"
     Title Drupal 8 DevOps
     Author ['T Tomlinson']
     Venue Enterprise Drupal 8 Development
     Year 2017
     Abstract updates. Continuous delivery is the next best practice to implement. This DevOps solution takes the output of continuous integration and prepares and deploys the fully tested updates to the production environment. Microservices
     Url https://link.springer.com/chapter/10.1007/978-1-4842-0253-1_11


     Search term "Best+practice"+OR+"General+guidelines"+"DevOps"
     Title Evidence-Based DevOps for Continuous Collaboration, Process, and Delivery
     Author ['WS Chung']
     Venue NA
     Year NA
     Abstract providers use Evidence-Based Practice (EBP) to take care their patient effectively [4, 5]. EBP is a best practice underpinned by  Acquire scientific evidences, Appraise best practices, and Practice the chosen evidence-based practices [5]. In Evidence-Based DevOps, we apply
     Url http://opensiuc.lib.siu.edu/cgi/viewcontent.cgi?article=1102&context=asars


     Search term "Best+practice"+OR+"General+guidelines"+"DevOps"
     Title Network DevOps Solution for Creating New Network Services
     Author ['M Takimoto', 'H Komine', 'K Tamura']
     Venue Fujitsu Scientific & Technical Journal
     Year 2016
     Abstract new services. To meet this challenge, we plan to apply the basic principles of DevOps—a best practice in cloud computing—to the network and speed up the entire service lifecycle, as summarized below. 1) Revolutionize the
     Url https://www.fujitsu.com/global/documents/about/resources/publications/fstj/archives/vol52-2/paper02.pdf


     Search term "Best+practice"+OR+"General+guidelines"+"DevOps"
     Title Readiness model for DevOps implementation in software organizations
     Author ['S Rafi', 'W Yu', 'MA Akbar', 'S Mahmood']
     Venue Journal of Software …
     Year NA
     Abstract We used SLR as a research method to identify the challenges and best practice of DevOps from the available literature and classify the explored literature using inclusion and exclusion criteria.36 The outcomes from SLR are less biased and more reliable then informal literature
     Url https://onlinelibrary.wiley.com/doi/abs/10.1002/smr.2323


     Search term "Best+practice"+OR+"General+guidelines"+"DevOps"
     Title Microservices architecture enables devops: Migration to a cloud-native architecture
     Author ['A Balalaie', 'A Heydarnoori', 'P Jamshidi']
     Venue Ieee Software
     Year 2016
     Abstract to the independency of services' deployment MP11 Introduce Configuration Server 3.1.3 Separating configuration from code is a CD best practice, and CD is a known DevOps practice MP12 Introduce Edge Server 3.1.4 Edge
     Url https://ieeexplore.ieee.org/abstract/document/7436659/


     Search term "Best+practice"+OR+"General+guidelines"+"DevOps"
     Title DevOps: continuous delivery, integration, and deployment with DevOps: dive into the core DevOps strategies
     Author ['S Vadapalli']
     Venue NA
     Year 2018
     Abstract [Not Found]
     Url [Not Found]

