Showing papers for search query "Case+Study"+"Continuous"+"FDA"

     Search term "Case+Study"+"Continuous"+"FDA"
     Title Evaluating oversight of human drugs and medical devices: a case study of the FDA and implications for nanobiotechnology
     Author ['J Paradise', 'AW Tisdale', 'RF Hall']
     Venue The Journal of Law …
     Year 2009
     Abstract pro- viding an integrative historical case study approach. The goal is to provide useful information from mul- tiple disciplines and perspectives to guide discussions regarding appropriate oversight frameworks for nano- biotechnology applications under the FDA's purview
     Url https://onlinelibrary.wiley.com/doi/abs/10.1111/j.1748-720X.2009.00434.x


     Search term "Case+Study"+"Continuous"+"FDA"
     Title … sustained cholestatic hepatitis following temozolomide in a patient with glioblastoma multiforme: case study and review of data from the FDA adverse event reporting …
     Author ['G Sarganas', 'HD Orzechowski', 'A Klimpel']
     Venue Neuro …
     Year 2012
     Abstract Article Navigation. Severe sustained cholestatic hepatitis following temozolomide in a patient with glioblastoma multiforme: case study and review of data from the FDA adverse event reporting system. Giselle Sarganas. Clinical
     Url https://academic.oup.com/neuro-oncology/article-abstract/14/5/541/1079491


     Search term "Case+Study"+"Continuous"+"FDA"
     Title The FDA, the BATF, and Liquor Labeling: A Case Study of Interagency Jurisdictional Conflict
     Author ['IP Cooper']
     Venue Food, Drug, Cosmetic Law Journal
     Year 1979
     Abstract Page 1. The FDA, the BATF, and Liquor Labeling: A Case Study of Interagency Jurisdictional Conflict By IVER P. COOPER Mr. Cooper Is a Food Law Institute Fellow at George Washington University. IN TWENTIETH-CENTURY
     Url https://www.jstor.org/stable/26658540


     Search term "Case+Study"+"Continuous"+"FDA"
     Title Continuous reactive crystallization of β-lactam antibiotics catalyzed by penicillin G acylase. Part II: Case study on ampicillin and product purity
     Author ['MA McDonald', 'AS Bommarius', 'MA Grover']
     Venue Computers & Chemical …
     Year 2019
     Abstract Continuous reactive crystallization of β-lactam antibiotics catalyzed by penicillin G acylase. Part II: Case study on ampicillin and product purity  As of this writing, five drugs have received FDA approval to transition from batch to continuous manufacturing (among them, Orkambi
     Url https://www.sciencedirect.com/science/article/pii/S0098135418308809


     Search term "Case+Study"+"Continuous"+"FDA"
     Title Pulmonary arterial hypertension: a case study in FDA expedited program designations
     Author ['I Daizadeh']
     Venue Therapeutic innovation & regulatory science
     Year 2019
     Abstract Tips on citation download. Download Citation. Download article citation data for: Pulmonary Arterial Hypertension: A Case Study in FDA Expedited Program Designations. Iraj Daizadeh, PhD. Therapeutic Innovation & Regulatory Science 2018 53:2, 264-269. Download Citation
     Url https://journals.sagepub.com/doi/abs/10.1177/2168479018778529


     Search term "Case+Study"+"Continuous"+"FDA"
     Title Dynamic water quality evaluation based on fuzzy matter–element model and functional data analysis, a case study in Poyang Lake
     Author ['B Li', 'G Yang', 'R Wan', 'G Hörmann']
     Venue Environmental Science and Pollution …
     Year 2017
     Abstract Dynamic water quality evaluation based on fuzzy matter–element model and functional data analysis, a case study in Poyang Lake  The 2-year monthly sampling observations for each indicator were converted to a continuous concentration curve via FDA (Fig
     Url https://link.springer.com/article/10.1007/s11356-017-9371-0


     Search term "Case+Study"+"Continuous"+"FDA"
     Title Process analytical technology for continuous manufacturing tableting processing: A case study
     Author ['V Pauli', 'Y Roggo', 'L Pellegatti', 'NQN Trung']
     Venue … of pharmaceutical and …
     Year 2019
     Abstract Process analytical technology for continuous manufacturing tableting processing: A case study  In a continuous manufacturing process, and contrary to a traditional batch production process, the tablet  was initially endorsed by the US Food and Drug Administration (FDA) as part
     Url https://www.sciencedirect.com/science/article/pii/S073170851831598X


     Search term "Case+Study"+"Continuous"+"FDA"
     Title Continuous manufacturing process monitoring of pharmaceutical solid dosage form: A case study
     Author ['Y Roggo', 'V Pauli', 'M Jelsch', 'L Pellegatti', 'F Elbaz']
     Venue … of pharmaceutical and …
     Year 2020
     Abstract Continuous manufacturing process monitoring of pharmaceutical solid dosage form: A case study  Abbreviations. API active pharmaceutical ingredient. CM Continuous Manufacturing. FDA Food and Drug Administration. LC Label Claim. LOD loss-on-drying
     Url https://www.sciencedirect.com/science/article/pii/S0731708519320370


     Search term "Case+Study"+"Continuous"+"FDA"
     Title Implementation of the new FDA quality by design guidance in pharmaceutical production
     Author ['SM Tozer']
     Venue NA
     Year 2008
     Abstract This resource intensive process discourages continuous improvement and often results in outdated and inefficient  In 2005 Novartis Pharma formed a unique collaboration with the FDA in an attempt to  functional team was formed with the goal of developing a case study for one
     Url https://dspace.mit.edu/handle/1721.1/44325


     Search term "Case+Study"+"Continuous"+"FDA"
     Title Impact of microcrystalline cellulose material attributes: A case study on continuous twin screw granulation
     Author ['M Fonteyne', 'A Correia', 'S De Plecker']
     Venue International journal of …
     Year 2015
     Abstract The present case study evaluates the effect of unspecified variability of raw material properties upon the quality attributes of granules; produced using a continuous from-powder-to  DPMO defects per million opportunities. FDA Food and Drug Administration. H Hausner
     Url https://www.sciencedirect.com/science/article/pii/S0378517314008850

