Showing papers for search query "Case+Study"+"Continuous"+"DevOps"

     Search term "Case+Study"+"Continuous"+"DevOps"
     Title Understanding DevOps & bridging the gap from continuous integration to continuous delivery
     Author ['M Virmani']
     Venue Fifth International Conference on the Innovative …
     Year 2015
     Abstract all aspects of Devops applicable to various phases of SDLC and specifically talks about business need, ways to move from continuous integration to continuous delivery and its benefits. Continuous delivery transformation in this paper is explained with a real life case study that
     Url https://ieeexplore.ieee.org/abstract/document/7173368/


     Search term "Case+Study"+"Continuous"+"DevOps"
     Title DevOps adoption benefits and challenges in practice: a case study
     Author ['L Riungu-Kalliosaari', 'S Mäkinen', 'LE Lwakatare']
     Venue … Conference on Product …
     Year 2016
     Abstract We conducted a qualitative multiple-case study and interviewed the representatives of  DevOps was seen to encourage collaboration between departments which boosts communication  Continuous releases enable a more experimental approach and rapid feedback collection
     Url https://link.springer.com/chapter/10.1007/978-3-319-49094-6_44


     Search term "Case+Study"+"Continuous"+"DevOps"
     Title Including performance benchmarks into continuous integration to enable DevOps
     Author ['J Waller', 'NC Ehmke', 'W Hasselbring']
     Venue ACM SIGSOFT Software …
     Year 2015
     Abstract This approach contributes to the current efforts of the DevOps movement by presenting a case study of executing and analyzing regression benchmarks in continuous integration setups. Further- more, we provide a vision for
     Url https://dl.acm.org/doi/abs/10.1145/2735399.2735416


     Search term "Case+Study"+"Continuous"+"DevOps"
     Title Building lean continuous integration and delivery pipelines by applying DevOps principles: a case study at Varidesk
     Author ['V Debroy', 'S Miller', 'L Brimble']
     Venue Proceedings of the 2018 26th ACM Joint …
     Year 2018
     Abstract Continuous Integration (CI) and Continuous Delivery (CD) are widely considered to be best practices in software development. Studies have shown however, that adopting these practices can be challenging and there are many barriers that engineers
     Url https://dl.acm.org/doi/abs/10.1145/3236024.3275528


     Search term "Case+Study"+"Continuous"+"DevOps"
     Title Architecting for devops and continuous deployment
     Author ['M Shahin']
     Venue Proceedings of the ASWEC 2015 24th Australasian …
     Year 2015
     Abstract [2] Bass, L., Weber, I., and Zhu, L. 2015. DevOps: A Software Architect's Perspective  The Highways and Country Roads to Continuous Deployment. IEEE Software 32, 2, 64-72  Research Protocol for a Case Study of Crowdsourcing Software Development. Technical Report
     Url https://dl.acm.org/doi/abs/10.1145/2811681.2824996


     Search term "Case+Study"+"Continuous"+"DevOps"
     Title DevOps
     Author ['C Ebert', 'G Gallardo', 'J Hernantes', 'N Serrano']
     Venue Ieee Software
     Year 2016
     Abstract (For an example, see the sidebar “A DevOps Case Study.”) A key lesson for all these companies has been not to under- estimate the  So, the IT operations and development teams must closely collaborate to achieve the continuous process pro- moted by the DevOps team
     Url https://ieeexplore.ieee.org/abstract/document/7458761/


     Search term "Case+Study"+"Continuous"+"DevOps"
     Title DevOps capabilities, practices, and challenges: Insights from a case study
     Author ['M Senapathi', 'J Buchan', 'H Osman']
     Venue Proceedings of the 22nd …
     Year 2018
     Abstract 8], the current literature does not provide much insight on the actual implementation and practices of DevOps and their effectiveness in supporting continuous software development. In this research, we investigate these issues based on an in-depth exploratory case study
     Url https://dl.acm.org/doi/abs/10.1145/3210459.3210465


     Search term "Case+Study"+"Continuous"+"DevOps"
     Title DevOps in practice: A multiple case study of five companies
     Author ['LE Lwakatare', 'T Kilamo', 'T Karvonen', 'T Sauvola']
     Venue Information and …
     Year 2019
     Abstract Similarly, continuous monitoring through log aggregation and monitoring tools has become an integral part of  up, senior managers are to be convinced of the benefits DevOps [17  The study applies a multiple-case study approach conducted between January 2016 and January
     Url https://www.sciencedirect.com/science/article/pii/S0950584917302793


     Search term "Case+Study"+"Continuous"+"DevOps"
     Title Relationship of DevOps to agile, lean and continuous deployment
     Author ['LE Lwakatare', 'P Kuvaja', 'M Oivo']
     Venue International conference on product …
     Year 2016
     Abstract Ogawa, R., Malen, B.: Towards rigor in reviews of multivocal literatures: applying the exploratory case study method. Rev  IEEE (2015)Google Scholar. 16. Virmani, M.: Understanding DevOps & bridging the gap from continuous integration to continuous delivery
     Url https://link.springer.com/chapter/10.1007/978-3-319-49094-6_27


     Search term "Case+Study"+"Continuous"+"DevOps"
     Title Exploiting devops practices for dependable and secure continuous delivery pipelines
     Author ['TF Düllmann', 'C Paule']
     Venue … on Rapid Continuous …
     Year 2018
     Abstract outline our envisioned roadmap and preliminary results from an ongoing industrial case study. ACM Reference Format: Thomas F. Düllmann, Christina Paule, and André van Hoorn. 2018. Ex- ploiting DevOps Practices for Dependable and Secure Continuous Delivery Pipelines
     Url https://ieeexplore.ieee.org/abstract/document/8452104/

