Showing papers for search query "Case+Study"+"Cyber-physical+system"+OR+"Industrial+control+system"+OR+"ICS"+OR+"SCADA"+OR+"Distributed+control+system"+OR+"DCS"+"DevOps"

     Search term "Case+Study"+"Cyber-physical+system"+OR+"Industrial+control+system"+OR+"ICS"+OR+"SCADA"+OR+"Distributed+control+system"+OR+"DCS"+"DevOps"
     Title Non-intrusive anomaly detection with streaming performance metrics and logs for DevOps in public clouds: a case study in AWS
     Author ['D Sun', 'M Fu', 'L Zhu', 'G Li', 'Q Lu']
     Venue IEEE transactions on Emerging …
     Year 2016
     Abstract A Case Study in AWS  system monitoring and sampling in public clouds like Amazon EC2 [7]. Cloud computing has been broadly adopted for data analyt- ics for public service  Sun et al.: Non-Intrusive Anomaly Detection With Streaming Performance Metrics and Logs for DevOps
     Url https://ieeexplore.ieee.org/abstract/document/7389388/


     Search term "Case+Study"+"Cyber-physical+system"+OR+"Industrial+control+system"+OR+"ICS"+OR+"SCADA"+OR+"Distributed+control+system"+OR+"DCS"+"DevOps"
     Title Performance issues? Hey DevOps, mind the uncertainty
     Author ['C Trubiani', 'P Jamshidi', 'J Cito', 'W Shang']
     Venue IEEE …
     Year 2018
     Abstract Table 1. An overview of the case study subject system  This observation high- lights the importance of handling uncertainty in the DevOps process as well as determining the  A detailed experience has been presented in the Model-Based Adaptation for Robot- ics Software project
     Url https://ieeexplore.ieee.org/abstract/document/8501933/


     Search term "Case+Study"+"Cyber-physical+system"+OR+"Industrial+control+system"+OR+"ICS"+OR+"SCADA"+OR+"Distributed+control+system"+OR+"DCS"+"DevOps"
     Title DevOps Reference Architecture for Multi-cloud IOT Applications
     Author ['GB Ghantous', 'AQ Gill']
     Venue 2018 IEEE 20th Conference on …
     Year 2018
     Abstract This paper aims to addresses this important challenge and proposes a DevOps Reference Architecture (DRA) to deploy IoT-applications on multi-cloud. The proposed architecture is evaluated by the means of a case study, which involves deploying an IoT application on the
     Url https://ieeexplore.ieee.org/abstract/document/8452669/


     Search term "Case+Study"+"Cyber-physical+system"+OR+"Industrial+control+system"+OR+"ICS"+OR+"SCADA"+OR+"Distributed+control+system"+OR+"DCS"+"DevOps"
     Title A DevOps framework to shorten delivery time for cloud applications
     Author ['S Hosono']
     Venue International Journal of Computational Science …
     Year 2012
     Abstract In addition, all the DevOps environments are isolated in a set of VMs as shown in Figure 2. The VMs become controlled objects, and this  As indicated in the first case study, it helps to curtail runtime-dependent tasks: to upload and deploy the application to VMs in the cloud and
     Url https://www.inderscienceonline.com/doi/abs/10.1504/IJCSE.2012.049753


     Search term "Case+Study"+"Cyber-physical+system"+OR+"Industrial+control+system"+OR+"ICS"+OR+"SCADA"+OR+"Distributed+control+system"+OR+"DCS"+"DevOps"
     Title Towards Process Improvement in DevOps: A Systematic Literature Review
     Author ['S Badshah', 'AA Khan', 'B Khan']
     Venue … of the Evaluation and Assessment in …
     Year 2020
     Abstract 1898, 2017. [43] R. Feijter, R. Vliet, E. Jagroep, S. Overbeek, S. Brinkkemper, and others, “Towards the adoption of DevOps in software  UU-CS-2017- 009. UU BETA ICS Departement Informatica, 2017  A case study based on DevOps,” ACM Int. Conf. Proceeding Ser., 2017
     Url https://dl.acm.org/doi/abs/10.1145/3383219.3383280


     Search term "Case+Study"+"Cyber-physical+system"+OR+"Industrial+control+system"+OR+"ICS"+OR+"SCADA"+OR+"Distributed+control+system"+OR+"DCS"+"DevOps"
     Title Next-generation process integration: CMMI and ITIL do devops
     Author ['B Phifer']
     Venue Cutter IT Journal
     Year 2011
     Abstract 1 These are among the many reasons why the devops movement is timely and relevant, since it aims to break down the barriers that stop organizations from effectively delivering working software to the busi- ness at the pace of the business  results in devops balance
     Url http://twinkie.homedns.org/TechDocs/itj1108.pdf#page=28


     Search term "Case+Study"+"Cyber-physical+system"+OR+"Industrial+control+system"+OR+"ICS"+OR+"SCADA"+OR+"Distributed+control+system"+OR+"DCS"+"DevOps"
     Title Performance Issues? Hey DevOps, Mind the Uncertainty!
     Author ['P Jamshidi', 'J Cito', 'W Shang', 'ZM Jiang']
     Venue NA
     Year 2019
     Abstract Table 1. An overview of the case study subject system  This observation high- lights the importance of handling uncertainty in the DevOps process as well as determining the  A detailed experience has been presented in the Model-Based Adaptation for Robot- ics Software project
     Url https://users.encs.concordia.ca/~shang/pubs/ieeeswperf.pdf


     Search term "Case+Study"+"Cyber-physical+system"+OR+"Industrial+control+system"+OR+"ICS"+OR+"SCADA"+OR+"Distributed+control+system"+OR+"DCS"+"DevOps"
     Title Towards the adoption of DevOps in software product organizations: A Maturity Model Approach
     Author ['R Feijter', 'R Vliet', 'E Jagroep', 'S Overbeek']
     Venue Technical Report …
     Year 2017
     Abstract were found applicable, many opportunities for future research are still left including the gathering of a richer dataset, a more profound validation of the perspectives, focus areas, capabilities, DevOps competence model and maturity model and a wider case study that evaluates
     Url https://dspace.library.uu.nl/bitstream/handle/1874/359180/devops.pdf?sequence=1


     Search term "Case+Study"+"Cyber-physical+system"+OR+"Industrial+control+system"+OR+"ICS"+OR+"SCADA"+OR+"Distributed+control+system"+OR+"DCS"+"DevOps"
     Title Implementation of a large-scale platform for cyber-physical system real-time monitoring
     Author ['M Canizo', 'A Conde', 'S Charramendieta', 'R Minon']
     Venue IEEE …
     Year 2019
     Abstract IV details the configuration of the experimentation as well as the industrial case study  BIG DATA ARCHITECTURE FOR AN INDUSTRIAL CYBER-PHYSICAL SYSTEM MONITORING This section details the  status), and medium to long-term information (ie, advanced analyt- ics)
     Url https://ieeexplore.ieee.org/abstract/document/8693711/


     Search term "Case+Study"+"Cyber-physical+system"+OR+"Industrial+control+system"+OR+"ICS"+OR+"SCADA"+OR+"Distributed+control+system"+OR+"DCS"+"DevOps"
     Title Towards a DevOps Approach in Cyber Physical Production Systems Using Digital Twins
     Author ['MU Querejeta', 'L Etxeberria', 'G Sagardui']
     Venue International Conference on …
     Year 2020
     Abstract 2. Bitton, R., et al.: Deriving a cost-effective digital twin of an ICS to facilitate  H., Yan, D., Liu, Q., Chen, X., Zhang, D.: Digital twin-driven manufacturing cyber-physical system for parallel  Zheng, Y., Yang, S., Cheng, H.: An application framework of digital twin and its case study
     Url https://link.springer.com/chapter/10.1007/978-3-030-55583-2_15

