Showing papers for search query "Continuous"+"FDA"+"Hardware+simulation"

     Search term "Continuous"+"FDA"+"Hardware+simulation"
     Title HARDWARE SIMULATION OF SPEECH PROCESSOR FOR COCHLEAR IMPLANT
     Author ['MR Rane', 'SP Ram']
     Venue NA
     Year NA
     Abstract HARDWARE SIMULATION OF SPEECH PROCESSOR FOR COCHLEAR  According to the Food and Drug Administration (FDA), as of December 2012, approximately  3M/House Speech Processor • Compressed Analog Speech Processor • Continuous Interleaved Sampling
     Url http://citeseerx.ist.psu.edu/viewdoc/download?doi=10.1.1.736.6889&rep=rep1&type=pdf


     Search term "Continuous"+"FDA"+"Hardware+simulation"
     Title HARDWARE-ACCELERATED LOCALIZATION FOR AUTOMATED LICENSE PLATE RECOGNITION SYSTEM
     Author ['CT LOONG']
     Venue NA
     Year 2014
     Abstract Page 5. v ABSTRACT Automatic License Plate Recognition (ALPR) is a continuous process of extracting license plate information from a series of input images  20 3.5 Hardware Simulation and Verification 21  34 5.1 Architecture overview of proposed localization FDA. 37
     Url http://eprints.utm.my/id/eprint/48758/1/ChinTeckLoongMFKE2014.pdf


     Search term "Continuous"+"FDA"+"Hardware+simulation"
     Title Embedded algorithms within an FPGA-based system to process nonlinear time series data
     Author ['JD Jones', 'JS Pei', 'MP Tull']
     Venue Sensors and Smart Structures …
     Year 2008
     Abstract 2. To implement this algorithm, two options are initially executed via hardware simulation by use of Xilinx  The FIR filter coefficients are generated by Matlab's Filter Design and Analysis (FDA) Tool, 19 which  1) using a continuous sine wave as the input signal y(t). It can be seen
     Url https://www.spiedigitallibrary.org/conference-proceedings-of-spie/6932/69323I/Embedded-algorithms-within-an-FPGA-based-system-to-process-nonlinear/10.1117/12.776585.short


     Search term "Continuous"+"FDA"+"Hardware+simulation"
     Title The effect of exposure to microgravity on the development and structural organisation of plant protoplasts flown on Biokosmos 9
     Author ['O Rasmussen', 'DA Klimchuk', 'EL Kordyum']
     Venue Physiologia …
     Year 1992
     Abstract The initial analysis of viability of the cell aggregates 12 h after landing using FDA demonstrated that  4 .o ••,; I lit protoplasts were originally iso- lated for an IML-1 hardware simulation test under  arranged more or less in parallel to each other and formed a continuous network with
     Url https://onlinelibrary.wiley.com/doi/abs/10.1111/j.1399-3054.1992.tb08779.x


     Search term "Continuous"+"FDA"+"Hardware+simulation"
     Title The design and development of a co-pulse IFM receiver
     Author ['K Myburgh']
     Venue NA
     Year 2015
     Abstract This is particularly bothersome, as high duty cycle and continuous wave emitters reduce the frequency measurements to little value  51 Figure 49: Frequency discriminator implementation 52 Figure 50: Hardware simulation of the co-pulse IFM receiver 57
     Url http://scholar.sun.ac.za/handle/10019.1/97779


     Search term "Continuous"+"FDA"+"Hardware+simulation"
     Title Optimization of DSSS Receivers Using Hardware-in-the-Loop Simulations
     Author ['BK Dhillon']
     Venue NA
     Year 2005
     Abstract Page 1. University of Tennessee, Knoxville Trace: Tennessee Research and Creative Exchange Masters Theses Graduate School 12-2005 Optimization of DSSS Receivers Using Hardware- in-the-Loop Simulations Balbir Kaur Dhillon University of Tennessee - Knoxville
     Url https://trace.tennessee.edu/utk_gradthes/1861/


     Search term "Continuous"+"FDA"+"Hardware+simulation"
     Title The Role of Validation in Refinement-Based Formal Software Development
     Author ['JP Jacquot', 'A Mashkoor']
     Venue NA
     Year 2018
     Abstract 3 https://www.fda.gov/downloads/MedicalDevices/.../ucm085371.pdf 202  that when the platoon reached its target speed, although the leading vehicle had a smooth continuous speed, the  We then need to bring the hardware simulation models up to the same abstraction level
     Url https://hal.inria.fr/hal-01788768/


     Search term "Continuous"+"FDA"+"Hardware+simulation"
     Title Medical device security through hardware signatures
     Author ['T Wehbe']
     Venue NA
     Year 2018
     Abstract xviii Page 19. FDA Food and Drug Administration FIFO First-In-First-Out  For instance, in 2016, the Food and Drug Administration (FDA) and the IEEE Center for Secure Design released reports spotlighting security red flags for the wearable industry, one of which is
     Url https://smartech.gatech.edu/handle/1853/60798


     Search term "Continuous"+"FDA"+"Hardware+simulation"
     Title Adaptive Digital Equalization
     Author ['KE House']
     Venue NA
     Year 1978
     Abstract Page 1. ADAPTIVE DIGITAL EQUALIZATION KE HOUSE Submitted as a part- requirement for the degree of M.Eng.Sc. 1978 Page 2. ' mmmimm—mm ----- UNIVERSITY OF NSW 7413H 2 2.MiR.7 9 LI!? RAPY Page 3. TABLE OF CONTENTS 1. INTRODUCTION 8
     Url http://unsworks.unsw.edu.au/fapi/datastream/unsworks:41006/SOURCE02?view=true


     Search term "Continuous"+"FDA"+"Hardware+simulation"
     Title Embedded systems: world class designs
     Author ['J Ganssle']
     Venue NA
     Year 2007
     Abstract 15 years experience in all aspects of software analysis, design, development and configuration management in ISO 9001, FDA, and NASA  But one characteristic that both disciplines combine is a continuous search for new ideas, time-saving products, and canned solutions to
     Url https://books.google.com/books?hl=en&lr=&id=g85yH6tF1S4C&oi=fnd&pg=PP1&dq=%22Continuous%22+%22FDA%22+%22Hardware+simulation%22&ots=EbDg5E-2lz&sig=n7gOH9-4DTUe8ZYomzAp7ydAim4

