Showing papers for search query "Continuous"+"Cyber-physical+system"+OR+"Industrial+control+system"+OR+"ICS"+OR+"SCADA"+OR+"Distributed+control+system"+OR+"DCS"+"Traceability"

     Search term "Continuous"+"Cyber-physical+system"+OR+"Industrial+control+system"+OR+"ICS"+OR+"SCADA"+OR+"Distributed+control+system"+OR+"DCS"+"Traceability"
     Title An intelligent value stream-based approach to collaboration of food traceability cyber physical system by fog computing
     Author ['RY Chen']
     Venue Food Control
     Year 2017
     Abstract the fuzzy traceability concept of dynamic simulation, Improve the handling of batch identities in continuous production of  Cyber physical system  inspection, IPv6, RFID, Micro Electro Mechanical Systems (MEMS) and advanced control technologies for SCADA (supervisory control
     Url https://www.sciencedirect.com/science/article/pii/S0956713516303565


     Search term "Continuous"+"Cyber-physical+system"+OR+"Industrial+control+system"+OR+"ICS"+OR+"SCADA"+OR+"Distributed+control+system"+OR+"DCS"+"Traceability"
     Title End-to-end traceability of ics in component supply chain for fighting against recycling
     Author ['Y Zhang', 'U Guin']
     Venue IEEE Transactions on Information Forensics …
     Year 2019
     Abstract distributors, and system integrator by enabling end-to-end traceability from manufacturing  Index Terms—Electronic component supply chain, recycled ICs, RFID tag, digital signature. I. INTRODUCTION THE continuous growth of counterfeit integrated cir- cuits (ICs) in electronics
     Url https://ieeexplore.ieee.org/abstract/document/8760418/


     Search term "Continuous"+"Cyber-physical+system"+OR+"Industrial+control+system"+OR+"ICS"+OR+"SCADA"+OR+"Distributed+control+system"+OR+"DCS"+"Traceability"
     Title Continuous and automated evolution of architecture-to-implementation traceability links
     Author ['LGP Murta', 'A van der Hoek', 'CML Werner']
     Venue Automated Software …
     Year 2008
     Abstract Continuous and automated evolution of architecture-to-implementation traceability links  California at Irvine, 221 ICS2 Building, Irvine, CA 92697-3440, USA e-mail: andre@ics.uci.edu  sis shows that our approach is promising: with respect to the ideal set of traceability links, the
     Url https://link.springer.com/article/10.1007/s10515-007-0020-6


     Search term "Continuous"+"Cyber-physical+system"+OR+"Industrial+control+system"+OR+"ICS"+OR+"SCADA"+OR+"Distributed+control+system"+OR+"DCS"+"Traceability"
     Title Traceability for sustainability–literature review and conceptual framework
     Author ['S Garcia-Torres', 'L Albareda', 'M Rey-Garcia']
     Venue Supply Chain …
     Year 2019
     Abstract 2.3 Traceability for sustainability applied to (sustainable) supply chain management: enabling capabilities  (2009)), and different scholars have proposed different levels of DCs, which represent a continuous improvement of the resource base
     Url https://www.emerald.com/insight/content/doi/10.1108/SCM-04-2018-0152/full/html


     Search term "Continuous"+"Cyber-physical+system"+OR+"Industrial+control+system"+OR+"ICS"+OR+"SCADA"+OR+"Distributed+control+system"+OR+"DCS"+"Traceability"
     Title Tracking and traceability solution using a novel material handling system
     Author ['A Mousavi', 'M Sarhadi', 'S Fawcett', 'S Bowles']
     Venue Innovative Food Science …
     Year 2005
     Abstract 9. Noninvasive identification system for real-time continuous identification  The advantage of the Supervisory Control and Data Acquisition (SCADA) system is the real-time  Traceability and production process should be monitored and controlled within the production time frames
     Url https://www.sciencedirect.com/science/article/pii/S1466856404001055


     Search term "Continuous"+"Cyber-physical+system"+OR+"Industrial+control+system"+OR+"ICS"+OR+"SCADA"+OR+"Distributed+control+system"+OR+"DCS"+"Traceability"
     Title Traceability of continuous processes
     Author ['H Normann']
     Venue NA
     Year 2017
     Abstract The technical possibilities are many and the current thoughts are to use this platform and develop a lightweight solution offering easy traceability in continuous processes. DCS 800xA Distributed Control System 800xA is an advanced automation system developed by ABB
     Url http://lup.lub.lu.se/student-papers/record/8905706


     Search term "Continuous"+"Cyber-physical+system"+OR+"Industrial+control+system"+OR+"ICS"+OR+"SCADA"+OR+"Distributed+control+system"+OR+"DCS"+"Traceability"
     Title A framework for traceability and transparency in the dairy supply chain networks
     Author ['RR Pant', 'G Prakash', 'JA Farooquie']
     Venue Procedia-Social and …
     Year 2015
     Abstract The R&D and new product development is the key for continuous product improvement to  dairy processors (CSDP) on similar lines of existing dairy cooperative societies (DCS) by the  sector, small dairy units and halwaiis to enhance quality, transparency and traceability of their
     Url https://cyberleninka.org/article/n/993918.pdf


     Search term "Continuous"+"Cyber-physical+system"+OR+"Industrial+control+system"+OR+"ICS"+OR+"SCADA"+OR+"Distributed+control+system"+OR+"DCS"+"Traceability"
     Title Flexible manufacturing cell SCADA system for educational purposes
     Author ['S Reynard', 'O Gomis‐Bellmunt']
     Venue Computer …
     Year 2008
     Abstract is impor- tant to remark that the platform is to be used both for students pursuing their bachelor or master degrees and industry professionals attending continuous formation or  To develop an SCADA application to  To illustrate the students with the production traceability* concept
     Url https://onlinelibrary.wiley.com/doi/abs/10.1002/cae.20115


     Search term "Continuous"+"Cyber-physical+system"+OR+"Industrial+control+system"+OR+"ICS"+OR+"SCADA"+OR+"Distributed+control+system"+OR+"DCS"+"Traceability"
     Title Guide to industrial control systems (ICS) security
     Author ['K Stouffer', 'J Falco', 'K Scarfone']
     Venue NIST special publication
     Year 2011
     Abstract PLC); risk management; security controls; supervisory control and data acquisition (SCADA) systems Page 5  GUIDE TO INDUSTRIAL CONTROL SYSTEMS (ICS) SECURITY iv  of Homeland Security, the Department of Homeland Security Industrial Control System Joint Working
     Url http://www.gocs.com.de/pages/fachberichte/archiv/164-sp800_82_r2_draft.pdf


     Search term "Continuous"+"Cyber-physical+system"+OR+"Industrial+control+system"+OR+"ICS"+OR+"SCADA"+OR+"Distributed+control+system"+OR+"DCS"+"Traceability"
     Title Food traceability: New trends and recent advances. A review
     Author ['R Badia-Melis', 'P Mishra', 'L Ruiz-García']
     Venue Food control
     Year 2015
     Abstract Download PDFDownload. Share. Export. Advanced. Elsevier. Food Control. Volume 57, November 2015, Pages 393-401. Food Control. Food traceability: New trends and recent advances. A review  2.1. RFID, still a promising tool for traceability control
     Url https://www.sciencedirect.com/science/article/pii/S0956713515002698

