Showing papers for search query "Continuous"+"FDA"+"Traceability"

     Search term "Continuous"+"FDA"+"Traceability"
     Title Using residence time distributions (RTDs) to address the traceability of raw materials in continuous pharmaceutical manufacturing
     Author ['W Engisch', 'F Muzzio']
     Venue Journal of pharmaceutical innovation
     Year 2016
     Abstract Traceability  Due to continuous process ad- vantages, today, the majority of commodity chemicals, petro- chemicals, food, and consumer products are  of pharmaceutical manufactur- ing and product quality, in August 2002, the Food and Drug Administration (FDA, http://www.fda
     Url https://link.springer.com/content/pdf/10.1007/s12247-015-9238-1.pdf


     Search term "Continuous"+"FDA"+"Traceability"
     Title Modernizing pharmaceutical manufacturing: from batch to continuous production
     Author ['SL Lee', "TF O'Connor", 'X Yang', 'CN Cruz']
     Venue Journal of …
     Year 2015
     Abstract Continuous manufacturing is strongly aligned with the FDA's support of the quality-by-design (QbD  For continuous manufacturing, understanding the dynamics of how a material flows through the process is critical with respect to material traceability (the ability to
     Url https://link.springer.com/article/10.1007/s12247-015-9215-8


     Search term "Continuous"+"FDA"+"Traceability"
     Title Current FDA perspective for continuous manufacturing
     Author ['SL Lee']
     Venue 2nd International Symposium on Continuous …
     Year 2016
     Abstract 2http://www.pharmtech.com/fda-approves-tablet-production-janssen- continuous-manufacturing- line Page 3. 3  control is viable for some continuous manufacturing process designs Control Strategy – State of Control  batch – Establish traceability of different lots to
     Url http://iscmp.mit.edu/sites/default/files/documents/ISCMP%202016%20-%20FDA%20MIT-CMAC%20for%20CM%202016%20Ver6.pdf


     Search term "Continuous"+"FDA"+"Traceability"
     Title Present and future for continuous manufacturing: FDA perspective
     Author ['S Lee']
     Venue Proceedings of the 3rd FDA/PQRI Conference on …
     Year 2017
     Abstract Continuous upstream bioprocessing – Existing FDA approved product Continuous Direct Compression Page 6. 6  Dissolution models – Process Models • Resident time distribution model for material traceability, non-conforming material diversion, and blend uniformity
     Url http://pqri.org/wp-content/uploads/2017/02/1-Lee-PQRI-for-CM-2017.pdf


     Search term "Continuous"+"FDA"+"Traceability"
     Title Using mock recall data to measure continuous quality improvement
     Author ['GA Mosher', 'CM Laux', 'CR Hurburgh Jr']
     Venue NA
     Year 2009
     Abstract To assist in this effort, continuous improvement tasks are coordinated by personnel to keep the quality system relevant and meaningful  Companies have used mock recalls before but the legal requirements of FDA traceability have prompted many organizations to develop and
     Url https://lib.dr.iastate.edu/abe_eng_conf/349/


     Search term "Continuous"+"FDA"+"Traceability"
     Title Modernizing pharmaceutical manufacturing–continuous manufacturing as a key enabler
     Author ['J Woodcock']
     Venue International Symposium on Continuous …
     Year 2014
     Abstract potential for additional applications – Multiple face-to-face discussions between EMA & FDA, some with participation of PMDA (Japan) – Joint site visit of a continuous manufacturing site  Tracking of materials through system – For traceability purposes • Defining operation
     Url https://iscmp2014.mit.edu/sites/default/files/documents/ISCMP2014_Keynote_Slides.pdf


     Search term "Continuous"+"FDA"+"Traceability"
     Title Continuous assessment of software traceability
     Author ['P Rempel', 'P Mäder']
     Venue 2016 IEEE/ACM 38th International …
     Year 2016
     Abstract medical device approval, showed a significant traceability gap between the traceabil- ity prescriptions in the FDA's “Guidance for  To address this challenge, we propose the traceability as- sessment approach TRUST, which can be performed in a continuous manner
     Url https://ieeexplore.ieee.org/abstract/document/7883392/


     Search term "Continuous"+"FDA"+"Traceability"
     Title … perspectives on continuous pharmaceutical manufacturing: moving from theory to practice: September 26-27, 2016, international symposium on the continuous …
     Author ['MM Nasr', 'M Krumme', 'Y Matsuda', 'BL Trout']
     Venue Journal of …
     Year 2017
     Abstract These include material traceability, process design, monitoring, and control that require consideration beyond established practices  To foster the adoption of innovative technologies including continuous manufacturing, FDA, EMA, and PMDA have each
     Url https://www.sciencedirect.com/science/article/pii/S0022354917304847


     Search term "Continuous"+"FDA"+"Traceability"
     Title Systematic framework for implementation of material traceability into continuous pharmaceutical tablet manufacturing process
     Author ['M Billups', 'R Singh']
     Venue Journal of Pharmaceutical Innovation
     Year 2020
     Abstract A material traceability software prototype has also been developed  considerations required for implementation of such a software tool with the continuous process monitoring  software, to provide specifications necessary for US Food and Drug Administration (FDA) compliance
     Url https://link.springer.com/article/10.1007/s12247-018-9362-9


     Search term "Continuous"+"FDA"+"Traceability"
     Title Process analytical technology in continuous manufacturing of a commercial pharmaceutical product
     Author ['JM Vargas', 'S Nielsen', 'V Cárdenas', 'A Gonzalez']
     Venue International journal of …
     Year 2018
     Abstract The implementation of process analytical technology and continuous manufacturing at an FDA approved commercial manufacturing site is described. In this direct compaction process the blends produced were monitored
     Url https://www.sciencedirect.com/science/article/pii/S0378517318300036

