Showing papers for search query "Cyber-physical+system"+OR+"Industrial+control+system"+OR+"ICS"+OR+"SCADA"+OR+"Distributed+control+system"+OR+"DCS"+"FDA"+"Traceability"

     Search term "Cyber-physical+system"+OR+"Industrial+control+system"+OR+"ICS"+OR+"SCADA"+OR+"Distributed+control+system"+OR+"DCS"+"FDA"+"Traceability"
     Title An intelligent value stream-based approach to collaboration of food traceability cyber physical system by fog computing
     Author ['RY Chen']
     Venue Food Control
     Year 2017
     Abstract Cyber physical system  This article applies CPS-based intelligent systems into food traceability system that can be considered as a self  optical inspection, IPv6, RFID, Micro Electro Mechanical Systems (MEMS) and advanced control technologies for SCADA (supervisory control
     Url https://www.sciencedirect.com/science/article/pii/S0956713516303565


     Search term "Cyber-physical+system"+OR+"Industrial+control+system"+OR+"ICS"+OR+"SCADA"+OR+"Distributed+control+system"+OR+"DCS"+"FDA"+"Traceability"
     Title Software and systems traceability
     Author ['J Cleland-Huang', 'O Gotel', 'A Zisman']
     Venue NA
     Year 2012
     Abstract For example, the US Food and Drug Administration (FDA) states that traceability analysis must be  483 Appendix E: TraceLab–A Tool for Supporting Traceability Research  Richard N. Taylor Institute for Software Research, University of California, Irvine, CA, USA, Taylor@ ics
     Url https://link.springer.com/content/pdf/10.1007/978-1-4471-2239-5.pdf


     Search term "Cyber-physical+system"+OR+"Industrial+control+system"+OR+"ICS"+OR+"SCADA"+OR+"Distributed+control+system"+OR+"DCS"+"FDA"+"Traceability"
     Title Food traceability: New trends and recent advances. A review
     Author ['R Badia-Melis', 'P Mishra', 'L Ruiz-García']
     Venue Food control
     Year 2015
     Abstract Download PDFDownload. Share. Export. Advanced. Elsevier. Food Control. Volume 57, November 2015, Pages 393-401. Food Control. Food traceability: New trends and recent advances. A review  2.1. RFID, still a promising tool for traceability control
     Url https://www.sciencedirect.com/science/article/pii/S0956713515002698


     Search term "Cyber-physical+system"+OR+"Industrial+control+system"+OR+"ICS"+OR+"SCADA"+OR+"Distributed+control+system"+OR+"DCS"+"FDA"+"Traceability"
     Title An end-to-end industrial software traceability tool
     Author ['HU Asuncion', 'F François', 'RN Taylor']
     Venue Proceedings of the the 6th joint …
     Year 2007
     Abstract University of California, Irvine Irvine, California 92697 +1-949-824-6429 taylor@ics.uci.edu  software products that run the plants of their customers must pass FDA approval. Not only does the company need to demonstrate traceability to comply with various standards, but a lack
     Url https://dl.acm.org/doi/abs/10.1145/1287624.1287642


     Search term "Cyber-physical+system"+OR+"Industrial+control+system"+OR+"ICS"+OR+"SCADA"+OR+"Distributed+control+system"+OR+"DCS"+"FDA"+"Traceability"
     Title Establishing compliance of batch SCADA systems with FDA CGMP 21 CFR Part 11
     Author ['SL Whitman']
     Venue Pharmaceutical Technology
     Year 2001
     Abstract To assure subsequent traceability, these functions must also be flexible enough to collect data  This policy implies FDA expectations of a comprehensive assessment, identification of deviations  system “types” (ie – desktop, lab analytical, LIMS, QA support, DCS, SCADA, MES, etc
     Url https://www.controlglobal.com/assets/Media/News/080828_WBF_Estab.%20Compliance.pdf


     Search term "Cyber-physical+system"+OR+"Industrial+control+system"+OR+"ICS"+OR+"SCADA"+OR+"Distributed+control+system"+OR+"DCS"+"FDA"+"Traceability"
     Title Independent components analysis to increase efficiency of discriminant analysis methods (FDA and LDA): Application to NMR fingerprinting of wine
     Author ['YB Monakhova', 'R Godelmann', 'T Kuballa']
     Venue Talanta
     Year 2015
     Abstract varied between 6±1% and 8±2%. The maximum increase in classification efficiency of 11±2% was observed for discrimination of the year of vintage (ICA/FDA) and geographical origin (ICA/LDA). The procedure to determine the number of extracted features (PCs, ICs) for the
     Url https://www.sciencedirect.com/science/article/pii/S0039914015001903


     Search term "Cyber-physical+system"+OR+"Industrial+control+system"+OR+"ICS"+OR+"SCADA"+OR+"Distributed+control+system"+OR+"DCS"+"FDA"+"Traceability"
     Title The quest for ubiquity: A roadmap for software and systems traceability research
     Author ['O Gotel', 'J Cleland-Huang', 'JH Hayes']
     Venue 2012 20th IEEE …
     Year 2012
     Abstract Page 1. The Quest for Ubiquity: A Roadmap for Software and Systems Traceability Research  Abstract—Traceability underlies many important software and systems engineering activities, such as change impact analysis and regression testing
     Url https://ieeexplore.ieee.org/abstract/document/6345841/


     Search term "Cyber-physical+system"+OR+"Industrial+control+system"+OR+"ICS"+OR+"SCADA"+OR+"Distributed+control+system"+OR+"DCS"+"FDA"+"Traceability"
     Title Groups, the media, agency waiting costs, and FDA drug approval
     Author ['DP Carpenter']
     Venue American Journal of Political Science
     Year 2002
     Abstract the FDA. Some d some disease com ers. In particula influence of org havior (eg, Eps 5An implicit assum approvals is relativ sumers may care a respect to the agen "traceability" cons FDA for the high upon reflection tha ceutical prices. If t weakly satisfied w agency, but the pro
     Url https://www.jstor.org/stable/3088394


     Search term "Cyber-physical+system"+OR+"Industrial+control+system"+OR+"ICS"+OR+"SCADA"+OR+"Distributed+control+system"+OR+"DCS"+"FDA"+"Traceability"
     Title Food supply chain: are UK SMEs aware of concept, drivers, benefits and barriers, and frameworks of traceability?
     Author ['M Mattevi', 'JA Jones', 'CJ Griffith']
     Venue British Food Journal
     Year 2016
     Abstract Page 1. Food supply chain: are UK SMEs aware of concept, drivers, benefits and barriers, and frameworks of traceability  Definition of Traceability Different actors, such as regulators, international bodies, professional associations and academics, have tried to define traceability
     Url https://www.emerald.com/insight/content/doi/10.1108/BFJ-07-2015-0261/full/html


     Search term "Cyber-physical+system"+OR+"Industrial+control+system"+OR+"ICS"+OR+"SCADA"+OR+"Distributed+control+system"+OR+"DCS"+"FDA"+"Traceability"
     Title Excursion: FDA Compliance and Controls in SAP
     Author ['M Chuprunov']
     Venue Auditing and GRC Automation in SAP
     Year 2013
     Abstract Controls in SAP ERP,” as part of change management, general traceability of system changes, and security are also important with regard to the FDA. These control mechanisms would be a good example of how, in the event of multi-domain requirements of an ICS (see Sect
     Url https://link.springer.com/chapter/10.1007/978-3-642-35302-4_13

