Showing papers for search query "Hardware+simulation"+"Traceability"

     Search term "Hardware+simulation"+"Traceability"
     Title Accountability and traceability in global software engineering (ATGSE2007)
     Author ['K Inoue', 'M Barker']
     Venue 2007 15th Asia-Pacific Software Engineering …
     Year 2007
     Abstract l-58. Cheng, K.-T. and VD Agrawal: Unified Methods for VLSI Simulation and Test Generation, Kluwer Academic Publishers, 1989 Hahn, W., H. Anger, A. Hagerer, and B. Schuster: A Multi-Transputer-Net as a Hardware Simulation Envi- ronment
     Url https://www.computer.org/csdl/proceedings-article/apsec/2007/30570553/12OmNzd7bVw


     Search term "Hardware+simulation"+"Traceability"
     Title Method and system for generating electronic hardware simulation models
     Author ['DA Fura']
     Venue US Patent 5,953,519
     Year 1999
     Abstract US5953519A - Method and system for generating electronic hardware simulation models - Google Patents. Method and system for generating electronic hardware simulation models. Download PDF Info. Publication number US5953519A
     Url https://patents.google.com/patent/US5953519A/en


     Search term "Hardware+simulation"+"Traceability"
     Title Testing tool comprising an automated multidimensional traceability matrix for implementing and validating complex software systems
     Author ['BM Blackwell', 'LR Guzman Jr', 'JP Collen']
     Venue US Patent …
     Year 2009
     Abstract US7490319B2 - Testing tool comprising an automated multidimensional traceability matrix for implementing and validating complex software systems - Google Patents. Testing tool comprising an automated multidimensional
     Url https://patents.google.com/patent/US7490319B2/en


     Search term "Hardware+simulation"+"Traceability"
     Title An entirely model-based framework for hardware design and simulation
     Author ['S Taha', 'A Radermacher', 'S Gérard']
     Venue Distributed, Parallel and Biologically …
     Year 2010
     Abstract was required in the early stages of development to ease the design and communicate intents, but because of the manual implementation, there were no traceability and no  That eases the hardware design and enables hardware simulation to avoid any risky implementations
     Url https://link.springer.com/chapter/10.1007/978-3-642-15234-4_5


     Search term "Hardware+simulation"+"Traceability"
     Title Item Traceability Meets Human Traceability: Implications and Case Study
     Author ['U Barchetti', 'L Mainetti', 'A Orlando']
     Venue International Journal of …
     Year 2011
     Abstract To receive the red identification codes, a servlet supporting Fosstrak's Hardware Simulation Layer has been developed. The servlet works over HTTP as an online driver/adapter  Item Traceability Meets Human Traceability: Implications and Case Study
     Url http://www.mirlabs.org/ijcisim/regular_papers_2012/Paper16.pdf


     Search term "Hardware+simulation"+"Traceability"
     Title Technologies for hardware simulation and verification
     Author ['V Hahanov', 'A Hahanova', 'V Obrizan']
     Venue … on" Modern Problems …
     Year 2008
     Abstract Thus, it is very urgent question to combine all advantages with hardware implementation, it will give high-performance hardware simulation and new features  The last one may be represented as transition graph, and it is needed verify traceability of all states and transitions [6-7
     Url https://ieeexplore.ieee.org/abstract/document/5423439/


     Search term "Hardware+simulation"+"Traceability"
     Title Hardware certification for real-time safety-critical systems: State of the art
     Author ['AJ Kornecki', 'J Zalewski']
     Venue Annual Reviews in Control
     Year 2010
     Abstract The tools for requirements' management and traceability, checking compliance of HDL code with coding standards, HDL code verification, and test suite optimization. •  Using traceability metrics from the project inception. • Considering verification at the start of the program. •
     Url https://www.sciencedirect.com/science/article/pii/S1367578810000167


     Search term "Hardware+simulation"+"Traceability"
     Title The Expanded Reach of Simulation Based Aircraft System Verification and its Software Capability Requirements
     Author ['SC James', 'C Savaglio']
     Venue AIAA Modeling and Simulation Technologies …
     Year 2014
     Abstract with traceability embedded • Test Reports – reduction and compilation of test data, formatted for submissions • Traceability Matrix – traceability from system  Aircraft Power Hardware Simulation Based Facility Over the past decade, the aircraft industry has converged on a shared
     Url https://arc.aiaa.org/doi/pdf/10.2514/6.2014-2081


     Search term "Hardware+simulation"+"Traceability"
     Title An open simulation and modelling environment for embedded real-time systems
     Author ['W van Almsick', 'T Drabe', 'W Daehn']
     Venue … Workshop on Rapid …
     Year 1998
     Abstract environment. The Traceability Analysis has two purposes  dimensional. One dimension spans pure software and hardware simulation tools, the second covers the path between the specifica- tion via design to the implementation of the design
     Url https://ieeexplore.ieee.org/abstract/document/676675/


     Search term "Hardware+simulation"+"Traceability"
     Title A life cycle for modeling and simulation
     Author ['O Balci']
     Venue Simulation
     Year 2012
     Abstract 15. Hardware + Simulation 16  an object-oriented design and significantly facili- tate the transition into the design phase. 4. Associating functional requirements with a UC enables better life-cycle traceability: functional requirement $ use case $ class in design $ class in code
     Url https://journals.sagepub.com/doi/abs/10.1177/0037549712438469

