Showing papers for search query "Traceability"+"Regulated"

     Search term "Traceability"+"Regulated"
     Title Motivation matters in the traceability trenches
     Author ['P Mader', 'O Gotel', 'I Philippow']
     Venue 2009 17th IEEE International …
     Year 2009
     Abstract defines regulated's process Traceability de nition Traceability practice constrains possible process  Cases 5 and 6 were large companies developing in the au- tomotive domain. In the regulated environment, traceability is strategic to business and the investment is high
     Url https://ieeexplore.ieee.org/abstract/document/5328607/


     Search term "Traceability"+"Regulated"
     Title Visualizing and validating metadata traceability within the CDISC standards
     Author ['S Hume', 'S Sarnikar', 'L Becnel']
     Venue AMIA Summits on …
     Year 2017
     Abstract Despite the importance of traceability requirements for regulated clinical research, the ability to easily trace data back to its source remains limited. The FDA has identified a lack of traceability as one of the top seven data standards
     Url https://www.ncbi.nlm.nih.gov/pmc/articles/PMC5543378/


     Search term "Traceability"+"Regulated"
     Title The barriers to traceability and their potential solutions: Towards a reference framework
     Author ['G Regan', 'F McCaffery', 'K McDaid']
     Venue 2012 38th Euromicro …
     Year 2012
     Abstract Additionally, given the importance of traceability in the regulated domain of safety critical software, the paper compares the barriers for organizations operating inside and outside of this domain. Keywords-traceability, barriers, safety-critical
     Url https://ieeexplore.ieee.org/abstract/document/6328169/


     Search term "Traceability"+"Regulated"
     Title Consumer evaluations of product certification, geographic association and traceability in Greece
     Author ['E Dimara', 'D Skuras']
     Venue European journal of marketing
     Year 2003
     Abstract Finally, traceability is a non‐regulated quality cue and it is solely upon the business to decide whether to use it or not  The same effect is attained when the semi‐regulated and the non‐regulated quality cues of geographic association and traceability are used
     Url https://www.emerald.com/insight/content/doi/10.1108/03090560310465099/full/html


     Search term "Traceability"+"Regulated"
     Title Scaling agile methods to regulated environments: An industry case study
     Author ['B Fitzgerald', 'KJ Stol', "R O'Sullivan"]
     Venue 2013 35th International …
     Year 2013
     Abstract environment. Furthermore, regulated environments require rigorous traceability. In  D. Traceability A key concern in regulated environments is traceability, which helps to establish compliance to standards and regula- tions. The IEEE
     Url https://ieeexplore.ieee.org/abstract/document/6606635/


     Search term "Traceability"+"Regulated"
     Title Food traceability in regulated fresh food supply chains with an emphasis on the Swedish fishing industry
     Author ['H Ringsberg']
     Venue NA
     Year 2013
     Abstract Food traceability is gaining increased attention in food companies and governmental authorities. This is because of the increase in legal and consumer requirements on ensuring food safety, quality and preservation of living resources. These requirements especially
     Url http://lup.lub.lu.se/record/4053510


     Search term "Traceability"+"Regulated"
     Title Lean/agile software development methodologies in regulated environments–state of the art
     Author ['O Cawley', 'X Wang', 'I Richardson']
     Venue International Conference on Lean …
     Year 2010
     Abstract From a regulation point of view, it is imperative that there is full traceability right throughout the development lifecycle. [25] suggests that the Agile practice of single sourcing information greatly simplifies requirements traceability within regulated development
     Url https://link.springer.com/chapter/10.1007/978-3-642-16416-3_4


     Search term "Traceability"+"Regulated"
     Title Software and systems traceability
     Author ['J Cleland-Huang', 'O Gotel', 'A Zisman']
     Venue NA
     Year 2012
     Abstract of traceability links, visualising traceability, and developing traceability practices that apply across a wide range of domains such as product lines, multi-agent systems, safety critical applications, aspect-oriented and agile software development, and various regulated industries
     Url https://link.springer.com/content/pdf/10.1007/978-1-4471-2239-5.pdf


     Search term "Traceability"+"Regulated"
     Title Traceability Blockchain Prototype for Regulated Manufacturing Industries
     Author ['U Eryilmaz', 'R Dijkman', 'W van Jaarsveld']
     Venue Proceedings of the …
     Year 2020
     Abstract Blockchain emerged as a peer-to-peer trust platform for trading virtual currencies and evolved to be used for different problems including supply chain provenance. Due to stringent requirements of safety, regulated manufacturing and service industries such as
     Url https://dl.acm.org/doi/abs/10.1145/3409934.3409937


     Search term "Traceability"+"Regulated"
     Title The consequences of voluntary traceability system for supply chain relationships. An application of transaction cost economics
     Author ['A Banterle', 'S Stranieri']
     Venue Food Policy
     Year 2008
     Abstract This voluntary traceability system is regulated by a number of European organizations accredited to deliver food safety standards, like AFNOR (Association Française de Normalization) in France, BSI (British Standard Institute) in the United Kingdom, UNI (National Standards
     Url https://www.sciencedirect.com/science/article/pii/S0306919208000481

