Showing papers for search query "Traceability"+"DevOps"

     Search term "Traceability"+"DevOps"
     Title Tool support for traceability management of software artefacts with DevOps practices
     Author ['S Palihawadana', 'CH Wijeweera']
     Venue 2017 Moratuwa …
     Year 2017
     Abstract Software development process encompasses multiple types of and differentiated versions of artefacts during the corresponding lifecycle. These artefacts are vulnerable to artefact drift or erosion when the product being developed gets changed. As a result different artefacts are
     Url https://ieeexplore.ieee.org/abstract/document/7980469/


     Search term "Traceability"+"DevOps"
     Title Automated Inter-artefact Traceability Establishment for DevOps Practice
     Author ['I Rubasinghe', 'D Meedeniya']
     Venue 2018 IEEE/ACIS 17th …
     Year 2018
     Abstract Software traceability is an important aspect in DevOps based software development environments. DevOps practices connect the development level and operational level software artefacts with frequent updates. Consequently, traceability management of the
     Url https://ieeexplore.ieee.org/abstract/document/8466414/


     Search term "Traceability"+"DevOps"
     Title Traceability management with impact analysis in DevOps based software development
     Author ['I Rubasinghe', 'D Meedeniya']
     Venue … Conference on Advances …
     Year 2018
     Abstract The application of DevOps principles in the software development environments is of increasing trend. With the frequent changes of software artefacts in a DevOps environment, managing artefact consistently throughout the software development is challenging
     Url https://ieeexplore.ieee.org/abstract/document/8554399/


     Search term "Traceability"+"DevOps"
     Title Devops round-trip engineering: Traceability from dev to ops and back again
     Author ['M Jiménez', 'L Castaneda', 'NM Villegas']
     Venue … Workshop on Software …
     Year 2018
     Abstract DevOps engineers follow an iterative and incremental process to develop Deployment and Configuration (D&C) specifications. Such a process likely involves manual bug discovery, inspection, and modifications to the running environment. Failing to update the
     Url https://link.springer.com/chapter/10.1007/978-3-030-06019-0_6


     Search term "Traceability"+"DevOps"
     Title Traceability Establishment and Visualization of Software Artefacts in DevOps Practice: A Survey
     Author ['DA Meedeniya', 'ID Rubasinghe']
     Venue International Journal of …
     Year 2019
     Abstract DevOps based software process has become popular with the vision of an effective collaboration between the development and operations teams that continuously integrates the frequent changes. Traceability manages the artefact consistency during a software
     Url https://www.researchgate.net/profile/Indika_Perera/publication/335172099_Traceability_Establishment_and_Visualization_of_Software_Artefacts_in_DevOps_Practice_A_Survey/links/5d5440c7a6fdcc74dfa7c496/Traceability-Establishment-and-Visualization-of-Software-Artefacts-in-DevOps-Practice-A-Survey.pdf


     Search term "Traceability"+"DevOps"
     Title DevOps in regulated software development: case medical devices
     Author ['T Laukkarinen', 'K Kuusinen']
     Venue 2017 IEEE/ACM 39th …
     Year 2017
     Abstract control for all items. DevOps tools typically provide traceability for items represented in the tool, for example, test units and their runs can be traced directly to the software unit and its version. However, DevOps tools could provide
     Url https://ieeexplore.ieee.org/abstract/document/7966870/


     Search term "Traceability"+"DevOps"
     Title Tool Support for Software Artefact Traceability in DevOps Practice: SAT-Analyser
     Author ['I Rubasinghe', 'D Meedeniya', 'I Perera']
     Venue Tools and Techniques for …
     Year 2020
     Abstract Software development in DevOps practice is a widely used approach to cope with the demand for frequent artefact changes. These changes require a well-defined method to manage artefact consistency to ease the continuous integration process. This chapter
     Url https://www.igi-global.com/chapter/tool-support-for-software-artefact-traceability-in-devops-practice/247541


     Search term "Traceability"+"DevOps"
     Title The software architect and DevOps
     Author ['L Bass']
     Venue IEEE Software
     Year 2017
     Abstract Component traceability is the re- sponsibility of the various tools in the pipeline, but determining the se- quence of events that  here will become real leaders of change, as they enable fundamental improvements in their organization's capability through DevOps imple- mentation
     Url https://ieeexplore.ieee.org/abstract/document/8239924/


     Search term "Traceability"+"DevOps"
     Title Towards traceability management in continuous integration with SAT-analyzer
     Author ['ID Rubasinghe', 'DA Meedeniya', 'I Perera']
     Venue Proceedings of the 3rd …
     Year 2017
     Abstract test scripts. With the scheduler a scheduling algorithm will be implemented to automatically trigger the continuous integration along with traceability management by providing automation in a DevOps environment. The CI process
     Url https://dl.acm.org/doi/abs/10.1145/3162957.3162985


     Search term "Traceability"+"DevOps"
     Title Artefact Consistency Management in DevOps Practice: A Survey
     Author ['D Meedeniya', 'I Rubasinghe', 'I Perera']
     Venue Tools and Techniques for …
     Year 2020
     Abstract This chapter presents an analysis of existing studies focused on software artefact traceability for the suitability in DevOps. It also identifies leading limitations and possible future research directions to resolve for the benefit of researchers and software practitioners
     Url https://www.igi-global.com/chapter/artefact-consistency-management-in-devops-practice/247540

