Showing papers for search query "Best+practice"+OR+"General+guidelines"+"Case+Study"+"Hardware+simulation"

     Search term "Best+practice"+OR+"General+guidelines"+"Case+Study"+"Hardware+simulation"
     Title Energy neutral operation of vibration energy-harvesting sensor networks for bridge applications
     Author ['A Gaglione', 'D Rodenas-Herraiz', 'Y Jia', 'S Nawaz']
     Venue NA
     Year 2018
     Abstract Besides achieving energy neutral operation of a multihop sensor network in simulation for a certain set of applications, it provides general guidelines for designing and developing similar systems based on traffic-induced vibra- tions on bridges  LTspice hardware simulation
     Url http://publications.aston.ac.uk/id/eprint/38883/


     Search term "Best+practice"+OR+"General+guidelines"+"Case+Study"+"Hardware+simulation"
     Title Application Based Guidelines for Terrain Profile Resolution Requirements
     Author ['S Southward', 'S Schneider']
     Venue International …
     Year 2009
     Abstract The use of these guidelines will be demonstrated through an experimental case study of a vehicle driving  From the general guidelines in Figure 1, at a sample rate of 100 Hz, and at  achievable sample rate in either a numerical simulation or a real-time hardware simulation on a
     Url https://asmedigitalcollection.asme.org/IDETC-CIE/proceedings-abstract/IDETC-CIE2009/49033/913/341266


     Search term "Best+practice"+OR+"General+guidelines"+"Case+Study"+"Hardware+simulation"
     Title Better Software. Faster!: Best Practices in Virtual Prototyping
     Author ['T De Schutter']
     Venue NA
     Year 2014
     Abstract “Better Software. Faster!” nicely merges a practical overview of the benefits of virtual prototypes with best practice case studies from real users.” Stephan Lauterbach Lauterbach Not for resale  19 2.2.1. Case study: Texas Instruments (TI OMAP).... 20 2.3
     Url https://books.google.com/books?hl=en&lr=&id=0VHKAwAAQBAJ&oi=fnd&pg=PP1&dq=%22Best+practice%22+OR+%22General+guidelines%22+%22Case+Study%22+%22Hardware+simulation%22&ots=cw6VuaNvi3&sig=8-JetuFNpdNtLAuPz_NiHbwgm4U


     Search term "Best+practice"+OR+"General+guidelines"+"Case+Study"+"Hardware+simulation"
     Title Safe adaptation of vehicle software systems
     Author ['M Hussein', 'R Nouacer', 'A Radermacher']
     Venue Microprocessors and …
     Year 2017
     Abstract JavaScript is disabled on your browser. Please enable JavaScript to use all the features on this page. Skip to main content Skip to article
     Url https://www.sciencedirect.com/science/article/pii/S0141933116304173


     Search term "Best+practice"+OR+"General+guidelines"+"Case+Study"+"Hardware+simulation"
     Title FPGA based Hardware-in-the-Loop Simulation for Digital Control of Power Converters using VHDL-AMS
     Author ['AD Benhamadouche', 'A Ballouti', 'F Djahli']
     Venue INTERNATIONAL …
     Year 2018
     Abstract of the presented approach are demonstrated through a practical case study of a  In different engineering systems such automotive, mechatronic or control systems, best practice for V&V  prototyping and VHDL-AMS modeling in an advanced software/hardware simulation platform
     Url http://13.233.42.234/Downloads/Volume9No12/Paper_73-FPGA_based_Hardware_in_the_Loop_Simulation.pdf


     Search term "Best+practice"+OR+"General+guidelines"+"Case+Study"+"Hardware+simulation"
     Title The craft of system security
     Author ['S Smith', 'J Marchesini']
     Venue NA
     Year 2007
     Abstract Page 15. 11.1.6. Flaws in Standards 11.2. Policy Compliance 11.2.1. HIPAA 11.2.2. SOX 11.2.3. GLBA 11.2.4. Best Practice Frameworks 11.2.5. Audit 11.3  Case Study 17.3.1. The Context 17.3.2. The Problem 17.3.3. Techniques 17.3.4. Feature Set 17.3.5. Experiments 17.4
     Url https://books.google.com/books?hl=en&lr=&id=8fNz4cqWKKUC&oi=fnd&pg=PT29&dq=%22Best+practice%22+OR+%22General+guidelines%22+%22Case+Study%22+%22Hardware+simulation%22&ots=aVdm7MP7Fj&sig=e_IBoW2wkg2bnKcJ_uetwoCOOTY


     Search term "Best+practice"+OR+"General+guidelines"+"Case+Study"+"Hardware+simulation"
     Title FPGA-based hardware-in-the-loop for multi-domain simulation
     Author ['AD Benhamadouche', 'F Djahli', 'A Ballouti']
     Venue International Journal of …
     Year 2019
     Abstract In different engineering systems, such as automotive, mechatronic or control systems, the best practice for V&V  the other hand, to test the developed plat- form, a practical case study of a  7. Parma GG, Dinavahi V., Real-time digital hardware simulation of power electronics and
     Url https://www.worldscientific.com/doi/abs/10.1142/S179396231950020X


     Search term "Best+practice"+OR+"General+guidelines"+"Case+Study"+"Hardware+simulation"
     Title European white book on real-time power hardware in the loop testing: Derlab report no. r-005.0
     Author ['E de Jong', 'R de Graff', 'P Vassen', 'P Crolla', 'A Roscoe']
     Venue NA
     Year 2012
     Abstract The alternative to hardware testing has traditionally always been software simulation. This has very strong advantages over a pure hardware simulation as it is very flexible and has typically only a fraction of the eco- nomical costs
     Url https://strathprints.strath.ac.uk/id/eprint/43450


     Search term "Best+practice"+OR+"General+guidelines"+"Case+Study"+"Hardware+simulation"
     Title Simulation of Automated File Migratoon in Information Lifecycle Management
     Author ['LA Turczyk', 'C Frei', 'M Behrens', 'N Liebau']
     Venue AMCIS 2008 …
     Year 2008
     Abstract of the probabilities is made according to our statistical results from observing file access in our second case study (Groepl et  COMPARISON OF MIGRATION RULES Industry best practice is to take a strategic view of storage architectures and determine the best solutions based
     Url https://aisel.aisnet.org/cgi/viewcontent.cgi?article=1407&context=amcis2008


     Search term "Best+practice"+OR+"General+guidelines"+"Case+Study"+"Hardware+simulation"
     Title Product management: visualization technology and 3D simulator of Aker Solutions
     Author ['T Tongpradith']
     Venue NA
     Year 2014
     Abstract Aker Solutions is the industrial company that the author has chosen to be case study. The previous  systems. 2.1.2 Development of Visualization Technology System The advances in graphics and hardware simulation technology have significantly developed
     Url https://uis.brage.unit.no/uis-xmlui/handle/11250/220123


     Search term "Best+practice"+OR+"General+guidelines"+"Case+Study"+"Hardware+simulation"
     Title System on Chip
     Author ['W Badawy']
     Venue System-on-chip for real-time applications
     Year 2003
     Abstract integration [8]. These guidelines provide the underlying methodology to establish a best practice IP reuse  but is not sufficient due to deficient processor models and slow hardware simulation speeds  pleiades [39] R. Phelps, M. J. Krasnicki et aI., "A Case Study of Synthesis for
     Url https://link.springer.com/chapter/10.1007/978-1-4615-0351-4_1


     Search term "Best+practice"+OR+"General+guidelines"+"Case+Study"+"Hardware+simulation"
     Title EQUITAS: A tool-chain for functional safety and reliability improvement in automotive systems
     Author ['R Nouacer', 'M Djemal', 'S Niar', 'G Mouchard']
     Venue Microprocessors and …
     Year 2016
     Abstract 6 Automatic test generation, 7 Reliability and robustness analysis and 8 focus on the technical achievements of the project. Finally, Sections 9 and 10 describe the case study and conclusion. 2. Project objectives and expected results  9. Case study: windshield wiper
     Url https://www.sciencedirect.com/science/article/pii/S0141933116301156


     Search term "Best+practice"+OR+"General+guidelines"+"Case+Study"+"Hardware+simulation"
     Title The co-design of virtual machines using reconfigurable hardware
     Author ['KB Kent']
     Venue NA
     Year 2003
     Abstract Page 1. The Co-Design of Virtual Machines Using Reconfigurable Hardware by Kenneth Blair Kent B.Sc. {hons). Memorial University of Newfoimdland, 1996 M.Sc., University of Victoria, 1999 A Dissertation Submitted in Partial Fulfillment of the Requirements for the Degree of
     Url http://dspace.library.uvic.ca/handle/1828/7938


     Search term "Best+practice"+OR+"General+guidelines"+"Case+Study"+"Hardware+simulation"
     Title Emulation of software faults: Representativeness and usefulness
     Author ['H Madeira', 'J Durães', 'M Vieira']
     Venue Latin-American Symposium on …
     Year 2003
     Abstract Page 1. R. de Lemos et al. (Eds.): LADC 2003, LNCS 2847, pp. 137–159, 2003. © Springer-Verlag Berlin Heidelberg 2003 Emulation of Software Faults: Representativeness and Usefulness Henrique Madeira1, João Durães2, and Marco Vieira2
     Url https://link.springer.com/chapter/10.1007/978-3-540-45214-0_13


     Search term "Best+practice"+OR+"General+guidelines"+"Case+Study"+"Hardware+simulation"
     Title Architecture-Centric Modeling, Analysis, and Verification of Cyber-Physical Systems
     Author ['S Nakajima', 'JP Talpin', 'M Toyoshima', 'H Yu']
     Venue NA
     Year 2016
     Abstract Current best practice of building and then testing software-reliant mission and safety critical  This presentation shows a case study that model checking is applied to a commercial OS  The cornerstone of SimSoC is a library of hardware simulation modules, that include Instruction
     Url https://shonan.nii.ac.jp/docs/5296fabd2d5262bb0fd4870004bc2ac0e46b3015.pdf


     Search term "Best+practice"+OR+"General+guidelines"+"Case+Study"+"Hardware+simulation"
     Title Digital archaeology: Rescuing neglected and damaged data resources. A JISC/NPO study within the Electronic Libraries (eLib) Programme on the Preservation of …
     Author ['S Ross', 'A Gow']
     Venue NA
     Year 1999
     Abstract Page 1. Ross, S., and Gow, A. (1999) Digital archaeology: rescuing neglected and damaged data resources. A JISC/NPO study within the Electronic Libraries (eLib) Programme on the preservation of electronic materials. Project Report
     Url https://eprints.gla.ac.uk/100304


     Search term "Best+practice"+OR+"General+guidelines"+"Case+Study"+"Hardware+simulation"
     Title System and methods for generating and managing a virtual device
     Author ['F Xie', 'K Cong', 'L Lei']
     Venue US Patent 8,666,723
     Year 2014
     Abstract US8666723B2 - System and methods for generating and managing a virtual device - Google Patents. System and methods for generating and managing a virtual device. Download PDF Info. Publication number US8666723B2
     Url https://patents.google.com/patent/US8666723B2/en


     Search term "Best+practice"+OR+"General+guidelines"+"Case+Study"+"Hardware+simulation"
     Title Design Considerations for Building Credible Security Testbeds: A Systematic Study of Industrial Control System Use Cases
     Author ['UD Ani', 'JM Watson', 'B Green', 'B Craggs']
     Venue arXiv preprint arXiv …
     Year 2019
     Abstract This encompasses the range of setups that include hardware-in-the- loop (HIL) as a step between 'computer simulation' and 'physical operational hardware simulation'  Candell et al 2 detail three design/case study ICS testbeds with security scenario demonstrations
     Url https://arxiv.org/abs/1911.01471


     Search term "Best+practice"+OR+"General+guidelines"+"Case+Study"+"Hardware+simulation"
     Title Assessing Diagnostics for Fault Tolerant Software
     Author ['J Napier']
     Venue NA
     Year 2001
     Abstract 74 6.4 Case Study Program  different sizes - strategies A and B. . . . . 135 8.1 Typical function from DC4 with a simple pre-condition assertion. . . . . 143 D.1 Block diagram illustrating main input/ouput of the case study program DC4
     Url http://citeseerx.ist.psu.edu/viewdoc/download?doi=10.1.1.60.5418&rep=rep1&type=pdf


     Search term "Best+practice"+OR+"General+guidelines"+"Case+Study"+"Hardware+simulation"
     Title FHWA Skid Measurement Test Centers
     Author ['HC Huckins']
     Venue Public Roads
     Year 1977
     Abstract Output is limited to printouts of vehicle location within the network, and both journey times and delays for each boundary category 2" Logical Design and Associated Computer Studies for the Hardware Simulation of Traffic Dispersion,” by IS Saleeb, Ph
     Url https://books.google.com/books?hl=en&lr=&id=YOk6AQAAMAAJ&oi=fnd&pg=PA74&dq=%22Best+practice%22+OR+%22General+guidelines%22+%22Case+Study%22+%22Hardware+simulation%22&ots=v9gByi8ecy&sig=Z826K77oB5o9QppaivrNmxVomzQ


     Search term "Best+practice"+OR+"General+guidelines"+"Case+Study"+"Hardware+simulation"
     Title Introduction to feedback control
     Author ['Q Li']
     Venue NA
     Year 2010
     Abstract [Not Found]
     Url [Not Found]


     Search term "Best+practice"+OR+"General+guidelines"+"Case+Study"+"Hardware+simulation"
     Title Corporate Social Networking: Risks and Opportunities
     Author ['JHS Straumsheim']
     Venue NA
     Year 2011
     Abstract 3.4 Case study – Legal aspects: ....63  This research questions is not followed up with an hypothesis, as it intends to investigate what could be considered ―best practice‖ for security policies for businesses using social networks
     Url https://ntnuopen.ntnu.no/ntnu-xmlui/handle/11250/144018


     Search term "Best+practice"+OR+"General+guidelines"+"Case+Study"+"Hardware+simulation"
     Title Modeling and simulation of energy systems: A review
     Author ['ASR Subramanian', 'T Gundersen', 'TA Adams']
     Venue Processes
     Year 2018
     Abstract For example, a physical model of a solid oxide fuel cell system has been built at the US Department of Energy National Energy Technology Laboratory for hardware simulation purposes as described by Tucker et al. [164,165]
     Url https://www.mdpi.com/2227-9717/6/12/238


     Search term "Best+practice"+OR+"General+guidelines"+"Case+Study"+"Hardware+simulation"
     Title Business incubators in Zambia: A study of the impact on small business enterprises
     Author ['WK Kasase']
     Venue NA
     Year 2017
     Abstract This resulted in increased industrial output and employment. 2.2.2 Lessons learned from this case study were that, human capital factors were the key success factors. Unsuccessful projects failed largely because of the personality and lack of skills of the
     Url https://open.uct.ac.za/handle/11427/25098


     Search term "Best+practice"+OR+"General+guidelines"+"Case+Study"+"Hardware+simulation"
     Title International Conference on Electronics and Electrical Engineering: CEEE2014
     Author ['N Crespi']
     Venue NA
     Year 2014
     Abstract 18, 2014. CEEE2014 provided a forum for accessing to the most up-to-date research and application on Electronic and Electrical Engineering from both industrial and academic worlds, sharing best practice in these fields. All
     Url https://books.google.com/books?hl=en&lr=&id=Cb1GBAAAQBAJ&oi=fnd&pg=PA1&dq=%22Best+practice%22+OR+%22General+guidelines%22+%22Case+Study%22+%22Hardware+simulation%22&ots=eK7-Q9g4UT&sig=GTPVG9D8tDA_Ch17R2OZfSoSjzk


     Search term "Best+practice"+OR+"General+guidelines"+"Case+Study"+"Hardware+simulation"
     Title Embedded systems handbook
     Author ['R Zurawski']
     Venue NA
     Year 2005
     Abstract quite some detail, the functional design, function/architecture and hardware/software codesign, and hardware/software coverification and hardware simulation  In discussing the design guidelines, the chapter uses a case study of a real NoC architecture (Xpipes) which employs
     Url https://books.google.com/books?hl=en&lr=&id=qYAqBgAAQBAJ&oi=fnd&pg=PP1&dq=%22Best+practice%22+OR+%22General+guidelines%22+%22Case+Study%22+%22Hardware+simulation%22&ots=agzdjDW2Ee&sig=9ov_5IsrYW_1ARRBYF9orq6YvtY


     Search term "Best+practice"+OR+"General+guidelines"+"Case+Study"+"Hardware+simulation"
     Title Embedded Systems Handbook: Embedded systems design and verification
     Author ['R Zurawski']
     Venue NA
     Year 2018
     Abstract in some detail, the functional design; function/architecture and hardware/software codesign; and hardware/software co-verification and hardware simulation  ADL and provides a comprehensive intro- duction to the language illustrating its use with a case study involving design
     Url https://books.google.com/books?hl=en&lr=&id=Jts_CQAAQBAJ&oi=fnd&pg=PR3&dq=%22Best+practice%22+OR+%22General+guidelines%22+%22Case+Study%22+%22Hardware+simulation%22&ots=r0Fe3omxaX&sig=ylKxfsXOzIMaA0aTCrvdRE4dGPQ


     Search term "Best+practice"+OR+"General+guidelines"+"Case+Study"+"Hardware+simulation"
     Title On Improving Cybersecurity Through Memory Isolation Using Systems Management Mode
     Author ['J Sutherland']
     Venue NA
     Year 2019
     Abstract discussed. As a case study, this research included the creation of a secure web server whose encryption key is protected using this approach such that even an intruder with full Administrator level access cannot extract the key
     Url https://pdfs.semanticscholar.org/ca63/194937d116efb933f7aca1e11e378d01bbb1.pdf


     Search term "Best+practice"+OR+"General+guidelines"+"Case+Study"+"Hardware+simulation"
     Title Safecomp FastAbstract 25th September 2013
     Author ['MO Killijian']
     Venue NA
     Year 2013
     Abstract Page 1. HAL Id: hal-00926563 https://hal.archives-ouvertes.fr/hal-00926563 Submitted on 9 Jan 2014 HAL is a multi-disciplinary open access archive for the deposit and dissemination of sci- entific research documents, whether they are pub- lished or not
     Url https://hal.archives-ouvertes.fr/hal-00926563/document


     Search term "Best+practice"+OR+"General+guidelines"+"Case+Study"+"Hardware+simulation"
     Title System-Level Design and Verification
     Author ['MS Nolte', 'D Sundmark']
     Venue Embedded Systems Handbook: Embedded …
     Year 2018
     Abstract [Not Found]
     Url [Not Found]


     Search term "Best+practice"+OR+"General+guidelines"+"Case+Study"+"Hardware+simulation"
     Title Quantifying and mitigating privacy threats in wireless protocols and services
     Author ['JA Pang']
     Venue NA
     Year 2009
     Abstract [Not Found]
     Url [Not Found]


     Search term "Best+practice"+OR+"General+guidelines"+"Case+Study"+"Hardware+simulation"
     Title Modeling and simulation of energy systems: A review
     Author ['AS Rammohan Subramanian', 'T Gundersen', 'TA Adams']
     Venue NA
     Year 2018
     Abstract [Not Found]
     Url https://ntnuopen.ntnu.no/ntnu-xmlui/handle/11250/2617317


     Search term "Best+practice"+OR+"General+guidelines"+"Case+Study"+"Hardware+simulation"
     Title The Legibility of
     Author ['DA Gordon', 'JA Boyle']
     Venue Public Roads
     Year 1977
     Abstract Page 79. limit of 55 mph (89 km/h). (9) JA Cirillo,“Interstate System Accident Research Study II, Interim Report II," Public Roads, vol. 35, No. 3, August 1968, pp. 71-75. PUBLIC ROADS• Vol. 41, No. 2 67 Page 80. The Legibility
     Url https://books.google.com/books?hl=en&lr=&id=7NNRAQAAMAAJ&oi=fnd&pg=PA67&dq=%22Best+practice%22+OR+%22General+guidelines%22+%22Case+Study%22+%22Hardware+simulation%22&ots=faMMcijsTj&sig=EVCtLzvrY3ZUgDcJMXyxWR2RP1g


     Search term "Best+practice"+OR+"General+guidelines"+"Case+Study"+"Hardware+simulation"
     Title Verification of a Large Heterogeneous Many-core Computer
     Author ['E Gamst', 'E Mitacc']
     Venue NA
     Year 2016
     Abstract Page 1. Verification of a Large Heterogeneous Many-core Computer Eivind Gamst Edward Mitacc Embedded Computing Systems Supervisor: Donn Morrison, IET Department of Electronics and Telecommunications Submission date: June 2016
     Url https://ntnuopen.ntnu.no/ntnu-xmlui/handle/11250/2415594


     Search term "Best+practice"+OR+"General+guidelines"+"Case+Study"+"Hardware+simulation"
     Title Enabling Energy Transparency for Deeply Embedded Programs
     Author ['K Georgiou']
     Venue NA
     Year 2017
     Abstract Page 1. Enabling Energy Transparency for Deeply Embedded Programs By KYRIAKOS GEORGIOU Department of Computer Science A dissertation submitted to the University of Bristol in ac- cordance with the requirements
     Url http://georgioukyriakos.com/docs/KyriakosGeorgiou.pdf


     Search term "Best+practice"+OR+"General+guidelines"+"Case+Study"+"Hardware+simulation"
     Title MICROCONTROLLER BASED ELECTRONIC VOTING MACHINE FOR FREE AND FAIR ELECTION IN NIGERIA
     Author ['AI SANKA', 'LA YUSUF']
     Venue National Conference
     Year NA
     Abstract 3rd edition. UK: McGraw-Hill Education Limited Bates MP (2008) Programming 8-bit PIC microcontrollers in C: with Interactive Hardware Simulation. Oxford UK: Elsevier Carson H., Indianapolis, Ind.(1987) ELECTRONIC VOTING MACHINE.[Online] Available from< http://www
     Url https://www.researchgate.net/profile/Musa_Adamu2/publication/301681595_Strength_Properties_of_Concrete_containing_Scrap_Tyre_as_fine_and_Coarse_Aggregate-ACICON_2014/links/5909a891aca272f658fce9fb/Strength-Properties-of-Concrete-containing-Scrap-Tyre-as-fine-and-Coarse-Aggregate-ACICON-2014.pdf#page=130


     Search term "Best+practice"+OR+"General+guidelines"+"Case+Study"+"Hardware+simulation"
     Title BRIDGING THE GAP BETWEEN ACADEMIA AND...
     Author ['NJ SHANONO', 'MM MAINA']
     Venue Proceedings Of the National Conference On …
     Year 2014
     Abstract 383 ASSESSMENT OF THE RELIABILITY INDICES OF 11KV DISTRIBUTION FEEDERS - CASE STUDY OF ILORIN, NIGERIA ..... 389
     Url https://moam.info/bridging-the-gap-between-academia-and-_59a574581723dd0b40ac92bc.html


     Search term "Best+practice"+OR+"General+guidelines"+"Case+Study"+"Hardware+simulation"
     Title Shared Variable Analyser For Hardware Descriptions
     Author ['J Sharp']
     Venue NA
     Year 2013
     Abstract 1 4 28.7 Running Example: Candy Puzzle: Generated CSP M odel .....I 4 49 Case Study: Traffic Lights l 4 ^9.1 O ve rv ie w .....9.1.1 System R equ ire men ts
     Url http://search.proquest.com/openview/779aecb3e035273688c49dc9e9816ee4/1?pq-origsite=gscholar&cbl=51922&diss=y


     Search term "Best+practice"+OR+"General+guidelines"+"Case+Study"+"Hardware+simulation"
     Title Techniques et outils pour la verification de Systemes-sur-Puce au
     Author ['CPLEMET LA', 'SAU SEIN', 'PLAS DES CYCLISTES']
     Venue NA
     Year NA
     Abstract will be studied in this document (section 2.3), and present the way it is implemented in SystemC (section 2.4.3). The chapter ends with a small case study: The EASY  Unfortunately, due to the highly parallel nature of hardware, simulation of a large RTL design is extremely slow
     Url https://moam.info/techniques-et-outils-pour-la-verification-de-systemes-sur-puce-au_5c53a355097c47e8488b45b8.html

