Showing papers for search query "Best+practice"+OR+"General+guidelines"+"Cyber-physical+system"+OR+"Industrial+control+system"+OR+"ICS"+OR+"SCADA"+OR+"Distributed+control+system"+OR+"DCS"+"FDA+Requirements"

     Search term "Best+practice"+OR+"General+guidelines"+"Cyber-physical+system"+OR+"Industrial+control+system"+OR+"ICS"+OR+"SCADA"+OR+"Distributed+control+system"+OR+"DCS"+"FDA+Requirements"
     Title A Review on applications of GAMP-5 in Pharmaceutical Industries
     Author ['P Lalasa', 'N Vishal Gupta', 'HV Raghunandan']
     Venue Int. J. Drug Dev. & …
     Year 2013
     Abstract companies should use these guidelines along with other guidelines and industry best practice to Covered in Scopus & Embase, Elsevier Int  complex Distributed Control System (DCS). It shows  measurements made are reliable. To satisfy FDA requirements, all data from
     Url https://www.researchgate.net/profile/N_Vishal_Gupta/publication/263657437_A_Review_on_applications_of_GAMP_-5_in_Pharmaceutical_Industries/links/55dc934908aec156b9b1836a/A-Review-on-applications-of-GAMP-5-in-Pharmaceutical-Industries.pdf


     Search term "Best+practice"+OR+"General+guidelines"+"Cyber-physical+system"+OR+"Industrial+control+system"+OR+"ICS"+OR+"SCADA"+OR+"Distributed+control+system"+OR+"DCS"+"FDA+Requirements"
     Title Global Software Engineering Research in a Small Country.
     Author ['K Ryan']
     Venue ICECCS
     Year 2008
     Abstract electric electronic w/o ICs sensors ICs software CAGR 2002-2015 [%] 7,3 4 -2 7 10 13  improvement framework, implemented with regulatory compliance and the use of best practice that can be  be Mapped to the FDA Requirements McCaffery.F, Coleman
     Url https://www.researchgate.net/profile/Kevin_Ryan19/publication/4331119_Global_Software_Engineering_Research_in_a_Small_Country/links/556f745408aec226830aab42.pdf


     Search term "Best+practice"+OR+"General+guidelines"+"Cyber-physical+system"+OR+"Industrial+control+system"+OR+"ICS"+OR+"SCADA"+OR+"Distributed+control+system"+OR+"DCS"+"FDA+Requirements"
     Title Auditing and GRC Automation in SAP
     Author ['M Chuprunov', 'R Bachmann', 'A Nowatzki']
     Venue NA
     Year 2013
     Abstract is irrelevant for you, you will certainly have thought about designing the ICS efficiently: the experiences of other organizations in handling ICS and compliance  Günther Emmenegger (SAP Schweiz AG) wrote the chap- ter on mapping FDA-requirements in the SAP environment
     Url https://link.springer.com/content/pdf/10.1007/978-3-642-35302-4.pdf


     Search term "Best+practice"+OR+"General+guidelines"+"Cyber-physical+system"+OR+"Industrial+control+system"+OR+"ICS"+OR+"SCADA"+OR+"Distributed+control+system"+OR+"DCS"+"FDA+Requirements"
     Title Practical batch process management
     Author ['M Barker', 'J Rawtani']
     Venue NA
     Year 2004
     Abstract for Industry (David Bailey) Practical SCADA for Industry  Practical Industrial Data Communications: Best Practice Techniques (Deon  8.1 Introduction.....70 8.2 Programming PLCs/DCS
     Url https://books.google.com/books?hl=ru&lr=&id=kj2pduabhN4C&oi=fnd&pg=PP1&dq=%22Best+practice%22+OR+%22General+guidelines%22+%22Cyber-physical+system%22+OR+%22Industrial+control+system%22+OR+%22ICS%22+OR+%22SCADA%22+OR+%22Distributed+control+system%22+OR+%22DCS%22+%22FDA+Requirements%22&ots=cgHBIwGnaI&sig=i6k6gyeufKX54x4OmZiEJDlN3kI


     Search term "Best+practice"+OR+"General+guidelines"+"Cyber-physical+system"+OR+"Industrial+control+system"+OR+"ICS"+OR+"SCADA"+OR+"Distributed+control+system"+OR+"DCS"+"FDA+Requirements"
     Title Strategies for pediatric drug evaluation: a view from the trenches
     Author ['JT Wilson']
     Venue Drug information journal
     Year 1996
     Abstract Commission for the Protection of Human Subjects (PL93-384) DHHS Regulations, AAP and FDA report on general guidelines National Commission  bution are invariate 4. Accuracy of drug concentrations in serum 5. Data reasonably define the pharmacokinet- ics phase in
     Url https://journals.sagepub.com/doi/abs/10.1177/009286159603000434


     Search term "Best+practice"+OR+"General+guidelines"+"Cyber-physical+system"+OR+"Industrial+control+system"+OR+"ICS"+OR+"SCADA"+OR+"Distributed+control+system"+OR+"DCS"+"FDA+Requirements"
     Title The views of Directors of Children's Services and head teachers in relation to educating children below their expected National Curriculum year group
     Author ['D Nugent']
     Venue NA
     Year 2008
     Abstract the inclusion agenda. The role of head teachers, DCS and Educational Psychologists are discussed in respect of developing best practice strategies for children most likely to be considered for retention. 8 Page 11. Declaration
     Url http://search.proquest.com/openview/4c76bf713b3c297151a41cdc6140632f/1?pq-origsite=gscholar&cbl=2026366&diss=y


     Search term "Best+practice"+OR+"General+guidelines"+"Cyber-physical+system"+OR+"Industrial+control+system"+OR+"ICS"+OR+"SCADA"+OR+"Distributed+control+system"+OR+"DCS"+"FDA+Requirements"
     Title Regulation of next generation sequencing
     Author ['GH Javitt', 'KS Carner']
     Venue The Journal of Law, Medicine & Ethics
     Year 2014
     Abstract is intended to be used for such purposes.”76 It also states that, if a manufacturer of an RUO IVD becomes aware that one of its customers is using the product for clinical diagnosis, the manufac- turer should “halt” sales to the customer or “comply with FDA requirements for IVD
     Url https://onlinelibrary.wiley.com/doi/abs/10.1111/jlme.12159


     Search term "Best+practice"+OR+"General+guidelines"+"Cyber-physical+system"+OR+"Industrial+control+system"+OR+"ICS"+OR+"SCADA"+OR+"Distributed+control+system"+OR+"DCS"+"FDA+Requirements"
     Title 11The Traveling Patient
     Author ['F Olmstead']
     Venue NA
     Year 2010
     Abstract Program content is developed in combination with PriCara®. Speakers are paid to present on behalf of the company and are required to present information about its medicines in compliance with FDA requirements. December 2009 02R09190R1
     Url http://nmtravelhealth.com/the-traveling-patient/images/JUCMArticle-Feb-2010.pdf


     Search term "Best+practice"+OR+"General+guidelines"+"Cyber-physical+system"+OR+"Industrial+control+system"+OR+"ICS"+OR+"SCADA"+OR+"Distributed+control+system"+OR+"DCS"+"FDA+Requirements"
     Title Revisiting “The Fruits of Genomics”: How the Biopharma Industry Lost But Is Now Regaining its Productivity
     Author ['AR Leheny', 'EW Roberts']
     Venue Journal of Applied Corporate …
     Year 2015
     Abstract on the cutting edge with respect to research. In the eight- ies and early nineties, each of these companies was viewed as a model of best practice in the pharmaceutical research arena. While in the past 15 years, each company
     Url https://onlinelibrary.wiley.com/doi/abs/10.1111/jacf.12128


     Search term "Best+practice"+OR+"General+guidelines"+"Cyber-physical+system"+OR+"Industrial+control+system"+OR+"ICS"+OR+"SCADA"+OR+"Distributed+control+system"+OR+"DCS"+"FDA+Requirements"
     Title PMF NEWSLETTER
     Author ['AY Interested']
     Venue NA
     Year NA
     Abstract The published literature extends these observations to include a greater diversity of products from aerosol saline eye wash [24] to antiseptics and antibiotics [25, 26], as well as validating that microbiological contamination of cosmet- ics is of global concern [27, 28, 29]
     Url http://citeseerx.ist.psu.edu/viewdoc/download?doi=10.1.1.686.7882&rep=rep1&type=pdf


     Search term "Best+practice"+OR+"General+guidelines"+"Cyber-physical+system"+OR+"Industrial+control+system"+OR+"ICS"+OR+"SCADA"+OR+"Distributed+control+system"+OR+"DCS"+"FDA+Requirements"
     Title Materials and Manufacturing Capabilities for Sustaining Defense Systems: Summary of a Workshop
     Author ['National Research Council']
     Venue NA
     Year 2013
     Abstract line to another company or because the customer initiates a change in supplier. To address this cause of temporary shortages, one participant suggested that a best practice would be for any supplier to notify customers when it
     Url https://books.google.com/books?hl=ru&lr=&id=fR11AgAAQBAJ&oi=fnd&pg=PA1&dq=%22Best+practice%22+OR+%22General+guidelines%22+%22Cyber-physical+system%22+OR+%22Industrial+control+system%22+OR+%22ICS%22+OR+%22SCADA%22+OR+%22Distributed+control+system%22+OR+%22DCS%22+%22FDA+Requirements%22&ots=qxCSTH2Pn5&sig=eg9hPPtodTM2y34aaQkC09R0qd0


     Search term "Best+practice"+OR+"General+guidelines"+"Cyber-physical+system"+OR+"Industrial+control+system"+OR+"ICS"+OR+"SCADA"+OR+"Distributed+control+system"+OR+"DCS"+"FDA+Requirements"
     Title ACCP Annual Meeting Learning Objectives and Program Goals
     Author ['V Roanoke']
     Venue NA
     Year NA
     Abstract Page 1. 1 ACCP Annual Meeting Learning Objectives and Program Goals The Annual Meeting is designed for health professionals involved with clinical pharmacy– students, residents, fellows, and experienced practitioners and educators
     Url https://www.researchgate.net/profile/Michael_Bentley4/publication/242738767_ACCP_Annual_Meeting_Learning_Objectives_and_Program_Goals/links/0046353b4248d8c4d5000000/ACCP-Annual-Meeting-Learning-Objectives-and-Program-Goals.pdf


     Search term "Best+practice"+OR+"General+guidelines"+"Cyber-physical+system"+OR+"Industrial+control+system"+OR+"ICS"+OR+"SCADA"+OR+"Distributed+control+system"+OR+"DCS"+"FDA+Requirements"
     Title Pharmaceutical Supply Chain: Drug Quality and Security Act
     Author ['FA Kuglin']
     Venue NA
     Year 2015
     Abstract [Not Found]
     Url [Not Found]


     Search term "Best+practice"+OR+"General+guidelines"+"Cyber-physical+system"+OR+"Industrial+control+system"+OR+"ICS"+OR+"SCADA"+OR+"Distributed+control+system"+OR+"DCS"+"FDA+Requirements"
     Title Core Ethics for Health Professionals
     Author ['RF Phalen']
     Venue NA
     Year NA
     Abstract patients and others. Professional societies formulate, publish, and enforce codes of conduct (also called codes of eth- ics). Such codes serve the interests of their members and the professional societies. Legislators make the
     Url https://link.springer.com/content/pdf/10.1007/978-3-319-56090-8.pdf


     Search term "Best+practice"+OR+"General+guidelines"+"Cyber-physical+system"+OR+"Industrial+control+system"+OR+"ICS"+OR+"SCADA"+OR+"Distributed+control+system"+OR+"DCS"+"FDA+Requirements"
     Title Implementation of the biosimilar pathway: economic and policy issues
     Author ['H Grabowski', 'G Long', 'R Mortimer']
     Venue Seton Hall L. Rev.
     Year 2011
     Abstract after the product has been observed on the market for some period of time.38 In particular, the FDA requirements for evidence  48 The European Medicines Agency (EMA) adopted a framework that includes an 401 overarching set of principles; general guidelines on quality
     Url https://heinonline.org/hol-cgi-bin/get_pdf.cgi?handle=hein.journals/shlr41&section=16


     Search term "Best+practice"+OR+"General+guidelines"+"Cyber-physical+system"+OR+"Industrial+control+system"+OR+"ICS"+OR+"SCADA"+OR+"Distributed+control+system"+OR+"DCS"+"FDA+Requirements"
     Title Core ethics for health professionals: principles, issues, and compliance
     Author ['RF Phalen']
     Venue NA
     Year 2017
     Abstract patients and others. Professional societies formulate, publish, and enforce codes of conduct (also called codes of eth- ics). Such codes serve the interests of their members and the professional societies. Legislators make the
     Url https://books.google.com/books?hl=ru&lr=&id=E4wwDwAAQBAJ&oi=fnd&pg=PR5&dq=%22Best+practice%22+OR+%22General+guidelines%22+%22Cyber-physical+system%22+OR+%22Industrial+control+system%22+OR+%22ICS%22+OR+%22SCADA%22+OR+%22Distributed+control+system%22+OR+%22DCS%22+%22FDA+Requirements%22&ots=OciyeqB-Nq&sig=v9EXJu1SltXl-W81lUxevImRLjU


     Search term "Best+practice"+OR+"General+guidelines"+"Cyber-physical+system"+OR+"Industrial+control+system"+OR+"ICS"+OR+"SCADA"+OR+"Distributed+control+system"+OR+"DCS"+"FDA+Requirements"
     Title Mesenchymal Stromal Cells: Translational Pathways to Clinical Adoption
     Author ['H Peiman', 'S Viswanathan']
     Venue NA
     Year 2016
     Abstract [Not Found]
     Url [Not Found]


     Search term "Best+practice"+OR+"General+guidelines"+"Cyber-physical+system"+OR+"Industrial+control+system"+OR+"ICS"+OR+"SCADA"+OR+"Distributed+control+system"+OR+"DCS"+"FDA+Requirements"
     Title PHARMACY
     Author ['M Anisfeld', 'EL McConnell', 'HD Williams', 'SR Pygall']
     Venue NA
     Year 2014
     Abstract Therefore, in 2010, a refinement of the BCS, namely the developability classification system (DCS)2 was proposed, in which the low solubility criterion has been lifted from 250mL to 500mL for poorly permeable compounds, and up to several litres for highly permeable
     Url http://www.phar-in.eu/wp-content/uploads/2014/05/EIPG20Mar2014_Journal.pdf


     Search term "Best+practice"+OR+"General+guidelines"+"Cyber-physical+system"+OR+"Industrial+control+system"+OR+"ICS"+OR+"SCADA"+OR+"Distributed+control+system"+OR+"DCS"+"FDA+Requirements"
     Title Process plant layout
     Author ['S Moran']
     Venue NA
     Year 2016
     Abstract [Not Found]
     Url [Not Found]


     Search term "Best+practice"+OR+"General+guidelines"+"Cyber-physical+system"+OR+"Industrial+control+system"+OR+"ICS"+OR+"SCADA"+OR+"Distributed+control+system"+OR+"DCS"+"FDA+Requirements"
     Title Dictionary of pharmaceutical medicine
     Author ['G Nahler']
     Venue Dictionary of Pharmaceutical Medicine
     Year 1994
     Abstract central ethics committee ET H ICS CO MMITT EE reviewing a PROTO- CO L for different institutions, eg in a multicentre or multina- tional trial; in some countries, eg Austria, approval by the ethics committee of each participating hospital is requested; in other countries, eg France
     Url https://link.springer.com/content/pdf/10.1007/978-3-7091-4016-1_1.pdf


     Search term "Best+practice"+OR+"General+guidelines"+"Cyber-physical+system"+OR+"Industrial+control+system"+OR+"ICS"+OR+"SCADA"+OR+"Distributed+control+system"+OR+"DCS"+"FDA+Requirements"
     Title Integrative mental health care: A therapist's handbook
     Author ['J Lake']
     Venue NA
     Year 2009
     Abstract [Not Found]
     Url [Not Found]


     Search term "Best+practice"+OR+"General+guidelines"+"Cyber-physical+system"+OR+"Industrial+control+system"+OR+"ICS"+OR+"SCADA"+OR+"Distributed+control+system"+OR+"DCS"+"FDA+Requirements"
     Title White Paper 3 System Level ESD Part II: Implementation of Effective ESDRobust Designs
     Author ['R Ashton', 'ON Semiconductor', 'P Besse', 'J Dunnihoo']
     Venue NA
     Year NA
     Abstract information in Part I to establish recommendations for IC and system level manufacturers regarding proper protection, proper controls and best practice ESD tests  In addition, there is no clear definition of soft failure robustness for ICs, and many real world errors are soft failures
     Url http://www.esdindustrycouncil.com/ic/docs/20120212-Industry%20Council%20White%20Paper%203%20PII%20rev0_1.docx


     Search term "Best+practice"+OR+"General+guidelines"+"Cyber-physical+system"+OR+"Industrial+control+system"+OR+"ICS"+OR+"SCADA"+OR+"Distributed+control+system"+OR+"DCS"+"FDA+Requirements"
     Title Regulatory Requirements for INDs/FIH (First in Human) Studies
     Author ['SC Gad']
     Venue Pharmaceutical Sciences Encyclopedia: Drug …
     Year 2010
     Abstract The actual regula- tions were covered in 21 CFR Subchapter D, Parts 430 – 460 (over 600 pages), which describes the standards and methods used for certification for all approved antibiot- ics  T ABLE 4 Synopsis of General Guidelines for Animal T o xicity Studies for Drugs
     Url https://onlinelibrary.wiley.com/doi/abs/10.1002/9780470571224.pse067


     Search term "Best+practice"+OR+"General+guidelines"+"Cyber-physical+system"+OR+"Industrial+control+system"+OR+"ICS"+OR+"SCADA"+OR+"Distributed+control+system"+OR+"DCS"+"FDA+Requirements"
     Title Applying Lessons from the Opioid Abuse Epidemic to Protect Consumers from Gray Market Biologics
     Author ['MC Barnes', 'SL Worthy']
     Venue Notre Dame JL Ethics & Pub. Pol'y
     Year 2015
     Abstract Page 1. APPLYING LESSONS FROM THE OPIOID ABUSE EPIDEMIC TO PROTECT CONSUMERS FROM GRAY MARKET BIOLOGICS MICHAEL C. BARNES* & STACEY L. WORTHY** I. INTRODUCTION Almost 17,000 people
     Url https://heinonline.org/hol-cgi-bin/get_pdf.cgi?handle=hein.journals/ndlep29&section=15


     Search term "Best+practice"+OR+"General+guidelines"+"Cyber-physical+system"+OR+"Industrial+control+system"+OR+"ICS"+OR+"SCADA"+OR+"Distributed+control+system"+OR+"DCS"+"FDA+Requirements"
     Title Developing human capital: Using analytics to plan and optimize your learning and development investments
     Author ['G Pease', 'B Beresford', 'L Walker']
     Venue NA
     Year 2014
     Abstract How Smart Companies Govern Their Data for Business Success by Tony Fisher Delivering Business Analytics: Practical Guidelines for Best Practice by Evan  Capital Analytics: Potential of Your Organization's Greatest Asset 2012), big data and the power of analyt- ics were hot
     Url https://books.google.com/books?hl=ru&lr=&id=m1DcAwAAQBAJ&oi=fnd&pg=PA13&dq=%22Best+practice%22+OR+%22General+guidelines%22+%22Cyber-physical+system%22+OR+%22Industrial+control+system%22+OR+%22ICS%22+OR+%22SCADA%22+OR+%22Distributed+control+system%22+OR+%22DCS%22+%22FDA+Requirements%22&ots=OvVsl3JTxS&sig=0E62PQEqBJEUC8IeKeNW-8FS2uE


     Search term "Best+practice"+OR+"General+guidelines"+"Cyber-physical+system"+OR+"Industrial+control+system"+OR+"ICS"+OR+"SCADA"+OR+"Distributed+control+system"+OR+"DCS"+"FDA+Requirements"
     Title SBIR/STTR at the National Institutes of Health
     Author ['National Academies of Sciences', 'Engineering', 'and ']
     Venue NA
     Year 2015
     Abstract The Department of Health and Human Service (HHS) SBIR and STTR programs operate at each of the 24 participating NIH Institutes and Centers (ICs), Centers for Disease Control and Prevention (CDC), Food and Drug Administration (FDA) and the Administration for Children
     Url https://books.google.com/books?hl=ru&lr=&id=T6ldCwAAQBAJ&oi=fnd&pg=PA1&dq=%22Best+practice%22+OR+%22General+guidelines%22+%22Cyber-physical+system%22+OR+%22Industrial+control+system%22+OR+%22ICS%22+OR+%22SCADA%22+OR+%22Distributed+control+system%22+OR+%22DCS%22+%22FDA+Requirements%22&ots=26rRzL-M5x&sig=4AA8iNr6jjwEezy1bWQ9tISnZOs


     Search term "Best+practice"+OR+"General+guidelines"+"Cyber-physical+system"+OR+"Industrial+control+system"+OR+"ICS"+OR+"SCADA"+OR+"Distributed+control+system"+OR+"DCS"+"FDA+Requirements"
     Title Biorefineries: integrated biochemical processes for liquid biofuels
     Author ['N Qureshi', 'DB Hodge', 'A Vertes']
     Venue NA
     Year 2014
     Abstract permissions. This book and the individual contributions contained in it are protected under copyright by the Publisher (other than as may be noted herein). Notices Knowledge and best practice in this field are constantly changing. As
     Url https://books.google.com/books?hl=ru&lr=&id=2Uh1AgAAQBAJ&oi=fnd&pg=PP1&dq=%22Best+practice%22+OR+%22General+guidelines%22+%22Cyber-physical+system%22+OR+%22Industrial+control+system%22+OR+%22ICS%22+OR+%22SCADA%22+OR+%22Distributed+control+system%22+OR+%22DCS%22+%22FDA+Requirements%22&ots=J1635rX1bq&sig=Slg9MfgRj-xc-3EMytcEDMngphU


     Search term "Best+practice"+OR+"General+guidelines"+"Cyber-physical+system"+OR+"Industrial+control+system"+OR+"ICS"+OR+"SCADA"+OR+"Distributed+control+system"+OR+"DCS"+"FDA+Requirements"
     Title Panel Part II
     Author ['S Worthy', 'M Barnes']
     Venue NA
     Year 2015
     Abstract Page 1. Notre Dame Law School NDLScholarship NDJLEPP Symposia 2015 - Regulating Life, Disease, and Death Mar 19th, 9:00 AM - 9:30 AM Panel Part II Stacey Worthy DCBA Law & Policy Michael Barnes DCBA Law & Policy
     Url http://scholarship.law.nd.edu/cgi/viewcontent.cgi?article=1008&context=ndjlepp_symp


     Search term "Best+practice"+OR+"General+guidelines"+"Cyber-physical+system"+OR+"Industrial+control+system"+OR+"ICS"+OR+"SCADA"+OR+"Distributed+control+system"+OR+"DCS"+"FDA+Requirements"
     Title Fluoropolymer additives
     Author ['S Ebnesajjad', 'R Morgan']
     Venue NA
     Year 2019
     Abstract [Not Found]
     Url [Not Found]


     Search term "Best+practice"+OR+"General+guidelines"+"Cyber-physical+system"+OR+"Industrial+control+system"+OR+"ICS"+OR+"SCADA"+OR+"Distributed+control+system"+OR+"DCS"+"FDA+Requirements"
     Title How to Validate a Pharmaceutical Process
     Author ['S Ostrove']
     Venue NA
     Year 2016
     Abstract [Not Found]
     Url [Not Found]


     Search term "Best+practice"+OR+"General+guidelines"+"Cyber-physical+system"+OR+"Industrial+control+system"+OR+"ICS"+OR+"SCADA"+OR+"Distributed+control+system"+OR+"DCS"+"FDA+Requirements"
     Title Birth Control
     Author ['AW Zorea']
     Venue NA
     Year 2012
     Abstract Page 1. BIRTH CONTROL AHARON W. ZOREA Page 2. BIRTH CONTRGL AHARON W. ZOREA Page 3. BIRTH CONTROL Page 4. Recent Titles in Health and Medical Issues Today Alternative Medicine Christine A. Larson Gene
     Url https://books.google.com/books?hl=ru&lr=&id=nJUGMlmLXhMC&oi=fnd&pg=PP2&dq=%22Best+practice%22+OR+%22General+guidelines%22+%22Cyber-physical+system%22+OR+%22Industrial+control+system%22+OR+%22ICS%22+OR+%22SCADA%22+OR+%22Distributed+control+system%22+OR+%22DCS%22+%22FDA+Requirements%22&ots=qBFeLzW9OS&sig=ZXdDK0CrrzekZPEhANXcnceR9RI


     Search term "Best+practice"+OR+"General+guidelines"+"Cyber-physical+system"+OR+"Industrial+control+system"+OR+"ICS"+OR+"SCADA"+OR+"Distributed+control+system"+OR+"DCS"+"FDA+Requirements"
     Title Cost-contained regulatory compliance: for the pharmaceutical, biologics, and medical device industries
     Author ['S Weinberg']
     Venue NA
     Year 2011
     Abstract These regulatory and compliance overexpenditures fall into eight categories, which in turn lead to eight cost reduction strategies. First, many organizations are unclear on the operational (as opposed to the formal) definitions of actual FDA requirements and regulations
     Url https://books.google.com/books?hl=ru&lr=&id=qAZri2M0yTEC&oi=fnd&pg=PR1&dq=%22Best+practice%22+OR+%22General+guidelines%22+%22Cyber-physical+system%22+OR+%22Industrial+control+system%22+OR+%22ICS%22+OR+%22SCADA%22+OR+%22Distributed+control+system%22+OR+%22DCS%22+%22FDA+Requirements%22&ots=Eccixpdn6q&sig=f5UnzRLfuf_qvfyd7utfLyZRpUw


     Search term "Best+practice"+OR+"General+guidelines"+"Cyber-physical+system"+OR+"Industrial+control+system"+OR+"ICS"+OR+"SCADA"+OR+"Distributed+control+system"+OR+"DCS"+"FDA+Requirements"
     Title Roles for third parties in implementing usda food safety and inspection service (FSIS)'s food safety process management programs
     Author ['I Rosenthal', 'H Kunreuther']
     Venue … and Decision Processes Center, The Wharton …
     Year 2010
     Abstract Page 1. Roles for Third Parties in Implementing USDA Food Safety and Inspection Service (FSIS)'s Food Safety Process Management Programs Isadore Rosenthal Wharton Risk Management and Decision Processes Center
     Url http://citeseerx.ist.psu.edu/viewdoc/download?doi=10.1.1.183.3198&rep=rep1&type=pdf


     Search term "Best+practice"+OR+"General+guidelines"+"Cyber-physical+system"+OR+"Industrial+control+system"+OR+"ICS"+OR+"SCADA"+OR+"Distributed+control+system"+OR+"DCS"+"FDA+Requirements"
     Title DR. ROBOT
     Author ['B Wizner']
     Venue NA
     Year NA
     Abstract Page 1. UC DAVIS LAw REVIEW VOL 51 NO 20 DECEMBER 2017 TABLE OF CONTENTS SYMPOSIUM - FUTURE-PROOFING LAW: FROM RDNA TO ROBOTS (PART 2) SPECIAL LECTURE: NATIONAL SECURITY AND
     Url https://heinonline.org/hol-cgi-bin/get_pdf.cgi?handle=hein.journals/davlr51&section=14


     Search term "Best+practice"+OR+"General+guidelines"+"Cyber-physical+system"+OR+"Industrial+control+system"+OR+"ICS"+OR+"SCADA"+OR+"Distributed+control+system"+OR+"DCS"+"FDA+Requirements"
     Title How to Integrate Quality by Efficient Design (QbED) in Product Development
     Author ['B Mittal']
     Venue NA
     Year 2019
     Abstract [Not Found]
     Url [Not Found]


     Search term "Best+practice"+OR+"General+guidelines"+"Cyber-physical+system"+OR+"Industrial+control+system"+OR+"ICS"+OR+"SCADA"+OR+"Distributed+control+system"+OR+"DCS"+"FDA+Requirements"
     Title Industrialization of drug discovery: from target selection through lead optimization
     Author ['JS Handen']
     Venue NA
     Year 2005
     Abstract Page 24. Chapter 1: Drug Discovery in the Modern Age 5 100 NCEs Biologics 80 S u c c e s s R a t e o n P h a s e E n try 60 40 20 0 PI PIl PIII mis sion S ub M o n t h s Figure 1.1 Cumulative commercialization success rates of small molecules vs. biolog- ics
     Url https://books.google.com/books?hl=ru&lr=&id=T0duBwAAQBAJ&oi=fnd&pg=PP1&dq=%22Best+practice%22+OR+%22General+guidelines%22+%22Cyber-physical+system%22+OR+%22Industrial+control+system%22+OR+%22ICS%22+OR+%22SCADA%22+OR+%22Distributed+control+system%22+OR+%22DCS%22+%22FDA+Requirements%22&ots=cp-eIyQ8s5&sig=hZ_BlUI_jrxPrJECi6GaJ0thUOM


     Search term "Best+practice"+OR+"General+guidelines"+"Cyber-physical+system"+OR+"Industrial+control+system"+OR+"ICS"+OR+"SCADA"+OR+"Distributed+control+system"+OR+"DCS"+"FDA+Requirements"
     Title The Artificial Knee: An Ongoing Evolution
     Author ['PS Walker']
     Venue NA
     Year 2020
     Abstract For a total knee to be approved for clinical application, FDA requirements have to be met, consisting of an extensive menu of tests for  Hip Center at Wrightington Hospital in England and was interested in discussing all aspects of hip replacement and other orthopedic top- ics
     Url https://link.springer.com/content/pdf/10.1007/978-3-030-38171-4.pdf


     Search term "Best+practice"+OR+"General+guidelines"+"Cyber-physical+system"+OR+"Industrial+control+system"+OR+"ICS"+OR+"SCADA"+OR+"Distributed+control+system"+OR+"DCS"+"FDA+Requirements"
     Title Do No Harm 2.0
     Author ['R Lord', 'D Roseen']
     Venue NA
     Year 2019
     Abstract Page 1. October 2019 Do No Harm 2.0 Robert Lord & Dillon Roseen Last edited on October 16, 2019 at 10:47 am EDT Page 2. Acknowledgments Special thanks also goes to Gabe Nicholas, whose extensive work in the final
     Url https://www.a51.nl/sites/default/files/pdf/Do_No_Harm_2.0_2019-10-16_144807_NhxCEwn%20%281%29.pdf


     Search term "Best+practice"+OR+"General+guidelines"+"Cyber-physical+system"+OR+"Industrial+control+system"+OR+"ICS"+OR+"SCADA"+OR+"Distributed+control+system"+OR+"DCS"+"FDA+Requirements"
     Title Complex reproduction: Gamete donation in the contemporary US
     Author ['K Johnson']
     Venue NA
     Year 2012
     Abstract They noted that he went against best practice guidelines from the American Society for Reproductive Medicine  This was especially important in the aftermath of the AIDS crisis, although new FDA requirements to quarantine and freeze sperm for six
     Url https://etda.libraries.psu.edu/catalog/13146


     Search term "Best+practice"+OR+"General+guidelines"+"Cyber-physical+system"+OR+"Industrial+control+system"+OR+"ICS"+OR+"SCADA"+OR+"Distributed+control+system"+OR+"DCS"+"FDA+Requirements"
     Title Clean Room Monitoring System for Pharmaceutical Companies
     Author ['A Mourka']
     Venue NA
     Year 2013
     Abstract network will also avoid the SCADA interference in the data transferring and therefore its validation in case the system extends  the security scheme that would prevent those attacks so that we can provide in the end a secure, tamper-free log in accordance with FDA requirements
     Url http://www2.imm.dtu.dk/pubdb/edoc/imm6641.pdf


     Search term "Best+practice"+OR+"General+guidelines"+"Cyber-physical+system"+OR+"Industrial+control+system"+OR+"ICS"+OR+"SCADA"+OR+"Distributed+control+system"+OR+"DCS"+"FDA+Requirements"
     Title Controlling food safety management system of enterprises: магистерская диссертация по направлению подготовки: 38.04. 02-Менеджмент
     Author ['V Thammavongsa']
     Venue NA
     Year 2017
     Abstract Competition and Efficiency Commission (VCEC) inquiry into food regulation in Victoria examined ways to simplify food regulation without compromising food safety, to clarify the roles of food industry participants, and to recommend best-practice enforcement approaches. 2009
     Url http://vital.lib.tsu.ru/vital/access/services/Download/vital:5609/SOURCE01


     Search term "Best+practice"+OR+"General+guidelines"+"Cyber-physical+system"+OR+"Industrial+control+system"+OR+"ICS"+OR+"SCADA"+OR+"Distributed+control+system"+OR+"DCS"+"FDA+Requirements"
     Title National Support for Emerging Industries
     Author ['', ' National Innovation Policies: Best Practice ']
     Venue Rising to the …
     Year 2012
     Abstract NCBI Bookshelf. A service of the National Library of Medicine, National Institutes of Health. National Research Council (US) Committee on Comparative National Innovation Policies: Best Practice for the 21st Century; Wessner CW, Wolff AW, editors
     Url https://www.ncbi.nlm.nih.gov/sites/books/NBK100307/


     Search term "Best+practice"+OR+"General+guidelines"+"Cyber-physical+system"+OR+"Industrial+control+system"+OR+"ICS"+OR+"SCADA"+OR+"Distributed+control+system"+OR+"DCS"+"FDA+Requirements"
     Title The Roles of Third Parties in Regard to the Integrity of Process Management Systems: Lessons pertinent to food safety
     Author ['I Rosenthal', 'H Kunreuther']
     Venue NA
     Year 2008
     Abstract Page 1. The Roles of Third Parties in Regard to the Integrity of Process Management Systems: Lessons pertinent to food safety Isadore Rosenthal Wharton Risk Management and Decision Processes Center Wharton School
     Url http://citeseerx.ist.psu.edu/viewdoc/download?doi=10.1.1.420.4998&rep=rep1&type=pdf

