Showing papers for search query "Best+practice"+OR+"General+guidelines"+"Case+Study"+"Traceability"

     Search term "Best+practice"+OR+"General+guidelines"+"Case+Study"+"Traceability"
     Title Radio frequency identification technologies for livestock management and meat supply chain traceability
     Author ['P Barge', 'P Gay', 'V Merlino']
     Venue Canadian Journal of …
     Year 2013
     Abstract paper is to evaluate the RFID identification system performance and determine the best practice to apply these devices in livestock management. RFID systems were tested both in laboratory, on the farm and in slaughterhouses for the implementation of a traceability system with
     Url https://www.nrcresearchpress.com/doi/abs/10.4141/cjas2012-029


     Search term "Best+practice"+OR+"General+guidelines"+"Case+Study"+"Traceability"
     Title Halal traceability framework for halal food production
     Author ['Z Shafii', 'WMNWS Khadijah']
     Venue World Applied Sciences Journal
     Year 2012
     Abstract companies have different ways and procedures to which uses case study method to conduct cost benefit  World Appl. Sci. J., 15 (Towards the Traceability of Halal and Thoyyiban Application): 01-05, 2011 4  Labor is also Storage - General Guidelines as a guideline for production
     Url http://citeseerx.ist.psu.edu/viewdoc/download?doi=10.1.1.389.6773&rep=rep1&type=pdf


     Search term "Best+practice"+OR+"General+guidelines"+"Case+Study"+"Traceability"
     Title Lessons learned from best practice-oriented process improvement in requirements engineering: a glance into current industrial RE application
     Author ['S Adam', 'J Doerr', 'M Eisenbarth']
     Venue 2009 Fourth International …
     Year 2009
     Abstract We analyzed and aggregated within each requirements engineering phase and for each best practice whether the practices were  A good example is “assure traceability”. Only 50% of our case study companies perform this practice, and all of these 50% have significant
     Url https://ieeexplore.ieee.org/abstract/document/5464415/


     Search term "Best+practice"+OR+"General+guidelines"+"Case+Study"+"Traceability"
     Title A method to realize traceability in development processes
     Author ['R Dreves', 'F Hällmayer', 'L Haunert']
     Venue Journal of Software …
     Year 2016
     Abstract This paper describes the current results of the SoQrates Working Group “Traces” as a method description with best practice examples of the participating companies and research institutions. 1 INTRODUCTION  traceability: a systematic review and industry case study
     Url https://onlinelibrary.wiley.com/doi/abs/10.1002/smr.1828


     Search term "Best+practice"+OR+"General+guidelines"+"Case+Study"+"Traceability"
     Title Toward reference models for requirements traceability
     Author ['B Ramesh', 'M Jarke']
     Venue IEEE transactions on software …
     Year 2001
     Abstract Reference models are therefore an abstraction of best practice, condensed from numerous case studies over an extended period of time, followed by more case studies to  focus groups involving the various stakeholders, and an in- depth case study of traceability practice in
     Url https://ieeexplore.ieee.org/abstract/document/895989/


     Search term "Best+practice"+OR+"General+guidelines"+"Case+Study"+"Traceability"
     Title Advances in food traceability techniques and technologies: improving quality throughout the food chain
     Author ['M Espiñeira', 'FJ Santaclara']
     Venue NA
     Year 2016
     Abstract Notices Knowledge and best practice in this field are constantly changing  Consumer Demand for Meat Traceability 331 5. Conclusions 332 References 333 18 A Closed-Loop Traceability System to Improve Logistics Decisions in Food Supply Chains: A Case Study on Dairy
     Url https://books.google.com/books?hl=de&lr=&id=fVkNCgAAQBAJ&oi=fnd&pg=PP1&dq=%22Best+practice%22+OR+%22General+guidelines%22+%22Case+Study%22+%22Traceability%22&ots=tpMhGyonWA&sig=gezmwNcbICIspAZMJmJJliUA-Hs


     Search term "Best+practice"+OR+"General+guidelines"+"Case+Study"+"Traceability"
     Title MDA-driven development of standard-compliant OSS components: the OSS/J inventory case-study.
     Author ['N Georgalas', 'M Azmoodeh', 'T Clark', 'A Evans']
     Venue NA
     Year 2004
     Abstract components: the OSS/J Inventory Case-Study  verify solution designs against architectural guidelines of an enterprise and most importantly provide traceability in the  extensible meta-modelling tool is used to build an OSS component following best practice industry guidelines
     Url http://eprints.mdx.ac.uk/6201/


     Search term "Best+practice"+OR+"General+guidelines"+"Case+Study"+"Traceability"
     Title QUALITY TRACEABILITY FROM PRODUCTION TO RETAIL SHELF CASE STUDY AND SOFTWARE TOOLS FOR MEAT TRANSPORT
     Author ['P Dittmer', 'M Veigt', 'M Becker', 'A Dannies', 'U Nehmiz']
     Venue NA
     Year NA
     Abstract QUALITY TRACEABILITY FROM PRODUCTION TO RETAIL SHELF CASE STUDY AND SOFTWARE TOOLS FOR  In this paper a concept for flexible quality traceability for meat is  the concepts of business process reengineering, benchmarking and best practice analysis to a
     Url http://www.intelligentcontainer.com/fileadmin/Redakteure/pdfs/2013/CCM2013/8.2_Dittmer.pdf


     Search term "Best+practice"+OR+"General+guidelines"+"Case+Study"+"Traceability"
     Title The Development and Validation of a Roadmap for Traceability
     Author ['G Regan', 'D Flood', 'F Mc Caffery']
     Venue International Conference on Software …
     Year 2015
     Abstract Additionally the term 'best practice' is a term used through- out the literature and is generally known  Appendix D Exemplar traceability methods and tasks Section 3 Implementation Case Study Appendix E Traceability Best Practices in detail Page 12
     Url https://link.springer.com/chapter/10.1007/978-3-319-19860-6_5


     Search term "Best+practice"+OR+"General+guidelines"+"Case+Study"+"Traceability"
     Title A REVIEW ON LEGAL TRACEABILITY OF GNSS MEASUREMENTS IN THE MALAYSIAN CADASTRAL PRACTICE.
     Author ['J Gill', 'NS Shariff', 'KM Omar', 'AHM Din']
     Venue … Archives of the …
     Year 2016
     Abstract Cadastral Survey Best Practice Guidelines, 2009  Samm Policy 2 (SP2) – Policy on Traceability of Measurement Results (Laboratory Accreditation Scheme of Malaysia: MS ISO/IEC 17025)  Hӓkli, P., 2007. The Virtual Reference Station Concept in Finland – A Case Study
     Url https://www.researchgate.net/profile/Ami_Hassan_Md_Din/publication/308858010_A_REVIEW_ON_LEGAL_TRACEABILITY_OF_GNSS_MEASUREMENTS_IN_THE_MALAYSIAN_CADASTRAL_PRACTICE/links/57f59b1808ae91deaa5c82a0.pdf


     Search term "Best+practice"+OR+"General+guidelines"+"Case+Study"+"Traceability"
     Title First postdoctoral school in Romania: a case study of innovation and best practice in engineering and technology education
     Author ['V Nederita', 'R Ciudin', 'V Petrescu', 'C Isarie']
     Venue NA
     Year NA
     Abstract education of academic staff and young researchers is benefitial by promoting best practice in engineering  In this paper, the authors focus on a case study concerning a postdoctoral research project  This accords with the European Union traceability requirements for food safety
     Url https://www.researchgate.net/profile/Rodica_Ciudin/publication/269517647_First_postdoctoral_school_in_Romania_-_case_study_on_innovation_and_best_practices_in_engineering_and_technology_education/links/548d92d10cf214269f226fef/First-postdoctoral-school-in-Romania-case-study-on-innovation-and-best-practices-in-engineering-and-technology-education.pdf


     Search term "Best+practice"+OR+"General+guidelines"+"Case+Study"+"Traceability"
     Title Lessons learned from best practice-oriented process improvement in Requirements Engineering–A glance into current industrial RE application
     Author ['M Eisenbarth']
     Venue Softwaretechnik-Trends
     Year 2010
     Abstract ReqMan – a best practice-oriented Requirements Engineering improvement method The ReqMan approach [3] provides a set of 36 (best) practices  A good example is “assure traceability”  However, only one case study company plans to improve this practices in the near future
     Url http://pi.informatik.uni-siegen.de/stt/30_1/01_Fachgruppenberichte/Eisenbarth_ReqMan.pdf


     Search term "Best+practice"+OR+"General+guidelines"+"Case+Study"+"Traceability"
     Title Implementation of traceability best practices within the medical device domain
     Author ['G Regan', 'F Mc Caffery', 'K Mc Daid', 'D Flood']
     Venue NA
     Year 2013
     Abstract 2007. 18. Thomas, B., Ensuring Project Success with Requirements Traceability, in Software Systems Best Practice Conference. 2012: Anaheim, California. 19  2011, Seapine Software. 23. Ramesh, B., et al. Implementing requirements traceability: a case study
     Url https://ulir.ul.ie/handle/10344/3446


     Search term "Best+practice"+OR+"General+guidelines"+"Case+Study"+"Traceability"
     Title Best practice (BPM)
     Author ['D Miers']
     Venue Queue
     Year 2006
     Abstract Object state transition network models to focus on how The Best Practice of BPM Involves a Number of Rapid Iterations optimize analyze deploy design flow integration  It ensures traceability of indi- vidual cases of work and guarantees compliance  Pulte Mortgage Case Study
     Url https://dl.acm.org/doi/pdf/10.1145/1122674.1122688


     Search term "Best+practice"+OR+"General+guidelines"+"Case+Study"+"Traceability"
     Title Best practice on automatic document generation with process asset library for Small and Midsize Enterprises (SMEs)
     Author ['SY Moon', 'B Jeon', 'RYC Kim']
     Venue Journal of Engineering Technology
     Year 2018
     Abstract Best practice on automatic document generation with process asset library for Small and Midsize Enterprises (SMEs)  Our PAL system leads to traceability of requirements and traceability between documents  2]. Young-Hwan Ham, Hyo-Taeg Jung, “A Case Study on Introduction
     Url http://selab.hongik.ac.kr/down/journal/20180731172-183.pdf


     Search term "Best+practice"+OR+"General+guidelines"+"Case+Study"+"Traceability"
     Title Traceability of test artifacts as a QA planning and test selection tool
     Author ['V Moncompu', 'SN Gopalakrishnan']
     Venue NA
     Year NA
     Abstract Rapid prototyping and development techniques combined with Agile development methodologies are pushing the envelope on the best practice of testing  Multi-dimensionality of Traceability: For the sake of clarity, a case study in the form of a traceability to map test
     Url https://www.agileconnection.com/sites/default/files/article/file/2013/XUS37842291file1_0.pdf


     Search term "Best+practice"+OR+"General+guidelines"+"Case+Study"+"Traceability"
     Title A framework for supporting the development of verifiably safe medical best practice guideline systems
     Author ['C Guo', 'Z Fu', 'Z Zhang', 'S Ren', 'L Sha']
     Venue Journal of Systems Architecture
     Year 2020
     Abstract we discuss related work focusing on ensuring safety of medical best practice guidance system  specified in verifiable models with runtime code monitors and provide traceability from verifiable  A case study of a simplified cardiac arrest treatment scenario is performed in Section 6
     Url https://www.sciencedirect.com/science/article/pii/S1383762119305004


     Search term "Best+practice"+OR+"General+guidelines"+"Case+Study"+"Traceability"
     Title Supply Chain Traceability: A Market Driven Approach
     Author ['C Visayadamrong', 'S Sooksmarn']
     Venue … Proceedings of the …
     Year 2013
     Abstract The GS1 standard province global standard and technical to manage a unique product Identify and communication between business to business. There are many case studies and best practice are used GS1 standard  (2005). Beef Traceability Case Study
     Url https://pdfs.semanticscholar.org/42bf/836edd409ef31881174c67a39af467caa88c.pdf


     Search term "Best+practice"+OR+"General+guidelines"+"Case+Study"+"Traceability"
     Title Traceability and product recall of halal products
     Author ['Z Shafii', 'SZM Zaib', 'A Jaini', 'S Mahmood']
     Venue NA
     Year 2014
     Abstract MS 2200: Part 1: 2008, Islamic Consumer Goods - Part 1: Cosmetic and personal care - General guidelines  In this case study, a company listed on the main board of Shariah-approved  The Company has also applied a traceability system in their production and management
     Url http://umkeprints.umk.edu.my/id/eprint/3081


     Search term "Best+practice"+OR+"General+guidelines"+"Case+Study"+"Traceability"
     Title Requirements Engineering for the MeerKAT Project-A Case Study
     Author ['A Peens-Hough']
     Venue NA
     Year NA
     Abstract [Not Found]
     Url [Not Found]


     Search term "Best+practice"+OR+"General+guidelines"+"Case+Study"+"Traceability"
     Title Purity assessment of organic reference materials with a mass balance method: a case study of endosulfan-II
     Author ['SH Kim', 'J Lee', 'S Ahn', 'YS Song']
     Venue Bulletin of the Korean …
     Year 2013
     Abstract Assessment of Organic Reference Materials with a Mass Balance Method: A Case Study of Endosulfan  of organic substances is one of the most critical step to link traceability of chemical  the inter-laboratory com- parison series is to provide a harmonized best-practice ap- proach
     Url https://www.koreascience.or.kr/article/JAKO201309256122811.page


     Search term "Best+practice"+OR+"General+guidelines"+"Case+Study"+"Traceability"
     Title The impact of code review coverage and code review participation on software quality: A case study of the qt, vtk, and itk projects
     Author ['S McIntosh', 'Y Kamei', 'B Adams']
     Venue Proceedings of the 11th …
     Year 2014
     Abstract 1. INTRODUCTION Software code reviews are a well-documented best practice for software projects  Systems In order to address our research questions, we perform a case study on large  Criterion 2: Traceability – The code review process for a subject system must be traceable
     Url https://dl.acm.org/doi/abs/10.1145/2597073.2597076


     Search term "Best+practice"+OR+"General+guidelines"+"Case+Study"+"Traceability"
     Title Case Study–Creating the WCRM Concept of Operations
     Author ['J Loubersac', 'B Halliday']
     Venue idea
     Year 2001
     Abstract Case Study – Creating the WCRM Concept of Operations  of guidance or standards for the production of operational concepts documents for a subject as vast and complex, we have applied rich traceability and requirements engineering best practice, with the aim
     Url https://pdfs.semanticscholar.org/5c79/d2d38179172d0d6deb164edeeaea9a0d2c7a.pdf


     Search term "Best+practice"+OR+"General+guidelines"+"Case+Study"+"Traceability"
     Title Best practice (BPM)
     Author ['D Miers']
     Venue Queue
     Year 2006
     Abstract Object state transition network models to focus on how The Best Practice of BPM Involves a Number of Rapid Iterations optimize analyze deploy design flow integration  It ensures traceability of indi- vidual cases of work and guarantees compliance  Pulte Mortgage Case Study
     Url https://dl.acm.org/doi/pdf/10.1145/1122674.1122688


     Search term "Best+practice"+OR+"General+guidelines"+"Case+Study"+"Traceability"
     Title Development and evaluation of SOA-based AAL services in real-life environments: A case study and lessons learned
     Author ['E Stav', 'S Walderhaug', 'M Mikalsen', 'S Hanke']
     Venue International journal of …
     Year 2013
     Abstract Service-Oriented Architecture. Information systems. Model-driven architecture. Model-driven development. Case study  Model these in a common model using best practice modelling principles and naming  process for the use cases and the features traceability were maintained
     Url https://www.sciencedirect.com/science/article/pii/S1386505611000736


     Search term "Best+practice"+OR+"General+guidelines"+"Case+Study"+"Traceability"
     Title A multi-case study analysis of software process improvement in very small companies using ISO/IEC 29110
     Author ['CY Laporte', "RV O'Connor"]
     Venue European Conference on Software Process …
     Year 2016
     Abstract software organizations are not adopting [10] existing standards/proven best practice models because  of ISO/IEC 29110 implementations into a more compressive case study setting  A/B. During the software development, a traceability matrix was developed between the software
     Url https://link.springer.com/chapter/10.1007/978-3-319-44817-6_3


     Search term "Best+practice"+OR+"General+guidelines"+"Case+Study"+"Traceability"
     Title The Role of Local Food Chain in the Sustainable Management and Promotion of Territories. A Comparison Case Study of Umbria Region in Italy and the Sub …
     Author ['A Ciani', 'LM Vörös', 'FF Fagioli']
     Venue Italian Review of Agricultural …
     Year 2016
     Abstract A Comparison Case Study of Umbria Region in Italy and the Sub-Region of Pest County  The best practice case of the European Union's Euroterritoirs program had provided the lessons for  The first step before registration was an evaluation of the product quality and traceability
     Url https://oajournals.fupress.net/index.php/rea/article/download/9896/9893


     Search term "Best+practice"+OR+"General+guidelines"+"Case+Study"+"Traceability"
     Title Impact of Application Lifecycle Management—A Case Study
     Author ['J Kääriäinen', 'A Välimäki']
     Venue Enterprise Interoperability III
     Year 2008
     Abstract Keywords: Industrial case studies and demonstrators of interoperability, Interoperability best practice and success stories, Tools for  Traceability of lifecycle artefacts  The results of the case study show that successful implementation of a centralized ALM solution has many
     Url https://link.springer.com/chapter/10.1007/978-1-84800-221-0_5


     Search term "Best+practice"+OR+"General+guidelines"+"Case+Study"+"Traceability"
     Title Challenges of Large-Scale Biomedical Workflows on the Cloud--A Case Study on the Need for Reproducibility of Results
     Author ['S Kanwal', 'A Lonie', 'RO Sinnott']
     Venue 2015 IEEE 28th …
     Year 2015
     Abstract The ultimate aim is to identify best practice and process that can be followed moving  In this case study, there were no detailed specifications of the research objective, and researchers  technical errors that ultimately influence understanding of test results, but traceability must be
     Url https://ieeexplore.ieee.org/abstract/document/7167490/


     Search term "Best+practice"+OR+"General+guidelines"+"Case+Study"+"Traceability"
     Title iColor: remote monitoring/calibration of spectrophotometers using the Internet
     Author ['SR Prince']
     Venue Fourth Oxford Conference on Spectroscopy
     Year 2003
     Abstract Visible diffuse reflectance and colour measurement was identified as an area where take up of traceability was variable, with sporadic application of best practice in measurement. A case study was therefore conducted into the feasibility of performing monitoring and calibration
     Url https://www.spiedigitallibrary.org/conference-proceedings-of-spie/4826/0000/iColor-remote-monitoringcalibration-of-spectrophotometers-using-the-Internet/10.1117/12.544381.short


     Search term "Best+practice"+OR+"General+guidelines"+"Case+Study"+"Traceability"
     Title The Impact of Systems Engineering on Program Performance: A Case Study of the Boeing Company
     Author ['SK Son', 'SK Kim']
     Venue Computer Science and its Applications
     Year 2012
     Abstract The Impact of Systems Engineering on Program Performance: A Case Study of the  establishes a means to manage requirements development, allocation, traceability, and verification  SE's Synthesis and Integration element supports the Supplier Integration best practice of the
     Url https://link.springer.com/chapter/10.1007/978-94-007-5699-1_54


     Search term "Best+practice"+OR+"General+guidelines"+"Case+Study"+"Traceability"
     Title Case studies in just-in-time requirements analysis
     Author ['NA Ernst', 'GC Murphy']
     Venue 2012 Second IEEE International …
     Year 2012
     Abstract B. Departures From Accepted Best Practice in RE  There is nearly complete traceability from the original elicitation documents all the way to the source code, which we  Gallardo-Lopez and Sim [19] conducted a case study of a single company in the financial services sector
     Url https://ieeexplore.ieee.org/abstract/document/6347678/


     Search term "Best+practice"+OR+"General+guidelines"+"Case+Study"+"Traceability"
     Title Implementation of traceability best practices within the medical device domain.
     Author ['D Flood', 'K McDaid', 'F Mc Caffrey', 'G Regan']
     Venue NA
     Year 2013
     Abstract 2007. 18. Thomas, B., Ensuring Project Success with Requirements Traceability, in Software Systems Best Practice Conference. 2012: Anaheim, California. 19  2011, Seapine Software. 23. Ramesh, B., et al. Implementing requirements traceability: a case study
     Url http://eprints.dkit.ie/604/


     Search term "Best+practice"+OR+"General+guidelines"+"Case+Study"+"Traceability"
     Title A case study of cheese associated E. coli O157 outbreaks in Scotland
     Author ['TMS Reid']
     Venue Food and Nutrition Press Inc., Trumbull, CT
     Year 2001
     Abstract CHAPTER 10 A CASE STUDY OF CHEESE ASSOCIATED E. COLI 0157 OUTBREAKS IN SCOTLAND TMS REID Dept  As their Code of Best Practice states' good quality milk is essential for good quality  as to source, batch number and production date to permit traceability in the
     Url https://onlinelibrary.wiley.com/doi/pdf/10.1002/9780470385098#page=210


     Search term "Best+practice"+OR+"General+guidelines"+"Case+Study"+"Traceability"
     Title Patterns for distributed scrum—a case study
     Author ['A Välimäki', 'J Kääriäinen']
     Venue Enterprise interoperability III
     Year 2008
     Abstract Keywords: Industrial case studies and demonstrators of interoperability, Interoperability best practice and success stories, Tools for interoperability, The human factor in  Patterns for Distributed Scrum – A Case Study 87  Traceability Reporting Process automation, tool integration
     Url https://link.springer.com/chapter/10.1007/978-1-84800-221-0_7


     Search term "Best+practice"+OR+"General+guidelines"+"Case+Study"+"Traceability"
     Title An exploratory case study on Swedish development of low observable vehicles
     Author ['K Andersson']
     Venue 2017 International Conference on Military …
     Year 2017
     Abstract establishing stealth as a key system design goal; 3) Coherence and traceability between military  Thereafter, the research approach, including the case study method and the sources, is described  of providing a quality product that meets user needs [7]. Best practice SE involves
     Url https://ieeexplore.ieee.org/abstract/document/7988743/


     Search term "Best+practice"+OR+"General+guidelines"+"Case+Study"+"Traceability"
     Title Fluid: echo agile requirements authoring and traceability
     Author ['C Lee', 'L Guadagno']
     Venue Proceedings of the Midwest …
     Year 2003
     Abstract Extreme Programming involves the user story best- practice  [23] Ramesh, B., Powers, T. and Stubbs, C., “Implementing Requirements Traceability: A Case Study”, Proceedings of the Second IEEE International Symposium on Requirements Engineering, 1995, pp 89-95
     Url https://pdfs.semanticscholar.org/6297/a47826ed59a8c3e50c505cf5ddf140a69855.pdf


     Search term "Best+practice"+OR+"General+guidelines"+"Case+Study"+"Traceability"
     Title Method validation in pharmaceutical analysis: A guide to best practice
     Author ['J Ermer', 'JHMB Miller']
     Venue NA
     Year 2006
     Abstract Method Validation in Pharmaceutical Analysis A Guide to Best Practice Edited by Joachim  170 Non-chromatographic Techniques Separation Techniques 171 3 170 Case Study: Validation of an  OQ) 237 Performance Qualification (PQ) 237 Calibration and Traceability 238 Re
     Url https://books.google.com/books?hl=de&lr=&id=HbBlyvlRgwkC&oi=fnd&pg=PR5&dq=%22Best+practice%22+OR+%22General+guidelines%22+%22Case+Study%22+%22Traceability%22&ots=nWAuzNE9Hd&sig=ANdlVAsV-dvuZkx6EJv8e2b8u3g


     Search term "Best+practice"+OR+"General+guidelines"+"Case+Study"+"Traceability"
     Title Towards requirements engineering practice for professional end user developers: a case study
     Author ['S Faily']
     Venue 2008 Requirements Engineering Education and …
     Year 2008
     Abstract This study reports the results of teaching and apply- ing RE best practice, ie practices  knowledge capture exer- cise is beyond of the scope of this case study, the resulting  requirements, re-evaluate fit criteria and re-analyse supporting material to verify requirements traceability
     Url https://ieeexplore.ieee.org/abstract/document/4797461/


     Search term "Best+practice"+OR+"General+guidelines"+"Case+Study"+"Traceability"
     Title Building a more complete theory of sustainable supply chain management using case studies of 10 exemplars
     Author ['M Pagell', 'Z Wu']
     Venue Journal of supply chain management
     Year 2009
     Abstract equal parts best practices in traditional supply chain management and new behaviors, some of which run counter to existing accepted “best” practice  Suggestions for the number of cases to use in multiple case study research vary, but Eisenhart (1989) suggests seven cases as
     Url https://onlinelibrary.wiley.com/doi/abs/10.1111/j.1745-493X.2009.03162.x


     Search term "Best+practice"+OR+"General+guidelines"+"Case+Study"+"Traceability"
     Title Case studies in just-in-time requirements analysis
     Author ['NA Ernst', 'GC Murphy']
     Venue 2012 Second IEEE International …
     Year 2012
     Abstract B. Departures From Accepted Best Practice in RE  There is nearly complete traceability from the original elicitation documents all the way to the source code, which we  Gallardo-Lopez and Sim [19] conducted a case study of a single company in the financial services sector
     Url https://ieeexplore.ieee.org/abstract/document/6347678/


     Search term "Best+practice"+OR+"General+guidelines"+"Case+Study"+"Traceability"
     Title The links between territorial marketing, regional sustainability policies and the brand positioning of a small firm: An analysis of best practice in the dairy sector
     Author ['U Martini', 'F Buffa']
     Venue MERCATI & COMPETITIVITÀ
     Year 2017
     Abstract policies and the brand positioning of a small firm: An analysis of best practice in the  A product's provenance, the traceability of its production process, knowledge of the supply chain  Using an appropriate case study, the paper analyses how a small business's decision to position
     Url https://www.francoangeli.it/riviste/Scheda_rivista.aspx?IDArticolo=59478


     Search term "Best+practice"+OR+"General+guidelines"+"Case+Study"+"Traceability"
     Title Building a more complete theory of sustainable supply chain management using case studies of 10 exemplars
     Author ['M Pagell', 'Z Wu']
     Venue Journal of supply chain management
     Year 2009
     Abstract equal parts best practices in traditional supply chain management and new behaviors, some of which run counter to existing accepted “best” practice  Suggestions for the number of cases to use in multiple case study research vary, but Eisenhart (1989) suggests seven cases as
     Url https://onlinelibrary.wiley.com/doi/abs/10.1111/j.1745-493X.2009.03162.x


     Search term "Best+practice"+OR+"General+guidelines"+"Case+Study"+"Traceability"
     Title Value chain analysis in the UK beef foodservice sector
     Author ['M Francis', 'D Simons', 'M Bourlakis']
     Venue Supply chain management: an …
     Year 2008
     Abstract It should be noted that the Argentine processor offers full batch traceability back to the  By detailing a case study of the application of the VCA method within a high‐performing  and nature of the cost advantage afforded the Argentine producer over its best practice UK counterpart
     Url https://www.emerald.com/insight/content/doi/10.1108/13598540810850346/full/html


     Search term "Best+practice"+OR+"General+guidelines"+"Case+Study"+"Traceability"
     Title Case study template
     Author ['EC Partner']
     Venue NA
     Year NA
     Abstract from workshops and training sessions on various aspects of GAP, cold-chain management, preservation of Fresh Fruits and Vegetables, traceability, contract farming  Case study template  a group of ten like minded exporters whose aim is to adopt best practice introduced by the
     Url http://www.intracen.org/uploadedFiles/intracenorg/Content/Exporters/Exporting_Better/Quality_Management/BQSP_ITC_CASE_STUDY_HORTICULTURE_26.05.10_1.pdf


     Search term "Best+practice"+OR+"General+guidelines"+"Case+Study"+"Traceability"
     Title Strategies to Reduce Rework in Software Development on IT Organization Case Study of: PT. XYZ
     Author ['NK Kurniawan']
     Venue Journal of Applied Information, Communication …
     Year 2018
     Abstract Lacking of traceability of the work can cause a lot of rework as well. Page 6  After having analysed the particular root cause, the study of the literature is performed in order to find the best practice and recommendation to be applied to the case study given
     Url http://journal.sgu.ac.id/ejaict/index.php/EJAICT/article/view/58


     Search term "Best+practice"+OR+"General+guidelines"+"Case+Study"+"Traceability"
     Title Using a software safety argument pattern catalogue: Two case studies
     Author ['R Hawkins', 'K Clegg', 'R Alexander', 'T Kelly']
     Venue International Conference on …
     Year 2011
     Abstract In essence, the patterns attempt to encourage best practice in creating and reviewing software safety arguments  Figure 2 shows how clear traceability can thus be established up to the system  We should note, here, that the system in this case study was a prototype product
     Url https://link.springer.com/chapter/10.1007/978-3-642-24270-0_14


     Search term "Best+practice"+OR+"General+guidelines"+"Case+Study"+"Traceability"
     Title END-OF-LIFE OF GYPSUM PLASTERBOARD: EUROPEAN CASE STUDIES ANALYSIS
     Author ['A Jiménez-Rivero', 'J García-Navarro']
     Venue NA
     Year NA
     Abstract Best practice indicator Description and unit Equation  On the contrary, when deconstructing one floor building, case study II, wheelbarrows are used for loading the skips  which ensure the quality of the recyclable gypsum waste generated on-site and its traceability, QGW(i) and
     Url http://blogs.upm.es/wp-content/uploads/sites/15/2015/06/EoL-of-Gypsum-plasterboard_-European-case-studies-analysis.pdf


     Search term "Best+practice"+OR+"General+guidelines"+"Case+Study"+"Traceability"
     Title Software practices in five ASEAN countries: an exploratory study
     Author ['R Sison', 'S Jarzabek', 'OS Hock', 'W Rivepiboon']
     Venue Proceedings of the 28th …
     Year 2006
     Abstract 3.2 Case Study Results and Discussion It is interesting to note that there were one to  The quality activities undertaken throughout the software process (itself a best practice), from contract to  forms), if not the work products themselves; (e) requirements traceability matrices; and (f
     Url https://dl.acm.org/doi/abs/10.1145/1134285.1134378


     Search term "Best+practice"+OR+"General+guidelines"+"Case+Study"+"Traceability"
     Title … and common wealth Part 4: Marketing mechanisms to create sustainable value chain: 23 Collaboration working with outside: a case study of Franchise Chester …
     Author ['W Win']
     Venue NA
     Year NA
     Abstract 3. CPF and a Case Study of Best Practice Contract Farm: Win, Win, and Win-Three  outside: a case study of Franchise Chester Grill Food (one CPF subsidiary restaurant food chain)  regulations of foreign country, such as animal welfare, traceability etc, as well as the uncertainly
     Url https://www.researchgate.net/profile/Pornsri_Laurujisawat/publication/236859359_CPF_a_case_study_of_the_best_Practice_Contract_Farming_drives_Thai_AEC_and_World_Agricultural_development/links/00b7d51999bdbaf246000000.pdf

