Showing papers for search query "Best+practice"+OR+"General+guidelines"+"Cyber-physical+system"+OR+"Industrial+control+system"+OR+"ICS"+OR+"SCADA"+OR+"Distributed+control+system"+OR+"DCS"+"PLC"+OR+"FPGA"

     Search term "Best+practice"+OR+"General+guidelines"+"Cyber-physical+system"+OR+"Industrial+control+system"+OR+"ICS"+OR+"SCADA"+OR+"Distributed+control+system"+OR+"DCS"+"PLC"+OR+"FPGA"
     Title SCADA–A critical situation
     Author ['K Munro']
     Venue Network Security
     Year 2008
     Abstract There are also some obvious security best practice procedures, such as using separate PCs to perform office and PLC-related admin  And gain advice from specialists in mitigating security risks who are truly experienced at SCADA testing. Finally, some food for thought
     Url https://www.sciencedirect.com/science/article/pii/S1353485808700059


     Search term "Best+practice"+OR+"General+guidelines"+"Cyber-physical+system"+OR+"Industrial+control+system"+OR+"ICS"+OR+"SCADA"+OR+"Distributed+control+system"+OR+"DCS"+"PLC"+OR+"FPGA"
     Title Alarm management for process control: a best-practice guide for design, implementation, and use of industrial alarm systems
     Author ['DH Rothenberg']
     Venue NA
     Year 2009
     Abstract Alarm Management for Process Control A Best-Practice Guide for Design, Implementation, and Use of Industrial Alarm Systems DOUGLAS  Limitations 19 1.11 Alarm Management and Six Sigma 19 1.12 Controls Platforms 21 PLC versus DCS 21 PLC Special Considerations
     Url https://books.google.com/books?hl=en&lr=&id=nPgqOMu0S4AC&oi=fnd&pg=PR9&dq=%22Best+practice%22+OR+%22General+guidelines%22+%22Cyber-physical+system%22+OR+%22Industrial+control+system%22+OR+%22ICS%22+OR+%22SCADA%22+OR+%22Distributed+control+system%22+OR+%22DCS%22+%22PLC%22+OR+%22FPGA%22&ots=kcGNfFNdy_&sig=el4QnHBTc7vgnk1Pj9Rv-u1U_hQ


     Search term "Best+practice"+OR+"General+guidelines"+"Cyber-physical+system"+OR+"Industrial+control+system"+OR+"ICS"+OR+"SCADA"+OR+"Distributed+control+system"+OR+"DCS"+"PLC"+OR+"FPGA"
     Title The role of creativity within best practice manufacturing
     Author ['DJ Hall']
     Venue Technovation
     Year 1996
     Abstract paper widens the vision, and identifies how these well-documented concepts can be applied to 'best practice' manufacturing techniques  The organization, Industrial Control Services (ICS) plc, operates within the electronics market, providing safety systems for the petrochemical
     Url https://www.sciencedirect.com/science/article/pii/016649729500050X


     Search term "Best+practice"+OR+"General+guidelines"+"Cyber-physical+system"+OR+"Industrial+control+system"+OR+"ICS"+OR+"SCADA"+OR+"Distributed+control+system"+OR+"DCS"+"PLC"+OR+"FPGA"
     Title SCADA (Supervisory Control and Data Acquisition) systems: Vulnerability assessment and security recommendations
     Author ['D Upadhyay', 'S Sampalli']
     Venue Computers & Security
     Year 2020
     Abstract So far, CPNI has recommended nine best practice guidance documents for process control and  NSTB Assessments Summary Report: Common Industrial Control System Cyber Security Weaknesses (2010)  NCCIC/ICS-CERT FY 2015 Annual Vulnerability Coordination Report
     Url https://www.sciencedirect.com/science/article/pii/S0167404819302068


     Search term "Best+practice"+OR+"General+guidelines"+"Cyber-physical+system"+OR+"Industrial+control+system"+OR+"ICS"+OR+"SCADA"+OR+"Distributed+control+system"+OR+"DCS"+"PLC"+OR+"FPGA"
     Title Development of industrial cyber security standards: IEC 62443 for SCADA and Industrial Control System security
     Author ['RSH Piggin']
     Venue IET Conference on Control and Automation 2013 …
     Year 2013
     Abstract CONTROL SYSTEM SECURITY  This has led to best practice sharing, in particular the bilateral publishing/adoption of guidelines with the US Department of  In an arena of voluntary compliance across industry, those implementing ICS and SCADA security need to keep abreast
     Url https://ieeexplore.ieee.org/abstract/document/6613714/


     Search term "Best+practice"+OR+"General+guidelines"+"Cyber-physical+system"+OR+"Industrial+control+system"+OR+"ICS"+OR+"SCADA"+OR+"Distributed+control+system"+OR+"DCS"+"PLC"+OR+"FPGA"
     Title Designing SCADA application software: a practical approach
     Author ['SG McCrady']
     Venue NA
     Year 2013
     Abstract [Not Found]
     Url [Not Found]


     Search term "Best+practice"+OR+"General+guidelines"+"Cyber-physical+system"+OR+"Industrial+control+system"+OR+"ICS"+OR+"SCADA"+OR+"Distributed+control+system"+OR+"DCS"+"PLC"+OR+"FPGA"
     Title Emerging good practice for cyber security of industrial control systems and SCADA
     Author ['RSH Piggin']
     Venue 7th IET International Conference on System …
     Year 2012
     Abstract For more specific technical guidance on Industrial Control Systems (ICS) and Supervisory Control  This has led to best practice sharing, in particular the bilateral publishing/adoption  System, system and application software and data) in DCS, PLC, SCADA, networked electronic
     Url https://ieeexplore.ieee.org/abstract/document/6458961/


     Search term "Best+practice"+OR+"General+guidelines"+"Cyber-physical+system"+OR+"Industrial+control+system"+OR+"ICS"+OR+"SCADA"+OR+"Distributed+control+system"+OR+"DCS"+"PLC"+OR+"FPGA"
     Title Cyber-physical attack-oriented Industrial Control Systems (ICS) modeling, analysis and experiment environment
     Author ['Y Peng', 'Y Wang', 'C Xiang', 'X Liu', 'Z Wen']
     Venue … Processing (IIH-MSP …
     Year 2015
     Abstract In [2], authors provided general guidelines to ICS security  Yong, J. Changqing, X. Feng, D. Zhonghua, X. Qi, G. Yang, “Industrial control system cybersecurity research  Cassidy, A. Chavez, ND Pattengale et al., “Modeling and simulation for cyber-physical system security research
     Url https://ieeexplore.ieee.org/abstract/document/7415822/


     Search term "Best+practice"+OR+"General+guidelines"+"Cyber-physical+system"+OR+"Industrial+control+system"+OR+"ICS"+OR+"SCADA"+OR+"Distributed+control+system"+OR+"DCS"+"PLC"+OR+"FPGA"
     Title Ensuring public safety in PLC controlled water treatment plants
     Author ['DR Barritt']
     Venue IEE Colloquium on Designing Safety-Critical …
     Year 1994
     Abstract various stages throughout the process, which is totally controlled by a network of nine PLC's linked via Ethernet to a plant wide SCADA system  plant design is split into three areas: • Hardwired Emergency Shutdown System (ESS) • Software Best Practice • Telemetry System
     Url https://ieeexplore.ieee.org/abstract/document/1638579/


     Search term "Best+practice"+OR+"General+guidelines"+"Cyber-physical+system"+OR+"Industrial+control+system"+OR+"ICS"+OR+"SCADA"+OR+"Distributed+control+system"+OR+"DCS"+"PLC"+OR+"FPGA"
     Title Practical batch process management
     Author ['M Barker', 'J Rawtani']
     Venue NA
     Year 2004
     Abstract Reynders) Practical Radio Engineering and Telemetry for Industry (David Bailey) Practical SCADA for Industry  Hazops, Trips and Alarms (David Macdonald) Practical Industrial Data Communications: Best Practice Techniques (Deon  102 11.2 Overview of DCS/PLC architecture
     Url https://books.google.com/books?hl=en&lr=&id=kj2pduabhN4C&oi=fnd&pg=PP1&dq=%22Best+practice%22+OR+%22General+guidelines%22+%22Cyber-physical+system%22+OR+%22Industrial+control+system%22+OR+%22ICS%22+OR+%22SCADA%22+OR+%22Distributed+control+system%22+OR+%22DCS%22+%22PLC%22+OR+%22FPGA%22&ots=cgHBIxxe6D&sig=Gfr0zCC7UMQF62mzJHeeJG6o2ns


     Search term "Best+practice"+OR+"General+guidelines"+"Cyber-physical+system"+OR+"Industrial+control+system"+OR+"ICS"+OR+"SCADA"+OR+"Distributed+control+system"+OR+"DCS"+"PLC"+OR+"FPGA"
     Title Initial investigation of industrial control system (ICS) security using artificial immune system (AIS)
     Author ['M Bere', 'H Muyingi']
     Venue … on Emerging Trends in Networks and …
     Year 2015
     Abstract I. INTRODUCTION Industrial Control System (ICS) is a generic term for various control systems  There are many ways that a security administrator of an ICS can secure their network. They can use experience, ad hoc solutions or follow best practice guidelines from the many ICS
     Url https://ieeexplore.ieee.org/abstract/document/7184812/


     Search term "Best+practice"+OR+"General+guidelines"+"Cyber-physical+system"+OR+"Industrial+control+system"+OR+"ICS"+OR+"SCADA"+OR+"Distributed+control+system"+OR+"DCS"+"PLC"+OR+"FPGA"
     Title A cyber forensic taxonomy for scada systems in critical infrastructure
     Author ['P Eden', 'A Blyth', 'P Burnap', 'Y Cherdantseva']
     Venue … Conference on Critical …
     Year 2015
     Abstract This paper is part of an ongoing research project that is working towards the creation of best practice guidelines for the forensic handling and incident response of SCADA systems. Keywords  In: 1st International symposium for ICS and SCADA cyber security research (ICS
     Url https://link.springer.com/chapter/10.1007/978-3-319-33331-1_3


     Search term "Best+practice"+OR+"General+guidelines"+"Cyber-physical+system"+OR+"Industrial+control+system"+OR+"ICS"+OR+"SCADA"+OR+"Distributed+control+system"+OR+"DCS"+"PLC"+OR+"FPGA"
     Title SCADA Information Security Management Guide
     Author ['J Mamos']
     Venue NA
     Year NA
     Abstract [Not Found]
     Url [Not Found]


     Search term "Best+practice"+OR+"General+guidelines"+"Cyber-physical+system"+OR+"Industrial+control+system"+OR+"ICS"+OR+"SCADA"+OR+"Distributed+control+system"+OR+"DCS"+"PLC"+OR+"FPGA"
     Title The Decisive Role of the Laboratory Experimental Stands with Computers for Quality Engineering Education
     Author ['L SMUTNY']
     Venue … Conference on Engineering Education ICEE'99
     Year 1999
     Abstract knowledge responds to need for accelerated acquisition and adoption of "best practice" techniques and  air aggregate controls with PLC and connected to PC with SCADA/MMI program  electric drive with controlled loading direct engine on the distributed control system with PLC
     Url http://akce.fs.vsb.cz/1999/icee99/Proceedings/papers/393/393.htm


     Search term "Best+practice"+OR+"General+guidelines"+"Cyber-physical+system"+OR+"Industrial+control+system"+OR+"ICS"+OR+"SCADA"+OR+"Distributed+control+system"+OR+"DCS"+"PLC"+OR+"FPGA"
     Title Alarm design for scada system of assembly cell-200 trainer
     Author ['M Zawawi']
     Venue NA
     Year 2008
     Abstract SCADA Software. In parallel, the Assembly Cell 200 Trainer task is programmed using PLC. The next step is to integrate the trainer controller with SCADA Software in order for the system to operate. Finally, the functionality of the alarm system is
     Url http://eprints.uthm.edu.my/id/eprint/639


     Search term "Best+practice"+OR+"General+guidelines"+"Cyber-physical+system"+OR+"Industrial+control+system"+OR+"ICS"+OR+"SCADA"+OR+"Distributed+control+system"+OR+"DCS"+"PLC"+OR+"FPGA"
     Title Smart Behavioural Filter for Industrial Internet of Things
     Author ['G Corbò', 'C Foglietta', 'C Palazzo', 'S Panzieri']
     Venue Mobile Networks and …
     Year 2018
     Abstract Network segmentation following IEC 62443 [13] is the best practice for SCADA system security and takes  Papa M (2016) On the use of open-source firewalls in ICS/SCADA systems  of industrial cyber security standards: IEC 62443 for scada and industrial control system security
     Url https://link.springer.com/article/10.1007/s11036-017-0882-1


     Search term "Best+practice"+OR+"General+guidelines"+"Cyber-physical+system"+OR+"Industrial+control+system"+OR+"ICS"+OR+"SCADA"+OR+"Distributed+control+system"+OR+"DCS"+"PLC"+OR+"FPGA"
     Title Total quality in ICS
     Author ['B Shirley']
     Venue The TQM Magazine
     Year 1997
     Abstract As far as ICS is concerned, the results from the combination of activities mentioned in this  having been bombarded by glossy brochures inviting us to join various best practice groups, we  Table I Extract from five‐year summary accounts, Industrial Control Services Group plc
     Url https://www.emerald.com/insight/content/doi/10.1108/09544789710159416/full/html


     Search term "Best+practice"+OR+"General+guidelines"+"Cyber-physical+system"+OR+"Industrial+control+system"+OR+"ICS"+OR+"SCADA"+OR+"Distributed+control+system"+OR+"DCS"+"PLC"+OR+"FPGA"
     Title Express deployment Toolset for Manufacturing Systems Enablement
     Author ['A Telukdarie']
     Venue NA
     Year NA
     Abstract [Not Found]
     Url [Not Found]


     Search term "Best+practice"+OR+"General+guidelines"+"Cyber-physical+system"+OR+"Industrial+control+system"+OR+"ICS"+OR+"SCADA"+OR+"Distributed+control+system"+OR+"DCS"+"PLC"+OR+"FPGA"
     Title SCADA system cyber security
     Author ['IN Fovino']
     Venue Secure smart embedded devices, platforms and …
     Year 2014
     Abstract a set of objects, interfaces and methods to facilitate interoperability among industrial control system (ICS) devices  need different configurations, it is possible to use best practice documents also  1. Karnouskos S., Stuxnet worm impact on industrial cyber-physical system security
     Url https://link.springer.com/chapter/10.1007/978-1-4614-7915-4_20


     Search term "Best+practice"+OR+"General+guidelines"+"Cyber-physical+system"+OR+"Industrial+control+system"+OR+"ICS"+OR+"SCADA"+OR+"Distributed+control+system"+OR+"DCS"+"PLC"+OR+"FPGA"
     Title INDUSTRIAL APPLICATIONS OF PREDICTIVE FUNCTIONAL CONTROL
     Author ['N PRIZE']
     Venue NA
     Year NA
     Abstract Parametric Predictive Control (control by flow of reactors..) 1998 :1st implementation of an MPC in the native control library of a PLC : Schneider-Electric.Momentum Concept Page 10. FEATURES  time Optimization Implementation Policy and Best Practice ( from ARC ) Page 40
     Url http://www.nt.ntnu.no/users/skoge/npc/richalet.pdf?q=plcs7


     Search term "Best+practice"+OR+"General+guidelines"+"Cyber-physical+system"+OR+"Industrial+control+system"+OR+"ICS"+OR+"SCADA"+OR+"Distributed+control+system"+OR+"DCS"+"PLC"+OR+"FPGA"
     Title Is my UPS distribution system coordinated?
     Author ['RE Cosse', 'DG Dunn']
     Venue Fifty-First Annual …
     Year 2004
     Abstract General guidelines are provided for improved UPS distribution system performance. Index Terms - Selectivity, UPS, IT1 curve, Information Technology Equipment (ITE). Alternate Source, 'hold-up" time, distributed control system (DCS). programmable logic controller (PLC)
     Url https://ieeexplore.ieee.org/abstract/document/1352786/


     Search term "Best+practice"+OR+"General+guidelines"+"Cyber-physical+system"+OR+"Industrial+control+system"+OR+"ICS"+OR+"SCADA"+OR+"Distributed+control+system"+OR+"DCS"+"PLC"+OR+"FPGA"
     Title Control rehabilitation impact on production efficiency of ammonia synthesis installation
     Author ['PD Domański', 'S Golonka', 'R Jankowski']
     Venue Industrial & …
     Year 2016
     Abstract This article presents final technical and economical results of the comprehensive control rehabilitation project done for the ammonia synthesis plant at JP Nawozy, GA ZAK SA The project included ...
     Url https://pubs.acs.org/doi/abs/10.1021/acs.iecr.6b02907


     Search term "Best+practice"+OR+"General+guidelines"+"Cyber-physical+system"+OR+"Industrial+control+system"+OR+"ICS"+OR+"SCADA"+OR+"Distributed+control+system"+OR+"DCS"+"PLC"+OR+"FPGA"
     Title DISTRICT COOLING BEST PRACTICE GUIDE
     Author ['F EDITION']
     Venue NA
     Year 2008
     Abstract cyclone separators Table 8-1 PLC vs. DCS – pros and cons Table 8-2 Level 0 best practice specifications Table 8-3 Energy meter best practice specifications Table 8-4 Key to instrument tagging symbols Table 8-5 Function identifier key Table 8-6 Level 0 vs
     Url http://higherlogicdownload.s3.amazonaws.com/DISTRICTENERGY/998638d1-8c22-4b53-960c-286248642360/UploadedImages/Documents/Publications/BPG_Contentspages.pdf


     Search term "Best+practice"+OR+"General+guidelines"+"Cyber-physical+system"+OR+"Industrial+control+system"+OR+"ICS"+OR+"SCADA"+OR+"Distributed+control+system"+OR+"DCS"+"PLC"+OR+"FPGA"
     Title How to Establish a Batch Best Practice
     Author ['PIF de Almeida']
     Venue NA
     Year 2003
     Abstract To establish a best practice it is necessary to associate it to a determinate Process Cell, by making the right choices in process modularization  to be considered in the implementation of the basic control logic algorithm at the local device driver control layer (PLC or DCS)
     Url https://www.controlglobal.com/assets/Media/News/080623_WBF_EstBatchBest.pdf


     Search term "Best+practice"+OR+"General+guidelines"+"Cyber-physical+system"+OR+"Industrial+control+system"+OR+"ICS"+OR+"SCADA"+OR+"Distributed+control+system"+OR+"DCS"+"PLC"+OR+"FPGA"
     Title Getting Security Objectives Wrong: A Cautionary Tale of an Industrial Control System
     Author ['SN Foley']
     Venue Cambridge International Workshop on Security …
     Year 2017
     Abstract the paper using a ethnographic style study of the connection of an Industrial Control System to the  At face value, securing this ICS infrastructure connection should be trivial in terms of network  Based on CPNI best practice [2, 3] the controller and PLCs should be deployed on an
     Url https://link.springer.com/chapter/10.1007/978-3-319-71075-4_3


     Search term "Best+practice"+OR+"General+guidelines"+"Cyber-physical+system"+OR+"Industrial+control+system"+OR+"ICS"+OR+"SCADA"+OR+"Distributed+control+system"+OR+"DCS"+"PLC"+OR+"FPGA"
     Title MES to ERP integration: Rapid deployment toolset
     Author ['A Telukdarie']
     Venue 2016 IEEE International Conference on …
     Year 2016
     Abstract Business Planning LEVEL 3 MES : Manufacturing Execution Systems LEVEL 2 SCADA/APC : Execution Control & Optimization LEVEL 1 DCS/PLC : Execution/Regulatory  The methodology for this study commenced with an international best practice search specific
     Url https://ieeexplore.ieee.org/abstract/document/7798034/


     Search term "Best+practice"+OR+"General+guidelines"+"Cyber-physical+system"+OR+"Industrial+control+system"+OR+"ICS"+OR+"SCADA"+OR+"Distributed+control+system"+OR+"DCS"+"PLC"+OR+"FPGA"
     Title Survey of scada system technology and reliability in the offshore oil and gas industry
     Author ['K Erickson', 'A Miller', 'E Stanek']
     Venue MMS TA&R Program …
     Year 2000
     Abstract SCADA Server Company Network SCADA Workstation HMI SCADA Workstation HMI Printer Communication Server MW Modem Sat. Modem Satellite PLC DCS Modem Modem MW Modem Sat. Modem PLC PLC PLC Platform Platform Microwave Modem Modem
     Url https://www.bsee.gov/sites/bsee.gov/files/tap-technical-assessment-program/356aa.pdf


     Search term "Best+practice"+OR+"General+guidelines"+"Cyber-physical+system"+OR+"Industrial+control+system"+OR+"ICS"+OR+"SCADA"+OR+"Distributed+control+system"+OR+"DCS"+"PLC"+OR+"FPGA"
     Title Stuxnet: the emergence of a new cyber weapon and its implications
     Author ['S Collins', 'S McCombie']
     Venue Journal of Policing, Intelligence and …
     Year 2012
     Abstract In a best practice setting, an ICS would not be connected to the internet (Falliere et al., 2011). Unfortunately, modern ICS and SCADA systems are increasingly interconnected and interdependent, offering multiple pathways from the outside world to PLCs
     Url https://www.tandfonline.com/doi/abs/10.1080/18335330.2012.653198


     Search term "Best+practice"+OR+"General+guidelines"+"Cyber-physical+system"+OR+"Industrial+control+system"+OR+"ICS"+OR+"SCADA"+OR+"Distributed+control+system"+OR+"DCS"+"PLC"+OR+"FPGA"
     Title Integrated Automation Applied to Wastewater Treatment Plant SCADA System
     Author ['A Müller', 'E Poupard']
     Venue ISTANBUL3WCONGRESS 2013
     Year 2013
     Abstract com) Abstract This paper illustrates and defines best practice automation technology with pneumatic  Keywords: Automation; SCADA; valves, actuator, remote control, wastewater treatment, operation and control  8. User Manual for PLC Programming with CoDeSys 2.3, 3S-Smart
     Url https://www.academia.edu/download/32342596/Istanbul3WCongAbstracts2013EngInteraktif.pdf#page=534


     Search term "Best+practice"+OR+"General+guidelines"+"Cyber-physical+system"+OR+"Industrial+control+system"+OR+"ICS"+OR+"SCADA"+OR+"Distributed+control+system"+OR+"DCS"+"PLC"+OR+"FPGA"
     Title Network security appliance
     Author ['E Byres', 'D Lissimore', 'J Karsch', 'K Lee']
     Venue US Patent 8,042,147
     Year 2011
     Abstract US8042147B2 - Network security appliance - Google Patents. Network security appliance. Download PDF Info. Publication number US8042147B2. US8042147B2 US11/544,019 US54401906A US8042147B2 US 8042147 B2
     Url https://patents.google.com/patent/US8042147B2/en


     Search term "Best+practice"+OR+"General+guidelines"+"Cyber-physical+system"+OR+"Industrial+control+system"+OR+"ICS"+OR+"SCADA"+OR+"Distributed+control+system"+OR+"DCS"+"PLC"+OR+"FPGA"
     Title Getting security objectives wrong
     Author ['SN Foley']
     Venue NA
     Year NA
     Abstract in the paper using a ethnographic style study of the connection of an Industrial Control System to the  At face value, securing this ICS infrastructure connection should be trivial in terms of network  Based on CPNI best practice [2,3] the controller and PLCs should be de- ployed on
     Url http://simonfoley.org/pubs/spw2017.pdf


     Search term "Best+practice"+OR+"General+guidelines"+"Cyber-physical+system"+OR+"Industrial+control+system"+OR+"ICS"+OR+"SCADA"+OR+"Distributed+control+system"+OR+"DCS"+"PLC"+OR+"FPGA"
     Title The Essential Guide to 3D in Flash
     Author ['R Bateman', 'R Olsson', 'G Caldwell']
     Venue NA
     Year 2010
     Abstract [Not Found]
     Url [Not Found]


     Search term "Best+practice"+OR+"General+guidelines"+"Cyber-physical+system"+OR+"Industrial+control+system"+OR+"ICS"+OR+"SCADA"+OR+"Distributed+control+system"+OR+"DCS"+"PLC"+OR+"FPGA"
     Title Industrial Cybersecurity: Efficiently secure critical infrastructure systems
     Author ['P Ackerman']
     Venue NA
     Year 2017
     Abstract [Not Found]
     Url [Not Found]


     Search term "Best+practice"+OR+"General+guidelines"+"Cyber-physical+system"+OR+"Industrial+control+system"+OR+"ICS"+OR+"SCADA"+OR+"Distributed+control+system"+OR+"DCS"+"PLC"+OR+"FPGA"
     Title Standardized security assessment framework for ICS devices and pilot project
     Author ['A Prudnikova']
     Venue NA
     Year 2019
     Abstract Currently there exist a number of different best practice documents in the domain, but  Industrial Control System (ICS) is a general term used to describe different types of control systems that are  Additionally, major parts of ICS are specific devices, such as Programmable Logic
     Url https://essay.utwente.nl/79492/


     Search term "Best+practice"+OR+"General+guidelines"+"Cyber-physical+system"+OR+"Industrial+control+system"+OR+"ICS"+OR+"SCADA"+OR+"Distributed+control+system"+OR+"DCS"+"PLC"+OR+"FPGA"
     Title Defense-in-depth vs. critical component defense for industrial control systems
     Author ['A Fielder', 'T Li', 'C Hankin']
     Venue … Symposium for ICS & SCADA Cyber …
     Year 2016
     Abstract 1 Proceedings of the 4th International Symposium for ICS & SCADA Cyber Security Research 2016  reports and in- dustrial standards propose Defense-in-Depth as the best practice to defend  The case study uses a typical three- zone ICS architecture extracted from Kuipers and
     Url https://www.scienceopen.com/hosted-document?doi=10.14236/ewic/ICS2016.1


     Search term "Best+practice"+OR+"General+guidelines"+"Cyber-physical+system"+OR+"Industrial+control+system"+OR+"ICS"+OR+"SCADA"+OR+"Distributed+control+system"+OR+"DCS"+"PLC"+OR+"FPGA"
     Title An assessment of the application of IT security mechanisms to industrial control systems
     Author ['A Cook', 'H Janicke', 'L Maglaras']
     Venue International Journal of …
     Year 2017
     Abstract verification techniques and their application to cyber security, SCADA and industrial control system security as  terms are all related to established IT security are best practice and ISO  channels for threat penetration included vulnerable Windows PCs controlling ICS, misuse of
     Url https://www.inderscienceonline.com/doi/abs/10.1504/IJITST.2017.087163


     Search term "Best+practice"+OR+"General+guidelines"+"Cyber-physical+system"+OR+"Industrial+control+system"+OR+"ICS"+OR+"SCADA"+OR+"Distributed+control+system"+OR+"DCS"+"PLC"+OR+"FPGA"
     Title Protecting critical systems
     Author ['R Piggin']
     Venue ITNow
     Year 2011
     Abstract the operators to initiate inappropriate actions, which could have various negative effects; • ICS software or configuration settings modified or ICS software infected  control and SCADA security good practice guidelines. The foundation of the best practice is three guiding principles
     Url https://ieeexplore.ieee.org/abstract/document/8129148/


     Search term "Best+practice"+OR+"General+guidelines"+"Cyber-physical+system"+OR+"Industrial+control+system"+OR+"ICS"+OR+"SCADA"+OR+"Distributed+control+system"+OR+"DCS"+"PLC"+OR+"FPGA"
     Title Duqu–threat research and analysis
     Author ['P Szor']
     Venue McAfee Labs
     Year 2011
     Abstract Stuxnet Overvieew • Duqu Review-Current Intelligence, comparisons with Stuxnet, • Best Practice recommendations • Q&A  4 The First Industrial Control System Attack Page 5  Stuxnet combines 4 zero-day vulnerabilities with ICS knowledge to target an industrial process
     Url https://www.mcafee.com/wp-content/uploads/2011/10/Duqu.pdf


     Search term "Best+practice"+OR+"General+guidelines"+"Cyber-physical+system"+OR+"Industrial+control+system"+OR+"ICS"+OR+"SCADA"+OR+"Distributed+control+system"+OR+"DCS"+"PLC"+OR+"FPGA"
     Title A Preliminary Review of ICS Security Frameworks and Standards Vs. Advanced Persistent Threats
     Author ['M Bere']
     Venue Iccws 2015-The Proceedings of the 10th International …
     Year 2015
     Abstract In line with this security best practice is the need to monitor firewalls and intrusion detection/prevention systems  Guide to Industrial Control System Security  Accessed: 2 July, 2014] Qatar's National Center for Information Security.(2014) version 3. National ICS Security Standard
     Url https://books.google.com/books?hl=en&lr=&id=piikBwAAQBAJ&oi=fnd&pg=PA409&dq=%22Best+practice%22+OR+%22General+guidelines%22+%22Cyber-physical+system%22+OR+%22Industrial+control+system%22+OR+%22ICS%22+OR+%22SCADA%22+OR+%22Distributed+control+system%22+OR+%22DCS%22+%22PLC%22+OR+%22FPGA%22&ots=EYqRsivvbA&sig=xmoNL4tBkSJ50Idrtxts2wdlavQ


     Search term "Best+practice"+OR+"General+guidelines"+"Cyber-physical+system"+OR+"Industrial+control+system"+OR+"ICS"+OR+"SCADA"+OR+"Distributed+control+system"+OR+"DCS"+"PLC"+OR+"FPGA"
     Title More exploits: the great PLC hack
     Author ['SH Houmb']
     Venue NA
     Year NA
     Abstract originally designed to only function as an automatic operator in an industrial control system and not to  Therefore, it is best practice to not perform penetration testing on a live ICS  Hacking Exposed Industrial Control Systems: ICS and SCADA Security Secrets & Solutions, McGraw
     Url https://www.controldesign.com/articles/2018/more-exploits-the-great-plc-hack/


     Search term "Best+practice"+OR+"General+guidelines"+"Cyber-physical+system"+OR+"Industrial+control+system"+OR+"ICS"+OR+"SCADA"+OR+"Distributed+control+system"+OR+"DCS"+"PLC"+OR+"FPGA"
     Title Save Time and Money by Designing Effective Interface with Vendor-provided control systems
     Author ['A Hegde', 'L Reynolds', 'CDM Smith']
     Venue NA
     Year NA
     Abstract Best practice methods, and guidelines to designing an effective interface with vendor packaged systems are illustrated below  by the vendor that define PLC register locations for each analog and digital data transferred between the vendor PLC and the plant SCADA system
     Url http://2013.isawwsymposium.com/wp-content/uploads/2013/08/WWAC2013_Hegde-Reynolds_VendorEquipInterfacing_paper.pdf


     Search term "Best+practice"+OR+"General+guidelines"+"Cyber-physical+system"+OR+"Industrial+control+system"+OR+"ICS"+OR+"SCADA"+OR+"Distributed+control+system"+OR+"DCS"+"PLC"+OR+"FPGA"
     Title CSCI 6990
     Author ['I Ahmed']
     Venue NA
     Year 2015
     Abstract books that we use to cover some material on ICS programming, protocols  Practical Industrial Data Communications: Best Practice Techniques, by Gordon Clarke 1st Edition, Butterworth  Cybersecurity for Industrial Control Systems: SCADA, DCS, PLC, HMI, and SIS, by Tyson
     Url http://scholarworks.uno.edu/cgi/viewcontent.cgi?article=1197&context=syllabi


     Search term "Best+practice"+OR+"General+guidelines"+"Cyber-physical+system"+OR+"Industrial+control+system"+OR+"ICS"+OR+"SCADA"+OR+"Distributed+control+system"+OR+"DCS"+"PLC"+OR+"FPGA"
     Title GMT Software and Controls Standards
     Author ['JM Filgueira']
     Venue NA
     Year 2018
     Abstract Figure 4-13 [ID 91690]: Two-Tier Controller with Hybrid PLC/Supervisor Physical View .....65  Its design is driven by a set of general guidelines: to use industry components and  The control function of each subsystem is implemented in a Device Control System (DCS)
     Url http://52.52.46.32/_downloads/gmt_ref_00029_swc_standards_revA.pdf


     Search term "Best+practice"+OR+"General+guidelines"+"Cyber-physical+system"+OR+"Industrial+control+system"+OR+"ICS"+OR+"SCADA"+OR+"Distributed+control+system"+OR+"DCS"+"PLC"+OR+"FPGA"
     Title Securing SCADA systems with open source software
     Author ['A Mahboob', 'JA Zubairi']
     Venue 2013 High Capacity Optical Networks …
     Year 2013
     Abstract an experimental testbed and derive conclusions for ensuring that the ICS (Industrial Control System) is fully  to keep SCADA network isolated from other networks and was considered a best practice  a SIEM and Honeynet system to create a realistic SCADA/ICS security testbed
     Url https://ieeexplore.ieee.org/abstract/document/6729785/


     Search term "Best+practice"+OR+"General+guidelines"+"Cyber-physical+system"+OR+"Industrial+control+system"+OR+"ICS"+OR+"SCADA"+OR+"Distributed+control+system"+OR+"DCS"+"PLC"+OR+"FPGA"
     Title Instructional Leadership: The Relationship Between Professional Learning Community Best Practices and Student Achievement
     Author ['E Cunningham']
     Venue NA
     Year 2013
     Abstract A survey was used to determine the perception principals and ICs have about the use of PLC best-practices on their campuses  1. Was there a significant difference in the perception of principals and instructional coaches regarding PLC best-practice implementation in math
     Url https://uh-ir.tdl.org/handle/10657/937


     Search term "Best+practice"+OR+"General+guidelines"+"Cyber-physical+system"+OR+"Industrial+control+system"+OR+"ICS"+OR+"SCADA"+OR+"Distributed+control+system"+OR+"DCS"+"PLC"+OR+"FPGA"
     Title Evaluating the Resiliency of Industrial Internet of Things Process Control Using Protocol Agnostic Attacks
     Author ['HL Roldan']
     Venue NA
     Year 2019
     Abstract The best starting point is to define what is an Industrial Control System. It is a  The applications of these workstations vary widely depending on the age of the ICS and process they manage. Typically, the best practice with workstations is to limit access to the control section of
     Url https://scholar.afit.edu/etd/3152/


     Search term "Best+practice"+OR+"General+guidelines"+"Cyber-physical+system"+OR+"Industrial+control+system"+OR+"ICS"+OR+"SCADA"+OR+"Distributed+control+system"+OR+"DCS"+"PLC"+OR+"FPGA"
     Title A comparison of forensic hard drive imagers: A time analysis comparison between the ICS image MASSter-Solo III and the logicube talon
     Author ['JW Riley', 'DA Dampier', 'R Vaughn']
     Venue Journal of Digital Forensic …
     Year 2008
     Abstract It is commonly accepted as best practice to create two copies of all source media while  conducted on the Image MASSter Solo III from Intelligent Computing Systems (ICS) and the  In reported experiments, the FPGA implementation completed its search of twenty four image files
     Url https://www.tandfonline.com/doi/abs/10.1080/15567280802047143


     Search term "Best+practice"+OR+"General+guidelines"+"Cyber-physical+system"+OR+"Industrial+control+system"+OR+"ICS"+OR+"SCADA"+OR+"Distributed+control+system"+OR+"DCS"+"PLC"+OR+"FPGA"
     Title KYPO4INDUSTRY: A Testbed for Teaching Cybersecurity of Industrial Control Systems
     Author ['P Čeleda', 'J Vykopal', 'V Švábenský']
     Venue Proceedings of the 51st …
     Year 2020
     Abstract This section presents the current best practice for teaching cybersecurity in IT and ICS  methods for creating cyber games and compare whether they work the same in the IT and ICS domain  In Proceedings of the 2Nd Annual Industrial Control System Security Workshop (ICSS '16
     Url https://dl.acm.org/doi/abs/10.1145/3328778.3366908


     Search term "Best+practice"+OR+"General+guidelines"+"Cyber-physical+system"+OR+"Industrial+control+system"+OR+"ICS"+OR+"SCADA"+OR+"Distributed+control+system"+OR+"DCS"+"PLC"+OR+"FPGA"
     Title Blackout Avoidance Offshore: Global Perspectives on Maintaining Electrical Supply During Plant Installation, Upgrade and Ongoing Production and Exploration Using …
     Author ['R Thornton-Jones', 'J Brown', 'M Nanavati']
     Venue Offshore Technology …
     Year 2016
     Abstract relaying committee, are presented and compared with developing oil and gas industry best practice  of communication links with external systems such as a SCADA system, arrays of  using custom logic, operating as part of the site distributed control system (DCS) system could
     Url https://www.onepetro.org/conference-paper/OTC-27052-MS


     Search term "Best+practice"+OR+"General+guidelines"+"Cyber-physical+system"+OR+"Industrial+control+system"+OR+"ICS"+OR+"SCADA"+OR+"Distributed+control+system"+OR+"DCS"+"PLC"+OR+"FPGA"
     Title Defending against the dragonfly cyber security attacks
     Author ['JT Langill']
     Venue Retrieved
     Year 2014
     Abstract Today, all US and European energy companies make considerable efforts to separate their SCADA/ ICS from their enterprise network (ie, where any  Post Dragonfly, it is important that manufacturing companies secure core ICS through up-to-date best practice policies and
     Url https://www.controlglobal.com/assets/15WPpdf/150311-Belden-DragonflyCybersecurity.pdf

