Showing papers for search query "Best+practice"+OR+"General+guidelines"+"FDA+Requirements"+"Regulated"

     Search term "Best+practice"+OR+"General+guidelines"+"FDA+Requirements"+"Regulated"
     Title A compliance office for heavily regulated enterprises—a best practice approach to meeting US FDA requirements
     Author ['JK Himmelreich']
     Venue BT technology journal
     Year 2007
     Abstract In order to thrive in today's world of connectivity, convergence of services, and globalisation, heavily regulated companies must partner with their service providers to ensure both high quality service and regulatory compliance. Service providers must support clients from an
     Url https://link.springer.com/content/pdf/10.1007/s10550-007-0007-7.pdf


     Search term "Best+practice"+OR+"General+guidelines"+"FDA+Requirements"+"Regulated"
     Title Achieving quality reproducible results and maintaining compliance in molecular diagnostic testing of human papillomavirus
     Author ['JM Seabrook', 'RA Hubbard']
     Venue Archives of pathology & …
     Year 2003
     Abstract In general, guidelines set forth in the CAP Laboratory Accreditation Program checklists specify that  Changes in Food and Drug Administration (FDA) requirements establishing the analyte-specific reagent  humans for diagnostic purposes in the United States is regulated by the
     Url https://www.archivesofpathology.org/doi/abs/10.1043/1543-2165(2003)127%3C978:AQRRAM%3E2.0.CO;2


     Search term "Best+practice"+OR+"General+guidelines"+"FDA+Requirements"+"Regulated"
     Title Opportunities for improving the drug development process: results from a survey of industry and the FDA
     Author ['ER Berndt', 'AHB Gottschalk']
     Venue Innovation Policy and …
     Year 2006
     Abstract tions and interactions between regulated companies and the FDA suffer  One "best practice" of the EMEA cited by several interviewees was its convening of an expert meeting of regulators, sponsors and academics whenever significant developments in a therapeutic area or
     Url https://www.journals.uchicago.edu/doi/abs/10.1086/ipe.6.25056181


     Search term "Best+practice"+OR+"General+guidelines"+"FDA+Requirements"+"Regulated"
     Title Regulation and Device Development: Tips for Optimizing Your Experience With the Food and Drug Administration
     Author ['SS Brooks']
     Venue Techniques in Vascular and Interventional Radiology
     Year 2017
     Abstract This collaborative approach can be best practice to most expeditiously develop the next generation of  Medical devices are regulated in a risk-based framework based on the product׳s  k)s require clinical data, but trends have been toward increasing FDA requirements for clinical
     Url https://www.sciencedirect.com/science/article/pii/S1089251617300124


     Search term "Best+practice"+OR+"General+guidelines"+"FDA+Requirements"+"Regulated"
     Title Medical device standards' requirements for traceability during the software development lifecycle and implementation of a traceability assessment model
     Author ['G Regan', 'F Mc Caffery', 'K Mc Daid', 'D Flood']
     Venue Computer Standards & …
     Year 2013
     Abstract IEC 62304:2006 is the recognised standard for medical device software lifecycle processes and is adopted widely within the global medical device industry and is accepted within the industry as being best practice for the  The FDA requirements are both for safety and efficacy
     Url https://www.sciencedirect.com/science/article/pii/S0920548913000780


     Search term "Best+practice"+OR+"General+guidelines"+"FDA+Requirements"+"Regulated"
     Title Scientific evidence on functional food and its commercial communication: A review of legislation in Europe and the USA
     Author ['C González‐Díaz', 'D Gil‐González']
     Venue Journal of food …
     Year 2018
     Abstract substantiate nutrition and health claims in food commercial communication is regulated in Europe  These agencies provide general guidelines on how to conduct food and health studies  literature, this paper reports findings relating to EFSA and FDA requirements concerning the
     Url https://onlinelibrary.wiley.com/doi/abs/10.1111/1750-3841.14359


     Search term "Best+practice"+OR+"General+guidelines"+"FDA+Requirements"+"Regulated"
     Title The high cost of product recall
     Author ['C Gunther']
     Venue online] http://www. vigilistics. com/pdf/The% 20Cost …
     Year 2010
     Abstract Digital Records retention for highly regulated opera- tions such as clean-in-place and  The traceability and regulatory records are free to evolve with best practice and reg  enterprise, enabling a fundamentally simpler validation approach to the emerging FDA requirements, and to
     Url http://www.vigilistics.com/assets/doc/whitepapers/WP_HighCostofRecall.pdf


     Search term "Best+practice"+OR+"General+guidelines"+"FDA+Requirements"+"Regulated"
     Title A Review on applications of GAMP-5 in Pharmaceutical Industries
     Author ['P Lalasa', 'N Vishal Gupta', 'HV Raghunandan']
     Venue Int. J. Drug Dev. & …
     Year 2013
     Abstract companies should use these guidelines along with other guidelines and industry best practice to  lifecycle. With increased involvement of the supplier in the lifecycle, regulated companies  measurements made are reliable. To satisfy FDA requirements, all data from
     Url https://www.researchgate.net/profile/N_Vishal_Gupta/publication/263657437_A_Review_on_applications_of_GAMP_-5_in_Pharmaceutical_Industries/links/55dc934908aec156b9b1836a/A-Review-on-applications-of-GAMP-5-in-Pharmaceutical-Industries.pdf


     Search term "Best+practice"+OR+"General+guidelines"+"FDA+Requirements"+"Regulated"
     Title Perspectives of Oncology Nursing and Investigational Pharmacy in Oncology Research
     Author ['L Black', 'D Kulkarni']
     Venue Seminars in Oncology Nursing
     Year 2020
     Abstract but also looking at US Food and Drug Administration (FDA) requirements 1 and  is a core component of clinical research operations, as regulated and described by  2 Elements of regulatory requirements, recommended guidance, and best practice elements are described within
     Url https://www.sciencedirect.com/science/article/pii/S074920812030019X


     Search term "Best+practice"+OR+"General+guidelines"+"FDA+Requirements"+"Regulated"
     Title Best practices for core facilities: handling external customers
     Author ['P Hockberger', 'S Meyn', 'C Nicklin']
     Venue Journal of …
     Year 2013
     Abstract In such cases, institutional review board (IRB) and US Food and Drug Administration (FDA) requirements must be considered and may even be a  Best Practice 9  terms for sharing material protected by IP) to ensure that the customer does not send/bring regulated materials to
     Url https://www.ncbi.nlm.nih.gov/pmc/articles/PMC3605920/


     Search term "Best+practice"+OR+"General+guidelines"+"FDA+Requirements"+"Regulated"
     Title Food Labels and Labeling in the United States
     Author ['MR Grossman']
     Venue Eur. Food & Feed L. Rev.
     Year 2015
     Abstract USDA and FDA requirements are often the same  3. Incidental additives or processing aids may be exempted, as defined for products regulated by the  The document, issued in 2014, pro vides "best practice" recommendations for labeling and for avoiding undeclared allergens in
     Url https://heinonline.org/hol-cgi-bin/get_pdf.cgi?handle=hein.journals/effl2015&section=44


     Search term "Best+practice"+OR+"General+guidelines"+"FDA+Requirements"+"Regulated"
     Title Pretty poison: Lead and ceramic ware
     Author ['C Lecos']
     Venue NA
     Year 1987
     Abstract mugs, cook- ing utensils, cutlery, and electrical appliances, for instance— have not been regulated under those  These tips, say FDA oﬂicials, are in- tended as general guidelines  US ports until the importer or distributor (instead of FDA) can prove they meet FDA requirements
     Url https://books.google.com/books?hl=en&lr=&id=6uroJbGXizQC&oi=fnd&dq=%22Best+practice%22+OR+%22General+guidelines%22+%22FDA+Requirements%22+%22Regulated%22&ots=nsduxAKYOj&sig=E2gxX17XI6acg1UCMr32MTS5_xA


     Search term "Best+practice"+OR+"General+guidelines"+"FDA+Requirements"+"Regulated"
     Title FDA Meetings and Device Testing
     Author ['GB Halt', 'JC Donch', 'AR Stiles', 'LJ VanLuvanee']
     Venue FDA and Intellectual …
     Year 2019
     Abstract These interactions are regulated by the FDA guidance Guidance on PMA Interactive Procedures for Day-100 Meetings and Subsequent Deficiencies  Best practice dictates requesting a Day 100 meeting in the cover letter of the initial PMA submission
     Url https://link.springer.com/chapter/10.1007/978-3-030-04462-6_3


     Search term "Best+practice"+OR+"General+guidelines"+"FDA+Requirements"+"Regulated"
     Title Using ISO 15489 as an audit tool: ISO 15489, the first international standard devoted to records management, provides a comprehensive and practical basis for …
     Author ['M Crockett', 'J Foster']
     Venue Information Management Journal
     Year 2004
     Abstract pertaining to the industry/sector, as well as national/international law, best practice, codes of  Heavily regulated industries have to comply with very detailed specifications for the types  Therefore, only a detailed analysis of the FDA requirements would be required, augmented by
     Url https://go.gale.com/ps/i.do?id=GALE%7CA119570071&sid=googleScholar&v=2.1&it=r&linkaccess=abs&issn=15352897&p=AONE&sw=w


     Search term "Best+practice"+OR+"General+guidelines"+"FDA+Requirements"+"Regulated"
     Title Topic See All
     Author ['A Myers', 'C CGRN']
     Venue NA
     Year NA
     Abstract work was completed and that the investigational consent was developed to meet the FDA requirements  I met with the lab several times, presenting evidence that best practice is that the  validated transport could take place in 24 hours that the temperature would be regulated
     Url https://www.infectioncontroltoday.com/view/fecal-microbiota-transplants-overcoming-barriers-implementation


     Search term "Best+practice"+OR+"General+guidelines"+"FDA+Requirements"+"Regulated"
     Title Regulatory compliance evaluation system and method
     Author ['B Thompson']
     Venue US Patent App. 10/913,843
     Year 2005
     Abstract To ensure compliance with FDA requirements, FDA-regulated companies today may each conduct  in any truly meaningful way to assess the company's state of compliance with FDA requirements  issue, our experience has shown that the strength of the best practice adoption is
     Url https://patents.google.com/patent/US20050071185A1/en


     Search term "Best+practice"+OR+"General+guidelines"+"FDA+Requirements"+"Regulated"
     Title Third-party repackaging in hospital pharmacy unit dose acquisition
     Author ['RD Meller', 'JA Pazour', 'LM Thomas']
     Venue American Journal of …
     Year 2010
     Abstract As a result, administering medications in unit dose packaging is not only considered a best practice but is near universal in its application, with millions of unit  In addition, repackaging in the hospital is regulated only by state regulatory agencies,9 and requirements vary by state
     Url https://academic.oup.com/ajhp/article-abstract/67/13/1108/5130811


     Search term "Best+practice"+OR+"General+guidelines"+"FDA+Requirements"+"Regulated"
     Title Improving safety in medical devices from concept to retirement
     Author ['M McHugh', 'F McCaffery', 'ST MacMahon']
     Venue Handbook of Medical and …
     Year 2013
     Abstract but it is generally accepted that state of the art is referred to as best practice and best practice for medical  Medical devices marketed in the US must meet the FDA requirements  Rather, if the software meets the definition of being a medical device then it is regulated in the same
     Url https://link.springer.com/chapter/10.1007/978-1-4614-8495-0_21


     Search term "Best+practice"+OR+"General+guidelines"+"FDA+Requirements"+"Regulated"
     Title Fecal Microbiota Transplants: Overcoming the Barriers of Implementation
     Author ['A Myers', 'C CGRN']
     Venue NA
     Year NA
     Abstract [Not Found]
     Url [Not Found]


     Search term "Best+practice"+OR+"General+guidelines"+"FDA+Requirements"+"Regulated"
     Title Regulatory Issues for Pulmonary Delivery Systems
     Author ['D Rosario', 'B Otulana']
     Venue DRUGS AND THE PHARMACEUTICAL …
     Year 2003
     Abstract pulmonary drug delivery products such as MDIs and DPIs are regulated in the  Conference on Harmonization (ICH) also has issued a number of general guidelines on car  The FDA requirements for extractable and leachable testing in inhalation products is described in the draft
     Url http://www.academia.edu/download/48943511/Modified_Release_Drug_Delivery_Tech.pdf#page=923


     Search term "Best+practice"+OR+"General+guidelines"+"FDA+Requirements"+"Regulated"
     Title Improving safety in medical devices from concept to retirement
     Author ['M McHugh', 'F McCaffery', 'ST MacMahon']
     Venue Handbook of Medical and …
     Year 2013
     Abstract but it is generally accepted that state of the art is referred to as best practice and best practice for medical  Medical devices marketed in the US must meet the FDA requirements  Rather, if the software meets the definition of being a medical device then it is regulated in the same
     Url https://link.springer.com/chapter/10.1007/978-1-4614-8495-0_21


     Search term "Best+practice"+OR+"General+guidelines"+"FDA+Requirements"+"Regulated"
     Title The Importance of Compressed Air and Gas Testing to Beverage Quality and Safety
     Author ['CS All']
     Venue NA
     Year NA
     Abstract Contamination of compressed air and gases used in beverage manufacturing can lead to beverage recalls, reduced product shelf life, changes in taste and appearance of products, and overall lost profits and a tarnished company reputation. For exa...
     Url https://www.ifsqn.com/articles.html/_/articles/the-importance-of-compressed-air-and-gas-testing-to-beverage-quality-and-safety-r66


     Search term "Best+practice"+OR+"General+guidelines"+"FDA+Requirements"+"Regulated"
     Title Embracing cybersecurity risk management in the industry of medical devices
     Author ['MLL Lam', 'KW Wong']
     Venue Analyzing the Impacts of Industry 4.0 in …
     Year 2018
     Abstract She endeavors to persuade the manufacturers to be self-regulated for the greater  All manufacturers seemed not to know the stringent FDA requirements and did not intend to  Here are the best practice of Medtronic and Johnson & Johnson: Medtronic employees participated in
     Url https://www.igi-global.com/chapter/embracing-cybersecurity-risk-management-in-the-industry-of-medical-devices/203119


     Search term "Best+practice"+OR+"General+guidelines"+"FDA+Requirements"+"Regulated"
     Title Signia Expert Series: Over-the-Counter Hearing Aids-Opportunity or Disaster?
     Author ['C Palmer']
     Venue NA
     Year NA
     Abstract be purchased right now at the hunting store over-the-counter, and they are not regulated  HHP; The impact of consumer satisfaction on loyalty; The relationship between consumer loyalty and best practice  As it stands, we don't know what the FDA requirements will be, in terms of
     Url https://www.audiologyonline.com/articles/signia-expert-series-over-counter-21066


     Search term "Best+practice"+OR+"General+guidelines"+"FDA+Requirements"+"Regulated"
     Title FDA and Intellectual Property Strategies for Medical Device Technologies
     Author ['GB Halt', 'JC Donch', 'AR Stiles', 'LJ VanLuvanee']
     Venue NA
     Year 2019
     Abstract Page 1. Gerald B. Halt · John C. Donch Amber R. Stiles · Lisa Jenkins VanLuvanee Brandon R. Theiss · Dana L. Blue FDA and Intellectual Property Strategies for Medical Device Technologies Page 2. FDA and Intellectual Property Strategies for Medical Device Technologies
     Url https://link.springer.com/content/pdf/10.1007/978-3-030-04462-6.pdf


     Search term "Best+practice"+OR+"General+guidelines"+"FDA+Requirements"+"Regulated"
     Title The Necessity for Federal Organizations to Ensure Proper Privacy and Security Compliance of Mobile Health Care Applications
     Author ['J Gonsalves']
     Venue J. High Tech. L.
     Year 2018
     Abstract Medical Applications, supra note 6 (explaining that the FDA takes a "tailored, risk-based approach" to regulate a small subset of mHealth mobile applications that meet the definition of a medical device, and are intended to be used as an accessory to a regulated medical device
     Url https://heinonline.org/hol-cgi-bin/get_pdf.cgi?handle=hein.journals/jhtl19&section=10


     Search term "Best+practice"+OR+"General+guidelines"+"FDA+Requirements"+"Regulated"
     Title Application software configuration management testing in a pharmaceutical laboratory automation environment
     Author ['TF Linehan']
     Venue 1988 Conference on Software Maintenance
     Year 1988
     Abstract The ,FDA has ,published guidelines ,for data ,processing ,issues ,occurring ,in a regulated ,environment  management ,in a ,mini/micro/mainframe computer environment, ,as ,influenced by ,the FDA's ,requirements  The RSP ,RPMs ,contain ,general guidelines ,for software
     Url https://www.computer.org/csdl/proceedings-article/icsm/1988/00010159/12OmNwHhoWk


     Search term "Best+practice"+OR+"General+guidelines"+"FDA+Requirements"+"Regulated"
     Title Generic substitution in Malaysia: recommendations from a systematic review
     Author ['MA Hassali', 'J Thambyappa', 'F Saleem']
     Venue Journal of Applied …
     Year 2012
     Abstract The generic and branded medicines industry in Ireland is highly regulated  it is compulsory to undergo testing and meet US Food and Drug Administration (FDA) requirements  M. Stafylas, P. Generic and therapeutic substitution: a viewpoint on achieving best practice in Europe
     Url https://www.researchgate.net/profile/Mohamed_Hassali2/publication/233731809_Generic_Substitution_in_Malaysia_Recommendations_from_a_Systematic_Review/links/0c96052de8b2a219ef000000.pdf


     Search term "Best+practice"+OR+"General+guidelines"+"FDA+Requirements"+"Regulated"
     Title Regulatory policy for smokeless tobacco
     Author ['MJ Parascandola', 'WB Pickworth']
     Venue Smokeless Tobacco Products
     Year 2020
     Abstract unintended consequences of policy and societal changes when one product (cigarettes) is regulated and alternative  FDA requirements for modified risk tobacco products  K. WellingsImproving Health Status in Europe: A Case Study Approach to the Identification of Best
     Url https://www.sciencedirect.com/science/article/pii/B9780128181584000091


     Search term "Best+practice"+OR+"General+guidelines"+"FDA+Requirements"+"Regulated"
     Title Cost-contained regulatory compliance: for the pharmaceutical, biologics, and medical device industries
     Author ['S Weinberg']
     Venue NA
     Year 2011
     Abstract Instead the FDA provides general principles; relies on the industry to be self- regulated; and assigns to itself the responsibility of checking  First, many organizations are unclear on the operational (as opposed to the formal) definitions of actual FDA requirements and regulations
     Url https://books.google.com/books?hl=en&lr=&id=qAZri2M0yTEC&oi=fnd&pg=PR1&dq=%22Best+practice%22+OR+%22General+guidelines%22+%22FDA+Requirements%22+%22Regulated%22&ots=Eccixomvaj&sig=qh_vboZ2hitMRu4IFdzYqE6U19U


     Search term "Best+practice"+OR+"General+guidelines"+"FDA+Requirements"+"Regulated"
     Title Telemedicine for the intensive care unit
     Author ['AM Huffenberger', 'ND Martin', 'CW Hanson']
     Venue Principles of Adult Surgical …
     Year 2016
     Abstract Kahn and Rubenfeld advised using teleICU to sustain best practice compliance [68  Private insurers are regulated at the state level and therefore reimbursement varies  consideration to the consequences associated with operating outside the FDA requirements for manufacturing
     Url https://link.springer.com/chapter/10.1007/978-3-319-33341-0_50


     Search term "Best+practice"+OR+"General+guidelines"+"FDA+Requirements"+"Regulated"
     Title Supplier management tool for risk reduction of human error in audit non-conformances
     Author ['T Miller']
     Venue NA
     Year 2015
     Abstract Supplier audits were reviewed at a large FDA regulated medical devicemanufacturer  A best practice is to make a quality. 13  The importance of human error prevention is due to the rigor of the Food andDrug Administrations (FDA) requirements to which US medical device
     Url http://search.proquest.com/openview/6512a119bca1477af758767f9a236d1f/1?pq-origsite=gscholar&cbl=18750&diss=y


     Search term "Best+practice"+OR+"General+guidelines"+"FDA+Requirements"+"Regulated"
     Title Mobile health technologies for suicide prevention: feature review and recommendations for use in clinical care
     Author ['DD Luxton', 'JD June', 'SA Chalker']
     Venue Current Treatment Options in …
     Year 2015
     Abstract The app also provides case studies examples, fact sheets, best-practice tips for talking to  apps, including all included in Table 1, will fall into the non-regulated category  accreditation/certification of mHealth apps, however, we recommend review of the FDA requirements and any
     Url https://link.springer.com/article/10.1007/s40501-015-0057-2


     Search term "Best+practice"+OR+"General+guidelines"+"FDA+Requirements"+"Regulated"
     Title Integration of temperature-controlled requirements into pharmacy practice
     Author ['R Ziance', 'C Chandler', 'RH Bishara']
     Venue Journal of the American Pharmacists …
     Year 2009
     Abstract 6 Each facility must include regulated temperature, ventilation, humidity, and lighting that  FDA requirements closely follow guidelines issued by the International Conference on Harmonization (ICH  the United States, 14 has issued wholesale distributor best practice guidelines to
     Url https://www.sciencedirect.com/science/article/pii/S1544319115310013


     Search term "Best+practice"+OR+"General+guidelines"+"FDA+Requirements"+"Regulated"
     Title An approach for managing clinical trial applications using semantic information models
     Author ['HG Fill', 'I Reischl']
     Venue International Conference on Business Process …
     Year 2009
     Abstract prise. The Journal of the American Medical Association 289(10), 1278–1287 (2003) 4. Himmelreich, J.: A compliance office for heavily regulated enterprises – a best practice approach meeting US FDA requirements. BT Technology
     Url https://link.springer.com/chapter/10.1007/978-3-642-12186-9_56


     Search term "Best+practice"+OR+"General+guidelines"+"FDA+Requirements"+"Regulated"
     Title Skin Antisepsis: First Line of Defense Set Skin Preparation in Motion Before the Incision
     Author ['J Seltzer']
     Venue Perioperative Nursing Clinics
     Year 2011
     Abstract [Not Found]
     Url [Not Found]


     Search term "Best+practice"+OR+"General+guidelines"+"FDA+Requirements"+"Regulated"
     Title Nonsmokers' responses to new warning labels on smokeless tobacco and electronic cigarettes: an experimental study
     Author ['L Popova', 'PM Ling']
     Venue BMC public health
     Year 2014
     Abstract Graphic warning labels are a tobacco control best practice that is mandated in the US for  a marketing strategy and promote new tobacco products as meeting the FDA requirements or being  the “FDA Approved” label is prohibited for tobacco products currently regulated by the
     Url https://link.springer.com/article/10.1186/1471-2458-14-997


     Search term "Best+practice"+OR+"General+guidelines"+"FDA+Requirements"+"Regulated"
     Title Clinical and Healthcare Audit: Assuring Software Quality in Hospitals
     Author ['I Richardson']
     Venue NA
     Year NA
     Abstract [Not Found]
     Url [Not Found]


     Search term "Best+practice"+OR+"General+guidelines"+"FDA+Requirements"+"Regulated"
     Title Integration of biostatistics and pharmacometrics computing platforms for efficient and reproducible PK/PD analysis: A case study
     Author ['YC Ou', 'A Lo', 'B Lee', 'P Liu', 'K Kimura']
     Venue The Journal of …
     Year 2013
     Abstract process of documentation and testing that must conform to current FDA requirements including those  Under Title 21 CFR Part 11, FDA‐regulated industries are to implement  Maintaining traceability and reproducibility of data and models should be considered best practice
     Url https://accp1.onlinelibrary.wiley.com/doi/abs/10.1002/jcph.157


     Search term "Best+practice"+OR+"General+guidelines"+"FDA+Requirements"+"Regulated"
     Title Potency evaluation of tissue engineered and regenerative medicine products
     Author ['K Guthrie', 'A Bruce', 'N Sangha', 'E Rivera', 'J Basu']
     Venue Trends in biotechnology
     Year 2013
     Abstract the regeneration of native tissues and organs by niche-specific directed differentiation towards defined developmental lineages as regulated by contextual  of the points in Table 1. The combination of assays within the assay matrix serves to address all of the FDA's requirements
     Url https://www.sciencedirect.com/science/article/pii/S0167779913001169


     Search term "Best+practice"+OR+"General+guidelines"+"FDA+Requirements"+"Regulated"
     Title Changing Our Minds: Reforming the FDA Medical Device Reclassification Process
     Author ['SF Powell']
     Venue Food & Drug LJ
     Year 2018
     Abstract Page 1. Changing Our Minds: Reforming the FDA Medical Device Reclassification Process SPENSER F. POWELL* ABSTRACT The United States Food and Drug Administration's (FDA) initial classification decision regarding
     Url https://heinonline.org/hol-cgi-bin/get_pdf.cgi?handle=hein.journals/foodlj73&section=10


     Search term "Best+practice"+OR+"General+guidelines"+"FDA+Requirements"+"Regulated"
     Title Quality management and regulation
     Author ['J Prichard']
     Venue Handbook of Practical Immunohistochemistry
     Year 2011
     Abstract 25. What is the difference in FDA requirements for manufacturers of an ASR versus an RUO reagent  laboratory testing.” Attention to the class designation of antibodies is a Best Practice and CAP  Under CLIA'88, laboratories in the USA are regulated based on the test complexity
     Url https://link.springer.com/chapter/10.1007/978-1-4419-8062-5_1


     Search term "Best+practice"+OR+"General+guidelines"+"FDA+Requirements"+"Regulated"
     Title A unique perspective on the demand for livestock product attributes
     Author ['ES Byrd']
     Venue NA
     Year 2016
     Abstract diminished and private property rights gained more recognition.27 Due in part to dwindling game animal populations, lawmakers restricted and regulated hunting, effectively ending the free taking doctrine.28 As a result of these changes, the current
     Url https://docs.lib.purdue.edu/open_access_dissertations/907/


     Search term "Best+practice"+OR+"General+guidelines"+"FDA+Requirements"+"Regulated"
     Title Nutritional labeling legislation
     Author ['WJ De Koe']
     Venue Accreditation and quality assurance
     Year 1997
     Abstract The elaboration of General Guidelines on nutri- tion and health claims for labeling was endorsed be  had to comply with most of the Food and Drug Administration's (FDA) requirements by May 8  Rules 58(3):631–691 (meat and poultry), 2065–2964 (FDA – regulated products) 5
     Url https://link.springer.com/article/10.1007/s007690050099


     Search term "Best+practice"+OR+"General+guidelines"+"FDA+Requirements"+"Regulated"
     Title Towards empathic design in the Irish medical device industry
     Author ['S Morris', 'K Cormican']
     Venue DS 70: Proceedings of DESIGN 2012, the …
     Year 2012
     Abstract lifesaving pieces of equipment and therefore the industry is highly regulated by agencies  of processes are: • A regulatory based process, structured around FDA requirements and ISO13485  team members engaged at the time, as opposed to following a predefined best practice
     Url https://www.designsociety.org/download-publication/32072/towards_empathic_design_in_the_irish_medical_device_industry


     Search term "Best+practice"+OR+"General+guidelines"+"FDA+Requirements"+"Regulated"
     Title Regulation and technology innovation: a comparison of stated and formal regulatory barriers throughout the technology innovation process
     Author ['R Engberg', 'P Altmann']
     Venue Journal of technology management & …
     Year 2015
     Abstract subject to regulation in the form of design controls and are formally regulated by 21  thus suggesting that regulatory barriers might emerge during the translation of FDA requirements into the  Optimizing the stage-gate process: What best-practice companies are doing - part one
     Url https://scielo.conicyt.cl/scielo.php?pid=S0718-27242015000300010&script=sci_arttext&tlng=e


     Search term "Best+practice"+OR+"General+guidelines"+"FDA+Requirements"+"Regulated"
     Title Clinical Issues—February 2012
     Author ['B Burlingame']
     Venue AORN journal
     Year 2012
     Abstract Information needed to meet the FDA requirements is frequently documented by the perioperative nurse  patient, then perioperative personnel should dispose of it in the regulated medical waste  of the change at regular intervals until the change is incorporated as best practice. 5
     Url https://www.sciencedirect.com/science/article/pii/S0001209211012336


     Search term "Best+practice"+OR+"General+guidelines"+"FDA+Requirements"+"Regulated"
     Title Immunohistochemistry Quality Management and Regulation
     Author ['J Prichard']
     Venue Handbook of Practical Immunohistochemistry
     Year 2015
     Abstract 1.25. What is the difference in FDA requirements for manufacturers of an ASR versus an RUO reagent  laboratory testing.” Attention to the class designation of antibodies is a Best Practice and CAP  Under CLIA '88, laboratories in the United States are regulated based on the test
     Url https://link.springer.com/chapter/10.1007/978-1-4939-1578-1_1


     Search term "Best+practice"+OR+"General+guidelines"+"FDA+Requirements"+"Regulated"
     Title Towards Empathic Design in the Irish Medical Device Industry
     Author ['K Cormican']
     Venue Journal of Product Innovation Management
     Year 2008
     Abstract lifesaving pieces of equipment and therefore the industry is highly regulated by agencies  of processes are: • A regulatory based process, structured around FDA requirements and ISO13485  team members engaged at the time, as opposed to following a predefined best practice
     Url https://aran.library.nuigalway.ie/bitstream/handle/10379/3897/DESIGN2012-MORRIS-CORMICAN.pdf?sequence=4


     Search term "Best+practice"+OR+"General+guidelines"+"FDA+Requirements"+"Regulated"
     Title Emulsified Property
     Author ['JA Shoemaker']
     Venue Pepp. L. Rev.
     Year 2015
     Abstract Part IV discusses the history of facial recognition technology in the United States and how it has been monitored and regulated  Part IV discusses the ways that facial recognition technology is being regulated in the United States
     Url https://heinonline.org/hol-cgi-bin/get_pdf.cgi?handle=hein.journals/pepplr43&section=29

