Showing papers for search query "Best+practice"+OR+"General+guidelines"+"Continuous"+"Hardware+simulation"

     Search term "Best+practice"+OR+"General+guidelines"+"Continuous"+"Hardware+simulation"
     Title Performance monitoring in a time-sharing system
     Author ['TB Pinkerton']
     Venue Communications of the ACM
     Year 1969
     Abstract Some general guidelines are offered for the construction of future monitoring programs  have recently been reported [1, 2] are based on sampling rather than continuous analysis  Another basic software tech- nique is that of hardware simulation [3]. The present facility, because it
     Url https://dl.acm.org/doi/abs/10.1145/363269.363279


     Search term "Best+practice"+OR+"General+guidelines"+"Continuous"+"Hardware+simulation"
     Title A life cycle for modeling and simulation
     Author ['O Balci']
     Venue Simulation
     Year 2012
     Abstract 1. Logic 2. Continuous M&S 2. Differential equations  15. Hardware + Simulation 16  UC- based requirements engineering is considered to be the best practice for the following reasons. 1. A UC represents a small amount of work the simu- lation model is required to perform
     Url https://journals.sagepub.com/doi/abs/10.1177/0037549712438469


     Search term "Best+practice"+OR+"General+guidelines"+"Continuous"+"Hardware+simulation"
     Title Novel methods for endoscopic training
     Author ['CE Gessner', 'PS Jowell', 'J Baillie']
     Venue Gastrointestinal Endoscopy Clinics of …
     Year 1995
     Abstract issued its first general guidelines on training in gastroenterology"; these included general guidelines for endoscopic  created via use of a generalized cylinder model, such that a continuous path of  Guy CN., Gillies DF, Burger P, et al: Hardware simulation of endoscope loops for
     Url https://www.sciencedirect.com/science/article/pii/S1052515718304434


     Search term "Best+practice"+OR+"General+guidelines"+"Continuous"+"Hardware+simulation"
     Title Energy neutral operation of vibration energy-harvesting sensor networks for bridge applications
     Author ['A Gaglione', 'D Rodenas-Herraiz', 'Y Jia', 'S Nawaz']
     Venue NA
     Year 2018
     Abstract Most of the research on structural monitoring of bridges with WSNs primarily focuses on continuous (near-) real-time monitoring  of a multihop sensor network in simulation for a certain set of applications, it provides general guidelines for designing  LTspice hardware simulation
     Url http://publications.aston.ac.uk/id/eprint/38883/


     Search term "Best+practice"+OR+"General+guidelines"+"Continuous"+"Hardware+simulation"
     Title Safe adaptation of vehicle software systems
     Author ['M Hussein', 'R Nouacer', 'A Radermacher']
     Venue Microprocessors and …
     Year 2017
     Abstract platforms (VP) in both hardware and software development allows mastering the complexity of applications, meeting the production deadlines, parallelization of hardware/software development, anticipation of integration, and in particular the detection and continuous rise of
     Url https://www.sciencedirect.com/science/article/pii/S0141933116304173


     Search term "Best+practice"+OR+"General+guidelines"+"Continuous"+"Hardware+simulation"
     Title FPGA based Hardware-in-the-Loop Simulation for Digital Control of Power Converters using VHDL-AMS
     Author ['AD Benhamadouche', 'A Ballouti', 'F Djahli']
     Venue INTERNATIONAL …
     Year 2018
     Abstract In different engineering systems such automotive, mechatronic or control systems, best practice for V&V  communication and synchronization between a discrete-time and continuous-time simulator  and VHDL-AMS modeling in an advanced software/hardware simulation platform
     Url http://13.233.42.234/Downloads/Volume9No12/Paper_73-FPGA_based_Hardware_in_the_Loop_Simulation.pdf


     Search term "Best+practice"+OR+"General+guidelines"+"Continuous"+"Hardware+simulation"
     Title Exploiting quasi-periodicity in receiver dynamics to enhance GNSS carrier phase tracking
     Author ['S Bhaskar']
     Venue Proceedings of the 27th International Technical …
     Year 2014
     Abstract The method performs the continuous estimation of the process to accommodate and measure time-varying process attributes and is therefore  likely that this technique will be subjected to tuning and modifications based on the actual receiver dynamics, general guidelines will be
     Url https://schulich.ucalgary.ca/position-location-and-navigation/files/position-location-and-navigation/bhaskar2014_conference.pdf


     Search term "Best+practice"+OR+"General+guidelines"+"Continuous"+"Hardware+simulation"
     Title Product management: visualization technology and 3D simulator of Aker Solutions
     Author ['T Tongpradith']
     Venue NA
     Year 2014
     Abstract 46 Figure 6.9 Flow process chart of performance continuous improvement. .... 47  systems. 2.1.2 Development of Visualization Technology System The advances in graphics and hardware simulation technology have significantly developed
     Url https://uis.brage.unit.no/uis-xmlui/handle/11250/220123


     Search term "Best+practice"+OR+"General+guidelines"+"Continuous"+"Hardware+simulation"
     Title European white book on real-time power hardware in the loop testing: Derlab report no. r-005.0
     Author ['E de Jong', 'R de Graff', 'P Vassen', 'P Crolla', 'A Roscoe']
     Venue NA
     Year 2012
     Abstract This has very strong advantages over a pure hardware simulation as it is very flexible and has typically only a fraction of the eco- nomical costs  The resulting equivalent model for the quasi continuous approach is shown in [17, 18, 30]
     Url https://strathprints.strath.ac.uk/id/eprint/43450


     Search term "Best+practice"+OR+"General+guidelines"+"Continuous"+"Hardware+simulation"
     Title FPGA-based hardware-in-the-loop for multi-domain simulation
     Author ['AD Benhamadouche', 'F Djahli', 'A Ballouti']
     Venue International Journal of …
     Year 2019
     Abstract In different engineering systems, such as automotive, mechatronic or control systems, the best practice for V&V requests the  7. PID structure in continuous-time domain  7. Parma GG, Dinavahi V., Real-time digital hardware simulation of power electronics and drives, IEEE Trans
     Url https://www.worldscientific.com/doi/abs/10.1142/S179396231950020X


     Search term "Best+practice"+OR+"General+guidelines"+"Continuous"+"Hardware+simulation"
     Title Simulation of Automated File Migratoon in Information Lifecycle Management
     Author ['LA Turczyk', 'C Frei', 'M Behrens', 'N Liebau']
     Venue AMCIS 2008 …
     Year 2008
     Abstract 1 “Distribution model” in the table stands for the suitable continuous and truncated distribution function in a mixed distribution function. Page 5  COMPARISON OF MIGRATION RULES Industry best practice is to take a strategic view of storage architectures and determine the best
     Url https://aisel.aisnet.org/cgi/viewcontent.cgi?article=1407&context=amcis2008


     Search term "Best+practice"+OR+"General+guidelines"+"Continuous"+"Hardware+simulation"
     Title Development of an effective remote interactive laboratory for online internetworking education
     Author ['SC Sivakumar', 'W Robertson']
     Venue 37th Annual Hawaii International …
     Year 2004
     Abstract implementation of an effective remote interactive laboratory (RIL) environment is highly challenging on account of the special hardware, simulation and computing  include: i) an expert curriculum ii) ease of use; iii) involve continuous assessment; iv) allow real-time feedback to
     Url https://ieeexplore.ieee.org/abstract/document/1265054/


     Search term "Best+practice"+OR+"General+guidelines"+"Continuous"+"Hardware+simulation"
     Title System on Chip
     Author ['W Badawy']
     Venue System-on-chip for real-time applications
     Year 2003
     Abstract mass production volumes in consumer products, SoC development faces a continuous decrease of  These guidelines provide the underlying methodology to establish a best practice IP reuse  not sufficient due to deficient processor models and slow hardware simulation speeds
     Url https://link.springer.com/chapter/10.1007/978-1-4615-0351-4_1


     Search term "Best+practice"+OR+"General+guidelines"+"Continuous"+"Hardware+simulation"
     Title EQUITAS: A tool-chain for functional safety and reliability improvement in automotive systems
     Author ['R Nouacer', 'M Djemal', 'S Niar', 'G Mouchard']
     Venue Microprocessors and …
     Year 2016
     Abstract These two achievements are obtained by (1) developing a continuous tool-chain to automate the V&V process, (2) improving the relevance of the test campaigns by detecting redundant tests using equivalence classes, (3) providing assistance for hardware failure effect analysis
     Url https://www.sciencedirect.com/science/article/pii/S0141933116301156


     Search term "Best+practice"+OR+"General+guidelines"+"Continuous"+"Hardware+simulation"
     Title Better Software. Faster!: Best Practices in Virtual Prototyping
     Author ['T De Schutter']
     Venue NA
     Year 2014
     Abstract Faster!” nicely merges a practical overview of the benefits of virtual prototypes with best practice case studies from real users.” Stephan  For example, bottlenecks can emerge if desires for more frequent software builds and continuous integration are paired with inadequate
     Url https://books.google.com/books?hl=fr&lr=&id=0VHKAwAAQBAJ&oi=fnd&pg=PP1&dq=%22Best+practice%22+OR+%22General+guidelines%22+%22Continuous%22+%22Hardware+simulation%22&ots=cw6VuaLxh0&sig=1ggg2YLf2ATgwP8VRHiXttLWIDg


     Search term "Best+practice"+OR+"General+guidelines"+"Continuous"+"Hardware+simulation"
     Title Experiences from planetary autonomy software from research to planetary flight robots
     Author ['IAD Nesnas']
     Venue NA
     Year 2017
     Abstract 12 Page 12. 6/16/2020 Autonomous Navigation in Rough Terrain • Rover control • Rover navigation • Path planning with continuous replanning • Terrain Traversability analysis • Multi-stereo data fusion • Visual odometry • Stereovision • Inertial sensing and estimation
     Url https://trs.jpl.nasa.gov/bitstream/handle/2014/48929/CL%2317-6662.pdf?sequence=1&isAllowed=y


     Search term "Best+practice"+OR+"General+guidelines"+"Continuous"+"Hardware+simulation"
     Title Proactive event driven computing
     Author ['Y Engel', 'Z Feldman']
     Venue US Patent 10,643,133
     Year 2020
     Abstract entity, a hardware or hardware simulation, a combination of hardware simulation and software  the EDF allows association with survival analysis and provides general guidelines on how  proactive action definition, hence making the proactive action space continuous instead of a
     Url https://patents.google.com/patent/US10643133B2/en


     Search term "Best+practice"+OR+"General+guidelines"+"Continuous"+"Hardware+simulation"
     Title Architecture-Centric Modeling, Analysis, and Verification of Cyber-Physical Systems
     Author ['S Nakajima', 'JP Talpin', 'M Toyoshima', 'H Yu']
     Venue NA
     Year 2016
     Abstract or CPS model refers to, time takes a different form, namely continuous vs discrete  Current best practice of building and then testing software-reliant mission and safety critical systems  The cornerstone of SimSoC is a library of hardware simulation modules, that include Instruction
     Url https://shonan.nii.ac.jp/docs/5296fabd2d5262bb0fd4870004bc2ac0e46b3015.pdf


     Search term "Best+practice"+OR+"General+guidelines"+"Continuous"+"Hardware+simulation"
     Title Digital archaeology: Rescuing neglected and damaged data resources. A JISC/NPO study within the Electronic Libraries (eLib) Programme on the Preservation of …
     Author ['S Ross', 'A Gow']
     Venue NA
     Year 1999
     Abstract Page 1. Ross, S., and Gow, A. (1999) Digital archaeology: rescuing neglected and damaged data resources. A JISC/NPO study within the Electronic Libraries (eLib) Programme on the preservation of electronic materials. Project Report
     Url https://eprints.gla.ac.uk/100304


     Search term "Best+practice"+OR+"General+guidelines"+"Continuous"+"Hardware+simulation"
     Title Design Considerations for Building Credible Security Testbeds: A Systematic Study of Industrial Control System Use Cases
     Author ['UD Ani', 'JM Watson', 'B Green', 'B Craggs']
     Venue arXiv preprint arXiv …
     Year 2019
     Abstract Whilst the term 'Simulation' is commonplace, often such environments can also be referred to as 'Testbeds'. This encompasses the range of setups that include hardware-in-the- loop (HIL) as a step between 'computer simulation' and 'physical operational hardware simulation'
     Url https://arxiv.org/abs/1911.01471


     Search term "Best+practice"+OR+"General+guidelines"+"Continuous"+"Hardware+simulation"
     Title Towards a virtual network function research agenda: A systematic literature review of VNF design considerations
     Author ['C Zhang', 'HP Joshi', 'GF Riley', 'SA Wright']
     Venue Journal of Network and Computer …
     Year 2019
     Abstract The best practice is to keep the VNFC as lightweight as possible while it still  Load balancing supports continuous service through multiple life cycle operations (eg scaling, fault, upgrade)  might already be deployed in real world, tested using servers/hardware/simulation, or is a
     Url https://www.sciencedirect.com/science/article/pii/S1084804519302516


     Search term "Best+practice"+OR+"General+guidelines"+"Continuous"+"Hardware+simulation"
     Title European white book on grid-connected storage
     Author ['E Lemaire', 'N Martin', 'P Nørgård', 'E de Jong']
     Venue … , Institution CEA INES …
     Year 2011
     Abstract Page 1. European White Book on Grid-Connected Storage Elisabeth Lemaire Nicolas Martin Per Nørgård Erik de Jong Roald de Graaf Jasper Groenewegen Efstathia Kolentini Stathis Tselepis Date: 2011-12 European Distributed Energy Resources Laboratories
     Url http://bibing.us.es/proyectos/abreproy/70370/fichero/34.+European+White+Book+on+Grid-Connected+Storage.pdf


     Search term "Best+practice"+OR+"General+guidelines"+"Continuous"+"Hardware+simulation"
     Title Data processing on FPGAs
     Author ['J Teubner', 'L Woods']
     Venue Synthesis Lectures on Data …
     Year 2013
     Abstract First, we give general guidelines how algorithms and systems can be designed to leverage the potential of FPGAs (Chapter 4). Chapter 5 illustrates a number of examples that successfully used FPGAs to improve database performance
     Url https://www.morganclaypool.com/doi/abs/10.2200/S00514ED1V01Y201306DTM035


     Search term "Best+practice"+OR+"General+guidelines"+"Continuous"+"Hardware+simulation"
     Title Application development process for GNAT, a SOC networked system
     Author ['CL Plumlee']
     Venue NA
     Year 2008
     Abstract xi Table 2: Trade-offs of HDL Design methods 9 Table 3: Simulink Hardware-in-the-Loop Example 10 Table 4: Software and Hardware simulation time comparison 11  1203 170 187 Additive White Gaussian Noise Char nel 600 Hardware Simulation Time (seconds) 6 IS 4 27 80
     Url https://scholars.unh.edu/thesis/396/


     Search term "Best+practice"+OR+"General+guidelines"+"Continuous"+"Hardware+simulation"
     Title FHWA Skid Measurement Test Centers
     Author ['HC Huckins']
     Venue Public Roads
     Year 1977
     Abstract As a result, this model is as rigid as the earlier Discrete and Continuous Variable Model  vehicle location within the network, and both journey times and delays for each boundary category 2" Logical Design and Associated Computer Studies for the Hardware Simulation of Traffic
     Url https://books.google.com/books?hl=fr&lr=&id=YOk6AQAAMAAJ&oi=fnd&pg=PA74&dq=%22Best+practice%22+OR+%22General+guidelines%22+%22Continuous%22+%22Hardware+simulation%22&ots=v9gByi6gbu&sig=ivqEmiLPkbqbwliqUUdUm6lr-t8


     Search term "Best+practice"+OR+"General+guidelines"+"Continuous"+"Hardware+simulation"
     Title 42: Programmable models of computation for the component-based virtual prototyping of heterogeneous embedded systems
     Author ['F Maraninchi', 'T Bouhadiba']
     Venue NA
     Year 2009
     Abstract MoCCs. Another important aspect of Ptolemy is to allow the combination of discrete and continuous models in the same system description, which is really useful for embedded systems that may include digital and analog parts
     Url http://citeseerx.ist.psu.edu/viewdoc/download?doi=10.1.1.219.6398&rep=rep1&type=pdf


     Search term "Best+practice"+OR+"General+guidelines"+"Continuous"+"Hardware+simulation"
     Title Introduction to feedback control
     Author ['Q Li']
     Venue NA
     Year 2010
     Abstract [Not Found]
     Url [Not Found]


     Search term "Best+practice"+OR+"General+guidelines"+"Continuous"+"Hardware+simulation"
     Title From build-to-order to customize-to-order
     Author ['R Ericsson', 'R Becker', 'A Döring']
     Venue … . Consortium of the …
     Year 2010
     Abstract 4. The idea of the website is therefore to sup- port the reader for implementation of the methods. In addition to the description of many methods, best-practice examples are also given to illustrate their implementation. Each method
     Url https://wiki.iao.fraunhofer.de/images/studien/advancing-the-automotive-industry-by-collaboration-and-modularity.pdf


     Search term "Best+practice"+OR+"General+guidelines"+"Continuous"+"Hardware+simulation"
     Title Modeling and simulation of energy systems: A review
     Author ['ASR Subramanian', 'T Gundersen', 'TA Adams']
     Venue Processes
     Year 2018
     Abstract fuel cell system has been built at the US Department of Energy National Energy Technology Laboratory for hardware simulation purposes as  There are several ways of categorizing mathematical models, for instance, into discrete and continuous models according to the nature
     Url https://www.mdpi.com/2227-9717/6/12/238


     Search term "Best+practice"+OR+"General+guidelines"+"Continuous"+"Hardware+simulation"
     Title Variation-resilient True Random Number Generators based on Magnetic Tunnel Junctions
     Author ['Y Qu']
     Venue NA
     Year 2017
     Abstract two years of graduate study. First of all, I would like to express my sincere gratitude to my supervisor, Dr. Jie Han, for his continuous support of my research. I really appreciate his  probability bias/variation are provided as general guidelines for choosing the
     Url https://era.library.ualberta.ca/items/9c410b6f-6090-4967-b9a5-a591a7e3a68e


     Search term "Best+practice"+OR+"General+guidelines"+"Continuous"+"Hardware+simulation"
     Title Evaluation and improvement of road vehicle pollutant emission factors based on instantaneous emissions data processing
     Author ['V Franco García']
     Venue NA
     Year 2014
     Abstract Road Transport. CRT: Continuously Regenerating Trap (particle filter). CVS: Continuous Volume Sampling. DACH-NL-S: Germany, Austria, Switzerland, the Netherlands and Sweden (group of countries that use HBEFA). DG
     Url https://www.tdx.cat/handle/10803/146187


     Search term "Best+practice"+OR+"General+guidelines"+"Continuous"+"Hardware+simulation"
     Title SystemC kernel extensions for heterogeneous system modeling: a framework for Multi-MoC modeling & simulation
     Author ['H Patel', 'SK Shukla']
     Venue NA
     Year 2004
     Abstract These experiments have included adding mixed- signal, continuous-time model solving to the discrete time concepts of SystemC; developing various notions for transaction-level modeling at intermediate abstraction levels between untimed functional models and time, signal
     Url https://books.google.com/books?hl=fr&lr=&id=jwEaZ8_tuogC&oi=fnd&pg=PR5&dq=%22Best+practice%22+OR+%22General+guidelines%22+%22Continuous%22+%22Hardware+simulation%22&ots=jNH61FIGz7&sig=lh-7L2QgCNtFwIBqxN2kWlb0dU8


     Search term "Best+practice"+OR+"General+guidelines"+"Continuous"+"Hardware+simulation"
     Title PIC microcontrollers: an introduction to microelectronics
     Author ['M Bates']
     Venue NA
     Year 2011
     Abstract noted herein). Notices Knowledge and best practice in this field are constantly changing. As  the CPU. The Intel CPU has undergone rapid and continuous development since the introduction of the PC in the early 1980s. Intel
     Url https://books.google.com/books?hl=fr&lr=&id=pdbf2HuMzREC&oi=fnd&pg=PP1&dq=%22Best+practice%22+OR+%22General+guidelines%22+%22Continuous%22+%22Hardware+simulation%22&ots=S75DdG4HDo&sig=oJO42SKLm0uvuBfT9DgdnqzMUHs


     Search term "Best+practice"+OR+"General+guidelines"+"Continuous"+"Hardware+simulation"
     Title MIRADCOM/AFATL Hybrid Simulation Facility Compatibility Study. Volume 1
     Author ['DH Dublin', 'KL Hall', 'WM Holmes']
     Venue NA
     Year 1977
     Abstract [Not Found]
     Url [Not Found]


     Search term "Best+practice"+OR+"General+guidelines"+"Continuous"+"Hardware+simulation"
     Title The e hardware verification language
     Author ['S Iman', 'S Joshi']
     Venue NA
     Year 2007
     Abstract diligence of people at Verisity Inc. Verification methodologies as discussed in this book were either created or impactedby Verisity's continuous effort to address the functional verifi- cation challenge. We are grateful to Verisity
     Url https://books.google.com/books?hl=fr&lr=&id=51TlBwAAQBAJ&oi=fnd&pg=PA1&dq=%22Best+practice%22+OR+%22General+guidelines%22+%22Continuous%22+%22Hardware+simulation%22&ots=AEsYxvVzGB&sig=67lL0ClUiN28CNuakMihj5e06Qc


     Search term "Best+practice"+OR+"General+guidelines"+"Continuous"+"Hardware+simulation"
     Title International Conference on Electronics and Electrical Engineering: CEEE2014
     Author ['N Crespi']
     Venue NA
     Year 2014
     Abstract 18, 2014. CEEE2014 provided a forum for accessing to the most up-to-date research and application on Electronic and Electrical Engineering from both industrial and academic worlds, sharing best practice in these fields. All
     Url https://books.google.com/books?hl=fr&lr=&id=Cb1GBAAAQBAJ&oi=fnd&pg=PA1&dq=%22Best+practice%22+OR+%22General+guidelines%22+%22Continuous%22+%22Hardware+simulation%22&ots=eK7-Q9e5TW&sig=pCkQWb6rVzSncOmtEWtxbEwuveI


     Search term "Best+practice"+OR+"General+guidelines"+"Continuous"+"Hardware+simulation"
     Title Platform and MPSoC Design
     Author ['L Benini']
     Venue NA
     Year NA
     Abstract [Not Found]
     Url [Not Found]


     Search term "Best+practice"+OR+"General+guidelines"+"Continuous"+"Hardware+simulation"
     Title A digital signal processor and programming system for parallel signal processing
     Author ['DE Van den Bout']
     Venue NA
     Year 1987
     Abstract 220 References 238 Appendix A. The Axe Hardware Simulation Language..... 248  Before World War II, all signal processing was done in the analog domain (ie continuous-time, continuous-signal). With the advent of integrated
     Url https://repository.lib.ncsu.edu/bitstream/handle/1840.4/1262/CCSP_1987_06.pdf?sequence=1


     Search term "Best+practice"+OR+"General+guidelines"+"Continuous"+"Hardware+simulation"
     Title Policies, News, and Updates
     Author ['M Croxford', 'R Chapman', 'G Miller', 'TL Bennett']
     Venue crosstalk
     Year 2005
     Abstract This article presents an approach that has delivered software with very low defect rates cost-effectively. We describe the technical details of the approach and the results achieved, and discuss how to overcome barriers to adopting such best practice approaches
     Url http://citeseerx.ist.psu.edu/viewdoc/download?doi=10.1.1.117.427&rep=rep1&type=pdf


     Search term "Best+practice"+OR+"General+guidelines"+"Continuous"+"Hardware+simulation"
     Title Embedded Systems Handbook: Embedded systems design and verification
     Author ['R Zurawski']
     Venue NA
     Year 2018
     Abstract detail, the functional design; function/architecture and hardware/software codesign; and hardware/software co-verification and hardware simulation  Subsequently, it reviews different MoCs to include continuous time models, discrete time models, synchronous models, untimed
     Url https://books.google.com/books?hl=fr&lr=&id=Jts_CQAAQBAJ&oi=fnd&pg=PR3&dq=%22Best+practice%22+OR+%22General+guidelines%22+%22Continuous%22+%22Hardware+simulation%22&ots=r0Fe3oky9_&sig=ZCj4psJYifPu9WFb43d9MWeZifI


     Search term "Best+practice"+OR+"General+guidelines"+"Continuous"+"Hardware+simulation"
     Title CrossTalk: The Journal of Defense Software Engineering. Volume 18, Number 12
     Author ['M Croxford', 'R Chapman', 'G Miller', 'TL Bennett']
     Venue NA
     Year 2005
     Abstract [Not Found]
     Url [Not Found]


     Search term "Best+practice"+OR+"General+guidelines"+"Continuous"+"Hardware+simulation"
     Title Embedded systems handbook
     Author ['R Zurawski']
     Venue NA
     Year 2005
     Abstract It gives an overview of the design issues and stages. Then, the chapter presents, in quite some detail, the functional design, function/architecture and hardware/software codesign, and hardware/software coverification and hardware simulation
     Url https://books.google.com/books?hl=fr&lr=&id=qYAqBgAAQBAJ&oi=fnd&pg=PP1&dq=%22Best+practice%22+OR+%22General+guidelines%22+%22Continuous%22+%22Hardware+simulation%22&ots=agzdjDU3Ea&sig=EGwxv8Gjh20R6IpCmedtfyAutQk


     Search term "Best+practice"+OR+"General+guidelines"+"Continuous"+"Hardware+simulation"
     Title A hardware signal processor for Transition Edge Sensors
     Author ['G Gillett']
     Venue NA
     Year 2018
     Abstract where C is the sensors heat capacity. Right pane: TES detection pulses after processing by hardware simulation. The optical input  lution; and have higher operating temperatures requiring less expensive and more convenient continuous cycle cryogenics
     Url https://core.ac.uk/download/pdf/189928825.pdf


     Search term "Best+practice"+OR+"General+guidelines"+"Continuous"+"Hardware+simulation"
     Title Simulation model composition for the large-scale analysis of smart grid control mechanisms
     Author ['S Schütte']
     Venue NA
     Year 2013
     Abstract The simulation models may have different temporal resolutions and fidelity. 3Gunther, E.: “Re: Power System Simulation Tools to consider for best practice development”. Message to the OpenSG Simulations Working Group, 8 March 2011. E-Mail. Page 19
     Url http://citeseerx.ist.psu.edu/viewdoc/download?doi=10.1.1.429.635&rep=rep1&type=pdf


     Search term "Best+practice"+OR+"General+guidelines"+"Continuous"+"Hardware+simulation"
     Title Putting the pieces together: The systematic development of a software defined radio toolflow for the rhino project
     Author ['GE Inggs']
     Venue NA
     Year 2011
     Abstract 63 5.3.1 Systematising of the theoretical filter model . . . . . 63 5.3.2 CriticalSystemFeatures . . . . . 63 5.4 Hardware Simulation and  Implementation . . . . . 65 5.5 Tooflow Development Evaluation . . . . . 68
     Url https://open.uct.ac.za/handle/11427/11681


     Search term "Best+practice"+OR+"General+guidelines"+"Continuous"+"Hardware+simulation"
     Title Institute of Microelectronic Systems Prof. Dr. Dr. hc mult. Manfred Glesner Supervisor: Dr.-Ing. Thomas Hollstein
     Author ['S Jäger']
     Venue NA
     Year NA
     Abstract Despite recent track records in the field of functional formal verification methodology, it does not seem like the majority of the industry is yet willing to give functional formal verification a chance to take its part in taking a new step in the continuous fight against the design and
     Url http://citeseerx.ist.psu.edu/viewdoc/download?doi=10.1.1.222.4078&rep=rep1&type=pdf


     Search term "Best+practice"+OR+"General+guidelines"+"Continuous"+"Hardware+simulation"
     Title Embedded systems: world class designs
     Author ['J Ganssle']
     Venue NA
     Year 2007
     Abstract But one characteristic that both disciplines combine is a continuous search for new ideas, time-saving products, and canned solutions to common problems. Wise developers are resource-hunters. Engineering is the art of solving problems, along the way producing products
     Url https://books.google.com/books?hl=fr&lr=&id=g85yH6tF1S4C&oi=fnd&pg=PP1&dq=%22Best+practice%22+OR+%22General+guidelines%22+%22Continuous%22+%22Hardware+simulation%22&ots=EbDg4K44px&sig=lyLkpRwcJDRVlD6hsenNdBKYOpo


     Search term "Best+practice"+OR+"General+guidelines"+"Continuous"+"Hardware+simulation"
     Title Advanced Simulation and Computing Fiscal Year 2014 Program Notebook for Compuatational Systems and Software Environment and Facility Operations and …
     Author ['M McCoy', 'B Archer', 'M Matzen', 'T Hoang']
     Venue NA
     Year 2014
     Abstract Page 1. Lawrence Livermore National Laboratory is operated by Lawrence Livermore National Security, LLC, for the US Department of Energy, National Nuclear Security Administration under Contract DE-AC52-07NA27344. LLNL-TR-652433 L L N L - X X X X - X X X X X
     Url https://www.osti.gov/servlets/purl/1129134


     Search term "Best+practice"+OR+"General+guidelines"+"Continuous"+"Hardware+simulation"
     Title Constrained model predictive control for compliant position tracking of pneumatic systems
     Author ['HG Daepp']
     Venue NA
     Year 2016
     Abstract Page 1. CONSTRAINED MODEL PREDICTIVE CONTROL FOR COMPLIANT POSITION TRACKING OF PNEUMATIC SYSTEMS A Dissertation Presented to The Academic Faculty by Hannes G. Daepp In Partial Fulfillment of
     Url https://smartech.gatech.edu/handle/1853/55593


     Search term "Best+practice"+OR+"General+guidelines"+"Continuous"+"Hardware+simulation"
     Title A framework for deception
     Author ['F Cohen', 'D Lambert', 'C Preston', 'N Berry']
     Venue … Security Issues in …
     Year 2001
     Abstract To develop deception capabilities, including procedures and techniques for deception staff components, it is essential that deception receive continuous command emphasis in military exercises, command post exercises, and in training operations
     Url https://books.google.com/books?hl=fr&lr=&id=S7BT9BFcJmkC&oi=fnd&pg=PA123&dq=%22Best+practice%22+OR+%22General+guidelines%22+%22Continuous%22+%22Hardware+simulation%22&ots=NRkqIf-_Pd&sig=p9OXg2mCIOmis4IuibZxr2ggn90

