Showing papers for search query "Best+practice"+OR+"General+guidelines"+"Hardware+simulation"+"Regulated"

     Search term "Best+practice"+OR+"General+guidelines"+"Hardware+simulation"+"Regulated"
     Title Energy neutral operation of vibration energy-harvesting sensor networks for bridge applications
     Author ['A Gaglione', 'D Rodenas-Herraiz', 'Y Jia', 'S Nawaz']
     Venue NA
     Year 2018
     Abstract neutral operation of a multihop sensor network in simulation for a certain set of applications, it provides general guidelines for designing  It also pro- vides a regulated constant voltage supply to the sensor node, which is only operational when the  LTspice hardware simulation
     Url http://publications.aston.ac.uk/id/eprint/38883/


     Search term "Best+practice"+OR+"General+guidelines"+"Hardware+simulation"+"Regulated"
     Title FPGA based Hardware-in-the-Loop Simulation for Digital Control of Power Converters using VHDL-AMS
     Author ['AD Benhamadouche', 'A Ballouti', 'F Djahli']
     Venue INTERNATIONAL …
     Year 2018
     Abstract In different engineering systems such automotive, mechatronic or control systems, best practice for V&V  prototyping and VHDL-AMS modeling in an advanced software/hardware simulation platform  results of the implementation and simulation of a regulated power converter
     Url http://13.233.42.234/Downloads/Volume9No12/Paper_73-FPGA_based_Hardware_in_the_Loop_Simulation.pdf


     Search term "Best+practice"+OR+"General+guidelines"+"Hardware+simulation"+"Regulated"
     Title Verification of a CubeSat via hardware-in-the-loop simulation
     Author ['S Corpino', 'F Stesina']
     Venue IEEE Transactions on Aerospace and …
     Year 2014
     Abstract HIL is a hybrid software/hardware simulation architecture, in which the hardware part  mission reliability through several actions: improving design implementation, defining best practice for conducting  Electrical power is stored in two battery packs, then regulated and distributed
     Url https://ieeexplore.ieee.org/abstract/document/6978879/


     Search term "Best+practice"+OR+"General+guidelines"+"Hardware+simulation"+"Regulated"
     Title European white book on grid-connected storage
     Author ['E Lemaire', 'N Martin', 'P Nørgård', 'E de Jong']
     Venue … , Institution CEA INES …
     Year 2011
     Abstract Page 1. European White Book on Grid-Connected Storage Elisabeth Lemaire Nicolas Martin Per Nørgård Erik de Jong Roald de Graaf Jasper Groenewegen Efstathia Kolentini Stathis Tselepis Date: 2011-12 European Distributed Energy Resources Laboratories
     Url http://bibing.us.es/proyectos/abreproy/70370/fichero/34.+European+White+Book+on+Grid-Connected+Storage.pdf


     Search term "Best+practice"+OR+"General+guidelines"+"Hardware+simulation"+"Regulated"
     Title FHWA Skid Measurement Test Centers
     Author ['HC Huckins']
     Venue Public Roads
     Year 1977
     Abstract is also measured at 20, 40, and 60 mph (32, 64, and 97 km/h). Pumps, drives, and nozzles are modified or regulated for a  and both journey times and delays for each boundary category 2" Logical Design and Associated Computer Studies for the Hardware Simulation of Traffic
     Url https://books.google.com/books?hl=en&lr=&id=YOk6AQAAMAAJ&oi=fnd&pg=PA74&dq=%22Best+practice%22+OR+%22General+guidelines%22+%22Hardware+simulation%22+%22Regulated%22&ots=v9gByi7h8q&sig=GfX5bdoAU4vufQcbWgtcUp1Nc14


     Search term "Best+practice"+OR+"General+guidelines"+"Hardware+simulation"+"Regulated"
     Title International Conference on Electronics and Electrical Engineering: CEEE2014
     Author ['N Crespi']
     Venue NA
     Year 2014
     Abstract 18, 2014. CEEE2014 provided a forum for accessing to the most up-to-date research and application on Electronic and Electrical Engineering from both industrial and academic worlds, sharing best practice in these fields. All
     Url https://books.google.com/books?hl=en&lr=&id=Cb1GBAAAQBAJ&oi=fnd&pg=PA1&dq=%22Best+practice%22+OR+%22General+guidelines%22+%22Hardware+simulation%22+%22Regulated%22&ots=eK7-Q9f6QQ&sig=d_4PX1aPH_Iss9CnoI4uHnLASzM


     Search term "Best+practice"+OR+"General+guidelines"+"Hardware+simulation"+"Regulated"
     Title The Legibility of
     Author ['DA Gordon', 'JA Boyle']
     Venue Public Roads
     Year 1977
     Abstract The water flow rate is also measured at 20, 40, and 60 mph (32, 64, and 97 km/h). Pumps, drives, and nozzles are modified or regulated for a water flow rate and distribution ahead of the test tire to comply as closely as possible with ASTM E 274–70.- Tests are conducted on the
     Url https://books.google.com/books?hl=en&lr=&id=7NNRAQAAMAAJ&oi=fnd&pg=PA67&dq=%22Best+practice%22+OR+%22General+guidelines%22+%22Hardware+simulation%22+%22Regulated%22&ots=faMMciiuPd&sig=fN5WOT9GUTGih3jYFLnFEydoJ1Q


     Search term "Best+practice"+OR+"General+guidelines"+"Hardware+simulation"+"Regulated"
     Title Better Software. Faster!: Best Practices in Virtual Prototyping
     Author ['T De Schutter']
     Venue NA
     Year 2014
     Abstract “Better Software. Faster!” nicely merges a practical overview of the benefits of virtual prototypes with best practice case studies from real users.” Stephan Lauterbach Lauterbach Not for resale Page 4. Page 5. Better Software. Faster
     Url https://books.google.com/books?hl=en&lr=&id=0VHKAwAAQBAJ&oi=fnd&pg=PP1&dq=%22Best+practice%22+OR+%22General+guidelines%22+%22Hardware+simulation%22+%22Regulated%22&ots=cw6VuaMye_&sig=EzT52UMtttavtrOUJD0xYz9Hbs4


     Search term "Best+practice"+OR+"General+guidelines"+"Hardware+simulation"+"Regulated"
     Title Evaluation and improvement of road vehicle pollutant emission factors based on instantaneous emissions data processing
     Author ['V Franco García']
     Venue NA
     Year 2014
     Abstract Keywords: vehicle emissions, emission model, emission factor, engine emission map, CO2, fuel consumption, regulated pollutants, instantaneous signals, accuracy, time alignment, signal post- processing, chassis dynamometer, engine dynamometer, PEMS, harmonisation
     Url https://www.tdx.cat/handle/10803/146187


     Search term "Best+practice"+OR+"General+guidelines"+"Hardware+simulation"+"Regulated"
     Title Embedded systems: world class designs
     Author ['J Ganssle']
     Venue NA
     Year 2007
     Abstract Olaf Meding (Chapter 5) is a senior software development engineer with more than 15 years experience in all aspects of software analysis, design, development and configuration management in ISO 9001, FDA, and NASA regulated environments
     Url https://books.google.com/books?hl=en&lr=&id=g85yH6tF1S4C&oi=fnd&pg=PP1&dq=%22Best+practice%22+OR+%22General+guidelines%22+%22Hardware+simulation%22+%22Regulated%22&ots=EbDg4K55ly&sig=XDGF12HQAYdUUZr23lL4vfvjHmQ


     Search term "Best+practice"+OR+"General+guidelines"+"Hardware+simulation"+"Regulated"
     Title Constrained model predictive control for compliant position tracking of pneumatic systems
     Author ['HG Daepp']
     Venue NA
     Year 2016
     Abstract Page 1. CONSTRAINED MODEL PREDICTIVE CONTROL FOR COMPLIANT POSITION TRACKING OF PNEUMATIC SYSTEMS A Dissertation Presented to The Academic Faculty by Hannes G. Daepp In Partial Fulfillment of
     Url https://smartech.gatech.edu/handle/1853/55593


     Search term "Best+practice"+OR+"General+guidelines"+"Hardware+simulation"+"Regulated"
     Title Experimental characterization of fuel cell gas turbine power system and determination of optimal trajectories of operation using a model predictive controller
     Author ['B Restrepo']
     Venue NA
     Year 2011
     Abstract Morgantown, West Virginia 2011 Page 3. Abstract Hybrid Performance (HyPer) hardware simulation facility installed in the National Energy Technology Laboratory (NETL), US Department of Energy is a hardware in the loop
     Url https://researchrepository.wvu.edu/etd/3084/


     Search term "Best+practice"+OR+"General+guidelines"+"Hardware+simulation"+"Regulated"
     Title Simulating Multi-Agent Decision Making for a Self Healing Smart Grid
     Author ['K Nygard']
     Venue NA
     Year 2013
     Abstract Finally we explain the motivation for the creation of a simulation system to assess the self healing smart grid and we present some general guidelines  accurate hardware simulation of a simple Micro-grid using MATLAB and Simulink to model the
     Url https://library.ndsu.edu/ir/handle/10365/27200

