Showing papers for search query "Best+practice"+OR+"General+guidelines"+"Case+Study"+"PLC"+OR+"FPGA"

     Search term "Best+practice"+OR+"General+guidelines"+"Case+Study"+"PLC"+OR+"FPGA"
     Title Community of practice software management tools: A UK construction company case study
     Author ['M Jewell', 'DHT Walker']
     Venue … management in the construction industry: A …
     Year 2005
     Abstract and anecdotal evidence from interviews with its users of its value to the UK case study organisation  tool SIGMA CONNECT, followed by how this tool was used by Carillion PLC in the  of studies into the transfer (and often failure to fully transfer) of best practice within organisations
     Url https://www.igi-global.com/chapter/knowledge-management-construction-industry/25005


     Search term "Best+practice"+OR+"General+guidelines"+"Case+Study"+"PLC"+OR+"FPGA"
     Title Ethical banking in practice: a closer look at the Co-operative Bank UK PLC
     Author ['BC Chew', 'LH Tan', 'SR Hamid']
     Venue Qualitative Research in Financial …
     Year 2016
     Abstract The case study on the UK Co-operative Bank was based on primary data collected through a  in shaping the local banking industry to become more ethical (learning from the best practice of the  in practice: a closer look at the Co-operative Bank UK PLC", Qualitative Research in
     Url https://www.emerald.com/insight/content/doi/10.1108/QRFM-02-2015-0008/full/html


     Search term "Best+practice"+OR+"General+guidelines"+"Case+Study"+"PLC"+OR+"FPGA"
     Title Cultural Change Triggers Best Practice Sharing—British Aerospace plc.
     Author ['P Heisig', 'J Vorbeck']
     Venue Knowledge management
     Year 2003
     Abstract 14 Cultural Change Triggers Best Practice Sharing - British Aerospace pic  In 1998 at the time of data collection for this case study, British Aerospace was divided into two sections: the commercial sector that includes the business unit "British Aerospace Airbus" and the defense
     Url https://link.springer.com/chapter/10.1007/978-3-540-24778-4_14


     Search term "Best+practice"+OR+"General+guidelines"+"Case+Study"+"PLC"+OR+"FPGA"
     Title A review of total quality management in practice: understanding the fundamentals through examples of best practice applications‐Part I
     Author ['T Thiagarajan', 'M Zairi']
     Venue The TQM magazine
     Year 1997
     Abstract 1997), "A review of total quality management in practice: understanding the fundamentals through examples of best practice applications ‐ Part I  In describing the experiences of TQM implementation at Johnston Matthey plc, UK, George[19] emphasizes that senior management
     Url https://www.emerald.com/insight/content/doi/10.1108/09544789710181899/full/html?skipTracking=true&utm_source=TrendMD&utm_medium=cpc&utm_campaign=Training_for_Quality_TrendMD_0&WT.mc_id=Emerald_TrendMD_0


     Search term "Best+practice"+OR+"General+guidelines"+"Case+Study"+"PLC"+OR+"FPGA"
     Title Atomic Weapons Establishment plc
     Author ['Great Britain. Office for Standards in Education ']
     Venue NA
     Year 2008
     Abstract Atomic Weapons Establishment plc. Share. Printer-friendly version Printer-friendly version Permanent URL for this page: http://hdl.voced.edu.au/10707/18567
     Url https://www.voced.edu.au/content/ngv:38347


     Search term "Best+practice"+OR+"General+guidelines"+"Case+Study"+"PLC"+OR+"FPGA"
     Title Human resource management in the hospitality industry: A guide to best practice
     Author ['MJ Boella', 'S Goss-Turner']
     Venue NA
     Year 2019
     Abstract [Not Found]
     Url [Not Found]


     Search term "Best+practice"+OR+"General+guidelines"+"Case+Study"+"PLC"+OR+"FPGA"
     Title The Realities of Best Practice Human Resource Management: A Case Study at Freemans Plc
     Author ['R Brown']
     Venue NA
     Year NA
     Abstract [Not Found]
     Url [Not Found]


     Search term "Best+practice"+OR+"General+guidelines"+"Case+Study"+"PLC"+OR+"FPGA"
     Title Understanding customer satisfaction–a UK food industry case study
     Author ['D Adebanjo']
     Venue British Food Journal
     Year 2001
     Abstract six months, under the direction of LFRA, to research and share views on best practice customer satisfaction  Each member of the workgroup carried out a case study of a “best in class  Charlesworth, K., Ferguson, N., Macdonald and Mann, S. (1999), “UK plc needs to learn value of
     Url https://www.emerald.com/insight/content/doi/10.1108/00070700110382984/full/html


     Search term "Best+practice"+OR+"General+guidelines"+"Case+Study"+"PLC"+OR+"FPGA"
     Title Professional Standards Through Best Practice: Qualifying Consultants and Demonstrating Competence Internationally'
     Author ['C Barker', 'B Curnow']
     Venue The International Guide to Management …
     Year 2003
     Abstract Marks & Spencer plc Introduction The two years since the publication of the first  Professional standards through best practice 71 -can take full ownership for delivery of a project  evaluation process is in place requiring formal examination alongside a case study assessment and
     Url https://books.google.com/books?hl=en&lr=&id=oTcBQlUKWScC&oi=fnd&pg=PA67&dq=%22Best+practice%22+OR+%22General+guidelines%22+%22Case+Study%22+%22PLC%22+OR+%22FPGA%22&ots=68ynqsMCRk&sig=dc5F04TE-rVnDXpg3KGxB_YWSeg


     Search term "Best+practice"+OR+"General+guidelines"+"Case+Study"+"PLC"+OR+"FPGA"
     Title Quantitative evaluation of three reconfiguration strategies on FPGAs: A case study
     Author ['JO Cadens', 'GM Megson']
     Venue … Conference/Exhibition on …
     Year 2000
     Abstract we examine strategies for reconfiguration and based on expe- rience propose general guidelines of the  FPGAs applied to a systolic implementation of a scalar quantizer used as a case study  solutions for RTR systems, simply present total execution time and FPGA area given
     Url https://ieeexplore.ieee.org/abstract/document/846574/


     Search term "Best+practice"+OR+"General+guidelines"+"Case+Study"+"PLC"+OR+"FPGA"
     Title To enhance the quality of education with PLC process Case Study: Faculty of Education Suratthani Rajbhat University
     Author ['C Iemsa-ard']
     Venue Baddhana Journal
     Year 2020
     Abstract In addition, the network brings innovations (Good / Best Practice) from the work of each team such as the innovation of  The head of plc network  The Development of Professional Learning Community Model in School “To Enhance comprehensive Reading” : A Case Study of Ban
     Url https://so06.tci-thaijo.org/index.php/GDJOU/article/view/240964


     Search term "Best+practice"+OR+"General+guidelines"+"Case+Study"+"PLC"+OR+"FPGA"
     Title Corporate governance and disclosure in Nigeria: An empirical study
     Author ['AM Dembo', 'S Rasaratnam']
     Venue Procedia-Social and Behavioral …
     Year 2014
     Abstract This paper outlines a sample case study of 'best practice' as per the Nigerian 2011 code which can be adapted as role 'model'. Oando PLC, one of the top 30 companies, is identified as the company which had complied with the Nigerian corporate governance code, in reference
     Url http://repo.uum.edu.my/13375/


     Search term "Best+practice"+OR+"General+guidelines"+"Case+Study"+"PLC"+OR+"FPGA"
     Title Development Model of “Community College Teachers' Professional Learning Community”: A Case Study of Phang-Nga Community College, Thailand
     Author ['L Wiangkham', 'U Jiawiwatkul']
     Venue Advanced Science Letters
     Year 2017
     Abstract teachers' PLC”: a case study of PNGCC, Thailand consists of 4 elements as follows: (1) OPERATIONS: creating a shared vision and goals, plan- ning of group development, sharing knowledge, developing and improving teaching managementby peer assist, best practice
     Url https://www.ingentaconnect.com/content/asp/asl/2017/00000023/00000002/art00115


     Search term "Best+practice"+OR+"General+guidelines"+"Case+Study"+"PLC"+OR+"FPGA"
     Title People resourcing and talent planning: HRM in practice
     Author ['S Pilbeam', 'M Corbridge']
     Venue NA
     Year 2010
     Abstract Skip to content
     Url https://researchportal.port.ac.uk/portal/en/publications/people-resourcing-and-talent-planning-hrm-in-practice(a1089f50-0fc1-4665-b1f7-daa50e971950).html


     Search term "Best+practice"+OR+"General+guidelines"+"Case+Study"+"PLC"+OR+"FPGA"
     Title Best practice in acquiring a mine closure certificate–a critical analysis of the De Beers Oaks Diamond Mine, South Africa
     Author ['ND Botham', 'CJ Kelso', 'HJ Annegarn']
     Venue Mine Closure
     Year 2011
     Abstract In this paper, the authors use a case study and interview approach to critically examine the mine  Best practice in acquiring a mine closure certificate – a critical analysis of  Therefore, the Oaks Mine used the Anglo American plc (AAplc) toolbox (2007) which is more attuned to
     Url https://papers.acg.uwa.edu.au/d/1152_108_Botham/108_Botham.pdf


     Search term "Best+practice"+OR+"General+guidelines"+"Case+Study"+"PLC"+OR+"FPGA"
     Title Consumers' engagement in co-creation of value and crowfunding: naked wine as a best practice
     Author ['A Mariani', 'A Cataldo', 'A Vastola']
     Venue Calitatea
     Year 2014
     Abstract the novelty of the phenomenon and the exploratory nature of the research, we have chosen a case-study approach  Summing up, according to our analysis NW experience could be considered as a best practice for other business characterized  and Naked Fine Wine Bonds plc)
     Url https://www.iris.unina.it/retrieve/handle/11588/798768/325560/Q-as_Vol.15_No.143_December-2014_p70-73.pdf


     Search term "Best+practice"+OR+"General+guidelines"+"Case+Study"+"PLC"+OR+"FPGA"
     Title CORPORATE SOCIAL REPOSIBILITY DISCLOSURE AND BANK PERFORMANCE: THE CASE OF GTBANK PLC POST IFRS ADOPTION BY Ismail Tijjani …
     Author ['AG Zango']
     Venue NA
     Year NA
     Abstract between audit firm size and CSR disclosure practice of Guaranty Trust Bank (GTBANK) Plc  social and environmental issues in their annual reports in line with international best practice  means of marketing to and communicating with customers within stores: A case study of UK
     Url https://www.researchgate.net/profile/Adamu_Garba_Zango/publication/338791927_CORPORATE_SOCIAL_RESPONSIBILITY_DISCLOSURE_AND_BANK_PERFORMANCE_THE_CASE_OF_GT_BANK_PLC_POST_IFRS_ADOPTION/links/5e2aa5af299bf1521678863f/CORPORATE-SOCIAL-RESPONSIBILITY-DISCLOSURE-AND-BANK-PERFORMANCE-THE-CASE-OF-GT-BANK-PLC-POST-IFRS-ADOPTION


     Search term "Best+practice"+OR+"General+guidelines"+"Case+Study"+"PLC"+OR+"FPGA"
     Title INTERACTIVE RESEARCH AT SERCO PLC.(NORWICH)
     Author ['L DALLMEIER']
     Venue NA
     Year NA
     Abstract [Not Found]
     Url [Not Found]


     Search term "Best+practice"+OR+"General+guidelines"+"Case+Study"+"PLC"+OR+"FPGA"
     Title Pure genius
     Author ['J Vowler']
     Venue NA
     Year NA
     Abstract [Not Found]
     Url [Not Found]


     Search term "Best+practice"+OR+"General+guidelines"+"Case+Study"+"PLC"+OR+"FPGA"
     Title A DIGITAL PRESERVATION HANDBOOK Best practice and its dissemination
     Author ['N BEAGRIE']
     Venue Cahiers de la documentation–Bladen voor …
     Year 2005
     Abstract A digital preservation handbook: Best practice and its dissemination  Each workshop included a practical case study provided by the host institution  The JISC therefore grant-aided the DPC and Cornwell Management Consultants plc to prepare a study of training needs and a
     Url http://www.abd-bvd.be/wp-content/uploads/2005-3_Beagrie.pdf


     Search term "Best+practice"+OR+"General+guidelines"+"Case+Study"+"PLC"+OR+"FPGA"
     Title CRH plc: Strategy-Driven Achievement
     Author ['MPJ Moroney']
     Venue Irish Journal of Management
     Year 2014
     Abstract A range of primary and secondary research was undertaken for the purposes of this case study  100 CRH plc: Strategy-Driven Achievement  structure has evolved to a more product-based organi- sation, to bring greater focus to business development and sharing best practice
     Url http://search.proquest.com/openview/ef887d00ed79c11963251765053462ec/1?pq-origsite=gscholar&cbl=10069


     Search term "Best+practice"+OR+"General+guidelines"+"Case+Study"+"PLC"+OR+"FPGA"
     Title Digital Preservation: Best Practice and its Dissemination
     Author ['N Beagrie']
     Venue NA
     Year NA
     Abstract [Not Found]
     Url [Not Found]


     Search term "Best+practice"+OR+"General+guidelines"+"Case+Study"+"PLC"+OR+"FPGA"
     Title Human factors in product design: current practice and future trends
     Author ['W Green', 'PW Jordan']
     Venue NA
     Year 1999
     Abstract [Not Found]
     Url [Not Found]


     Search term "Best+practice"+OR+"General+guidelines"+"Case+Study"+"PLC"+OR+"FPGA"
     Title Achieving competitive advantage through knowledge-based engineering
     Author ['S Cooper', 'IS Fan', 'G Li']
     Venue NA
     Year 1999
     Abstract [Not Found]
     Url [Not Found]


     Search term "Best+practice"+OR+"General+guidelines"+"Case+Study"+"PLC"+OR+"FPGA"
     Title Best Practice Guide–Intel Xeon Phi
     Author ['M Barth', 'M Byckling', 'N Ilieva', 'S Saarinen']
     Venue NA
     Year 2013
     Abstract hgpu.org » Applications. » Computer science. » Best Practice Guide – Intel Xeon Phi. Best Practice Guide – Intel Xeon Phi. Michaela Barth, Mikko Byckling, Nevena Ilieva, Sami Saarinen, Michael Schliephake, Volker Weinberg. KTH Sweden. PRACE Best Practice Guides, 2013
     Url https://hgpu.org/?p=9681


     Search term "Best+practice"+OR+"General+guidelines"+"Case+Study"+"PLC"+OR+"FPGA"
     Title Best practice in business excellence
     Author ['J Oakland', 'S Tanner', 'K Gadd']
     Venue Total Quality Management
     Year 2002
     Abstract Through many years of research and case study analysis, including work on 'The X-Factor' and 'The Model in  BEST PRACTICE 1 133  General guidelines regarding the management of improvement teams are included within the Quality Management System documentation
     Url https://www.tandfonline.com/doi/abs/10.1080/09544120200000008


     Search term "Best+practice"+OR+"General+guidelines"+"Case+Study"+"PLC"+OR+"FPGA"
     Title … QUALITY MANAGEMENT (TQM) AS TOOLS IN GAINING COMPETITIVE ADVANTAGE: A STUDY OF MAY AND BAKER PLC AND UNILEVER NIGERIA PLC
     Author ['UG Okechukwu', 'E CAMPUS']
     Venue NA
     Year 2008
     Abstract practices. The best practice comparison is used as a means of establishing achievable goals aimed at obtaining organizational Superiority”  Page 11. 1.1.1 THE PROFILE OF MAY AND BAKER NIGERIA PLC. May and Baker Nigeria PLC Commenced business in 1944 as a
     Url http://www.unn.edu.ng/publications/files/images/UDEIGWEmba%20%202.pdf


     Search term "Best+practice"+OR+"General+guidelines"+"Case+Study"+"PLC"+OR+"FPGA"
     Title A Critical Analysis of the Recruitment and Selection Process in the Nigerian Public Sector: A Case Study of the National Space and Research Development …
     Author ['A Popoola']
     Venue NA
     Year 2015
     Abstract training is given in the process of recruitment & selection; to access if the process is based on Federal Character Principles and their compliance with best practice; to establish if any  The “Inside” and “Outside” Perspectives of Corporate Rebranding: A case study of Greggs Plc
     Url https://repository.uel.ac.uk/item/85600


     Search term "Best+practice"+OR+"General+guidelines"+"Case+Study"+"PLC"+OR+"FPGA"
     Title Complying with best practice risk management committee guidance and performance
     Author ['J Jia', 'ME Bradbury']
     Venue Journal of Contemporary Accounting & Economics
     Year 2020
     Abstract Complying with best practice risk management committee guidance and performance  Based on a sample of 368 Australian listed firms over 2007–2014, we find firms that voluntarily adopted the 'best practice' risk management committee perform better than other firms
     Url https://www.sciencedirect.com/science/article/pii/S1815566920300394


     Search term "Best+practice"+OR+"General+guidelines"+"Case+Study"+"PLC"+OR+"FPGA"
     Title A vision for construction IT 2005–2010: two case studies
     Author ['M Sarshar', 'AM Tanyer', 'G Aouad']
     Venue Engineering …
     Year 2002
     Abstract The IT Director of Ballast plc. participated in a semistructured interview for this case study  Google Scholar. 3 Bradley, D. (2000) Best Practice Case Study – FM Systems in WS Atkins, Construct IT Presentation Slides, available from http://www.construct‐it.salford.ac.uk, November
     Url https://onlinelibrary.wiley.com/doi/abs/10.1046/j.1365-232x.2002.00243.x


     Search term "Best+practice"+OR+"General+guidelines"+"Case+Study"+"PLC"+OR+"FPGA"
     Title Ontology for Cognitics, Closed-Loop Agility Constraint, and Case Study-a Mobile Robot with Industrial-Grade Components
     Author ['JD Dessimoz', 'PF Gauthey']
     Venue 2006 4th IEEE …
     Year 2006
     Abstract The objective is to present key elements and methods for best practice, as well as  Finally, a large part of the paper presents a case study, a mobile robot, ie  Fast, distributed hardware components and transducers complement middle- scale resources (PLC, computerized camera
     Url https://ieeexplore.ieee.org/abstract/document/4053562/


     Search term "Best+practice"+OR+"General+guidelines"+"Case+Study"+"PLC"+OR+"FPGA"
     Title Environmental and social maturity as a new concept for self-assessment of best practice in a mining context
     Author ['K Doyle', 'O Sidorenko']
     Venue NA
     Year NA
     Abstract The model is designed to inform companies of best practice when working with local  References Anglo American Plc (2010) Detailed Journey Workbook, in A3 Safety Risk Management  of community consultation on perceptions of a proposed mine: A case study from southeast
     Url https://www.researchgate.net/profile/Keiran_Doyle/publication/335716649_Environmental_social_maturity_as_a_new_concept_for_self-assessment_of_best_practice_in_a_mining_context/links/5e4e59ca458515072dabbe5e/Environmental-social-maturity-as-a-new-concept-for-self-assessment-of-best-practice-in-a-mining-context.pdf


     Search term "Best+practice"+OR+"General+guidelines"+"Case+Study"+"PLC"+OR+"FPGA"
     Title Optimisation of Food and Engineering Supply Chain Technology (OPTFEST): A Case Study
     Author ['DBMKA Morris', 'D Galar']
     Venue NA
     Year NA
     Abstract equipment. Significant benefits include the ability to predict equipment failure, the development of best practice and compliance with supplier audits  schedules. . 3 A CASE STUDY AT GLENMORANGIE plc 3.1 Background Glenmorangie
     Url https://www.researchgate.net/profile/David_Baglee/publication/270631785_Optimisation_of_Food_and_Engineering_Supply_Chain_Technology_OPTFEST_A_Case_Study/links/54b111630cf28ebe92dff3aa/Optimisation-of-Food-and-Engineering-Supply-Chain-Technology-OPTFEST-A-Case-Study.pdf


     Search term "Best+practice"+OR+"General+guidelines"+"Case+Study"+"PLC"+OR+"FPGA"
     Title Four Best Practices for Prototyping MATLAB and Simulink Algorithms on FPGAs
     Author ['WHYPON FPGAS']
     Venue NA
     Year NA
     Abstract In the DDC case study, engineers use Simulink Fixed Point™ to reduce the word length of parts of the digital filter chain by as many as 8 bits (see Figure 6). BEST PRACTICE #2 – USE AUTOMATIC HDL CODE GENERATION TO PRODUCE FPGA PROTOTYPES FASTER
     Url http://verificationhorizons.verificationacademy.com/volume-8_issue-2/articles/stream/four-best-practices-prototyping-matlab-simulink-algorithms_vh-v8-i2.pdf


     Search term "Best+practice"+OR+"General+guidelines"+"Case+Study"+"PLC"+OR+"FPGA"
     Title Managing organisational knowledge: A case study of a global Energy consulting group
     Author ['W Skok', 'K Clarke', 'S Krishnappa']
     Venue Knowledge and Process …
     Year 2013
     Abstract KBC Advanced Technologies plc is the parent company, with its head office in Walton  Leavitt and Trees (2011) surveyed best practice approaches and techniques in KM across six US  Their case study of Fluor, one of the world's largest project management organisations, found
     Url https://onlinelibrary.wiley.com/doi/abs/10.1002/kpm.1411


     Search term "Best+practice"+OR+"General+guidelines"+"Case+Study"+"PLC"+OR+"FPGA"
     Title Scalable FPGA-based projects via static and dynamic parameterization technique
     Author ['V Kulanov', 'A Perepelitsyn']
     Venue The 10th International Conference …
     Year 2014
     Abstract V. CASE STUDY: FLEXIBLE GALOIS FIELD MULTIPLIER The best practice for the  and dynamic parameterization approach during the design process of DSP modules, encryption algorithms or some hardware implemented math functions on an FPGA platform
     Url https://ieeexplore.ieee.org/abstract/document/6868710/


     Search term "Best+practice"+OR+"General+guidelines"+"Case+Study"+"PLC"+OR+"FPGA"
     Title Teacher talk
     Author ['BM Leighton']
     Venue NA
     Year 2006
     Abstract My case study and following paper resulted from my desire to network with my colleagues and strengthen my department. Creating a Professional Learning Community (PLC) allows teachers time to dialogue, share experiences, knowledge, and ultimately leads to best practice
     Url https://digitalcommons.hamline.edu/hse_all/1839/


     Search term "Best+practice"+OR+"General+guidelines"+"Case+Study"+"PLC"+OR+"FPGA"
     Title Carbon Brainprint Case Study: ceramic coatings for jet engine turbine blades
     Author ['DJ Parsons', 'JC Chatterton', 'JR Nicholls']
     Venue NA
     Year 2011
     Abstract were members of the steering group, and the Carbon Trust advised on best practice in carbon  and Engineering Group, Cranfield University has been working with Rolls-Royce plc for about  This case study considered two engine types: Trent 700, used on about half the Airbus
     Url https://dspace.lib.cranfield.ac.uk/handle/1826/6804


     Search term "Best+practice"+OR+"General+guidelines"+"Case+Study"+"PLC"+OR+"FPGA"
     Title Sustainable rural ICT project management practice for developing countries: investigating the Dwesa and RUMEP projects
     Author ['C Pade-Khene', 'B Mallinson']
     Venue Information Technology for …
     Year 2011
     Abstract studies was opportunistic with the intention of initially analyzing the RICT-PLC model within  example of a more established mature project with a history that has developed best practice. The case study design provides a conceptual framework that links the empirical data to be
     Url https://www.tandfonline.com/doi/abs/10.1080/02681102.2011.568222


     Search term "Best+practice"+OR+"General+guidelines"+"Case+Study"+"PLC"+OR+"FPGA"
     Title Mobilising teacher education: A study of a professional learning community
     Author ['S Schuck', 'P Aubusson', 'M Kearney']
     Venue Teacher …
     Year 2013
     Abstract They also included investigating best-practice approaches by interviewing experts in the field, exploring the literature on mobile  Class-based surveys (July 2009–November 2009), A number of PLC members had their students vote  “Dissemination of Innovations: A Case Study”
     Url https://www.tandfonline.com/doi/abs/10.1080/13664530.2012.752671


     Search term "Best+practice"+OR+"General+guidelines"+"Case+Study"+"PLC"+OR+"FPGA"
     Title Pressure management–Innovation and service delivery in Wales
     Author ['M Bowtell', 'K Jones', 'S Flavin', 'S Edwards', 'L Tasker']
     Venue NA
     Year NA
     Abstract Surfaces Page 24. CASE STUDY – Miss SLW Pressure Ulcer Prevention and Intervention Service  Leaflets • Videos • Online / mobile resources • Best Practice Guidelines Page 34  sensor array utilising patented technology (Haydale Plc) Page 41. References
     Url http://seatingsymposium.com/images/pdf/Paper%20Sessions/ISS2020_Bowtell.pdf


     Search term "Best+practice"+OR+"General+guidelines"+"Case+Study"+"PLC"+OR+"FPGA"
     Title Best Practice PBIS Implementation
     Author ['JD Hannigan', 'J Hannigan']
     Venue Journal of School Administration Research and …
     Year 2020
     Abstract This multiple-case study design included the analysis of multiple information sources as recommended by  Findings of this study are in the form of best practice evidence indicators for each  implementation at least monthly (ie, input link, component on academic PLC agenda, etc
     Url https://ojed.org/index.php/JSARD/article/view/2111


     Search term "Best+practice"+OR+"General+guidelines"+"Case+Study"+"PLC"+OR+"FPGA"
     Title Analysis of factory gate pricing in the UK grocery supply chain
     Author ['A Potter', 'R Mason', 'C Lalwani']
     Venue International Journal of Retail & …
     Year 2007
     Abstract 18‐21. Department for Environment, Transport and Regions (1997), “Energy savings from integrated logistics management: Tesco Plc”, Energy Efficiency Best Practice Programme Good Practice Case Study 364, Department for Environment, Transport and Regions, London
     Url https://www.emerald.com/insight/content/doi/10.1108/09590550710820694/full/html


     Search term "Best+practice"+OR+"General+guidelines"+"Case+Study"+"PLC"+OR+"FPGA"
     Title A conceptual framework for the assessment of sustainability indicators using IF-THEN rules approach: a case study
     Author ['K Jayakrishna', 'S Vinodh']
     Venue International Journal of …
     Year 2019
     Abstract The conceptual comprehensive model with enablers, indicators and attributes used for sustainability assessment in this case study is presented in  Economic sustainability (A1) Market potential* (A13) Return on investment (ROI)* (A131) Product life cycle (PLC)* (A132) Product
     Url https://www.inderscienceonline.com/doi/abs/10.1504/IJSOM.2019.103570


     Search term "Best+practice"+OR+"General+guidelines"+"Case+Study"+"PLC"+OR+"FPGA"
     Title Moving from Ad Hoc to Streamlined Efficiency: The Lloyds Banking Group Case study
     Author ['S Scott-Parker']
     Venue London: Business Disability Forum
     Year 2014
     Abstract 1 Moving from Ad Hoc to Streamlined Efficiency: The Lloyds Banking Group Case study Business Disability Forum Case Study: Emerging best practice in the provision of workplace adjustments Delivering business improvement by managing workplace adjustments
     Url https://app.pelorous.com/media_manager/public/261/BDF%20Lloyds%20BG%20Workplace%20adjustments%20case%20study.pdf


     Search term "Best+practice"+OR+"General+guidelines"+"Case+Study"+"PLC"+OR+"FPGA"
     Title A case study in frontier production analysis: Assessing the efficiency and effectiveness of New Jersey's partial-care mental health programs
     Author ['E Kamis-Gould']
     Venue Evaluation and Program Planning
     Year 1991
     Abstract 0149-7189/91 $3.00 + .OO Copyright 0 1991 Pergamon Press plc  This article presents a case study of a project in which  and opera- tions research have produced an innovative methodol- ogy called “frontier production analysis,” also referred to as “best practice frontier analysis
     Url https://www.sciencedirect.com/science/article/pii/0149718991900229


     Search term "Best+practice"+OR+"General+guidelines"+"Case+Study"+"PLC"+OR+"FPGA"
     Title CSR manager competencies: a case study from Thailand
     Author ['N Shinnaranantana', 'NJ Dimmitt']
     Venue Social responsibility …
     Year 2013
     Abstract corporations, and analyze the skills and competencies of managers in these best practice cases  This was designed by applying the case study as a research method (Yin, 2003  BCP) (2009), Annual Report 2009 and Sustainability Report 2009, Bangchak Petroleum Plc, Bangkok
     Url https://www.emerald.com/insight/content/doi/10.1108/SRJ-07-2011-0053/full/html


     Search term "Best+practice"+OR+"General+guidelines"+"Case+Study"+"PLC"+OR+"FPGA"
     Title Winning with quality at IBM: Best practice at the National Call Management Centre
     Author ['B Mortlock']
     Venue Business Process Management Journal
     Year 1996
     Abstract This article is based on a submission for the European Best Practice Benchmarking Award of  The case study highlights the value of benchmarking within an organization where current levels of  partnership has been created between IBM UK Ltd and Manpower plc, which will
     Url https://www.ingentaconnect.com/content/mcb/157/1996/00000002/00000002/art00004


     Search term "Best+practice"+OR+"General+guidelines"+"Case+Study"+"PLC"+OR+"FPGA"
     Title Mine value chain reconciliation-demonstrating value through best practice
     Author ['C Morley', 'H Arvidson']
     Venue … of the Tenth International Mining Geology …
     Year 2017
     Abstract Mine value chain reconciliation – demonstrating value through best practice C Morley1 and H Arvidson2  MINE VALUE CHAIN RECONCILIATION – DEMONSTRATING VALUE THROUGH BEST PRACTICE 281 the reconciliation relationship will report a 'plus' result
     Url https://www.researchgate.net/profile/Craig_Morley3/publication/320372573_Mine_value_chain_reconciliation_-_demonstrating_value_through_best_practice/links/5b83492d92851c1e1234a9d3/Mine-value-chain-reconciliation-demonstrating-value-through-best-practice.pdf


     Search term "Best+practice"+OR+"General+guidelines"+"Case+Study"+"PLC"+OR+"FPGA"
     Title Community of Practice Software Management Tools: A UK Construction
     Author ['M Jewell', 'A Solutions']
     Venue Knowledge Management in …
     Year 2004
     Abstract Management Programme • Data Protection Group • Project Eagle-Gaining a better understanding of the business processes • Hyperion Pillar Users-A software users' COP • Movement for Innovation-Best-practice groups • Electronic  The Carrillion PLC case study indicated how
     Url https://books.google.com/books?hl=en&lr=&id=c29AvgMfU5UC&oi=fnd&pg=PA112&dq=%22Best+practice%22+OR+%22General+guidelines%22+%22Case+Study%22+%22PLC%22+OR+%22FPGA%22&ots=Wfb12stFU-&sig=N4TRbqsQ9On4P3khP0EdR2Ca7CQ

