Showing papers for search query "Case+Study"+"Hardware+simulation"+"Medical"

     Search term "Case+Study"+"Hardware+simulation"+"Medical"
     Title Volume rendering multivariate data to visualize meteorological simulations: a case study.
     Author ['J Kniss', 'CD Hansen', 'M Grenier', 'T Robinson']
     Venue VisSym
     Year 2002
     Abstract We also believe that the visualization techniques presented in this case study can be directly applied to other types of simulation data as well as multi-modal medical imaging. We intend to continue our investigation of this approach in these application areas
     Url https://www.researchgate.net/profile/Joe_Kniss/publication/262237652_Volume_rendering_multivariate_data_to_visualize_meteorological_simulations_a_case_study/links/552c55b10cf21acb0920c793/Volume-rendering-multivariate-data-to-visualize-meteorological-simulations-a-case-study.pdf


     Search term "Case+Study"+"Hardware+simulation"+"Medical"
     Title Co-simulation method for hardware/software evaluation using Xilinx system generator: a case study on image compression algorithms for capsule endoscopy
     Author ['Q Al-Shebani', 'P Premaratne', 'PJ Vial']
     Venue 2018 12th …
     Year 2018
     Abstract 6. The third subsystem of the hardware simulation design of the MCT method  As a case study, our evaluation method compares the hardware utilization, and the processing time resulting from utilizing the existing modified  Medical & biological engineering & computing, 2016
     Url https://ieeexplore.ieee.org/abstract/document/8631737/


     Search term "Case+Study"+"Hardware+simulation"+"Medical"
     Title Preliminary Experimental results of integrated gasification fuel cell operation using hardware simulation
     Author ['A Traverso', 'D Tucker']
     Venue … of engineering for …
     Year 2012
     Abstract The Hybrid Performance (Hyper) project at NETL makes use of hardware simulation of a 200 to 700 kW solid oxide fuel cell (SOFC) system  In the following, only the fluid domain component is described in detail, as it is the most significant one for the case study presented (the
     Url https://asmedigitalcollection.asme.org/gasturbinespower/article-abstract/134/7/071701/455709


     Search term "Case+Study"+"Hardware+simulation"+"Medical"
     Title Understanding the memory performance of data-mining workloads on small, medium, and large-scale cmps using hardware-software co-simulation
     Author ['W Li', 'E Li', 'A Jaleel', 'J Shan', 'Y Chen']
     Venue … Analysis of Systems …
     Year 2007
     Abstract prefetcher on an Intel射 Xeon射 machine. simulators, FPGA-based hardware simulation has been 1-4244-1081-9/07/$25.00 咕2007 IEEE  mon substring in sequences. applications including credit approval, medical diagnosis, performance prediction, and selective marketing
     Url https://ieeexplore.ieee.org/abstract/document/4211020/


     Search term "Case+Study"+"Hardware+simulation"+"Medical"
     Title Taguchi methods in LSI fabrication process
     Author ['G Taguchi']
     Venue 2001 6th International Workshop on Statistical …
     Year 2001
     Abstract Hardware Simulation  The third case study is based on the applica- tion of Mahalanobis-Taguchi System (MTS) to predict the yield of chips from the associated  In the case of medical diagnosis, for example, the aim is to measure the degree of severity of each disease based on
     Url https://ieeexplore.ieee.org/abstract/document/933815/


     Search term "Case+Study"+"Hardware+simulation"+"Medical"
     Title Reform and Practice of Medical Fundamental Curriculum System Based on “Three-Early Education”: A Case Study on Youjiang Medical University for Nationalities …
     Author ['A Hafsha']
     Venue NA
     Year 2020
     Abstract In this study, implications for course reform and practice in other medical colleges with similar background were provided, based on the case study on the improved medical basic curriculum  Of course, all sensitive data was anonymized during our hardware simulation
     Url https://thesiscommons.org/bac54/


     Search term "Case+Study"+"Hardware+simulation"+"Medical"
     Title Item Traceability Meets Human Traceability: Implications and Case Study
     Author ['U Barchetti', 'L Mainetti', 'A Orlando']
     Venue International Journal of …
     Year 2011
     Abstract The reading event (in particular, the medical staff smartcard reading obtained via the Omnikey  To receive the red identification codes, a servlet supporting Fosstrak's Hardware Simulation Layer has been  Item Traceability Meets Human Traceability: Implications and Case Study
     Url http://www.mirlabs.org/ijcisim/regular_papers_2012/Paper16.pdf


     Search term "Case+Study"+"Hardware+simulation"+"Medical"
     Title An Optimized Hardware System on Chip for a Support Vector Machine Classifier: a Case Study on Melanoma Detection
     Author ['S Afifi']
     Venue NA
     Year 2018
     Abstract A Support Vector Machine Classifier: .... A Case Study on Melanoma Detection  be embedded within a low-cost handheld medical scanning device that runs an embedded
     Url http://openrepository.aut.ac.nz/handle/10292/11913


     Search term "Case+Study"+"Hardware+simulation"+"Medical"
     Title Flexible energy-aware simulation of heterogenous wireless sensor networks
     Author ['F Fummi', 'G Perbellini', 'D Quaglia']
     Venue … Design, Automation & …
     Year 2009
     Abstract program counter IS changed accordmgly to execute the correspondmg serVIce fOlltme Hardware simulation is implemented  In our case study, this approach has been used to interact with complex HW components  PhIlIps [9] and desIgned for body-worn smart medIcal sensors
     Url https://ieeexplore.ieee.org/abstract/document/5090926/


     Search term "Case+Study"+"Hardware+simulation"+"Medical"
     Title On validation of extended state observer through analysis and experimentation
     Author ['Q Zheng', 'LQ Gao', 'Z Gao']
     Venue Journal of …
     Year 2012
     Abstract Skip to Main Content
     Url https://asmedigitalcollection.asme.org/dynamicsystems/article-abstract/134/2/024505/455889


     Search term "Case+Study"+"Hardware+simulation"+"Medical"
     Title Teaching Reform Practice of A SCM Course Based on Inquiry Learning: A Case Study of Digital to Analog Converter
     Author ['D Zhang', 'L Zhang', 'Z Cai']
     Venue Metallurgical & Mining Industry
     Year 2015
     Abstract is developed by the British lab center with circuit analysis and simulation function is the hardware simulation and debugging  4. Conclusions This paper presents a case study based on inquiry learning, teacher transforms from the main  Bio- medical Engineering , 24(2), pp75-77
     Url http://www.metaljournal.com.ua/assets/Journal/english-edition/MMI_2015_7/020Dening%20Zhang%20120--124.pdf


     Search term "Case+Study"+"Hardware+simulation"+"Medical"
     Title Behavioral simulation and synthesis of biological neuron systems using synthesizable VHDL
     Author ['JA Bailey', 'R Wilcock', 'PR Wilson', 'JE Chad']
     Venue Neurocomputing
     Year 2011
     Abstract The locomotion system of the nematode Caenorhabditis elegans is used as a case study and the measured results show that the real time FPGA based implementation performs 288 times faster than traditional ModelSim simulations for the same accuracy
     Url https://www.sciencedirect.com/science/article/pii/S0925231211001913


     Search term "Case+Study"+"Hardware+simulation"+"Medical"
     Title An FPGA platform for real-time simulation of spiking neuronal networks
     Author ['D Pani', 'P Meloni', 'G Tuveri', 'F Palumbo']
     Venue Frontiers in …
     Year 2017
     Abstract Edited by. Eberhard E. Fetz. University of Washington, United States. Reviewed by. Stavros Zanos. Feinstein Institute for Medical Research, United States. Francesco Leporati. University of Pavia, Italy. The editor and reviewers' affiliations
     Url https://www.frontiersin.org/articles/10.3389/fnins.2017.00090/full


     Search term "Case+Study"+"Hardware+simulation"+"Medical"
     Title An energy-aware co-simulation framework for the design of wireless sensor networks
     Author ['A Acquaviva', 'F Fummi', 'G Perbellini']
     Venue Proceedings of the 18th …
     Year 2008
     Abstract Therefore, the ISS is modified to redirect read/write operations for specific addresses to the hardware simulation kernel which updates the  3. CASE STUDY  a wireless sensor node, called AquisGrain-2 provided by Philips [5] and de- signed for body-worn smart medical sensors
     Url https://dl.acm.org/doi/abs/10.1145/1366110.1366199


     Search term "Case+Study"+"Hardware+simulation"+"Medical"
     Title FPGA based architectures for high performance adaptive FIR filter systems
     Author ['S Niu', 'S Aslan', 'J Saniie']
     Venue 2013 IEEE International …
     Year 2013
     Abstract As a case study, this QR design is tested using Xilinx XC5VLX110T FPGA  in different fields, such as wireless communication, noise cancelling techniques, channel estimation and medical signal processing  Hardware simulation and performance is discussed in the next Section
     Url https://ieeexplore.ieee.org/abstract/document/6555696/


     Search term "Case+Study"+"Hardware+simulation"+"Medical"
     Title Energy consumption and execution time estimation of embedded system applications
     Author ['G Callou', 'P Maciel', 'E Tavares', 'E Andrade']
     Venue Microprocessors and …
     Year 2011
     Abstract to depict the practical usability of the proposed methodology, a real case study as well  such as military gadgets (eg: spy satellites and guide missiles) and medical devices (eg  In hardware simulation, despite the great computational effort, more accurate results might be obtained
     Url https://www.sciencedirect.com/science/article/pii/S0141933110000529


     Search term "Case+Study"+"Hardware+simulation"+"Medical"
     Title Automated Monte Carlo simulation of proton therapy treatment plans
     Author ['JM Verburg', 'C Grassberger', 'S Dowdell']
     Venue … in cancer research …
     Year 2016
     Abstract Simulations of clinical proton radiotherapy treatment plans using general purpose Monte Carlo codes have been proven to be a valuable tool for basic research and clinical studies. They have been us...
     Url https://journals.sagepub.com/doi/abs/10.1177/1533034615614139


     Search term "Case+Study"+"Hardware+simulation"+"Medical"
     Title Time accurate simulation: Making a pc behave like a 8-bit embedded cpu
     Author ['J Engblom', 'M Nilsson']
     Venue Uppsala University and CC Systems AB …
     Year 2002
     Abstract Keywords: Embedded Systems, Simulation, Case Study, Real-Time Systems, Computer Architecture, Hardware Modeling  to test early software on (weapons systems and medical equipment  to the programming interface in the application code, or the hardware simulation code
     Url http://user.it.uu.se/~jakob/publications/tr-2002-024.pdf


     Search term "Case+Study"+"Hardware+simulation"+"Medical"
     Title Hardware certification for real-time safety-critical systems: State of the art
     Author ['AJ Kornecki', 'J Zalewski']
     Venue Annual Reviews in Control
     Year 2010
     Abstract A core subsystem of the Scalable Processor-Independent Design for Electromagnetic Resilience (SPIDER) was selected for this case study  The international standard IEC 60601-1-4 (2000), on Programmable Electrical Medical Systems, states explicitly that it “goes beyond
     Url https://www.sciencedirect.com/science/article/pii/S1367578810000167


     Search term "Case+Study"+"Hardware+simulation"+"Medical"
     Title Stepped-frequency nonlinear radar simulation
     Author ['GJ Mazzaro', 'KA Gallagher', 'AF Martone']
     Venue Radar Sensor …
     Year 2014
     Abstract 4. MEASUREMENTS. To demonstrate the stepped-frequency nonlinear radar concept, a hardware simulation was constructed  Figure 6. Stepped-frequency nonlinear radar hardware simulation data, processed to reveal the range-to-target, d peak
     Url https://www.spiedigitallibrary.org/conference-proceedings-of-spie/9077/90770U/Stepped-frequency-nonlinear-radar-simulation/10.1117/12.2053168.short


     Search term "Case+Study"+"Hardware+simulation"+"Medical"
     Title A Multiple Case Study Design to Explore How User Innovation, Artificial Intelligence, User Co-creation, and Technology Development Influence the New …
     Author ['C Atkinson']
     Venue NA
     Year 2019
     Abstract advantage. In Australia, Samson and Gloet (2014) performed a comparative case study of Australian manufacturing companies which included a bakery, electronics, swimwear, medical, textiles, and car designer companies. The user co-creation process created a
     Url http://search.proquest.com/openview/b918a4e50c438cf0fc20bdb8936f2b05/1?pq-origsite=gscholar&cbl=18750&diss=y


     Search term "Case+Study"+"Hardware+simulation"+"Medical"
     Title Towards FPGA hardware in the loop for QCA simulation
     Author ['A Olson']
     Venue NA
     Year 2011
     Abstract the low operating speed, magnetic QCA may find applications in areas where low power consumption and high reliability are more important than operating speed, such as in medical implants or space exploration. Page 27. 16 2.3 QCA Designer
     Url http://scholarworks.rit.edu/cgi/viewcontent.cgi?article=8152&context=theses


     Search term "Case+Study"+"Hardware+simulation"+"Medical"
     Title Understanding the Memory Performance of Data-Mining Workloads on Small, Medium, and Large-Scale CMPs Using Hardware-Software Co-simulation
     Author ['W Li', 'E Li', 'A Jaleel', 'J Shan', 'Y Chen', 'Q Wang']
     Venue … Analysis of Systems & …
     Year 2007
     Abstract on,an,Intel®g,Xeon®g,machine.,simulators,,FPGA-based,hardware,simulation,has,been,1  numerous,mon,substring,in,sequences.,applications,including,credit,approval,,medical,diagnosis,, performance  performance,of,data-mining,workloads,on,a,CMP-A,case,study,of,parallel
     Url https://www.computer.org/csdl/proceedings-article/ispass/2007/04211020/12OmNwHQB7S


     Search term "Case+Study"+"Hardware+simulation"+"Medical"
     Title Tendencies of technologies and platforms in smart cities: A state-of-the-art review
     Author ['P Chamoso', 'A González-Briones']
     Venue … and Mobile Computing
     Year 2018
     Abstract to study the implementation of various services and technologies, the second case study to manage incidents that occur in a Smart City, and the third case study to monitor  Wellness -Medical equipment -Healthcare tools -Home appliances -Security cameras, interphones, etc
     Url https://www.hindawi.com/journals/wcmc/2018/3086854/abs/


     Search term "Case+Study"+"Hardware+simulation"+"Medical"
     Title Window memoization: an efficient hardware architecture for high-performance image processing
     Author ['F Khalvati', 'MD Aagaard']
     Venue Journal of Real-Time Image Processing
     Year 2010
     Abstract cameras, image processing algorithms have been used widely in applications that affect our daily lives including medical imaging (eg  We have applied the window memoization technique to two case study algorithms and implemented them at register-transfer-level targeting an
     Url https://link.springer.com/article/10.1007/s11554-009-0128-y


     Search term "Case+Study"+"Hardware+simulation"+"Medical"
     Title R-codesign: Codesign methodology for real-time reconfigurable embedded systems under energy constraints
     Author ['I Ghribi', 'RB Abdallah', 'M Khalgui', 'Z Li']
     Venue IEEE …
     Year 2018
     Abstract ISS reduces the complexity of the system design compared with performing a pure gate level or register transfer level (RTL) hardware simulation, which is typically too much slow. The co-simulation problem lies in coupling different
     Url https://ieeexplore.ieee.org/abstract/document/8274960/


     Search term "Case+Study"+"Hardware+simulation"+"Medical"
     Title Water treatment and distribution simulation for a SCADA security testbed.
     Author ['KT Moss']
     Venue NA
     Year 2012
     Abstract development for the water sector simulations. Chapters 4 and 5 discuss the implementation of the water sector model in both a software and hardware simulation. Testing and results of the simulation are presented in chapter 6. Finally, conclusions and
     Url http://ir.library.louisville.edu/cgi/viewcontent.cgi?article=2012&context=etd


     Search term "Case+Study"+"Hardware+simulation"+"Medical"
     Title FPGA HardCore single processor implementation of RT control applications
     Author ['SB Othman', 'M Ghrissi', 'AKB Salem']
     Venue 2008 3rd International …
     Year 2008
     Abstract fields of application such as wired and wireless telecommunications, image and signal processing, medical equipment, robotics  Our case study is a physical process composed by a loaded DC motor supplied with a DC  [2] H. Shouling and X. Xuping, "Hardware simulation of an
     Url https://ieeexplore.ieee.org/abstract/document/4540272/


     Search term "Case+Study"+"Hardware+simulation"+"Medical"
     Title Proposal of Takagi–Sugeno Fuzzy-PI Controller Hardware
     Author ['SN Silva', 'FF Lopes', 'C Valderrama', 'MAC Fernandes']
     Venue Sensors
     Year 2020
     Abstract This work proposes dedicated hardware for an intelligent control system on Field Programmable Gate Array (FPGA). The intelligent system is represented as Takagi–Sugeno Fuzzy-PI controller. The implementation uses a fully parallel strategy associated with a hybrid bit format scheme
     Url https://www.mdpi.com/1424-8220/20/7/1996


     Search term "Case+Study"+"Hardware+simulation"+"Medical"
     Title Surgeon-robot interface development framework
     Author ['L Prokhorenko', 'D Klimov', 'D Mishchenkov']
     Venue Computers in Biology …
     Year 2020
     Abstract Hardware simulation – the ability to model the hardware operation to analyse its behaviour before program execution  HIS integration – the support of common medical data exchange formats (HL7 and DICOM) and the ability to interact with HIS over the network
     Url https://www.sciencedirect.com/science/article/pii/S0010482520301025


     Search term "Case+Study"+"Hardware+simulation"+"Medical"
     Title Cyber-Physical Systems: A New Paradigm for Energy Technology Development
     Author ['D Tucker', 'P Pezzini', 'KM Bryden']
     Venue ASME Power …
     Year 2018
     Abstract building a cyber-physical test facility would provide a reconfigurable hardware simulation capable of  Medical devices, robotic applications, or driving cars can be considered small and  CASE STUDY: FUEL CELL TURBINE HYBRIDS Fuel cell turbine hybrid power systems serve
     Url https://asmedigitalcollection.asme.org/POWER/proceedings-abstract/POWER2018/51395/V001T04A001/277478


     Search term "Case+Study"+"Hardware+simulation"+"Medical"
     Title A Reliability evaluation of wireless sensor network simulator: Simulation vs. Testbed
     Author ['ZYA Guan']
     Venue NA
     Year 2011
     Abstract surveillance, environmental observation and forecast, household appliance automation, medical care, space exploration, and other various commercial applications  a wide range of applications, especially in medical care, environmental monitoring
     Url https://unitec.researchbank.ac.nz/handle/10652/1860


     Search term "Case+Study"+"Hardware+simulation"+"Medical"
     Title Design of Field Programmable Gate Array (FPGA) Based Emulators for Motor Control Applications
     Author ['AB Achballah', 'SB Othman', 'SB Saoud']
     Venue arXiv preprint arXiv:1312.5704
     Year 2013
     Abstract FPGA based systems and simulators are found in various domains like defense (Gonzalez et al., 2008), medical (Monmasson and Cirstea 2007  The purposes behind this case study are 1) to evaluate this technique with a basic electrical motor model design 2) to extract the
     Url https://arxiv.org/abs/1312.5704


     Search term "Case+Study"+"Hardware+simulation"+"Medical"
     Title ANGUISH: Security attack in narrowband‐Internet of Things (NB‐IoT) using game theory and hardware analysis
     Author ['V Kumar', 'R Kumar Jha', 'S Jain']
     Venue Transactions on Emerging …
     Year 2020
     Abstract explained above. TABLE 1. Comparison of various security schemes based on UAV Reference, Objective, Modeling techniques, Game theory, SCA, Function of analysis (hardware/simulation), Bandwidth spoofing. 27, Provide a
     Url https://onlinelibrary.wiley.com/doi/abs/10.1002/ett.3987


     Search term "Case+Study"+"Hardware+simulation"+"Medical"
     Title Fuel composition transients in fuel cell turbine hybrid for polygeneration applications
     Author ['N Farida Harun', 'D Tucker']
     Venue Journal of Fuel …
     Year 2014
     Abstract fuel cell model with the hardware system facility. The first case study was a step change from coal-derived syngas to humidified methane at 43% methane (57% steam). As presented in Fig. 2, this transient resulted in a rapid
     Url https://asmedigitalcollection.asme.org/electrochemical/article/371742/Fuel-Composition-Transients-in-Fuel-Cell-Turbine


     Search term "Case+Study"+"Hardware+simulation"+"Medical"
     Title Synthetic aperture radar data processing on an FPGA multi-core system
     Author ['P Schleuniger', 'A Kusk', 'J Dall', 'S Karlsson']
     Venue International Conference on …
     Year 2013
     Abstract We then use MATLAB to plot the data of the hardware simulation  SAR 36, 1852–1865 (1998) 3. Cordes, B., Leeser, M.: Parallel backprojection: A case study in high  5, 2012) 7. Lehmann, T., Goenner, C., Spitzer, K.: Survey: Interpolation methods in medical image processing
     Url https://link.springer.com/chapter/10.1007/978-3-642-36424-2_7


     Search term "Case+Study"+"Hardware+simulation"+"Medical"
     Title Modeling and analysis of FPGA accelerators for real-time streaming video processing in the healthcare domain
     Author ['S van der Vlugt', 'HA Ara', 'R de Jong', 'M Hendriks']
     Venue Journal of Signal …
     Year 2019
     Abstract We consider medical image processing applications in the Image Guided Therapy (IGT) domain, which  The second model uses a detailed hardware simulation to closely mimic the timing behavior of the  to our approach, both in terms of the structure of the case study and the
     Url https://link.springer.com/content/pdf/10.1007/s11265-018-1414-3.pdf


     Search term "Case+Study"+"Hardware+simulation"+"Medical"
     Title NOC-based FPGA acceleration for Monte Carlo simulations with applications to SPECT imaging
     Author ['PJ Kinsman', 'N Nicolici']
     Venue IEEE Transactions on Computers
     Year 2011
     Abstract section presents the basic concepts used for image reconstruction in nuclear medical imaging and  our network simulator was designed to interface seamlessly with the hardware simulation through the  of algorithms that bear strong similarities to the candidate for this case study
     Url https://ieeexplore.ieee.org/abstract/document/6112747/


     Search term "Case+Study"+"Hardware+simulation"+"Medical"
     Title 5G wireless systems
     Author ['Y Yang', 'J Xu', 'G Shi', 'CX Wang']
     Venue NA
     Year 2018
     Abstract 277 5.3.2 Key Technologies of Hardware and Software System-Level Co-simulation . . . . . 278 5.3.3 Case Study of Simulation . . . . . 284 5.4 Summary . . . . . 299 References
     Url https://link.springer.com/content/pdf/10.1007/978-3-319-61869-2.pdf


     Search term "Case+Study"+"Hardware+simulation"+"Medical"
     Title Network-adaptive management of computation energy in wireless sensor networks
     Author ['F Mulas', 'A Acquaviva', 'S Carta', 'G Fenu']
     Venue Proceedings of the …
     Year 2010
     Abstract the proposed strategy, we performed experiments using a realis- tic human body monitoring application case study to detect  is modified to redirect read/write operations for spe- cific addresses to the hardware simulation kernel which  signed for body-worn smart medical sensors
     Url https://dl.acm.org/doi/abs/10.1145/1774088.1774245


     Search term "Case+Study"+"Hardware+simulation"+"Medical"
     Title Improved Controller Performance of Selected Hybrid SOFC-GT Plant Signals Based on Practical Control Schemes
     Author ['A Tsai', 'D Tucker', 'C Groves']
     Venue … of engineering for …
     Year 2011
     Abstract Skip to Main Content
     Url https://asmedigitalcollection.asme.org/gasturbinespower/article/466233/Improved-Controller-Performance-of-Selected-Hybrid


     Search term "Case+Study"+"Hardware+simulation"+"Medical"
     Title Empirical studies of embedded software development using agile methods: a systematic review
     Author ['M Xie', 'M Shen', 'G Rong', 'D Shao']
     Venue … of the 2nd international workshop on …
     Year 2012
     Abstract Hardware simulation makes it possible to build an effective testing environment  Among them, "Real-time", “Medical devices", “Multimedia” and “Middleware” were excluded as the “embedded  4 Design Qualitative or Quantitative (experiment, survey, case study, action research
     Url https://dl.acm.org/doi/abs/10.1145/2372233.2372240


     Search term "Case+Study"+"Hardware+simulation"+"Medical"
     Title PhyMEL. A framework to integrate physical, mental and emotional learning in meaningfull experiences and multidimensional reports
     Author ['C Fernández-Panadero']
     Venue 3rd European Immersive …
     Year 2013
     Abstract Case Study 3: PhyMEL Wheelchair Simulator This study is part of a larger project [17] which  Trial-2) wheelchairs users to improve their driving skills, and (Trial-3) medical professional staff  Multisensory learning experiences using hardware simulation to reach social awareness
     Url http://victor.callaghan.info/publications/misc/2013_iED13(3rdEuropeanImmersiveEducationSummit(v2c)final.pdf#page=221


     Search term "Case+Study"+"Hardware+simulation"+"Medical"
     Title Computer-based simulations in education and training: a selected bibliography
     Author ['WD Milheim']
     Venue NA
     Year 1992
     Abstract Using an Advance Organizer to Improve Knowledge Application by Medical Students in Computer-Based Clinical Simulations  HARD — A Multilevel Hardware Simulation Package for Teaching  Visual Interactive Simulation as a Communication Tool — A Case Study
     Url https://books.google.com/books?hl=en&lr=&id=pn0pvI6C1OwC&oi=fnd&pg=PA1&dq=%22Case+Study%22+%22Hardware+simulation%22+%22Medical%22&ots=pfsHeXriP0&sig=Axsa_-KjvEzHGx05LTq3_JANbus


     Search term "Case+Study"+"Hardware+simulation"+"Medical"
     Title Not Another Boring Resident Didactic Conference
     Author ['A Wray', 'M Wolff', 'M Boysen‐Osborn']
     Venue AEM Education and …
     Year 2020
     Abstract The Accreditation Council for Graduate Medical Education (ACGME) requires that residency pro- grams in emergency medicine plan at least 5 hours of didactic experiences per week.1 Instructional methods should include small-group techniques, problem-based learning, or
     Url https://onlinelibrary.wiley.com/doi/abs/10.1002/aet2.10367


     Search term "Case+Study"+"Hardware+simulation"+"Medical"
     Title Reconfigurable Production Systems-An Appraisal of Applied Production Breakdown Solution Strategies
     Author ['A Ullrich', 'S Lass', 'T Hein']
     Venue Enabling Manufacturing Competitiveness and …
     Year 2014
     Abstract production elements) combines the benefits of software and hardware simulation in order to  industry Electrical equipment Distributive trades Food industry Medical engineering Transport  2012): Creativity Techniques as Operative Knowledge Management Tools - A Case Study
     Url https://link.springer.com/chapter/10.1007/978-3-319-02054-9_18


     Search term "Case+Study"+"Hardware+simulation"+"Medical"
     Title Video Hardware Prototyping
     Author ['A Chliopanos']
     Venue NA
     Year 2007
     Abstract The developed proof-of-concept prototype, was verified through hardware simulation and partly through on- chip testing  Scope & Context The project was carried out in cooperation with the Healthcare Informatics department of Philips Medical Systems Nederland BV The
     Url https://pdfs.semanticscholar.org/f8b2/e764fb88bf89d23df9d4ed54e0f5ce3f1325.pdf


     Search term "Case+Study"+"Hardware+simulation"+"Medical"
     Title Cellfast: Interactive unstructured volume rendering and classification
     Author ['CM Wittenbrink', 'HJ Wolters', 'M Goss']
     Venue Data Visualization
     Year 2003
     Abstract a Delaunay triangulation, processing of the output of CellFast into a hardware simulation has shown  generated from the gradient magnitude and intensity histograms of medical volumes  Parallel visualization oflarge- scale aerodynamics calculations: A case study on the cray t3e
     Url https://link.springer.com/chapter/10.1007/978-1-4615-1177-9_10


     Search term "Case+Study"+"Hardware+simulation"+"Medical"
     Title Derivation and validation of the nonlinear radar range equation
     Author ['KA Gallagher', 'GJ Mazzaro', 'AF Martone']
     Venue Radar Sensor …
     Year 2016
     Abstract SPIE Digital Library Proceedings.
     Url https://www.spiedigitallibrary.org/conference-proceedings-of-spie/9829/98290P/Derivation-and-validation-of-the-nonlinear-radar-range-equation/10.1117/12.2224478.full?webSyncID=e46e9e6e-c7a4-9dab-6a0c-bad059329ad8&sessionGUID=83c9d902-bc99-93ce-d268-bead49a28531


     Search term "Case+Study"+"Hardware+simulation"+"Medical"
     Title Impact of Hardware/Software Partitioning and MicroBlaze FPGA Configurations on the Embedded Systems Performances
     Author ['I Mhadhbi', 'N Litayem', 'SB Othman']
     Venue Complex System Modelling …
     Year 2015
     Abstract constraints. They incorporate many application areas such as telecommunication, avionics, automotive, medical implants, domestic appliances, etc. These  1994). Discrete Event modeling is often used for hardware simulation. For
     Url https://link.springer.com/chapter/10.1007/978-3-319-12883-2_25

