Showing papers for search query "Case+Study"+"Continuous"+"DevOps"

     Search term "Case+Study"+"Continuous"+"DevOps"
     Title Understanding DevOps & bridging the gap from continuous integration to continuous delivery
     Author ['M Virmani']
     Venue Fifth International Conference on the Innovative …
     Year 2015
     Abstract all aspects of Devops applicable to various phases of SDLC and specifically talks about business need, ways to move from continuous integration to continuous delivery and its benefits. Continuous delivery transformation in this paper is explained with a real life case study that
     Url https://ieeexplore.ieee.org/abstract/document/7173368/


     Search term "Case+Study"+"Continuous"+"DevOps"
     Title DevOps adoption benefits and challenges in practice: a case study
     Author ['L Riungu-Kalliosaari', 'S Mäkinen', 'LE Lwakatare']
     Venue … Conference on Product …
     Year 2016
     Abstract We conducted a qualitative multiple-case study and interviewed the representatives of  DevOps was seen to encourage collaboration between departments which boosts communication  Continuous releases enable a more experimental approach and rapid feedback collection
     Url https://link.springer.com/chapter/10.1007/978-3-319-49094-6_44


     Search term "Case+Study"+"Continuous"+"DevOps"
     Title Including performance benchmarks into continuous integration to enable DevOps
     Author ['J Waller', 'NC Ehmke', 'W Hasselbring']
     Venue ACM SIGSOFT Software …
     Year 2015
     Abstract This approach contributes to the current efforts of the DevOps movement by presenting a case study of executing and analyzing regression benchmarks in continuous integration setups. Further- more, we provide a vision for
     Url https://dl.acm.org/doi/abs/10.1145/2735399.2735416


     Search term "Case+Study"+"Continuous"+"DevOps"
     Title Building lean continuous integration and delivery pipelines by applying DevOps principles: a case study at Varidesk
     Author ['V Debroy', 'S Miller', 'L Brimble']
     Venue Proceedings of the 2018 26th ACM Joint …
     Year 2018
     Abstract Continuous Integration (CI) and Continuous Delivery (CD) are widely considered to be best practices in software development. Studies have shown however, that adopting these practices can be challenging and there are many barriers that engineers
     Url https://dl.acm.org/doi/abs/10.1145/3236024.3275528


     Search term "Case+Study"+"Continuous"+"DevOps"
     Title Architecting for devops and continuous deployment
     Author ['M Shahin']
     Venue Proceedings of the ASWEC 2015 24th Australasian …
     Year 2015
     Abstract [2] Bass, L., Weber, I., and Zhu, L. 2015. DevOps: A Software Architect's Perspective  The Highways and Country Roads to Continuous Deployment. IEEE Software 32, 2, 64-72  Research Protocol for a Case Study of Crowdsourcing Software Development. Technical Report
     Url https://dl.acm.org/doi/abs/10.1145/2811681.2824996


     Search term "Case+Study"+"Continuous"+"DevOps"
     Title DevOps
     Author ['C Ebert', 'G Gallardo', 'J Hernantes', 'N Serrano']
     Venue Ieee Software
     Year 2016
     Abstract (For an example, see the sidebar “A DevOps Case Study.”) A key lesson for all these companies has been not to under- estimate the  So, the IT operations and development teams must closely collaborate to achieve the continuous process pro- moted by the DevOps team
     Url https://ieeexplore.ieee.org/abstract/document/7458761/


     Search term "Case+Study"+"Continuous"+"DevOps"
     Title DevOps capabilities, practices, and challenges: Insights from a case study
     Author ['M Senapathi', 'J Buchan', 'H Osman']
     Venue Proceedings of the 22nd …
     Year 2018
     Abstract 8], the current literature does not provide much insight on the actual implementation and practices of DevOps and their effectiveness in supporting continuous software development. In this research, we investigate these issues based on an in-depth exploratory case study
     Url https://dl.acm.org/doi/abs/10.1145/3210459.3210465


     Search term "Case+Study"+"Continuous"+"DevOps"
     Title DevOps in practice: A multiple case study of five companies
     Author ['LE Lwakatare', 'T Kilamo', 'T Karvonen', 'T Sauvola']
     Venue Information and …
     Year 2019
     Abstract Similarly, continuous monitoring through log aggregation and monitoring tools has become an integral part of  up, senior managers are to be convinced of the benefits DevOps [17  The study applies a multiple-case study approach conducted between January 2016 and January
     Url https://www.sciencedirect.com/science/article/pii/S0950584917302793


     Search term "Case+Study"+"Continuous"+"DevOps"
     Title Relationship of DevOps to agile, lean and continuous deployment
     Author ['LE Lwakatare', 'P Kuvaja', 'M Oivo']
     Venue International conference on product …
     Year 2016
     Abstract Ogawa, R., Malen, B.: Towards rigor in reviews of multivocal literatures: applying the exploratory case study method. Rev  IEEE (2015)Google Scholar. 16. Virmani, M.: Understanding DevOps & bridging the gap from continuous integration to continuous delivery
     Url https://link.springer.com/chapter/10.1007/978-3-319-49094-6_27


     Search term "Case+Study"+"Continuous"+"DevOps"
     Title Exploiting devops practices for dependable and secure continuous delivery pipelines
     Author ['TF Düllmann', 'C Paule']
     Venue … on Rapid Continuous …
     Year 2018
     Abstract outline our envisioned roadmap and preliminary results from an ongoing industrial case study. ACM Reference Format: Thomas F. Düllmann, Christina Paule, and André van Hoorn. 2018. Ex- ploiting DevOps Practices for Dependable and Secure Continuous Delivery Pipelines
     Url https://ieeexplore.ieee.org/abstract/document/8452104/


     Search term "Case+Study"+"Continuous"+"DevOps"
     Title Continuous practices and devops: beyond the buzz, what does it all mean?
     Author ['D Stahl', 'T Martensson', 'J Bosch']
     Venue 2017 43rd Euromicro …
     Year 2017
     Abstract Page 1. Continuous Practices and DevOps: Beyond the Buzz, What Does It All Mean  Keywords-continuous integration; continuous delivery; contin- uous deployment; continuous release; devops; agile; continuous practices; systematic mapping study
     Url https://ieeexplore.ieee.org/abstract/document/8114695/


     Search term "Case+Study"+"Continuous"+"DevOps"
     Title Adopting DevOps in the real world: A theory, a model, and a case study
     Author ['WP Luz', 'G Pinto', 'R Bonifácio']
     Venue Journal of Systems and Software
     Year 2019
     Abstract proposed a model (ie, a workflow for DevOps adoption) and evaluated it through a case study at a  With DevOps we supply the need for freedom and have more power to execute some tasks  is the best option, but considering that it is not always feasible, the continuous use of
     Url https://www.sciencedirect.com/science/article/pii/S0164121219301517


     Search term "Case+Study"+"Continuous"+"DevOps"
     Title Dimensions of devops
     Author ['LE Lwakatare', 'P Kuvaja', 'M Oivo']
     Venue International conference on agile …
     Year 2015
     Abstract Computing 17, 8–17 (2013) 2. Claps, GG, Berntsson Svensson, R., Aurum, A.: On the Journey to Continuous Deploy- ment  Dimensions of DevOps 217  Liu, Y., Li, C., Liu, W.: Integrated Solution for Timely Delivery of Customer Change Requests: A Case Study of Using DevOps
     Url https://link.springer.com/chapter/10.1007/978-3-319-18612-2_19


     Search term "Case+Study"+"Continuous"+"DevOps"
     Title Towards DevOps in the embedded systems domain: Why is it so hard?
     Author ['LE Lwakatare', 'T Karvonen', 'T Sauvola']
     Venue 2016 49th hawaii …
     Year 2016
     Abstract data for continuous product improvements [9]— would offer opportunities to shorten the development cycle in the embedded systems domain. In this paper, we investigate what stands in the way of DevOps adoption in embedded systems. Based on a multiple- case study, we
     Url https://ieeexplore.ieee.org/abstract/document/7427859/


     Search term "Case+Study"+"Continuous"+"DevOps"
     Title Continuous architecting with microservices and DevOps: a systematic mapping study
     Author ['D Taibi', 'V Lenarduzzi', 'C Pahl']
     Venue … on Cloud Computing and Services Science
     Year 2018
     Abstract [S36] report on a case study of a  as an architectural style with principles and patterns to the relevance of the style as a continuous architecting solution. In this section, we answer RQ4, reporting the main DevOps related to techniques proposed and applied in conjunction with
     Url https://link.springer.com/chapter/10.1007/978-3-030-29193-8_7


     Search term "Case+Study"+"Continuous"+"DevOps"
     Title DevOps automation and Agile methodology
     Author ['SM Mohammad']
     Venue … Journal of Creative Research Thoughts (IJCRT) …
     Year 2017
     Abstract However, DevOps is also associated with agile as well as continuous software development delivery  There are three different phases of the agile transition to DevOps: agile, ongoing  Based on a comprehensive case study done in an enterprise with a long background of
     Url https://papers.ssrn.com/sol3/papers.cfm?abstract_id=3655581


     Search term "Case+Study"+"Continuous"+"DevOps"
     Title Dependency management in large-scale agile: a case study of DevOps teams
     Author ['V Stray', 'NB Moe', 'A Aasheim']
     Venue Proceeding of the 52nd Hawaii …
     Year 2019
     Abstract To sum up, DevOps highlight principles such as: 1) Knowledge sharing by breaking  deployment and test, 3) Embracing shared responsibility and 4) Ensuring continuous software development  We conducted a case study to investigate the research question since a case study
     Url https://sintef.brage.unit.no/sintef-xmlui/handle/11250/2644833


     Search term "Case+Study"+"Continuous"+"DevOps"
     Title Challenges in adopting continuous delivery and DevOps in a globally distributed product team: a case study of a healthcare organization
     Author ['RK Gupta', 'M Venkatachalapathy']
     Venue 2019 ACM/IEEE 14th …
     Year 2019
     Abstract This paper presents our experiences in a project of a software engineering team spread across three countries that successfully established continuous delivery, DevOps and short release cycles with agile scrum. We had the challenge to find a way from established
     Url https://ieeexplore.ieee.org/abstract/document/8807506/


     Search term "Case+Study"+"Continuous"+"DevOps"
     Title Towards continuous software reliability testing in DevOps
     Author ['R Pietrantuono', 'A Bertolino']
     Venue 2019 IEEE/ACM 14th …
     Year 2019
     Abstract We overview the envisaged test and monitoring pipeline, describe the approach and present a case-study evaluating how reliability assessment evolves over subsequent releases  Fig. 2: Continuous reliability testing in DevOps cycles
     Url https://ieeexplore.ieee.org/abstract/document/8822025/


     Search term "Case+Study"+"Continuous"+"DevOps"
     Title A case analysis of enabling continuous software deployment through knowledge management
     Author ['R Colomo-Palacios', 'E Fernandes']
     Venue International Journal of …
     Year 2018
     Abstract Keywords. Knowledge management. Continuous deployment. Continuous software engineering. DevOps. Case study. 1. Introduction. In order to preserve their competitive advantage, software producers need to deliver products and new features to customers as fast as they can
     Url https://www.sciencedirect.com/science/article/pii/S0268401217308782


     Search term "Case+Study"+"Continuous"+"DevOps"
     Title Non-intrusive anomaly detection with streaming performance metrics and logs for DevOps in public clouds: a case study in AWS
     Author ['D Sun', 'M Fu', 'L Zhu', 'G Li', 'Q Lu']
     Venue IEEE transactions on Emerging …
     Year 2016
     Abstract Logs for DevOps in Public Clouds: A Case Study in AWS  In DevOps, continuous delivery/deployment is an important technique to maintain high availability and operability, but non-intrusive anomaly detection is challenged by continu- ous delivery/deployment
     Url https://ieeexplore.ieee.org/abstract/document/7389388/


     Search term "Case+Study"+"Continuous"+"DevOps"
     Title A large agile organization on its journey towards DevOps
     Author ['K Kuusinen', 'V Balakumar', 'SC Jepsen']
     Venue 2018 44th Euromicro …
     Year 2018
     Abstract Dimensions of devops. In International Conference on Agile Software Development (pp. 212- 217)  Climbing the" Stairway to Heaven"--A Mulitiple-Case Study Exploring Barriers in the Transition from Agile Development towards Continuous Deployment of Software
     Url https://ieeexplore.ieee.org/abstract/document/8498186/


     Search term "Case+Study"+"Continuous"+"DevOps"
     Title DevOps improvements for reduced cycle times with integrated test optimizations for continuous integration
     Author ['D Marijan', 'M Liaaen', 'S Sen']
     Venue 2018 IEEE 42nd Annual …
     Year 2018
     Abstract [6] L. Bass, I. Weber, L. Zhu, DevOps: A Software Architect's Perspective, Addison-Wesley Professional, 2015  [8] D. Marijan, A. Gotlieb, S. Sen, Test Case Prioritization for Continuous Regression Testing: An Industrial Case Study, IEEE ICSM, 2013
     Url https://ieeexplore.ieee.org/abstract/document/8377636/


     Search term "Case+Study"+"Continuous"+"DevOps"
     Title An Agile Framework for ITS Management In Organizations: A Case Study Based on DevOps
     Author ['S Abdelkebir', 'Y Maleh', 'M Belaissaoui']
     Venue Proceedings of the 2nd …
     Year 2017
     Abstract A Case Study Based on DevOps  Patrick Debois invented the word DevOps during the organization of the first DevOps days in Ghent, Belgium, in  And reporting through a Quality Management System (QMS) and Project Management and a Continuous Service Improvement
     Url https://dl.acm.org/doi/abs/10.1145/3167486.3167556


     Search term "Case+Study"+"Continuous"+"DevOps"
     Title Microservices: Architecting for continuous delivery and devops
     Author ['L Chen']
     Venue 2018 IEEE International Conference on Software …
     Year 2018
     Abstract Bass, et al. [2] presented a similar case study  IX. SUMMARY Driven by the need for speed [1], in the context of DevOps and Continuous Delivery (CD), Paddy Power turned to a new architectural style called Microservices
     Url https://ieeexplore.ieee.org/abstract/document/8417115/


     Search term "Case+Study"+"Continuous"+"DevOps"
     Title CMMI guided process improvement for DevOps projects: an exploratory case study
     Author ['G Rong', 'H Zhang', 'D Shao']
     Venue … of the International Conference on Software …
     Year 2016
     Abstract Based on evidence we collected in the case study, we managed to characterize the maturity/capability of the  and Technological Enablers[23], and ar- gue that the Capabilities is the main DevOps aspect, which includes capabilities such as continuous planning, collabo
     Url https://dl.acm.org/doi/abs/10.1145/2904354.2904372


     Search term "Case+Study"+"Continuous"+"DevOps"
     Title Continuous and Integrated Software Development using DevOps
     Author ['A Agarwal', 'S Gupta']
     Venue … Conference on Advances …
     Year 2018
     Abstract Consider a Case study of Nokia that adopted Nightly build approach, where the source code was pulled from  provides an empirical investigation on several tools and challenges encountered during the adoption of continuous practices in Software develops using DevOps
     Url https://ieeexplore.ieee.org/abstract/document/8458052/


     Search term "Case+Study"+"Continuous"+"DevOps"
     Title From agile to DevOps: Smart skills and collaborations
     Author ['A Hemon', 'B Lyonnet', 'F Rowe', 'B Fitzgerald']
     Venue Information Systems Frontiers
     Year 2020
     Abstract We suggest three different stages in the agile to DevOps transition: agile, continuous integration, and continuous delivery. Based on an in-depth case study in an organization with several years' experience in DevOps, we identify a fundamental disruption in the soft skills that
     Url https://link.springer.com/article/10.1007/s10796-019-09905-1


     Search term "Case+Study"+"Continuous"+"DevOps"
     Title Productivity gains of DevOps adoption in an IT team: a case study
     Author ['MA Silva', 'JP Faustino', 'R Pereira', 'M Mira da Silva']
     Venue NA
     Year 2018
     Abstract CS.8 DevOps and Moving to Agile at a Large Consumer Website: Getting Faster Answers at Yahoo Answers Case [17] Continuous release and deployment Continuous testing As suggested by Tellis and Runeson [13] [18], this case study is divided in four stages (Table 3). The
     Url https://aisel.aisnet.org/isd2014/proceedings2018/ISDevelopment/8/


     Search term "Case+Study"+"Continuous"+"DevOps"
     Title DevOps for IoT Systems: Fast & Continuous Monitoring Feedback of System Availability
     Author ['MA López-Peña', 'J Díaz', 'JE Pérez']
     Venue IEEE Internet of Things …
     Year 2020
     Abstract Code 4 shows a fragment of the configuration code for generating the dashboard. D. Case Study Results The result of this case study is a complete implementa- tion of the F&CF availability activity that support the DevOps team in the process of continuous improvement
     Url https://ieeexplore.ieee.org/abstract/document/9151987/


     Search term "Case+Study"+"Continuous"+"DevOps"
     Title DevOpRET: Continuous reliability testing in DevOps
     Author ['A Bertolino', 'GD Angelis', 'A Guerriero']
     Venue Journal of Software …
     Year 2020
     Abstract This is what we allow DevOps testers to do by DevOpRET, a black‐box testing approach supporting continuous software reliability  The results with the first case study show the ability of the approach to provide accurate estimates of reliability as more operational data
     Url https://onlinelibrary.wiley.com/doi/abs/10.1002/smr.2298


     Search term "Case+Study"+"Continuous"+"DevOps"
     Title What We Know About Software Architecture Styles in Continuous Delivery and DevOps?
     Author ['M Daneva', 'R Bolscher']
     Venue International Conference on Software …
     Year 2019
     Abstract The example of a case study from a leading German bank [3] is representative for a  the context of large network operators, many of which are transitioning to DevOps/CD (eg  These authors report on their proposal for a continuous integration and delivery architecture framework
     Url https://link.springer.com/chapter/10.1007/978-3-030-52991-8_2


     Search term "Case+Study"+"Continuous"+"DevOps"
     Title Implementing the Planning Process within DevOps Teams to Achieve Continuous Innovation
     Author ['A Wiedemann', 'M Wiesche', 'H Gewald', 'H Krcmar']
     Venue NA
     Year 2019
     Abstract and provide deeper insights into how the collaboration of business and IT functions could be implemented through new approaches like DevOps teams. Based on our explorative case study, we identified scalability, security, and quality as mechanisms for continuous innovation
     Url https://aisel.aisnet.org/hicss-52/st/agile_development/9/


     Search term "Case+Study"+"Continuous"+"DevOps"
     Title Orchestrating automation and sharing in DevOps teams: a revelatory case of job satisfaction factors, risk and work conditions
     Author ['A Hemon-Hildgen', 'F Rowe']
     Venue European Journal of …
     Year 2020
     Abstract bottlenecks between agile development teams and operations, notably by providing continuous integration, delivery  Findings show that DevOps provides greater job satisfaction than agile alone. However, this case study also unveiled an effect of risk amplification with DevOps
     Url https://www.tandfonline.com/doi/abs/10.1080/0960085X.2020.1782276


     Search term "Case+Study"+"Continuous"+"DevOps"
     Title On the Role of Software Architecture in DevOps Transformation: An Industrial Case Study
     Author ['M Shahin', 'MA Babar']
     Venue arXiv preprint arXiv:2003.06108
     Year 2020
     Abstract CCS CONCEPTS • Software and its engineering ➝ Software development process management KEYWORDS DevOps, Software Architecture, Continuous Delivery, Case Study ACM Reference format: Mojtaba Shahin and M. Ali Babar. 2020
     Url https://arxiv.org/abs/2003.06108


     Search term "Case+Study"+"Continuous"+"DevOps"
     Title Hands-On Security in DevOps: Ensure continuous security, deployment, and delivery with DevSecOps
     Author ['THC Hsu']
     Venue NA
     Year 2018
     Abstract risk detection framework PCI DSS compliance Summary Questions Further reading 262 262 264 268 271 271 273 Chapter 19: GDPR Compliance Case Study GDPR security  Preface DevOps has provided speed and quality benefits with continuous development and
     Url https://books.google.com/books?hl=de&lr=&id=bO1mDwAAQBAJ&oi=fnd&pg=PP1&dq=%22Case+Study%22+%22Continuous%22+%22DevOps%22&ots=pIcw5pXoiC&sig=OIX0mqd073l5v3qbkOlVudAyXVc


     Search term "Case+Study"+"Continuous"+"DevOps"
     Title Enabling DevOps collaboration and continuous delivery using diverse application environments
     Author ['J Wettinger', 'V Andrikopoulos', 'F Leymann']
     Venue … International Conferences" On …
     Year 2015
     Abstract can be combined, eg, number of nodes with costs of operating the application under a given load, as discussed in [1]. We finally performed an evaluation using a case study based on the Web shop application14. 5 Conclusions Continuous delivery and DevOps have emerged
     Url https://link.springer.com/chapter/10.1007/978-3-319-26148-5_23


     Search term "Case+Study"+"Continuous"+"DevOps"
     Title Designing Software Architecture to Support Continuous Delivery and DevOps: A Systematic Literature Review.
     Author ['R Bolscher', 'M Daneva']
     Venue ICSOFT
     Year 2019
     Abstract ( "software architecture" AND ( "continuous delivery" OR "continuous deployment" OR  The paper discusses as its core topic either DevOps or CD in a software architecture domain; I2. The paper takes a practical point of view on the problem domain (eg a case study or expert
     Url https://www.scitepress.org/Papers/2019/78370/78370.pdf


     Search term "Case+Study"+"Continuous"+"DevOps"
     Title DevOps for information management systems
     Author ['AQ Gill', 'A Loumish', 'I Riyat', 'S Han']
     Venue VINE Journal of Information and …
     Year 2018
     Abstract Farroha and Farroha, 2014). Chen (2015b) also discusses the importance of integrated DevOps architecture for the continuous delivery of a portfolio of 22 applications in a case study organization. Farroha and Farroha (2014
     Url https://www.emerald.com/insight/content/doi/10.1108/VJIKMS-02-2017-0007/full/html


     Search term "Case+Study"+"Continuous"+"DevOps"
     Title Continuous scrum: A framework to enhance scrum with DevOps
     Author ['SS Samarawickrama', 'I Perera']
     Venue … International Conference on …
     Year 2017
     Abstract The concept of small releases and continuous builds lead to the new concept of DevOps  As in Scrum, though the system developed according to specification it may not get validated by end users. DevOps support continuous development and integration to avoid those pitfalls
     Url https://ieeexplore.ieee.org/abstract/document/8257808/


     Search term "Case+Study"+"Continuous"+"DevOps"
     Title The DevOps Reference Architecture Evaluation: A Design Science Research Case Study
     Author ['GB Ghantous', 'A Gill']
     Venue … Conference on Smart Internet of Things …
     Year 2020
     Abstract The CI broker enables continuous integration, branching development and automation (for build  Logical Model The DRA logical model (please see Appendix - Case Study Template – DRAv2.0  model components include the necessary functions to enable DevOps concepts and
     Url https://ieeexplore.ieee.org/abstract/document/9192390/


     Search term "Case+Study"+"Continuous"+"DevOps"
     Title SKI: A New Agile Framework that Supports DevOps, Continuous Delivery, and Lean Hypothesis Testing
     Author ['J Saltz', 'A Sutherland']
     Venue … of the 53rd …
     Year 2020
     Abstract Page 1. SKI: A New Agile Framework that supports DevOps, Continuous Delivery, and Lean Hypothesis Testing  Abstract This paper explores the need for a new process framework that can effectively support DevOps and Continuous Delivery teams
     Url https://scholarspace.manoa.hawaii.edu/handle/10125/64503


     Search term "Case+Study"+"Continuous"+"DevOps"
     Title A software architecture framework for quality-aware DevOps
     Author ['E Di Nitto', 'P Jamshidi', 'M Guerriero', 'I Spais']
     Venue … Quality-Aware DevOps
     Year 2016
     Abstract We illustrate our framework in a case-study in the Big Data domain. CCS Concepts •Software and its engineering → Software notations and tools; Designing software; System description lan- guages;  This is be- cause DevOps advocates continuous improvement and
     Url https://dl.acm.org/doi/abs/10.1145/2945408.2945411


     Search term "Case+Study"+"Continuous"+"DevOps"
     Title An exploratory study of devops extending the dimensions of devops with practices
     Author ['LE Lwakatare', 'P Kuvaja', 'M Oivo']
     Venue ICSEA 2016
     Year 2016
     Abstract Continuous monitor- ing of both infrastructure and application, as a DevOps practice helping to  of our study signify the importance of considering context when describing DevOps practices. In our case study, even though most practitioners elaborated the practices in the context
     Url https://www.academia.edu/download/49113540/icsea_2016_full.pdf#page=105


     Search term "Case+Study"+"Continuous"+"DevOps"
     Title DevOps: A software architect's perspective
     Author ['L Bass', 'I Weber', 'L Zhu']
     Venue NA
     Year 2015
     Abstract We were able to find treatments from the IT manager's perspective (eg, the novel The Phoenix Project: A Novel about IT, DevOps, and Helping Your Business Win) and from the project manager's perspective (eg, Continuous Delivery: Reliable Software Releases Through Build
     Url https://books.google.com/books?hl=de&lr=&id=fcwkCQAAQBAJ&oi=fnd&pg=PT13&dq=%22Case+Study%22+%22Continuous%22+%22DevOps%22&ots=KSttpaMOXd&sig=6XkIKh2SwRyqA3Jux1bLdQ_DX5g


     Search term "Case+Study"+"Continuous"+"DevOps"
     Title SLA-based continuous security assurance in multi-cloud DevOps
     Author ['E Rios', 'M Rak', 'E Iturbe', 'W Mallouli']
     Venue NA
     Year 2017
     Abstract The focus of this case study is on data integrity, confidentiality, localization and access control  The DevOps Teams in both case studies followed the different steps of MUSA  the application was deployed successfully using the MUSA Deployer tool and continuous monitoring and
     Url http://dsp.tecnalia.com/handle/11556/677


     Search term "Case+Study"+"Continuous"+"DevOps"
     Title Software Release Management Evolution-Comparative Analysis across Agile and DevOps Continuous Delivery
     Author ['SI Mohamed']
     Venue … Journal of Advanced Engineering Research and …
     Year 2016
     Abstract IV. FRAMEWORK VALIDATION (CASE STUDY) To measure how the proposed DevOps continuous delivery framework would help faster releases, case study has been developed and set of measures/metrics are used/proposed according to literature and industry
     Url https://www.academia.edu/download/52363095/Paper_7_-_Software_Release_Management_Evolution-Comparative_Analysis_across_Agile_and_DevOpsContinuous_Delivery-IJAERS.pdf


     Search term "Case+Study"+"Continuous"+"DevOps"
     Title DevOps in practice: an exploratory case study
     Author ['J Díaz', 'R Almaraz', 'J Pérez', 'J Garbajosa']
     Venue Proceedings of the 19th …
     Year 2018
     Abstract Finally, Table 1 shows the subjects participating in the case study: 11 (multinational) software-intensive companies  to this approach as a DevOps cross-organization), which means that a DevOps team helps  These teams implement continuous integration and continuous delivery
     Url https://dl.acm.org/doi/abs/10.1145/3234152.3234199


     Search term "Case+Study"+"Continuous"+"DevOps"
     Title A qualitative study of DevOps usage in practice
     Author ['FMA Erich', 'C Amrit', 'M Daneva']
     Venue Journal of Software: Evolution …
     Year 2017
     Abstract DevOps implementation,29; focusing on people instead of tools and processes when implementing DevOps,36; applying various practices for supporting Continuous Delivery to increase customer feedback,(37, 38); applying various
     Url https://onlinelibrary.wiley.com/doi/abs/10.1002/smr.1885


     Search term "Case+Study"+"Continuous"+"DevOps"
     Title Report: Devops literature review
     Author ['F Erich', 'C Amrit', 'M Daneva']
     Venue University of Twente, Tech. Rep
     Year 2014
     Abstract The results are limited to a single case. [42] 4 J A case study of the business implications on adopting DevOps is described  No results of validation are presented. [59] 5 J It is described how DevOps supports continuous delivery
     Url https://www.researchgate.net/profile/Chintan_Amrit/publication/267330992_Report_DevOps_Literature_Review/links/544ba33f0cf2bcc9b1d6bd8a.pdf

