Showing papers for search query "Case+Study"+"Cyber-physical+system"+OR+"Industrial+control+system"+OR+"ICS"+OR+"SCADA"+OR+"Distributed+control+system"+OR+"DCS"+"Traceability"

     Search term "Case+Study"+"Cyber-physical+system"+OR+"Industrial+control+system"+OR+"ICS"+OR+"SCADA"+OR+"Distributed+control+system"+OR+"DCS"+"Traceability"
     Title An intelligent value stream-based approach to collaboration of food traceability cyber physical system by fog computing
     Author ['RY Chen']
     Venue Food Control
     Year 2017
     Abstract traceability procedure or a specific, high-warranty traceability procedure, A medium-sized enterprise case-study operating in  2.2. Cyber physical system  IPv6, RFID, Micro Electro Mechanical Systems (MEMS) and advanced control technologies for SCADA (supervisory control
     Url https://www.sciencedirect.com/science/article/pii/S0956713516303565


     Search term "Case+Study"+"Cyber-physical+system"+OR+"Industrial+control+system"+OR+"ICS"+OR+"SCADA"+OR+"Distributed+control+system"+OR+"DCS"+"Traceability"
     Title Intelligent Predictive Food Traceability Cyber Physical System in Agriculture Food Supply Chain
     Author ['RY Chen']
     Venue IOP Conf. Series: Journal of Physics: Conf. Series
     Year 2018
     Abstract Section 3 presents the proposed approach to develop novel intelligent predictive food traceability cyber physical system. It consists of predictive algorithm for food traceability efficiency. Section 4 presents the case study and numerical example for agriculture food product
     Url https://iopscience.iop.org/article/10.1088/1742-6596/1026/1/012017/pdf;Intelligent


     Search term "Case+Study"+"Cyber-physical+system"+OR+"Industrial+control+system"+OR+"ICS"+OR+"SCADA"+OR+"Distributed+control+system"+OR+"DCS"+"Traceability"
     Title Software traceability with topic modeling
     Author ['HU Asuncion', 'AU Asuncion']
     Venue 2010 ACM/IEEE 32nd …
     Year 2010
     Abstract For a brief demo of topic modeling on news articles, see: http://asuncion.ics.uci.edu  the ArchStudio software project and we perform a feature comparison between our traceability tools and  6.1 Case study on ArchStudio We conducted a case study on the ArchStudio 4 system [15
     Url https://ieeexplore.ieee.org/abstract/document/6062077/


     Search term "Case+Study"+"Cyber-physical+system"+OR+"Industrial+control+system"+OR+"ICS"+OR+"SCADA"+OR+"Distributed+control+system"+OR+"DCS"+"Traceability"
     Title Towards Enhancement of Fault Traceability Among Multiple Hazard Analyses in Cyber-Physical Systems
     Author ['D Horn', 'N Ali', 'JE Hong']
     Venue 2019 IEEE 43rd Annual Computer …
     Year 2019
     Abstract within traditional FTA, FMEA, and ETA hazard analysis contents in a cyber-physical system to support the  to know how it manages and controls the faults via a real case study, an Automatic  10 No vehicle information in Monitor TV ETA_0 OMS 11 Secondary storage ETA_0 DCS
     Url https://ieeexplore.ieee.org/abstract/document/8754309/


     Search term "Case+Study"+"Cyber-physical+system"+OR+"Industrial+control+system"+OR+"ICS"+OR+"SCADA"+OR+"Distributed+control+system"+OR+"DCS"+"Traceability"
     Title An RFID application in the food supply chain: A case study of convenience stores in Taiwan
     Author ['IH Hong', 'JF Dang', 'YH Tsai', 'CS Liu', 'WT Lee']
     Venue Journal of food …
     Year 2011
     Abstract Since the procurement cost of the RFID hardware is simply transferred to the members installing the traceability system, the financial analysis in this paper  The upper part of Table 4 shows the types of information collected from the stores and DCs in our case study, based on
     Url https://www.sciencedirect.com/science/article/pii/S026087741100210X


     Search term "Case+Study"+"Cyber-physical+system"+OR+"Industrial+control+system"+OR+"ICS"+OR+"SCADA"+OR+"Distributed+control+system"+OR+"DCS"+"Traceability"
     Title An end-to-end industrial software traceability tool
     Author ['HU Asuncion', 'F François', 'RN Taylor']
     Venue Proceedings of the the 6th joint …
     Year 2007
     Abstract Research University of California, Irvine Irvine, California 92697 +1-949-824-6429 taylor@ics.uci.edu  4, 8, 21, 24], none focuses on achieving end-to- end software traceability across various  The case study on a US DoD project [24] conducted more than a decade ago is the
     Url https://dl.acm.org/doi/abs/10.1145/1287624.1287642


     Search term "Case+Study"+"Cyber-physical+system"+OR+"Industrial+control+system"+OR+"ICS"+OR+"SCADA"+OR+"Distributed+control+system"+OR+"DCS"+"Traceability"
     Title Model-based documentation of dynamicity constraints for collaborative cyber-physical system architectures: Findings from an industrial case study
     Author ['J Brings', 'M Daun', 'T Bandyszak', 'V Stricker']
     Venue Journal of Systems …
     Year 2019
     Abstract Model-based documentation of dynamicity constraints for collaborative cyber-physical system architectures: Findings from an industrial case study  be associated to the particular morphologies they are applicable to in order to ensure traceability and comprehensibility
     Url https://www.sciencedirect.com/science/article/pii/S1383762118303527


     Search term "Case+Study"+"Cyber-physical+system"+OR+"Industrial+control+system"+OR+"ICS"+OR+"SCADA"+OR+"Distributed+control+system"+OR+"DCS"+"Traceability"
     Title Tracking and traceability solution using a novel material handling system
     Author ['A Mousavi', 'M Sarhadi', 'S Fawcett', 'S Bowles']
     Venue Innovative Food Science …
     Year 2005
     Abstract Modelling effective material tracking systems, a case study in wireless technology, Industrial  be able to maintain high standards of operational fluency whilst maintaining 100% traceability  US2002057956&ID=US2002057956A1+I+&PG=1]) and the associated SCADA system in
     Url https://www.sciencedirect.com/science/article/pii/S1466856404001055


     Search term "Case+Study"+"Cyber-physical+system"+OR+"Industrial+control+system"+OR+"ICS"+OR+"SCADA"+OR+"Distributed+control+system"+OR+"DCS"+"Traceability"
     Title A framework for traceability and transparency in the dairy supply chain networks
     Author ['RR Pant', 'G Prakash', 'JA Farooquie']
     Venue Procedia-Social and …
     Year 2015
     Abstract This paper follows a case study approach and presents findings from three types of dairy  small dairy processors (CSDP) in line with the present dairy cooperative society (DCS)  organized processors of dairy products in terms of quality, transparency, traceability and information
     Url https://cyberleninka.org/article/n/993918.pdf


     Search term "Case+Study"+"Cyber-physical+system"+OR+"Industrial+control+system"+OR+"ICS"+OR+"SCADA"+OR+"Distributed+control+system"+OR+"DCS"+"Traceability"
     Title Towards practical software traceability
     Author ['HU Asun ion']
     Venue Companion of the 30th international conference on …
     Year 2008
     Abstract CACM. 41(12), p32-36, Dec 1998. [14] Lopes, CV and Baldi, P. The Sourcerer Project. <http://sourcerer.ics.uci.edu/>  [17] Ramesh, B., Powers, T., et al. Implementing Requirements Traceability: A Case Study. In Proc. of the 1995 Intl. Symp on Req Eng (RE'95)
     Url https://dl.acm.org/doi/abs/10.1145/1370175.1370228


     Search term "Case+Study"+"Cyber-physical+system"+OR+"Industrial+control+system"+OR+"ICS"+OR+"SCADA"+OR+"Distributed+control+system"+OR+"DCS"+"Traceability"
     Title Traceability and information technology in the meat supply chain: implications for firm organization and market structure
     Author ['BL Buhr']
     Venue Journal of Food Distribution Research
     Year 2003
     Abstract integrates the theory of firm organization and integration with case-study observations from Europe. First, the fun- damental market-structure issue of why traceabil- ity is adopted in meat supply chains is addressed. This is followed by focusing on how traceability is expected to
     Url https://ageconsearch.umn.edu/record/27057/


     Search term "Case+Study"+"Cyber-physical+system"+OR+"Industrial+control+system"+OR+"ICS"+OR+"SCADA"+OR+"Distributed+control+system"+OR+"DCS"+"Traceability"
     Title Experimental evidence on willingness to pay for red meat traceability in the United States, Canada, the United Kingdom, and Japan
     Author ['DL Dickinson', 'D Von Bailey']
     Venue Journal of Agricultural and Applied …
     Year 2005
     Abstract a unique case study in consumer willingness to pay (WTP) for "farm-to-fork" traceable meat products in four industrialized countries  encephalopathy (BSE or "mad cow" disease)1 and other industry setbacks that might have affected consumer WTP for traceability and other
     Url https://www.cambridge.org/core/journals/journal-of-agricultural-and-applied-economics/article/experimental-evidence-on-willingness-to-pay-for-red-meat-traceability-in-the-united-states-canada-the-united-kingdom-and-japan/21BECD05EF94124301EF1A356E3CA8B0


     Search term "Case+Study"+"Cyber-physical+system"+OR+"Industrial+control+system"+OR+"ICS"+OR+"SCADA"+OR+"Distributed+control+system"+OR+"DCS"+"Traceability"
     Title Software and systems traceability
     Author ['J Cleland-Huang', 'O Gotel', 'A Zisman']
     Venue NA
     Year 2012
     Abstract 425 Appendix C: Mobile Phone Product Line Software System Case Study  edu Richard N. Taylor Institute for Software Research, University of California, Irvine, CA, USA, Taylor@ ics. uci  Part I Traceability Strategy Traceability needs to be planned for and managed if it is to be
     Url https://link.springer.com/content/pdf/10.1007/978-1-4471-2239-5.pdf


     Search term "Case+Study"+"Cyber-physical+system"+OR+"Industrial+control+system"+OR+"ICS"+OR+"SCADA"+OR+"Distributed+control+system"+OR+"DCS"+"Traceability"
     Title Reconstructing requirements coverage views from design and test using traceability recovery via LSI
     Author ['M Lormans', 'A Van Deursen']
     Venue … 3rd international workshop on Traceability …
     Year 2005
     Abstract coverage views using LSI, after which we describe and discuss our case study in Sections 5  or manipulation of the input, which drastically reduces the costs of traceability link recovery [12  requirements throughout the life cycle of, for example, consumer electron- ics products or
     Url https://dl.acm.org/doi/abs/10.1145/1107656.1107665


     Search term "Case+Study"+"Cyber-physical+system"+OR+"Industrial+control+system"+OR+"ICS"+OR+"SCADA"+OR+"Distributed+control+system"+OR+"DCS"+"Traceability"
     Title A blockchain enabled Cyber-Physical System architecture for Industry 4.0 manufacturing systems
     Author ['J Lee', 'M Azamfar', 'J Singh']
     Venue Manufacturing Letters
     Year 2019
     Abstract Cyber-Physical System. Industry 4.0. Blockchain technology. Artificial Intelligence. Cloud computing. Big data. Peer to  communication in the electrical grid system [16], food supply chain traceability system [17  2 presents a PHM case study illustrating how each function of BCPS is
     Url https://www.sciencedirect.com/science/article/pii/S2213846319300264


     Search term "Case+Study"+"Cyber-physical+system"+OR+"Industrial+control+system"+OR+"ICS"+OR+"SCADA"+OR+"Distributed+control+system"+OR+"DCS"+"Traceability"
     Title Model-based methodology for requirements traceability in embedded systems
     Author ['A Albinet', 'JL Boulanger', 'H Dubois', 'MA Peraldi-Frati']
     Venue NA
     Year 2007
     Abstract 3 Case study: knock controller  general IEC 61508 standard [9] which concerns all systems based on electric, electronics, and programmable electron- ics. These standards recommend the application of requirement engineering with end- to-end traceability applied to the whole
     Url https://hal.inria.fr/inria-00413488/


     Search term "Case+Study"+"Cyber-physical+system"+OR+"Industrial+control+system"+OR+"ICS"+OR+"SCADA"+OR+"Distributed+control+system"+OR+"DCS"+"Traceability"
     Title Food traceability: New trends and recent advances. A review
     Author ['R Badia-Melis', 'P Mishra', 'L Ruiz-García']
     Venue Food control
     Year 2015
     Abstract Download PDFDownload. Share. Export. Advanced. Elsevier. Food Control. Volume 57, November 2015, Pages 393-401. Food Control. Food traceability: New trends and recent advances. A review  2.1. RFID, still a promising tool for traceability control
     Url https://www.sciencedirect.com/science/article/pii/S0956713515002698


     Search term "Case+Study"+"Cyber-physical+system"+OR+"Industrial+control+system"+OR+"ICS"+OR+"SCADA"+OR+"Distributed+control+system"+OR+"DCS"+"Traceability"
     Title The towers of hanoi as a cyber-physical system education case study
     Author ['PJ Mosterman', 'J Zander', 'Z Han']
     Venue Proc. of the First Workshop on …
     Year 2013
     Abstract design models based on computational simula- tion for design space exploration, automatic code generation, specification testing, and full design traceability [1], [2  1. Towers of Hanoi as a SCADA System II. TOWERS OF HANOI AS A CYBER-PHYSICAL SYSTEM CASE STUDY
     Url https://se.mathworks.com/content/dam/mathworks/mathworks-dot-com/discovery/supporting-docs/towers-of-hanoi-as-cyber-physical-system.pdf


     Search term "Case+Study"+"Cyber-physical+system"+OR+"Industrial+control+system"+OR+"ICS"+OR+"SCADA"+OR+"Distributed+control+system"+OR+"DCS"+"Traceability"
     Title RFID traceability: A multilayer problem
     Author ['G Avoine', 'P Oechslin']
     Venue … Conference on Financial Cryptography and Data …
     Year 2005
     Abstract Therefore, in order to avoid traceability, the information sent by the tag needs to be indistinguishable (by an adversary) from a random value  3.2 Case Study: Protocol of Henrici and Müller The principle of the protocol is as follows: after the personalisation phase, the tag contains
     Url https://link.springer.com/chapter/10.1007/11507840_14


     Search term "Case+Study"+"Cyber-physical+system"+OR+"Industrial+control+system"+OR+"ICS"+OR+"SCADA"+OR+"Distributed+control+system"+OR+"DCS"+"Traceability"
     Title Blockchain based wine supply chain traceability system
     Author ['K Biswas', 'V Muthukkumarasamy', 'WL Tan']
     Venue NA
     Year 2017
     Abstract 49-55 Blockchain based Wine Supply Chain Traceability System Authors: KAMANASHIS BISWAS  Two-Factor Authentication with SwissPass Crypto Card: A Case Study Authors: Annett  Identifying and Scoring Vulnerability in SCADA Environments Authors: Abdullah Abuhussein
     Url https://researchbank.acu.edu.au/flb_pub/989/


     Search term "Case+Study"+"Cyber-physical+system"+OR+"Industrial+control+system"+OR+"ICS"+OR+"SCADA"+OR+"Distributed+control+system"+OR+"DCS"+"Traceability"
     Title RFID traceability: A multilayer problem
     Author ['G Avoine', 'P Oechslin']
     Venue … Conference on Financial Cryptography and Data …
     Year 2005
     Abstract Therefore, in order to avoid traceability, the information sent by the tag needs to be indistinguishable (by an adversary) from a random value  3.2 Case Study: Protocol of Henrici and Müller The principle of the protocol is as follows: after the personalisation phase, the tag contains
     Url https://link.springer.com/chapter/10.1007/11507840_14


     Search term "Case+Study"+"Cyber-physical+system"+OR+"Industrial+control+system"+OR+"ICS"+OR+"SCADA"+OR+"Distributed+control+system"+OR+"DCS"+"Traceability"
     Title Model-based methodology for requirements traceability in embedded systems
     Author ['A Albinet', 'JL Boulanger', 'H Dubois', 'MA Peraldi-Frati']
     Venue NA
     Year 2007
     Abstract 3 Case study: knock controller  general IEC 61508 standard [9] which concerns all systems based on electric, electronics, and programmable electron- ics. These standards recommend the application of requirement engineering with end- to-end traceability applied to the whole
     Url https://hal.inria.fr/inria-00413488/


     Search term "Case+Study"+"Cyber-physical+system"+OR+"Industrial+control+system"+OR+"ICS"+OR+"SCADA"+OR+"Distributed+control+system"+OR+"DCS"+"Traceability"
     Title The towers of hanoi as a cyber-physical system education case study
     Author ['PJ Mosterman', 'J Zander', 'Z Han']
     Venue Proc. of the First Workshop on …
     Year 2013
     Abstract design models based on computational simula- tion for design space exploration, automatic code generation, specification testing, and full design traceability [1], [2  1. Towers of Hanoi as a SCADA System II. TOWERS OF HANOI AS A CYBER-PHYSICAL SYSTEM CASE STUDY
     Url https://se.mathworks.com/content/dam/mathworks/mathworks-dot-com/discovery/supporting-docs/towers-of-hanoi-as-cyber-physical-system.pdf


     Search term "Case+Study"+"Cyber-physical+system"+OR+"Industrial+control+system"+OR+"ICS"+OR+"SCADA"+OR+"Distributed+control+system"+OR+"DCS"+"Traceability"
     Title Communication security in SCADA pipeline monitoring systems
     Author ['T Daniela']
     Venue … Conference 10th Edition: Networking in Education …
     Year 2011
     Abstract Thus, when the company presented in the case study took into account the adoption of a monitoring and control solution using Freelance 800F - a DCS solution proposed by the  The main threats related to a SCADA system are referring to system infrastructure. There can be
     Url https://ieeexplore.ieee.org/abstract/document/5993706/


     Search term "Case+Study"+"Cyber-physical+system"+OR+"Industrial+control+system"+OR+"ICS"+OR+"SCADA"+OR+"Distributed+control+system"+OR+"DCS"+"Traceability"
     Title Rethinking the prevailing security paradigm: can user empowerment with traceability reduce the rate of security policy circumvention?
     Author ['S Jeon', 'A Hovav', 'J Han', 'S Alter']
     Venue ACM SIGMIS Database: the …
     Year 2018
     Abstract with Traceability Reduce the Rate  The propositions are assessed using an exploratory empirical case study methodology, which combines interviews, The DATA BASE for Advances in Information Systems  This type of security is often referred to as data-centric security (DCS)
     Url https://dl.acm.org/doi/abs/10.1145/3242734.3242739


     Search term "Case+Study"+"Cyber-physical+system"+OR+"Industrial+control+system"+OR+"ICS"+OR+"SCADA"+OR+"Distributed+control+system"+OR+"DCS"+"Traceability"
     Title A fog computing industrial cyber-physical system for embedded low-latency machine learning Industry 4.0 applications
     Author ["P O'donovan", 'C Gallagher', 'K Bruton']
     Venue Manufacturing Letters
     Year 2018
     Abstract Tomasi, C. Pastrone, AM Spirito, et al.Bringing the Internet of Things along the manufacturing line: a case study in controlling  2319-2322. Google Scholar. [19] R.-Y. ChenAn intelligent value stream-based approach to collaboration of food traceability cyber physical system by fog
     Url https://www.sciencedirect.com/science/article/pii/S2213846318300087


     Search term "Case+Study"+"Cyber-physical+system"+OR+"Industrial+control+system"+OR+"ICS"+OR+"SCADA"+OR+"Distributed+control+system"+OR+"DCS"+"Traceability"
     Title A survey of traceability in requirements engineering and model-driven development
     Author ['S Winkler', 'J von Pilgrim']
     Venue Software & Systems Modeling
     Year 2010
     Abstract THEME SECTION A survey of traceability in requirements engineering  Abstract Traceability— the ability to follow the life of software artifacts—is a topic of great interest to software developers in general, and to requirements engineers and model-driven developers in particular
     Url https://link.springer.com/content/pdf/10.1007/s10270-009-0145-0.pdf


     Search term "Case+Study"+"Cyber-physical+system"+OR+"Industrial+control+system"+OR+"ICS"+OR+"SCADA"+OR+"Distributed+control+system"+OR+"DCS"+"Traceability"
     Title Agricultural cyber-physical system enabled for remote management of solar-powered precision irrigation
     Author ['A Selmani', 'H Oubehar', 'M Outanoute']
     Venue Biosystems …
     Year 2019
     Abstract Fig. 1. Architecture of the typical agriculture cyber-physical system. The remote  conditions. 2.3. Case study. The  activities. Such traceability allows deep analysis of the performance and effectiveness of the decision level. Furthermore
     Url https://www.sciencedirect.com/science/article/pii/S1537511017311455


     Search term "Case+Study"+"Cyber-physical+system"+OR+"Industrial+control+system"+OR+"ICS"+OR+"SCADA"+OR+"Distributed+control+system"+OR+"DCS"+"Traceability"
     Title Integration of a threat traceability solution in the industrial internet of things
     Author ['JE Rubio', 'R Roman', 'J Lopez']
     Venue IEEE Transactions on Industrial …
     Year 2020
     Abstract It was originally proposed to be integrated in a traditional industrial control system, but its openness to  due to the adaptable nature of the framework, and iii) easing the traceability of attacks  CASE STUDY After the study of the applicability of the Opinion Dynamics in the IIoT, this
     Url https://ieeexplore.ieee.org/abstract/document/9016083/


     Search term "Case+Study"+"Cyber-physical+system"+OR+"Industrial+control+system"+OR+"ICS"+OR+"SCADA"+OR+"Distributed+control+system"+OR+"DCS"+"Traceability"
     Title An experimental platform for assessing SCADA vulnerabilities and countermeasures in power plants
     Author ['IN Fovino', 'M Masera', 'L Guidi']
     Venue … Conference on Human …
     Year 2010
     Abstract 2. Security Policy Vulnerabilities: vulnerabilities due to poor access policies, traceability and patching  vulnerabilities, threats and attacks scenarios identified in this case study demonstrate how  of the analyzed Power Plant (network, applications, policies, SCADA systems, electro
     Url https://ieeexplore.ieee.org/abstract/document/5514494/


     Search term "Case+Study"+"Cyber-physical+system"+OR+"Industrial+control+system"+OR+"ICS"+OR+"SCADA"+OR+"Distributed+control+system"+OR+"DCS"+"Traceability"
     Title Cyber physical system-enabled synchronization mechanism for pick-and-sort ecommerce order fulfilment
     Author ['XTR Kong', 'X Yang', 'KL Peng', 'CZ Li']
     Venue Computers in Industry
     Year 2020
     Abstract This research has aimed itself at capitalizing the benefits of CPS-enabled visibility and traceability technology for adaptive synchronization of pick-and-sort  Pick-and-sort ecommerce order fulfilment. Cyber physical system. Synchronization mechanism. Case study
     Url https://www.sciencedirect.com/science/article/pii/S016636151931070X


     Search term "Case+Study"+"Cyber-physical+system"+OR+"Industrial+control+system"+OR+"ICS"+OR+"SCADA"+OR+"Distributed+control+system"+OR+"DCS"+"Traceability"
     Title The quest for ubiquity: A roadmap for software and systems traceability research
     Author ['O Gotel', 'J Cleland-Huang', 'JH Hayes']
     Venue 2012 20th IEEE …
     Year 2012
     Abstract Page 1. The Quest for Ubiquity: A Roadmap for Software and Systems Traceability Research  Abstract—Traceability underlies many important software and systems engineering activities, such as change impact analysis and regression testing
     Url https://ieeexplore.ieee.org/abstract/document/6345841/


     Search term "Case+Study"+"Cyber-physical+system"+OR+"Industrial+control+system"+OR+"ICS"+OR+"SCADA"+OR+"Distributed+control+system"+OR+"DCS"+"Traceability"
     Title Cyber physical system (CPS)-based industry 4.0: A survey
     Author ['Y Lu']
     Venue Journal of Industrial Integration and Management
     Year 2017
     Abstract PC Olveczky [2015] Designing and verifying distributed cyber-physical systems using multirate PALS: An airplane turning control system case study  Crossref, Google Scholar; Bai, ZY and XY Huang [2012] Design and implementation of a cyber physical system for building smart
     Url https://www.worldscientific.com/doi/abs/10.1142/S2424862217500142


     Search term "Case+Study"+"Cyber-physical+system"+OR+"Industrial+control+system"+OR+"ICS"+OR+"SCADA"+OR+"Distributed+control+system"+OR+"DCS"+"Traceability"
     Title Traceability and fine-grained constraints in interactive inconsistency management
     Author ['P Van Gorp', 'F Altheide', 'D Janssens']
     Venue Second ECMDA Traceability …
     Year 2006
     Abstract Based on an established case study, this paper has illustrated that traceability links should be  Traceability links can also be used to support de- velopers in the navigation  Technical report, Universiteit Antwerpen, Department of Mathemat- ics and Computer Science, 2020
     Url https://www.researchgate.net/profile/Pieter_Van_Gorp/publication/215571225_Traceability_and_Fine-Grained_Constraints_in_Interactive_Inconsistency_Management/links/02e7e525800be61bdd000000.pdf


     Search term "Case+Study"+"Cyber-physical+system"+OR+"Industrial+control+system"+OR+"ICS"+OR+"SCADA"+OR+"Distributed+control+system"+OR+"DCS"+"Traceability"
     Title Dependency Link Derivation Process and Theorems of Requirements Traceability Matrix
     Author ['WT Lee']
     Venue 2016 International Computer Symposium (ICS)
     Year 2016
     Abstract 561 2016 International Computer Symposium 978-1-5090-3438-3/16 $31.00 © 2016 IEEE DOI 10.1109/ICS.2016.115 561 Page 2  94–101. [3] B. Ramesh, T. Powers, C. Stubbs, and M. Edwards, “Im- plementing requirements traceability: a case study,” in Pro- ceedings of the
     Url https://ieeexplore.ieee.org/abstract/document/7858538/


     Search term "Case+Study"+"Cyber-physical+system"+OR+"Industrial+control+system"+OR+"ICS"+OR+"SCADA"+OR+"Distributed+control+system"+OR+"DCS"+"Traceability"
     Title … information models to capture the dynamics of clinical processes: introducing process-oriented traceability in medical informatics specifications as a case study.
     Author ['F Frexia']
     Venue NA
     Year 2019
     Abstract informatics specifications as a case study  with the results presented below in this thesis, which are informative models for process-oriented traceability, in general  CWL is designed to meet the needs of data-intensive science, such as Bioinformat- ics, Medical Imaging, Astronomy
     Url https://iris.unica.it/handle/11584/260749


     Search term "Case+Study"+"Cyber-physical+system"+OR+"Industrial+control+system"+OR+"ICS"+OR+"SCADA"+OR+"Distributed+control+system"+OR+"DCS"+"Traceability"
     Title Food supply chain: are UK SMEs aware of concept, drivers, benefits and barriers, and frameworks of traceability?
     Author ['M Mattevi', 'JA Jones', 'CJ Griffith']
     Venue British Food Journal
     Year 2016
     Abstract Page 1. Food supply chain: are UK SMEs aware of concept, drivers, benefits and barriers, and frameworks of traceability  Definition of Traceability Different actors, such as regulators, international bodies, professional associations and academics, have tried to define traceability
     Url https://www.emerald.com/insight/content/doi/10.1108/BFJ-07-2015-0261/full/html


     Search term "Case+Study"+"Cyber-physical+system"+OR+"Industrial+control+system"+OR+"ICS"+OR+"SCADA"+OR+"Distributed+control+system"+OR+"DCS"+"Traceability"
     Title History of industrial control system cyber incidents
     Author ['KE Hemsley', 'E Fisher']
     Venue NA
     Year 2018
     Abstract Page 2. INL/CON-18-44411-Revision-2 History of Industrial Control System Cyber Incidents Kevin E. Hemsley, Dr. Ronald E. Fisher  There was no evidence that Shamoon had any direct impact on ICS or SCADA systems at either Saudi Aramco or RasGas
     Url https://www.osti.gov/biblio/1505628


     Search term "Case+Study"+"Cyber-physical+system"+OR+"Industrial+control+system"+OR+"ICS"+OR+"SCADA"+OR+"Distributed+control+system"+OR+"DCS"+"Traceability"
     Title Do viewpoints lead to better conceptual models? An exploratory case study
     Author ['S Easterbrook', 'E Yu', 'J Aranda', 'Y Fan']
     Venue … Engineering (RE'05)
     Year 2005
     Abstract Additional hypotheses were as follows: • Viewpoints modelling improves traceability to individ- ual stakeholders  Each team's modelling activities constituted an embedded unit of analysis within the case study  the interviewees were encouraged to raise any other top- ics they felt
     Url https://ieeexplore.ieee.org/abstract/document/1531041/


     Search term "Case+Study"+"Cyber-physical+system"+OR+"Industrial+control+system"+OR+"ICS"+OR+"SCADA"+OR+"Distributed+control+system"+OR+"DCS"+"Traceability"
     Title Genetic traceability practices in a large-size beef company in China
     Author ['J Zhao', 'Z Xu', 'X You', 'Y Zhao', 'W He', 'L Zhao', 'A Chen']
     Venue Food chemistry
     Year 2019
     Abstract of genetic traceability in practice (Bosona and Gebresenbet, 2013, Opara and Mazaud, 2001, Arana et al., 2002). The aim of this study was to develop a genetic tracing and tracking system in a large-sized cattle breeding and beef processing company as a case-study in China
     Url https://www.sciencedirect.com/science/article/pii/S0308814618317722


     Search term "Case+Study"+"Cyber-physical+system"+OR+"Industrial+control+system"+OR+"ICS"+OR+"SCADA"+OR+"Distributed+control+system"+OR+"DCS"+"Traceability"
     Title A visual language for modeling and executing traceability queries
     Author ['P Mäder', 'J Cleland-Huang']
     Venue Software & Systems Modeling
     Year 2013
     Abstract Section 7 describes a case study we performed to evaluate the expressiveness of VTML within a  Visual traceability queries show only the actual queried part of the available traceabil- ity  our notation does not use any dual coded information (graph- ics complemented with text
     Url https://link.springer.com/content/pdf/10.1007/s10270-012-0237-0.pdf


     Search term "Case+Study"+"Cyber-physical+system"+OR+"Industrial+control+system"+OR+"ICS"+OR+"SCADA"+OR+"Distributed+control+system"+OR+"DCS"+"Traceability"
     Title Architectural security weaknesses in industrial control systems (ICS) an empirical study based on disclosed software vulnerabilities
     Author ['D Gonzalez', 'F Alhenaki']
     Venue 2019 IEEE International …
     Year 2019
     Abstract USED TO IDENTIFY COMPONENTS IN ICS ADVISORY REPORTS ICS Component Terms  controller Distributed Control Systems Distributed Control Systems, DCS, digital processor  Device Supervisory Control Software Supervisory control software, SCADA, supervisory control
     Url https://ieeexplore.ieee.org/abstract/document/8703918/


     Search term "Case+Study"+"Cyber-physical+system"+OR+"Industrial+control+system"+OR+"ICS"+OR+"SCADA"+OR+"Distributed+control+system"+OR+"DCS"+"Traceability"
     Title ICS/SCADA Device Recognition: A Hybrid Communication-Patterns and Passive-Fingerprinting Approach
     Author ['AT Al Ghazo', 'R Kumar']
     Venue 2019 IFIP/IEEE Symposium on …
     Year 2019
     Abstract The Industrial Control System (ICS) and Super- visory Control and Data Acquisition (SCADA) systems are the  demonstrate the applicability of our algorithm to a real- world cyber-physical system (CPS), a water treatment system was chosen as a case-study (Figure 6
     Url https://ieeexplore.ieee.org/abstract/document/8717907/


     Search term "Case+Study"+"Cyber-physical+system"+OR+"Industrial+control+system"+OR+"ICS"+OR+"SCADA"+OR+"Distributed+control+system"+OR+"DCS"+"Traceability"
     Title SysML as a common integration platform for co-simulations: example of a cyber physical system design methodology in green heating ventilation and air conditioning …
     Author ['A Sadovykh', 'A Bagnato', 'I Quadri', 'AED Mady']
     Venue Proceedings of the 12th …
     Year 2016
     Abstract We apply the approach to a heating, ventilation and air conditioning case study and show how  lead to issues due to poor model tuning and a lack of requirements traceability  In Cyber-Physical System (CPS) modelling, one possible approach to design is to use domain- specific
     Url https://dl.acm.org/doi/abs/10.1145/3022211.3022212


     Search term "Case+Study"+"Cyber-physical+system"+OR+"Industrial+control+system"+OR+"ICS"+OR+"SCADA"+OR+"Distributed+control+system"+OR+"DCS"+"Traceability"
     Title Case study on traceability application of PLC unit with embedded script engine
     Author ['S Kobori', 'A Noda']
     Venue 2005 IEEE Conference on Emerging …
     Year 2005
     Abstract Case Study on Traceability Application of PLC Unit with Embedded Script Engine  Another is MES [1]. We believe that traceability is one of the main MES functions [2  A typical EAI tool is the Supervisory Control And Date Acquisition (SCADA) package for personal computers
     Url https://ieeexplore.ieee.org/abstract/document/1612656/


     Search term "Case+Study"+"Cyber-physical+system"+OR+"Industrial+control+system"+OR+"ICS"+OR+"SCADA"+OR+"Distributed+control+system"+OR+"DCS"+"Traceability"
     Title Cloud-based Industrial Cyber-Physical System for Data-driven Reasoning. A Review and Use Case on an Industry 4.0 Pilot Line
     Author ['A Villalonga', 'G Beruvides', 'F Castaño', 'R Haber']
     Venue Statistics
     Year 2020
     Abstract been identified, to increase connectivity, interactivity, resource sharing, and data-collection from machines, robots, and other devices, as well as, the digitalization of processes, production systems, and product traceability [9, 10]  Cloud-based Industrial Cyber-Physical System
     Url http://oa.upm.es/64947/1/20200124_IEEE_TII_special_issue.pdf


     Search term "Case+Study"+"Cyber-physical+system"+OR+"Industrial+control+system"+OR+"ICS"+OR+"SCADA"+OR+"Distributed+control+system"+OR+"DCS"+"Traceability"
     Title Findability through Traceability-A Realistic Application of Candidate Trace Links?.
     Author ['M Borg']
     Venue ENASE
     Year 2012
     Abstract We based our analysis on a pilot case study of an impact analysis process in a safety-critical development context, and argue that traceability recovery should be considered an investment in findability  Requirement-centric traceability for change impact analysis: A case study
     Url https://www.researchgate.net/profile/Markus_Borg/publication/230560118_Findability_through_Traceability_A_realistic_application_of_candidate_trace_links/links/0912f5017a22b06b33000000/Findability-through-Traceability-A-realistic-application-of-candidate-trace-links.pdf


     Search term "Case+Study"+"Cyber-physical+system"+OR+"Industrial+control+system"+OR+"ICS"+OR+"SCADA"+OR+"Distributed+control+system"+OR+"DCS"+"Traceability"
     Title The Digitalization of Manufacturing: A Case Study
     Author ['CR Mendes', 'FS Bortoli', 'C da Costa']
     Venue International Journal of …
     Year 2020
     Abstract This research presents a case study of the digitalization of a manufacturing didactic cell located at IFSP- Federal Institute of São Paulo, Brazil  Another important aspect obtained as a result of the implementation of the SCADA system, was the traceability of the production
     Url https://www.academia.edu/download/63651914/13IJAERS-06202014-TheDigitalization20200616-96909-1jhjf5q.pdf


     Search term "Case+Study"+"Cyber-physical+system"+OR+"Industrial+control+system"+OR+"ICS"+OR+"SCADA"+OR+"Distributed+control+system"+OR+"DCS"+"Traceability"
     Title Traceability recovery by modeling programmer behavior
     Author ['G Antoniol', 'C Casazza', 'A Cimitile']
     Venue … Working Conference on …
     Year 2000
     Abstract ITR3i1 = min(s, ICS,il  For the present study comments were disregarded: the entire traceability link recovery process relies on the at- tributes, methods and  more difficult when applied to languages such as Italian, as in the case of the documentation of the case study presented in
     Url https://ieeexplore.ieee.org/abstract/document/891475/


     Search term "Case+Study"+"Cyber-physical+system"+OR+"Industrial+control+system"+OR+"ICS"+OR+"SCADA"+OR+"Distributed+control+system"+OR+"DCS"+"Traceability"
     Title Successful deployment of requirements traceability in a commercial engineering organization... really
     Author ['MC Panis']
     Venue 2010 18th IEEE International Requirements …
     Year 2010
     Abstract Based on the types of ICs the system will test, an ATE system is configured with multiple specialized source and measurement instruments, each with  [4] Gotel, O.; Finkelstein, A., Extended requirements traceability: results of an industrial case study, Requirements Engineering
     Url https://ieeexplore.ieee.org/abstract/document/5636546/

