Showing papers for search query "Continuous"+"Medical"+"Traceability"

     Search term "Continuous"+"Medical"+"Traceability"
     Title Continuous assessment of software traceability
     Author ['P Rempel', 'P Mäder']
     Venue 2016 IEEE/ACM 38th International …
     Year 2016
     Abstract ity prescriptions in the FDA's “Guidance for the Content of Premarket Submissions for Software Contained in Medical Devices”, and  To address this challenge, we propose the traceability as- sessment approach TRUST, which can be performed in a continuous manner
     Url https://ieeexplore.ieee.org/abstract/document/7883392/


     Search term "Continuous"+"Medical"+"Traceability"
     Title Wearable IoT data stream traceability in a distributed health information system
     Author ['RK Lomotey', 'J Pry', 'S Sriramoju']
     Venue Pervasive and Mobile Computing
     Year 2017
     Abstract These devices are employed for continuous streaming of personal medical data (eg  As part of this research, we seek to streamline the process by proposing a wearable IoT data streaming architecture that offers traceability of data routes from the originating source to the
     Url https://www.sciencedirect.com/science/article/pii/S1574119217303279


     Search term "Continuous"+"Medical"+"Traceability"
     Title The role of external quality assessment in the verification of in vitro medical diagnostics in the traceability era
     Author ['F Braga', 'S Pasqualetti', 'M Panteghini']
     Venue Clinical biochemistry
     Year 2018
     Abstract 4. How to improve the post-market surveillance of IVD medical devices: The role of EQA  metrological criteria is mandatory for the evaluation of performance of laboratories in terms of traceability and clinical  Continuous line, regression line; dashed lines, 95% prediction interval
     Url https://www.sciencedirect.com/science/article/pii/S0009912018300031


     Search term "Continuous"+"Medical"+"Traceability"
     Title Application of RFID technology in patient tracking and medication traceability in emergency care
     Author ['MM Pérez', 'M Cabrero-Canosa', 'JV Hermida']
     Venue Journal of medical …
     Year 2012
     Abstract This requires continuous tracking of the patient by different areas and services, a process known as traceability and proper patient identification and medication prescribed  Keywords. RFID Patient traceability Adverse events Medical information systems. Introduction
     Url https://link.springer.com/article/10.1007/s10916-012-9871-x


     Search term "Continuous"+"Medical"+"Traceability"
     Title CONCEPT FOR SELECTING AND INTEGRATING TRACEABILITY SYSTEMS IN THE CONTINUOUS IMPROVEMENT PROCESS OF SMEs1
     Author ['C Kern', 'R Refflinghaus', 'T Trostmann', 'S Wenzel']
     Venue NA
     Year 2019
     Abstract Expensive recalls; traceability of products; traceability systems; selection; continuous improvement; process  system and defines requirements for designing and implementing traceability solutions along the  In contrast, the medical device industry standard DIN EN ISO 13485
     Url http://sites.les.univr.it/eisic/wp-content/uploads/2019/11/24-Kern-Refflinghaus-Trostmann-Wenzel-Wittine-1.pdf


     Search term "Continuous"+"Medical"+"Traceability"
     Title DevOps in regulated software development: case medical devices
     Author ['T Laukkarinen', 'K Kuusinen']
     Venue 2017 IEEE/ACM 39th …
     Year 2017
     Abstract 1, for obstacles and benefits of using DevOps for medical device software development. We found these standards to set obstacles for continuous delivery and integration. Respectively, development tools can help fulfilling the requirements of traceability and documentation of
     Url https://ieeexplore.ieee.org/abstract/document/7966870/


     Search term "Continuous"+"Medical"+"Traceability"
     Title Mind the gap: assessing the conformance of software traceability to relevant guidelines
     Author ['P Rempel', 'P Mäder', 'T Kuschke']
     Venue Proceedings of the 36th …
     Year 2014
     Abstract rig- orous verification process built into the development envi- ronment, continuous integration [18  with application to four industrial domains: Avi- ation, Space, Automotive, and Medical  posed approach involves manually creating a model of the traceability concepts prescribed
     Url https://dl.acm.org/doi/abs/10.1145/2568225.2568290


     Search term "Continuous"+"Medical"+"Traceability"
     Title Role and Responsibilities of Laboratory Medicine Specialists in the Verification of Metrological Traceability of in Vitro Medical Diagnostics/Uloga I Odgovornosti …
     Author ['F Braga', 'I Infusino', 'M Panteghini']
     Venue Journal of Medical …
     Year 2015
     Abstract It is therefore essential to put in place a continuous sur- veillance of the quality of performance of commercial assays  7. Braga F, Panteghini M. Verification of in vitro medical diagnostics (IVD) metrological traceability: Res pon si - bilities and strategies
     Url https://content.sciendo.com/view/journals/jomb/34/3/article-p282.xml


     Search term "Continuous"+"Medical"+"Traceability"
     Title Traceability in laboratory medicine
     Author ['HW Vesper', 'LM Thienpont']
     Venue Clinical chemistry
     Year 2009
     Abstract Traceability facilitates these activities and helps to satisfy the basic needs and requirements of evidence-based laboratory medicine  Application of consistent standards of medical care, best practice guidelines, evidence-based medicine, and laboratory medicine practice
     Url https://academic.oup.com/clinchem/article-abstract/55/6/1067/5631796


     Search term "Continuous"+"Medical"+"Traceability"
     Title Traceability in a food supply chain: Safety and quality perspectives
     Author ['MM Aung', 'YS Chang']
     Venue Food control
     Year 2014
     Abstract is part of an overall cost-effective quality management system that can also assist in continuous improvement and  1. Drivers for traceability of food supply chain  The US Department of Agriculture (USDA) estimates the cost of illness associated with medical expenses and losses
     Url https://www.sciencedirect.com/science/article/pii/S0956713513005811


     Search term "Continuous"+"Medical"+"Traceability"
     Title RFID-enabled traceability system for consignment and high value products: A case study in the healthcare sector
     Author ['Y Bendavid', 'H Boeck', 'R Philippe']
     Venue Journal of medical systems
     Year 2012
     Abstract gap as it presents an actual case study of RFID-enabled traceability system for  RFID shows tremendous potential to enhance the efficiency of the healthcare medical supply chain  such products to help organizations control inventories and keep products in continuous stock [33]
     Url https://link.springer.com/article/10.1007/s10916-011-9804-0


     Search term "Continuous"+"Medical"+"Traceability"
     Title Food traceability as an integral part of logistics management in food and agricultural supply chain
     Author ['T Bosona', 'G Gebresenbet']
     Venue Food control
     Year 2013
     Abstract IT operations should be formulated alongside logistics operation of food retailers and if continuous maintenance service is in place, these IT operations could increase operational efficiency of the retailers. Rábade and Alfaro (2006) stated that “the traceability mechanisms and
     Url https://www.sciencedirect.com/science/article/pii/S0956713513000790


     Search term "Continuous"+"Medical"+"Traceability"
     Title Rapid sequence induction traceability in an ICU dedicated patient data management system: a multicentric retrospective study
     Author ['PY Cordier', 'A Lyochon', 'S Boussen', 'PJ Cungi']
     Venue Journal of Critical …
     Year 2019
     Abstract Continuous variables concerning the different centres are presented as median with interquartile range (IQR)  Each time, communication failures may occur and information may be omitted [9]. Comprehensive traceability in electronic medical record ensures entire care
     Url https://www.sciencedirect.com/science/article/pii/S0883944119308627


     Search term "Continuous"+"Medical"+"Traceability"
     Title Traceability in healthcare: crossing boundaries
     Author ['C Lovis']
     Venue Yearbook of medical informatics
     Year 2008
     Abstract in the domain of drugs side- effects surveillance, would benefit highly by moving from the current situ- ation, with surveys limited in time and populations towards continuous moni- toring  IMIA Yearbook of Medical Informatics 2008 Traceability in Healthcare: Crossing Boundaries
     Url https://pdfs.semanticscholar.org/232f/1dafebefd811d139b44c40a70c43cf887492.pdf


     Search term "Continuous"+"Medical"+"Traceability"
     Title Developing distribution chain traceability in continuous processes: experiments in the iron ore pellets industry
     Author ['B Kvarnström']
     Venue … and Organizational Development: 18/06/2007-20/06 …
     Year 2007
     Abstract Searching for possibilities to reduce harm to patients in medical treatment – a six sigma driven analysis  Björn Kvarnström (Sweden) Developing distribution chain traceability in continuous processes - experiments in the iron ore pellets industry Page 9
     Url https://www.diva-portal.org/smash/get/diva2:1001882/FULLTEXT01.pdf


     Search term "Continuous"+"Medical"+"Traceability"
     Title A method to realize traceability in development processes
     Author ['R Dreves', 'F Hällmayer', 'L Haunert']
     Venue Journal of Software …
     Year 2016
     Abstract with companies from different domains, eg, automation, automotive, finance, and medical  management, architectural design, testing, functional safety, security, model comparison, and traceability  Working Group “Traces” develops methods for documenting a continuous flow of
     Url https://onlinelibrary.wiley.com/doi/abs/10.1002/smr.1828


     Search term "Continuous"+"Medical"+"Traceability"
     Title Do developers benefit from requirements traceability when evolving and maintaining a software system?
     Author ['P Mäder', 'A Egyed']
     Venue Empirical Software Engineering
     Year 2015
     Abstract and other medical stakeholders with a means to keep up with their medical records as  in solving the tasks and captured general feedback and suggestions regarding traceability and the  Bartlett test could be used to check homogeneity of variance within the continuous time data
     Url https://link.springer.com/article/10.1007/s10664-014-9314-z


     Search term "Continuous"+"Medical"+"Traceability"
     Title Infrastructures of traceability
     Author ['M Power']
     Venue Thinking infrastructures
     Year 2019
     Abstract we take accounting for performance (Power, 2019), checklists (Gawande, 2010) or medical questionnaires (Pflueger  source of both a politics of resistance to reductionism and also a continuous inventiveness involving the search for new and better forms of traceability
     Url https://www.emerald.com/insight/content/doi/10.1108/S0733-558X20190000062007/full/html?utm_source=TrendMD&utm_medium=cpc&utm_campaign=Research_in_the_Sociology_of_Organizations_TrendMD_1


     Search term "Continuous"+"Medical"+"Traceability"
     Title Unique device identification and traceability for medical software: a major challenge for manufacturers in an ever-evolving marketplace
     Author ['E Bianchini', 'M Francesconi', 'M Testa', 'M Tanase']
     Venue Journal of biomedical …
     Year 2019
     Abstract was to provide a possible approach for the implementation of the UDI and the traceability in Europe for stand-alone software medical devices in  Considering the continuous efforts employed by the United States to establish and implement a unique identification (UDI
     Url https://www.sciencedirect.com/science/article/pii/S1532046419300681


     Search term "Continuous"+"Medical"+"Traceability"
     Title Object Model of Quality of Medical Instrument Traceability System Based on Finite State Machine
     Author ['L Han', 'Z Xu', 'X Wang']
     Venue 2016 International Conference on …
     Year 2016
     Abstract With the continuous improvement of medical level, the demand for medical Instrument is increasing year by year, it is necessary to trace on the quality and safety of medical Instrument. Establish the traceability of the medical instrument can not only reduce the medical
     Url https://www.atlantis-press.com/proceedings/msota-16/25868814


     Search term "Continuous"+"Medical"+"Traceability"
     Title Quality Control Circle Application in the Surgical Instrument Traceability for Security Management
     Author ['S Xia', 'C Yu', 'T Zhao']
     Venue Ann Clin Lab Res
     Year 2016
     Abstract This study outlines the development and implementation of the QCC method to improve security management of surgical instrument traceability  References 1. Liang M, Liu T, Dong S (2012) QCC application in the continuous improvement of the medical quality
     Url https://www.researchgate.net/profile/Chuanhua_Yu2/publication/303974354_Quality_Control_Circle_Application_in_the_Surgical_Instrument_Traceability_for_Security_Management/links/5761232f08ae2b8d20ed3038/Quality-Control-Circle-Application-in-the-Surgical-Instrument-Traceability-for-Security-Management.pdf


     Search term "Continuous"+"Medical"+"Traceability"
     Title Achieving 'handoff'traceability of complex system improvement
     Author ['J Ramanathan', 'R Ramnath']
     Venue 2009 IEEE International …
     Year 2009
     Abstract In this paper we describe a case study in support of a theory that will help facilitate the continuous improvement of complex  This will be followed by the illustrative example for service improvement program at a medical center. TRAceABILITY IN THe cONTeXT OF HANDOFFS
     Url https://ieeexplore.ieee.org/abstract/document/5234121/


     Search term "Continuous"+"Medical"+"Traceability"
     Title Design of Traceability System for Broiler Secure Production Monitoring
     Author ['Y BAI', 'C LU', 'B LI']
     Venue Jiangsu Journal of Agricultural Sciences
     Year 2005
     Abstract The worry of food security has been furthered due to the continuous occurrence of  2, YU YAN,WANG ZHI-XU,NA NA(Qingdao University Medical College Affiliated  Hospital,Qingdao 266011,China);ASSESSMENT OF FOOD SAFETY USING THE TRACEABILITY SYSTEM AND
     Url http://en.cnki.com.cn/Article_en/CJFDTotal-JSNB200504018.htm


     Search term "Continuous"+"Medical"+"Traceability"
     Title Guides and protocols for a good practice. II. Traceability of the cadaver: From reception to removal
     Author ['FJ Valderrama-Canales']
     Venue ACTA DE MADRID …
     Year 2015
     Abstract TRACEABILITY OF THE CADAVER: FROM RECEPTION TO REMOVAL Chapter 6 Eur  the learning of Hu- man Anatomy in any discipline of Health Sciences, if continuous training for  of Medicine, developed over two years in 180 donations with 'clean'medical records, detected
     Url https://www.researchgate.net/profile/Francisco_Valderrama-Canales/publication/285770688_Guides_and_protocols_for_a_good_practice_IV_Postgraduate_and_continuing_professional_development/links/5668031a08aea62726ef6a36.pdf#page=27


     Search term "Continuous"+"Medical"+"Traceability"
     Title Food traceability: New trends and recent advances. A review
     Author ['R Badia-Melis', 'P Mishra', 'L Ruiz-García']
     Venue Food control
     Year 2015
     Abstract Download PDFDownload. Share. Export. Advanced. Elsevier. Food Control. Volume 57, November 2015, Pages 393-401. Food Control. Food traceability: New trends and recent advances. A review  2.1. RFID, still a promising tool for traceability control
     Url https://www.sciencedirect.com/science/article/pii/S0956713515002698


     Search term "Continuous"+"Medical"+"Traceability"
     Title Biomedical value chain traceability for innovation
     Author ['G Theyel']
     Venue 2017 IEEE Technology & Engineering Management …
     Year 2017
     Abstract These are continuous variables ranging from 0 to infinity  to sector, showing that the four sectors (biotechnology, pharmaceuticals, medical devices, and medical equipment) of the biomedical industry are currently at similar levels of innovation for biomedical traceability
     Url https://ieeexplore.ieee.org/abstract/document/7998392/


     Search term "Continuous"+"Medical"+"Traceability"
     Title Enhancing an artefact management system with traceability recovery features
     Author ['A De Lucia', 'F Fasano', 'R Oliveto']
     Venue 20th IEEE International …
     Year 2004
     Abstract be added, updated, or deleted in each phase, thus requiring a continuous reorganization of  We have experimented the LSI based traceability link re- covery method on software artefacts  software system implementing all the operations required to manage a medical ambulatory
     Url https://ieeexplore.ieee.org/abstract/document/1357816/


     Search term "Continuous"+"Medical"+"Traceability"
     Title Defining permissible limits for the combined uncertainty budget in the implementation of metrological traceability
     Author ['F Braga', 'M Panteghini']
     Venue Clinical Biochemistry
     Year 2018
     Abstract levels of quality is strictly connected to the need for continuous improvement of  In cases when the IQC concentrations do not represent all important medical decision values  the uncertainty budget of its measurement associated with the proposed metrological traceability chain is
     Url https://www.sciencedirect.com/science/article/pii/S0009912018300535


     Search term "Continuous"+"Medical"+"Traceability"
     Title A framework for decision making on teleexpertise with traceability of the reasoning
     Author ['MB Doumbouya', 'B Kamsu-Foguem', 'H Kenfack']
     Venue Irbm
     Year 2015
     Abstract This paper provides a methodological framework for decision making process to ensure its traceability generally in the context of telemedicine and particularly in the act of teleexpertise. This act permits to medical professionals and/or health professionals to collaborate in order
     Url https://www.sciencedirect.com/science/article/pii/S1959031814001146


     Search term "Continuous"+"Medical"+"Traceability"
     Title Traceability in agile projects
     Author ['J Cleland-Huang']
     Venue Software and Systems Traceability
     Year 2012
     Abstract also follows the three practices of simple design, refactoring, and continuous integration (Beck  2001)CrossRefGoogle Scholar. Richardson, J., Green, J.: Automating traceability for generated  the Content of Premarket Submissions for Software Contained in Medical Devices, May
     Url https://link.springer.com/chapter/10.1007/978-1-4471-2239-5_12


     Search term "Continuous"+"Medical"+"Traceability"
     Title Authentication Protocol for Real-Time Wearable Medical Sensor Networks Using Biometrics and Continuous Monitoring
     Author ['NR Mohsen', 'B Ying', 'A Nayak']
     Venue 2019 International Conference …
     Year 2019
     Abstract operations to provide a lightweight solution to be deployed on wearable medical devices; (2  security; (4) preventing against sensor theft though the use of continuous patient monitoring; (5) using dynamic identity to provide doctor/nurse anonymity and resistance to traceability
     Url https://ieeexplore.ieee.org/abstract/document/8875365/


     Search term "Continuous"+"Medical"+"Traceability"
     Title The internal quality control in the traceability era
     Author ['F Braga', 'S Pasqualetti', 'E Aloisio']
     Venue Clinical Chemistry and …
     Year 2020
     Abstract Jump to Content Jump to Main Navigation Publications. Subjects. Architecture and Design Arts Asian and Pacific Studies Business and Economics Chemistry Classical and Ancient Near Eastern Studies Computer Sciences Cultural
     Url https://www.degruyter.com/view/journals/cclm/ahead-of-print/article-10.1515-cclm-2020-0371/article-10.1515-cclm-2020-0371.xml


     Search term "Continuous"+"Medical"+"Traceability"
     Title Developing WSN-based traceability system for recirculation aquaculture
     Author ['L Qi', 'J Zhang', 'M Xu', 'Z Fu', 'W Chen', 'X Zhang']
     Venue Mathematical and Computer …
     Year 2011
     Abstract With continuous growth of the world's population, the problems of land shortages and insufficient food supplies  3 shows the 3 layer computing architecture in the recirculation aquaculture traceability system  Zigbee operates on the Industrial, Scientific and Medical (ISM) band
     Url https://www.sciencedirect.com/science/article/pii/S0895717710004231


     Search term "Continuous"+"Medical"+"Traceability"
     Title Semantically enhanced software traceability using deep learning techniques
     Author ['J Guo', 'J Cheng']
     Venue 2017 IEEE/ACM 39th …
     Year 2017
     Abstract In our prior work we developed Domain-Contextualized Intelligent Traceability (DoCIT) [29] as a proof of concept solution to investigate the  To address this limi- tation, word embedding learns the representation of each word from a corpus as a continuous high dimensional
     Url https://ieeexplore.ieee.org/abstract/document/7985645/


     Search term "Continuous"+"Medical"+"Traceability"
     Title A temperature-managed traceability system using RFID tags with embedded temperature sensors
     Author ['A Ogasawara', 'K Yamasaki']
     Venue NEC technical journal
     Year 2006
     Abstract products that have a temperature management requirement, such as in medical care, warehousing  order to meet such hesitant opinions, we released the “Temperature-Managed Traceability Starter Kit  sen- sor as a means of a simple implementation of continuous tem- perature
     Url https://pdfs.semanticscholar.org/6951/5090646dcb7c60f3f895fc2aabd632369ead.pdf


     Search term "Continuous"+"Medical"+"Traceability"
     Title Blockchain based wine supply chain traceability system
     Author ['K Biswas', 'V Muthukkumarasamy', 'WL Tan']
     Venue NA
     Year 2017
     Abstract 49-55 Blockchain based Wine Supply Chain Traceability System Authors: KAMANASHIS BISWAS, Vallipuram  Blended Cryptography for Secured Data Transfer in Medical IoT Devices Authors  Continuous Authentication in Smartphones: An Analysis on Robust Security Practices
     Url https://researchbank.acu.edu.au/flb_pub/989/


     Search term "Continuous"+"Medical"+"Traceability"
     Title Towards metamodel support for variability and traceability in software product lines
     Author ['YC Cavalcanti', 'I do Carmo Machado']
     Venue Proceedings of the 5th …
     Year 2011
     Abstract In addition, as the RM process is a continuous activity, it is necessary to keep track of  of a SPL, developed in order to provide a way of managing traceability and variability  The organization works in the medical information management domain, and have essentialy four products
     Url https://dl.acm.org/doi/abs/10.1145/1944892.1944898


     Search term "Continuous"+"Medical"+"Traceability"
     Title The quest for ubiquity: A roadmap for software and systems traceability research
     Author ['O Gotel', 'J Cleland-Huang', 'JH Hayes']
     Venue 2012 20th IEEE …
     Year 2012
     Abstract way. Furthermore, such case studies usually give insight into limited aspects of the traceability process within particular domains, most conspicuously telecommunications, defense, automotive, aerospace, avionics and medical
     Url https://ieeexplore.ieee.org/abstract/document/6345841/


     Search term "Continuous"+"Medical"+"Traceability"
     Title Integration of RFID, wireless sensor networks, and data mining in an e-pedigree food traceability system
     Author ['G Alfian', 'J Rhee', 'H Ahn', 'J Lee', 'U Farooq']
     Venue Journal of Food …
     Year 2017
     Abstract RFID based traceability systems have been implemented in many areas, such as the aquaculture supply chain (Parreño-Marchante et al., 2014  Integration of RFID and WSN provides continuous monitoring of data throughout the food supply chain, which assures the retailer that
     Url https://www.sciencedirect.com/science/article/pii/S0260877417302066


     Search term "Continuous"+"Medical"+"Traceability"
     Title Improving ir-based traceability recovery using smoothing filters
     Author ['A De Lucia', 'M Di Penta', 'R Oliveto']
     Venue 2011 IEEE 19th …
     Year 2011
     Abstract Thus, the common information is pruned out by subtracting the continuous component for that type  Italy) and it was recently used as data set for the traceability challenge organized  The application provides support to manage a medical doctor's office and its repository consists
     Url https://ieeexplore.ieee.org/abstract/document/5970160/


     Search term "Continuous"+"Medical"+"Traceability"
     Title Quality transitivity and traceability system of herbal medicine products based on quality markers
     Author ['C Liu', 'D Guo', 'L Liu']
     Venue Phytomedicine
     Year 2018
     Abstract history in treatment and research which could be traced back to ancient medical and pharmaceutical  However, in the product manufacturing process, traceability is not required  Novel methods such as continuous flow chemistry for manufacturing are now being introduced by
     Url https://www.sciencedirect.com/science/article/pii/S0944711318300436


     Search term "Continuous"+"Medical"+"Traceability"
     Title A Testability and Observability Framework to Assure Traceability Requirements on System of Systems
     Author ['LM Trujillo', 'MÁO González']
     Venue Journal of Web …
     Year 2020
     Abstract IVF mixup: white couple have black babies. Journal of medical ethics, 29(2), 65–65. Dyer, O. (2002)  Toward reference models for requirements traceability. IEEE transactions on software engineering, 27(1), 58–93  Continuous integration and automation for DevOps
     Url https://journals.riverpublishers.com/index.php/JWE/article/view/3365


     Search term "Continuous"+"Medical"+"Traceability"
     Title Enabling Patient Traceability Using Anonymized Personal Identifiers in Japanese Universal Health Insurance Claims Database
     Author ['J Sato', 'H Yamada', 'K Goda', 'M Kitsuregawa']
     Venue AMIA Summits on …
     Year 2019
     Abstract the NDB to provide six years of all available claims data, which has been hosted by Fast Medical Claims Data  Algorithm for enabling patient traceability  These results indicates that vPID allows the continuous tracing of patients over the six-year study period despite changes in
     Url https://www.ncbi.nlm.nih.gov/pmc/articles/PMC6568060/


     Search term "Continuous"+"Medical"+"Traceability"
     Title Traceability requirements in electronics assembly
     Author ['M Ford', 'JD Triggs']
     Venue Intelligent Production Machines and Systems
     Year 2006
     Abstract Manufacturing, Traceability, Lean 1. Introduction No longer confined to automotive, medical or military  for the review of these roles and responsibilities to form a traceability "team  Often the need for continuous manufacturing conflicts with the procedures for material allocation and
     Url https://www.sciencedirect.com/science/article/pii/B9780080451572501140


     Search term "Continuous"+"Medical"+"Traceability"
     Title Traceability in the wild: automatically augmenting incomplete trace links
     Author ['M Rath', 'J Rendall', 'JLC Guo', 'J Cleland-Huang']
     Venue Proceedings of the 40th …
     Year 2018
     Abstract Page 1. Traceability in the Wild: Automatically Augmenting Incomplete Trace Links Michael  ABSTRACT Software and systems traceability is widely accepted as an essential element for supporting many software development tasks. Today's
     Url https://dl.acm.org/doi/abs/10.1145/3180155.3180207


     Search term "Continuous"+"Medical"+"Traceability"
     Title Reduced traceability electronic message system and method
     Author ['J Collins', 'AJ Shah']
     Venue US Patent 7,610,345
     Year 2009
     Abstract US7610345B2 - Reduced traceability electronic message system and method - Google Patents. Reduced traceability electronic message system and method. Download PDF Info  Abstract. An electronic messaging system and method with reduced traceability
     Url https://patents.google.com/patent/US7610345B2/en


     Search term "Continuous"+"Medical"+"Traceability"
     Title Food Track & Trace ontology for helping the food traceability control
     Author ['T Pizzuti', 'G Mirabelli', 'MA Sanz-Bobi']
     Venue Journal of Food …
     Year 2014
     Abstract These elements or, key components, are required for keeping the traceability. 3.1. FTTO Building process  Methontology is quite general and includes a life cycle based on the continuous evolution of prototypes in which are involved the following activities: –. Specification
     Url https://www.sciencedirect.com/science/article/pii/S0260877413003749


     Search term "Continuous"+"Medical"+"Traceability"
     Title Easily deployable solution based on wireless technologies for traceability of pharmaceutical drugs
     Author ['A Moreno', 'I Angulo', 'H Landaluce']
     Venue 2011 IEEE International …
     Year 2011
     Abstract van and these tags answer their EPC (96 bits) modulating the continuous wave generated  L. Mainetti, “RFID, EPC and B2B convergence towards an item-level traceability in the  CHENShen-xin, “Joint application of 2D barcode and RFID technology in medical logistics tracking
     Url https://ieeexplore.ieee.org/abstract/document/6068646/


     Search term "Continuous"+"Medical"+"Traceability"
     Title Framework for establishing asset visibility and traceability of medical devices
     Author ['AJ Smith']
     Venue NA
     Year 2020
     Abstract By contrast, total asset visibility, which remains unavailable anywhere in the industry, would provide nearly continuous updates of an item's specific location  For reusable medical devices, this could mean  operations, asset traceability certifies product safety for the end users
     Url http://oastats.mit.edu/handle/1721.1/127332


     Search term "Continuous"+"Medical"+"Traceability"
     Title DNA barcoding for minor crops and food traceability
     Author ['A Galimberti', 'M Labra', 'A Sandionigi', 'A Bruno']
     Venue Advances in …
     Year 2014
     Abstract Teff (Eragrostis tef (Zucc.) [8]), and Okra (Abelmoschus esculentus (L.) Moench [9]). A large number of minor crops were usually produced and consumed locally [10] but, nowadays, the continuous demand by  Medical plant and food supplements Traceability of medicinal
     Url https://www.hindawi.com/journals/aag/2014/831875/abs/

