Showing papers for search query "Continuous"+"DevOps"+"Hardware+simulation"

     Search term "Continuous"+"DevOps"+"Hardware+simulation"
     Title Virtual Platforms Driving Software Quality in Pre-Silicon
     Author ['AD Pulla']
     Venue NA
     Year NA
     Abstract like agile development, scaled agile frameworks, continuous integration and DevOps can be  6.1 Continuous Integration: Automated regression testing of functional and system level test  Expanding these capabilities and tools to hardware simulation platforms or virtual platforms
     Url https://pdfs.semanticscholar.org/d93c/509453cb05c755a0f4a27ea7f44616b7472d.pdf


     Search term "Continuous"+"DevOps"+"Hardware+simulation"
     Title Advanced Simulation and Computing FY18 Implementation Plan, Rev. 0
     Author ['M Anderson', 'T Hoang', 'M McCoy', 'B Archer', 'S Collis']
     Venue NA
     Year 2017
     Abstract resolution of Significant Finding Investigations (SFIs). This work requires a balance of resources, including technical staff, hardware, simulation software, and computer science solutions. The ASC Program focuses on increasing
     Url https://www.osti.gov/biblio/1480418


     Search term "Continuous"+"DevOps"+"Hardware+simulation"
     Title Airflow Simulation Tool for Intelligent Air Quality Monitoring System
     Author ['P Kronström']
     Venue NA
     Year 2016
     Abstract Carbon Dioxide cpu Central Processing Unit crc Cyclic Redundancy Check (can) dcv Demand Controlled Ventilation devops Development Operations  Simulation parameters are easily modified online and the software can be tested with various simulation models representing
     Url https://aaltodoc.aalto.fi/handle/123456789/21620


     Search term "Continuous"+"DevOps"+"Hardware+simulation"
     Title Advanced Simulation and Computing FY19 Implementation Plan, Rev. 1
     Author ['MG McCoy', 'B Archer', 'S Collis']
     Venue NA
     Year 2018
     Abstract resolution of Significant Finding Investigations (SFIs). This work requires a balance of resources, including technical staff, hardware, simulation software, and computer science solutions. The ASC Program focuses on increasing
     Url https://www.osti.gov/biblio/1480420


     Search term "Continuous"+"DevOps"+"Hardware+simulation"
     Title Handbook of Cloud Computing: Basic to Advance research on the concepts and design of Cloud Computing
     Author ['A Nayyar']
     Venue NA
     Year 2019
     Abstract In 2009, Rackspace with the development of Swift replaced Mosso Cloud files with OpenStack Object Storage Project. The year 2010 marked significant with cloud developments using Agile and DevOps concept. The future of cloud computing seems bright
     Url https://books.google.com/books?hl=de&lr=&id=ICiwDwAAQBAJ&oi=fnd&pg=PT19&dq=%22Continuous%22+%22DevOps%22+%22Hardware+simulation%22&ots=y7i6HnNZQd&sig=StKgF7I1EhlyVYkI1Ca1wtVMONk


     Search term "Continuous"+"DevOps"+"Hardware+simulation"
     Title Method and system for implementing, controlling, and interfacing with circuit simulators
     Author ['KS Kundert']
     Venue US Patent 7,822,590
     Year 2010
     Abstract test vectors, patterns or sequences; G01R31/318364—Generation of test inputs, eg test vectors, patterns or sequences as a result of hardware simulation, eg in an HDL environment. G—PHYSICS; G06—COMPUTING; CALCULATING
     Url https://patents.google.com/patent/US7822590B2/en


     Search term "Continuous"+"DevOps"+"Hardware+simulation"
     Title Test case selection and prioritization in continuous integration environment
     Author ['M Mulkahainen']
     Venue NA
     Year 2019
     Abstract MARKUS MULKAHAINEN: Test case selection and prioritization in continuous integration environment Tampere University Master of Science Thesis, 60 pages, 4 Appendix pages March 2019 Master's Degree Programme in Information Technology Major: Software Engineering
     Url https://trepo.tuni.fi/handle/123456789/27220


     Search term "Continuous"+"DevOps"+"Hardware+simulation"
     Title Method and system for implementing parallel execution in a computing system and in a circuit simulator
     Author ['KS Kundert']
     Venue US Patent 8,224,636
     Year 2012
     Abstract G01R31/318364—Generation of test inputs, eg test vectors, patterns or sequences as a result of hardware simulation, eg in an HDL environment  A mixed-signal transient simulation could produce two datasets, one for signals from the continuous-time kernel and one for the
     Url https://patents.google.com/patent/US8224636B2/en


     Search term "Continuous"+"DevOps"+"Hardware+simulation"
     Title Method and system for implementing circuit simulators
     Author ['KS Kundert']
     Venue US Patent 7,827,017
     Year 2010
     Abstract G01R31/318364—Generation of test inputs, eg test vectors, patterns or sequences as a result of hardware simulation, eg in an HDL environment  A mixed-signal transient simulation could produce two datasets, one for signals from the continuous-time kernel and one for the
     Url https://patents.google.com/patent/US7827017B2/en


     Search term "Continuous"+"DevOps"+"Hardware+simulation"
     Title Method and system for implementing, controlling, and interfacing with circuit simulators
     Author ['KS Kundert']
     Venue US Patent App. 12/911,718
     Year 2012
     Abstract G01R31/318364—Generation of test inputs, eg test vectors, patterns or sequences as a result of hardware simulation, eg in an HDL environment  A mixed-signal transient simulation could produce two datasets, one for signals from the continuous-time kernel and one for the
     Url https://patents.google.com/patent/US20120038648A1/en


     Search term "Continuous"+"DevOps"+"Hardware+simulation"
     Title Method and system for implementing circuit simulators
     Author ['KS Kundert']
     Venue US Patent 8,762,123
     Year 2014
     Abstract G01R31/318364—Generation of test inputs, eg test vectors, patterns or sequences as a result of hardware simulation, eg in an HDL environment  A mixed-signal transient simulation could produce two datasets, one for signals from the continuous-time kernel and one for the
     Url https://patents.google.com/patent/US8762123B2/en


     Search term "Continuous"+"DevOps"+"Hardware+simulation"
     Title Towards a virtual network function research agenda: A systematic literature review of VNF design considerations
     Author ['C Zhang', 'HP Joshi', 'GF Riley', 'SA Wright']
     Venue Journal of Network and Computer …
     Year 2019
     Abstract Load balancing supports continuous service through multiple life cycle operations (eg scaling, fault, upgrade)  The VNFs proposed in the literature might already be deployed in real world, tested using servers/hardware/simulation, or is a pure guideline
     Url https://www.sciencedirect.com/science/article/pii/S1084804519302516


     Search term "Continuous"+"DevOps"+"Hardware+simulation"
     Title Method and system for implementing parallel execution in a computing system and in a circuit simulator
     Author ['KS Kundert']
     Venue US Patent 8,775,149
     Year 2014
     Abstract test vectors, patterns or sequences; G01R31/318364—Generation of test inputs, eg test vectors, patterns or sequences as a result of hardware simulation, eg in an HDL environment. G—PHYSICS; G06—COMPUTING; CALCULATING
     Url https://patents.google.com/patent/US8775149B2/en


     Search term "Continuous"+"DevOps"+"Hardware+simulation"
     Title Method and system for implementing parallel execution in a computing system and in a circuit simulator
     Author ['KS Kundert']
     Venue US Patent 8,738,348
     Year 2014
     Abstract test vectors, patterns or sequences; G01R31/318364—Generation of test inputs, eg test vectors, patterns or sequences as a result of hardware simulation, eg in an HDL environment. G—PHYSICS; G06—COMPUTING; CALCULATING
     Url https://patents.google.com/patent/US8738348B2/en


     Search term "Continuous"+"DevOps"+"Hardware+simulation"
     Title Advances in Streamlining Software Delivery on the Web and its Relations to Embedded Systems
     Author ['K Hirvikoski']
     Venue NA
     Year 2015
     Abstract Many practises have formed to support this deployment pipeline, notably Continuous Integration, Deployment and Experimentation  13 3 Deployment Pipeline 14 3.1 From Development to Production . . . . . 15 3.2 Continuous Integration
     Url https://helda.helsinki.fi/handle/10138/156665


     Search term "Continuous"+"DevOps"+"Hardware+simulation"
     Title Evaluating fairness in devices under test
     Author ['DG Bair', 'RM Gott', 'EJ Kaminski Jr', 'WJ Lewis']
     Venue US Patent 10,678,670
     Year 2020
     Abstract US10678670B2 - Evaluating fairness in devices under test - Google Patents. Evaluating fairness in devices under test. Download PDF Info. Publication number US10678670B2. US10678670B2 US16/046,574 US201816046574A
     Url https://patents.google.com/patent/US10678670B2/en


     Search term "Continuous"+"DevOps"+"Hardware+simulation"
     Title Bringing the OpenBMC for platform management system in telco cloud
     Author ['Z Rongqiang']
     Venue NA
     Year 2019
     Abstract CCLA Corporate Contributor License Agreement CD Continuous Delivery CI Continuous Integration CIM Common Information Model  DC Data Centre DCMI Data Centre Management Interface DevOps Development and Operations DMTF Distributed Management Task Force
     Url https://www.theseus.fi/bitstream/handle/10024/168115/Zhang_Rongqiang_Bringing%20the%20OpenBMC%20for%20Platform%20Management%20System%20in%20Telco%20Cloud%20-%20Copy.pdf?sequence=2


     Search term "Continuous"+"DevOps"+"Hardware+simulation"
     Title Evaluating fairness in devices under test
     Author ['DG Bair', 'RM Gott', 'EJ Kaminski Jr', 'WJ Lewis']
     Venue US Patent 10,671,506
     Year 2020
     Abstract US10671506B2 - Evaluating fairness in devices under test - Google Patents. Evaluating fairness in devices under test. Download PDF Info. Publication number US10671506B2. US10671506B2 US16/046,548 US201816046548A
     Url https://patents.google.com/patent/US10671506B2/en


     Search term "Continuous"+"DevOps"+"Hardware+simulation"
     Title The 2017 SEI Year in Review highlights the work of the institute undertaken during the fiscal year spanning October 1, 2016, to September 30, 2017.
     Author ['PD Nielsen']
     Venue NA
     Year NA
     Abstract According to the report's authors, the dominant characteristics of ULS systems would include decentralization, continuous evolution, widespread heterogeneity of constituent parts, and routine software and hardware failures
     Url https://apps.dtic.mil/sti/pdfs/AD1089520.pdf


     Search term "Continuous"+"DevOps"+"Hardware+simulation"
     Title Multi-domain unified debugger
     Author ['PJ Mosterman', 'M Yunt', 'M Yeddanapudi']
     Venue US Patent …
     Year 2009
     Abstract creating accurate, detailed models. These models are typically hybrid dynamic systems that span a variety of domains, including continuous dynamics and discrete behavior, physical connections, and event-driven states. To add to
     Url https://patents.google.com/patent/US7496895B1/en


     Search term "Continuous"+"DevOps"+"Hardware+simulation"
     Title Efficient scaling and improved bandwidth of storage system
     Author ['R Dreier', 'R Karr', 'PE Kirkpatrick']
     Venue US Patent App. 16/734,179
     Year 2020
     Abstract US20200183827A1 - Efficient scaling and improved bandwidth of storage system - Google Patents. Efficient scaling and improved bandwidth of storage system. Download PDF Info. Publication number US20200183827A1. US20200183827A1
     Url https://patents.google.com/patent/US20200183827A1/en


     Search term "Continuous"+"DevOps"+"Hardware+simulation"
     Title Drive, blade, or data shard decommission via RAID geometry shrinkage
     Author ['M Sanvido']
     Venue US Patent 10,776,202
     Year 2020
     Abstract US10776202B1 - Drive, blade, or data shard decommission via RAID geometry shrinkage - Google Patents. Drive, blade, or data shard decommission via RAID geometry shrinkage. Download PDF Info. Publication number US10776202B1
     Url https://patents.google.com/patent/US10776202B1/en


     Search term "Continuous"+"DevOps"+"Hardware+simulation"
     Title Efficient writing in a flash storage system
     Author ['PE Kirkpatrick', 'R Karr']
     Venue US Patent App. 16/566,674
     Year 2020
     Abstract US20200073559A1 - Efficient writing in a flash storage system - Google Patents. Efficient writing in a flash storage system. Download PDF Info. Publication number  US20200073559A1. US20200073559A1 US16/566,674 US201916566674A
     Url https://patents.google.com/patent/US20200073559A1/en


     Search term "Continuous"+"DevOps"+"Hardware+simulation"
     Title Maximizing data reduction in a partially encrypted volume
     Author ['CP Sapuntzakis', 'TW Brennan']
     Venue US Patent App. 16 …
     Year 2019
     Abstract US20190196731A1 - Maximizing data reduction in a partially encrypted volume - Google Patents. Maximizing data reduction in a partially encrypted volume. Download PDF Info. Publication number US20190196731A1. US20190196731A1
     Url https://patents.google.com/patent/US20190196731A1/en


     Search term "Continuous"+"DevOps"+"Hardware+simulation"
     Title Dynamic data verification and recovery in a storage system
     Author ['PE Kirkpatrick', 'R Karr']
     Venue US Patent App. 16/553,387
     Year 2019
     Abstract US20190391872A1 - Dynamic data verification and recovery in a storage system - Google Patents. Dynamic data verification and recovery in a storage system. Download PDF Info. Publication number US20190391872A1. US20190391872A1
     Url https://patents.google.com/patent/US20190391872A1/en


     Search term "Continuous"+"DevOps"+"Hardware+simulation"
     Title Feature-based deduplication
     Author ['EL Miller', 'M Sanvido']
     Venue US Patent 10,789,211
     Year 2020
     Abstract US10789211B1 - Feature-based deduplication - Google Patents. Feature-based deduplication. Download PDF Info. Publication number US10789211B1. US10789211B1 US15/725,171 US201715725171A US10789211B1 US
     Url https://patents.google.com/patent/US10789211B1/en


     Search term "Continuous"+"DevOps"+"Hardware+simulation"
     Title Scalable garbage collection
     Author ['B Davis', 'W Cui', 'MP Fay']
     Venue US Patent App. 16/170,596
     Year 2020
     Abstract US20200133841A1 - Scalable garbage collection - Google Patents. Scalable garbage collection. Download PDF Info. Publication number US20200133841A1.  US20200133841A1 US16/170,596 US201816170596A US2020133841A1
     Url https://patents.google.com/patent/US20200133841A1/en


     Search term "Continuous"+"DevOps"+"Hardware+simulation"
     Title Efficient rekey in a transparent decrypting storage array
     Author ['CP Sapuntzakis', 'K Vijayasankar']
     Venue US Patent App. 16 …
     Year 2020
     Abstract US20200134202A1 - Efficient rekey in a transparent decrypting storage array - Google Patents. Efficient rekey in a transparent decrypting storage array. Download PDF Info. Publication number US20200134202A1. US20200134202A1
     Url https://patents.google.com/patent/US20200134202A1/en


     Search term "Continuous"+"DevOps"+"Hardware+simulation"
     Title Encryption management with host-side data reduction
     Author ['K Vijayasankar', 'AX DuChateau']
     Venue US Patent App. 16 …
     Year 2019
     Abstract US20190065788A1 - Encryption management with host-side data reduction - Google Patents. Encryption management with host-side data reduction. Download PDF Info. Publication number US20190065788A1. US20190065788A1
     Url https://patents.google.com/patent/US20190065788A1/en


     Search term "Continuous"+"DevOps"+"Hardware+simulation"
     Title OPTIMIZED FIBRE CHANNEL AND NON-VOLATILE MEMORY EXPRESS ACCESS
     Author ['R Dreier']
     Venue US Patent App. 16/927,023
     Year 2020
     Abstract disruptive upgrades. In some embodiments, the virtualized addresses are stored with sufficient redundancy. A continuous monitoring system correlates hardware and software status and the hardware identifiers. This allows
     Url https://www.freepatentsonline.com/y2020/0343974.html


     Search term "Continuous"+"DevOps"+"Hardware+simulation"
     Title Deduplication-aware per-tenant encryption
     Author ['SC Nagle', 'V Prakashaiah', 'R Karr']
     Venue US Patent App. 16/171,907
     Year 2019
     Abstract US20190073152A1 - Deduplication-aware per-tenant encryption - Google Patents. Deduplication-aware per-tenant encryption. Download PDF Info. Publication number US20190073152A1. US20190073152A1 US16/171,907
     Url https://patents.google.com/patent/US20190073152A1/en


     Search term "Continuous"+"DevOps"+"Hardware+simulation"
     Title Distributed integrated high-speed solid-state non-volatile random-access memory
     Author ['R Dreier', 'R Karr', 'PE Kirkpatrick']
     Venue US Patent 10,545,861
     Year 2020
     Abstract US10545861B2 - Distributed integrated high-speed solid-state non-volatile random-access memory - Google Patents. Distributed integrated high-speed solid-state non-volatile random-access memory. Download PDF Info. Publication
     Url https://patents.google.com/patent/US10545861B2/en


     Search term "Continuous"+"DevOps"+"Hardware+simulation"
     Title Efficient Resource Upgrade
     Author ['PE Kirkpatrick']
     Venue US Patent App. 16/862,197
     Year 2020
     Abstract US20200257453A1 - Efficient Resource Upgrade - Google Patents. Efficient Resource Upgrade. Download PDF Info. Publication number US20200257453A1.  US20200257453A1 US16/862,197 US202016862197A US2020257453A1
     Url https://patents.google.com/patent/US20200257453A1/en


     Search term "Continuous"+"DevOps"+"Hardware+simulation"
     Title Peer-to-peer non-volatile random-access memory
     Author ['R Dreier', 'R Karr', 'PE Kirkpatrick']
     Venue US Patent 10,613,974
     Year 2020
     Abstract US10613974B2 - Peer-to-peer non-volatile random-access memory - Google Patents. Peer-to-peer non-volatile random-access memory. Download PDF Info. Publication number US10613974B2. US10613974B2 US15/582,381
     Url https://patents.google.com/patent/US10613974B2/en


     Search term "Continuous"+"DevOps"+"Hardware+simulation"
     Title Optimized non-uniform memory access
     Author ['R Dreier', 'PE Kirkpatrick', 'N Neelakantam']
     Venue US Patent 10,776,046
     Year 2020
     Abstract US10776046B1 - Optimized non-uniform memory access - Google Patents. Optimized non-uniform memory access. Download PDF Info. Publication number US10776046B1. US10776046B1 US16/029,381 US201816029381A
     Url https://patents.google.com/patent/US10776046B1/en


     Search term "Continuous"+"DevOps"+"Hardware+simulation"
     Title Block consolidation in a direct-mapped flash storage system
     Author ['PE Kirkpatrick', 'R Karr']
     Venue US Patent 10,452,290
     Year 2019
     Abstract US10452290B2 - Block consolidation in a direct-mapped flash storage system - Google Patents. Block consolidation in a direct-mapped flash storage system. Download PDF Info. Publication number US10452290B2. US10452290B2
     Url https://patents.google.com/patent/US10452290B2/en


     Search term "Continuous"+"DevOps"+"Hardware+simulation"
     Title Redundant array of independent disks in a direct-mapped flash storage system
     Author ['PE Kirkpatrick', 'R Karr']
     Venue US Patent 10,402,266
     Year 2019
     Abstract US10402266B1 - Redundant array of independent disks in a direct-mapped flash storage system - Google Patents. Redundant array of independent disks in a direct-mapped flash storage system. Download PDF Info. Publication
     Url https://patents.google.com/patent/US10402266B1/en


     Search term "Continuous"+"DevOps"+"Hardware+simulation"
     Title Resource-preserving system upgrade
     Author ['PE Kirkpatrick']
     Venue US Patent 10,678,433
     Year 2020
     Abstract US10678433B1 - Resource-preserving system upgrade - Google Patents. Resource-preserving system upgrade. Download PDF Info. Publication number US10678433B1. US10678433B1 US15/965,556 US201815965556A
     Url https://patents.google.com/patent/US10678433B1/en


     Search term "Continuous"+"DevOps"+"Hardware+simulation"
     Title Optimized fibre channel and non-volatile memory express access
     Author ['R Dreier']
     Venue US Patent 10,756,816
     Year 2020
     Abstract US10756816B1 - Optimized fibre channel and non-volatile memory express access - Google Patents. Optimized fibre channel and non-volatile memory express access. Download PDF Info. Publication number US10756816B1
     Url https://patents.google.com/patent/US10756816B1/en


     Search term "Continuous"+"DevOps"+"Hardware+simulation"
     Title Resource-preserving system upgrade
     Author ['A Niven', 'AR Bernat', 'EK Blanchard']
     Venue US Patent App. 16 …
     Year 2020
     Abstract US20200218452A1 - Resource-preserving system upgrade - Google Patents. Resource-preserving system upgrade. Download PDF Info. Publication number US20200218452A1. US20200218452A1 US16/816,457 US202016816457A
     Url https://patents.google.com/patent/US20200218452A1/en


     Search term "Continuous"+"DevOps"+"Hardware+simulation"
     Title Storage efficiency of encrypted host system data
     Author ['JR Irwin', 'EL Miller', 'JD Davis']
     Venue US Patent App. 16/514,831
     Year 2019
     Abstract US20190340136A1 - Storage efficiency of encrypted host system data - Google Patents. Storage efficiency of encrypted host system data. Download PDF Info. Publication number US20190340136A1. US20190340136A1 US16
     Url https://patents.google.com/patent/US20190340136A1/en

