Showing papers for search query "Continuous"+"DevOps"

     Search term "Continuous"+"DevOps"
     Title Why enterprises must adopt devops to enable continuous delivery
     Author ['J Humble', 'J Molesky']
     Venue Cutter IT Journal
     Year 2011
     Abstract ∎ Due to the complexity of current systems, it is difficult to determine what should be decommissioned when a new system is up and running. The tendency is to let the old system run, creating additional costs and complexity that in turn drive up IT operating costs
     Url http://twinkfed.homedns.org/TechDocs/itj1108.pdf#page=6


     Search term "Continuous"+"DevOps"
     Title Microservices: Architecting for continuous delivery and devops
     Author ['L Chen']
     Venue 2018 IEEE International Conference on Software …
     Year 2018
     Abstract Businesses today need to respond to customer needs at unprecedented speeds. Driven by this need for speed, many companies are rushing to the DevOps movement and implementing Continuous Delivery (CD). I had been implementing DevOps and CD for
     Url https://ieeexplore.ieee.org/abstract/document/8417115/


     Search term "Continuous"+"DevOps"
     Title Understanding DevOps & bridging the gap from continuous integration to continuous delivery
     Author ['M Virmani']
     Venue Fifth International Conference on the Innovative …
     Year 2015
     Abstract As part of Agile transformation in past few years we have seen IT organizations adopting continuous integration principles in their software delivery lifecycle, which has improved the efficiency of development teams. With the time it has been realized that this optimization as
     Url https://ieeexplore.ieee.org/abstract/document/7173368/


     Search term "Continuous"+"DevOps"
     Title Including performance benchmarks into continuous integration to enable DevOps
     Author ['J Waller', 'NC Ehmke', 'W Hasselbring']
     Venue ACM SIGSOFT Software …
     Year 2015
     Abstract The DevOps movement intends to improve communication, collaboration, and integration between software developers (Dev) and IT operations professionals (Ops). Automation of software quality assurance is key to DevOps success. We present how automated
     Url https://dl.acm.org/doi/abs/10.1145/2735399.2735416


     Search term "Continuous"+"DevOps"
     Title Relationship of DevOps to agile, lean and continuous deployment
     Author ['LE Lwakatare', 'P Kuvaja', 'M Oivo']
     Venue International conference on product …
     Year 2016
     Abstract In recent years, the DevOps phenomenon has attaracted interest amongst practitioners and researchers in software engineering, reflecting the greater emphasis on collaboration between development and IT operations. However, despite this growing interest, DevOps is
     Url https://link.springer.com/chapter/10.1007/978-3-319-49094-6_27


     Search term "Continuous"+"DevOps"
     Title End to end automation on cloud with build pipeline: the case for DevOps in insurance industry, continuous integration, continuous testing, and continuous delivery
     Author ['M Soni']
     Venue 2015 IEEE International Conference on Cloud …
     Year 2015
     Abstract In modern environment, delivering innovative idea in a fast and reliable manner is extremely significant for any organizations. In the existing scenario, Insurance industry need to better respond to dynamic market requirements, faster time to market for new initiatives and
     Url https://ieeexplore.ieee.org/abstract/document/7436936/


     Search term "Continuous"+"DevOps"
     Title Continuous integration and automation for DevOps
     Author ['A Schaefer', 'M Reichenbach', 'D Fey']
     Venue IAENG Transactions on Engineering …
     Year 2013
     Abstract The task of managing large installations of computer systems presents a number of unique challenges related to heterogeneity, consistency, information flow and documentation. The emerging field of DevOps borrows practices from software engineering to tackle complexity
     Url https://link.springer.com/chapter/10.1007/978-94-007-4786-9_28


     Search term "Continuous"+"DevOps"
     Title Model-driven continuous deployment for quality devops
     Author ['M Artač', 'T Borovšak', 'E Di Nitto', 'M Guerriero']
     Venue … Quality-Aware DevOps
     Year 2016
     Abstract DevOps entails a series of software engineering strategies and tools that promise to deliver quality and speed at the same time with little or no additional expense. In our work we strived to enable a DevOps way of working, combining Model-Driven Engineering tenets
     Url https://dl.acm.org/doi/abs/10.1145/2945408.2945417


     Search term "Continuous"+"DevOps"
     Title Continuous delivery and DevOps: a quickstart guide
     Author ['P Swartout']
     Venue NA
     Year 2012
     Abstract This book is both a practical and theoretical guide detailing how to implement continuous delivery and Devops to consistently ship quality software quickly. Whether you are a freelance software developer, a system administrator working within a corporate business
     Url https://books.google.com/books?hl=en&lr=&id=L-g6Qxb_43sC&oi=fnd&pg=PT17&dq=%22Continuous%22+%22DevOps%22&ots=edQ7DKVLO4&sig=o5cMfTlokvKxFtp_7UvF4bRB-MQ


     Search term "Continuous"+"DevOps"
     Title Continuous practices and devops: beyond the buzz, what does it all mean?
     Author ['D Stahl', 'T Martensson', 'J Bosch']
     Venue 2017 43rd Euromicro …
     Year 2017
     Abstract DevOps and continuous practices are attracting steadily growing attention by both practitioners and researchers in the software engineering community. The terms are often used inconsistently, interchangeably and with unclear meaning, however. Taking the
     Url https://ieeexplore.ieee.org/abstract/document/8114695/


     Search term "Continuous"+"DevOps"
     Title Architecting for devops and continuous deployment
     Author ['M Shahin']
     Venue Proceedings of the ASWEC 2015 24th Australasian …
     Year 2015
     Abstract Development and Operations (DevOps) in the context of Continuous Deployment (CD) have emerged as an attractive software development movement, which tries to establish a strong connection between development and operations teams. CD is
     Url https://dl.acm.org/doi/abs/10.1145/2811681.2824996


     Search term "Continuous"+"DevOps"
     Title Continuous Integration and Automation
     Author ['SM Mohammad']
     Venue … Journal of Creative Research Thoughts (IJCRT) …
     Year 2016
     Abstract The whole DevOps pipeline includes continuous integration, ongoing testing, and continuous deployment, including live application monitoring  [4] Cois, A.,2015, "Continuous Integration in DevOps", Insights.sei.cmu.edu.Available at
     Url https://papers.ssrn.com/sol3/papers.cfm?abstract_id=3655567


     Search term "Continuous"+"DevOps"
     Title Exploiting devops practices for dependable and secure continuous delivery pipelines
     Author ['TF Düllmann', 'C Paule']
     Venue … on Rapid Continuous …
     Year 2018
     Abstract Continuous delivery (CD) pipelines recently gained wide adoption. They provide means for short and high-frequent development cycles in DevOps by automating many steps after a commit has been issued and bringing it into production. CD pipelines have become
     Url https://ieeexplore.ieee.org/abstract/document/8452104/


     Search term "Continuous"+"DevOps"
     Title Enabling DevOps collaboration and continuous delivery using diverse application environments
     Author ['J Wettinger', 'V Andrikopoulos', 'F Leymann']
     Venue … International Conferences" On …
     Year 2015
     Abstract Aiming to provide the means for efficient collaboration between development and operations personnel, the DevOps paradigm is backed by an increasingly growing collection of tools and reusable artifacts for application management. Continuous delivery pipelines are
     Url https://link.springer.com/chapter/10.1007/978-3-319-26148-5_23


     Search term "Continuous"+"DevOps"
     Title Collaborative gathering and continuous delivery of DevOps solutions through repositories
     Author ['J Wettinger', 'U Breitenbücher', 'M Falkenthal']
     Venue … Science-Research and …
     Year 2017
     Abstract Collaboration is a key aspect for establishing DevOps-oriented processes because diverse experts such as developers and operations personnel need to efficiently work together to deliver applications. For this purpose, highly automated continuous delivery pipelines are
     Url https://link.springer.com/article/10.1007/s00450-016-0338-z


     Search term "Continuous"+"DevOps"
     Title Continuous scrum: A framework to enhance scrum with DevOps
     Author ['SS Samarawickrama', 'I Perera']
     Venue … International Conference on …
     Year 2017
     Abstract There has been a significant impact on software development lifecycle by the non-plan driven software processes such as Agile derived models ie Scrum, Extreme Programming (XP) and recently introduced DevOps practice. In this paper capabilities and limitation of
     Url https://ieeexplore.ieee.org/abstract/document/8257808/


     Search term "Continuous"+"DevOps"
     Title Hands-On Security in DevOps: Ensure continuous security, deployment, and delivery with DevSecOps
     Author ['THC Hsu']
     Venue NA
     Year 2018
     Abstract Protect your organization's security at all levels by introducing the latest strategies for securing DevOps Key Features Integrate security at each layer of the DevOps pipeline Discover security practices to protect your cloud services by detecting fraud and intrusion
     Url https://books.google.com/books?hl=en&lr=&id=bO1mDwAAQBAJ&oi=fnd&pg=PP1&dq=%22Continuous%22+%22DevOps%22&ots=pIcw5pRgjK&sig=rBhYn27lIaHogiVTqlvx7a-bqXE


     Search term "Continuous"+"DevOps"
     Title DevOps
     Author ['C Ebert', 'G Gallardo', 'J Hernantes', 'N Serrano']
     Venue Ieee Software
     Year 2016
     Abstract So, the IT operations and development teams must closely collaborate to achieve the continuous process pro- moted by the DevOps team  References 1. M. Virmani, “Understanding DevOps & Bridging the Gap from Continuous Integration to Continuous Delivery,” Proc
     Url https://ieeexplore.ieee.org/abstract/document/7458761/


     Search term "Continuous"+"DevOps"
     Title Continuous Integration, Deployment and Testing in DevOps Environment
     Author ['AS Amaradri', 'SB Nutalapati']
     Venue NA
     Year 2016
     Abstract Objectives. The main aim of this study is to provide a clear understanding about how DevOps works in an organization to researchers and software practitioners. The objectives of the study are to identify the benefits of implementing DevOps in organizations where agile
     Url https://www.diva-portal.org/smash/record.jsf?pid=diva2:1044691


     Search term "Continuous"+"DevOps"
     Title DevOps: continuous delivery, integration, and deployment with DevOps: dive into the core DevOps strategies
     Author ['S Vadapalli']
     Venue NA
     Year 2018
     Abstract Explore the high-in demand core DevOps strategies with powerful DevOps tools such as Ansible, Jenkins, and Chef Key Features● Get acquainted with methodologies and tools of the DevOps framework● Perform continuous integration, delivery, deployment, and
     Url https://books.google.com/books?hl=en&lr=&id=N5RRDwAAQBAJ&oi=fnd&pg=PP1&dq=%22Continuous%22+%22DevOps%22&ots=vQ7Zjw1MEW&sig=mfKF3HafpyW8KB-iW0Tx03u2K_A


     Search term "Continuous"+"DevOps"
     Title Continuous architecting with microservices and DevOps: a systematic mapping study
     Author ['D Taibi', 'V Lenarduzzi', 'C Pahl']
     Venue … on Cloud Computing and Services Science
     Year 2018
     Abstract Context: Several companies are migrating their information systems into the Cloud. Microservices and DevOps are two of the most common adopted technologies. However, there is still a lack of understanding how to adopt a microservice-based architectural style
     Url https://link.springer.com/chapter/10.1007/978-3-030-29193-8_7


     Search term "Continuous"+"DevOps"
     Title Dimensions of devops
     Author ['LE Lwakatare', 'P Kuvaja', 'M Oivo']
     Venue International conference on agile …
     Year 2015
     Abstract DevOps has been identified as an important aspect in the continuous deployment paradigm in practitioner communities and academic research cir- cles  Keywords: DevOps · Continuous deployment · Agile · Software deployment 1 Introduction
     Url https://link.springer.com/chapter/10.1007/978-3-319-18612-2_19


     Search term "Continuous"+"DevOps"
     Title Building lean continuous integration and delivery pipelines by applying DevOps principles: a case study at Varidesk
     Author ['V Debroy', 'S Miller', 'L Brimble']
     Venue Proceedings of the 2018 26th ACM Joint …
     Year 2018
     Abstract Continuous Integration (CI) and Continuous Delivery (CD) are widely considered to be best practices in software development. Studies have shown however, that adopting these practices can be challenging and there are many barriers that engineers
     Url https://dl.acm.org/doi/abs/10.1145/3236024.3275528


     Search term "Continuous"+"DevOps"
     Title Continuous and Integrated Software Development using DevOps
     Author ['A Agarwal', 'S Gupta']
     Venue … Conference on Advances …
     Year 2018
     Abstract Devops is all about culture, automation, measurement and sharing (CAMS). It is gaining popularity because of its continuous approach-continuous integration (CI), continuous deployment (CD) and software delivery. CI requires the developer to commit the code
     Url https://ieeexplore.ieee.org/abstract/document/8458052/


     Search term "Continuous"+"DevOps"
     Title DevOpRET: Continuous reliability testing in DevOps
     Author ['A Bertolino', 'GD Angelis', 'A Guerriero']
     Venue Journal of Software …
     Year 2020
     Abstract To enter the production stage, in DevOps practices candidate software releases have to pass quality gates, where they are assessed to meet established target values for key indicators of interest. We believe software reliability should be an important such indicator
     Url https://onlinelibrary.wiley.com/doi/abs/10.1002/smr.2298


     Search term "Continuous"+"DevOps"
     Title DevOps improvements for reduced cycle times with integrated test optimizations for continuous integration
     Author ['D Marijan', 'M Liaaen', 'S Sen']
     Venue 2018 IEEE 42nd Annual …
     Year 2018
     Abstract DevOps, as a growing development practice that aims to enable faster development and efficient deployment of applications without compromising on quality, is often hampered by long cycle times. One contributing factor to long cycle times in DevOps is long build time
     Url https://ieeexplore.ieee.org/abstract/document/8377636/


     Search term "Continuous"+"DevOps"
     Title DevOps and its practices
     Author ['L Zhu', 'L Bass', 'G Champlin-Scharff']
     Venue IEEE Software
     Year 2016
     Abstract In addition, DevOps practices rely heavily on tools of various kinds, including tools for container management, continuous integra tion, orchestration, monitoring, de ployment, and testing. Increasingly, software engineers are the ones who maintain and configure such tools
     Url https://ieeexplore.ieee.org/abstract/document/7458765/


     Search term "Continuous"+"DevOps"
     Title DevOps for IoT Systems: Fast & Continuous Monitoring Feedback of System Availability
     Author ['MA López-Peña', 'J Díaz', 'JE Pérez']
     Venue IEEE Internet of Things …
     Year 2020
     Abstract Current Internet of Things (IoT) systems are highly distributed systems, which integrate cloud, fog, and edge computing approaches. Accelerating their maintenance and continuous improvement, while ensuring their availability, is complex. DevOps promotes fast
     Url https://ieeexplore.ieee.org/abstract/document/9151987/


     Search term "Continuous"+"DevOps"
     Title SKI: A New Agile Framework that Supports DevOps, Continuous Delivery, and Lean Hypothesis Testing
     Author ['J Saltz', 'A Sutherland']
     Venue … of the 53rd …
     Year 2020
     Abstract This paper explores the need for a new process framework that can effectively support DevOps and Continuous Delivery teams. It then defines a new framework, which adheres to the lean Kanban philosophy but augments Kanban by providing a structured iteration
     Url https://scholarspace.manoa.hawaii.edu/handle/10125/64503


     Search term "Continuous"+"DevOps"
     Title Towards continuous software reliability testing in DevOps
     Author ['R Pietrantuono', 'A Bertolino']
     Venue 2019 IEEE/ACM 14th …
     Year 2019
     Abstract We introduce the DevOpRET approach for continuous reliability testing in DevOps. It leverages information monitored in operation to guide operational-profile based testing, which is conceived as part of the acceptance testing stage before each next release to
     Url https://ieeexplore.ieee.org/abstract/document/8822025/


     Search term "Continuous"+"DevOps"
     Title DevOps in regulated software development: case medical devices
     Author ['T Laukkarinen', 'K Kuusinen']
     Venue 2017 IEEE/ACM 39th …
     Year 2017
     Abstract This is the most significant obstacle for continuous deployment of DevOps, as any pending task – such as unfinished documentation – will halt the delivery in pedantic execution, and effectively eliminate the benefits and use of continuous deployment in the end product
     Url https://ieeexplore.ieee.org/abstract/document/7966870/


     Search term "Continuous"+"DevOps"
     Title Adoption issues in devops from the perspective of continuous delivery pipeline
     Author ['MZ Toh', 'S Sahibuddin', 'MN Mahrin']
     Venue Proceedings of the 2019 8th …
     Year 2019
     Abstract DevOps and Continuous Delivery (CD) are the terms that are always related to each other in Software Delivery and Operation Process area. DevOps introduces a significant agile perspective to deliver the software product in short cycle time that will
     Url https://dl.acm.org/doi/abs/10.1145/3316615.3316619


     Search term "Continuous"+"DevOps"
     Title Applying DevOps Practices of Continuous Automation for Machine Learning
     Author ['I Karamitsos', 'S Albarhami', 'C Apostolopoulos']
     Venue Information
     Year 2020
     Abstract This paper proposes DevOps practices for machine learning application, integrating both the development and operation environment seamlessly. The machine learning processes of development and deployment during the experimentation phase may seem easy. However
     Url https://www.mdpi.com/2078-2489/11/7/363


     Search term "Continuous"+"DevOps"
     Title SLA-based continuous security assurance in multi-cloud DevOps
     Author ['E Rios', 'M Rak', 'E Iturbe', 'W Mallouli']
     Venue NA
     Year 2017
     Abstract Multi-cloud applications, ie those that are deployed over multiple independent Cloud providers, pose a number of challenges to the security-aware development and operation. Security assurance in such applications is hard due to the lack of insights of security controls
     Url http://dsp.tecnalia.com/handle/11556/677


     Search term "Continuous"+"DevOps"
     Title Implementing the Planning Process within DevOps Teams to Achieve Continuous Innovation
     Author ['A Wiedemann', 'M Wiesche', 'H Gewald', 'H Krcmar']
     Venue NA
     Year 2019
     Abstract Integrating business capabilities into software development projects is still a major challenge for organizations. New ways of working are appearing in response to react to novel market places. Hence, there are more and more business managers with good IT
     Url https://aisel.aisnet.org/hicss-52/st/agile_development/9/


     Search term "Continuous"+"DevOps"
     Title 2nd workshop on DevOps and software analytics for continuous engineering and improvement
     Author ['K Kontogiannis', 'C Brealey', 'A Giammaria']
     Venue Proceedings of the 28th …
     Year 2018
     Abstract The workshop participants focused and discussed the following areas a) techniques, tools, and schemas to mine software repositories including DevOps environments as well as techniques for denoting information extracted from these repositories. Such information
     Url https://dl.acm.org/doi/abs/10.5555/3291291.3291344


     Search term "Continuous"+"DevOps"
     Title Industry-academy collaboration in teaching DevOps and continuous delivery to software engineering students: towards improved industrial relevance in higher …
     Author ['K Kuusinen', 'S Albertsen']
     Venue 2019 IEEE/ACM 41st International …
     Year 2019
     Abstract Global industrial demand for highly skilled professional software engineers is increasing. Many countries already experience shortage of developer workforce and it is predicted that the industrial need for software engineers will grow on a higher rate than educational
     Url https://ieeexplore.ieee.org/abstract/document/8802088/


     Search term "Continuous"+"DevOps"
     Title Software artefacts consistency management towards continuous integration: A roadmap
     Author ['DA Meedeniya', 'ID Rubasinghe']
     Venue International Journal of …
     Year 2019
     Abstract practice. Keywords—Consistency management; traceability; continuous integration; DevOps; comparative study I  techniques. Related work on the continuous integration in DevOps practice is presented in Section VI. Section
     Url https://www.researchgate.net/profile/Indika_Perera/publication/335172232_Software_Artefacts_Consistency_Management_towards_Continuous_Integration_A_Roadmap/links/5d54423c45851530407530c3/Software-Artefacts-Consistency-Management-towards-Continuous-Integration-A-Roadmap.pdf


     Search term "Continuous"+"DevOps"
     Title DevOps for information management systems
     Author ['AQ Gill', 'A Loumish', 'I Riyat', 'S Han']
     Venue VINE Journal of Information and …
     Year 2018
     Abstract Table I. Search terms. Search Category, Keywords. DevOps adoption, DevOps practices, DevOps acceptance, DevOps architecture principles, DevOps adoption framework, DevOps implementation, continuous delivery, DevOps dimensions
     Url https://www.emerald.com/insight/content/doi/10.1108/VJIKMS-02-2017-0007/full/html


     Search term "Continuous"+"DevOps"
     Title Designing Software Architecture to Support Continuous Delivery and DevOps: A Systematic Literature Review.
     Author ['R Bolscher', 'M Daneva']
     Venue ICSOFT
     Year 2019
     Abstract This paper presents a systematic literature review of software architecture approaches that support the implementation of Continuous Delivery (CD) and DevOps. Its goal is to provide an understanding of the stateof-the-art on the topic, which is informative for both researchers
     Url https://www.scitepress.org/Papers/2019/78370/78370.pdf


     Search term "Continuous"+"DevOps"
     Title Continuous software engineering: A roadmap and agenda
     Author ['B Fitzgerald', 'KJ Stol']
     Venue Journal of Systems and Software
     Year 2017
     Abstract In a similar vein, the recent emphasis on DevOps recognizes that the integration between software development and its operational deployment needs to be a continuous one  Keywords. Continuous software engineering. Lean software development. DevOps. 1. Introduction
     Url https://www.sciencedirect.com/science/article/pii/S0164121215001430


     Search term "Continuous"+"DevOps"
     Title A case analysis of enabling continuous software deployment through knowledge management
     Author ['R Colomo-Palacios', 'E Fernandes']
     Venue International Journal of …
     Year 2018
     Abstract Keywords. Knowledge management. Continuous deployment. Continuous software engineering. DevOps. Case study  This case is structured as follows: Section 1 above contains a brief introduction to Continuous Software engineering, continuous deployment and DevOps
     Url https://www.sciencedirect.com/science/article/pii/S0268401217308782


     Search term "Continuous"+"DevOps"
     Title What We Know About Software Architecture Styles in Continuous Delivery and DevOps?
     Author ['M Daneva', 'R Bolscher']
     Venue International Conference on Software …
     Year 2019
     Abstract This paper takes a software architect's perspective to DevOps/CD and attempts to provide a consolidated view on the architecture styles for which empirical publications indicate to be suitable in the context of DevOps and CD. Following techniques from the evidence-based
     Url https://link.springer.com/chapter/10.1007/978-3-030-52991-8_2


     Search term "Continuous"+"DevOps"
     Title Continuous software engineering and beyond: trends and challenges
     Author ['B Fitzgerald', 'KJ Stol']
     Venue … 1st International Workshop on Rapid Continuous …
     Year 2014
     Abstract In a similar vein, the recent emphasis on DevOps recognizes that the integration between software development and its operational deployment needs to be a continuous one  Keywords DevOps, BizDev, Continuous Star, continuous software engi- neering
     Url https://dl.acm.org/doi/abs/10.1145/2593812.2593813


     Search term "Continuous"+"DevOps"
     Title The software architect and DevOps
     Author ['L Bass']
     Venue IEEE Software
     Year 2017
     Abstract Continuous Deployment The DevOps practice that probably gets the most press is continuous de- ployment or continuous delivery.4 This means that after a developer commits code to the version control system, it's automatically subjected to a variety of tests and, assuming the
     Url https://ieeexplore.ieee.org/abstract/document/8239924/


     Search term "Continuous"+"DevOps"
     Title Hands-on DevOps: Explore the concept of continuous delivery and integrate it with data science concepts
     Author ['S Vadapalli']
     Venue NA
     Year 2017
     Abstract [Not Found]
     Url [Not Found]


     Search term "Continuous"+"DevOps"
     Title Test orchestration a framework for continuous integration and continuous deployment
     Author ['N Rathod', 'A Surve']
     Venue 2015 international conference on …
     Year 2015
     Abstract This allows for greater association between continuous integration, DevOps and continues delivery, feeding real change in the enterprise, and turningthe release process into a faster delivery pipeline [9]. The technical track of releases rarely proceeds absolutely in most
     Url https://ieeexplore.ieee.org/abstract/document/7087120/


     Search term "Continuous"+"DevOps"
     Title Towards DevOps in the embedded systems domain: Why is it so hard?
     Author ['LE Lwakatare', 'T Karvonen', 'T Sauvola']
     Venue 2016 49th hawaii …
     Year 2016
     Abstract DevOps recognizes the need for a continuous bridge between software development and its operational deployment [7]. In the literature, DevOps is predominantly a phenomenon of SaaS applications but not yet a practice in the embedded systems domain
     Url https://ieeexplore.ieee.org/abstract/document/7427859/


     Search term "Continuous"+"DevOps"
     Title Enabling continuous integration in a formal methods setting
     Author ['LD Couto', 'PWV Tran-Jørgensen', 'RS Nilsson']
     Venue International Journal on …
     Year 2019
     Abstract Springer-Verlag GmbH Germany, part of Springer Nature 2019 Abstract In modern software development, the practices of continuous integration and DevOps are widely used to increase delivery speed and reduce the time it takes to deploy software changes to production
     Url https://link.springer.com/content/pdf/10.1007/s10009-019-00546-y.pdf


     Search term "Continuous"+"DevOps"
     Title DevOps automation and Agile methodology
     Author ['SM Mohammad']
     Venue … Journal of Creative Research Thoughts (IJCRT) …
     Year 2017
     Abstract Fig i: DevOps continuous delivery life cycle Agile and DevOps are fused [3]. Pedrycz states that in the past decade, firms have tried turning from their original IT team to the specific DevOps group or introducing an agile methodology to their software development projects [3
     Url https://papers.ssrn.com/sol3/papers.cfm?abstract_id=3655581

