Showing papers for search query "Continuous"+"FDA+Requirements"+"Traceability"

     Search term "Continuous"+"FDA+Requirements"+"Traceability"
     Title Managing Change for Continuous Improvement in a Regulated Industry
     Author ['M Batan']
     Venue NA
     Year 2016
     Abstract Page 1. Managing Change for Continuous Improvement in a Regulated Industry Marcos Batan  High percentages of non-conforming product; – High waste and rework levels; – No traceability of product affected by changes; – Product or process history might not be available;
     Url http://www.aimcal.org/uploads/4/6/6/9/46695933/batan_presentation.pdf


     Search term "Continuous"+"FDA+Requirements"+"Traceability"
     Title Do the new FDA guidance documents help improving performance of blood glucose monitoring systems compared with ISO 15197?
     Author ['G Freckmann', 'A Baumstark']
     Venue Journal of diabetes …
     Year 2017
     Abstract Recently, the Food and Drug Administration (FDA) published guidance documents for point-of-care testing (POCT) and over-the-counter (OTC) blood glucose monitoring systems (BGMS). These are expected...
     Url https://journals.sagepub.com/doi/abs/10.1177/1932296817713220


     Search term "Continuous"+"FDA+Requirements"+"Traceability"
     Title Meat slaughter and processing plants' traceability levels evidence from Iowa
     Author ['H Bulut', 'JD Lawrence']
     Venue NA
     Year 2007
     Abstract and one-step forward) as in Food and Drug Administration (FDA) requirements, traceable to processing plant only or traceable further to the feedlot, or traceable all the way to the birth farm. The precision refers to the degree of assurance at which a traceability system can
     Url https://ageconsearch.umn.edu/record/37576/


     Search term "Continuous"+"FDA+Requirements"+"Traceability"
     Title Pharmaceutical Master Validation Plan: the ultimate guide to FDA, GMP and GLP compliance
     Author ['SI Haider']
     Venue NA
     Year 2001
     Abstract for all the sections of the plan, because it provides a road map for validation to establish FDA requirements master validation pro  calibration program should describe calibration policy for validation of test equipment, pre- and post-calibration, and NIST traceability of calibration
     Url http://14.139.187.123:8080/jspui/bitstream/123456789/17020/1/Syed%20Imtiaz%20Haider%20-%20Pharmaceutical%20Master%20Validation%20Plan_%20The%20Ultimate%20Guide%20to%20FDA%2C%20GMP%20and%20GLP%20Compliance-Informa%20Healthcare%20%282001%29.pdf


     Search term "Continuous"+"FDA+Requirements"+"Traceability"
     Title MES reduces FDA compliance costs
     Author ['J Vinhais']
     Venue Quality
     Year 2004
     Abstract The requirement is similar to traditional traceability and genealogy require- ments but includes  technology also enables life sci- ence manufacturers to comply with FDA requirements by providing  i QUALITY SOFTWARE & ANALYSIS i MES solution brings continuous, real- time
     Url http://search.proquest.com/openview/76b1e07ba0a1792f51854a76f53d9b39/1?pq-origsite=gscholar&cbl=35812


     Search term "Continuous"+"FDA+Requirements"+"Traceability"
     Title A review of design for X methods for medical devices: The introduction of a design for FDA approach
     Author ['LA Medina', 'RA Wysk']
     Venue … and Information in …
     Year 2011
     Abstract The design for quality (DFQ) also addresses the compliance with the FDA requirements and more  may be required for better identification of problems and to maintain traceability of the  benchmarking when performing customer analysis and continuous improvement activities
     Url https://asmedigitalcollection.asme.org/IDETC-CIE/proceedings-abstract/IDETC-CIE2011/54860/849/354163


     Search term "Continuous"+"FDA+Requirements"+"Traceability"
     Title A management approach to software validation requirements
     Author ['N Hrgarek']
     Venue Central European Conference on Information and …
     Year 2008
     Abstract 2.1.1 FDA requirements  Traceability matrix ensures all requirements have been defined and tested  the system is used in production environment, - good business practice – computer systems and their output are corporate assets, - promotes continuous process improvement
     Url https://bib.irb.hr/datoteka/496167.63-378-1-PB.pdf


     Search term "Continuous"+"FDA+Requirements"+"Traceability"
     Title Validation of laboratory-developed molecular assays for infectious diseases
     Author ['EM Burd']
     Venue Clinical microbiology reviews
     Year 2010
     Abstract [Not Found]
     Url https://cmr.asm.org/content/23/3/550.short


     Search term "Continuous"+"FDA+Requirements"+"Traceability"
     Title Excursion: FDA Compliance and Controls in SAP
     Author ['M Chuprunov']
     Venue Auditing and GRC Automation in SAP
     Year 2013
     Abstract It is important to understand that all current FDA requirements refer to the documentation, and not  of safety questions, and fulfillment of cross-system requirements for traceability, completeness of  Continuous monitoring of the (properly documented and tested) settings (see Fig
     Url https://link.springer.com/chapter/10.1007/978-3-642-35302-4_13


     Search term "Continuous"+"FDA+Requirements"+"Traceability"
     Title Establishing an FDA-compliant quality program at a corporate research center
     Author ['A Brust']
     Venue NA
     Year 2004
     Abstract versions, allowed for continuous product improvement, and brought the research  requirements due to their complex structure and unclear language. While many  traceability, process control, inspection and testing, control of non-conforming
     Url http://search.proquest.com/openview/a0fb2a18901b1cd0aa673febe25795b5/1?pq-origsite=gscholar&cbl=18750&diss=y


     Search term "Continuous"+"FDA+Requirements"+"Traceability"
     Title Maintaining Food Safety through Quality
     Author ['CR Hurburgh Jr', 'DD Loy', 'JD Lawrence']
     Venue NA
     Year 2010
     Abstract The study showed that once the dairy processor developed specific objectives to serve as the foundation for the traceability system, even small changes could yield timely results in quality control. Grain products are utilized as a food  The program focuses on continuous process
     Url https://lib.dr.iastate.edu/cgi/viewcontent.cgi?article=1137&context=extension_ag_pubs


     Search term "Continuous"+"FDA+Requirements"+"Traceability"
     Title Computer validation and ethical security measures for pharmaceutical data processing
     Author ['OG Bhusnure', 'SP Kendre', 'DR Kaudewar']
     Venue World Journal of …
     Year 2015
     Abstract signals) which in practical use are analogous to or represent some continuous physical  The validation of a computerized control system to FDA requirements can be broken down  following. Traceability and accountability of information to be maintained throughout validation life
     Url https://www.researchgate.net/profile/Dr_Omprakash_Bhusnure/publication/289537776_COMPUTER_VALIDATION_AND_ETHICAL_SECURITY_MEASURES_FOR_PHARMACEUTICAL_DATA_PROCESSING/links/568fdb0908aec14fa5578fbf/COMPUTER-VALIDATION-AND-ETHICAL-SECURITY-MEASURES-FOR-PHARMACEUTICAL-DATA-PROCESSING.pdf


     Search term "Continuous"+"FDA+Requirements"+"Traceability"
     Title 8.3. 1 Towards Integrating Assurance Cases into Risk‐Based Requirements Management
     Author ['D Feng', 'C Eyster']
     Venue INCOSE International Symposium
     Year 2012
     Abstract Instead of manufacturers claiming safety through satisfaction of the FDA's requirements implicitly and prescriptively, now it is  Bidirectional traceability ↔ Bidirectional traceability  The CAPS is a novel drug delivery method that integrates continuous physiological monitoring into
     Url https://onlinelibrary.wiley.com/doi/abs/10.1002/j.2334-5837.2012.tb01392.x


     Search term "Continuous"+"FDA+Requirements"+"Traceability"
     Title GXP talk: a column for discussion of issues identified by readers of the Journal of GXP Compliance and the current good practice for resolution of those issues
     Author ['J Lanese', 'A Smith']
     Venue Journal of GXP Compliance
     Year 2008
     Abstract First, are the ICH guidelines stricter than the US cGMPs or FDA requirements  We hear the Agency is interested in PAT (Process Analytical Technology) and continuous production. How do the batch-oriented regulations apply to traceability and record keeping in the continuous
     Url https://go.gale.com/ps/i.do?id=GALE%7CA175286941&sid=googleScholar&v=2.1&it=r&linkaccess=abs&issn=15525791&p=AONE&sw=w


     Search term "Continuous"+"FDA+Requirements"+"Traceability"
     Title The Construction of Drug Traceability System Based on Block Chain Technology
     Author ['D Wei', 'Y Yue']
     Venue 亚洲社会药学
     Year 2020
     Abstract Therefore, only by realizing continuous tracking of data from the four databases of drug market license  Design and application of outpatient drug traceability management system in medical institutions [J]. China Pharmacy, 2017, 28  FDA requirements for one-dimensional and
     Url http://asianjsp.syphu.edu.cn/CN/abstract/abstract568.shtml


     Search term "Continuous"+"FDA+Requirements"+"Traceability"
     Title Food safety, private standards schemes and trade: the implications of the FDA food safety modernization act
     Author ['J Humphrey']
     Venue IDS Working Papers
     Year 2012
     Abstract This is what the use of HACCP in food processing and the adoption of good agricultural practices (GAPs) are designed to achieve.4 The further corollary of this process-based approach is that traceability is required so that products can be identified as originating from well
     Url https://onlinelibrary.wiley.com/doi/abs/10.1111/j.2040-0209.2012.00403.x


     Search term "Continuous"+"FDA+Requirements"+"Traceability"
     Title FDA Yields on Text Dissemination
     Author ['M Roh']
     Venue NA
     Year NA
     Abstract While on-site, the representative may conduct informal audits of the company's compliance with FDA requirements or participate in employee training programs, detailing the laws and regulations pertaining to their products
     Url https://www.mddionline.com/sitemap/articlepermonth/5/3?page=234


     Search term "Continuous"+"FDA+Requirements"+"Traceability"
     Title Design controls for the medical device industry
     Author ['MB Teixeira']
     Venue NA
     Year 2019
     Abstract 199 Appendix C: Product claims sheet.....203 Appendix D: Input/Output design traceability matrix.....205 Appendix E: Project approval form  Device duration of contact—how long the device is in continuous use
     Url https://books.google.com/books?hl=en&lr=&id=9OCsDwAAQBAJ&oi=fnd&pg=PP1&dq=%22Continuous%22+%22FDA+Requirements%22+%22Traceability%22&ots=-TQxosTy8R&sig=rs3in8hRL1liGuA4cL5RIz6FD1Y


     Search term "Continuous"+"FDA+Requirements"+"Traceability"
     Title Integrating agile practices with a medical device software development lifecycle
     Author ['M Mc Hugh', 'F Mc Caffery', 'V Casey', 'M Pikkarainen']
     Venue NA
     Year 2012
     Abstract design, test first development; refactoring, pair programming, collective ownership, continuous integration and  are only concerned with the specific requirements such as traceability rather than  use within the United States (US) must conform to the FDA requirements and medical
     Url https://ulir.ul.ie/handle/10344/2524


     Search term "Continuous"+"FDA+Requirements"+"Traceability"
     Title Point-of-care blood glucose meter accuracy in the hospital setting
     Author ['DC Klonoff']
     Venue Diabetes Spectrum
     Year 2014
     Abstract [Not Found]
     Url https://spectrum.diabetesjournals.org/content/27/3/174.short


     Search term "Continuous"+"FDA+Requirements"+"Traceability"
     Title Extending extreme programming to support life sciences regulations
     Author ['H Mehrfard']
     Venue NA
     Year 2010
     Abstract All this would not have been possible without their continuous support. Finally, I would like to express my sincere thanks to my colleagues for their valuable  45 4.1.1 .2. Mapping FDA Requirements Evaluation to XP 47 4.1.1.3. Mapping FDA Req. Traceability Analysis to XP 48
     Url https://spectrum.library.concordia.ca/979212/


     Search term "Continuous"+"FDA+Requirements"+"Traceability"
     Title Using RFID to track and trace high value products: the case of city healthcare
     Author ['JA Symonds', 'D Parry']
     Venue Journal of Cases on Information Technology …
     Year 2008
     Abstract scope of the case study was limited to the range of devices that provide continuous positive airway  City Healthcare must fulfil the demands of regulatory bodies concerning traceability and archive  The FDA requirements for electronic records are summarised by Mercuri (2003) as
     Url https://www.igi-global.com/article/using-rfid-track-trace-high/3214


     Search term "Continuous"+"FDA+Requirements"+"Traceability"
     Title Testing medical devices: explore the extensive testing policies one manufacturer uses to ensure the safest and most effective products reach the medical market
     Author ['G Powalisz']
     Venue EE-Evaluation Engineering
     Year 2005
     Abstract ECGs, graphic representations of the electrical activity of the heart's continuous beating, are  International requirements defined in IEC 60601-1-4, FDA requirements, and country-specific  The software element of a medical device is subject to traceability requirements: The
     Url https://go.gale.com/ps/i.do?id=GALE%7CA139761637&sid=googleScholar&v=2.1&it=r&linkaccess=abs&issn=01490370&p=AONE&sw=w


     Search term "Continuous"+"FDA+Requirements"+"Traceability"
     Title Operation of a radiopharmacy for a clinical trial
     Author ['JP Norenberg', 'NA Petry', 'S Schwarz']
     Venue Seminars in nuclear medicine
     Year 2010
     Abstract in compliance with standards aimed at providing assurance regarding the safety of these ID and the traceability of records  preparation, aseptic technique is followed and, if not immediately administered, the finished CSP is under continuous supervision to  FDA Requirements
     Url https://www.sciencedirect.com/science/article/pii/S0001299810000498


     Search term "Continuous"+"FDA+Requirements"+"Traceability"
     Title The high cost of product recall
     Author ['C Gunther']
     Venue online] http://www. vigilistics. com/pdf/The% 20Cost …
     Year 2010
     Abstract solutions can rapidly configure directly to a plant floor, providing a continuous stream of  The traceability and regulatory records are free to evolve with best practice and  enterprise, enabling a fundamentally simpler validation approach to the emerging FDA requirements, and to
     Url http://www.vigilistics.com/assets/doc/whitepapers/WP_HighCostofRecall.pdf


     Search term "Continuous"+"FDA+Requirements"+"Traceability"
     Title A multidisciplinary approach to meeting regulatory requirements through use of process informatics in regulated manufacturing
     Author ['K Meints']
     Venue NA
     Year 2014
     Abstract Better process and documentation control leads to improved compliance with FDA requirements  product e use a multidisciplinary approach to decision making • use science and risk based approaches for more flexibility in decision making • promote continuous improvement of
     Url http://search.proquest.com/openview/381fb6074c72336c4f79a7e66666d269/1?pq-origsite=gscholar&cbl=18750&diss=y


     Search term "Continuous"+"FDA+Requirements"+"Traceability"
     Title Model‐Based Systems Engineering as an Enabler for Regulatory Design Compliance
     Author ['J Dean', 'C Henderson', 'J Gardner']
     Venue INCOSE International …
     Year 2012
     Abstract This early and continuous involvement helps capture manufacturing issues early, typically achieves cost of  engineering, as proposed in this paper, addresses the key FDA requirements for design  is confident of FDA compliant design controls due to the traceability provided by
     Url https://onlinelibrary.wiley.com/doi/abs/10.1002/j.2334-5837.2012.tb01473.x


     Search term "Continuous"+"FDA+Requirements"+"Traceability"
     Title Economic and Regulatory Perspectives on Additive Manufacturing
     Author ['GG Berdine', 'M DiPaola', 'M Weinberg']
     Venue 3D Printing in Orthopaedic Surgery
     Year 2019
     Abstract us consider three models of production that exist along a continuous scale extending  Traceability goes to the material chain, the design chain, and the manufacturing chain  medical-specific regulatory structures even though their existing standards would meet FDA requirements
     Url https://www.sciencedirect.com/science/article/pii/B978032358118900004X


     Search term "Continuous"+"FDA+Requirements"+"Traceability"
     Title Methods for monitoring integrated continuous pharmacetical manufacturing processes
     Author ['SM Popp']
     Venue US Patent App. 14/756,812
     Year 2016
     Abstract “calibration” means ensuring continuous adequate performance of sensing, measurement, and actuating equipment with regard to  “traceability analysis” means the tracing of Software Requirements Specifications requirements to system requirements in concept documentation
     Url https://patents.google.com/patent/US20160041551A1/en


     Search term "Continuous"+"FDA+Requirements"+"Traceability"
     Title Updates are Not Available: FDA Regulations Deter Manufacturers from Quickly and Effectively Responding to Software Problems Rendering Medical Devices …
     Author ['K Williams']
     Venue Wake Forest J. Bus. & Intell. Prop. L.
     Year 2013
     Abstract Page 1. WAKE FOREST JOURNAL OF BUSINESS AND INTELLECTUAL PROPERTY LAW VOLUME 14 SPRING 2014 NUMBER 3 UPDATES ARE NOT AVAILABLE: FDA REGULATIONS DETER MANUFACTURERS FROM
     Url https://heinonline.org/hol-cgi-bin/get_pdf.cgi?handle=hein.journals/wakfinp14&section=18


     Search term "Continuous"+"FDA+Requirements"+"Traceability"
     Title Understanding the differences between ISO 9001-2008 and the FDA quality system regulation for medical devices: A guide for quality professionals who need …
     Author ['D Greetham']
     Venue NA
     Year 2010
     Abstract Service Provision ..... 61 Validation of Processes for Production and Service Provision ..... 62 Identification and Traceability, Packaging and Labeling..... 63 Customer
     Url http://search.proquest.com/openview/88207dec533cc49ee17be4dbb8e8484e/1?pq-origsite=gscholar&cbl=18750&diss=y


     Search term "Continuous"+"FDA+Requirements"+"Traceability"
     Title How gamma radiation processing systems are benefiting from the latest advances in information technology
     Author ['WH Gibson', 'D Levesque']
     Venue Radiation Physics and Chemistry
     Year 2000
     Abstract Automatic traceability  With automation tools like NorTRACK, staff can now concentrate on new ways to work, and are applying continuous improvement to  The STARS system has been validated to US-FDA requirements and audited for ISO 9000 compliance (SteriGenics, 1999)
     Url https://www.sciencedirect.com/science/article/pii/S0969806X9900482X


     Search term "Continuous"+"FDA+Requirements"+"Traceability"
     Title FDA regulations for investigation and approval of medical devices: Laser and light-based systems
     Author ['TJ Banks', 'GS Ahluwalia']
     Venue Cosmetics Applications of Laser & Light-Based …
     Year 2009
     Abstract JavaScript is disabled on your browser. Please enable JavaScript to use all the features on this page. Skip to main content Skip to article
     Url https://www.sciencedirect.com/science/article/pii/B9780815515722500270


     Search term "Continuous"+"FDA+Requirements"+"Traceability"
     Title Current state of US Food and Drug Administration regulation for cellular and gene therapy products: potential cures on the horizon
     Author ['M Mendicino', 'Y Fan', 'D Griffin', 'KC Gunter', 'K Nichols']
     Venue Cytotherapy
     Year 2019
     Abstract Thus, establishing robust systems around the handling, delivery, shipment, storage and distribution before clinical use are essential. In addition, CGTs are often either autologous or directed products where the traceability from donor to recipient must be robust and maintained
     Url https://www.sciencedirect.com/science/article/pii/S1465324919303871


     Search term "Continuous"+"FDA+Requirements"+"Traceability"
     Title Trends in food packaging and manufacturing systems and technology
     Author ['NP Mahalik', 'AN Nambiar']
     Venue Trends in food science & technology
     Year 2010
     Abstract validation, regulatory compliance, and integration of batch procedural operations with continuous processes  to fulfill USDA (United State Department of Agriculture) and the FDA requirements researchers are  FDA (2009) and USDA (2009) vis-a-vis quality control and traceability
     Url https://www.sciencedirect.com/science/article/pii/S0924224410000063


     Search term "Continuous"+"FDA+Requirements"+"Traceability"
     Title A comprehensive approach for medical device development: Incorporating regulations, critical factors and design for X in modeling a conceptual framework
     Author ['LA Medina']
     Venue NA
     Year 2011
     Abstract is also performed to satisfy severe regulations that provide additional constraints for the development, manufacture, marketing and continuous improvement of medical devices  Complete knowledge of the FDA requirements and terminology is crucial to appropriately
     Url https://etda.libraries.psu.edu/catalog/12807


     Search term "Continuous"+"FDA+Requirements"+"Traceability"
     Title Chipped pharmaceuticals from production to in VIVO (in body) drug delivery becoming reality
     Author ['EC Jones', 'S Gupta', 'F Jefferson', 'J Rogers']
     Venue Int. J Sup. Chain. Mgt …
     Year 2015
     Abstract can provide a platform to meet FDA requirements and are commonly suggested for both e-pedigree requirements and protection against counterfeiting. 2.8.1 Basic Concepts of ePedigree One of two main concepts of ePedigree is the implementation of traceability and visibility
     Url https://core.ac.uk/download/pdf/230744660.pdf


     Search term "Continuous"+"FDA+Requirements"+"Traceability"
     Title Performance Improvement in a Hospital Transfusion Service: The American Association of Blood Banks' Quality Systems Approach
     Author ['DM Smith Jr', 'J Otter']
     Venue Archives of Pathology and …
     Year 1999
     Abstract or current buzzwords related to quality—continuous quality improvement, continuous improvement, total  to ensure prevention of damage, minimal deterioration, and traceability of critical  Joint Commission on the Accreditation of Healthcare Organizations, and FDA requirements
     Url https://www.archivesofpathology.org/doi/full/10.1043/0003-9985(1999)123%3C0585:PIIAHT%3E2.0.CO;2


     Search term "Continuous"+"FDA+Requirements"+"Traceability"
     Title The impacts of a formal quality management system: a case study of implementing ISO 9000 at Farmers Cooperative Co., Iowa
     Author ['CM Laux']
     Venue NA
     Year 2007
     Abstract Administration (FDA) requirements of food traceability, and increased monetary value of  ISO adoption compels process control, traceability of product information, and continuous improvement in practices to agribusiness (Clause, 2003). ISO would bring an
     Url https://lib.dr.iastate.edu/rtd/15941/


     Search term "Continuous"+"FDA+Requirements"+"Traceability"
     Title Implementing lean principles to improve selection criteria within the biopharmaceutical subcontracting industry
     Author ['N Ha']
     Venue NA
     Year 2015
     Abstract to the quality management system within the biopharmaceutical selection criteria of subcontractors is necessary to address the continuous improvement of quality and compliance issues  continuous improvement recommendations for the existing quality management
     Url http://search.proquest.com/openview/303e51cb365d7aed86998711d946651e/1?pq-origsite=gscholar&cbl=18750&diss=y


     Search term "Continuous"+"FDA+Requirements"+"Traceability"
     Title Codes and Regulations: Medical Devices
     Author ['M Waxler', 'PJ Kaeding']
     Venue Encyclopedia of Medical Devices and …
     Year 2006
     Abstract penalties for violations. The FDA's requirements affect each stage of a medical device's lifecycle. Some FDA requirements apply to particular periods of a medical device's lifecycle. Others apply more broadly. Design, technical
     Url https://onlinelibrary.wiley.com/doi/abs/10.1002/0471732877.emd065


     Search term "Continuous"+"FDA+Requirements"+"Traceability"
     Title A comprehensive approach for medical device development: Incorporating regulations, critical factors and design for X in modeling a conceptual framework
     Author ['LA Medina']
     Venue NA
     Year 2011
     Abstract is also performed to satisfy severe regulations that provide additional constraints for the development, manufacture, marketing and continuous improvement of medical devices  Complete knowledge of the FDA requirements and terminology is crucial to appropriately
     Url https://etda.libraries.psu.edu/catalog/12807


     Search term "Continuous"+"FDA+Requirements"+"Traceability"
     Title US Regulatory Requirements for Sanitation and Safety of Processing Vegetables
     Author ['YH Hui']
     Venue Handbook of Vegetable Preservation and Processing
     Year 2015
     Abstract [Not Found]
     Url [Not Found]


     Search term "Continuous"+"FDA+Requirements"+"Traceability"
     Title Risk-based design control process to promote a Quality by Design infrastructure in the medical device industry
     Author ['E Sandoval']
     Venue NA
     Year 2019
     Abstract Thank you for your continuous support, your words of wisdom, and constant encouragement to  15. New Design Control Process Including a Risk-Based Product Lifecycle Based on the PDSA Continuous Improvement Cycle .....45 16
     Url https://scholarworks.calstate.edu/concern/theses/xg94hq298


     Search term "Continuous"+"FDA+Requirements"+"Traceability"
     Title Vendor Quality: A First Line of Defense
     Author ['RF Stier']
     Venue Cereal Foods World
     Year 2011
     Abstract and access • Assessment of potential hazards that may be intentionally introduced • Traceability  The products are manufactured in a facility that adheres to FDA requirements • The products  Continuous improvement ensures a functional program that will evolve to meet new
     Url https://www.cerealsgrains.org/publications/plexus/cfw/pastissues/2011/Documents/CFW-56-5-0219.pdf


     Search term "Continuous"+"FDA+Requirements"+"Traceability"
     Title Product safety and security in the global supply chain: Issues, challenges and research opportunities
     Author ['A Marucheck', 'N Greis', 'C Mena', 'L Cai']
     Venue Journal of Operations Management
     Year 2011
     Abstract Product safety. Traceability. Security risk in supply chain. Regulation in supply chain. Product recalls  Tang (2008) and Pyke and Tang (2010) use continuous improvement as a foundation to their 3R approach (eg readiness, responsiveness, and recovery) in managing product
     Url https://www.sciencedirect.com/science/article/pii/S0272696311000945


     Search term "Continuous"+"FDA+Requirements"+"Traceability"
     Title RFID pharmaceutical tracking: From manufacturer through in vivo drug delivery
     Author ['E Jones', 'M Henry', 'D Cochran']
     Venue Journal of Medical …
     Year 2010
     Abstract into a pharmaceutical matrix, to create a system that will improve the traceability, e-pedigree  RFID technologies can pro- vide a platform to meet FDA requirements and are commonly suggested for  Future goals are to provide a RFID enabled platform for continuous tracking of all
     Url https://asmedigitalcollection.asme.org/medicaldevices/article-abstract/4/1/015001/424022


     Search term "Continuous"+"FDA+Requirements"+"Traceability"
     Title The impacts of a formal quality management system: a case study of implementing ISO 9000 at Farmers Cooperative Co., Iowa
     Author ['CM Laux']
     Venue NA
     Year 2007
     Abstract Administration (FDA) requirements of food traceability, and increased monetary value of  ISO adoption compels process control, traceability of product information, and continuous improvement in practices to agribusiness (Clause, 2003). ISO would bring an
     Url https://lib.dr.iastate.edu/rtd/15941/


     Search term "Continuous"+"FDA+Requirements"+"Traceability"
     Title Performance Improvement in a Hospital Transfusion Service: The American Association of Blood Banks' Quality Systems Approach
     Author ['DM Smith Jr', 'J Otter']
     Venue Archives of Pathology and …
     Year 1999
     Abstract or current buzzwords related to quality—continuous quality improvement, continuous improvement, total  to ensure prevention of damage, minimal deterioration, and traceability of critical  Joint Commission on the Accreditation of Healthcare Organizations, and FDA requirements
     Url https://www.archivesofpathology.org/doi/full/10.1043/0003-9985(1999)123%3C0585:PIIAHT%3E2.0.CO;2


     Search term "Continuous"+"FDA+Requirements"+"Traceability"
     Title Understanding the Benefits of Agile Software Development in Regulated Environments
     Author ['J Karrenbauer', 'M Wiesche', 'H Krcmar']
     Venue NA
     Year 2019
     Abstract that develop software for the US market must guarantee that their software complies with all FDA requirements.1 For  Requires continuous monitoring of  There are strict requirements for the reliability and traceability of the products and their development process in the medical
     Url https://aisel.aisnet.org/wi2019/track07/papers/5/

