Showing papers for search query "Continuous"+"DevOps"+"Traceability"

     Search term "Continuous"+"DevOps"+"Traceability"
     Title Tool support for traceability management of software artefacts with DevOps practices
     Author ['S Palihawadana', 'CH Wijeweera']
     Venue 2017 Moratuwa …
     Year 2017
     Abstract Hence, there is a need for a traceability management tool support with continuous integration and DevOps practices  Therefore there is a need for a tool for traceability management and continuous integration with DevOps practices
     Url https://ieeexplore.ieee.org/abstract/document/7980469/


     Search term "Continuous"+"DevOps"+"Traceability"
     Title Software artefacts consistency management towards continuous integration: A roadmap
     Author ['DA Meedeniya', 'ID Rubasinghe']
     Venue International Journal of …
     Year 2019
     Abstract the process of software development in DevOps practice. Keywords—Consistency management; traceability; continuous integration; DevOps; comparative study I. INTRODUCTION Software systems perform in a dynamic context
     Url https://www.researchgate.net/profile/Indika_Perera/publication/335172232_Software_Artefacts_Consistency_Management_towards_Continuous_Integration_A_Roadmap/links/5d54423c45851530407530c3/Software-Artefacts-Consistency-Management-towards-Continuous-Integration-A-Roadmap.pdf


     Search term "Continuous"+"DevOps"+"Traceability"
     Title Towards traceability management in continuous integration with SAT-analyzer
     Author ['ID Rubasinghe', 'DA Meedeniya', 'I Perera']
     Venue Proceedings of the 3rd …
     Year 2017
     Abstract 4. PROPOSED FRAMEWORK We propose a framework to capture traceability management in a continuous integration environment with DevOps practices and the high-level view is illustrated in Figure 2. The previous work of this research [6] [7] [8], SAT-Analyzer, is primarily
     Url https://dl.acm.org/doi/abs/10.1145/3162957.3162985


     Search term "Continuous"+"DevOps"+"Traceability"
     Title Traceability management with impact analysis in DevOps based software development
     Author ['I Rubasinghe', 'D Meedeniya']
     Venue … Conference on Advances …
     Year 2018
     Abstract Further, we propose a change impact analysis model for the continuous integration of artefact changes in a DevOps environment. Keywords—software traceability; impact analysis; DevOps; visualization; continuous integration; SAT-Analyser V.20
     Url https://ieeexplore.ieee.org/abstract/document/8554399/


     Search term "Continuous"+"DevOps"+"Traceability"
     Title Automated Inter-artefact Traceability Establishment for DevOps Practice
     Author ['I Rubasinghe', 'D Meedeniya']
     Venue 2018 IEEE/ACIS 17th …
     Year 2018
     Abstract This paper has addressed the traceability establishment between heterogeneous artefacts in DevOps based software development that encourages frequent software artefact updates with continuous integration, testing and deployment
     Url https://ieeexplore.ieee.org/abstract/document/8466414/


     Search term "Continuous"+"DevOps"+"Traceability"
     Title Devops round-trip engineering: Traceability from dev to ops and back again
     Author ['M Jiménez', 'L Castaneda', 'NM Villegas']
     Venue … Aspects of Continuous …
     Year 2018
     Abstract DevOps engineers follow an iterative and incremental process to develop Deployment and Configuration (D&C) specifications. Such a process likely involves manual bug discovery, inspection, and modifications to the running environment. Failing to update the
     Url https://link.springer.com/chapter/10.1007/978-3-030-06019-0_6


     Search term "Continuous"+"DevOps"+"Traceability"
     Title Traceability Establishment and Visualization of Software Artefacts in DevOps Practice: A Survey
     Author ['DA Meedeniya', 'ID Rubasinghe']
     Venue International Journal of …
     Year 2019
     Abstract DevOps environments. Keywords—Software traceability; visualization; comparative study; DevOps; continuous software development I. INTRODUCTION Software system is an asset that contributes to enhance products or services
     Url https://www.researchgate.net/profile/Indika_Perera/publication/335172099_Traceability_Establishment_and_Visualization_of_Software_Artefacts_in_DevOps_Practice_A_Survey/links/5d5440c7a6fdcc74dfa7c496/Traceability-Establishment-and-Visualization-of-Software-Artefacts-in-DevOps-Practice-A-Survey.pdf


     Search term "Continuous"+"DevOps"+"Traceability"
     Title DevOps in regulated software development: case medical devices
     Author ['T Laukkarinen', 'K Kuusinen']
     Venue 2017 IEEE/ACM 39th …
     Year 2017
     Abstract 1, for obstacles and benefits of using DevOps for medical device software development. We found these standards to set obstacles for continuous delivery and integration. Respectively, development tools can help fulfilling the requirements of traceability and documentation of
     Url https://ieeexplore.ieee.org/abstract/document/7966870/


     Search term "Continuous"+"DevOps"+"Traceability"
     Title Why enterprises must adopt devops to enable continuous delivery
     Author ['J Humble', 'J Molesky']
     Venue Cutter IT Journal
     Year 2011
     Abstract self-service the deployments they want • The pipeline provides complete traceability and auditing  the communication structures of these organizations.” 9 IMPROVED RISK MANAGEMENT WITH CONTINUOUS DELIVERY A common reason given for not trying devops and con
     Url http://twinkfed.homedns.org/TechDocs/itj1108.pdf#page=6


     Search term "Continuous"+"DevOps"+"Traceability"
     Title The software architect and DevOps
     Author ['L Bass']
     Venue IEEE Software
     Year 2017
     Abstract Component traceability is the re- sponsibility of the various tools in the pipeline, but  3. L. Bass, I. Weber, and Z. Liming, DevOps: A Software Architect's Perspective, Addison-Wesley  4. J. Humble and D. Farley, Continuous Delivery: Reliable Software Releases through Build, Test
     Url https://ieeexplore.ieee.org/abstract/document/8239924/


     Search term "Continuous"+"DevOps"+"Traceability"
     Title Continuous practices and devops: beyond the buzz, what does it all mean?
     Author ['D Stahl', 'T Martensson', 'J Bosch']
     Venue 2017 43rd Euromicro …
     Year 2017
     Abstract effect on related aspects of software engineering, such as configuration management, traceability, communication, testing  As a more recent development, DevOps has risen to the fore as a  found that there is a high degree of divergence in how continuous integration, specifically
     Url https://ieeexplore.ieee.org/abstract/document/8114695/


     Search term "Continuous"+"DevOps"+"Traceability"
     Title Traceability management in a devops environment with continuous integration
     Author ['ID Rubasinghe']
     Venue NA
     Year 2019
     Abstract Software artefacts traceability is an important factor during the process of software development to analyse changes occur in software components. Traceability improves the quality attributes of software systems such that strengthens the testability, maintainability
     Url http://dl.lib.mrt.ac.lk/handle/123/16052


     Search term "Continuous"+"DevOps"+"Traceability"
     Title Tool Support for Software Artefact Traceability in DevOps Practice: SAT-Analyser
     Author ['I Rubasinghe', 'D Meedeniya', 'I Perera']
     Venue Tools and Techniques for …
     Year 2020
     Abstract However, the implemented traceability tool for arbitrary artefacts lacks full automation capabilities. A continuous integration framework for traceability in DevOps named TORNADO is proposed in (Jiménez et al., 2019). They
     Url https://www.igi-global.com/chapter/tool-support-for-software-artefact-traceability-in-devops-practice/247541


     Search term "Continuous"+"DevOps"+"Traceability"
     Title Continuous integration and automation for DevOps
     Author ['A Schaefer', 'M Reichenbach', 'D Fey']
     Venue IAENG Transactions on Engineering …
     Year 2013
     Abstract In this context, continuous integration means that there are no monolithic changes to the system configuration (eg major updates  traceability, which allows admins to track down who made which changes when and why  Being software developers, we turned to DevOps practices
     Url https://link.springer.com/chapter/10.1007/978-94-007-4786-9_28


     Search term "Continuous"+"DevOps"+"Traceability"
     Title Regulated software meets DevOps
     Author ['T Laukkarinen', 'K Kuusinen', 'T Mikkonen']
     Venue Information and Software …
     Year 2018
     Abstract We argue that the value of using DevOps could be increased for the regulated software  1 presents simplified traceability requirements for software items of IEC 63204  We argue that the workflow, version history, and continuous integration tools should form connections
     Url https://www.sciencedirect.com/science/article/pii/S0950584918300144


     Search term "Continuous"+"DevOps"+"Traceability"
     Title Quality Assurance and Traceability in Containerized Continuous Delivery Process
     Author ['OA Oyelami', 'A Poth', 'J Hintsch', 'A Riel']
     Venue European Conference on Software …
     Year 2019
     Abstract The people get benefits of this technology-driven SPI to deliver an approach to be more efficient with containers and deterministic procedures based on traceability in the new DevOps mindset, which is a new culture of product delivery in an agile continuous improvement version
     Url https://link.springer.com/chapter/10.1007/978-3-030-28005-5_28


     Search term "Continuous"+"DevOps"+"Traceability"
     Title DevOps Round-Trip Engineering: Traceability from Dev to Ops and Back Again
     Author ['G Tamura', 'HA Müller']
     Venue … Aspects of Continuous …
     Year 2019
     Abstract DevOps engineers follow an iterative and incremental process to develop Deployment and Configuration (D&C) specifications. Such a process likely involves manual bug discovery, inspection, and modifications to the running environment. Failing to update the
     Url https://books.google.com/books?hl=de&lr=&id=EVmEDwAAQBAJ&oi=fnd&pg=PA73&dq=%22Continuous%22+%22DevOps%22+%22Traceability%22&ots=18tc8yseSg&sig=jw3Q1io3XWbEupboPBTEhCcqSK4


     Search term "Continuous"+"DevOps"+"Traceability"
     Title Quality Assurance and Traceability in Containerized Continuous Delivery Process
     Author ['J Hintsch', 'A Riel']
     Venue … , EuroSPI 2019, Edinburgh, UK, September 18 …
     Year 2019
     Abstract The people get benefits of this technology-driven SPI to deliver an approach to be more efficient with containers and deterministic procedures based on traceability in the new DevOps mindset, which is a new culture of product delivery in an agile continuous improvement version
     Url https://books.google.com/books?hl=de&lr=&id=v0yuDwAAQBAJ&oi=fnd&pg=PA368&dq=%22Continuous%22+%22DevOps%22+%22Traceability%22&ots=EsucPnhtE6&sig=PvxVhzeiXM9eAf3IIYolIj8Kg68


     Search term "Continuous"+"DevOps"+"Traceability"
     Title Artefact Consistency Management in DevOps Practice: A Survey
     Author ['D Meedeniya', 'I Rubasinghe', 'I Perera']
     Venue Tools and Techniques for …
     Year 2020
     Abstract The software artefacts involved in a DevOps practice must adapt to frequent changes due to continuous stakeholder feedback. Hence, it is challenging to artefact consistency throughout the software life cycle. Although artefact traceability preserves the consistency management
     Url https://www.igi-global.com/chapter/artefact-consistency-management-in-devops-practice/247540


     Search term "Continuous"+"DevOps"+"Traceability"
     Title DevOps improvements for reduced cycle times with integrated test optimizations for continuous integration
     Author ['D Marijan', 'M Liaaen', 'S Sen']
     Venue 2018 IEEE 42nd Annual …
     Year 2018
     Abstract is used to detect impacted test cases from test suites, S1, ..., S10, using traceability links between test  [6] L. Bass, I. Weber, L. Zhu, DevOps: A Software  [7] S. Elbaum, G. Rothermel, J. Penix, Techniques for Improving Regression Testing in Continuous Integration Development
     Url https://ieeexplore.ieee.org/abstract/document/8377636/


     Search term "Continuous"+"DevOps"+"Traceability"
     Title Software Engineering Aspects of Continuous Development and New Paradigms of Software Production and Deployment
     Author ['JM Bruel', 'M Mazzara', 'B Meyer']
     Venue NA
     Year 2020
     Abstract 1 Alfredo Capozucca, Nicolas Guelfi, and Benoît Ries Stepwise Adoption of Continuous Delivery in Model-Driven  60 Benjamin Benni, Philippe Collet, Guilhem Molines, Sébastien Mosser, and Anne-Marie Pinna-Déry DevOps Round-Trip Engineering: Traceability from Dev
     Url https://link.springer.com/content/pdf/10.1007/978-3-030-06019-0.pdf


     Search term "Continuous"+"DevOps"+"Traceability"
     Title Designing Software Architecture to Support Continuous Delivery and DevOps: A Systematic Literature Review.
     Author ['R Bolscher', 'M Daneva']
     Venue ICSOFT
     Year 2019
     Abstract There is another side to traceability, namely, tracing software sources throughout the integration and deployment process  Next, performance Designing Software Architecture to Support Continuous Delivery and DevOps: A Systematic Literature Review 33 Page 8
     Url https://www.scitepress.org/Papers/2019/78370/78370.pdf


     Search term "Continuous"+"DevOps"+"Traceability"
     Title A Testability and Observability Framework to Assure Traceability Requirements on System of Systems
     Author ['LM Trujillo', 'MÁO González']
     Venue Journal of Web …
     Year 2020
     Abstract IEEE. Ramesh, B., & Jarke, M. (2001). Toward reference models for requirements traceability. IEEE transactions on software engineering, 27(1), 58–93. Pohl, K. (2010)  Schaefer, A., Reichenbach, M., & Fey, D. (2013). Continuous integration and automation for DevOps
     Url https://journals.riverpublishers.com/index.php/JWE/article/view/3365


     Search term "Continuous"+"DevOps"+"Traceability"
     Title Software Artefact Traceability Analyser: A Case-Study on POS System
     Author ['ID Rubasinghe', 'DA Meedeniya', 'I Perera']
     Venue Proceedings of the 6th …
     Year 2018
     Abstract Our previous work [14], has evaluated different traceability and consistency management techniques. We have proposed an extended framework for SAT-Analyzer to be compatible with traceability management and continuous integration for DevOps environments
     Url https://dl.acm.org/doi/abs/10.1145/3193092.3193094


     Search term "Continuous"+"DevOps"+"Traceability"
     Title Continuous delivery with Jenkins: Jenkins solutions to implement continuous delivery
     Author ['V Armenise']
     Venue 2015 IEEE/ACM 3rd International Workshop on …
     Year 2015
     Abstract where this was deployed, when it was deployed and also the results of tests run against it, giving DevOps full visibility on the history of an artifact and giving them an easy way to debug a potential error (Fig.2). This further extension of traceability takes Continuous Delivery with
     Url https://ieeexplore.ieee.org/abstract/document/7169448/


     Search term "Continuous"+"DevOps"+"Traceability"
     Title DevOps is the Key for Continuous Security: RMF, ATO and Beyond
     Author ['H Yasar']
     Venue NA
     Year 2018
     Abstract Checking of process and procedures for secure coding & traceability Page 24. 24 DevOps is the key for Continuous Security: RMF, ATO and beyond © 2018 Carnegie Mellon University [DISTRIBUTION STATEMENT A] Approved for public release and unlimited distribution
     Url https://apps.dtic.mil/sti/citations/AD1083882


     Search term "Continuous"+"DevOps"+"Traceability"
     Title What We Know About Software Architecture Styles in Continuous Delivery and DevOps?
     Author ['M Daneva', 'R Bolscher']
     Venue International Conference on Software …
     Year 2019
     Abstract Traceability  Stahl and Bosch [9] focuses on the context of large network operators, many of which are transitioning to DevOps/CD (eg  These authors report on their proposal for a continuous integration and delivery architecture framework and its large-scale empirical evaluation
     Url https://link.springer.com/chapter/10.1007/978-3-030-52991-8_2


     Search term "Continuous"+"DevOps"+"Traceability"
     Title Test orchestration a framework for continuous integration and continuous deployment
     Author ['N Rathod', 'A Surve']
     Venue 2015 international conference on …
     Year 2015
     Abstract As somebody who has invested more of a chance than I want to examine wading through records and verifying references, traceability, record form and configuration yields are  This allows for greater association between continuous integration, DevOps and continues
     Url https://ieeexplore.ieee.org/abstract/document/7087120/


     Search term "Continuous"+"DevOps"+"Traceability"
     Title Versioning Strategy for DevOps Implementations
     Author ['N Paez']
     Venue 2018 Congreso Argentino de Ciencias de La …
     Year 2018
     Abstract Two of those practices are Infrastructure as Code and Continuous Delivery, which bring  Control Strategy to manage these new artifacts introduced by DevOps initiatives  the identification of artifacts, versioning tools, version naming conventions and traceability between different
     Url https://ieeexplore.ieee.org/abstract/document/8584362/


     Search term "Continuous"+"DevOps"+"Traceability"
     Title DevOps with continuous testing architecture and its metrics model
     Author ['J Angara', 'S Gutta', 'S Prasad']
     Venue Recent Findings in Intelligent Computing …
     Year 2018
     Abstract This is possible through continuous testing function of DevOps  and functionality [4]. Communication and collaboration are critical in continuous testing process  automated, availability of infrastructure, release frequency, test efficiency, requirement traceability, test optimization
     Url https://link.springer.com/chapter/10.1007/978-981-10-8633-5_28


     Search term "Continuous"+"DevOps"+"Traceability"
     Title Software DevOps Traceability: Automated Release Notes.
     Author ['JC Saiz']
     Venue NA
     Year 2019
     Abstract Software DevOps Traceability: Automated Release Notes  Our implementation is centered around GitLab's DevOps application and utilizes its built in issue tracking, code repository, continuous delivery pipeline, application programming interface, and wiki documents modules
     Url https://www.osti.gov/servlets/purl/1640011


     Search term "Continuous"+"DevOps"+"Traceability"
     Title DevOps for information management systems
     Author ['AQ Gill', 'A Loumish', 'I Riyat', 'S Han']
     Venue VINE Journal of Information and …
     Year 2018
     Abstract Table I. Search terms. Search Category, Keywords. DevOps adoption, DevOps practices, DevOps acceptance, DevOps architecture principles, DevOps adoption framework, DevOps implementation, continuous delivery, DevOps dimensions
     Url https://www.emerald.com/insight/content/doi/10.1108/VJIKMS-02-2017-0007/full/html


     Search term "Continuous"+"DevOps"+"Traceability"
     Title Continuous delivery for enterprise architecture maintenance
     Author ['P Hansen', 'S Hacks']
     Venue Full-scale Software Engineering/The Art of …
     Year 2017
     Abstract 3.1 Automation Without automation, continuous delivery would not be possible: Build, testing and deployment tasks have to be repeated  When putting application develop- ment and system operations together, this is usually called DevOps [3]. 3.2 Traceability When building a
     Url https://www2.swc.rwth-aachen.de/docs/teaching/seminar2017/FsSE%20AoST%202017.pdf#page=60


     Search term "Continuous"+"DevOps"+"Traceability"
     Title Continuous deployment at Facebook and OANDA
     Author ['T Savor', 'M Douglas', 'M Gentili']
     Venue 2016 IEEE/ACM 38th …
     Year 2016
     Abstract DevOps is a movement that emerged from combining roles and tools from both the development and  Code reviews are prevalent in continuous deployment processes  Release engineering ensures traceability of changes, reproducibility of build, configuration and re- lease while
     Url https://ieeexplore.ieee.org/abstract/document/7883285/


     Search term "Continuous"+"DevOps"+"Traceability"
     Title Microservices architecture enables devops: Migration to a cloud-native architecture
     Author ['A Balalaie', 'A Heydarnoori', 'P Jamshidi']
     Venue Ieee Software
     Year 2016
     Abstract The details of our patterns can be found in [4]. However, for traceability purposes, a mapping between the  Table 1: Patterns and Sections map Identity Pattern Name Section DevOps Impact MP1 Enable the Continuous Integration 3.1.1 CI is the first step towards CD which is a
     Url https://ieeexplore.ieee.org/abstract/document/7436659/


     Search term "Continuous"+"DevOps"+"Traceability"
     Title Continuous delivery: reliable software releases through build, test, and deployment automation
     Author ['J Humble', 'D Farley']
     Venue NA
     Year 2010
     Abstract Enforcing Traceability Working in Silos Change Management Summary Bibliography Index  foundation for the approach, at least for the development team, is Continuous Integration (CI)  bringing these teams together—a harbinger of the nascent but growing DevOps movement
     Url https://books.google.com/books?hl=de&lr=&id=6ADDuzere-YC&oi=fnd&pg=PT30&dq=%22Continuous%22+%22DevOps%22+%22Traceability%22&ots=-wosNQNcp8&sig=OOVKHsykCPK4TxmMSpzIbXrztlw


     Search term "Continuous"+"DevOps"+"Traceability"
     Title An architectural framework for quality-driven adaptive continuous experimentation
     Author ['M Jiménez', 'LF Rivera', 'NM Villegas']
     Venue … Rapid Continuous …
     Year 2019
     Abstract D. Farley, Continuous delivery: reliable software releases through build, test, and deployment automation. Pearson Education, 2010. [9] M. Jiménez, L. Castaneda, NM Villegas, G. Tamura, HA Müller, and J. Wigglesworth, “Devops round-trip engineering: Traceability from dev to
     Url https://ieeexplore.ieee.org/abstract/document/8818213/


     Search term "Continuous"+"DevOps"+"Traceability"
     Title First international workshop on emerging trends in devops and infrastructure
     Author ['R Rana', 'M Staron']
     Venue Proceedings of the Scientific Workshop Proceedings …
     Year 2016
     Abstract introduced their method for building decision support system based on rich historical traceability data  The research presented and discussions also ranged from what is DevOps, how it could be defined to detailed technical concepts to improve continuous experimentation and
     Url https://dl.acm.org/doi/abs/10.1145/2962695.2962706


     Search term "Continuous"+"DevOps"+"Traceability"
     Title Beyond continuous delivery: an empirical investigation of continuous deployment challenges
     Author ['M Shahin', 'MA Babar', 'M Zahedi']
     Venue 2017 ACM/IEEE …
     Year 2017
     Abstract Keywords— continuous delivery; continuous deployment; DevOps; empirical study I. INTRODUCTION “We do continuous delivery even to on-premise environments. Using continuous delivery, we would not be pushing out every day
     Url https://ieeexplore.ieee.org/abstract/document/8170091/


     Search term "Continuous"+"DevOps"+"Traceability"
     Title Facilitating the Management of Agile and Devops Activities: Implementation of a Data Consolidator
     Author ['GAK Doukoure', 'E Mnkandla']
     Venue … in Big Data, Computing and Data …
     Year 2018
     Abstract system would have to integrate to were identified: A Source Control Management System, the current Project Management system in use at GZCS, and a Continuous Integration and  “Tool support for traceability management of software artefacts with DevOps practices,” Proc
     Url https://ieeexplore.ieee.org/abstract/document/8465451/


     Search term "Continuous"+"DevOps"+"Traceability"
     Title Orchestrating automation and sharing in DevOps teams: a revelatory case of job satisfaction factors, risk and work conditions
     Author ['A Hemon-Hildgen', 'F Rowe']
     Venue European Journal of …
     Year 2020
     Abstract of creativity and speed, whereas the operations function pursues values of quality, stability and traceability  The delivery is intermittent, sometimes sequential, and not continuous. DevOps allows product updates, and the ability to add new features within hours, sometimes
     Url https://www.tandfonline.com/doi/abs/10.1080/0960085X.2020.1782276


     Search term "Continuous"+"DevOps"+"Traceability"
     Title RMDevOps: A Road Map for Improvement in DevOps Activities in Context of Software Organizations
     Author ['S Rafi', 'W Yu', 'MA Akbar']
     Venue … of the Evaluation and Assessment in Software …
     Year 2020
     Abstract SF 11 (Requirement traceability to avoid risks) is reported with high frequency by MOs as while adopting DevOps experts have concerns about, how to track data and resources in the continuous deployment environment. Therefore
     Url https://dl.acm.org/doi/abs/10.1145/3383219.3383278


     Search term "Continuous"+"DevOps"+"Traceability"
     Title DevOps: finding room for security
     Author ['S Mansfield-Devine']
     Venue Network Security
     Year 2018
     Abstract Usually when we build a threat model we have something called a traceability matrix where  tell them that all three of you need to come together and then have a continuous communication about  The security team needs to talk to the DevOps team and ask: 'How are we going to
     Url https://www.sciencedirect.com/science/article/pii/S1353485818300709


     Search term "Continuous"+"DevOps"+"Traceability"
     Title The factors driving testing in devops setting-a systematic literature survey
     Author ['J Angara', 'S Prasad', 'G Sridevi']
     Venue Indian Journal …
     Year 2017
     Abstract While com- panies adopt continuous delivery and DevOps, they may encounter problems fast like deployment issues  DevOps process has to be metric driven  test automation percentage, tester effi- ciency, collaboration/handshake index, defect density, traceability percentage, etc
     Url https://sciresol.s3.us-east-2.amazonaws.com/IJST/Articles/2016/Issue-48/Article45.pdf


     Search term "Continuous"+"DevOps"+"Traceability"
     Title Adopting continuous delivery and deployment: Impacts on team structures, collaboration and responsibilities
     Author ['M Shahin', 'M Zahedi', 'MA Babar', 'L Zhu']
     Venue Proceedings of the 21st …
     Year 2017
     Abstract Furthermore, the CDP should support traceability, in which enables a wide range of stakeholders to understand  So my colleagues, Squad was responsible for DevOps platform layer  As one interviewee explained that: “Once we have set up continuous integration, they would call
     Url https://dl.acm.org/doi/abs/10.1145/3084226.3084263


     Search term "Continuous"+"DevOps"+"Traceability"
     Title Modeling continuous security: A conceptual model for automated DevSecOps using open-source software over cloud (ADOC)
     Author ['R Kumar', 'R Goyal']
     Venue Computers & Security
     Year 2020
     Abstract DevOps workflow. Fig. 1 depicts DevSecOps as DevOps with continuous security assurance wherein security controls can be embedded across DevOps workflow (Bird, 2016, Crouch, Gill, Sharma, 2017, Weeks, 2019, Wikipedia)
     Url https://www.sciencedirect.com/science/article/pii/S0167404820302406


     Search term "Continuous"+"DevOps"+"Traceability"
     Title Software specification and documentation in continuous software development: a focus group report
     Author ['U Van Heesch', 'T Theunissen', 'O Zimmermann']
     Venue Proceedings of the …
     Year 2017
     Abstract The process sketched above shows how development activities are closely accompanied and sup- ported by the tool chain. As a side effect, the tool chain provides traceability between requirements  In particular, research on DevOps and continuous delivery in relation to
     Url https://dl.acm.org/doi/abs/10.1145/3147704.3147742


     Search term "Continuous"+"DevOps"+"Traceability"
     Title A declarative approach for performance tests execution in continuous software development environments
     Author ['V Ferme', 'C Pautasso']
     Venue Proceedings of the 2018 ACM/SPEC International …
     Year 2018
     Abstract Page 1. A Declarative Approach for Performance Tests Execution in Continuous Software Development Environments  ABSTRACT Software performance testing is an important activity to ensure quality in continuous software development environ- ments
     Url https://dl.acm.org/doi/abs/10.1145/3184407.3184417


     Search term "Continuous"+"DevOps"+"Traceability"
     Title Closing the IT development-operations gap: The devops knowledge sharing framework.
     Author ['PA Nielsen', 'TJ Winkler', 'J Nørbjerg']
     Venue BIR Workshops
     Year 2017
     Abstract In case of errors, continuous deployment also makes it easier to locate the cause and  system testing, staging and production is also an important element of DevOps [11  The automation enables backwards traceability to source code with information about the machine on which
     Url https://research-api.cbs.dk/ws/files/57323384/till_j_winkler_et_al_closing_the_it_development_operations_gap_acceptedversion.pdf


     Search term "Continuous"+"DevOps"+"Traceability"
     Title Continuous Delivery with Docker and Jenkins
     Author ['R Leszko']
     Venue NA
     Year 2017
     Abstract Practice 6 – don't underestimate the impact of people Practice 7 – build in traceability  The chapter also includes best practices for the Continuous Delivery process  Who this book is for This book is for developers and DevOps who would like to improve their delivery process
     Url https://books.google.com/books?hl=de&lr=&id=RpZGDwAAQBAJ&oi=fnd&pg=PP1&dq=%22Continuous%22+%22DevOps%22+%22Traceability%22&ots=KNbeOIgbcX&sig=rCC8pxFNxN6u774wgIctUYPBlWg

