Showing papers for search query "DevOps"+"Embedded+Devices"+"Software+Product+Lines"

     Search term "DevOps"+"Embedded+Devices"+"Software+Product+Lines"
     Title Feature models for big data applications: Modeling big data applications by applying feature models
     Author ['I Zozas', 'S Bibi', 'D Katsaros', 'P Bozanis']
     Venue 2017 8th International …
     Year 2017
     Abstract Feature Models are considered as a strategic concept for Software Product Lines in order to  The data sources group alternative supports hardware (sensors, embedded devices, actuators) or  Proceedings of the 2Nd International Workshop on Quality-Aware DevOps', ACM, New
     Url https://ieeexplore.ieee.org/abstract/document/8316394/


     Search term "DevOps"+"Embedded+Devices"+"Software+Product+Lines"
     Title Omni-script: Device independent user interface development for omni-channel fintech applications
     Author ['S Ulusoy', 'A Batıoğlu', 'T Ovatman']
     Venue Computer Standards & Interfaces
     Year 2019
     Abstract JavaScript is disabled on your browser. Please enable JavaScript to use all the features on this page. Skip to main content Skip to article
     Url https://www.sciencedirect.com/science/article/pii/S0920548918302332


     Search term "DevOps"+"Embedded+Devices"+"Software+Product+Lines"
     Title ASCIENTIAE RERUM
     Author ['T Karvonen']
     Venue NA
     Year NA
     Abstract Page 1. UNIVERSITATIS OULUENSIS ACTA ASCIENTIAE RERUM NATURALIUM UNIVERSITATIS OULUENSIS ACTA ASCIENTIAE RERUM NATURALIUM OULU 2017 A 695 Teemu Karvonen CONTINUOUS SOFTWARE ENGINEERING IN THE DEVELOPMENT OF
     Url https://www.researchgate.net/profile/Teemu_Karvonen/publication/320585567_Continuous_software_engineering_in_the_development_of_software-intensive_products_towards_a_reference_model_for_continuous_software_engineering/links/59f7203aa6fdcc075ec62dc4/Continuous-software-engineering-in-the-development-of-software-intensive-products-towards-a-reference-model-for-continuous-software-engineering.pdf


     Search term "DevOps"+"Embedded+Devices"+"Software+Product+Lines"
     Title A proposal for a model-based approach for adapting software configuration to runtime environments
     Author ['AN Baltasar']
     Venue NA
     Year 2016
     Abstract The DevOps philosophy and specifically the methodologies derived from it such as Continuous Delivery and Continuous Deployment push for a totally automated management of the application lifecycle, from the source code to the software running in production environment
     Url https://core.ac.uk/download/pdf/33178669.pdf


     Search term "DevOps"+"Embedded+Devices"+"Software+Product+Lines"
     Title Continuous architecture in a large distributed agile organization: A case study at Ericsson
     Author ['M Standar']
     Venue NA
     Year 2017
     Abstract Page 1. Bachelor Thesis Project Continuous architecture in a large distributed agile organization - a case study at Ericsson Author: Magnus Standar Supervisor: Johan Hagelbäck Semester: VT 2017 Subject: Computer Science Page 2. 2 Abstract
     Url https://www.diva-portal.org/smash/record.jsf?pid=diva2:1107050


     Search term "DevOps"+"Embedded+Devices"+"Software+Product+Lines"
     Title Requirements and conceptual design of techniques and methods for
     Author ['H Ahmed', 'N Ferry', 'S Gupta']
     Venue NA
     Year 2018
     Abstract of online learning becomes a particular concern in the presence of continuous evolution and deployment (a key characteristic of DevOps), as the  only impose a small resource overhead such that it can be executed also in resource-constrained (IoT / embedded) devices R5 Fast
     Url https://enact-project.eu/deliverables/D3.1_agile_operation.pdf

