Showing papers for search query "Embedded+Devices"+"Hardware+simulation"+"Traceability"

     Search term "Embedded+Devices"+"Hardware+simulation"+"Traceability"
     Title Semiconductor development in Ireland: reducing'development stress' caused by digital hardware and embedded software team interaction
     Author ['IJ Griffin']
     Venue NA
     Year 2010
     Abstract Fab Silicon wafer fabrication facility Hardware Simulation Modelling of the hardware at different levels of abstraction (functional, gate level, etc.) for the purposes of hardware verification  160 7.5.1 Automate FPGA Design Traceability through Version Tracking
     Url http://193.1.102.107/handle/10344/386


     Search term "Embedded+Devices"+"Hardware+simulation"+"Traceability"
     Title Simulators and emulators for WSNs
     Author ['HMA Fahmy']
     Venue Wireless sensor networks
     Year 2016
     Abstract In this chapter an in depth study of simulators and emulators has been presented, with care accorded to their features, implementation and use. Since emulators are hardware dependent, selecting one...
     Url https://link.springer.com/chapter/10.1007/978-981-10-0412-4_6


     Search term "Embedded+Devices"+"Hardware+simulation"+"Traceability"
     Title Test Technology for Launcher Electrical Systems
     Author ['Z Song']
     Venue The Test and Launch Control Technology for Launch …
     Year 2018
     Abstract Testing and checking continue for the whole launcher life cycle, and it is difficult to introduce all issues related to testing. Test content is very complicated and involves many aspects. Many test...
     Url https://link.springer.com/chapter/10.1007/978-981-10-8712-7_2


     Search term "Embedded+Devices"+"Hardware+simulation"+"Traceability"
     Title Better Software. Faster!: Best Practices in Virtual Prototyping
     Author ['T De Schutter']
     Venue NA
     Year 2014
     Abstract ISO 26262. This dynamic, in turn, is placing much greater pressure on system integrators to mandate augmented lifecycle management practices and to require higher levels of traceability for compliance documentation. Virtual
     Url https://books.google.com/books?hl=en&lr=lang_en&id=0VHKAwAAQBAJ&oi=fnd&pg=PP1&dq=%22Embedded+Devices%22+%22Hardware+simulation%22+%22Traceability%22&ots=cw6Uv8Lsj-&sig=UQcs9drFcYZmto4TpyUYo6y_CQY


     Search term "Embedded+Devices"+"Hardware+simulation"+"Traceability"
     Title Computing Systems: Research Challenges Ahead: The HiPEAC Vision 2011/2012
     Author ['M Duranton', 'D Black-Schaffer', 'S Yehia']
     Venue NA
     Year 2011
     Abstract As a result, backend processing is moving from fixed-purpose servers to general-purpose, commodity, cloud systems, and user interaction is shifting from the desktop to the embedded devices, such as smartphones and tablets
     Url https://www.diva-portal.org/smash/record.jsf?pid=diva2:548319


     Search term "Embedded+Devices"+"Hardware+simulation"+"Traceability"
     Title The Test and Launch Control Technology for Launch Vehicles
     Author ['Z Song']
     Venue NA
     Year 2018
     Abstract Page 1. The Test and Launch Control Technology for Launch Vehicles Zhengyu Song Page 2. The Test and Launch Control Technology for Launch Vehicles Page 3. Zhengyu Song The Test and Launch Control Technology for Launch Vehicles 123 Page 4
     Url https://link.springer.com/content/pdf/10.1007/978-981-10-8712-7.pdf


     Search term "Embedded+Devices"+"Hardware+simulation"+"Traceability"
     Title Application of New Automation Software Design and Integration Technologies in Teaching
     Author ['P Alho']
     Venue NA
     Year 2009
     Abstract technologies target a fairly wide range of different kinds of automation software engineering, from small embedded devices to programmable  Automation Profile and AUKOTON tool chain can unify concepts and engineering process and help maintain traceability of requirements
     Url https://trepo.tuni.fi/handle/123456789/6086

