Showing papers for search query "FDA+Requirements"+"Best+practice"+OR+"General+guidelines"

     Search term "FDA+Requirements"+"Best+practice"+OR+"General+guidelines"
     Title A compliance office for heavily regulated enterprises—a best practice approach to meeting US FDA requirements
     Author ['JK Himmelreich']
     Venue BT technology journal
     Year 2007
     Abstract In order to thrive in today's world of connectivity, convergence of services, and globalisation, heavily regulated companies must partner with their service providers to ensure both high quality service and regulatory compliance. Service providers must support clients from an
     Url https://link.springer.com/content/pdf/10.1007/s10550-007-0007-7.pdf


     Search term "FDA+Requirements"+"Best+practice"+OR+"General+guidelines"
     Title Quality management benchmarking: FDA compliance in pharmaceutical industry
     Author ['R Jochem', 'K Landgraf']
     Venue International journal of health care quality …
     Year 2010
     Abstract Best practice solutions were identified in two companies using a benchmarking method and five‐stage model  Enterprises wanting to enter the US market not complying with FDA requirements can learn from other US companies by benchmarking – the search for solutions based
     Url https://www.emerald.com/insight/content/doi/10.1108/09526861011081813/full/html


     Search term "FDA+Requirements"+"Best+practice"+OR+"General+guidelines"
     Title Analysis of “Capillary and Venous Blood Glucose Accuracy in Blood Glucose Meters Versus Reference Standards: The Impact of Study Design on Accuracy …
     Author ['GH Thorpe']
     Venue Journal of diabetes science and technology
     Year 2019
     Abstract The article by Macleod and coauthors outlines an accuracy study of two blood glucose monitoring systems (BGMSs) against glucose-oxidase- and hexokinase-based assays showing how the reference/compar...
     Url https://journals.sagepub.com/doi/abs/10.1177/1932296818799365


     Search term "FDA+Requirements"+"Best+practice"+OR+"General+guidelines"
     Title Thyro-Tabs® Canine
     Author ['PTOAH STANDARD']
     Venue NA
     Year NA
     Abstract a “Best Practice” statement on all 1,000-count bottles of Thyro-Tabs Canine recommending that as “Best Practice: use within 6  The new USP/FDA requirements challenged manufacturers to invest in finding solutions—for consistent dose potency and more reliable therapeutic
     Url http://www.lloydinc.com/media/filer_private/2014/07/11/levothyroxine_and_the_new_usp_standard_071114_alt.pdf


     Search term "FDA+Requirements"+"Best+practice"+OR+"General+guidelines"
     Title Regulatory, safety, and privacy concerns of home monitoring technologies during COVID-19
     Author ['S Gerke', 'C Shachar', 'PR Chai', 'IG Cohen']
     Venue Nature medicine
     Year 2020
     Abstract There has been increasing interest in the use of home monitoring technologies during the COVID-19 pandemic to decrease interpersonal contacts and the resultant risks of exposure for people to the coronavirus SARS-CoV-2. This Perspective explores how the accelerated
     Url https://www.nature.com/articles/s41591-020-0994-1


     Search term "FDA+Requirements"+"Best+practice"+OR+"General+guidelines"
     Title Achieving quality reproducible results and maintaining compliance in molecular diagnostic testing of human papillomavirus
     Author ['JM Seabrook', 'RA Hubbard']
     Venue Archives of pathology & …
     Year 2003
     Abstract In general, guidelines set forth in the CAP Laboratory Accreditation Program checklists specify that all clinical laboratory testing must  Changes in Food and Drug Administration (FDA) requirements establishing the analyte-specific reagent ruling1 have allowed the individual
     Url https://www.archivesofpathology.org/doi/abs/10.1043/1543-2165(2003)127%3C978:AQRRAM%3E2.0.CO;2


     Search term "FDA+Requirements"+"Best+practice"+OR+"General+guidelines"
     Title Surgical prep
     Author ['N Fortin']
     Venue AORN journal
     Year 2006
     Abstract [Not Found]
     Url https://aornjournal.onlinelibrary.wiley.com/doi/abs/10.1016/S0001-2092(06)63958-6


     Search term "FDA+Requirements"+"Best+practice"+OR+"General+guidelines"
     Title The high cost of product recall
     Author ['C Gunther']
     Venue online] http://www. vigilistics. com/pdf/The% 20Cost …
     Year 2010
     Abstract The traceability and regulatory records are free to evolve with best practice and reg- ulatory changes, because there is a forward  will be highly repeatable across the enterprise, enabling a fundamentally simpler validation approach to the emerging FDA requirements, and to
     Url http://www.vigilistics.com/assets/doc/whitepapers/WP_HighCostofRecall.pdf


     Search term "FDA+Requirements"+"Best+practice"+OR+"General+guidelines"
     Title Regulation and Device Development: Tips for Optimizing Your Experience With the Food and Drug Administration
     Author ['SS Brooks']
     Venue Techniques in Vascular and Interventional Radiology
     Year 2017
     Abstract This collaborative approach can be best practice to most expeditiously develop the next generation of products, getting them into the hands of US  Approximately 10%-15% of 510(k)s require clinical data, but trends have been toward increasing FDA requirements for clinical data
     Url https://www.sciencedirect.com/science/article/pii/S1089251617300124


     Search term "FDA+Requirements"+"Best+practice"+OR+"General+guidelines"
     Title Issues Surrounding Age-Adjusted d-Dimer Cutoffs That Practicing Physicians Need to Know When Evaluating Patients With Suspected Pulmonary Embolism
     Author ['AJ Goodwin', 'RA Higgins', 'KA Moser', 'KJ Smock']
     Venue NA
     Year 2017
     Abstract a substantial number of laboratories are reporting the incorrect d-dimer units (6). As currently written, the ACP best-practice advice does  The CLSI (guideline H59-A) and FDA requirements provide a detailed discussion of the performance characteristics that must be considered
     Url https://www.acpjournals.org/doi/abs/10.7326/m16-2030


     Search term "FDA+Requirements"+"Best+practice"+OR+"General+guidelines"
     Title Perspectives of Oncology Nursing and Investigational Pharmacy in Oncology Research
     Author ['L Black', 'D Kulkarni']
     Venue Seminars in Oncology Nursing
     Year 2020
     Abstract components involved in setting up a pharmacy, but also looking at US Food and Drug Administration (FDA) requirements 1 and  2 Elements of regulatory requirements, recommended guidance, and best practice elements are described within this article, with implications for the
     Url https://www.sciencedirect.com/science/article/pii/S074920812030019X


     Search term "FDA+Requirements"+"Best+practice"+OR+"General+guidelines"
     Title Quality management and regulation
     Author ['J Prichard']
     Venue Handbook of Practical Immunohistochemistry
     Year 2011
     Abstract What is the difference in FDA requirements for manufacturers of an ASR versus an RUO reagent  So the best practice is to attempt to standardize the type and time of fixation used for tissues in your laboratory to optimize your antigen retrieval protocols to these fixation conditions
     Url https://link.springer.com/chapter/10.1007/978-1-4419-8062-5_1


     Search term "FDA+Requirements"+"Best+practice"+OR+"General+guidelines"
     Title Guidelines for nonclinical toxicology studies for chemical warfare agent (CWA) antidotes and pretreatments
     Author ['PC Hoyle']
     Venue Regulatory Toxicology and Pharmacology
     Year 1988
     Abstract An article published in FDA Papers in 1968 by FDA's EI Goldenthal serves as the basis for FDA requirements for nonclinical safety studies (Goldenthal  371 TABLE 1 GENERAL GUIDELINES FOR NONCLINICAL TOXICOLOGY STUDIES FOR ORAL AND PARENTERAL DRUGS
     Url https://www.sciencedirect.com/science/article/pii/0273230088900232


     Search term "FDA+Requirements"+"Best+practice"+OR+"General+guidelines"
     Title Scientific evidence on functional food and its commercial communication: A review of legislation in Europe and the USA
     Author ['C González‐Díaz', 'D Gil‐González']
     Venue Journal of food …
     Year 2018
     Abstract These agencies provide general guidelines on how to conduct food and health studies, intended to demonstrate a cause‐and‐effect  Based on a review of selected literature, this paper reports findings relating to EFSA and FDA requirements concerning the necessary evidence
     Url https://onlinelibrary.wiley.com/doi/abs/10.1111/1750-3841.14359


     Search term "FDA+Requirements"+"Best+practice"+OR+"General+guidelines"
     Title Developing and Monitoring a Standard of Care Chimeric Antigen Receptor (CAR) T Cell Clinical Quality and Regulatory Program
     Author ['S Dulan', 'K Viers', 'JR Wagner', 'MC Clark']
     Venue Biology of Blood and …
     Year 2020
     Abstract professional is to analyze and align the institutional standards with FDA requirements and to incorporate any requirements in the center's program QMP. The QMP serves as a guideline to organize and outline a transparent quality program as per best practice and accreditation
     Url https://www.sciencedirect.com/science/article/pii/S1083879120302032


     Search term "FDA+Requirements"+"Best+practice"+OR+"General+guidelines"
     Title Nonsmokers' responses to new warning labels on smokeless tobacco and electronic cigarettes: an experimental study
     Author ['L Popova', 'PM Ling']
     Venue BMC public health
     Year 2014
     Abstract Graphic warning labels are a tobacco control best practice that is mandated in the US for cigarettes under the 2009 Family Smoking  regulation (and their compliance with it) as a marketing strategy and promote new tobacco products as meeting the FDA requirements or being
     Url https://link.springer.com/article/10.1186/1471-2458-14-997


     Search term "FDA+Requirements"+"Best+practice"+OR+"General+guidelines"
     Title WORKSHOP ON STANDARDIZA TION NEEDS IN BIOTECHNOLOGY Gaithersburg, MD
     Author ['KD Cole', 'LJ Powell']
     Venue Journal of Research of the National Institute of …
     Year 1994
     Abstract D. For plasmids, guidelines for data interpreta- tion for restriction enzyme mapping of the DNA and determination of copy number to help meet FDA requirements were recom- mended. E. General guidelines are needed for the identi- fication of fungi used as expression systems
     Url https://nvlpubs.nist.gov/nistpubs/jres/099/jresv99n1p93_A1b.pdf


     Search term "FDA+Requirements"+"Best+practice"+OR+"General+guidelines"
     Title Immunohistochemistry Quality Management and Regulation
     Author ['J Prichard']
     Venue Handbook of Practical Immunohistochemistry
     Year 2015
     Abstract What is the difference in FDA requirements for manufacturers of an ASR versus an RUO reagent  So the best practice is to attempt to standardize the type and time of fixation used for tissues in your laboratory in order to optimize your antigen retrieval protocols to these fixation
     Url https://link.springer.com/chapter/10.1007/978-1-4939-1578-1_1


     Search term "FDA+Requirements"+"Best+practice"+OR+"General+guidelines"
     Title Best practices for core facilities: handling external customers
     Author ['P Hockberger', 'S Meyn', 'C Nicklin']
     Venue Journal of …
     Year 2013
     Abstract Best Practice 5  In such cases, institutional review board (IRB) and US Food and Drug Administration (FDA) requirements must be considered and may even be a rationale for excluding external use of your core. Best Practice 6
     Url https://www.ncbi.nlm.nih.gov/pmc/articles/PMC3605920/


     Search term "FDA+Requirements"+"Best+practice"+OR+"General+guidelines"
     Title Best practices in mitigating the risk of biotin interference with laboratory testing
     Author ['R Bowen', 'R Benavides', 'JM Colón-Franco']
     Venue Clinical …
     Year 2019
     Abstract Best practice recommendations are also provided for suspected cases of biotin interference  However, unlike drug products, manufacturers of dietary supplements are only responsible for ensuring that the safety and labeling of their products meet FDA requirements; but the
     Url https://www.sciencedirect.com/science/article/pii/S0009912019307763


     Search term "FDA+Requirements"+"Best+practice"+OR+"General+guidelines"
     Title Assessing and addressing threats and risks to cybersecurity
     Author ['DC Peterson', 'A Adams', 'S Sanders']
     Venue Frontiers of health …
     Year 2018
     Abstract You may be trying to access this site from a secured browser on the server. Please enable scripts and reload this page
     Url https://journals.lww.com/frontiersonline/Fulltext/2018/09000/Assessing_and_Addressing_Threats_and_Risks_to.4.aspx


     Search term "FDA+Requirements"+"Best+practice"+OR+"General+guidelines"
     Title Implementation and management of a laser program
     Author ['F Gray', 'H Mittelman']
     Venue Evaluation and installation of surgical laser systems
     Year 1987
     Abstract This chapter is intended to provide general guidelines, suggestions, and re- source information for consideration in evaluating  and other personnel involved with such investigational device exemptions (IDE) should be knowledgeable regarding FDA requirements, protocols, and
     Url https://link.springer.com/chapter/10.1007/978-1-4612-4648-0_4


     Search term "FDA+Requirements"+"Best+practice"+OR+"General+guidelines"
     Title Third-party repackaging in hospital pharmacy unit dose acquisition
     Author ['RD Meller', 'JA Pazour', 'LM Thomas']
     Venue American Journal of …
     Year 2010
     Abstract As a result, administering medications in unit dose packaging is not only considered a best practice but is near universal in its application, with millions of unit dose medications dispensed in hospitals and health systems daily.2
     Url https://academic.oup.com/ajhp/article-abstract/67/13/1108/5130811


     Search term "FDA+Requirements"+"Best+practice"+OR+"General+guidelines"
     Title 23 Worldwide Good Manufacturing Practices
     Author ['JD Nally']
     Venue Good Manufacturing Practices for Pharmaceuticals
     Year 2016
     Abstract (b) Association of South-East Asia Nations (ASEAN)—GMP: general guidelines—Brunei Darussalaam, Cambodia, Indonesia, Lao PDR, Malaysia, Myanmar, Philippines, Singa- pore, Thailand, and Vietnam  This is in line with the electronic signature FDA requirements
     Url https://books.google.com/books?hl=en&lr=&id=3R5RDCTt9MoC&oi=fnd&pg=PA335&dq=%22FDA+Requirements%22+%22Best+practice%22+OR+%22General+guidelines%22&ots=uC-V9SXRfJ&sig=j8VflT7vrsbI4I-3n-0rjaRCro0


     Search term "FDA+Requirements"+"Best+practice"+OR+"General+guidelines"
     Title Using ISO 15489 as an audit tool: ISO 15489, the first international standard devoted to records management, provides a comprehensive and practical basis for …
     Author ['M Crockett', 'J Foster']
     Venue Information Management Journal
     Year 2004
     Abstract obligations and standards of practice pertaining to the industry/sector, as well as national/international law, best practice, codes of  Therefore, only a detailed analysis of the FDA requirements would be required, augmented by attention to the EU archiving requirements to
     Url https://go.gale.com/ps/i.do?id=GALE%7CA119570071&sid=googleScholar&v=2.1&it=r&linkaccess=abs&issn=15352897&p=AONE&sw=w


     Search term "FDA+Requirements"+"Best+practice"+OR+"General+guidelines"
     Title Topic See All
     Author ['A Myers', 'C CGRN']
     Venue NA
     Year NA
     Abstract the week to validate the patient and donor lab work was completed and that the investigational consent was developed to meet the FDA requirements  I met with the lab several times, presenting evidence that best practice is that the specimen should be mixed in the hood within
     Url https://www.infectioncontroltoday.com/view/fecal-microbiota-transplants-overcoming-barriers-implementation


     Search term "FDA+Requirements"+"Best+practice"+OR+"General+guidelines"
     Title Recommendations for evaluation, validation and implementation of new techniques for blood grouping, antibody screening and cross‐matching
     Author ['M Scott', 'D Brazier', 'R Knight', 'C Milkins']
     Venue Transfusion …
     Year 1995
     Abstract requirements. FDA-licensed manufacturers, however, do not need to meet FDA requirements for US manufactured products sold outside the USA. In  work. 2. GENERAL GUIDELINES ON EVALUATION PROCEDURES 2.1. Where
     Url https://onlinelibrary.wiley.com/doi/abs/10.1111/j.1365-3148.1995.tb00203.x


     Search term "FDA+Requirements"+"Best+practice"+OR+"General+guidelines"
     Title Will comparative effectiveness research finally succeed?
     Author ['EA Blackstone', 'JP FUHR JR']
     Venue Biotechnology …
     Year 2012
     Abstract Personalized medicine. What may be best practice for pediatric patients may not be best for the elderly  Moreover, new FDA requirements for evaluating cardiovascular risk for such drugs are already adding to the size of clinical trials
     Url https://www.ncbi.nlm.nih.gov/pmc/articles/PMC3474453/


     Search term "FDA+Requirements"+"Best+practice"+OR+"General+guidelines"
     Title Approaches to Health-Literate Medication Instructions
     Author ['National Academies of Sciences ']
     Venue … : Proceedings of a …
     Year 2017
     Abstract technical advisor on human factors and retired director of human factors at AbbVie Inc., addressed the use of best practice human-centered  She believes that while some of that work aims to meet FDA requirements, companies are intentional about designing a product that can
     Url https://www.ncbi.nlm.nih.gov/books/NBK453365/


     Search term "FDA+Requirements"+"Best+practice"+OR+"General+guidelines"
     Title Practical Process Validation
     Author ['MA Durivage']
     Venue NA
     Year 2016
     Abstract 2.2 FAILING TO COMPLY WITH FDA REQUIREMENTS For establishments that fail to comply with the QSR's requirements for process validation (§820.75), the penalties could be as benign as a form 483 observation or  A best practice is to use a Gantt chart in the response
     Url https://books.google.com/books?hl=en&lr=&id=90-3DAAAQBAJ&oi=fnd&pg=PT5&dq=%22FDA+Requirements%22+%22Best+practice%22+OR+%22General+guidelines%22&ots=LY2lTul4hO&sig=g51NbYLiiHRoRd86JT25H2u4o4w


     Search term "FDA+Requirements"+"Best+practice"+OR+"General+guidelines"
     Title Risk-based environmental control and process monitoring in aseptic processing.
     Author ['JL Drinkwater', 'M Van Laere']
     Venue European Journal of …
     Year 2015
     Abstract Cleanroom background environment to isolator barrier: Grade C for 'open processing' of pharmaceutical products – best practice cGMP  particle sizes in Europe of 0.5 Pm and 5.0 Pm, and only 0.5 Pm for USA Food and Drug Administration (FDA) requirements together with
     Url http://search.ebscohost.com/login.aspx?direct=true&profile=ehost&scope=site&authtype=crawler&jrnl=17406277&AN=113756616&h=SrFD3RlSye33nfDEgwW06pHfF256C%2FXy30MWCS8gkTiUnf1lCyx9yPKUzkI%2BU4vfycvxn3ofLxfgDxHUDb0lKg%3D%3D&crl=c


     Search term "FDA+Requirements"+"Best+practice"+OR+"General+guidelines"
     Title Quantitative Risk Management for In Vitro Diagnostic Products
     Author ['DJ Eyre']
     Venue Journal of Clinical Engineering
     Year 2016
     Abstract In vitro diagnostic tests are an integral component of quality medical care, and incorrect test resu.
     Url https://journals.lww.com/jcejournal/fulltext/2016/04000/Quantitative_Risk_Management_for_In_Vitro.10.aspx


     Search term "FDA+Requirements"+"Best+practice"+OR+"General+guidelines"
     Title Towards empathic design in the Irish medical device industry
     Author ['S Morris', 'K Cormican']
     Venue DS 70: Proceedings of DESIGN 2012, the …
     Year 2012
     Abstract The two key types of processes are: • A regulatory based process, structured around FDA requirements and ISO13485 which provides the  methods chosen are somewhat dependent on the team members engaged at the time, as opposed to following a predefined best practice
     Url https://www.designsociety.org/download-publication/32072/towards_empathic_design_in_the_irish_medical_device_industry


     Search term "FDA+Requirements"+"Best+practice"+OR+"General+guidelines"
     Title White Paper on Hospital Pharmacy Unit-Dose Acquisition and the Case for the Third-Party Repackaging Option
     Author ['RD Meller', 'JA Pazour', 'LM Thomas', 'SJ Mason', 'SE Root']
     Venue NA
     Year 2008
     Abstract Our research team from the Center for Innovation in Healthcare Logistics (CIHL) was asked to develop better logistical strategies for securing med- ications in unit-dose form to support the best practice of barcode-enabled point-of-care (BPOC) administration
     Url http://www.prismtest.com/Shamrock_Web/Repackaging_WhitePaper_color.pdf


     Search term "FDA+Requirements"+"Best+practice"+OR+"General+guidelines"
     Title Fecal Microbiota Transplants: Overcoming the Barriers of Implementation
     Author ['A Myers', 'C CGRN']
     Venue NA
     Year NA
     Abstract [Not Found]
     Url [Not Found]


     Search term "FDA+Requirements"+"Best+practice"+OR+"General+guidelines"
     Title Pilot Projects for Improving Product Tracing along the Food Supply System–Final Report
     Author ['J McEntire', 'T Bhatt']
     Venue Chicago, IL: Institute of Food Technologists
     Year 2013
     Abstract 326 Page 7. 7 LIST OF TABLES Table 1. Benefits of Recordkeeping Identified by Pilot Participants..... 25 Table 2. Requirements and Best Practice CTEs and KDEs for Improved Recordkeeping
     Url https://www.fda.gov/files/food/published/PilotProjectsforImprovingProductTracing.pdf


     Search term "FDA+Requirements"+"Best+practice"+OR+"General+guidelines"
     Title Towards Empathic Design in the Irish Medical Device Industry
     Author ['K Cormican']
     Venue Journal of Product Innovation Management
     Year 2008
     Abstract The two key types of processes are: • A regulatory based process, structured around FDA requirements and ISO13485 which provides the  methods chosen are somewhat dependent on the team members engaged at the time, as opposed to following a predefined best practice
     Url https://aran.library.nuigalway.ie/bitstream/handle/10379/3897/DESIGN2012-MORRIS-CORMICAN.pdf?sequence=4


     Search term "FDA+Requirements"+"Best+practice"+OR+"General+guidelines"
     Title Towards a Risk Management Framework for Quality
     Author ['M Kelly']
     Venue Manufacturing Systems
     Year 2011
     Abstract the business model adopted. It will concentrate on identifying the main legislative and regulatory requirements as well as best practice in managing QEH&S in specific, highly regulated industrial sectors  across each system. The work must reflect best practice in shifting from a
     Url https://citeseerx.ist.psu.edu/viewdoc/download?doi=10.1.1.894.2326&rep=rep1&type=pdf


     Search term "FDA+Requirements"+"Best+practice"+OR+"General+guidelines"
     Title Telemedicine for the intensive care unit
     Author ['AM Huffenberger', 'ND Martin', 'CW Hanson']
     Venue Principles of Adult Surgical …
     Year 2016
     Abstract Kahn and Rubenfeld advised using teleICU to sustain best practice compliance [68]  Any consideration of an innovative solution should not be without consideration to the consequences associated with operating outside the FDA requirements for manufacturing of APM
     Url https://link.springer.com/chapter/10.1007/978-3-319-33341-0_50


     Search term "FDA+Requirements"+"Best+practice"+OR+"General+guidelines"
     Title Office Cystoscopy UTI Rate and Cost Before and After Implementing New Handling and Storage Practices
     Author ['V Roth', 'P Espino-Grosso', 'CH Henriksen']
     Venue Urology …
     Year 2020
     Abstract Page 9. In 2008, the AUA updated its Best Practice Policy Statement on use of prophylactic antibiotics in urologic procedures  J Urol 2010; 184: 2241. 6. Wolf JS, Jr., Bennett CJ, Dmochowski RR et al: Best practice policy statement on urologic surgery antimicrobial prophylaxis
     Url https://www.auajournals.org/doi/abs/10.1097/UPJ.0000000000000162


     Search term "FDA+Requirements"+"Best+practice"+OR+"General+guidelines"
     Title Best Practice for Antipsychotic Medication Management in Community Dwelling Older Adults with Schizophrenia
     Author ['EM Brown']
     Venue NA
     Year 2014
     Abstract 2014 Best Practice for Antipsychotic Medication Management in Community Dwelling Older  Recommended Citation Brown, EM(2014). Best Practice for Antipsychotic Medication Management in Community Dwelling Older Adults with Schizophrenia. (Doctoral dissertation)
     Url https://scholarcommons.sc.edu/etd/2648/


     Search term "FDA+Requirements"+"Best+practice"+OR+"General+guidelines"
     Title Towards a Risk Management Framework for Quality, Environmental and Health & Safety Management Systems in Regulated Environments
     Author ['M Kelly']
     Venue NA
     Year 2011
     Abstract the business model adopted. It will concentrate on identifying the main legislative and regulatory requirements as well as best practice in managing QEH&S in specific, highly regulated industrial sectors  across each system. The work must reflect best practice in shifting from a
     Url http://citeseerx.ist.psu.edu/viewdoc/download?doi=10.1.1.894.2326&rep=rep1&type=pdf


     Search term "FDA+Requirements"+"Best+practice"+OR+"General+guidelines"
     Title Signia Expert Series: Over-the-Counter Hearing Aids-Opportunity or Disaster?
     Author ['C Palmer']
     Venue NA
     Year NA
     Abstract Consumer loyalty ratings with HHP; The impact of consumer satisfaction on loyalty; The relationship between consumer loyalty and best practice  As it stands, we don't know what the FDA requirements will be, in terms of limiting output, gain, and those types of things
     Url https://www.audiologyonline.com/articles/signia-expert-series-over-counter-21066


     Search term "FDA+Requirements"+"Best+practice"+OR+"General+guidelines"
     Title Development and regulatory strategies for drug and diagnostic co-development
     Author ['LM Hinman', 'KM Carl', 'BB Spear', 'RA Salerno']
     Venue …
     Year 2010
     Abstract be ensured. ▪ Best practice. Recommendations for best practice moving forward as a result of the discussions in this track include the following: ▪ Communication is the key for these complex co-development interactions. Ask
     Url https://www.futuremedicine.com/doi/abs/10.2217/pgs.10.141


     Search term "FDA+Requirements"+"Best+practice"+OR+"General+guidelines"
     Title Developments in Surface Contamination and Cleaning, Volume 7: Cleanliness Validation and Verification
     Author ['R Kohli', 'KL Mittal']
     Venue NA
     Year 2014
     Abstract [Not Found]
     Url [Not Found]


     Search term "FDA+Requirements"+"Best+practice"+OR+"General+guidelines"
     Title Nutritional labeling legislation
     Author ['WJ De Koe']
     Venue Accreditation and quality assurance
     Year 1997
     Abstract The elaboration of General Guidelines on nutri- tion and health claims for labeling was endorsed be- cause it was widely accepted that diet  Food manufactures had to comply with most of the Food and Drug Administration's (FDA) requirements by May 8 1994 and with those of
     Url https://link.springer.com/article/10.1007/s007690050099


     Search term "FDA+Requirements"+"Best+practice"+OR+"General+guidelines"
     Title Clinical and Healthcare Audit: Assuring Software Quality in Hospitals
     Author ['I Richardson']
     Venue NA
     Year NA
     Abstract [Not Found]
     Url [Not Found]


     Search term "FDA+Requirements"+"Best+practice"+OR+"General+guidelines"
     Title In pursuit of parsimony in combat research
     Author ['J Hatzfeld']
     Venue NA
     Year NA
     Abstract Other studies were turned away because FDA requirements could not be met (like regular audit visits), or it was determined by a three  demons, deserve to have their injuries contribute to the science of combat medicine in order to inform the absolute best practice for the next
     Url https://hekint.org/2017/01/22/in-pursuit-of-parsimony-in-combat-research/


     Search term "FDA+Requirements"+"Best+practice"+OR+"General+guidelines"
     Title Financial anatomy of biomedical research
     Author ['H Moses', 'ER Dorsey', 'DHM Matheson', 'SO Thier']
     Venue Jama
     Year 2005
     Abstract Available at: http://www.bio.org/speeches/pubs/er/statistics.asp. Accessed June 16, 2005. 18. LawyeráP, KirsteináA, YabukiáA, GjajaáM, KusháD.áHigh science: a best-practice formula for driving innovation.áIn Vivo Business Med Rep. 2004;22: 1-14
     Url https://jamanetwork.com/journals/jama/article-abstract/201550


     Search term "FDA+Requirements"+"Best+practice"+OR+"General+guidelines"
     Title What's the Prognosis? Making Infusion Systems Safer
     Author ['M Vockley']
     Venue NA
     Year NA
     Abstract [Not Found]
     Url [Not Found]

