Showing papers for search query "FDA+Requirements"+"Medical"

     Search term "FDA+Requirements"+"Medical"
     Title Software development practice for FDA-compliant medical devices
     Author ['W Lin', 'X Fan']
     Venue 2009 International Joint Conference on …
     Year 2009
     Abstract Understanding FDA requirements Subpart C of FDA QSR lists out the primary interests about design Control, FDA also provides a guidance document of "Design Control Guidance for Medical Device Manufacturers".[5] The critical issue for the software development process is
     Url https://ieeexplore.ieee.org/abstract/document/5193978/


     Search term "FDA+Requirements"+"Medical"
     Title An overview of FDA medical device regulation as it relates to deep brain stimulation devices
     Author ['C Pena', 'K Bowsher', 'A Costello']
     Venue … on Neural Systems …
     Year 2007
     Abstract Deep brain stimulation (DBS) devices intended for the treatment of neurologic disorders and other medical conditions are regulated by the  an IDE application is submitted for review, in order to increase the sponsors' understanding of various FDA requirements, regulations, and
     Url https://ieeexplore.ieee.org/abstract/document/4303107/


     Search term "FDA+Requirements"+"Medical"
     Title A framework for assessing the use of third-party software quality assurance standards to meet FDA medical device software process control guideline's
     Author ['MW Bovee', 'DL Paul', 'KM Nelson']
     Venue IEEE Transactions on …
     Year 2001
     Abstract The goal of this paper is to assess the ability of the ISO and SEI standards to meet FDA requirements and to identify gaps that adopters of these standards will need to address to comply with FDA requirements. This research is limited to the medical device software domain
     Url https://ieeexplore.ieee.org/abstract/document/969424/


     Search term "FDA+Requirements"+"Medical"
     Title Safe Medical Devices Act: management guidance for hospital compliance with the new FDA requirements.
     Author ['HC Alder']
     Venue Hospital Technology Series
     Year 1993
     Abstract The Safe Medical Devices Act of 1990 (Public Law 101-629) was signed by President George Bush almost three years ago on November 28, 1990. The law expanded the Food and Drug Administration's (FDA) authority to regulate medical devices and grew out of
     Url https://europepmc.org/article/med/10129209


     Search term "FDA+Requirements"+"Medical"
     Title Trends and events in FDA regulation of medical devices over the last fifty years
     Author ['RR Munsey']
     Venue Food and drug law journal
     Year 1995
     Abstract Page 1. Trends and Events in FDA Regulation of Medical  If one considers the Pure Food and Drug Acts of 19061 as the beginning of the Food and Drug Administration's (FDA's) regulation of health care products, regulation of medical devices is of fairly recent vintage
     Url https://www.jstor.org/stable/26659538


     Search term "FDA+Requirements"+"Medical"
     Title Use of patient-reported outcomes in medical product development: a report from the 2009 NEI/FDA clinical trial endpoints symposium
     Author ['R Varma', 'EA Richman', 'FL Ferris']
     Venue … ophthalmology & visual …
     Year 2010
     Abstract opportunity for the vision community and the US Food and Drug Administration (FDA) to meet and discuss the FDA requirements for adding  Growing evidence indicates the importance of vision-related PROs in clinical trials for evaluating medical drugs and devices, not only for
     Url http://arvojournals.org/article.aspx?articleID=2126240


     Search term "FDA+Requirements"+"Medical"
     Title Drugs, devices, and the FDA: part 2: an overview of approval processes: FDA approval of medical devices
     Author ['GA Van Norman']
     Venue JACC: Basic to Translational …
     Year 2016
     Abstract jacbts.2016.03.009 PDF Article. Translational Toolbox. Drugs, Devices, and the FDA: Part 2. An Overview of Approval Processes: FDA Approval of Medical Devices. Gail A. Van Norman. Author + information. vol. 1 no. 4 277-287.
     Url https://basictranslational.onlinejacc.org/content/1/4/277.short


     Search term "FDA+Requirements"+"Medical"
     Title Tort law deference to FDA regulation of medical devices
     Author ['MD Green', 'WB Schultz']
     Venue Geo. LJ
     Year 1999
     Abstract because of the preemption provision in the Medical Device Amendment of 1976). 28. See, eg, OHIO REv. CODE ANN. § 2307.801(C)(1)(a) (West 1994) (barring punitive damages against manufacturer of drug manufactured and labeled in compliance FDA requirements); OR
     Url https://heinonline.org/hol-cgi-bin/get_pdf.cgi?handle=hein.journals/glj88&section=54


     Search term "FDA+Requirements"+"Medical"
     Title The Lohr Decisions: FDA Perspective and Position
     Author ['MJ Porter']
     Venue Food & Drug LJ
     Year 1997
     Abstract Since the passage of the Medical Device Amendments of 1976 (MDA),3it has been the agency's position that the scope of preemption under section 521 should be inter- preted narrowly, with a presumption against preemption
     Url https://heinonline.org/hol-cgi-bin/get_pdf.cgi?handle=hein.journals/foodlj52&section=15


     Search term "FDA+Requirements"+"Medical"
     Title Characteristics of clinical studies conducted over the total product life cycle of high-risk therapeutic medical devices receiving FDA premarket approval in 2010 and …
     Author ['VK Rathi', 'HM Krumholz', 'FA Masoudi', 'JS Ross']
     Venue Jama
     Year 2015
     Abstract 2020 American Medical Association  Supplement. eAppendix 1. Additional Information Pertaining to Clinical Study Identification for High-Risk Therapeutic Medical Devices Receiving Initial Marketing Approval via the FDA Premarket Approval Pathway in 2010 and 2011
     Url https://jamanetwork.com/journals/jama/article-abstract/2425742


     Search term "FDA+Requirements"+"Medical"
     Title The impact of regulatory compliance on Agile software processes with a focus on the FDA guidelines for medical device software
     Author ['H Mehrfard', 'A Hamou-Lhadj']
     Venue International Journal of Information …
     Year 2011
     Abstract Due to complexity and criticality of medical devices, the FDA sets high demands on how to develop software for medical devices. Most of the FDA requirements are directly related to the process activities (eg, requirement analysis, design, implementation, etc.) used by an
     Url https://www.igi-global.com/article/impact-regulatory-compliance-agile-software/53206


     Search term "FDA+Requirements"+"Medical"
     Title The architecture of government regulation of medical products
     Author ['RA Merrill']
     Venue Virginia Law Review
     Year 1996
     Abstract Page 1. THE ARCHITECTURE OF GOVERNMENT REGULATION OF MEDICAL PRODUCTS Richard A. Merrill  Indeed, for both drugs and medical devices, FDA approval is required to conduct clinical trials to obtain the information needed for marketing approval
     Url https://www.jstor.org/stable/1073689


     Search term "FDA+Requirements"+"Medical"
     Title Cosmetic medical devices and their FDA regulation
     Author ['AE Newburger']
     Venue Archives of dermatology
     Year 2006
     Abstract The approval does not imply that the device is safe for every use or indication. Physicians are familiar with the FDA requirements for drug approval but much less knowledgeable about the different regulations that apply to medical device approvals for the marketplace
     Url https://jamanetwork.com/journals/jamadermatology/article-abstract/402621


     Search term "FDA+Requirements"+"Medical"
     Title Medical Devices and Preemption: A Defense of Parallel Claims Based on Violations of Non-Device Specific FDA Regulations
     Author ['ES Tarloff']
     Venue NYUL Rev.
     Year 2011
     Abstract 3 However, the Court was clear that consumers injured by medical devices could bring lawsuits based on claims that "parallel" the FDA's requirements.4 But the Court failed to define precisely the concept of a parallel claim
     Url https://heinonline.org/hol-cgi-bin/get_pdf.cgi?handle=hein.journals/nylr86&section=34


     Search term "FDA+Requirements"+"Medical"
     Title Impact of FDA policy change on the reuse of single-use medical devices in Michigan hospitals
     Author ['MJ Alfa', 'J Castillo']
     Venue American journal of infection control
     Year 2004
     Abstract May 7. Google Scholar. 14. PJ Colignon, DE Dreimanis, WD BeckinghamReuse of single-use medical devices in sterile sites: how often does this still occur in Australia  Google Scholar. 19. Feigal DW. Enforcement of FDA Requirements of reprocessing of single-use devices
     Url https://www.sciencedirect.com/science/article/pii/S0196655304004419


     Search term "FDA+Requirements"+"Medical"
     Title A review of design for X methods for medical devices: The introduction of a design for FDA approach
     Author ['LA Medina', 'RA Wysk']
     Venue … and Information in …
     Year 2011
     Abstract also followed a green approach, stating the importance of environmental consideration for the development of less toxic sterilization methods and tools for medical device manufacturing. Their objective was to reduce waste and toxicity while complying with FDA requirements
     Url https://asmedigitalcollection.asme.org/IDETC-CIE/proceedings-abstract/IDETC-CIE2011/54860/849/354163


     Search term "FDA+Requirements"+"Medical"
     Title A preclinical rodent model of radiation induced lung injury for medical countermeasure screening in accordance with the FDA Animal Rule
     Author ['IL Jackson', 'P Xu', 'C Hadley', 'BP Katz', 'R McGurk']
     Venue Health …
     Year 2012
     Abstract evaluating the molecular mechanisms associated with radiation-induced lung injury and efficacy screening of candidate medical countermeasures (MCM  This revitalization of interest stems from the FDA requirements for efficacy screening of MCMs, which mandate that testing
     Url https://www.ncbi.nlm.nih.gov/pmc/articles/PMC3604892/


     Search term "FDA+Requirements"+"Medical"
     Title Demonstrating that medical devices satisfy user related safety requirements
     Author ['MD Harrison', 'P Masci', 'JC Campos']
     Venue Software Engineering in …
     Year 2014
     Abstract The FDA has produced one such set of requirements in draft documentation [2] with a focus on medical devices, particularly infusion pumps  This paper demonstrates the use of formal techniques to provide assurance that a user related subset of the FDA requirements are met by
     Url https://link.springer.com/chapter/10.1007/978-3-319-63194-3_8


     Search term "FDA+Requirements"+"Medical"
     Title FDA requirements for clinical investigations of medical devices: a review for European manufacturers
     Author ['AD Ediger', 'B Limbach']
     Venue The Quality Assurance …
     Year 2003
     Abstract The purpose of this article is to provide European manufacturers with a review of the USA's requirements for clinical investigations of medical devices. It is an introductory guide to what European manufacturers need to plan for and what is expected from them when conducting
     Url https://onlinelibrary.wiley.com/doi/abs/10.1002/qaj.210


     Search term "FDA+Requirements"+"Medical"
     Title Biocompatibility assessments for medical devices–evolving regulatory considerations
     Author ['L Reeve', 'P Baldrick']
     Venue Expert Review of Medical Devices
     Year 2017
     Abstract Expert commentary: This article examines the impact of recent changes in guidance for biocompatibility assessment of new medical devices and shows that, although a high level of consistency now occurs in ISO and FDA requirements, there are still areas where a 'standard
     Url https://www.tandfonline.com/doi/abs/10.1080/17434440.2017.1280392


     Search term "FDA+Requirements"+"Medical"
     Title Express Preemption and Premarket Approval Under the Medical Device Amendments
     Author ['GJ Scandaglia', 'TL Tully']
     Venue Food and Drug Law Journal
     Year 2004
     Abstract Page 1. Express Preemption and Premarket Approval Under the Medical Device Amendments  Therese L. Tully* * I. Introduction Millions of dollars are spent each year in an effort to develop new medical devices designed to help individuals facing serious medical conditions
     Url https://www.jstor.org/stable/26660342


     Search term "FDA+Requirements"+"Medical"
     Title Investigating the capability of agile processes to support life-science regulations: the case of XP and FDA regulations with a focus on human factor requirements
     Author ['H Mehrfard', 'H Pirzadeh', 'A Hamou-Lhadj']
     Venue Software Engineering Research …
     Year 2010
     Abstract Table 2 FDA requirements for medical device software other hand, XP emphasizes on less documentation and formality within the development life cycle  Table 3 Level of XP support for FDA requirements for medical device software
     Url https://link.springer.com/chapter/10.1007/978-3-642-13273-5_16


     Search term "FDA+Requirements"+"Medical"
     Title Successful collaborative software projects for medical devices in an FDA regulated environment: myth or reality?
     Author ['S Sudershana', 'A Villca-Roque']
     Venue … Conference on Global …
     Year 2007
     Abstract This tool falls under the category of “software used as an accessory of a medical device” as defined by the FDA [8] and therefore follows governmental and quality design procedures and process constraints in order to meet with FDA requirements [9, 10]
     Url https://ieeexplore.ieee.org/abstract/document/4299857/


     Search term "FDA+Requirements"+"Medical"
     Title iPads, iPhones, androids, and smartphones: FDA regulation of mobile phone applications as medical devices
     Author ['A Krouse']
     Venue Ind. Health L. Rev.
     Year 2012
     Abstract Page 1. IPADS, IPHONES, ANDROIDS, AND SMARTPHONES: FDA REGULATION OF MOBILE PHONE APPLICATIONS AS MEDICAL DEVICES Alex Krouse* I. INTRODUCTION ..... 731  743 V. REGULATION OF MEDICAL DEVICES
     Url https://heinonline.org/hol-cgi-bin/get_pdf.cgi?handle=hein.journals/inhealr9&section=29


     Search term "FDA+Requirements"+"Medical"
     Title Review of US medical device regulation
     Author ['JB Pietzsch', 'LM Aquino', 'PG Yock', 'ME Paté-Cornell']
     Venue NA
     Year 2007
     Abstract Review. Review of US Medical Device Regulation  The following sections of this paper cover the key elements of medical device regulation and provide references to additional resources. Regulatory Definition of Medical Devices. Section
     Url https://asmedigitalcollection.asme.org/medicaldevices/article-abstract/1/4/283/446578


     Search term "FDA+Requirements"+"Medical"
     Title Encouraging translational research through harmonization of FDA and common rule informed consent requirements for research with banked specimens
     Author ['BJ Evans', 'EM Meslin']
     Venue The Journal of legal medicine
     Year 2006
     Abstract tangible therapeu- tic benefits for patients and has provided concrete leadership in several key areas.14 Examples include FDA's Critical Path white paper,15 which explores ways to modernize the process of medical product development  Should FDA requirements simply be
     Url https://www.tandfonline.com/doi/abs/10.1080/01947640600716366


     Search term "FDA+Requirements"+"Medical"
     Title The mHealth Conundrum: Smartphones & Mobile Medical Apps-How Much FDA Medical Device Regulation Is Required
     Author ['VJ Roth']
     Venue NCJL & Tech.
     Year 2013
     Abstract THE MHEALTH CONUNDRUM: SMARTPHONES & MOBILE MEDICAL ApPs-How MUCH FDA MEDICAL DEVICE REGULATION IS REQUIRED?* Vincent J. Roth  365 III. FDA REGULATION OF MEDICAL DEVICES ..... 370 A. Intended Use..... 371
     Url https://heinonline.org/hol-cgi-bin/get_pdf.cgi?handle=hein.journals/ncjl15&section=15


     Search term "FDA+Requirements"+"Medical"
     Title Genetic testing and FDA regulation: overregulation threatens the emergence of genomic medicine
     Author ['JP Evans', 'MS Watson']
     Venue Jama
     Year 2015
     Abstract As the American Medical Association has stated in its formal comment on the FDA's plans, 5 “The FDA proposal adds an additional  be a few very large laboratories and commercial manufacturers who have the resources necessary to meet the new FDA requirements on each
     Url https://jamanetwork.com/journals/jama/article-abstract/2089189


     Search term "FDA+Requirements"+"Medical"
     Title Design controls for the medical device industry
     Author ['MB Teixeira']
     Venue NA
     Year 2019
     Abstract [Not Found]
     Url [Not Found]


     Search term "FDA+Requirements"+"Medical"
     Title Injured consumers and the FDA: Should federal preemption protect medical device manufacturers under a quasi‐governmental immunity?
     Author ['BI Truitt']
     Venue NA
     Year 1994
     Abstract A state action based on the inadequacy of tampon use warnings was deemed expressly preempted by the Medical Device Amendments in  that it intended to preempt any and all state requirements on aspirin labeling that would conflict with the FDA's requirements.100 However
     Url https://www.tandfonline.com/doi/pdf/10.1080/01947649409510940


     Search term "FDA+Requirements"+"Medical"
     Title Medical image archives—present and future
     Author ['MW Vannier', 'EV Staab', 'LC Clarke']
     Venue CARS 2002 computer assisted …
     Year 2002
     Abstract The FDA requirements for electronic submission and review of medical image analysis devices will be described, and their impact on the technical requirements for publicly accessible medical image archives will be delineated
     Url https://link.springer.com/chapter/10.1007/978-3-642-56168-9_94


     Search term "FDA+Requirements"+"Medical"
     Title Evaluation of proposed FDA criteria for the evaluation of radiolabeled red cell recovery trials
     Author ['LJ Dumont', 'JP AuBuchon']
     Venue …
     Year 2008
     Abstract BACKGROUND: FDA requirements for recovery of radiolabeled red blood cells (RBCs) 24 hours after autologous reinfusion in normal subjects have evolved over  1990 and 2006 for 12 sponsors (Table 2). Data from 3 studies were eliminated because the medical devices were
     Url https://onlinelibrary.wiley.com/doi/abs/10.1111/j.1537-2995.2008.01642.x


     Search term "FDA+Requirements"+"Medical"
     Title Medical device registration, agreements on mutual recognition—a step forward to global harmonization?
     Author ['R Eidenberger']
     Venue Radiation Physics and Chemistry
     Year 2000
     Abstract Similar to this, but for another market, are the USA FDA requirements, Premarket Approval (PMA) and Premarket notification (510(k)). The same medical device, the same goal — a safe product — but different legislation and thus duplication of registration procedures
     Url https://www.sciencedirect.com/science/article/pii/S0969806X99004223


     Search term "FDA+Requirements"+"Medical"
     Title Listen to the FDA: The Medical Device Amendments Do Not Preempt Tort Law
     Author ['GL Wilson']
     Venue Hamline L. Rev.
     Year 1995
     Abstract Page 5. MEDICAL DEVICE AMENDMENTS were preempted by the language of Section 360k.30 The only FDA regulation was 21 CFR section 801.430, which required the specifically-worded warnings on each tampon package.3' Since there were no other FDA "
     Url https://heinonline.org/hol-cgi-bin/get_pdf.cgi?handle=hein.journals/hamlrv19&section=23


     Search term "FDA+Requirements"+"Medical"
     Title Medical device standards' requirements for traceability during the software development lifecycle and implementation of a traceability assessment model
     Author ['G Regan', 'F Mc Caffery', 'K Mc Daid', 'D Flood']
     Venue Computer Standards & …
     Year 2013
     Abstract do. The primary reason for this is that 62304 is intended to be the minimum set of requirements considered necessary for safety of the medical device software while the FDA requirements are both for safety and efficacy. Future
     Url https://www.sciencedirect.com/science/article/pii/S0920548913000780


     Search term "FDA+Requirements"+"Medical"
     Title State Law Tort Claims and the FDA: Proposing a Consumer-Oriented Prescription in Medical Device Cases
     Author ['SB Rieders']
     Venue Cardozo L. Rev.
     Year 2003
     Abstract Page 1. STATE LAW TORT CLAIMS AND THE FDA: PROPOSING A CONSUMER-ORIENTED PRESCRIPTION IN MEDICAL DEVICE CASES  (quoting Hillsborough County v. Automated Medical Laboratories, Inc., 471 US 707, 719 (1985); and Metropolitan Life Ins. Co
     Url https://heinonline.org/hol-cgi-bin/get_pdf.cgi?handle=hein.journals/cdozo25&section=46


     Search term "FDA+Requirements"+"Medical"
     Title Understanding medical foods under FDA regulations
     Author ['CA Lewis', 'MC Jackson', 'JR Bailey']
     Venue … and Functional Food Regulations in the …
     Year 2019
     Abstract The FDA provided the following example of a permissible statement: “must be used under the supervision of a physician.”. 15.3. Good manufacturing practices and import/export. Medical foods must comply with all applicable FDA requirements for foods
     Url https://www.sciencedirect.com/science/article/pii/B9780128164679000150


     Search term "FDA+Requirements"+"Medical"
     Title Use of standards in the review of medical devices
     Author ['C Ho', 'D Jensen', 'F Lacy', 'N Muni', 'S Reilly']
     Venue Journal of …
     Year 2005
     Abstract and Cosmetic Act, as amended, provides explicit authority to use FDA-recognized standards in the premarket review of medical devices  consensus via balloting, meaning that there might be rare occasions in which there is discordance between the FDA's requirements and the
     Url https://www.sciencedirect.com/science/article/pii/S0022073605001421


     Search term "FDA+Requirements"+"Medical"
     Title Supporting medical device development: a standard product design process model
     Author ['LA Medina', 'GEO Kremer', 'RA Wysk']
     Venue Journal of Engineering …
     Year 2013
     Abstract to date. Altmetric. Listen. Original Articles. Supporting medical device development: a standard product design process model  Original Articles. Supporting medical device development: a standard product design process model
     Url https://www.tandfonline.com/doi/abs/10.1080/09544828.2012.676635


     Search term "FDA+Requirements"+"Medical"
     Title Reply to “Risks of 'Blind'Automated Identification Systems in Medical Microbiology”
     Author ['LF Westblade', 'R Jennemann', 'JA Branda']
     Venue Journal of clinical …
     Year 2013
     Abstract Louis, Missouri, USAd; Department of Pathology, Massachusetts General Hospital and Harvard Medical School, Boston, Massachusetts, USAe; Department of  FDA requirements stipulate that IVD systems are closed to the user and that the addition of strains/ species to a
     Url https://jcm.asm.org/content/51/11/3912.short


     Search term "FDA+Requirements"+"Medical"
     Title Changing Our Minds: Reforming the FDA Medical Device Reclassification Process
     Author ['SF Powell']
     Venue Food & Drug LJ
     Year 2018
     Abstract Page 1. Changing Our Minds: Reforming the FDA Medical Device Reclassification Process SPENSER F. POWELL* ABSTRACT The  market. And, of course, a medical device can do little good for patients prior to market entry
     Url https://heinonline.org/hol-cgi-bin/get_pdf.cgi?handle=hein.journals/foodlj73&section=10


     Search term "FDA+Requirements"+"Medical"
     Title Reinventing regulation of drugs and medical devices
     Author ['B Clinton']
     Venue NA
     Year 1995
     Abstract target its resources toward expediting market access of new products: • Reducing or eliminating many of the FDA requirements for companies  outdated requirements for insulin and antibiotics and allowing a private standard- Reinventing Drug and Medical Device Regulations
     Url https://books.google.com/books?hl=en&lr=&id=CDHGwo7zy3AC&oi=fnd&pg=PA1&dq=%22FDA+Requirements%22+%22Medical%22&ots=jR3GjwiA1E&sig=AbFPISnsU09Xt_j68NRmokoVyj8


     Search term "FDA+Requirements"+"Medical"
     Title King v. Collagen Corporation: FDA Approval Insulates Medical Device Manufacturers from State Common Law Liability
     Author ['AW Kronenberg']
     Venue J. Contemp. Health L. & Pol'y
     Year 1994
     Abstract 98 Because the FDA's requirements for tampons only concern labels and warnings, the courts held that the MDA did not preempt plaintiff's claims based on design, composition, and construction of the tampon. 99 B. Medical Devices-Intrauterine Devices
     Url https://heinonline.org/hol-cgi-bin/get_pdf.cgi?handle=hein.journals/jchlp11&section=29


     Search term "FDA+Requirements"+"Medical"
     Title Medical Device Patent Rights in the Age of FDA Modernization-The Potential Effect of Regulatory Streamlining on the Right to Exclude
     Author ['JM Buchanan']
     Venue U. Tol. L. Rev.
     Year 1998
     Abstract COMMENT MEDICAL DEVICE PATENT RIGHTS IN THE AGE OF FDA MODERNIZATION' THE POTENTIAL EFFECT OF REGULATORY STREAMLINING ON THE RIGHT TO EXCLUDE J. Matthew Buchanan "If without fear of liability a competitor can assemble a patented item
     Url https://heinonline.org/hol-cgi-bin/get_pdf.cgi?handle=hein.journals/utol30&section=19


     Search term "FDA+Requirements"+"Medical"
     Title The Rising Bar-Medical Product Design Excellence
     Author ['ME Wiklund', 'SB Wilcox']
     Venue In: Designing Usability into Medical …
     Year 2005
     Abstract Photo courtesy of Emerson Hospital (Concord, MA). More about FDA Requirements The high rate of medical device use errors causing patient injury or death led the FDA in 1997 to establish stiffer regulations pertaining to the user interface development process
     Url https://books.google.com/books?hl=en&lr=&id=HfDLBQAAQBAJ&oi=fnd&pg=PA3&dq=%22FDA+Requirements%22+%22Medical%22&ots=D9aDFQGyc0&sig=1eVrHAWSEtja8NHW-a0ccq1OfWw


     Search term "FDA+Requirements"+"Medical"
     Title The Medical Device Industry: Science: Technology, and Regulation in a Competitive Environment
     Author ['NF Estrin']
     Venue NA
     Year 1990
     Abstract Peter Barton Hutt 3 Medical Device Regulation: The Big Picture William D. Appler and Gaile L. McMann 4 FDA's Regulatory Program for Medical Devices and Diagnostics Walter E. Gundaker 5 Overview of Current FDA Requirements for Medical Devices Edward M. Basile vii
     Url https://books.google.com/books?hl=en&lr=&id=67TgVwiBBBcC&oi=fnd&pg=PA3&dq=%22FDA+Requirements%22+%22Medical%22&ots=gjc8uuV2SC&sig=zEyaKur_AI2x55O_nO5AN5Dogis


     Search term "FDA+Requirements"+"Medical"
     Title Animal models for medical countermeasures to radiation exposure
     Author ['JP Williams', 'SL Brown', 'GE Georges']
     Venue Radiation …
     Year 2010
     Abstract Animal Models for Medical Countermeasures to Radiation Exposure  Search for other works by this author on: This Site. PubMed. Google Scholar. Amy K. Huser; Amy K. Huser. a Department of Radiation Oncology, University of Rochester Medical Center
     Url https://meridian.allenpress.com/radiation-research/article-abstract/173/4/557/43020


     Search term "FDA+Requirements"+"Medical"
     Title Reprocessing single-use medical devices
     Author ['BD Cohoon']
     Venue Aorn Journal
     Year 2002
     Abstract and grow as new medical devices are designed and marketed. Third-party reprocessors will be recognized for performing a safe job and for offering an alternative to disposable SUDs. Individual hospitals, however, may be unable to meet the new FDA requirements and may
     Url https://www.sciencedirect.com/science/article/pii/S0001209206611770


     Search term "FDA+Requirements"+"Medical"
     Title Understanding the Impact of the FDA Guidance for Mobile Medical Applications: Is There an App for That
     Author ['D Cooper']
     Venue Quinnipiac L. Rev.
     Year 2013
     Abstract Page 1. Notes UNDERSTANDING THE IMPACT OF THE FDA GUIDANCE FOR MOBILE MEDICAL APPLICATIONS: Is THERE AN APP FOR THAT? Diane Cooper* INTRODUCTION  7 jd. 8See Chris Gullo, Half of Doctors to Use Medical Apps in 2012, MOBIHEALTHNEWS (Nov
     Url https://heinonline.org/hol-cgi-bin/get_pdf.cgi?handle=hein.journals/qlr32&section=6


     Search term "FDA+Requirements"+"Medical"
     Title System, method, and computer-readable medium for collection of environmental data and generation of user report for compliance with FDA requirements
     Author ['GM Levinson', 'TP Joyce', 'V Galliani']
     Venue US Patent 6,904,370
     Year 2005
     Abstract of environmental data and generation of a user report for compliance with US Food and Drug Administration (FDA) requirements  power, and thus they do not pass governmental regulatory requirements for pharmaceutical, biotechnology, and medical device manufacturers
     Url https://patents.google.com/patent/US6904370B1/en

