Showing papers for search query "FDA+Requirements"+"Traceability"

     Search term "FDA+Requirements"+"Traceability"
     Title Medical device standards' requirements for traceability during the software development lifecycle and implementation of a traceability assessment model
     Author ['G Regan', 'F Mc Caffery', 'K Mc Daid', 'D Flood']
     Venue Computer Standards & …
     Year 2013
     Abstract primary reason for this is that 62304 is intended to be the minimum set of requirements considered necessary for safety of the medical device software while the FDA requirements are both for safety and efficacy. Future work in this area is to develop a traceability process which
     Url https://www.sciencedirect.com/science/article/pii/S0920548913000780


     Search term "FDA+Requirements"+"Traceability"
     Title Software development practice for FDA-compliant medical devices
     Author ['W Lin', 'X Fan']
     Venue 2009 International Joint Conference on …
     Year 2009
     Abstract 3.1. Understanding FDA requirements  In general, A software development process should be based on producing detailed documents (eg, specifications, test procedures, user manuals, etc.) in the process and keep traceability in order to assure the software quality. 3.2
     Url https://ieeexplore.ieee.org/abstract/document/5193978/


     Search term "FDA+Requirements"+"Traceability"
     Title Meat slaughter and processing plants' traceability levels evidence from Iowa
     Author ['H Bulut', 'JD Lawrence']
     Venue NA
     Year 2007
     Abstract and one-step forward) as in Food and Drug Administration (FDA) requirements, traceable to processing plant only or traceable further to the feedlot, or traceable all the way to the birth farm. The precision refers to the degree of assurance at which a traceability system can
     Url https://ageconsearch.umn.edu/record/37576/


     Search term "FDA+Requirements"+"Traceability"
     Title The future of traceability within the US food industry supply chain: A business case
     Author ['S Kumar', 'D Heustis', 'JM Graham']
     Venue International Journal of Productivity …
     Year 2015
     Abstract Regulation, or lack of regulation, was determined to be another major factor in the cause for a lack of effective traceability in the food industry supply chain. However, it is difficult as it is for companies to keep up with existing USDA and FDA requirements
     Url https://www.emerald.com/insight/content/doi/10.1108/IJPPM-03-2014-0046/full/html


     Search term "FDA+Requirements"+"Traceability"
     Title MES reduces FDA compliance costs
     Author ['J Vinhais']
     Venue Quality
     Year 2004
     Abstract 0 A MES helps to comply with FDA requirements by providing and controlling live data across applications and sites  The requirement is similar to traditional traceability and genealogy require- ments but includes expanded require» ments, such as specific definitions
     Url http://search.proquest.com/openview/76b1e07ba0a1792f51854a76f53d9b39/1?pq-origsite=gscholar&cbl=35812


     Search term "FDA+Requirements"+"Traceability"
     Title Do the new FDA guidance documents help improving performance of blood glucose monitoring systems compared with ISO 15197?
     Author ['G Freckmann', 'A Baumstark']
     Venue Journal of diabetes …
     Year 2017
     Abstract Recently, the Food and Drug Administration (FDA) published guidance documents for point-of-care testing (POCT) and over-the-counter (OTC) blood glucose monitoring systems (BGMS). These are expected...
     Url https://journals.sagepub.com/doi/abs/10.1177/1932296817713220


     Search term "FDA+Requirements"+"Traceability"
     Title Pharmaceutical Master Validation Plan: the ultimate guide to FDA, GMP and GLP compliance
     Author ['SI Haider']
     Venue NA
     Year 2001
     Abstract for all the sections of the plan, because it provides a road map for validation to establish FDA requirements master validation pro  calibration program should describe calibration policy for validation of test equipment, pre- and post-calibration, and NIST traceability of calibration
     Url http://14.139.187.123:8080/jspui/bitstream/123456789/17020/1/Syed%20Imtiaz%20Haider%20-%20Pharmaceutical%20Master%20Validation%20Plan_%20The%20Ultimate%20Guide%20to%20FDA%2C%20GMP%20and%20GLP%20Compliance-Informa%20Healthcare%20%282001%29.pdf


     Search term "FDA+Requirements"+"Traceability"
     Title Coding and traceability: cells and tissues in North America
     Author ['SA Brubaker', 'D Wilson']
     Venue Cell and tissue banking
     Year 2010
     Abstract As described above, coding and traceability exists.however, systems being used are not ''related,'' especially as experi- enced from the  In contrast to FDA requirements for blood and blood components intended for transfusion, there is no requirement for HCT/P labeling to
     Url https://link.springer.com/content/pdf/10.1007/s10561-010-9219-z.pdf


     Search term "FDA+Requirements"+"Traceability"
     Title A management approach to software validation requirements
     Author ['N Hrgarek']
     Venue Central European Conference on Information and …
     Year 2008
     Abstract 2.1.1 FDA requirements  validation documentation (eg software requirements document, validation master plan, validation protocols, test cases and actual results, validation summary report, evidence of software version and change control, requirements, traceability matrix) to
     Url https://bib.irb.hr/datoteka/496167.63-378-1-PB.pdf


     Search term "FDA+Requirements"+"Traceability"
     Title A review of design for X methods for medical devices: The introduction of a design for FDA approach
     Author ['LA Medina', 'RA Wysk']
     Venue … and Information in …
     Year 2011
     Abstract The design for quality (DFQ) also addresses the compliance with the FDA requirements and more specifically the QS regulation  quality audit and personnel); (2) design controls; (3) document controls; (4) purchasing controls; (5) identification and traceability; (6) production and
     Url https://asmedigitalcollection.asme.org/IDETC-CIE/proceedings-abstract/IDETC-CIE2011/54860/849/354163


     Search term "FDA+Requirements"+"Traceability"
     Title Validation of laboratory-developed molecular assays for infectious diseases
     Author ['EM Burd']
     Venue Clinical microbiology reviews
     Year 2010
     Abstract [Not Found]
     Url https://cmr.asm.org/content/23/3/550.short


     Search term "FDA+Requirements"+"Traceability"
     Title Governing a global food supply: How the 2010 FDA food safety modernization act promises to strengthen import safety in the US
     Author ['E Fagotto']
     Venue Erasmus L. Rev.
     Year 2010
     Abstract Because traceability mechanisms are still limited, when food scares erupt it is difficult to immediately pinpoint the culprit and losses may  another port.3 2 Clearly, the current import safety architecture is too convoluted and allows ample margins to circumvent FDA requirements
     Url https://heinonline.org/hol-cgi-bin/get_pdf.cgi?handle=hein.journals/erasmus3&section=25


     Search term "FDA+Requirements"+"Traceability"
     Title Are new FDA regulations headed your way?
     Author ['B Friend', 'O Thompson']
     Venue Food Engineering
     Year 2002
     Abstract [Not Found]
     Url [Not Found]


     Search term "FDA+Requirements"+"Traceability"
     Title Excursion: FDA Compliance and Controls in SAP
     Author ['M Chuprunov']
     Venue Auditing and GRC Automation in SAP
     Year 2013
     Abstract health risk. The FDA requirements and rules require the execution of an appropriate quality inspection at regular intervals to ensure consistent quality. To avoid  configuration data. 13.3.5 Examples: Controls for Batch Traceability. In the
     Url https://link.springer.com/chapter/10.1007/978-3-642-35302-4_13


     Search term "FDA+Requirements"+"Traceability"
     Title Food safety, private standards schemes and trade: the implications of the FDA food safety modernization act
     Author ['J Humphrey']
     Venue IDS Working Papers
     Year 2012
     Abstract This is what the use of HACCP in food processing and the adoption of good agricultural practices (GAPs) are designed to achieve.4 The further corollary of this process-based approach is that traceability is required so that products can be identified as originating from well
     Url https://onlinelibrary.wiley.com/doi/abs/10.1111/j.2040-0209.2012.00403.x


     Search term "FDA+Requirements"+"Traceability"
     Title FDA regulation of nanotechnology
     Author ['MN Duvall']
     Venue Washington, DC, USA: Beveridge & Diamond, PG
     Year 2012
     Abstract Page 1. FDA Regulation of Nanotechnology Mark N. Duvall, Editor February 2012 Page 2. - i - Table of Contents Page Acknowledgements .....v About the Editor
     Url https://www.harrisbeach.com/wp-content/uploads/2012/02/FDA_Regulation_of_Nanotechnology.PDF


     Search term "FDA+Requirements"+"Traceability"
     Title FDA Chief Counsel
     Author ['E Durkin']
     Venue InsideHealthPolicy. com's FDA Week
     Year 2014
     Abstract identify the firm producing the product, telling the OIG that CMS can stop payments for drugs not produced under FDA requirements but lacks  sought to capture cost estimates and offer perspective on the technology and investment required to build the the traceability system
     Url https://www.jstor.org/stable/26691003


     Search term "FDA+Requirements"+"Traceability"
     Title Calibration of lyophilization pressure gauges
     Author ['G Osborn', 'S Hansen']
     Venue Pharmaceutical Technology North America
     Year 2002
     Abstract ISO 9000 and FDA requirements mandate that any measurement be traceable to national standards. Calibration of equipment is necessary to ensure traceability, performance, and reliability. This article explains the proper method
     Url https://elibrary.ru/item.asp?id=6295618


     Search term "FDA+Requirements"+"Traceability"
     Title The role of standards in the development and implementation of clinical laboratory tests: a domestic and global perspective
     Author ['GY Michaud']
     Venue Cancer Biomarkers
     Year 2005
     Abstract Specifica- tions include a description of material characteristics, traceability requirements, unit size, quantity, storage requirements, stability, test method  Conformity by manufactur- ers to recognized standards serves as a tool to sat- isfy FDA requirements and helps reduce the
     Url https://content.iospress.com/articles/cancer-biomarkers/dma-a252


     Search term "FDA+Requirements"+"Traceability"
     Title FDA Inspections–What to Expect NGFA Country Elevator Conference
     Author ['D Fairfield']
     Venue NA
     Year 2015
     Abstract conditions • is not produced and distributed in conformance with applicable FDA requirements • contains any poisonous or deleterious substance which may render it injurious to health  FDA Reportable Food Registry • FDA Recordkeeping (traceability) Requirements for Food
     Url https://www.ngfa.org/wp-content/uploads/FDAInspection-WhattoExpect.pdf


     Search term "FDA+Requirements"+"Traceability"
     Title FDA Yields on Text Dissemination
     Author ['M Roh']
     Venue NA
     Year NA
     Abstract While on-site, the representative may conduct informal audits of the company's compliance with FDA requirements or participate in employee training programs, detailing the laws and regulations pertaining to their products
     Url https://www.mddionline.com/sitemap/articlepermonth/5/3?page=234


     Search term "FDA+Requirements"+"Traceability"
     Title Design controls for the medical device industry
     Author ['MB Teixeira']
     Venue NA
     Year 2019
     Abstract [Not Found]
     Url [Not Found]


     Search term "FDA+Requirements"+"Traceability"
     Title Maintaining Food Safety through Quality
     Author ['CR Hurburgh Jr', 'DD Loy', 'JD Lawrence']
     Venue NA
     Year 2010
     Abstract This report will give producers, researchers and consumers a summary of efforts by Iowa State University Extension in food safety, quality management systems and traceability of grain and livestock products  What are the risks and rewards of traceability
     Url https://lib.dr.iastate.edu/cgi/viewcontent.cgi?article=1137&context=extension_ag_pubs


     Search term "FDA+Requirements"+"Traceability"
     Title Understanding the differences between ISO 9001-2008 and the FDA quality system regulation for medical devices: A guide for quality professionals who need …
     Author ['D Greetham']
     Venue NA
     Year 2010
     Abstract Service Provision ..... 61 Validation of Processes for Production and Service Provision ..... 62 Identification and Traceability, Packaging and Labeling..... 63 Customer
     Url http://search.proquest.com/openview/88207dec533cc49ee17be4dbb8e8484e/1?pq-origsite=gscholar&cbl=18750&diss=y


     Search term "FDA+Requirements"+"Traceability"
     Title An FDA Submission Experience Using the CDISC Standards
     Author ['A Tinazzi', 'C Marchand']
     Venue NA
     Year NA
     Abstract Conclusions ▪ (for sponsor) Adopt CDISC ASAP, starting with CDASH 'Lost in Traceability' has a cost!!! ▪ (for sponsor) Vendor Surveillance, make sure  References ▪ «Lost» in Traceability, from SDTM to ADaM . finally Analysis Results Metadata» A. Tinazzi, CDISC Europe
     Url https://pdfs.semanticscholar.org/3689/802828f27e72a5395d0736073e0f02dab521.pdf


     Search term "FDA+Requirements"+"Traceability"
     Title Safetrace: a safety-driven requirement traceability framework on device interaction hazards for MD PnP
     Author ['AYZ Ou', 'M Rahmaniheris', 'Y Jiang', 'L Sha']
     Venue Proceedings of the 33rd …
     Year 2018
     Abstract Commercial tools such as IBM Rational DOORS [11], Yakindu Traceability [12], and Intland codeBeamer [13], are effective tools to support traceability for general use, but, they do not and do not need to meet the FDA requirements of safety analysis when used to develop non
     Url https://dl.acm.org/doi/abs/10.1145/3167132.3167270


     Search term "FDA+Requirements"+"Traceability"
     Title Computer validation and ethical security measures for pharmaceutical data processing
     Author ['OG Bhusnure', 'SP Kendre', 'DR Kaudewar']
     Venue World Journal of …
     Year 2015
     Abstract COMPUTERIZED SYSTEM VALIDATION QUALITY SYSTEM The validation of a computerized control system to FDA requirements can be broken down  following. Traceability and accountability of information to be maintained throughout validation life
     Url https://www.researchgate.net/profile/Dr_Omprakash_Bhusnure/publication/289537776_COMPUTER_VALIDATION_AND_ETHICAL_SECURITY_MEASURES_FOR_PHARMACEUTICAL_DATA_PROCESSING/links/568fdb0908aec14fa5578fbf/COMPUTER-VALIDATION-AND-ETHICAL-SECURITY-MEASURES-FOR-PHARMACEUTICAL-DATA-PROCESSING.pdf


     Search term "FDA+Requirements"+"Traceability"
     Title Point-of-care blood glucose meter accuracy in the hospital setting
     Author ['DC Klonoff']
     Venue Diabetes Spectrum
     Year 2014
     Abstract [Not Found]
     Url https://spectrum.diabetesjournals.org/content/27/3/174.short


     Search term "FDA+Requirements"+"Traceability"
     Title ISA-95 inside
     Author ['E Fussell']
     Venue InTech
     Year 2005
     Abstract automated processes and skyrocketing productivity. Now, with Part 3 in the mix, these companies can reap the rewards of new manufacturing execution systems (MES) to help meet FDA requirements with tracking and traceability
     Url https://isajobs.isa.org/standards-and-publications/isa-publications/intech-magazine/2005/january/standards-isa-95-inside/


     Search term "FDA+Requirements"+"Traceability"
     Title Integrating agile practices with a medical device software development lifecycle
     Author ['M Mc Hugh', 'F Mc Caffery', 'V Casey', 'M Pikkarainen']
     Venue NA
     Year 2012
     Abstract software development lifecycle and that regulatory bodies are only concerned with the specific requirements such as traceability rather than  Medical devices being marketed for use within the United States (US) must conform to the FDA requirements and medical devices being
     Url https://ulir.ul.ie/handle/10344/2524


     Search term "FDA+Requirements"+"Traceability"
     Title Where Does It Say That?
     Author ['J Bucher']
     Venue Quality Progress
     Year 2010
     Abstract But a couple of items come into play here. The FDA requirements and ISO standards call for using written calibration procedures. You  equipment? Do you have a program in place to perform reverse traceability for that standard
     Url http://search.proquest.com/openview/83290df588c444a1a1b7d52618cb8e92/1?pq-origsite=gscholar&cbl=34671


     Search term "FDA+Requirements"+"Traceability"
     Title 8.3. 1 Towards Integrating Assurance Cases into Risk‐Based Requirements Management
     Author ['D Feng', 'C Eyster']
     Venue INCOSE International Symposium
     Year 2012
     Abstract Instead of manufacturers claiming safety through satisfaction of the FDA's requirements implicitly and prescriptively, now it is the responsibility of manufacturers to argue explicitly and descriptively that their devices have achieved an acceptable level of safety  traceability()
     Url https://onlinelibrary.wiley.com/doi/abs/10.1002/j.2334-5837.2012.tb01392.x


     Search term "FDA+Requirements"+"Traceability"
     Title Regulatory Compliance and its impact on software development
     Author ['A Hamou-Lhadj']
     Venue Software Compliance Research Group …
     Year 2015
     Abstract Following FDA requirements, a software process should allow the generation of multiple documents (requirement and design specification documents, traceability matrices, test logs, etc.) for each phase of the software process
     Url https://pdfs.semanticscholar.org/033e/3f4cb88026804d1de861b6e1944d652cbd74.pdf


     Search term "FDA+Requirements"+"Traceability"
     Title Operation of a radiopharmacy for a clinical trial
     Author ['JP Norenberg', 'NA Petry', 'S Schwarz']
     Venue Seminars in nuclear medicine
     Year 2010
     Abstract goal of the IRDS is to ensure that the compounding and formulation of the investigational radiopharmaceuticals (IR) is performed in compliance with standards aimed at providing assurance regarding the safety of these ID and the traceability of records  FDA Requirements
     Url https://www.sciencedirect.com/science/article/pii/S0001299810000498


     Search term "FDA+Requirements"+"Traceability"
     Title The Clock is Ticking: Life Science Companies Must Speed Up Efforts to Meet Deadlines for Complete Traceability
     Author ['H Jain']
     Venue NA
     Year NA
     Abstract Key advantages of adopting blockchain technology for a pharma supply chain traceability include: • Data governance and records management  Blockchain technology can provide accurate data for compliance with DSCA specific and FDA requirements
     Url https://in.nttdata.com/en/-/media/assets/brochure/hcls-will-you-meet-deadlines-for-complete-traceability.pdf


     Search term "FDA+Requirements"+"Traceability"
     Title Farm Food Safety Laws: FSMA vs. GAP
     Author ['S Olsen', 'K Allen']
     Venue NA
     Year 2017
     Abstract Traceability records—but, some on-farm food processing activities require traceability. • Pesticide residue testing. • Mock recall plan  program for employees. • Evaluate and document your current composting techniques against FDA requirements
     Url https://digitalcommons.usu.edu/extension_curall/1750/


     Search term "FDA+Requirements"+"Traceability"
     Title Testing medical devices: explore the extensive testing policies one manufacturer uses to ensure the safest and most effective products reach the medical market
     Author ['G Powalisz']
     Venue EE-Evaluation Engineering
     Year 2005
     Abstract requirements, and country-specific requirements dictate the design controls that must be in place for medical software development. Software developers must interpret and apply these controls to their process. The software element of a medical device is subject to traceability
     Url https://go.gale.com/ps/i.do?id=GALE%7CA139761637&sid=googleScholar&v=2.1&it=r&linkaccess=abs&issn=01490370&p=AONE&sw=w


     Search term "FDA+Requirements"+"Traceability"
     Title The high cost of product recall
     Author ['C Gunther']
     Venue online] http://www. vigilistics. com/pdf/The% 20Cost …
     Year 2010
     Abstract The traceability and regulatory records are free to evolve with best practice and reg- ulatory changes, because there is a  systems will be highly repeatable across the enterprise, enabling a fundamentally simpler validation approach to the emerging FDA requirements, and to
     Url http://www.vigilistics.com/assets/doc/whitepapers/WP_HighCostofRecall.pdf


     Search term "FDA+Requirements"+"Traceability"
     Title Performance of 10 systems for self-monitoring of blood glucose by trained healthcare professionals and in the hands of the users
     Author ['UØ Sølvik', 'M Risa', 'CE Jacobsen', 'G Monsen']
     Venue Clinical …
     Year 2015
     Abstract of individuals with diabetes, design of the evaluations, lot numbers, information about reagents and dates of expiration, and traceability of the  trained personnel and end users is less in the present study compared with previous studies (4, 5). Even the FDA requirements for user
     Url https://academic.oup.com/clinchem/article-abstract/61/5/772/5611396


     Search term "FDA+Requirements"+"Traceability"
     Title FDA regulations for investigation and approval of medical devices: Laser and light-based systems
     Author ['TJ Banks', 'GS Ahluwalia']
     Venue Cosmetics Applications of Laser & Light-Based …
     Year 2009
     Abstract JavaScript is disabled on your browser. Please enable JavaScript to use all the features on this page. Skip to main content Skip to article
     Url https://www.sciencedirect.com/science/article/pii/B9780815515722500270


     Search term "FDA+Requirements"+"Traceability"
     Title The Construction of Drug Traceability System Based on Block Chain Technology
     Author ['D Wei', 'Y Yue']
     Venue 亚洲社会药学
     Year 2020
     Abstract [8] Xu Fan, Xu Guili, Daniel Hsia, et al. Design and application of outpatient drug traceability management system in medical institutions [J]. China Pharmacy, 2017, 28 (10): 1379-1382. [9] Xiao Huilai. FDA requirements for one-dimensional and
     Url http://asianjsp.syphu.edu.cn/CN/abstract/abstract568.shtml


     Search term "FDA+Requirements"+"Traceability"
     Title Economic and Regulatory Perspectives on Additive Manufacturing
     Author ['GG Berdine', 'M DiPaola', 'M Weinberg']
     Venue 3D Printing in Orthopaedic Surgery
     Year 2019
     Abstract Traceability goes to the material chain, the design chain, and the manufacturing chain  general purpose manufacturers may not be interested in certifying compliance with medical-specific regulatory structures even though their existing standards would meet FDA requirements
     Url https://www.sciencedirect.com/science/article/pii/B978032358118900004X


     Search term "FDA+Requirements"+"Traceability"
     Title Establishing an FDA-compliant quality program at a corporate research center
     Author ['A Brust']
     Venue NA
     Year 2004
     Abstract and the FDA with a solid tool to audit the quality program. An experienced customer audit team trained in FDA requirements will ultimately measure the success of the project  traceability, process control, inspection and testing, control of non-conforming
     Url http://search.proquest.com/openview/a0fb2a18901b1cd0aa673febe25795b5/1?pq-origsite=gscholar&cbl=18750&diss=y


     Search term "FDA+Requirements"+"Traceability"
     Title Using RFID to track and trace high value products: the case of city healthcare
     Author ['JA Symonds', 'D Parry']
     Venue Journal of Cases on Information Technology …
     Year 2008
     Abstract must fulfil the demands of regulatory bodies concerning traceability and archive test data records for their products. The regulations also set criteria for test machine design, validation processes, and for how complaints are investigated. The FDA requirements for electronic
     Url https://www.igi-global.com/article/using-rfid-track-trace-high/3214


     Search term "FDA+Requirements"+"Traceability"
     Title MARKETING ORDERS CRITICIZED AS WEAK ALTERNATIVE TO FDA REGULATIONS
     Author ['S Baker']
     Venue Inside Washington's FDA Week
     Year 2009
     Abstract [Not Found]
     Url [Not Found]


     Search term "FDA+Requirements"+"Traceability"
     Title Construction and start-up costs for biomanufacturing plants
     Author ['JF Denault', 'A Coquet', 'V Dodelet']
     Venue NA
     Year NA
     Abstract [Not Found]
     Url [Not Found]


     Search term "FDA+Requirements"+"Traceability"
     Title Validation of software" in-product" or" as-product"
     Author ['JE Lincoln']
     Venue Journal of Validation Technology
     Year 2011
     Abstract specification 6. Architecture 7. Design and development history 8. Verification (or testing) and validation (V[T]&V) 9. Traceability 10  Often contact with the technical support function of a software vendor and an explanation of the need to satisfy FDA requirements in validation may
     Url http://search.proquest.com/openview/1b38d008793721604e94d0f9beebc000/1?pq-origsite=gscholar&cbl=29232


     Search term "FDA+Requirements"+"Traceability"
     Title Review of Drug Quality and Security Act of 2013: The Drug Supply Chain Security Act (DSCSA)
     Author ['E Gjini', 'AI Wertheimer']
     Venue INNOVATIONS in pharmacy
     Year 2016
     Abstract In order to understand FDA requirements for the authorized trading partners, such as manufacturers, wholesaler drug distributors, repackagers, and dispensers it is important to  The DSCSA traceability process includes only prescription drugs in the finished form for human use
     Url https://pubs.lib.umn.edu/index.php/innovations/article/view/462


     Search term "FDA+Requirements"+"Traceability"
     Title 10 Ways Track and Trace Improves Production Efficiency
     Author ['TLP Share']
     Venue NA
     Year NA
     Abstract Track and traceability provide medical device manufacturers with the data, insights and information they need to stay in compliance with many of  ISO 13485 and 9001 standards, Current Good Manufacturing Practice (CGMP) and CFR and FDA requirements are just a few of the
     Url https://erpblog.iqms.com/track-and-trace-production-efficiency/


     Search term "FDA+Requirements"+"Traceability"
     Title A multidisciplinary approach to meeting regulatory requirements through use of process informatics in regulated manufacturing
     Author ['K Meints']
     Venue NA
     Year 2014
     Abstract management's insufficient support for quality endeavors, inadequate comprehension of quality improvement techniques, deficient understanding of Information Technology, lacking support for Informatics requirements, and insufficient comprehension of FDA requirements
     Url http://search.proquest.com/openview/381fb6074c72336c4f79a7e66666d269/1?pq-origsite=gscholar&cbl=18750&diss=y

