Showing papers for search query "Hardware+simulation"+"Medical"+"Regulated"

     Search term "Hardware+simulation"+"Medical"+"Regulated"
     Title Real-time triggering of a Functional Electrical Stimulation device using Electroencephalography-a hardware simulation study
     Author ['G Aggarwal']
     Venue NA
     Year 2014
     Abstract hardware simulation study  Still due to their much easier implementation, there are most widely used for research and medical purposes  SCP amplitudes are regulated within tight limits by a negative feedback-loop consisting of a cortical-basal ganglia threshold regulation
     Url https://hal.inria.fr/hal-01064082/


     Search term "Hardware+simulation"+"Medical"+"Regulated"
     Title A compiler for biological networks on silicon chips
     Author ['JK Medley', 'J Teo', 'SS Woo', 'J Hellerstein']
     Venue PLoS computational …
     Year 2020
     Abstract E-mail: kyle@how2cell.com. Current address: Stowers Institute for Medical Research, Kansas City, Missouri, United States of America. Affiliation Department of Bioengineering, University of Washington, Seattle, Washington, United States of America
     Url https://journals.plos.org/ploscompbiol/article?id=10.1371/journal.pcbi.1008063


     Search term "Hardware+simulation"+"Medical"+"Regulated"
     Title Flexible energy-aware simulation of heterogenous wireless sensor networks
     Author ['F Fummi', 'G Perbellini', 'D Quaglia']
     Venue … Design, Automation & …
     Year 2009
     Abstract of program counter IS changed accordmgly to execute the correspondmg serVIce fOlltme Hardware simulation is implemented  PhIlIps [9] and desIgned for body-worn smart medIcal sensors  characteristics of the control law by which the core frequency is regulated depending on
     Url https://ieeexplore.ieee.org/abstract/document/5090926/


     Search term "Hardware+simulation"+"Medical"+"Regulated"
     Title Deciphering the “art” in modeling and simulation of the knee joint: overall strategy
     Author ['A Erdemir', 'TF Besier']
     Venue Journal of …
     Year 2019
     Abstract the cartilage, bone, meniscus, and ligaments [4]. Subsequently, computational models of the knee have penetrated all aspects of healthcare delivery and research in many ways: to support intervention design, to predict surgical outcomes, to deliver medical training, and for
     Url https://asmedigitalcollection.asme.org/biomechanical/article-abstract/141/7/071002/726179


     Search term "Hardware+simulation"+"Medical"+"Regulated"
     Title Water treatment and distribution simulation for a SCADA security testbed.
     Author ['KT Moss']
     Venue NA
     Year 2012
     Abstract implementation of the water sector model in both a software and hardware simulation. Testing and results of the simulation are presented in chapter 6. Finally, conclusions and  organIsms. The levels of chlorine are strictly regulated by the US Environmental
     Url http://ir.library.louisville.edu/cgi/viewcontent.cgi?article=2012&context=etd


     Search term "Hardware+simulation"+"Medical"+"Regulated"
     Title A Reliability evaluation of wireless sensor network simulator: Simulation vs. Testbed
     Author ['ZYA Guan']
     Venue NA
     Year 2011
     Abstract surveillance, environmental observation and forecast, household appliance automation, medical care, space exploration, and other various commercial applications  a wide range of applications, especially in medical care, environmental monitoring
     Url https://unitec.researchbank.ac.nz/handle/10652/1860


     Search term "Hardware+simulation"+"Medical"+"Regulated"
     Title Tsvi Achler, MD/PhD
     Author ['T Achler', 'C Vural', 'E Amir', 'C Omar']
     Venue NA
     Year NA
     Abstract present) Amir Lab UIUC, Postdoc, Classifier theories, self-regulated feedback, neural  General Intelligence, 2007 - Present Class representative to Medical Scholars Program  RELEVANT WORK EXPERIENCE Digital Hardware Simulation (1991-1996) InterHDL, Palo Alto, CA
     Url https://citeseerx.ist.psu.edu/viewdoc/download?doi=10.1.1.169.9705&rep=rep1&type=pdf


     Search term "Hardware+simulation"+"Medical"+"Regulated"
     Title Enhanced Particle Swarm Optimization Technique for Interleaved Inverter Tied Shunt Active Power Filter
     Author ['V Gali', 'N Gupta', 'RA Gupta']
     Venue Soft Computing for Problem Solving
     Year 2019
     Abstract The DC-link capacitor has to be regulated to supply the load demand under this transient condition of the load for efficient performance of  Wiley (1999)Google Scholar. 2. Gali, V., Gupta, N., Gupta, RA: Application of shunt active power filters in medical diagnosis and critical lab
     Url https://link.springer.com/chapter/10.1007/978-981-13-1592-3_45


     Search term "Hardware+simulation"+"Medical"+"Regulated"
     Title Modeling and analysis of FPGA accelerators for real-time streaming video processing in the healthcare domain
     Author ['S van der Vlugt', 'HA Ara', 'R de Jong', 'M Hendriks']
     Venue Journal of Signal …
     Year 2019
     Abstract We consider medical image processing applications in the Image Guided Therapy (IGT) domain, which impose strict requirements on the real-time  The second model uses a detailed hardware simulation to closely mimic the timing behavior of the applications on the platform
     Url https://link.springer.com/content/pdf/10.1007/s11265-018-1414-3.pdf


     Search term "Hardware+simulation"+"Medical"+"Regulated"
     Title FPGA-based multiplier-less log-based hardware architectures for hybrid color image enhancement system
     Author ['UA Nnolim']
     Venue International Journal of Image and Graphics
     Year 2017
     Abstract in application areas including but not limited to digital photography, photo restoration, remote sensing, forensics and medical imaging  2,30 and a modified homomorphic filter that performs regulated dynamic range compression, contrast and edge enhancement while also
     Url https://www.worldscientific.com/doi/abs/10.1142/S0219467817500048


     Search term "Hardware+simulation"+"Medical"+"Regulated"
     Title Modeling and analysis of FPGA accelerators for real-time streaming video processing in the healthcare domain
     Author ['S van der Vlugt', 'HA Ara', 'R de Jong', 'M Hendriks']
     Venue Journal of Signal …
     Year 2019
     Abstract We consider medical image processing applications in the Image Guided Therapy (IGT) domain, which impose strict requirements on the real-time  The second model uses a detailed hardware simulation to closely mimic the timing behavior of the applications on the platform
     Url https://link.springer.com/content/pdf/10.1007/s11265-018-1414-3.pdf


     Search term "Hardware+simulation"+"Medical"+"Regulated"
     Title FPGA-based multiplier-less log-based hardware architectures for hybrid color image enhancement system
     Author ['UA Nnolim']
     Venue International Journal of Image and Graphics
     Year 2017
     Abstract in application areas including but not limited to digital photography, photo restoration, remote sensing, forensics and medical imaging  2,30 and a modified homomorphic filter that performs regulated dynamic range compression, contrast and edge enhancement while also
     Url https://www.worldscientific.com/doi/abs/10.1142/S0219467817500048


     Search term "Hardware+simulation"+"Medical"+"Regulated"
     Title System, method, and computer program product for translating a common hardware database into a logic code model
     Author ['RA Alfieri']
     Venue US Patent 9,171,115
     Year 2015
     Abstract US9171115B2 - System, method, and computer program product for translating a common hardware database into a logic code model - Google Patents. System, method, and computer program product for translating a common
     Url https://patents.google.com/patent/US9171115B2/en


     Search term "Hardware+simulation"+"Medical"+"Regulated"
     Title Bit significance based reconfigurable approximate restoring dividers and square rooters
     Author ['N Arya', 'T Soni', 'M Pattanaik', 'GK Sharma']
     Venue Microelectronics Journal
     Year 2020
     Abstract 4. The CFSCs are used in rest of the columns of the restoring array excluding first and last column. The CSCs are regulated by a subtractor cell controller which has control output bus for each row controlling the CSC operation in accurate or approximate mode row-wise
     Url https://www.sciencedirect.com/science/article/pii/S0026269220304602


     Search term "Hardware+simulation"+"Medical"+"Regulated"
     Title Network-adaptive management of computation energy in wireless sensor networks
     Author ['F Mulas', 'A Acquaviva', 'S Carta', 'G Fenu']
     Venue Proceedings of the …
     Year 2010
     Abstract Denote as follows the “error variable” e to be regulated  Therefore, the ISS is modified to redirect read/write operations for spe- cific addresses to the hardware simulation kernel which up- dates the status of the corresponding HW  signed for body-worn smart medical sensors
     Url https://dl.acm.org/doi/abs/10.1145/1774088.1774245


     Search term "Hardware+simulation"+"Medical"+"Regulated"
     Title Fast simulation of stochastic biochemical reaction networks on cytomorphic chips
     Author ['SS Woo']
     Venue NA
     Year 2016
     Abstract Page 1. Fast Simulation of Stochastic Biochemical Reaction Networks on Cytomorphic Chips by Sung Sik Woo BS, Electrical Engineering KAIST (2009) SM, Electrical Engineering and Computer Science Massachusetts Institute of Technology (2012)
     Url https://dspace.mit.edu/handle/1721.1/107292


     Search term "Hardware+simulation"+"Medical"+"Regulated"
     Title Design and analysis of therapeutic ultrasound systems to develop a diathermy device
     Author ['MA Dhali']
     Venue NA
     Year 2012
     Abstract He introduced ultrasonic physiotherapy as a medical practice at the Charite in Berlin. He suggested that the  The hardware implementation of the proposed design is discussed in Chapter 3. The output results of the hardware, simulation results and comparison are
     Url http://103.82.172.44:8080/xmlui/handle/123456789/289


     Search term "Hardware+simulation"+"Medical"+"Regulated"
     Title Analysis of neural network reliability in safety-critical applications
     Author ['E Sanchez', 'P Bernardi', 'A Ianne']
     Venue NA
     Year 2019
     Abstract and software faults that could be raised while performing image classification dur- ing autonomous driving or medical image analysis  Safety-critical application are regulated by many international standards that defines a set of rules  With respect to the hardware simulation is
     Url https://webthesis.biblio.polito.it/11548/1/tesi.pdf


     Search term "Hardware+simulation"+"Medical"+"Regulated"
     Title The lunar hopping transporter
     Author ['R Degner', 'MH Kaplan', 'J Manning', 'R Meetin']
     Venue NA
     Year 1971
     Abstract the animal test programs, including gross post-mortem examinations of animals and review of results thereof. At the Stanford Medical School, Dr. Klaus Lewin and Dr. Malcolm Mitchinson performed histopathological examinations
     Url https://ntrs.nasa.gov/search.jsp?R=19730007490


     Search term "Hardware+simulation"+"Medical"+"Regulated"
     Title Better Software. Faster!: Best Practices in Virtual Prototyping
     Author ['T De Schutter']
     Venue NA
     Year 2014
     Abstract The respondents are directly involved in software and/or systems development, across a range of industries including automotive, aerospace and defense, medical, mobile, industrial automation and consumer electronics, among others
     Url https://books.google.com/books?hl=en&lr=&id=0VHKAwAAQBAJ&oi=fnd&pg=PP1&dq=%22Hardware+simulation%22+%22Medical%22+%22Regulated%22&ots=cw6VuaMye_&sig=EzT52UMtttavtrOUJD0xYz9Hbs4


     Search term "Hardware+simulation"+"Medical"+"Regulated"
     Title Advances in Streamlining Software Delivery on the Web and its Relations to Embedded Systems
     Author ['K Hirvikoski']
     Venue NA
     Year 2015
     Abstract Page 1. Advances in Streamlining Software Delivery on the Web and its Relations to Embedded Systems Kasper Hirvikoski Master's thesis UNIVERSITY OF HELSINKI Department of Computer Science Helsinki, April 20, 2015 Page 2. Faculty of Science
     Url https://helda.helsinki.fi/handle/10138/156665


     Search term "Hardware+simulation"+"Medical"+"Regulated"
     Title EUDOC on the IBM Blue Gene/L system: Accelerating the transfer of drug discoveries from laboratory to patient
     Author ['YP Pang', 'TJ Mullins', 'BA Swartz']
     Venue IBM Journal of …
     Year 2008
     Abstract This paper describes specific improvements in each of the areas of focus. Introduction Pharmaceuticals may address some of the highest-priority medical challenges facing humanity, including cancers and infectious diseases
     Url https://ieeexplore.ieee.org/abstract/document/5388646/


     Search term "Hardware+simulation"+"Medical"+"Regulated"
     Title Embedded systems: world class designs
     Author ['J Ganssle']
     Venue NA
     Year 2007
     Abstract Olaf Meding (Chapter 5) is a senior software development engineer with more than 15 years experience in all aspects of software analysis, design, development and configuration management in ISO 9001, FDA, and NASA regulated environments
     Url https://books.google.com/books?hl=en&lr=&id=g85yH6tF1S4C&oi=fnd&pg=PP1&dq=%22Hardware+simulation%22+%22Medical%22+%22Regulated%22&ots=EbDg4K55lB&sig=7OfKvtz3Va0KrxdOP-mZTuNYDVc


     Search term "Hardware+simulation"+"Medical"+"Regulated"
     Title Marshall Space Space Flight Center
     Author ['MS PROGBAM']
     Venue NA
     Year 1974
     Abstract Page 1. NASA TECHNICAL MEMORANDUM July 1974 NASA TM X-64808 \ MSFC SKYLAB PROGRAM ENGINEERING AND INTEGRATION Skylab Program O_ioe NASA George C. Marshall (NASA-TM-X-6_89_) ENGINEERING _ND HC $9.25 Marshall Space
     Url https://core.ac.uk/download/pdf/42892756.pdf


     Search term "Hardware+simulation"+"Medical"+"Regulated"
     Title Energy consumption and execution time estimation of embedded system applications
     Author ['G Rau de Almeida Callou']
     Venue NA
     Year 2009
     Abstract 41 3.2 Hardware simulation-related-works  for the development of embedded systems with several complex features, thereby up- holding the development of powerful mobile mechanism such as military gadgets (eg: spy satellites and guide missiles) and medical devices (eg
     Url https://attena.ufpe.br/handle/123456789/1877


     Search term "Hardware+simulation"+"Medical"+"Regulated"
     Title Underwater computer
     Author ['ER Leach', 'JA Robbins', 'SB Helton', 'JJ Webb']
     Venue US Patent 4,658,358
     Year 1987
     Abstract Decompression is regulated by comparing the updated partial pressure in the nine compartments to a table of "M-values" which are stored in a read only memory (ROM)  In order to test this hardware, a digital hardware simulation of the pressure transducer was built
     Url https://patents.google.com/patent/US4658358A/en


     Search term "Hardware+simulation"+"Medical"+"Regulated"
     Title Systems and methods for optimizing muscle development
     Author ['RB Boyette']
     Venue US Patent 8,900,099
     Year 2014
     Abstract US8900099B1 - Systems and methods for optimizing muscle development - Google Patents. Systems and methods for optimizing muscle development. Download PDF Info. Publication number US8900099B1. US8900099B1
     Url https://patents.google.com/patent/US8900099B1/en


     Search term "Hardware+simulation"+"Medical"+"Regulated"
     Title PIC32 microcontrollers and the digilent chipKIT: introductory to advanced projects
     Author ['D Ibrahim']
     Venue NA
     Year 2015
     Abstract Because of rapid advances in the medical sciences, in particular, independent verification of diagnoses and  63 3.1.4 High-Level Language Simulators.....63 3.1.5 Simulators With Hardware Simulation.....64 3.1.6
     Url https://books.google.com/books?hl=en&lr=&id=n8s6BAAAQBAJ&oi=fnd&pg=PP1&dq=%22Hardware+simulation%22+%22Medical%22+%22Regulated%22&ots=MSbmWsukfS&sig=Q17hDhwQxyf5tGsqxt8QSf0nMHY


     Search term "Hardware+simulation"+"Medical"+"Regulated"
     Title A Multiple Case Study Design to Explore How User Innovation, Artificial Intelligence, User Co-creation, and Technology Development Influence the New …
     Author ['C Atkinson']
     Venue NA
     Year 2019
     Abstract advantage. In Australia, Samson and Gloet (2014) performed a comparative case study of Australian manufacturing companies which included a bakery, electronics, swimwear, medical, textiles, and car designer companies. The user co-creation process created a
     Url http://search.proquest.com/openview/b918a4e50c438cf0fc20bdb8936f2b05/1?pq-origsite=gscholar&cbl=18750&diss=y


     Search term "Hardware+simulation"+"Medical"+"Regulated"
     Title Systems and methods for scheduling an exercise program
     Author ['RB Boyette']
     Venue US Patent App. 14/793,333
     Year 2015
     Abstract G06F19/30—Medical informatics, ie computer-based analysis or dissemination of patient or disease data; G06F19/34—Computer-assisted medical diagnosis or treatment, eg computerised prescription or delivery of medication or diets, computerised local control of medical
     Url https://patents.google.com/patent/US20150306459A1/en


     Search term "Hardware+simulation"+"Medical"+"Regulated"
     Title Systems and methods for optimizing muscle development
     Author ['RB Boyette']
     Venue US Patent 9,101,791
     Year 2015
     Abstract US9101791B2 - Systems and methods for optimizing muscle development - Google Patents. Systems and methods for optimizing muscle development. Download PDF Info. Publication number US9101791B2. US9101791B2
     Url https://patents.google.com/patent/US9101791B2/en


     Search term "Hardware+simulation"+"Medical"+"Regulated"
     Title Real-Time Diagnostic Method of Gas Turbines Operating Under Transient Conditions in Hybrid Power Plants
     Author ['E Tsoutsanis', 'M Hamadache']
     Venue … of Engineering for …
     Year 2020
     Abstract Skip to Main Content
     Url https://asmedigitalcollection.asme.org/gasturbinespower/article-abstract/142/10/101002/1086643


     Search term "Hardware+simulation"+"Medical"+"Regulated"
     Title The neurocognition of dance: Mind, movement and motor skills
     Author ['B Bläsing', 'M Puttke', 'T Schack']
     Venue NA
     Year 2018
     Abstract His research focuses on insect locomotion, including behavioural studies as well as software and hardware simulation on both the reactive and the  There followed months of medical treatments and procedures, then weeks in plaster and finally the verdict of the doctors, which
     Url https://books.google.com/books?hl=en&lr=&id=VYRlDwAAQBAJ&oi=fnd&pg=PT7&dq=%22Hardware+simulation%22+%22Medical%22+%22Regulated%22&ots=NMa6e_OAA_&sig=-0D9I8aMiXjZZSVHtW8CvbGKEd4


     Search term "Hardware+simulation"+"Medical"+"Regulated"
     Title Design principles for the development of space technology maturation laboratories aboard the international space station
     Author ['A Saenz-Otero']
     Venue Massachusetts Institute of Technology, Department of …
     Year 2005
     Abstract Page 1. Design Principles for the Development of Space Technology Maturation Laboratories Aboard the International Space Station by Alvar Saenz-Otero SB, Aeronautics and Astronautics, MIT, 1998 SB, Electrical Engineering
     Url http://citeseerx.ist.psu.edu/viewdoc/download?doi=10.1.1.456.4437&rep=rep1&type=pdf


     Search term "Hardware+simulation"+"Medical"+"Regulated"
     Title Design and FPGA implementation of non-linear intelligent control for special electric drives
     Author ['KM Arun Prasad', 'N Usha']
     Venue NA
     Year 2019
     Abstract Fig. 7.5 Step response of PMSM with SMC using HIL simulation and simulation ----- 135 Fig. 7.6 Step response of PMSM with PI controller using HIL simulation and hardware simulation ----- 136 Fig
     Url http://events.cusat.ac.in/xmlui/bitstream/handle/purl/5568/Dyuthi%20T-2610.pdf?sequence=1


     Search term "Hardware+simulation"+"Medical"+"Regulated"
     Title Abstract visual display system
     Author ['JR Mailhot']
     Venue US Patent 3,081,557
     Year 1963
     Abstract 1; 238000009740 moulding (composite fabrication) Methods 0 description 1; 239000000047 products Substances 0 description 1; 239000010832 regulated medical waste Substances 0 description 1; 230000004044 response
     Url https://patents.google.com/patent/US3081557A/en


     Search term "Hardware+simulation"+"Medical"+"Regulated"
     Title DESIGN OF UNIFIED POWER QUALITY CONDITIONER (UPQC) FOR POWER QUALITY IMPROVEMENT
     Author ['ET Abid']
     Venue NA
     Year 2014
     Abstract 4.1.12 PIC Microcontroller (16F877A)50 4.2 Regulated Power Supply.....59  5.1 Software and hardware simulation study65
     Url https://www.academia.edu/download/62329771/Unified_Power_Quality_Conditioner20200310-61764-fotbim.pdf


     Search term "Hardware+simulation"+"Medical"+"Regulated"
     Title The Design and Development of Computer Aided Learning Application for Science Domain (Learner Centered Approach)
     Author ['CM Lee']
     Venue NA
     Year 2017
     Abstract 18 2-3-2 Multimedia in Entertainment 19 2-3-3 Multimedia in Science or Medical Science 20  control. The required aspect of learning is included the ability to reflect on as well as regulated individual's thoughts and behaviors. The well-behaved students are actively
     Url http://eprints.utar.edu.my/2481/1/IA-2017-1305489.pdf


     Search term "Hardware+simulation"+"Medical"+"Regulated"
     Title Single-phase wireless power transfer system controlled by magnetic core reactors at transmitter and receiver
     Author ['L Romba', 'SS Valtchev', 'R Melício']
     Venue Doctoral Conference on Computing …
     Year 2017
     Abstract charging of domestic appliances, mobile phones and laptops, even of Implantable Medical Devices (IMD), eg  the secondary circuit, where the circulation of AC current is regulated [8]. When  2). This choice is a hardware simulation of the reality where the transmitter frequency is
     Url https://link.springer.com/chapter/10.1007/978-3-319-56077-9_41


     Search term "Hardware+simulation"+"Medical"+"Regulated"
     Title A survey on consumers empowerment, communication technologies, and renewable generation penetration within Smart Grid
     Author ['N Shaukat', 'SM Ali', 'CA Mehmood', 'B Khan']
     Venue … and Sustainable Energy …
     Year 2018
     Abstract JavaScript is disabled on your browser. Please enable JavaScript to use all the features on this page. Skip to main content Skip to article
     Url https://www.sciencedirect.com/science/article/pii/S1364032117308420


     Search term "Hardware+simulation"+"Medical"+"Regulated"
     Title Design for an Increasingly Protean Machine
     Author ['S Kriegman']
     Venue NA
     Year 2020
     Abstract Only variety can destroy variety, as Ashby put it. Thermostats, centrifugal governors, and Ashby's Homeostat8 are examples of such systems—regulators—with the “requisite variety” to absorb and eliminate variety in the system being regulated
     Url http://search.proquest.com/openview/182d452d90888caad7a276f7616f3ede/1?pq-origsite=gscholar&cbl=18750&diss=y


     Search term "Hardware+simulation"+"Medical"+"Regulated"
     Title The 2017 SEI Year in Review highlights the work of the institute undertaken during the fiscal year spanning October 1, 2016, to September 30, 2017.
     Author ['PD Nielsen']
     Venue NA
     Year NA
     Abstract Page 1. Page 2. Director and Chief Executive Officer Without question, our national defense and security organizations know the threats our nation faces from adversaries across all operational domains, including cyberspace
     Url https://apps.dtic.mil/sti/pdfs/AD1089520.pdf


     Search term "Hardware+simulation"+"Medical"+"Regulated"
     Title COURSE STRUCTURE FOR B. TECH DEGREE IN INSTRUMENTATION AND CONTROL ENGINEERING 3 RD SEMESTER [2 ND YEAR 1 ST SEMESTER] …
     Author ['PER WEEK']
     Venue NA
     Year NA
     Abstract Page 1. West Bengal University of Technology BF-142, Salt Lake City, Kolkata-700064 Instrumentation & Control Engineering Syllabus upto 7 th Semester Other Syllabi to be Published 1 COURSE STRUCTURE FOR B.TECH
     Url https://makautwb.ac.in/syllabus/Instrumentation_&_Control_Engineering_Syllabus_2007.pdf


     Search term "Hardware+simulation"+"Medical"+"Regulated"
     Title ELECTRONICS AND COMMUNICATION ENGINEERING
     Author ['TTOE SEMESTERS']
     Venue NA
     Year NA
     Abstract 3 0 0 3 U14GST008 Foundation Skills in Integrated Product Development (FSIPD) 3 0 0 3 ELECTIVE II Code No. Course Title L T P C Theory U14ECTE21 Bio medical instrumentation 3 0 0 3 U14ECTE22 Opto Electronic Devices 3 0 0 3
     Url http://www.old.kct.ac.in/wp-content/uploads/2015/08/ECE_R14_3rdTo8th.pdf


     Search term "Hardware+simulation"+"Medical"+"Regulated"
     Title Noise reduction in user generated datasets
     Author ['LA Gutierrez']
     Venue NA
     Year 2014
     Abstract That is like conducting a medical experiment in which the researchers are the test subjects, the engineers that designed the lab equipment, and the medical doctors that will  and platform developers. That is like conducting a medical experiment in which the
     Url http://search.proquest.com/openview/2ee71b7d15f6b2adf7629811c7b91a59/1?pq-origsite=gscholar&cbl=18750&diss=y


     Search term "Hardware+simulation"+"Medical"+"Regulated"
     Title Custom spinal orthosis, methodology and wear compliance
     Author ['MG Vitale']
     Venue US Patent App. 15/354,824
     Year 2018
     Abstract etc. (herein referred to collectively or individually as medical personnel or clinician) may examine a patient with spinal deformities in order determine an appropriate treatment and provide an improved state of spinal balance
     Url https://patents.google.com/patent/US20180133046A1/en


     Search term "Hardware+simulation"+"Medical"+"Regulated"
     Title Time and Volume Restricted Liquid Dispenser
     Author ['TD Hood']
     Venue US Patent App. 15/061,460
     Year 2016
     Abstract US20160256356A1 - Time and Volume Restricted Liquid Dispenser - Google Patents. Time and Volume Restricted Liquid Dispenser. Download PDF Info. Publication number US20160256356A1. US20160256356A1 US15/061,460
     Url https://patents.google.com/patent/US20160256356A1/en


     Search term "Hardware+simulation"+"Medical"+"Regulated"
     Title The autonomous acoustic buoy
     Author ['F Hill Vinyals', 'A Johnson', 'I Huştiuc', 'M Ditrych']
     Venue NA
     Year 2010
     Abstract 72 4.15 Hardware simulation and obtained results ..... 73  Scientists are not able to confirm either of these hypotheses because no one has ever seen a dolphin's head whilst it is in the process of producing sounds. Medical Page 13. 13
     Url https://upcommons.upc.edu/handle/2099.1/13768


     Search term "Hardware+simulation"+"Medical"+"Regulated"
     Title United States Air Force Summer Research Program 1991. Summer Faculty Research Program (SFRP) Reports. Volume 4. Rome Laboratory, Arnold …
     Author ['G Moore']
     Venue NA
     Year 1992
     Abstract [Not Found]
     Url [Not Found]


     Search term "Hardware+simulation"+"Medical"+"Regulated"
     Title System characterization and online mass property identification of the spheres formation flight testbed
     Author ['DS Berkovitz']
     Venue NA
     Year 2008
     Abstract satellite. The gas is regulated to 35 psi and fed through an expansion capacitor to the 12 solenoid-actuated valve thrusters. When a command to fire is sent through the Digital  and high fidelity hardware simulation. By operating inside the ISS, the SPHERES
     Url https://dspace.mit.edu/handle/1721.1/43083

