Showing papers for search query "Medical"+"Case+Study"

     Search term "Medical"+"Case+Study"
     Title Incorporating expert knowledge when learning Bayesian network structure: a medical case study
     Author ['MJ Flores', 'AE Nicholson', 'A Brunskill', 'KB Korb']
     Venue Artificial intelligence in …
     Year 2011
     Abstract Objectives Bayesian networks (BNs) are rapidly becoming a leading technology in applied Artificial Intelligence, with many applications in medicine. Both automated learning of BNs and expert elicitation have been used to build these networks, but the potentially
     Url https://www.sciencedirect.com/science/article/pii/S0933365711001084


     Search term "Medical"+"Case+Study"
     Title Domain ontology driven data mining: a medical case study
     Author ['YT Kuo', 'A Lonie', 'L Sonenberg', 'K Paizis']
     Venue Proceedings of the 2007 …
     Year 2007
     Abstract This paper reports a domain ontology-driven approach to data mining on a medical database containing clinical data on patients undergoing treatment for chronic kidney disease. Each record within the dataset is comprised of a large number (up to 96) of
     Url https://dl.acm.org/doi/abs/10.1145/1288552.1288554


     Search term "Medical"+"Case+Study"
     Title Using knowledge management and the internet to support evidence based practice: a medical case study
     Author ['DL Moody', 'GG Shanks']
     Venue Proceedings of the 10th Australasian Conference …
     Year 1999
     Abstract Evidence based medicine (EBM) is a discipline which synthesises research findings on the effectiveness of medical treatments to support clinical decision making. To make a practical difference, this information needs to be disseminated and used in everyday clinical practice
     Url http://citeseerx.ist.psu.edu/viewdoc/download?doi=10.1.1.5.4761&rep=rep1&type=pdf


     Search term "Medical"+"Case+Study"
     Title Assumption-based argumentation for decision-making with preferences: A medical case study
     Author ['X Fan', 'R Craven', 'R Singer', 'F Toni']
     Venue International Workshop on …
     Year 2013
     Abstract We present a formal decision-making framework, where decisions have multiple attributes and meet goals, and preferences are defined over individual goals and sets of goals. We define decision functions to select 'good'decisions according to an underlying decision
     Url https://link.springer.com/chapter/10.1007/978-3-642-40624-9_23


     Search term "Medical"+"Case+Study"
     Title Spatio-temporal hybrid automata for safe cyber-physical systems: A medical case study
     Author ['A Banerjee', 'SKS Gupta']
     Venue 2013 ACM/IEEE International …
     Year 2013
     Abstract Interactions between the computing units and the physical environment in Cyber-Physical Systems (CPSes) are considered to verify safety properties, ie ensuring the un-intentional side-effects of cyber-physical interactions are within desired limits. A Linear 1 space
     Url https://ieeexplore.ieee.org/abstract/document/6604001/


     Search term "Medical"+"Case+Study"
     Title The evolution of the labor market for medical interns and residents: a case study in game theory
     Author ['AE Roth']
     Venue Journal of political Economy
     Year 1984
     Abstract The organization of the labor market for medical interns and residents underwent a number of changes before taking its present form in 1951. The record of these changes and the problems that prompted them provides an unusual opportunity to study the forces at work in
     Url https://www.journals.uchicago.edu/doi/abs/10.1086/261272


     Search term "Medical"+"Case+Study"
     Title Medical insurance: A case study of the tradeoff between risk spreading and appropriate incentives
     Author ['R Zeckhauser']
     Venue Journal of Economic theory
     Year 1970
     Abstract The primary purpose of medical insurance is to spread a risk, the risk of incurring substantial medical expenses. l With risk spreading, individuals will not pay the full amounts of such expenses. Insurance provision will thus introduce a perverse incentive toward
     Url https://oconnell.fas.harvard.edu/files/rzeckhauser/files/medical_insurance.pdf


     Search term "Medical"+"Case+Study"
     Title Defining and improving data quality in medical registries: a literature review, case study, and generic framework
     Author ['DGT Arts', 'NF De Keizer']
     Venue … of the American Medical …
     Year 2002
     Abstract Over the past years the number of medical registries has increased sharply. Their value strongly depends on the quality of the data contained in the registry. To optimize data quality, special procedures have to be followed. A literature review and a case study of data
     Url https://academic.oup.com/jamia/article-abstract/9/6/600/1036696


     Search term "Medical"+"Case+Study"
     Title The McMaster MD program: a case study of renewal in medical education.
     Author ['VR Neufeld', 'CA Woodward']
     Venue … of American Medical …
     Year 1989
     Abstract This paper presents four aspects of health professions education at McMaster University:(1) a review of the key elements of the history and distinctive approach of the Doctor of Medicine (MD) program;(2) a description of the process and substance of curriculum change over the
     Url https://europepmc.org/article/med/2751777


     Search term "Medical"+"Case+Study"
     Title Medical waste management in Turkey: A case study of Istanbul
     Author ['ME Birpınar', 'MS Bilgili', 'T Erdoğan']
     Venue Waste management
     Year 2009
     Abstract The objective of this study was to analyze the present status of medical waste management in the light of the Medical Waste Control Regulation (MWCR) in Istanbul, the largest city in Turkey. About 17% of the hospitals, 20% of bed capacity, and 54% of private hospitals in
     Url https://www.sciencedirect.com/science/article/pii/S0956053X08001244


     Search term "Medical"+"Case+Study"
     Title Issues in wearable computing for medical monitoring applications: a case study of a wearable ECG monitoring device
     Author ['T Martin', 'E Jovanov', 'D Raskovic']
     Venue Digest of Papers. Fourth …
     Year 2000
     Abstract In this paper we discuss issues surrounding wearable computers used as intelligent health monitors. Unlike existing health monitors (for example, ECG and EEG holters), that are used mainly for data acquisition, the devices we discuss provide real-time feedback to the patient
     Url https://ieeexplore.ieee.org/abstract/document/888463/


     Search term "Medical"+"Case+Study"
     Title A Case Study for Blockchain in Healthcare:“MedRec” prototype for electronic health records and medical research data
     Author ['A Ekblaw', 'A Azaria', 'JD Halamka']
     Venue … of IEEE open & big data …
     Year 2016
     Abstract A long-standing focus on compliance has traditionally constrained development of fundamental design changes for Electronic Health Records (EHRs). We now face a critical need for such innovation, as personalization and data science prompt patients to engage in
     Url http://www.academia.edu/download/61480915/A_Case_Study_for_Blockchain_in_Healthcar20191210-107055-1pdo5bw.pdf


     Search term "Medical"+"Case+Study"
     Title Medical waste management in China: A case study of Nanjing
     Author ['Z Yong', 'X Gang', 'W Guanxing', 'Z Tao', 'J Dawei']
     Venue Waste management
     Year 2009
     Abstract Medical waste management is of great importance due to its infectious and hazardous nature that can cause undesirable effects on humans and the environment. The objective of this study was to analyze and evaluate the present status of medical waste management in
     Url https://www.sciencedirect.com/science/article/pii/S0956053X08004121


     Search term "Medical"+"Case+Study"
     Title Applying theory to the design of cultural competency training for medical students: a case study
     Author ['SJ Crandall', 'G George', 'GS Marion', 'S Davis']
     Venue Academic Medicine
     Year 2003
     Abstract Although literature suggests that providing culturally sensitive care promotes positive health outcomes for patients, undergraduate medical education currently does not provide adequate cultural competency training. At most schools, cultural competency, as a formal
     Url https://journals.lww.com/academicmedicine/fulltext/2003/06000/applying_theory_to_the_design_of_cultural.7.aspx


     Search term "Medical"+"Case+Study"
     Title Assessment of medical wastes management practice: a case study of the northern part of Jordan
     Author ['A Bdour', 'B Altrabsheh', 'N Hadadin', 'M Al-Shareif']
     Venue Waste management
     Year 2007
     Abstract This study includes a survey of the procedures available, techniques, and methods of handling and disposing of medical waste at medium (between 100 and 200 beds) to large (over 200 beds) size healthcare facilities located in Irbid city (a major city in the northern part
     Url https://www.sciencedirect.com/science/article/pii/S0956053X06000948


     Search term "Medical"+"Case+Study"
     Title Costs and benefits of medical research: a case study of poliomyelitis
     Author ['BA Weisbrod']
     Venue Journal of Political Economy
     Year 1971
     Abstract The paper provides estimates of (1) research expenditures on poliomyelitis,(2) several forms of productivity benefits from applying the knowledge generated by the research, and (3) the costs of applying that knowledge. Internal rates of return are computed under a variety of
     Url https://www.journals.uchicago.edu/doi/abs/10.1086/259766


     Search term "Medical"+"Case+Study"
     Title The amount of small-group case-study discussion needed to improve moral reasoning skills of medical students.
     Author ['DJ Self', 'M Olivarez', 'DC Baldwin Jr']
     Venue … of American Medical Colleges
     Year 1998
     Abstract PURPOSE: To examine how much exposure to small-group case-study discussion is necessary to significantly increase moral reasoning skills. METHOD: For the classes of 1991-1998 at Texas A&M, using Rest's Defining Issues Test, the authors tested groups of students
     Url https://europepmc.org/article/med/9609864


     Search term "Medical"+"Case+Study"
     Title The ontology-epistemology divide: A case study in medical terminology
     Author ['O Bodenreider', 'B Smith', 'A Burgun']
     Venue Formal ontology in information …
     Year 2004
     Abstract Medical terminology collects and organizes the many different kinds of terms employed in the biomedical domain both by practitioners and also in the course of biomedical research. In addition to serving as labels for biomedical classes, these names reflect the
     Url https://www.ncbi.nlm.nih.gov/pmc/articles/PMC4346778/


     Search term "Medical"+"Case+Study"
     Title Determinants of patient choice of medical provider: a case study in rural China
     Author ['WC Yip', 'H Wang', 'Y Liu']
     Venue Health policy and planning
     Year 1998
     Abstract This study examines the factors that influence patient choice of medical provider in the three-tier health care system in rural China: village health posts, township health centres, and county (and higher level) hospitals. The model is estimated using a multinomial logit
     Url https://academic.oup.com/heapol/article-abstract/13/3/311/577836


     Search term "Medical"+"Case+Study"
     Title Understanding emergency medical dispatch in terms of distributed cognition: a case study
     Author ['D Furniss', 'A Blandford']
     Venue Ergonomics
     Year 2006
     Abstract Emergency medical dispatch (EMD) is typically a team activity, requiring fluid coordination and communication between team members. Such working situations have often been described in terms of distributed cognition (DC), a framework for understanding team
     Url https://www.tandfonline.com/doi/abs/10.1080/00140130600612663


     Search term "Medical"+"Case+Study"
     Title Information searching habits of Internet users: A case study on the Medical Sciences University of Isfahan, Iran
     Author ['A Asemi']
     Venue Webology
     Year 2005
     Abstract This article reports a survey on the search habits of Internet users at the Medical University of Isfahan (MUI), a governmental university in Isfahan city, Iran. Efforts are on to find the search requirements related to the use of the Internet information. Data were collected by
     Url http://www.webology.org/data-cms/articles/20200515042350pma10.pdf


     Search term "Medical"+"Case+Study"
     Title Occupational stress and its effect on job performance. A case study of medical house officers of district Abbottabad
     Author ['R Kazmi', 'S Amjad', 'D Khan']
     Venue J Ayub Med Coll Abbottabad
     Year 2008
     Abstract Background: Doctors especially house officers are under a great deal of stress related to a variety of occupational stressors. Occupational stressors contribute to organizational inefficiency, high staff turnover, absenteeism due to sickness, decreased quality, and
     Url http://www.emro.who.int/imemrf/J_Ayub_Med_Coll/J_Ayub_Med_Coll_2008_20_3_135_139.pdf


     Search term "Medical"+"Case+Study"
     Title Enhancing the informal curriculum of a medical school: a case study in organizational culture change
     Author ['AH Cottingham', 'AL Suchman', 'DK Litzelman']
     Venue Journal of general …
     Year 2008
     Abstract Background Calls for organizational culture change are audible in many health care discourses today, including those focused on medical education, patient safety, service quality, and translational research. In spite of many efforts, traditional “top–down”
     Url https://link.springer.com/article/10.1007%252Fs11606-008-0543-y


     Search term "Medical"+"Case+Study"
     Title Distributed medical image analysis and diagnosis through crowd-sourced games: a malaria case study
     Author ['S Mavandadi', 'S Dimitrov', 'S Feng', 'F Yu', 'U Sikora']
     Venue PloS one
     Year 2012
     Abstract In this work we investigate whether the innate visual recognition and learning capabilities of untrained humans can be used in conducting reliable microscopic analysis of biomedical samples toward diagnosis. For this purpose, we designed entertaining digital games that are
     Url https://journals.plos.org/plosone/article?id=10.1371/journal.pone.0037245


     Search term "Medical"+"Case+Study"
     Title An accelerated Benders decomposition algorithm for sustainable supply chain network design under uncertainty: A case study of medical needle and syringe supply …
     Author ['MS Pishvaee', 'J Razmi', 'SA Torabi']
     Venue Transportation Research Part E …
     Year 2014
     Abstract This paper proposes a multi-objective possibilistic programming model to design a sustainable medical supply chain network under uncertainty considering conflicting economic, environmental and social objectives. Effective social and environmental life cycle
     Url https://www.sciencedirect.com/science/article/pii/S1366554514000520


     Search term "Medical"+"Case+Study"
     Title Toward a typology of medical tourists: A case study of Thailand
     Author ['M Wongkit', 'B McKercher']
     Venue Tourism Management
     Year 2013
     Abstract This paper examines the motivations of medical tourists who sought treatment in Thailand. Previous research has tended to treat the medical tourist market as undifferentiated, with the decision to seek treatment made prior to departure. These assumptions may be incorrect
     Url https://www.sciencedirect.com/science/article/pii/S0261517713000538


     Search term "Medical"+"Case+Study"
     Title Decisive factors in medical tourism destination choice: A case study of Isfahan, Iran and fertility treatments
     Author ['F Moghimehfar', 'MH Nasr-Esfahani']
     Venue Tourism Management
     Year 2011
     Abstract The birth of the first in vitro fertilized baby, followed by further advances in the field of assisted reproductive technology (ART) has made this technology one of the most attractive tourism innovations among the different categories of medical tourism. In addition, factors
     Url https://www.sciencedirect.com/science/article/pii/S0261517711000082


     Search term "Medical"+"Case+Study"
     Title Medical dominance in multidisciplinary teamwork: a case study of discharge decision‐making in a geriatric assessment unit
     Author ['G Gair', 'T Hartery']
     Venue Journal of Nursing Management
     Year 2001
     Abstract Aim To investigate the degree of medical dominance in multidisciplinary teams in a geriatric assessment unit by focusing on decision‐making with regard to patient discharge. Background The persistence of medical dominance in multidisciplinary teamwork has been
     Url https://onlinelibrary.wiley.com/doi/abs/10.1111/j.1365-2834.2001.00200.x


     Search term "Medical"+"Case+Study"
     Title A user-centred approach to requirements elicitation in medical device development: A case study from an industry perspective
     Author ['JL Martin', 'DJ Clark', 'SP Morgan', 'JA Crowe', 'E Murphy']
     Venue Applied ergonomics
     Year 2012
     Abstract The healthcare industry is dependent upon the provision of well designed medical devices. To achieve this it is recommended that user-centred design should begin early, and continue throughout device development. This is a challenge, particularly for smaller
     Url https://www.sciencedirect.com/science/article/pii/S0003687011000603


     Search term "Medical"+"Case+Study"
     Title A Medical Claim Fraud/Abuse Detection System based on Data Mining: A Case Study in Chile.
     Author ['PA Ortega', 'CJ Figueroa', 'GA Ruz']
     Venue DMIN
     Year 2006
     Abstract This paper describes an effective medical claim fraud/abuse detection system based on data mining used by a Chilean private health insurance company. Fraud and abuse in medical claims have become a major concern within health insurance companies in Chile the last
     Url https://gonzaloruz.com/GR/Publications_files/10.1.1.102.7997.pdf


     Search term "Medical"+"Case+Study"
     Title Implementation of an electronic medical record in family practice: a case study
     Author ['MP Gagnon', 'M Desmartis', 'M Labrecque']
     Venue Journal of Innovation …
     Year 2010
     Abstract Background Electronic medical records (EMRs) have the potential to foster a safer, more effective and more efficient healthcare system. However, their implementation in primary care practice remains a challenge. Objective This study aims at exploring factors that have
     Url http://hijournal.bcs.org/index.php/jhi/article/view/751


     Search term "Medical"+"Case+Study"
     Title The effect of teaching medical ethics on medical students' moral reasoning.
     Author ['DJ Self', 'FD Wolinsky', 'DWC Baldwin']
     Venue Academic medicine
     Year 1989
     Abstract Assessed the effect of medical ethics (ME) in medical curriculum on moral reasoning in 37 medical students who received lecture format ME instruction; 46 students who received half of their ME instruction in lecture format and half in a small group, case study format; and 36
     Url https://psycnet.apa.org/record/1990-13271-001


     Search term "Medical"+"Case+Study"
     Title A comparison of learning algorithms for Bayesian networks: a case study based on data from an emergency medical service
     Author ['S Acid', 'LM de Campos', 'JM Fernández-Luna']
     Venue Artificial intelligence in …
     Year 2004
     Abstract Due to the uncertainty of many of the factors that influence the performance of an emergency medical service, we propose using Bayesian networks to model this kind of system. We use different algorithms for learning Bayesian networks in order to build several models, from the
     Url https://www.sciencedirect.com/science/article/pii/S0933365703001325


     Search term "Medical"+"Case+Study"
     Title Noise elimination in inductive concept learning: A case study in medical diagnosis
     Author ['D Gamberger', 'N Lavrač', 'S Džeroski']
     Venue International Workshop on …
     Year 1996
     Abstract Compression measures used in inductive learners, such as measures based on the MDL (Minimum Description Length) principle, provide a theoretically justified basis for grading candidate hypotheses. Compression-based induction is appropriate also for handling of
     Url https://link.springer.com/chapter/10.1007/3-540-61863-5_47


     Search term "Medical"+"Case+Study"
     Title Case study: a data warehouse for an academic medical center
     Author ['JS Einbinder', 'KW Scully', 'RD Pates']
     Venue Journal of Healthcare …
     Year 2001
     Abstract The clinical data repository (CDR) is a frequently updated relational data warehouse that provides users with direct access to detailed, flexible, and rapid retrospective views of clinical, administrative, and financial patient data for the University of Virginia Health System
     Url http://www.academia.edu/download/40064128/Case_study_a_data_warehouse_for_an_acade20151116-3898-1jk574j.pdf


     Search term "Medical"+"Case+Study"
     Title A case study in the globalization of medical education: assisting overseas-born students at the University of Melbourne
     Author ['L Hawthorne', 'IH Minas', 'B Singh']
     Venue Medical Teacher
     Year 2004
     Abstract Over the past decade there has been a remarkable increase in ethnic diversity among Australian medical students. This phenomenon has been driven by two forces: the disproportionate school-level academic success achieved by first-generation migrant and
     Url https://www.tandfonline.com/doi/abs/10.1080/0142159032000150539


     Search term "Medical"+"Case+Study"
     Title Rich-narrative case study for online PBL in medical education
     Author ['J Bizzocchi', 'R Schell']
     Venue Academic Medicine
     Year 2009
     Abstract Case studies are the basis of a wellknown medical education pedagogy called problem-based learning (PBL). Traditional case studies are paper based and contain brief medical facts about a patient's illness. The authors of this article argue for a rich-narrative PBL
     Url https://journals.lww.com/academicmedicine/Fulltext/2009/10000/Rich_Narrative_Case_Study_for_Online_PBL_in.31.aspx


     Search term "Medical"+"Case+Study"
     Title Developing a frenotomy policy at one medical center: a case study approach
     Author ['NS Masaitis', 'JW Kaempf']
     Venue Journal of Human Lactation
     Year 1996
     Abstract The objective of this study was to change procedures in our medical center regarding frenotomy for ankyloglossia (tongue-tie). The medical and breastfeeding outcomes of 36 fullterm infants who received frenotomies were studied. The information was used to
     Url https://journals.sagepub.com/doi/abs/10.1177/089033449601200321


     Search term "Medical"+"Case+Study"
     Title The Tulane Electrical Brain Stimulation Program a historical case study in medical ethics
     Author ['A Baumeister']
     Venue Journal of the History of the Neurosciences
     Year 2000
     Abstract In 1950 physicians at Tulane University School of Medicine began a program of research on the use of electrical brain stimulation that would span three decades and involve approximately 100 patients. Initially, electrical brain stimulation was used to treat of
     Url https://www.tandfonline.com/doi/abs/10.1076/jhin.9.3.262.1787


     Search term "Medical"+"Case+Study"
     Title The effectiveness of streaming video on medical student learning: a case study
     Author ['PD Bridge', 'M Jackson', 'L Robinson']
     Venue Medical Education Online
     Year 2009
     Abstract Information technology helps meet today's medical students' needs by providing multiple curriculum delivery methods. Video streaming is an e-learning technology that uses the Internet to deliver curriculum while giving the student control of the content's delivery
     Url https://www.tandfonline.com/doi/abs/10.3402/meo.v14i.4506


     Search term "Medical"+"Case+Study"
     Title Discovering comprehensible classification rules using genetic programming: a case study in a medical domain
     Author ['CC Bojarczuk', 'HS Lopes', 'AA Freitas']
     Venue … of the 1st Annual Conference on …
     Year 1999
     Abstract This work it is intended to discover classification rules for diagnosing certain pathologies. These rules are capable of discriminating among 12 different pathologies, whose main symptom is chest pain. In order to discover these rules it was used genetic programming as
     Url http://citeseerx.ist.psu.edu/viewdoc/download?doi=10.1.1.37.9861&rep=rep1&type=pdf


     Search term "Medical"+"Case+Study"
     Title Towards end-to-end government performance management: Case study of interorganizational information integration in emergency medical services (EMS)
     Author ['BL Schooley', 'TA Horan']
     Venue Government Information Quarterly
     Year 2007
     Abstract A recent line of e-government research has emphasized the importance of interorganizational information sharing in the public domain. This research extends these information-sharing dimensions to explore information sharing relative to service
     Url https://www.sciencedirect.com/science/article/pii/S0740624X07000317


     Search term "Medical"+"Case+Study"
     Title Mobile learning in resource-constrained environments: a case study of medical education
     Author ['C Pimmer', 'S Linxen', 'U Gröhbiel', 'AK Jha', 'G Burg']
     Venue Medical teacher
     Year 2013
     Abstract Background: The achievement of the millennium development goals may be facilitated by the use of information and communication technology in medical and health education. Aims: This study intended to explore the use and impact of educational technology in
     Url https://www.tandfonline.com/doi/abs/10.3109/0142159X.2012.733454


     Search term "Medical"+"Case+Study"
     Title Security tradeoffs in cyber physical systems: A case study survey on implantable medical devices
     Author ['R AlTawy', 'AM Youssef']
     Venue IEEE Access
     Year 2016
     Abstract The new culture of networked systems that offer everywhere accessible services has given rise to various types of security tradeoffs. In fact, with the evolution of physical systems that keep getting integrated with cyber frameworks, cyber threats have far more critical effects as
     Url https://ieeexplore.ieee.org/abstract/document/7393449/


     Search term "Medical"+"Case+Study"
     Title Patient safety and medical malpractice: a case study
     Author ['TA Brennan', 'MM Mello']
     Venue Annals of internal medicine
     Year 2003
     Abstract The system of tort liability for medical malpractice is frequently criticized for poorly performing its theoretical functions of compensating injured patients, deterring negligence, and dispensing corrective justice. Working from an actual malpractice case involving serious
     Url https://www.acpjournals.org/doi/abs/10.7326/0003-4819-139-4-200308190-00009


     Search term "Medical"+"Case+Study"
     Title Interpreting signs of illness: A case study in medical semiotics
     Author ['KV Staiano']
     Venue NA
     Year 2016
     Abstract Part of the research for this book was funded by a doctoral fellowship from the Social Science Research Council. I am much indebted to the guidance of John Janzen who served as my advisor at the University of Kansas and Thomas Sebeok who has provided me with
     Url https://books.google.com/books?hl=en&lr=&id=cUiHDwAAQBAJ&oi=fnd&pg=PR7&dq=%22Medical%22+%22Case+Study%22&ots=jEP33hbeaX&sig=wgxaMdaxWpfQSgYBoqruoHR7uWA


     Search term "Medical"+"Case+Study"
     Title … participation in requirements elicitation comparing focus group interviews and usability tests for eliciting usability requirements for medical equipment: a case study
     Author ['K Garmer', 'J Ylvén', 'ICMA Karlsson']
     Venue International Journal of Industrial …
     Year 2004
     Abstract If all medical equipment had been designed with good user interfaces, incidents and accidents could be reduced as could the time required to learn how to use the equipment. It is therefore important to find approaches that contribute to the development of improved user
     Url https://www.sciencedirect.com/science/article/pii/S0169814103001318


     Search term "Medical"+"Case+Study"
     Title The risk and consequences of clinical miscoding due to inadequate medical documentation: a case study of the impact on health services funding
     Author ['P Cheng', 'A Gilchrist', 'KM Robinson']
     Venue Health Information …
     Year 2009
     Abstract As coded clinical data are used in a variety of areas (eg health services funding, epidemiology, health sciences research), coding errors have the potential to produce far-reaching consequences. In this study the causes and consequences of miscoding were
     Url https://journals.sagepub.com/doi/abs/10.1177/183335830903800105


     Search term "Medical"+"Case+Study"
     Title Exploring learner acceptance of the use of virtual reality in medical education: a case study of desktop and projection-based display systems
     Author ['HM Huang', 'SS Liaw', 'CM Lai']
     Venue Interactive Learning Environments
     Year 2016
     Abstract Advanced technologies have been widely applied in medical education, including human-patient simulators, immersive virtual reality Cave Automatic Virtual Environment systems, and video conferencing. Evaluating learner acceptance of such virtual reality (VR) learning
     Url https://www.tandfonline.com/doi/abs/10.1080/10494820.2013.817436


     Search term "Medical"+"Case+Study"
     Title Verification of medical guidelines by model checking–a case study
     Author ['S Bäumler', 'M Balser', 'A Dunets', 'W Reif']
     Venue … SPIN Workshop on Model …
     Year 2006
     Abstract This paper presents a case study on how to apply formal modeling and verification in the context of quality improvement in medical healthcare. The aim is to verify quality requirements of medical guidelines and clinical treatment protocols that are used to
     Url https://link.springer.com/chapter/10.1007/11691617_13

