Showing papers for search query "Regulated"+"Traceability"

     Search term "Regulated"+"Traceability"
     Title Motivation matters in the traceability trenches
     Author ['P Mader', 'O Gotel', 'I Philippow']
     Venue 2009 17th IEEE International …
     Year 2009
     Abstract defines regulated's process Traceability de nition Traceability practice constrains possible process  Cases 5 and 6 were large companies developing in the au- tomotive domain. In the regulated environment, traceability is strategic to business and the investment is high
     Url https://ieeexplore.ieee.org/abstract/document/5328607/


     Search term "Regulated"+"Traceability"
     Title Scaling agile methods to regulated environments: An industry case study
     Author ['B Fitzgerald', 'KJ Stol', "R O'Sullivan"]
     Venue 2013 35th International …
     Year 2013
     Abstract environment. Furthermore, regulated environments require rigorous traceability. In  D. Traceability A key concern in regulated environments is traceability, which helps to establish compliance to standards and regula- tions. The IEEE
     Url https://ieeexplore.ieee.org/abstract/document/6606635/


     Search term "Regulated"+"Traceability"
     Title Visualizing and validating metadata traceability within the CDISC standards
     Author ['S Hume', 'S Sarnikar', 'L Becnel']
     Venue AMIA Summits on …
     Year 2017
     Abstract Within regulated clinical research, traceability is a requirement and indicates that the analysis results can be traced back to the original source data. Current solutions for clinical research data traceability are limited in terms of querying, validation and visualization capabilities
     Url https://www.ncbi.nlm.nih.gov/pmc/articles/PMC5543378/


     Search term "Regulated"+"Traceability"
     Title Traceability Blockchain Prototype for Regulated Manufacturing Industries
     Author ['U Eryilmaz', 'R Dijkman', 'W van Jaarsveld']
     Venue Proceedings of the …
     Year 2020
     Abstract Blockchain emerged as a peer-to-peer trust platform for trading virtual currencies and evolved to be used for different problems including supply chain provenance. Due to stringent requirements of safety, regulated manufacturing and service industries such as
     Url https://dl.acm.org/doi/abs/10.1145/3409934.3409937


     Search term "Regulated"+"Traceability"
     Title Food traceability in regulated fresh food supply chains with an emphasis on the Swedish fishing industry
     Author ['H Ringsberg']
     Venue NA
     Year 2013
     Abstract Food traceability is gaining increased attention in food companies and governmental authorities. This is because of the increase in legal and consumer requirements on ensuring food safety, quality and preservation of living resources. These requirements especially
     Url http://lup.lub.lu.se/record/4053510


     Search term "Regulated"+"Traceability"
     Title Software and systems traceability
     Author ['J Cleland-Huang', 'O Gotel', 'A Zisman']
     Venue NA
     Year 2012
     Abstract of traceability links, visualising traceability, and developing traceability practices that apply across a wide range of domains such as product lines, multi-agent systems, safety critical applications, aspect-oriented and agile software development, and various regulated industries
     Url https://link.springer.com/content/pdf/10.1007/978-1-4471-2239-5.pdf


     Search term "Regulated"+"Traceability"
     Title The barriers to traceability and their potential solutions: Towards a reference framework
     Author ['G Regan', 'F McCaffery', 'K McDaid']
     Venue 2012 38th Euromicro …
     Year 2012
     Abstract Additionally, given the importance of traceability in the regulated domain of safety critical software, the paper compares the barriers for organizations operating inside and outside of this domain. Keywords-traceability, barriers, safety-critical
     Url https://ieeexplore.ieee.org/abstract/document/6328169/


     Search term "Regulated"+"Traceability"
     Title Comparison of global food traceability regulations and requirements
     Author ['S Charlebois', 'B Sterling', 'S Haratifar']
     Venue … reviews in food …
     Year 2014
     Abstract 5. What products or commodities are being regulated for traceability? 6. What kinds of identifiers are being used for tracking/registering of imports (eg, ear tags, barcodes, RFID)  5. What products or commodities are being regulated for traceability
     Url https://onlinelibrary.wiley.com/doi/abs/10.1111/1541-4337.12101


     Search term "Regulated"+"Traceability"
     Title Consumer evaluations of product certification, geographic association and traceability in Greece
     Author ['E Dimara', 'D Skuras']
     Venue European journal of marketing
     Year 2003
     Abstract Finally, traceability is a non‐regulated quality cue and it is solely upon the business to decide whether to use it or not  The same effect is attained when the semi‐regulated and the non‐regulated quality cues of geographic association and traceability are used
     Url https://www.emerald.com/insight/content/doi/10.1108/03090560310465099/full/html


     Search term "Regulated"+"Traceability"
     Title Legislative requirements for the identification and traceability of farm animals within the European Union.
     Author ['S Ammendrup', 'AE Füssel']
     Venue Revue scientifique et technique …
     Year 2001
     Abstract 1. Rev Sci Tech. 2001 Aug;20(2):437-44. Legislative requirements for the identification and traceability of farm animals within the European Union  Active identification of Equidae using electronic devices is not regulated by EC legislation, but research in livestock is underway
     Url https://www.ncbi.nlm.nih.gov/pubmed/11548518


     Search term "Regulated"+"Traceability"
     Title Consumer interest in information cues denoting quality, traceability and origin: An application of ordered probit models to beef labels
     Author ['W Verbeke', 'RW Ward']
     Venue Food quality and preference
     Year 2006
     Abstract initiatives). The third category included the beef label cues related to traceability as regulated in the first phase of the EU beef labelling programme: traceability reference code, slaughterhouse ID code and cutting unit ID code. The
     Url https://www.sciencedirect.com/science/article/pii/S0950329305000820


     Search term "Regulated"+"Traceability"
     Title Software traceability: trends and future directions
     Author ['J Cleland-Huang', 'OCZ Gotel']
     Venue Future of Software …
     Year 2014
     Abstract Benefits are realized across all projects, not just regulated ones. Traceability information is made accessible to humans to support the tasks that are relevant to their project environments, and rendered in ways that facilitate interaction and decision-making
     Url https://dl.acm.org/doi/abs/10.1145/2593882.2593891


     Search term "Regulated"+"Traceability"
     Title The consequences of voluntary traceability system for supply chain relationships. An application of transaction cost economics
     Author ['A Banterle', 'S Stranieri']
     Venue Food Policy
     Year 2008
     Abstract This voluntary traceability system is regulated by a number of European organizations accredited to deliver food safety standards, like AFNOR (Association Française de Normalization) in France, BSI (British Standard Institute) in the United Kingdom, UNI (National Standards
     Url https://www.sciencedirect.com/science/article/pii/S0306919208000481


     Search term "Regulated"+"Traceability"
     Title Mind the gap: assessing the conformance of software traceability to relevant guidelines
     Author ['P Rempel', 'P Mäder', 'T Kuschke']
     Venue Proceedings of the 36th …
     Year 2014
     Abstract end safety-critical, and other regulated systems, must meet stringent guidelines before they can be approved or certified for use [50  example, depending upon the criticality level of a requirement, the US Federal Aviation Authority guideline DO-178B requires traceability from re
     Url https://dl.acm.org/doi/abs/10.1145/2568225.2568290


     Search term "Regulated"+"Traceability"
     Title Food traceability in regulated fresh food supply chains with an emphasis on the Swedish fishing industry
     Author ['H Ringsberg']
     Venue NA
     Year 2013
     Abstract Food traceability is gaining increased attention in food companies and governmental authorities. This is because of the increase in legal and consumer requirements on ensuring food safety, quality and preservation of living resources. These requirements especially
     Url http://lup.lub.lu.se/record/4053510


     Search term "Regulated"+"Traceability"
     Title An empirical study on project-specific traceability strategies
     Author ['P Rempel', 'P Mçder', 'T Kuschke']
     Venue 2013 21st IEEE International …
     Year 2013
     Abstract Informants from strictly regulated projects stated that traceability is a strategic project goal. Budget for well suited traceability tools is available in such projects. Projects with less strict traceability driver (Enthusiasm) reported that existing tools must be used no
     Url https://ieeexplore.ieee.org/abstract/document/6636719/


     Search term "Regulated"+"Traceability"
     Title Towards Semantically Guided Traceability
     Author ['Y Liu', 'J Lin', 'Q Zeng', 'M Jiang']
     Venue 2020 IEEE 28th …
     Year 2020
     Abstract In many regulated domains, traceability is estab- lished across diverse artifacts such as requirements, design, code, test cases, and hazards – either manually or with the help of supporting tools, and the resulting trace links are used to support activities such as impact
     Url https://ieeexplore.ieee.org/abstract/document/9218137/


     Search term "Regulated"+"Traceability"
     Title Legislative requirements for the identification and traceability of farm animals within the European Union.
     Author ['S Ammendrup', 'AE Füssel']
     Venue Revue scientifique et technique …
     Year 2001
     Abstract 1. Rev Sci Tech. 2001 Aug;20(2):437-44. Legislative requirements for the identification and traceability of farm animals within the European Union  Active identification of Equidae using electronic devices is not regulated by EC legislation, but research in livestock is underway
     Url https://www.ncbi.nlm.nih.gov/pubmed/11548518


     Search term "Regulated"+"Traceability"
     Title Method for Enabling a Root of Trust in Support of Product Data Certification and Traceability
     Author ['TD Hedberg', 'S Krima']
     Venue … of computing and …
     Year 2019
     Abstract Industry, whether regulated or not, needs methods and technology to supplement the human resources assigned for ensuring effective and efficient management of data trustworthiness and traceability. Life Cycle Information Framework and Technology. Hedberg et al
     Url https://asmedigitalcollection.asme.org/computingengineering/article-abstract/19/4/041003/632806


     Search term "Regulated"+"Traceability"
     Title Experts' perspectives on the implementation of traceability in Europe
     Author ['SV Kher', 'LJ Frewer', 'J De Jonge', 'M Wentholt']
     Venue British Food …
     Year 2010
     Abstract Marginally less consensus existed regarding if wider traceability standards, when regulated under the General Food Law, would ensure more robust traceability of food products in the case of an incident or to substantiate labelling claims (44 per cent agreement, 16 per cent
     Url https://www.emerald.com/insight/content/doi/10.1108/00070701011029138/full/html


     Search term "Regulated"+"Traceability"
     Title The grand challenge of traceability (v1. 0)
     Author ['O Gotel', 'J Cleland-Huang', 'JH Hayes', 'A Zisman']
     Venue … Systems Traceability
     Year 2012
     Abstract Software and Systems Traceability pp 343-409 | Cite as. The Grand Challenge of Traceability (v1.0)  Section 13 concludes the chapter, and reiterates the challenges and major research themes for the traceability community. 2 Traceability Vision
     Url https://link.springer.com/chapter/10.1007/978-1-4471-2239-5_16


     Search term "Regulated"+"Traceability"
     Title Phenolic Profiling for Traceability of Vanilla× tahitensis
     Author ['M Busconi', 'L Lucini', 'G Soffritti', 'J Bernardi']
     Venue Frontiers in plant …
     Year 2017
     Abstract Nine compounds among the exclusive metabolites were also recognized by OPLS-DA analysis; seven out of nine were up-regulated in Tahitian samples. Discussion. While traceability is usually most relevant when it concerns public health, the possibility to discover the origin of
     Url https://www.frontiersin.org/articles/10.3389/fpls.2017.01746/full?report=reader


     Search term "Regulated"+"Traceability"
     Title Regulated software meets DevOps
     Author ['T Laukkarinen', 'K Kuusinen', 'T Mikkonen']
     Venue Information and Software …
     Year 2018
     Abstract We argue that the value of using DevOps could be increased for the regulated software development with practices introduced in the following list, which was gathered by studying JIRA, GIT, Jenkins  1 presents simplified traceability requirements for software items of IEC 63204
     Url https://www.sciencedirect.com/science/article/pii/S0950584918300144


     Search term "Regulated"+"Traceability"
     Title Collaborative traceability management: a multiple case study from the perspectives of organization, process, and culture
     Author ['R Wohlrab', 'E Knauss', 'JP Steghöfer', 'S Maro']
     Venue Requirements …
     Year 2020
     Abstract Mäder et al. [30] identified four categories of traceability users: (1) the regulated group, where traceability is mandated by standards, (2) the sub-contractor group, which inherits traceability requirements passed from the companies they supply to, (3) the consultants, who design
     Url https://link.springer.com/article/10.1007/s00766-018-0306-1


     Search term "Regulated"+"Traceability"
     Title Business process reengineering of a supply chain and a traceability system: A case study
     Author ['M Bevilacqua', 'FE Ciarapica', 'G Giacchetta']
     Venue Journal of Food Engineering
     Year 2009
     Abstract as regards coordination and responsibility. This may happen as a result of agreements between the supply chain partners, with a regulated sharing of the burdens and benefits of traceability. On the contrary, the definition of
     Url https://www.sciencedirect.com/science/article/pii/S0260877408006080


     Search term "Regulated"+"Traceability"
     Title Value added on food traceability: a supply chain management approach
     Author ['X Wang', 'D Li']
     Venue 2006 IEEE International Conference on Service …
     Year 2006
     Abstract In regulated market, traceability becomes essential to the survival of business. More importantly, some businesses start to realize more potential benefits from traceability which will recover the cost of enhanced track and trace capability
     Url https://ieeexplore.ieee.org/abstract/document/4125630/


     Search term "Regulated"+"Traceability"
     Title Multi-chemical profiling of strawberry as a traceability tool to investigate the effect of cultivar and cultivation conditions
     Author ['R González-Domínguez', 'A Sayago', 'I Akhatou']
     Venue Foods
     Year 2020
     Abstract The chemical composition of foods is tightly regulated by multiple genotypic and agronomic factors, which can thus serve as potential descriptors for traceability and authentication purposes. In the present work, we performed
     Url https://www.mdpi.com/2304-8158/9/1/96


     Search term "Regulated"+"Traceability"
     Title Traceability-Why do it?
     Author ['G Regan', 'F McCaffery', 'K McDaid', 'D Flood']
     Venue International Conference on …
     Year 2012
     Abstract traceability. Given the importance of traceability in the regulated domain of safety critical software, the paper compares the motivations and ben- efits for organizations operating inside and outside of this domain. Finally, based
     Url https://link.springer.com/chapter/10.1007/978-3-642-30439-2_15


     Search term "Regulated"+"Traceability"
     Title Halal traceability framework for halal food production
     Author ['Z Shafii', 'WMNWS Khadijah']
     Venue World Applied Sciences Journal
     Year 2012
     Abstract more often than not, the certification dimension is widely analyzed from the perspective of seven elements of discussed and extensively regulated, but other elements driving forces of traceability in order to identify the are minimally practiced. However, practicing a complete
     Url http://citeseerx.ist.psu.edu/viewdoc/download?doi=10.1.1.389.6773&rep=rep1&type=pdf


     Search term "Regulated"+"Traceability"
     Title Traceability issues in food supply chain management: A review
     Author ['F Dabbene', 'P Gay', 'C Tortia']
     Venue Biosystems engineering
     Year 2014
     Abstract 50, 51 and 52). The European traceability framework is regulated at three levels (Meuwissen et al., 2003, Souza-Monteiro and Caswell, 2010): European Commission policies, country level policies and standards and private voluntary certification
     Url https://www.sciencedirect.com/science/article/pii/S1537511013001554


     Search term "Regulated"+"Traceability"
     Title Regulated software meets DevOps
     Author ['T Laukkarinen', 'K Kuusinen', 'T Mikkonen']
     Venue Information and Software …
     Year 2018
     Abstract We argue that the value of using DevOps could be increased for the regulated software development with practices introduced in the following list, which was gathered by studying JIRA, GIT, Jenkins  1 presents simplified traceability requirements for software items of IEC 63204
     Url https://www.sciencedirect.com/science/article/pii/S0950584918300144


     Search term "Regulated"+"Traceability"
     Title A cost‐benefit evaluation framework of an electronic‐based traceability system
     Author ['G Chryssochoidis', 'A Karagiannaki', 'K Pramatari']
     Venue British Food …
     Year 2009
     Abstract Littlefield, M. (2006), Compliance and Traceability in Regulated Industries, Benchmark Report, Aberdeen Group, Boston, MA. Marshall, P. (2004), AquaTT Student Workshop: Traceability Module – Section 4, IFQC Ltd and AquaTT Ltd, Dundalk and Belfast
     Url https://www.emerald.com/insight/content/doi/10.1108/00070700910966023/full/html


     Search term "Regulated"+"Traceability"
     Title Halal traceability framework for halal food production
     Author ['Z Shafii', 'WMNWS Khadijah']
     Venue World Applied Sciences Journal
     Year 2012
     Abstract more often than not, the certification dimension is widely analyzed from the perspective of seven elements of discussed and extensively regulated, but other elements driving forces of traceability in order to identify the are minimally practiced. However, practicing a complete
     Url http://citeseerx.ist.psu.edu/viewdoc/download?doi=10.1.1.389.6773&rep=rep1&type=pdf


     Search term "Regulated"+"Traceability"
     Title Persistence of carotenoid pigments in the blood of concentrate-finished grazing sheep: its significance for the traceability of grass-feeding
     Author ['S Prache', 'A Priolo', 'P Grolier']
     Venue Journal of Animal Science
     Year 2003
     Abstract S. Prache, A. Priolo, P. Grolier, Persistence of carotenoid pigments in the blood of concentrate-finished grazing sheep: Its significance for the traceability of grass-feeding, Journal of Animal  The concentrate supply was regulated to have similar average daily gain for all
     Url https://academic.oup.com/jas/article-abstract/81/2/360/4789721


     Search term "Regulated"+"Traceability"
     Title Traceability Issue in PM2.5 and PM10 Measurements
     Author ['SG Aggarwal', 'S Kumar', 'P Mandal', 'B Sarangi', 'K Singh']
     Venue Mapan
     Year 2013
     Abstract These mixtures provide specialty gas producers with a foundation for the continual production of Protocol Gases which provide traceability that is required for regulated industries (end users). This increase in the number of traceable mixtures was one of the goals of the program
     Url https://link.springer.com/article/10.1007/s12647-013-0073-x


     Search term "Regulated"+"Traceability"
     Title Detection and traceability of genetically modified organisms in the food production chain
     Author ['M Miraglia', 'KG Berdal', 'C Brera', 'P Corbisier']
     Venue Food and Chemical …
     Year 2004
     Abstract Certification and Inspection Systems, the Committee on Food Labelling, and Committee on Food Hygiene are both working on different aspects related to the issue of traceability (FAO/WHO  In the US, this type of hybrid GMO is not regulated if both parent GMOs are authorised
     Url https://www.sciencedirect.com/science/article/pii/S0278691504000420


     Search term "Regulated"+"Traceability"
     Title Requirements traceability across organizational boundaries-a survey and taxonomy
     Author ['P Rempel', 'P Mäder', 'T Kuschke', 'I Philippow']
     Venue … Working Conference on …
     Year 2013
     Abstract Especially, clients in strictly regulated environments re- ferred to requirements traceability as a must  The client regularly verified traceability by supplier audits. Espe- cially, informants working in highly regulated domains highlighted this issue
     Url https://link.springer.com/chapter/10.1007/978-3-642-37422-7_10


     Search term "Regulated"+"Traceability"
     Title Are Distributed Ledger Technologies the panacea for food traceability?
     Author ['S Pearson', 'D May', 'G Leontidis', 'M Swainson']
     Venue Global Food …
     Year 2019
     Abstract An alternative method to DLT that links global food traceability would have all actors depositing their information on a single, or few, regulated ledgers. This ledger could in theory connect supply chain links in secure blocks (aka blockchain, but with a single ledger)
     Url https://www.sciencedirect.com/science/article/pii/S2211912418301408


     Search term "Regulated"+"Traceability"
     Title Genetic traceability of livestock products: A review
     Author ['C Dalvit', 'M De Marchi', 'M Cassandro']
     Venue Meat Science
     Year 2007
     Abstract As a consequence, the EU has regulated the beef labeling system with ER 1825/2000 (Arana, Soret, Lasa, & Alfonso, 2002  implementation as an individual identification method due to its precision, durability and possibility to overcome limits of conventional traceability systems
     Url https://www.sciencedirect.com/science/article/pii/S0309174007001969


     Search term "Regulated"+"Traceability"
     Title Collaborative traceability management: a multiple case study from the perspectives of organization, process, and culture
     Author ['R Wohlrab', 'E Knauss', 'JP Steghöfer', 'S Maro']
     Venue Requirements …
     Year 2020
     Abstract Mäder et al. [30] identified four categories of traceability users: (1) the regulated group, where traceability is mandated by standards, (2) the sub-contractor group, which inherits traceability requirements passed from the companies they supply to, (3) the consultants, who design
     Url https://link.springer.com/article/10.1007/s00766-018-0306-1


     Search term "Regulated"+"Traceability"
     Title Enhancing Traceability in Clinical Research Data through a Metadata Framework
     Author ['S Hume', 'S Sarnikar', 'C Noteboom']
     Venue Methods of Information in …
     Year 2020
     Abstract Background The clinical research data lifecycle, from data collection to analysis results, functions in silos that restrict traceability. Traceability is a requirement for regulated clinical research studies and an important attribute of nonregulated studies
     Url https://www.thieme-connect.com/products/ejournals/abstract/10.1055/s-0040-1714393


     Search term "Regulated"+"Traceability"
     Title Development of pH measurement system for legal traceability of pH standard solutions
     Author ['S Ito', 'H Hachiya', 'K Baba', 'M Eto', 'Y Asano', 'H Wada']
     Venue Talanta
     Year 1996
     Abstract 2. Outline of certification system for pH standard solutions in Japan Fig. 1 shows the scheme for the traceability of pH standard solutions regulated by the Japanese government in 1984. In this traceability system, the pH standard
     Url https://www.sciencedirect.com/science/article/pii/0039914096019042


     Search term "Regulated"+"Traceability"
     Title The quest for ubiquity: A roadmap for software and systems traceability research
     Author ['O Gotel', 'J Cleland-Huang', 'JH Hayes']
     Venue 2012 20th IEEE …
     Year 2012
     Abstract identify and trace products. Traceability is achieved within regulated domains, where compliance and certification stipulations are demanded of their software, though it is not always clear to what levels. Examples include: the US
     Url https://ieeexplore.ieee.org/abstract/document/6345841/


     Search term "Regulated"+"Traceability"
     Title Search engine to improve product recall traceability activities
     Author ['HJ Eickelmann', 'RK Krause', 'T Muhge']
     Venue US Patent App. 12/061,240
     Year 2009
     Abstract status of related products and goods. One such industry that utilizes traceability is the automotive industry, which is regulated to require the tracking of certain defective parts within vehicles. For example, there may be a product
     Url https://patents.google.com/patent/US20090254535A1/en


     Search term "Regulated"+"Traceability"
     Title Med-Trace: traceability assessment method for medical device software development
     Author ['V Casey', 'F Mc Caffery']
     Venue NA
     Year 2011
     Abstract One of the main objectives of the Regulated Software Research Group (RSRG) in Dundalk Institute of Technology is to provide assistance for the improvement of medical device software development. Therefore, as traceability is central to the development of regulatory
     Url https://ulir.ul.ie/handle/10344/1746


     Search term "Regulated"+"Traceability"
     Title The role of certificate issuer on consumers' willingness‐to‐pay for milk traceability in China
     Author ['J Bai', 'C Zhang', 'J Jiang']
     Venue Agricultural Economics
     Year 2013
     Abstract The role of certificate issuer on consumers' willingness‐to‐pay for milk traceability in China. Junfei Bai  In this study, we take milk as an example in trying to understand how Chinese consumers value nongovernment organizations in inspecting and certifying traceability
     Url https://onlinelibrary.wiley.com/doi/abs/10.1111/agec.12037


     Search term "Regulated"+"Traceability"
     Title Soft fruit traceability in food matrices using real-time PCR
     Author ['L Palmieri', 'E Bozza', 'L Giongo']
     Venue Nutrients
     Year 2009
     Abstract consumers to make healthy food choices. Food labeling and traceability are regulated by EU directive 2000/13/EC, and subsequent amendments [3], and EU regulation 178/2002 [4], respectively. However, in some cases there
     Url https://www.mdpi.com/2072-6643/1/2/316


     Search term "Regulated"+"Traceability"
     Title A readability analysis for QR code application in a traceability system
     Author ['L Tarjan', 'I Šenk', 'S Tegeltija', 'S Stankovski']
     Venue … and Electronics in …
     Year 2014
     Abstract The European Union countries, this area is regulated with European standards for traceability and Best Available Technology (BAT), as laid down in ENISO 2205:2007 standards and the European Directive 2008/1/EC (Standardization, 2007)
     Url https://www.sciencedirect.com/science/article/pii/S0168169914002142


     Search term "Regulated"+"Traceability"
     Title Future challenges on the use of blockchain for food traceability analysis
     Author ['JF Galvez', 'JC Mejuto', 'J Simal-Gandara']
     Venue TrAC Trends in Analytical …
     Year 2018
     Abstract Volume 107, October 2018, Pages 222-232. TrAC Trends in Analytical Chemistry. Future challenges on the use of blockchain for food traceability analysis  Solving traceability issues and ensuring transparency can be done by using blockchain. •
     Url https://www.sciencedirect.com/science/article/pii/S0165993618301304


     Search term "Regulated"+"Traceability"
     Title Multi-chemical profiling of strawberry as a traceability tool to investigate the effect of cultivar and cultivation conditions
     Author ['R González-Domínguez', 'A Sayago', 'I Akhatou']
     Venue Foods
     Year 2020
     Abstract The chemical composition of foods is tightly regulated by multiple genotypic and agronomic factors, which can thus serve as potential descriptors for traceability and authentication purposes. In the present work, we performed
     Url https://www.mdpi.com/2304-8158/9/1/96

