Showing papers for search query "Traceability"+"Hardware+simulation"

     Search term "Traceability"+"Hardware+simulation"
     Title Accountability and traceability in global software engineering (ATGSE2007)
     Author ['K Inoue', 'M Barker']
     Venue 2007 15th Asia-Pacific Software Engineering …
     Year 2007
     Abstract l-58. Cheng, K.-T. and VD Agrawal: Unified Methods for VLSI Simulation and Test Generation, Kluwer Academic Publishers, 1989 Hahn, W., H. Anger, A. Hagerer, and B. Schuster: A Multi-Transputer-Net as a Hardware Simulation Envi- ronment
     Url https://www.computer.org/csdl/proceedings-article/apsec/2007/30570553/12OmNzd7bVw


     Search term "Traceability"+"Hardware+simulation"
     Title Method and system for generating electronic hardware simulation models
     Author ['DA Fura']
     Venue US Patent 5,953,519
     Year 1999
     Abstract US5953519A - Method and system for generating electronic hardware simulation models - Google Patents. Method and system for generating electronic hardware simulation models. Download PDF Info. Publication number US5953519A
     Url https://patents.google.com/patent/US5953519A/en


     Search term "Traceability"+"Hardware+simulation"
     Title Testing tool comprising an automated multidimensional traceability matrix for implementing and validating complex software systems
     Author ['BM Blackwell', 'LR Guzman Jr', 'JP Collen']
     Venue US Patent …
     Year 2009
     Abstract US7490319B2 - Testing tool comprising an automated multidimensional traceability matrix for implementing and validating complex software systems - Google Patents. Testing tool comprising an automated multidimensional
     Url https://patents.google.com/patent/US7490319B2/en


     Search term "Traceability"+"Hardware+simulation"
     Title An entirely model-based framework for hardware design and simulation
     Author ['S Taha', 'A Radermacher', 'S Gérard']
     Venue Distributed, Parallel and Biologically …
     Year 2010
     Abstract was required in the early stages of development to ease the design and communicate intents, but because of the manual implementation, there were no traceability and no  That eases the hardware design and enables hardware simulation to avoid any risky implementations
     Url https://link.springer.com/chapter/10.1007/978-3-642-15234-4_5


     Search term "Traceability"+"Hardware+simulation"
     Title Item Traceability Meets Human Traceability: Implications and Case Study
     Author ['U Barchetti', 'L Mainetti', 'A Orlando']
     Venue International Journal of …
     Year 2011
     Abstract To receive the red identification codes, a servlet supporting Fosstrak's Hardware Simulation Layer has been developed. The servlet works over HTTP as an online driver/adapter  Item Traceability Meets Human Traceability: Implications and Case Study
     Url http://www.mirlabs.org/ijcisim/regular_papers_2012/Paper16.pdf


     Search term "Traceability"+"Hardware+simulation"
     Title Technologies for hardware simulation and verification
     Author ['V Hahanov', 'A Hahanova', 'V Obrizan']
     Venue … on" Modern Problems …
     Year 2008
     Abstract Thus, it is very urgent question to combine all advantages with hardware implementation, it will give high-performance hardware simulation and new features  The last one may be represented as transition graph, and it is needed verify traceability of all states and transitions [6-7
     Url https://ieeexplore.ieee.org/abstract/document/5423439/


     Search term "Traceability"+"Hardware+simulation"
     Title A life cycle for modeling and simulation
     Author ['O Balci']
     Venue Simulation
     Year 2012
     Abstract 15. Hardware + Simulation 16  an object-oriented design and significantly facili- tate the transition into the design phase. 4. Associating functional requirements with a UC enables better life-cycle traceability: functional requirement $ use case $ class in design $ class in code
     Url https://journals.sagepub.com/doi/abs/10.1177/0037549712438469


     Search term "Traceability"+"Hardware+simulation"
     Title A Modeling Specification Methodology to Support Simulation of Distributed Heterogeneous Power Systems
     Author ['K Mueller', 'L Johnson']
     Venue 7th International Energy Conversion Engineering …
     Year NA
     Abstract This allows for the hardware simulation models to correlate to existing hardware test and validation requirements, to define methodologies and tests  4. Documentation and Reporting Requirements To assure uniformity, clarity and to facilitate system level traceability (such as for
     Url https://arc.aiaa.org/doi/pdf/10.2514/6.2009-4562


     Search term "Traceability"+"Hardware+simulation"
     Title The Expanded Reach of Simulation Based Aircraft System Verification and its Software Capability Requirements
     Author ['SC James', 'C Savaglio']
     Venue AIAA Modeling and Simulation Technologies …
     Year 2014
     Abstract with traceability embedded • Test Reports – reduction and compilation of test data, formatted for submissions • Traceability Matrix – traceability from system  Aircraft Power Hardware Simulation Based Facility Over the past decade, the aircraft industry has converged on a shared
     Url https://arc.aiaa.org/doi/pdf/10.2514/6.2014-2081


     Search term "Traceability"+"Hardware+simulation"
     Title An open simulation and modelling environment for embedded real-time systems
     Author ['W van Almsick', 'T Drabe', 'W Daehn']
     Venue … Workshop on Rapid …
     Year 1998
     Abstract environment. The Traceability Analysis has two purposes  dimensional. One dimension spans pure software and hardware simulation tools, the second covers the path between the specifica- tion via design to the implementation of the design
     Url https://ieeexplore.ieee.org/abstract/document/676675/


     Search term "Traceability"+"Hardware+simulation"
     Title Hardware-in-the-loop simulation for real-time software verification of an autonomous underwater robot
     Author ['P Sarhadi', 'RNA Niachari', 'MP Rad']
     Venue International Journal of …
     Year 2016
     Abstract 2009; Ronsheng and Satina, 2010). In the supervision process of software projects, main targets such as traceability, consistency, maintainability, reliability, etc. should be considered (Pressman, 2009). Because of the valence
     Url https://www.emerald.com/insight/content/doi/10.1108/IJIUS-12-2015-0016/full/html


     Search term "Traceability"+"Hardware+simulation"
     Title Collaborative Modeling and Simulation for Cyber-Physical Systems
     Author ['PG Larsen', 'J Fitzgerald', 'J Woodcock']
     Venue … Cyber-physical Systems …
     Year 2016
     Abstract [Not Found]
     Url [Not Found]


     Search term "Traceability"+"Hardware+simulation"
     Title DSP hardware surrogate for the HLA
     Author ['L Li']
     Venue NA
     Year 2003
     Abstract Page 1. In compliance with the Canadian Privacy Legislation some supporting forms may have been removed from this dissertation. While these forms may be included in the document page count, their removal does not represent any loss of content from the dissertation
     Url https://curve.carleton.ca/system/files/etd/b46f9adb-dc40-4d5a-b0cb-7bb7cf853bc5/etd_pdf/f8d5c408b801ad359e85bb1224e9c116/li-dsphardwaresurrogateforthehla.pdf


     Search term "Traceability"+"Hardware+simulation"
     Title Unsteady gas laser simulation
     Author ['TJ Madden', 'JH Miller']
     Venue 2004 Users Group Conference …
     Year 2004
     Abstract This creates traceability from the Fric and Roshko simulation to simulations of COIL hardware, facilitating understanding of the mechanisms underlying  vortex cores, in red, and Mach number =1 isosurface in the jet nearfield from the non-reacting COIL hardware simulation
     Url https://ieeexplore.ieee.org/abstract/document/1420869/


     Search term "Traceability"+"Hardware+simulation"
     Title 3-D Navier-Stokes Simulation of Chemical Laser Devices
     Author ['TJ Madden', 'JH Miller', 'AI Lampson']
     Venue 2005 Users Group …
     Year 2005
     Abstract This creates traceability from the Fric and Roshko simulation to simulations of COIL hardware, facilitating understanding of the mechanisms underlying  vortex cores, in red, and Mach number =1 isosurface in the jet nearfield from the non-reacting COIL hardware simulation
     Url https://ieeexplore.ieee.org/abstract/document/1592139/


     Search term "Traceability"+"Hardware+simulation"
     Title Theoretical exploration of gas lasers using time-dependent 3D Navier-Stokes simulation
     Author ['TJ Madden', 'JH Miller']
     Venue … on Gas Flow, Chemical Lasers, and …
     Year 2005
     Abstract This creates traceability from the Fnc and Roshko simulation to simulations of COIL hardware, facilitating understanding of the mechanisms  lateral velocity (Z) component at various monitoring points in the jet nearfield from the non-reacting COIL hardware simulation shown in
     Url https://www.spiedigitallibrary.org/conference-proceedings-of-spie/5777/0000/Theoretical-exploration-of-gas-lasers-using-time-dependent-3D-Navier/10.1117/12.610980.short


     Search term "Traceability"+"Hardware+simulation"
     Title Improving low-power wireless protocols with timing-accurate simulation
     Author ['F Österlind']
     Venue NA
     Year 2011
     Abstract company Ericsson estimates that more than 50 billion low-power wireless devices will be deployed and con- nected to Internet by year 2020 [37] with applications ranging from smart cities and the smart grid, to healthcare, recycling, and food traceability [39, 122]
     Url https://www.diva-portal.org/smash/record.jsf?pid=diva2:447343


     Search term "Traceability"+"Hardware+simulation"
     Title OpenRISC System-on-Chip Design Emulation
     Author ['K Cong', 'L Lei', 'Z Yang', 'F Xie']
     Venue arXiv preprint arXiv:1602.03095
     Year 2016
     Abstract ORPSoC emulation with Veloce has more than ten times faster than hardware simulation  Veloce not only provides the designers full traceability over entire software stacks and hardware systems, but also enables significant speedup over the simulation approach. 7 Page 8
     Url https://arxiv.org/abs/1602.03095


     Search term "Traceability"+"Hardware+simulation"
     Title Requirements and systems engineering for complex systems
     Author ['F Kirschke-Biller', 'C Ebert']
     Venue 18. Internationales Stuttgarter Symposium
     Year 2018
     Abstract and simulation, and the model-based system technology and hardware simulation – Collaboration in the phases of requirements, design, development, validation and integration – Introduce best practices for reusing hardware and software items, lightweight traceability for end
     Url https://link.springer.com/chapter/10.1007/978-3-658-21194-3_38


     Search term "Traceability"+"Hardware+simulation"
     Title Hardware/software co-development: differentiating between co-design and co-debug
     Author ['TP Carpenter', 'S Kumar', 'F Rose']
     Venue VHDL Times
     Year 1997
     Abstract the meaning of 100 percent tested remains open for debate, especially considering the current state of requirements traceability and test  In some notable cases, vendors simulate launching and running an operating system such as Unix on the hardware simulation, and execute
     Url http://www.cas.mcmaster.ca/~sancheg/EE_UCU2006_thesis/biblio/HW-SW%20Co-Development%20-%20Differentiating%20Between%20Co-Design%20and%20Co-Debug.pdf


     Search term "Traceability"+"Hardware+simulation"
     Title Unified Simulation and Test Platform for Control Systems of Unmanned Vehicles
     Author ['X Dai', 'C Ke', 'Q Quan', 'KY Cai']
     Venue arXiv preprint arXiv:1908.02704
     Year 2019
     Abstract Finally, the simulation results and experimental results Page 4. 4 Product Hardware Simulation Model Manufacturers Vehicle Certification Model Certification Authority Agencies Experimental Testing Design and HIL Simulation Vehicle Companies
     Url https://arxiv.org/abs/1908.02704


     Search term "Traceability"+"Hardware+simulation"
     Title Hardware certification for real-time safety-critical systems: State of the art
     Author ['AJ Kornecki', 'J Zalewski']
     Venue Annual Reviews in Control
     Year 2010
     Abstract The tools for requirements' management and traceability, checking compliance of HDL code with coding standards, HDL code verification, and test suite optimization. •  Using traceability metrics from the project inception. • Considering verification at the start of the program. •
     Url https://www.sciencedirect.com/science/article/pii/S1367578810000167


     Search term "Traceability"+"Hardware+simulation"
     Title Extending UML from software to systems
     Author ['S Friedenthal', 'R Burkhart']
     Venue Proceedings Of The INCOSE 2003 …
     Year 2003
     Abstract Properties (eg parametric models, time varying attributes) • Requirements (eg req'ts types, traceability) • Verification (eg test cases, verification results)  Ability to integrate the SE models with other discipline- specific models (ie software, hardware, simulation and analysis, etc)
     Url http://syseng.omg.org/Extending-UML-From-SW-to-Systems-INCOSE-2003.pdf


     Search term "Traceability"+"Hardware+simulation"
     Title Flexible testing platform for employment of RFID-enabled multi-agent system on flexible assembly line
     Author ['AV Barenji', 'RV Barenji', 'M Hashemipour']
     Venue Advances in Engineering …
     Year 2016
     Abstract Furthermore, the visibility and traceability of manufacturing items such as works in progress (WIPs) are so weak that high WIP inventory levels are common  Hardware simulation agent module: This belongs to the CPN model of the system and is used to analyze the FAL behavior
     Url https://www.sciencedirect.com/science/article/pii/S0965997815001349


     Search term "Traceability"+"Hardware+simulation"
     Title Development and verification of complex hybrid systems using synthesizable monitors
     Author ['A Abel', 'A Adir', 'T Blochwitz', 'L Greenberg']
     Venue Haifa Verification …
     Year 2013
     Abstract The traceability in- formation could then be used to produce coverage reports for the higher level subsystems, or to identify semantic  converts these CSL templates into PSL and then uses an existing synthesizer from PSL to C (originally used for hardware simulation monitors) to
     Url https://link.springer.com/chapter/10.1007/978-3-319-03077-7_13


     Search term "Traceability"+"Hardware+simulation"
     Title 5G wireless systems
     Author ['Y Yang', 'J Xu', 'G Shi', 'CX Wang']
     Venue NA
     Year 2018
     Abstract Page 1. Wireless Networks Yang Yang Jing Xu Guang Shi Cheng-Xiang Wang 5G Wireless Systems Simulation and Evaluation Techniques Page 2. Wireless Networks Series editor Xuemin Sherman Shen University of Waterloo, Waterloo, Ontario, Canada Page 3
     Url https://link.springer.com/content/pdf/10.1007/978-3-319-61869-2.pdf


     Search term "Traceability"+"Hardware+simulation"
     Title An analysis of mechanisms of flow unsteadiness in chemical oxygen-iodine laser flowfields
     Author ['T Madden', 'J Miller']
     Venue 35th AIAA Plasmadynamics and Lasers …
     Year 2004
     Abstract is modeled in full. This creates traceability from the Fric and Roshko simulation to simulations of COIL hardware, facilitating understanding of the mechanisms underlying unsteadiness in these flows. The computational grid used
     Url https://arc.aiaa.org/doi/pdf/10.2514/6.2004-2728


     Search term "Traceability"+"Hardware+simulation"
     Title Multi-purpose simulator for Plato mission: SpaceWire mission and applications, short paper
     Author ['RC Ferrão', 'SR Augusto', 'C Berni']
     Venue 2016 International …
     Year 2016
     Abstract Configuration and monitoring can be performed remotely, which caters to cooperatively work and guarantees traceability for quality purposes  I. INTRODUCTION The main goal of this project is to have a realistic hardware simulation of the image acquisition system of the Plato
     Url https://ieeexplore.ieee.org/abstract/document/7771637/


     Search term "Traceability"+"Hardware+simulation"
     Title Challenges from research to deployment of industrial distributed control systems
     Author ['N Ericsson', 'T Lennvall', 'J Åkerberg']
     Venue 2016 IEEE 14th …
     Year 2016
     Abstract Making the ex- change of information is also a challenging issue for reuse (as well as traceability)  Hardware simulation could aid in selecting pro- cessing architecture and communication medium, ensuring that there are sufficient resources available, eg, memory, process- ing
     Url https://ieeexplore.ieee.org/abstract/document/7819136/


     Search term "Traceability"+"Hardware+simulation"
     Title Systems and methods for generating hardware description code
     Author ['SH Tiong', 'ASH Lim']
     Venue US Patent 6,539,520
     Year 2003
     Abstract test vectors, patterns or sequences; G01R31/318364—Generation of test inputs, eg test vectors, patterns or sequences as a result of hardware simulation, eg in an HDL environment. G—PHYSICS; G06—COMPUTING; CALCULATING
     Url https://patents.google.com/patent/US6539520B1/en


     Search term "Traceability"+"Hardware+simulation"
     Title Automated test environment for a real-time control system
     Author ['RO Hall']
     Venue NA
     Year 1994
     Abstract Rocketdyne assumed responsibility for the facility, known as the Hardware Simulation Laboratory(HSL), in 1977  are added. An essential task of test management is to provide traceability between software requirements, test scripts and data reduction logs
     Url https://ntrs.nasa.gov/search.jsp?R=19950008238


     Search term "Traceability"+"Hardware+simulation"
     Title A VHDL Simulator in a Co-verification Environment
     Author ['K Melakari']
     Venue NA
     Year 1998
     Abstract Page 17. 17 It is, however, possible to speed up hardware simulation by using hardware accelerators, which are specialised computers, allowing the gate-level HDL description to be executed faster than it would be with an ordinary workstation
     Url https://www.vttresearch.com/sites/default/files/pdf/publications/1998/P355.pdf


     Search term "Traceability"+"Hardware+simulation"
     Title Model-driven toolset for embedded reconfigurable cores: Flexible prototyping and software-like debugging
     Author ['L Lagadec', 'C Teodorov', 'JC Le Lann', 'D Picard']
     Venue Science of Computer …
     Year 2014
     Abstract To prevent performance degradation the traceability is only activated on-demand  Nowadays, most common methods for hardware design verification are based on software or hardware simulation with RTL (Register Transfer Level) as the highest abstraction level, however RTL
     Url https://www.sciencedirect.com/science/article/pii/S0167642314000823


     Search term "Traceability"+"Hardware+simulation"
     Title An approach based on SysML and SystemC to simulate complex systems
     Author ['A Abdulhameed', 'A Hammad']
     Venue … on Model-Driven …
     Year 2014
     Abstract initialized from the corresponding source element. When creating a target item from a source element, ATL retains a traceability link between the two ele- ments, this link is used to initialize a target item in the “to” match as seen in
     Url https://ieeexplore.ieee.org/abstract/document/7018517/


     Search term "Traceability"+"Hardware+simulation"
     Title Traceability von Requirements in einer Model Driven Architecture
     Author ['J Scheible']
     Venue NA
     Year NA
     Abstract Page 1. DIPLOMARBEIT Traceability von Requirements in einer Model Driven Architecture Untersuchung der Traceability und Entwicklung eines Eclipse-Prototyps für die ActiveCharts IDE Fakultät für Ingenieurwissenschaften und Informatik
     Url https://jan.scheible.it/resource/diplomarbeit-jan_scheible.pdf


     Search term "Traceability"+"Hardware+simulation"
     Title Hardware description interface for a high-level modeling system
     Author ['H Ma', 'J Ou']
     Venue US Patent 8,079,013
     Year 2011
     Abstract US8079013B1 - Hardware description interface for a high-level modeling system - Google Patents. Hardware description interface for a high-level modeling system. Download PDF Info. Publication number US8079013B1. US8079013B1
     Url https://patents.google.com/patent/US8079013B1/en


     Search term "Traceability"+"Hardware+simulation"
     Title Reconfigurable measurement system utilizing a programmable hardware element and fixed hardware resources
     Author ['BK Odom', 'JE Peck', 'HA Andrade', 'CP Butler']
     Venue US Patent …
     Year 2006
     Abstract US7085670B2 - Reconfigurable measurement system utilizing a programmable hardware element and fixed hardware resources - Google Patents. Reconfigurable measurement system utilizing a programmable hardware element and fixed hardware resources. Download PDF
     Url https://patents.google.com/patent/US7085670B2/en


     Search term "Traceability"+"Hardware+simulation"
     Title Self-reconfiguration of industrial mobile robots
     Author ['S Angerer', 'R Pooley', 'R Aylett']
     Venue … Conference on Self-Adaptive and Self …
     Year 2010
     Abstract E,XPERIMENTAL,S,ETUP,The experimental setup can be segmented into a hardware,simulation and a prototypical commissioning robot provided,at Audi.,Fig  General ,advances of a simulated hardware like a better traceability or,evaluation possibilities are given here as well
     Url https://www.computer.org/csdl/proceedings-article/saso/2010/4232a064/12OmNqzcvBI


     Search term "Traceability"+"Hardware+simulation"
     Title A common space processing development environment
     Author ['N Anderson', 'R Harold', 'S Bains']
     Venue 1998 IEEE Aerospace …
     Year 1998
     Abstract Automation of design checks and a tadored set Enforced design consistency and configuration . Enforced traceability of requirements and Automated generation and maintenance of (4) Overall Architectural Principles  (3) End-to-End Process with Traceability
     Url https://ieeexplore.ieee.org/abstract/document/687928/


     Search term "Traceability"+"Hardware+simulation"
     Title Engineering change management system employing a smart editor
     Author ['ADG Drumm']
     Venue US Patent 5,761,079
     Year 1998
     Abstract US5761079A - Engineering change management system employing a smart editor - Google Patents. Engineering change management system employing a smart editor. Download PDF Info. Publication number US5761079A
     Url https://patents.google.com/patent/US5761079A/en


     Search term "Traceability"+"Hardware+simulation"
     Title Towards middleware-based fault-tolerance in RFID systems
     Author ['MD Nguyen', 'G Fritz', 'OEK Aktouf', 'V Beroulle']
     Venue Proceedings of the 13th …
     Year 2011
     Abstract In addition to impacting traceability, RFID is also impacting a lot of other different domains: warehouse inventories, products authentication  evolution of our work is to propose a basic but realistic middleware compliant with the previous hardware simulation environment SERFID
     Url https://dl.acm.org/doi/abs/10.1145/1978582.1978593


     Search term "Traceability"+"Hardware+simulation"
     Title Simulators and emulators for WSNs
     Author ['HMA Fahmy']
     Venue Wireless sensor networks
     Year 2016
     Abstract In this chapter an in depth study of simulators and emulators has been presented, with care accorded to their features, implementation and use. Since emulators are hardware dependent, selecting one...
     Url https://link.springer.com/chapter/10.1007/978-981-10-0412-4_6


     Search term "Traceability"+"Hardware+simulation"
     Title Simulation and VLSI implementation of digital circuits
     Author ['A Kansal']
     Venue NA
     Year 2011
     Abstract Page 1. SIMULATION AND VLSI IMPLEMENTATION OF DIGITAL CIRCUITS by AKHIL KANSAL THESIS Submitted to the Graduate School Wayne State University, Detroit, Michigan in partial fulfillment of the requirements for the degree of MASTER OF SCIENCE 2011
     Url http://search.proquest.com/openview/be4dee719e365434dc85b9ab9cdce887/1?pq-origsite=gscholar&cbl=18750&diss=y


     Search term "Traceability"+"Hardware+simulation"
     Title Can your software engineer program your PLC?
     Author ['AJ Borrowman', 'P Taylor']
     Venue Software and Cyberinfrastructure for …
     Year 2016
     Abstract Therefore to fully define a PLC tag the ICD must include the following information: • Tag name — this project incorporated the Signal Label from the signal list (see Table 1) into defined tag names to ensure easy traceability of signal from electronics diagram to PLC to PC
     Url https://www.spiedigitallibrary.org/conference-proceedings-of-spie/9913/99131S/Can-your-software-engineer-program-your-PLC/10.1117/12.2232590.short


     Search term "Traceability"+"Hardware+simulation"
     Title Airflow Simulation Tool for Intelligent Air Quality Monitoring System
     Author ['P Kronström']
     Venue NA
     Year 2016
     Abstract Page 1. Aalto University School of Electrical Engineering Department of Electrical Engineering and Automation Peter Kronström Airflow Simulation Tool for Intelligent Air Quality Monitoring System Master's Thesis Espoo, August 1, 2016 Supervisor: Ville Kyrki, D.Sc
     Url https://aaltodoc.aalto.fi/handle/123456789/21620


     Search term "Traceability"+"Hardware+simulation"
     Title EcoEagles Hybrid Vehicle Control Architecture
     Author ['RS Stansbury', 'M Towhidnejad']
     Venue Energy …
     Year 2009
     Abstract can be traced back to assert their requirements using NI Requirements Gateway, which assists in generating the traceability matrix, which  The primary real-time interface for hardware simulation will be the Field Programmable Gate Array (FPGA) module, NI-PXI- 7833R FPGA
     Url https://asmedigitalcollection.asme.org/ES/proceedings-abstract/ES2009/48890/737/356261


     Search term "Traceability"+"Hardware+simulation"
     Title A real-time harmonic detector design to improve power quality in power systems
     Author ['AY Omishat']
     Venue NA
     Year 2017
     Abstract theoretical values of the harmonics. The digital hardware simulation results of the proposed real-time harmonic detection system matched the theoretical simulations from MATLAB. Page 4. iv  estimates. HDL Coder offers traceability between your Simulink model and the
     Url https://digital.maag.ysu.edu:8443/xmlui/bitstream/handle/1989/12343/b22354645.pdf?sequence=2


     Search term "Traceability"+"Hardware+simulation"
     Title The Role of Software Simulators in the Independent Verification and Validation of Commercial Space Vehicles
     Author ['M Rubin']
     Venue AIAA Scitech 2019 Forum
     Year 2019
     Abstract This can be integrated with the other Simulink modules to provide useful tools for other aspects of the SDLC, including traceability to models, the generated code, and the test cases  Pros: Numerous built-in hardware simulation models. Built-in DAQ support
     Url https://arc.aiaa.org/doi/pdf/10.2514/6.2019-1708


     Search term "Traceability"+"Hardware+simulation"
     Title Airborne Electronic Hardware Design Assurance: A Practitioner's Guide to RTCA/DO-254
     Author ['R Fulton', 'R Vandermolen']
     Venue NA
     Year 2017
     Abstract [Not Found]
     Url [Not Found]


     Search term "Traceability"+"Hardware+simulation"
     Title The Digital Design and Verification of Overall Power System for Spacecraft
     Author ['N Xia', 'Q Du', 'Z Liu', 'X Zhang', 'Y Chen']
     Venue International Conference in …
     Year 2019
     Abstract increased communication among stakeholders in the system, improved knowledge acquisition and knowledge reuse, provide better traceability of information  Altium and so on have realized popularization in circuit principle design, PCB design and hardware simulation [6]. At
     Url https://link.springer.com/chapter/10.1007/978-981-13-9409-6_192

