Showing papers for search query "Case+Study"+"Hardware+simulation"+"Software+Product+Lines"

     Search term "Case+Study"+"Hardware+simulation"+"Software+Product+Lines"
     Title A code tagging approach to software product line development
     Author ['P Heymans', 'Q Boucher', 'A Classen', 'A Bourdoux']
     Venue International Journal on …
     Year 2012
     Abstract Page 1. Int J Softw Tools Technol Transfer (2012) 14:553–566 DOI 10.1007/s10009- 012-0242-1 SW-DIVERSITY A code tagging approach to software product line development An application to satellite communication libraries
     Url https://link.springer.com/article/10.1007/s10009-012-0242-1


     Search term "Case+Study"+"Hardware+simulation"+"Software+Product+Lines"
     Title A study on software risk management strategies and mapping with SDLC
     Author ['B Roy', 'R Dasgupta', 'N Chaki']
     Venue Advanced Computing and Systems for …
     Year 2016
     Abstract Testability. Unrealistic design. Inexperienced software module designer. Hardware. Little or no knowledge of hardware constraints. Incorrect hardware simulation or interface. Table 7 Technical risks at coding phase. Key factors. Overview of key factor. Technical risks. Functionality
     Url https://link.springer.com/chapter/10.1007/978-81-322-2653-6_9


     Search term "Case+Study"+"Hardware+simulation"+"Software+Product+Lines"
     Title Safecomp FastAbstract 25th September 2013
     Author ['MO Killijian']
     Venue NA
     Year 2013
     Abstract Page 1. HAL Id: hal-00926563 https://hal.archives-ouvertes.fr/hal-00926563 Submitted on 9 Jan 2014 HAL is a multi-disciplinary open access archive for the deposit and dissemination of sci- entific research documents, whether they are pub- lished or not
     Url https://hal.archives-ouvertes.fr/hal-00926563/document

