Showing papers for search query "Automation+Systems"+"Continuous"+"Regulated+Domain"

     Search term "Automation+Systems"+"Continuous"+"Regulated+Domain"
     Title Data driven decision making in Industrial Control Systems
     Author ['A Bäck']
     Venue NA
     Year 2019
     Abstract Summary This thesis is about benefits and values with data driven development in automation systems  Develop a forward proof architecture that allows continuous deployment and  regulated domain and as such has a very conservative view on how development shall take
     Url https://www.theseus.fi/bitstream/handle/10024/266700/Back_Andreas.pdf?sequence=2


     Search term "Automation+Systems"+"Continuous"+"Regulated+Domain"
     Title Definition of flexibility products for multilateral electricity markets
     Author ['T Leiskamo']
     Venue NA
     Year 2019
     Abstract To enable continuous transmission in the power grid cost-efficiently, Fingrid utilizes flexibility procured from markets and from its own resources for balance management, non-frequency ancillary services and congestion man- agement within the transmission system
     Url https://aaltodoc.aalto.fi/handle/123456789/41676


     Search term "Automation+Systems"+"Continuous"+"Regulated+Domain"
     Title Reliability on the Move: Safety and reliability in transportation
     Author ['GB Guy', 'BA Sayers']
     Venue NA
     Year 1989
     Abstract Page 1. Safet Reliability Society RELIABILITY ON THE MOVE SAFETYAND RELIABILITY IN TRANSPORTATION Edited by GB GUY ELSEVIER APPLIED SCIENCE Page 2. Page 3. This One NATH-DQO-TY72 Page 4. - - -- - Page 5
     Url https://books.google.com/books?hl=en&lr=lang_en&id=iZt0eGgP0OEC&oi=fnd&pg=PR9&dq=%22Automation+Systems%22+%22Continuous%22+%22Regulated+Domain%22&ots=yw1cL3AeHY&sig=OWypf9BXtQ_LpL2nNvdygLhRB10

