Showing papers for search query "Automation+Systems"+"Case+Study"+"FDA+Requirements"

     Search term "Automation+Systems"+"Case+Study"+"FDA+Requirements"
     Title Trends in food packaging and manufacturing systems and technology
     Author ['NP Mahalik', 'AN Nambiar']
     Venue Trends in food science & technology
     Year 2010
     Abstract Current automation systems are predominantly based on either PC (personal computer) or PLCs (Programmable Logic Controllers)  In order to fulfill USDA (United State Department of Agriculture) and the FDA requirements researchers are continually developing means to
     Url https://www.sciencedirect.com/science/article/pii/S0924224410000063


     Search term "Automation+Systems"+"Case+Study"+"FDA+Requirements"
     Title Safetrace: a safety-driven requirement traceability framework on device interaction hazards for MD PnP
     Author ['AYZ Ou', 'M Rahmaniheris', 'Y Jiang', 'L Sha']
     Venue Proceedings of the 33rd …
     Year 2018
     Abstract 13], are effective tools to support traceability for general use, but, they do not and do not need to meet the FDA requirements of safety  A network-connected airway laser-surgery system we use as a case study is introduced in Section 2, along with background information about
     Url https://dl.acm.org/doi/abs/10.1145/3167132.3167270


     Search term "Automation+Systems"+"Case+Study"+"FDA+Requirements"
     Title Validation master plans: progress of implementation within the pharmaceutical industry
     Author ['C Elser']
     Venue NA
     Year 2016
     Abstract Page 1. VALIDATION MASTER PLANS: PROGRESS OF IMPLEMENTATION WITHIN THE PHARMACEUTICAL INDUSTRY by Clare Elser A Dissertation Presented to the FACULTY OF THE USC SCHOOL OF PHARMACY UNIVERSITY
     Url http://search.proquest.com/openview/34a4525a9812cb36b7cdc1f10e753c2b/1?pq-origsite=gscholar&cbl=18750&diss=y


     Search term "Automation+Systems"+"Case+Study"+"FDA+Requirements"
     Title Pharmaceuticals: Merck: Sustaining long-term advantage through information technology
     Author ['H Amari']
     Venue NA
     Year 1998
     Abstract 13. Bibliography 2 Page 4. Introduction: Objective of this Study This case study of Merck was completed under a three year research grant from the Sloan Foundation. The project's purpose is to examine in a series of case studies how
     Url https://academiccommons.columbia.edu/doi/10.7916/D8G73N8C


     Search term "Automation+Systems"+"Case+Study"+"FDA+Requirements"
     Title Center on Japanese Economy and Business
     Author ['SL Advantage', 'H Amari']
     Venue NA
     Year NA
     Abstract Bibliography Page 5. Introduction: Objective of this Study This case study of Merck was completed under a three year research grant from the Sloan Foundation, The project's purpose is to examine in a series of case studies how US
     Url https://web.njit.edu/~rappw/C-067.pdf


     Search term "Automation+Systems"+"Case+Study"+"FDA+Requirements"
     Title Bioprocesses in Food Industry
     Author ['R Underwood']
     Venue NA
     Year 2018
     Abstract Page 1. Bioprocesses in Food Industry Page 2. . Page 3. Bioprocesses in Food Industry Ray Underwood www.edtechpress.co.uk Page 4. www.edtechpress.co.uk Published by ED-Tech Press, 54 Sun Street, Waltham Abbey Essex
     Url https://books.google.com/books?hl=en&lr=lang_en&id=B-PEDwAAQBAJ&oi=fnd&pg=PR15&dq=%22Automation+Systems%22+%22Case+Study%22+%22FDA+Requirements%22&ots=ZdkhDAD5lb&sig=tOYQ4VAJC4Auv-QkjDYB9WS_kEM


     Search term "Automation+Systems"+"Case+Study"+"FDA+Requirements"
     Title Biometric quality control process
     Author ['C Parvin', 'G Cembrowski', 'WG Cooper']
     Venue US Patent 7,050,933
     Year 2006
     Abstract US7050933B2 - Biometric quality control process - Google Patents. Biometric quality control process. Download PDF Info. Publication number US7050933B2. US7050933B2 US10/227,183 US22718302A US7050933B2 US 7050933
     Url https://patents.google.com/patent/US7050933B2/en

