Showing papers for search query "Regulated+Domain"+"Regulated+Domains"+"Software+Product+Lines"

     Search term "Regulated+Domain"+"Regulated+Domains"+"Software+Product+Lines"
     Title Trusted product lines
     Author ['S Hutchesson', 'J McDermid']
     Venue Information and Software Technology
     Year 2013
     Abstract When developing products for regulated domains, the usefulness of the product is critically dependent  Line approach can be approved and used within a regulated domain, such that  identifies and surveys the issues relating the adoption of Software Product Lines as currently
     Url https://www.sciencedirect.com/science/article/pii/S0950584912001085


     Search term "Regulated+Domain"+"Regulated+Domains"+"Software+Product+Lines"
     Title Searching for common ground: existing literature on automotive agile software product lines
     Author ['P Hohl', 'J Ghofrani', 'J Münch', 'M Stupperich']
     Venue Proceedings of the …
     Year 2017
     Abstract e constructed search string: (”so ware product line” OR ”so - ware product lines” OR ”so ware product line engineering” OR so - ware product line development” OR ”product line” OR ”product lines”) AND (”automotive” OR ”regulated domain” OR ”regulated domains” 71 Page 3
     Url https://dl.acm.org/doi/abs/10.1145/3084100.3084109


     Search term "Regulated+Domain"+"Regulated+Domains"+"Software+Product+Lines"
     Title Searching for Common Ground: Existing Literature on Automotive Agile Software Product Lines
     Author ['PHJ Ghofrani', 'M Stupperich', 'J Münch']
     Venue NA
     Year NA
     Abstract engineering" OR fisoft- ware product line development" OR "product line” OR "product lines") AND ("automotive” OR "regulated domain" OR "regulated domains" Page 3. Searching for Common Ground: Existing Literature on Automotive Agile Software Product Lines ICSSP 17
     Url https://www.researchgate.net/profile/Juergen_Muench/publication/316106668_Searching_for_Common_Ground_Existing_Literature_on_Automotive_Agile_Software_Product_Lines/links/59f09047458515bfd07f9501/Searching-for-Common-Ground-Existing-Literature-on-Automotive-Agile-Software-Product-Lines.pdf


     Search term "Regulated+Domain"+"Regulated+Domains"+"Software+Product+Lines"
     Title Real-Life challenges in automotive release planning
     Author ['K Marner', 'S Theobald', 'S Wagner']
     Venue 2019 Federated Conference …
     Year 2019
     Abstract Within these domains, the adoption of agile practices is hard to achieve and even not always desired [2]. To overcome the factors that hinder an agile transformation, regulated domains prefer adopting single agile  The automotive domain is a strongly regulated domain
     Url https://ieeexplore.ieee.org/abstract/document/8859992/


     Search term "Regulated+Domain"+"Regulated+Domains"+"Software+Product+Lines"
     Title Adoption of agile methods in automotive software development
     Author ['K Berger']
     Venue NA
     Year 2020
     Abstract short iterations. Nevertheless, agile methods often need to be adopted to a specific context and are in regulated domains, such as automotive, only used to a certain extent or not at all (Diebold and Theobald, 2018). The most
     Url http://essay.utwente.nl/81865/


     Search term "Regulated+Domain"+"Regulated+Domains"+"Software+Product+Lines"
     Title Flexible software process lines in practice: A metamodel-based approach to effectively construct and manage families of software process models
     Author ['M Kuhrmann', 'T Ternité', 'J Friedrich', 'A Rausch']
     Venue Journal of Systems and …
     Year 2016
     Abstract information is especially precious for companies that develop software in regulated domains, such as  In the terminology of software product lines, the elements of the tailoring model represent the  For instance, a company working in a regulated domain must prove its processes
     Url https://www.sciencedirect.com/science/article/pii/S0164121216301236

