Showing papers for search query "Automation+Systems"+"Continuous+Delivery"+"Software+Product+Lines"

     Search term "Automation+Systems"+"Continuous+Delivery"+"Software+Product+Lines"
     Title Performance analysis strategies for software variants and versions
     Author ['T Thüm', 'A van Hoorn', 'S Apel', 'J Bürdek']
     Venue Managed Software …
     Year 2019
     Abstract configurable software or software product lines [CE00, Ape+ 13])  Finally, all workpieces are transported to the Slide, awaiting packaging or further processing in other automation systems. For illustration, we describe three selected variants in more detail in the following
     Url http://library.oapen.org/bitstream/handle/20.500.12657/22886/1007275.pdf?sequence=1#page=190


     Search term "Automation+Systems"+"Continuous+Delivery"+"Software+Product+Lines"
     Title Modeling languages in Industry 4.0: an extended systematic mapping study
     Author ['A Wortmann', 'O Barais', 'B Combemale']
     Venue Software and Systems …
     Year 2020
     Abstract Systematic literature reviews are common to software engineering [13, 59], model-based engineering [25, 37], software product lines [32, 47  Moreover, it provides an overview for the automation systems community about the contributions to modeling languages and techniques
     Url https://link.springer.com/article/10.1007/s10270-019-00757-6


     Search term "Automation+Systems"+"Continuous+Delivery"+"Software+Product+Lines"
     Title Software Architect's Handbook: Become a successful software architect by implementing effective architecture concepts
     Author ['J Ingeno']
     Venue NA
     Year 2018
     Abstract their goals Knowing when to compromise Being aware of cultural differences Software risk management Risk avoidance Transferring the risk to another party Risk mitigation Risk acceptance Configuration management Changing management Software product lines Benefits of
     Url https://books.google.com/books?hl=en&lr=lang_en&id=6EZsDwAAQBAJ&oi=fnd&pg=PP1&dq=%22Automation+Systems%22+%22Continuous+Delivery%22+%22Software+Product+Lines%22&ots=EJ5NplHiJ3&sig=br_Wmpc9u7RAeRtdfc4I64Si2Mo


     Search term "Automation+Systems"+"Continuous+Delivery"+"Software+Product+Lines"
     Title Agile construction and evolution of product-line architectures
     Author ['JD Fernández']
     Venue NA
     Year 2012
     Abstract 8.12 FPLA model - Variability View (weaving definition) of home automation systems SPL  of working products in an iterative and incremental way through continuous delivery of valuable  product- line platform while making the development of software product lines more flexible
     Url https://core.ac.uk/download/pdf/12001283.pdf


     Search term "Automation+Systems"+"Continuous+Delivery"+"Software+Product+Lines"
     Title Context-Aware Integrability and Maintainability of Cyber-Physical Ecosystems: Tactics and Tools
     Author ['M Tomlein']
     Venue NA
     Year 2018
     Abstract Compared to mechanisms used in software ecosystems and software product lines [35], integration of software variants in Cyber-Physical Systems requires novel tools that can acquire and reason with more expressive, contextual models of physical systems
     Url https://pure.au.dk/ws/files/136711274/Matus_Tomlein_thesis.pdf


     Search term "Automation+Systems"+"Continuous+Delivery"+"Software+Product+Lines"
     Title Future Research.
     Author ['RH Reussner', 'M Goedicke', 'W Hasselbring']
     Venue NA
     Year 2019
     Abstract Thus, one can see in continuous delivery development profiles a mismatch  Feature-Oriented Software Product Lines: Concepts and Implemen- tation Springer Publishing Company  09] Jewgenij Botaschanjan et al.“Integrated Behavior Models for Factory Automation Systems”
     Url http://library.oapen.org/bitstream/handle/20.500.12657/22886/1007275.pdf?sequence=1#page=394

