Showing papers for search query "Automation+Systems"+"Continuous+Integration"+"Continuous+Software+Engineering"

     Search term "Automation+Systems"+"Continuous+Integration"+"Continuous+Software+Engineering"
     Title Continuous deployment of software intensive products and services: A systematic mapping study
     Author ['P Rodríguez', 'A Haghighatkhah', 'LE Lwakatare']
     Venue Journal of Systems and …
     Year 2017
     Abstract Iterative development, continuous integration and short feedback cycles were advocated as a replacement for the traditional engineering stage-gate models  A recent evolutionary step from agile and lean software development is rapid and continuous software engineering
     Url https://www.sciencedirect.com/science/article/pii/S0164121215002812


     Search term "Automation+Systems"+"Continuous+Integration"+"Continuous+Software+Engineering"
     Title Software development using DevOps tools and CD pipelines, A case study
     Author ['O Jokinen']
     Venue NA
     Year 2020
     Abstract for android application development and training Hung, PD, Giang, DT 2019 Language availability Continuous integration in distributed  containerized continuous deployment workflows Zhang, Y. et.al 2018 S7 Practitioners' eye on continuous software engineering: An interview
     Url https://helda.helsinki.fi/handle/10138/313590


     Search term "Automation+Systems"+"Continuous+Integration"+"Continuous+Software+Engineering"
     Title An empirical approach to recommend best practices for successful software products
     Author ['JJ Royal', 'S Kothapalli', 'SKR Bora']
     Venue NA
     Year NA
     Abstract Third hypothesis: Induction of self-healing automation systems in software development  for source control management, Tavis CI tool set for continuous integration  The CRUSOE Framework: A Holistic Approach to Analysing Prerequisites for Continuous Software Engineering
     Url http://www.infokara.com/gallery/31-jan-3479.pdf


     Search term "Automation+Systems"+"Continuous+Integration"+"Continuous+Software+Engineering"
     Title Software Project Services using Infrastructure-as-Code
     Author ['E Salonen']
     Venue NA
     Year 2020
     Abstract 22 3.1 DevOps for Software Development 22 3.2 Continuous Integration and Continuous Delivery 23 3.3 DevOps and IaC 24  VCS Version control system YAML Yet another markup language CI Continuous integration CD Continuous delivery SaaS Software as a service
     Url https://osuva.uwasa.fi/handle/10024/11405


     Search term "Automation+Systems"+"Continuous+Integration"+"Continuous+Software+Engineering"
     Title A process-oriented build tool for safety-critical model-based software development
     Author ['M Hochstrasser', 'S Myschik', 'F Holzapfel']
     Venue Change
     Year 2018
     Abstract Neubiberg, Germany Keywords: Build Automation, Workflow Management System, Component-based Software Engineering, Software Development Process, Model Standards, Model Scaffolding, Continuous Integration. Abstract
     Url https://www.scitepress.org/Papers/2018/66053/66053.pdf


     Search term "Automation+Systems"+"Continuous+Integration"+"Continuous+Software+Engineering"
     Title Application of a Process-Oriented Build Tool for Flight Controller Development Along a DO-178C/DO-331 Process
     Author ['M Hochstrasser', 'S Myschik', 'F Holzapfel']
     Venue International Conference on …
     Year 2018
     Abstract Build automation Workflow management system Software development process Model standards Model scaffolding Continuous integration DO-178C DO-331  and cleanliness support Assessors in their daily work or are pluggable to other build automation systems, like a CI
     Url https://link.springer.com/chapter/10.1007/978-3-030-11030-7_17


     Search term "Automation+Systems"+"Continuous+Integration"+"Continuous+Software+Engineering"
     Title On Provably Correct Decision-Making for Automated Driving
     Author ['Y Selvaraj']
     Venue NA
     Year NA
     Abstract This low rate presents a challenge as the failure rate of AD systems have to be at least better than human driving in order to increase overall traffic safety. Such a requirement presents difficulties in the development and verification of these automation systems
     Url https://research.chalmers.se/publication/518961/file/518961_Fulltext.pdf


     Search term "Automation+Systems"+"Continuous+Integration"+"Continuous+Software+Engineering"
     Title Future Research.
     Author ['RH Reussner', 'M Goedicke', 'W Hasselbring']
     Venue NA
     Year 2019
     Abstract Continuous Software Engineering: An Introduction  319-11283-1. [Bot+ 09] Jewgenij Botaschanjan et al.“Integrated Behavior Models for Factory Automation Systems”  Bougouffa et al.“Scalable Cloud Based Semantic Code Analysis to Support Continuous Integration of Industrial
     Url http://library.oapen.org/bitstream/handle/20.500.12657/22886/1007275.pdf?sequence=1#page=394

