Showing papers for search query "Automation+Systems"+"Continuous+Delivery"+"Continuous+Software+Engineering"

     Search term "Automation+Systems"+"Continuous+Delivery"+"Continuous+Software+Engineering"
     Title Continuous deployment of software intensive products and services: A systematic mapping study
     Author ['P Rodríguez', 'A Haghighatkhah', 'LE Lwakatare']
     Venue Journal of Systems and …
     Year 2017
     Abstract the code is built, and a set of unit tests are run when it is checked into version control repository), continuous delivery is a  trend to reduce the release cycle to days or even hours', as well as the International Workshop on Rapid and Continuous Software Engineering (RCoSE)
     Url https://www.sciencedirect.com/science/article/pii/S0164121215002812


     Search term "Automation+Systems"+"Continuous+Delivery"+"Continuous+Software+Engineering"
     Title Software development using DevOps tools and CD pipelines, A case study
     Author ['O Jokinen']
     Venue NA
     Year 2020
     Abstract of containerized continuous deployment workflows Zhang, Y. et.al 2018 S7 Practitioners' eye on continuous software engineering: An interview study Johanssen, JO, Kleebaum, A., Paech, B., Bruegge, B. 2018 Unrelated to study Software analytics in continuous delivery: A case
     Url https://helda.helsinki.fi/handle/10138/313590


     Search term "Automation+Systems"+"Continuous+Delivery"+"Continuous+Software+Engineering"
     Title Software Project Services using Infrastructure-as-Code
     Author ['E Salonen']
     Venue NA
     Year 2020
     Abstract 22 3.1 DevOps for Software Development 22 3.2 Continuous Integration and Continuous Delivery 23 3.3 DevOps and IaC 24  YAML Yet another markup language CI Continuous integration CD Continuous delivery SaaS Software as a service SSH Secure shell protocol
     Url https://osuva.uwasa.fi/handle/10024/11405


     Search term "Automation+Systems"+"Continuous+Delivery"+"Continuous+Software+Engineering"
     Title On the development of IoT systems
     Author ['A Taivalsaari', 'T Mikkonen']
     Venue 2018 Third International …
     Year 2018
     Abstract can be difficult and more akin to challenges presented by process automation systems [12] than  34(1) (2017) 72–80 [2] Humble, J., Farley, D.: Continuous Delivery: Reliable Software  IEEE (1995) 42–54 [11] Fitzgerald, B., Stol, KJ: Continuous Software Engineering: A Roadmap
     Url https://ieeexplore.ieee.org/abstract/document/8364039/


     Search term "Automation+Systems"+"Continuous+Delivery"+"Continuous+Software+Engineering"
     Title A process-oriented build tool for safety-critical model-based software development
     Author ['M Hochstrasser', 'S Myschik', 'F Holzapfel']
     Venue Change
     Year 2018
     Abstract Page 1. A Process-oriented Build Tool for Safety-critical Model-based Software Development Markus Hochstrasser1, Stephan Myschik2 and Florian Holzapfel1 1Institute of Flight System Dynamics, TU München, Boltzmannstraße
     Url https://www.scitepress.org/Papers/2018/66053/66053.pdf


     Search term "Automation+Systems"+"Continuous+Delivery"+"Continuous+Software+Engineering"
     Title Application of a Process-Oriented Build Tool for Flight Controller Development Along a DO-178C/DO-331 Process
     Author ['M Hochstrasser', 'S Myschik', 'F Holzapfel']
     Venue International Conference on …
     Year 2018
     Abstract Various methods to evaluate completeness of artefacts, conformance to standards, correctness, consistency, and cleanliness support Assessors in their daily work or are pluggable to other build automation systems, like a CI server. Footnotes. 1
     Url https://link.springer.com/chapter/10.1007/978-3-030-11030-7_17


     Search term "Automation+Systems"+"Continuous+Delivery"+"Continuous+Software+Engineering"
     Title Performance analysis strategies for software variants and versions
     Author ['T Thüm', 'A van Hoorn', 'S Apel', 'J Bürdek']
     Venue Managed Software …
     Year 2019
     Abstract In addition, the optimised implementation requires a stamping module, making the metallic workpiece type necessary. Finally, all workpieces are transported to the Slide, awaiting packaging or further processing in other automation systems
     Url http://library.oapen.org/bitstream/handle/20.500.12657/22886/1007275.pdf?sequence=1#page=190


     Search term "Automation+Systems"+"Continuous+Delivery"+"Continuous+Software+Engineering"
     Title On Provably Correct Decision-Making for Automated Driving
     Author ['Y Selvaraj']
     Venue NA
     Year NA
     Abstract This low rate presents a challenge as the failure rate of AD systems have to be at least better than human driving in order to increase overall traffic safety. Such a requirement presents difficulties in the development and verification of these automation systems
     Url https://research.chalmers.se/publication/518961/file/518961_Fulltext.pdf


     Search term "Automation+Systems"+"Continuous+Delivery"+"Continuous+Software+Engineering"
     Title Future Research.
     Author ['RH Reussner', 'M Goedicke', 'W Hasselbring']
     Venue NA
     Year 2019
     Abstract Thus, one can see in continuous delivery development profiles a mismatch between requirements from practice and  Continuous Software Engineering: An Introduction  11283-1. [Bot+ 09] Jewgenij Botaschanjan et al.“Integrated Behavior Models for Factory Automation Systems”
     Url http://library.oapen.org/bitstream/handle/20.500.12657/22886/1007275.pdf?sequence=1#page=394

