Showing papers for search query "Continuous"+"Regulated+Domain"+"Software+Product+Line"

     Search term "Continuous"+"Regulated+Domain"+"Software+Product+Line"
     Title Searching for common ground: existing literature on automotive agile software product lines
     Author ['P Hohl', 'J Ghofrani', 'J Münch', 'M Stupperich']
     Venue Proceedings of the …
     Year 2017
     Abstract search string: (”so ware product line” OR ”so - ware product lines” OR ”so ware product line engineering” OR so - ware product line development” OR ”product line” OR ”product lines”) AND (”automotive” OR ”regulated domain” OR ”regulated  as Continuous Integration (CI)
     Url https://dl.acm.org/doi/abs/10.1145/3084100.3084109


     Search term "Continuous"+"Regulated+Domain"+"Software+Product+Line"
     Title Searching for Common Ground: Existing Literature on Automotive Agile Software Product Lines
     Author ['PHJ Ghofrani', 'M Stupperich', 'J Münch']
     Venue NA
     Year NA
     Abstract OR "product line” OR "product lines") AND ("automotive” OR "regulated domain" OR "regulated  Inclusion criteria: • The paper discusses agile software product line develop- ment in the automotive  elements such ICSSP 17, July 2017, Paris, France as Continuous Integration (CI)
     Url https://www.researchgate.net/profile/Juergen_Muench/publication/316106668_Searching_for_Common_Ground_Existing_Literature_on_Automotive_Agile_Software_Product_Lines/links/59f09047458515bfd07f9501/Searching-for-Common-Ground-Existing-Literature-on-Automotive-Agile-Software-Product-Lines.pdf


     Search term "Continuous"+"Regulated+Domain"+"Software+Product+Line"
     Title Flexible software process lines in practice: A metamodel-based approach to effectively construct and manage families of software process models
     Author ['M Kuhrmann', 'T Ternité', 'J Friedrich', 'A Rausch']
     Venue Journal of Systems and …
     Year 2016
     Abstract a missing common understanding of what is considered a process line in practice and how do the adopted software product line concepts manifest  For instance, a company working in a regulated domain must prove its processes fulfilling a required maturity level or adhering to
     Url https://www.sciencedirect.com/science/article/pii/S0164121216301236


     Search term "Continuous"+"Regulated+Domain"+"Software+Product+Line"
     Title Interlocking Safety Cases for Unmanned Autonomous Systems in Shared Airspaces
     Author ['M Vierhauser', 'S Bayley', 'J Wyngaard']
     Venue IEEE Transactions …
     Year 2019
     Abstract meant to complement existing safety practices and could, for exam- ple, be used as part of a formal review process in a regulated domain  Event-driven enhanced monitoring (continuous) Based on results from V2 and/or on changes in our current operating mode, enhance our
     Url https://ieeexplore.ieee.org/abstract/document/8674543/

