Showing papers for search query "Continuous"+"Regulated+Domains"+"Software+Product+Lines"

     Search term "Continuous"+"Regulated+Domains"+"Software+Product+Lines"
     Title Searching for common ground: existing literature on automotive agile software product lines
     Author ['P Hohl', 'J Ghofrani', 'J Münch', 'M Stupperich']
     Venue Proceedings of the …
     Year 2017
     Abstract string: (”so ware product line” OR ”so - ware product lines” OR ”so ware product line engineering” OR so - ware product line development” OR ”product line” OR ”product lines”) AND (”automotive” OR ”regulated domain” OR ”regulated domains” 71  as Continuous Integration (CI)
     Url https://dl.acm.org/doi/abs/10.1145/3084100.3084109


     Search term "Continuous"+"Regulated+Domains"+"Software+Product+Lines"
     Title The future of software development methods
     Author ['B Fitzgerald', 'KJ Stol']
     Venue The Routledge Companion to Management …
     Year 2017
     Abstract life cycle, object orientation, agile and lean methods, open source software, software product lines, and software  trends: DevOps / Continuous Delivery Enterprise Agile Lean software development Continuous Software Engineering Agile in regulated domains
     Url https://cora.ucc.ie/handle/10468/6770


     Search term "Continuous"+"Regulated+Domains"+"Software+Product+Lines"
     Title Searching for Common Ground: Existing Literature on Automotive Agile Software Product Lines
     Author ['PHJ Ghofrani', 'M Stupperich', 'J Münch']
     Venue NA
     Year NA
     Abstract OR "product line” OR "product lines") AND ("automotive” OR "regulated domain" OR "regulated domains"  questions: 3.1 Research Question 1 Mn what ways can software product lines be combined  elements such ICSSP 17, July 2017, Paris, France as Continuous Integration (CI
     Url https://www.researchgate.net/profile/Juergen_Muench/publication/316106668_Searching_for_Common_Ground_Existing_Literature_on_Automotive_Agile_Software_Product_Lines/links/59f09047458515bfd07f9501/Searching-for-Common-Ground-Existing-Literature-on-Automotive-Agile-Software-Product-Lines.pdf


     Search term "Continuous"+"Regulated+Domains"+"Software+Product+Lines"
     Title Variability and complexity in software design: Towards a research agenda
     Author ['M Galster', 'U Zdun', 'D Weyns', 'R Rabiser']
     Venue ACM SIGSOFT …
     Year 2017
     Abstract in such a context as frequently discussed in work on dynamic software product lines [11] and  as cloud computing and microservices might be drivers for trends like continuous deployment/delivery  that are subject to regulations and legal aspects, eg, regulated domains such as
     Url https://dl.acm.org/doi/abs/10.1145/3011286.3011291


     Search term "Continuous"+"Regulated+Domains"+"Software+Product+Lines"
     Title Software processes for a changing world
     Author ['KT Ryan']
     Venue Journal of Software: Evolution and Process
     Year 2016
     Abstract named is to be seen in the development and use of software product lines (SPL) 3  researchers were among the first to identify the need for 'continuous' software engineering  we consider the stringent requirements for high‐quality software, most especially in regulated domains
     Url https://onlinelibrary.wiley.com/doi/abs/10.1002/smr.1756


     Search term "Continuous"+"Regulated+Domains"+"Software+Product+Lines"
     Title Real-Life challenges in automotive release planning
     Author ['K Marner', 'S Theobald', 'S Wagner']
     Venue 2019 Federated Conference …
     Year 2019
     Abstract Page 1. Abstract—Context: The use of agile software development is increasing, even in regulated domains like the automotive domain  We discuss how agile practices like daily standup or continuous integration could address the identified challenges. I. INTRODUCTION
     Url https://ieeexplore.ieee.org/abstract/document/8859992/


     Search term "Continuous"+"Regulated+Domains"+"Software+Product+Lines"
     Title RESEARCH OUTPUTS/RÉSULTATS DE RECHERCHE
     Author ['M Galster', 'U Zdun', 'D Weyns', 'R Rabiser', 'B Zhang']
     Venue NA
     Year NA
     Abstract in such a context as frequently discussed in work on dynamic software product lines [7] and  cloud computing and microservices might be drivers for trends like continuous deployment/delivery  which are subject to regula- tions and legal aspects, eg, regulated domains such as
     Url https://core.ac.uk/download/pdf/326274526.pdf


     Search term "Continuous"+"Regulated+Domains"+"Software+Product+Lines"
     Title Adoption of agile methods in automotive software development
     Author ['K Berger']
     Venue NA
     Year 2020
     Abstract are receiving high attention in the automotive industry and academia (Kim et al., 2018; Pfeffer et al., 2019) Continuous updates will  Nevertheless, agile methods often need to be adopted to a specific context and are in regulated domains, such as automotive, only used to a
     Url http://essay.utwente.nl/81865/


     Search term "Continuous"+"Regulated+Domains"+"Software+Product+Lines"
     Title Flexible software process lines in practice: A metamodel-based approach to effectively construct and manage families of software process models
     Author ['M Kuhrmann', 'T Ternité', 'J Friedrich', 'A Rausch']
     Venue Journal of Systems and …
     Year 2016
     Abstract Such information is especially precious for companies that develop software in regulated domains, such as automotive software, avionics  In 2005, Rombach presented an approach that proposes adopting principles from software product lines (Bass, Clements, Cohen, Northrop
     Url https://www.sciencedirect.com/science/article/pii/S0164121216301236


     Search term "Continuous"+"Regulated+Domains"+"Software+Product+Lines"
     Title The quest for ubiquity: A roadmap for software and systems traceability research
     Author ['O Gotel', 'J Cleland-Huang', 'JH Hayes']
     Venue 2012 20th IEEE …
     Year 2012
     Abstract identify and trace products. Traceability is achieved within regulated domains, where compliance and certification stipulations are demanded of their software, though it is not always clear to what levels. Examples include: the
     Url https://ieeexplore.ieee.org/abstract/document/6345841/


     Search term "Continuous"+"Regulated+Domains"+"Software+Product+Lines"
     Title Towards the systematic development of hybrid software development processes
     Author ['S Küpper', 'A Rausch', 'U Andelfinger']
     Venue Proceedings of the 2018 …
     Year 2018
     Abstract that support small-scale agile development and system development in regulated domains, and (iii  approach to develop a process reference model for product derivation in software product lines  A continuous and efficient evaluation instrument is required to assess a design
     Url https://dl.acm.org/doi/abs/10.1145/3202710.3203158


     Search term "Continuous"+"Regulated+Domains"+"Software+Product+Lines"
     Title Achieving agility and quality in product development-an empirical study of hardware startups
     Author ['V Berg', 'J Birkeland', 'A Nguyen-Duc', 'IO Pappas']
     Venue Journal of Systems and …
     Year 2020
     Abstract JavaScript is disabled on your browser. Please enable JavaScript to use all the features on this page. Skip to main content Skip to article
     Url https://www.sciencedirect.com/science/article/pii/S0164121220300777


     Search term "Continuous"+"Regulated+Domains"+"Software+Product+Lines"
     Title The impacts of agile and lean practices on project constraints: A tertiary study
     Author ['I Nurdiani', 'J Börstler', 'SA Fricker']
     Venue Journal of Systems and Software
     Year 2016
     Abstract It shows that there is a growing trend of implementing Agile methodologies in GSD. Certain Agile practices, such as continuous integration, pair programming, retrospective, and daily stand up meetings are commonly implemented in GSD contexts
     Url https://www.sciencedirect.com/science/article/pii/S0164121216300863

