Showing papers for search query "FDA+Requirements"+"Software+Product+Lines"

     Search term "FDA+Requirements"+"Software+Product+Lines"
     Title COPAM: A component-oriented platform architecting method family for product family engineering
     Author ['P America', 'H Obbink', 'R van Ommering']
     Venue Software Product …
     Year 2000
     Abstract Nowadays a number of well-developed methods are available for 167 P. Donohoe (ed.), Software Product Lines © Springer Science+Business Media New York 2000 Page 2  In- depth testing of this integrated platform is necessary to fulfill FDA requirements
     Url https://link.springer.com/chapter/10.1007/978-1-4615-4339-8_9


     Search term "FDA+Requirements"+"Software+Product+Lines"
     Title Feature interaction in software product line engineering: A systematic mapping study
     Author ['LR Soares', 'PY Schobbens']
     Venue Information and …
     Year 2018
     Abstract Context: Software product lines (SPL) engineering defines a set of systems that share common features and artifacts to achieve high productivity, quality, market agility, low time to market, and cost  2. Background. 2.1. Software product lines (SPL)
     Url https://www.sciencedirect.com/science/article/pii/S0950584917302690


     Search term "FDA+Requirements"+"Software+Product+Lines"
     Title Global Software Engineering Research in a Small Country.
     Author ['K Ryan']
     Venue ICECCS
     Year 2008
     Abstract Revision Level History Unresolved Anomalies Existing Software Process Models must be Mapped to the FDA Requirements McCaffery.F, Coleman  36 An Example of a Tool – Visualising Software Product Lines Many companies produce families of similar systems
     Url https://www.researchgate.net/profile/Kevin_Ryan19/publication/4331119_Global_Software_Engineering_Research_in_a_Small_Country/links/556f745408aec226830aab42.pdf


     Search term "FDA+Requirements"+"Software+Product+Lines"
     Title Feature Interactions In Highly Configurable Systems: A Dynamic Analysis Approach With Varxplorer
     Author ['LR Soares', 'BB Salvador']
     Venue NA
     Year 2019
     Abstract 4. Variability-Aware Execution. 5. Software Product Lines. I. Santana de Almeida, Eduardo. II  Page 15. ABSTRACT Highly configurable systems (as known as software product lines) provide significant reuse opportunities by tailoring system variants based on a set of features
     Url https://www.researchgate.net/profile/Larissa_Soares3/publication/343678007_FEATURE_INTERACTIONS_IN_HIGHLY_CONFIGURABLE_SYSTEMS_A_DYNAMIC_ANALYSIS_APPROACH_WITH_VARXPLORER/links/5f3822d6458515b729245a0d/FEATURE-INTERACTIONS-IN-HIGHLY-CONFIGURABLE-SYSTEMS-A-DYNAMIC-ANALYSIS-APPROACH-WITH-VARXPLORER.pdf

