Showing papers for search query "Automation+System"+"Continuous"+"Software+Product+Line"

     Search term "Automation+System"+"Continuous"+"Software+Product+Line"
     Title Software product line engineering approach for enhancing agile methodologies
     Author ['J Martinez', 'J Diaz', 'J Perez', 'J Garbajosa']
     Venue International Conference on …
     Year 2009
     Abstract of a generic gateway, bridging the gap between any home automation system and a  (2002) 5. Duvall, P., Matyas, S., Glover, A.: Continuous Integration: Improving  Professional, Reading (2007) 6. Pohl, K., Böckle, G., Linden, F.: Software Product Line Engineering: Foundations
     Url https://link.springer.com/chapter/10.1007/978-3-642-01853-4_52


     Search term "Automation+System"+"Continuous"+"Software+Product+Line"
     Title Evolution in dynamic software product lines: challenges and perspectives
     Author ['C Quinton', 'R Rabiser', 'M Vierhauser']
     Venue … Software Product Line
     Year 2015
     Abstract Dynamic software product line engineering [6, 11] has gained increasing popularity in recent years with the ad- vent of  an ironmaking automation sys- tem and its human-machine interface (HMI), a steelmaking automation system, as well as a continuous casting automa
     Url https://dl.acm.org/doi/abs/10.1145/2791060.2791101


     Search term "Automation+System"+"Continuous"+"Software+Product+Line"
     Title A goal-driven software product line approach for evolving multi-agent systems in the Internet of Things
     Author ['I Ayala', 'M Amor', 'JM Horcas', 'L Fuentes']
     Venue Knowledge-Based Systems
     Year 2019
     Abstract number and heterogeneity of devices derived from the continuous technological changes  Software Product Line (SPL) technologies have been successfully applied to different domains to  The GreenManager system is an agent-based home automation system, whose goal is to
     Url https://www.sciencedirect.com/science/article/pii/S0950705119303521


     Search term "Automation+System"+"Continuous"+"Software+Product+Line"
     Title Supporting evolution in model-based product line engineering
     Author ['D Dhungana', 'T Neumayer']
     Venue … Software Product …
     Year 2008
     Abstract 319 Page 2. plant building company. The company is maintaining a software product line supporting continuous casting in steel plants  The domain of interest is our indus- try partner's process automation system for continuous casting in steel plants (CL2)
     Url https://ieeexplore.ieee.org/abstract/document/4626865/


     Search term "Automation+System"+"Continuous"+"Software+Product+Line"
     Title Uncovering sustainability concerns in software product lines
     Author ['R Chitchyan', 'I Groher', 'J Noppen']
     Venue Journal of Software …
     Year 2017
     Abstract Arcade Game Maker software product line (SPL) supports a range of arcade games (eg, bowling and  to fine‐tune deployment parameters of the CC‐L2 process automation system on site  VAI Metals has developed and maintains the Continuous Casting Level 2 (CC‐L2) product
     Url https://onlinelibrary.wiley.com/doi/abs/10.1002/smr.1853


     Search term "Automation+System"+"Continuous"+"Software+Product+Line"
     Title Simulating evolution in model-based product line engineering
     Author ['W Heider', 'R Froschauer', 'P Grünbacher']
     Venue Information and …
     Year 2010
     Abstract 2. Problem illustration: evolving industrial automation system product lines  Probabilities of elementary operations, Refactoring (%), Product placement (%), Continuous evolution (%)  types will typically be necessary in an application to be maintained as a software product line
     Url https://www.sciencedirect.com/science/article/pii/S0950584910000479


     Search term "Automation+System"+"Continuous"+"Software+Product+Line"
     Title Design for future: managed software evolution
     Author ['U Goltz', 'RH Reussner', 'M Goedicke']
     Venue … Science-Research and …
     Year 2015
     Abstract IMoTEP 11 investigates the co-evolution of software product line (SPL) models and test  and combine those viewpoints, which are required to model an automation system holistically  synchronise software systems with their abstract models through continuous system monitoring
     Url https://link.springer.com/article/10.1007/s00450-014-0273-9


     Search term "Automation+System"+"Continuous"+"Software+Product+Line"
     Title Supporting feature-oriented evolution in industrial automation product lines
     Author ['D Hinterreiter', 'L Linsbauer']
     Venue Concurrent …
     Year 2020
     Abstract In the domain of industrial automation companies nowadays need to serve a mass market while at the same time customers demand highly customized solutions. To tackle this problem, companies frequent...
     Url https://journals.sagepub.com/doi/abs/10.1177/1063293X20958930


     Search term "Automation+System"+"Continuous"+"Software+Product+Line"
     Title Engineering support in the machine manufacturing domain through interdisciplinary product lines: An applicability analysis
     Author ['S Feldmann', 'C Legat', 'B Vogel-Heuser']
     Venue IFAC-PapersOnLine
     Year 2015
     Abstract (2014) apply model-based software product line testing techniques to  point of view, the variants differ in the size of processed work pieces (small or large work pieces – either one size or any size can be desirable), positioning capabilities (discrete and continuous positions) and
     Url https://www.sciencedirect.com/science/article/pii/S2405896315003225


     Search term "Automation+System"+"Continuous"+"Software+Product+Line"
     Title Effective development of automation systems through domain-specific modeling in a small enterprise context
     Author ['A Leitner', 'C Preschern', 'C Kreiner']
     Venue Software & Systems Modeling
     Year 2014
     Abstract 6 Initializing a product line for an automation system domain  Compared to the management of single system projects, the management of a software product line engineering (SPLE  It includes the continuous adaptation of the business case and the monitoring of market dynamics
     Url https://link.springer.com/content/pdf/10.1007/s10270-012-0289-1.pdf


     Search term "Automation+System"+"Continuous"+"Software+Product+Line"
     Title How Domain-Specific Modeling Languages Address Variability in Product Line Development: Investigation of 23 Cases
     Author ['JP Tolvanen', 'S Kelly']
     Venue … International Systems and Software Product Line …
     Year 2019
     Abstract In 23rd International Systems and Software Product Line Conference - Volume A (SPLC '19), September 9–13  ponds is used to produce a user interface to monitor and control the automation system  what they measure and how they can be applied, eg with continuous polling or
     Url https://dl.acm.org/doi/abs/10.1145/3336294.3336316


     Search term "Automation+System"+"Continuous"+"Software+Product+Line"
     Title Evolution in dynamic software product lines
     Author ['C Quinton', 'M Vierhauser', 'R Rabiser']
     Venue Journal of Software …
     Year 2020
     Abstract Changes in the requirements and newly emerging technologies lead to the continuous evolution of DSPLs: For example, new features may need  A DSPL is a special form of a software product line designed to support runtime variability, that is, adaptation and reconfiguration at
     Url https://onlinelibrary.wiley.com/doi/abs/10.1002/smr.2293


     Search term "Automation+System"+"Continuous"+"Software+Product+Line"
     Title Evaluation across multiple views for variable automation systems
     Author ['L Hotz', 'Y Wang', 'M Riebisch', 'O Götz']
     Venue … on Software Product Line
     Year 2015
     Abstract Figure 4: Application engineering: Feature selection based on requirements and continuous tool-based computation of constraints  a novel method for evaluating functional and non-functional properties of an automation system across multiple  Software Product-Line Engineering
     Url https://dl.acm.org/doi/abs/10.1145/2791060.2791082


     Search term "Automation+System"+"Continuous"+"Software+Product+Line"
     Title Review and future directions of the automated validation in software product line engineering
     Author ['AO Elfaki', 'OA Abouabdalla', 'SL Fong']
     Venue Journal of Theoretical …
     Year 2012
     Abstract 1. INTRODUCTION Software Product Line Engineering (SPLE) consists of two processes known as, domain- engineering and application-engineering  76 engineering is a continuous process; when there are new assets, these are added to the existing assets
     Url http://citeseerx.ist.psu.edu/viewdoc/download?doi=10.1.1.299.7749&rep=rep1&type=pdf


     Search term "Automation+System"+"Continuous"+"Software+Product+Line"
     Title Software engineering in industrial automation: State-of-the-art review
     Author ['V Vyatkin']
     Venue IEEE Transactions on Industrial Informatics
     Year 2013
     Abstract One can get an idea of the factory floor automation software typical functionalities from the traditional centralized automation system structure presented in  It is designed to be used with batch process control systems, but it can also be applied to discrete, continuous, hybrid and
     Url https://ieeexplore.ieee.org/abstract/document/6502240/


     Search term "Automation+System"+"Continuous"+"Software+Product+Line"
     Title Multi-Perspective Modeling and Performance Analysis of Software Product Lines.
     Author ['M Kowal']
     Venue DS@ MoDELS
     Year 2015
     Abstract Another approach translates UML-annotated software product line designs to layered queueing networks and analyzes  Method of evaluation was the real world automation system located at the AIS  The workflow is interpreted as a continuous- time Markov chain that underlies a
     Url https://pdfs.semanticscholar.org/4517/38669aba9c2646c64b7ecca8947fcac7d051.pdf


     Search term "Automation+System"+"Continuous"+"Software+Product+Line"
     Title Feature and Constraint Mapping for Configuration and Evolution of Variable Manufacturing Automation Systems
     Author ['Y Wang', 'M Riebisch']
     Venue Tagungsband des Dagstuhl-Workshop MBEES
     Year NA
     Abstract the software lifecycle, with four orthogonal traceability dimensions in software product line development: refinement  that we develop our research approach in a continuous application and  feature models during configuration makes the design of automation system more efficient
     Url http://citeseerx.ist.psu.edu/viewdoc/download?doi=10.1.1.696.5468&rep=rep1&type=pdf#page=73


     Search term "Automation+System"+"Continuous"+"Software+Product+Line"
     Title Analysis of a Clone-and-Own Industrial Automation System: An Exploratory Study
     Author ['N Lodewijks']
     Venue NA
     Year NA
     Abstract Each clone corre- sponds to the automation system of a factory some- where around the world for some specific customer. Each clone is a variant of the base platform  Continuous change activity will give rise to a sequence of horizontally aligned dots
     Url http://ceur-ws.org/Vol-2070/paper-05.pdf


     Search term "Automation+System"+"Continuous"+"Software+Product+Line"
     Title Hierachical variability management in software product lines
     Author ['ME Atasoy']
     Venue NA
     Year 2013
     Abstract Keywords: Software Product Line, Variability Management, Hierarchical Variability Management, Domain Variability, Application Variability Page 6. vi ÖZ  I would like to thank to all my friends and colleagues for their understanding and continuous support during my thesis
     Url https://open.metu.edu.tr/handle/11511/23065


     Search term "Automation+System"+"Continuous"+"Software+Product+Line"
     Title Analysis of metamodels for model-based production automation system engineering
     Author ['S Cha', 'B Vogel-Heuser', 'J Fischer']
     Venue IET Collaborative Intelligent Manufacturing
     Year 2020
     Abstract For a continuous engineering process, model transformation has been often applied in the automation software development process (eg from observed/classified pattern [ 22 ], component-based model [ 23 ], or SimulinkTM model [ 24 ]) or test cases (eg from UML State
     Url https://digital-library.theiet.org/content/journals/10.1049/iet-cim.2020.0013


     Search term "Automation+System"+"Continuous"+"Software+Product+Line"
     Title High Confidence Software Reuse in Large Systems: 10th International Conference on Software Reuse, ICSR 2008, Bejing, China, May 25-29, 2008
     Author ['H Mei']
     Venue NA
     Year 2008
     Abstract off-the-shelf (COTS) technology, increased integration, continuous evolution, and  Staa Feature Implementation Modeling Based Product Derivation in Software Product Line  Niu and Steve Easterbrook Towards Reusable Automation System Components
     Url https://link.springer.com/content/pdf/10.1007/978-3-540-68073-4.pdf


     Search term "Automation+System"+"Continuous"+"Software+Product+Line"
     Title Unified test automation system
     Author ['DJ Allen', 'U Kute', 'S Halzel']
     Venue US Patent 10,783,065
     Year 2020
     Abstract US10783065B2 - Unified test automation system - Google Patents. Unified test automation system. Download PDF Info. Publication number US10783065B2. US10783065B2 US15/933,615 US201815933615A US10783065B2
     Url https://patents.google.com/patent/US10783065B2/en


     Search term "Automation+System"+"Continuous"+"Software+Product+Line"
     Title Integrating performance analysis in model driven software product line engineering
     Author ['RE Tawhid']
     Venue NA
     Year 2012
     Abstract My most sincere and warm thanks go to my husband, Mohamed, and to my mom for their continuous support and encouragement. To my sons, Aly and Seif, I dedicate this research to you both because without your  19 2.1 Software Product Line Methods 19
     Url https://curve.carleton.ca/system/files/etd/273eef40-9605-4da9-8348-15143ec9705a/etd_pdf/e24d5feb8a77d9df78aba74135578a65/tawhid-integratingperformanceanalysisinmodeldriven.pdf


     Search term "Automation+System"+"Continuous"+"Software+Product+Line"
     Title COMPONENT-BASED REFERENCE ARCHITECTURE TOOL FOR SOFTWARE PRODUCT LINE ENGINEERING
     Author ['M BALCI']
     Venue NA
     Year NA
     Abstract 51 4.3 Possible Products of Software Product Line 52 4.4 Visualizing Feature Model 53 4.5 Creating Component-based Reference Architecture 55 4.6 Product Features View 60 4.7 Product Architecture View 60 4.8 Summary 62 5. Case Study: Home Automation System 63
     Url http://studentnet.cs.manchester.ac.uk/resources/library/thesis_abstracts/MSc13/FullText/Balci-Mert-fulltext.pdf


     Search term "Automation+System"+"Continuous"+"Software+Product+Line"
     Title Incremental consistency checking in delta-oriented uml-models for automation systems
     Author ['M Kowal', 'I Schaefer']
     Venue arXiv preprint arXiv:1604.00348
     Year 2016
     Abstract and Thomas Thüm (Eds.): 7th International Workshop on Formal Methods and Analysis in Software Product Line Engineering (FMSPLE'16  4.1 The Pick and Place Unit - An Automation System  3, the crane waits for the stamp to finish the process and continuous the transportation
     Url https://arxiv.org/abs/1604.00348


     Search term "Automation+System"+"Continuous"+"Software+Product+Line"
     Title concerns in software product lines. Journal of Software: Evolution and Process, 29 (2),[e1853]. https://doi. org/10.1002/smr. 1853
     Author ['R Chitchyan', 'I Groher', 'J Noppen']
     Venue NA
     Year 2016
     Abstract and coping with evolution [40, 17], where evaluation aims for the continuous reuse of the  and challenges that were taken into account in designing and implementing the software product line  to fine-tune deployment parameters of the CC-L2 process automation system on site
     Url https://core.ac.uk/download/pdf/195282862.pdf


     Search term "Automation+System"+"Continuous"+"Software+Product+Line"
     Title Software Product Line Engineering and Variability Management: Achievements and Challenges–Literature Survey and Classification–
     Author ['A Metzger', 'K Pohl']
     Venue Trans. Softw. Eng
     Year 2014
     Abstract Page 1. 1 Software Product Line Engineering and Variability  As input for this paper, we have surveyed the software product line engineering literature of the past seven years and re- trieved over 600 relevant papers from established conferences and journals alone
     Url https://sse.uni-due.de/fileadmin/sse/user_upload/Files/FoSE_SPL_sota_classification-web.pdf


     Search term "Automation+System"+"Continuous"+"Software+Product+Line"
     Title Florida: Feature location dashboard for extracting and visualizing feature traces
     Author ['B Andam', 'A Burger', 'T Berger']
     Venue Proceedings of the …
     Year 2017
     Abstract to consolidate the cloned prod- ucts into an integrated platform (aka, software product line), the knowledge  Immediate and continuous annotation is bene- ficial as at this point, the  Our running example is a com- mercial, embedded industrial-automation system, which was used
     Url https://dl.acm.org/doi/abs/10.1145/3023956.3023967


     Search term "Automation+System"+"Continuous"+"Software+Product+Line"
     Title Model-based customization and deployment of Eclipse-based tools: Industrial experiences
     Author ['P Grünbacher', 'R Rabiser', 'D Dhungana']
     Venue 2009 IEEE/ACM …
     Year 2009
     Abstract System) supports de- velopers and operation staff of Siemens VAI customers to fine-tune deployment parameters of the CC-L2 (Continuous Casting Level 2) system on site. Level 2 represents the process automation layer in this industrial automation system that communicates
     Url https://ieeexplore.ieee.org/abstract/document/5431766/


     Search term "Automation+System"+"Continuous"+"Software+Product+Line"
     Title Integrated revision and variation control for evolving model-driven software product lines
     Author ['F Schwägerl', 'B Westfechtel']
     Venue Software and Systems Modeling
     Year 2019
     Abstract From the SPLE perspective, SuperMod pioneers a new paradigm for engineering software product lines which is called product-based software product line engineering: The SPL is evolved by editing single product versions  6). A7 Continuous SPLE
     Url https://link.springer.com/article/10.1007/s10270-019-00722-3


     Search term "Automation+System"+"Continuous"+"Software+Product+Line"
     Title Supporting variability management in architecture design and implementation
     Author ['I Groher', 'R Weinreich']
     Venue 2013 46th Hawaii International …
     Year 2013
     Abstract members of the product line [1]. The effectiveness of a software product line approach directly  toolkit like automatic creation of traces, continuous analysis, and continuous synchronization of  A home automation system connects the devices of a house and enables inhabitants to
     Url https://ieeexplore.ieee.org/abstract/document/6480448/


     Search term "Automation+System"+"Continuous"+"Software+Product+Line"
     Title Integrated revision and variation control for evolving model-driven software product lines
     Author ['F Schwägerl', 'B Westfechtel']
     Venue Software and Systems Modeling
     Year 2019
     Abstract From the SPLE perspective, SuperMod pioneers a new paradigm for engineering software product lines which is called product-based software product line engineering: The SPL is evolved by editing single product versions  6). A7 Continuous SPLE
     Url https://link.springer.com/article/10.1007/s10270-019-00722-3


     Search term "Automation+System"+"Continuous"+"Software+Product+Line"
     Title Florida: Feature location dashboard for extracting and visualizing feature traces
     Author ['B Andam', 'A Burger', 'T Berger']
     Venue Proceedings of the …
     Year 2017
     Abstract to consolidate the cloned prod- ucts into an integrated platform (aka, software product line), the knowledge  Immediate and continuous annotation is bene- ficial as at this point, the  Our running example is a com- mercial, embedded industrial-automation system, which was used
     Url https://dl.acm.org/doi/abs/10.1145/3023956.3023967


     Search term "Automation+System"+"Continuous"+"Software+Product+Line"
     Title iMMAS an industrial meta-model for automation system using OPC UA
     Author ['JM Gutierrez-Guerrero']
     Venue Elektronika ir …
     Year 2017
     Abstract and transformation rules [9]. In this paper, a novel meta-model called iMMAS (Industrial Meta-Model for Automation System) is proposed  and system integration, specifically for process control systems on batch, although it can also be applied to discrete, continuous, hybrid, and
     Url http://www.eejournal.ktu.lt/index.php/elt/article/view/18324


     Search term "Automation+System"+"Continuous"+"Software+Product+Line"
     Title The DOPLER meta-tool for decision-oriented variability modeling: a multiple case study
     Author ['D Dhungana', 'P Grünbacher', 'R Rabiser']
     Venue Automated Software Engineering
     Year 2011
     Abstract It has been demon- strated that software product line engineering (PLE) is a successful approach in many business environments (van der Linden et al. 2007; Clements and Northrop 2001; Pohl et al. 2005)  System Continuous casting steel plant automation system
     Url https://link.springer.com/article/10.1007/s10515-010-0076-6


     Search term "Automation+System"+"Continuous"+"Software+Product+Line"
     Title Analyzing the complexity of domain model representations
     Author ['A Leitner', 'R Weiß', 'C Kreiner']
     Venue 2012 IEEE 19th International …
     Year 2012
     Abstract Due to the long life cycle, and the resulting continuous evolution of the domain  Basically, software product line development follows two fundamentals ideas: • differentiation of domain and application engineering  One main aim of the automation system is to make the work of the
     Url https://ieeexplore.ieee.org/abstract/document/6195192/


     Search term "Automation+System"+"Continuous"+"Software+Product+Line"
     Title Coping with variability in model-based systems engineering: An experience in green energy
     Author ['S Trujillo', 'JM Garate', 'RE Lopez-Herrejon']
     Venue European Conference …
     Year 2010
     Abstract System design is a continuous process where each discipline focuses on certain design parts  Krueger, C., Bakal, M.: Systems and software product line engineering with sysml, uml and the ibm  Dauenhauer, G., Aschauer, T., Pree, W.: Variability in automation system models
     Url https://link.springer.com/chapter/10.1007/978-3-642-13595-8_23


     Search term "Automation+System"+"Continuous"+"Software+Product+Line"
     Title A scalable design framework for variability management in large-scale software product lines.
     Author ['M Garba']
     Venue NA
     Year 2016
     Abstract Software Product Line Engineering (SPLE) is a paradigm of software engineering for creating a portfolio or a collection of similar software products with variations in their features and functions. The products can be software, such as home automation system, as well as systems
     Url https://core.ac.uk/download/pdf/219374849.pdf


     Search term "Automation+System"+"Continuous"+"Software+Product+Line"
     Title Software product lines for creating service-oriented applications
     Author ['P Istoan', 'JM Jézéquel', 'G Perrouin']
     Venue NA
     Year 2009
     Abstract families of service-based systems. Exploring the existing connection between software product line approaches and ser- vice oriented architectures, we try to harness the advantages that emerge. Software product lines are
     Url https://www.researchgate.net/profile/Jean-Marc_Jezequel/publication/230636250_Software_Product_Lines_for_creating_Service_Oriented_Applications/links/00b495320caaef3a9a000000.pdf


     Search term "Automation+System"+"Continuous"+"Software+Product+Line"
     Title Interdisciplinary Variability Modeling and Performance Analysis for Long-Living Automation Systems
     Author ['M Kowal']
     Venue NA
     Year NA
     Abstract The general process is applied to different classes of continuous phase-time distributions com  The focus lies on the development process of a software product line and variability modeling  The running example is a real-world automation system, which we use to validate the
     Url https://publikationsserver.tu-braunschweig.de/servlets/MCRFileNodeServlet/dbbs_derivate_00044306/Diss_Kowal_Matthias.pdf


     Search term "Automation+System"+"Continuous"+"Software+Product+Line"
     Title Migrating and Evolving Software Product Lines: An Industrial Case Study of Feature Location and Visualization Techniques
     Author ['BK ANDAM']
     Venue NA
     Year 2018
     Abstract I would especially like to thank my industrial supervisor, Dr. Andreas Burger for his continuous support and for tirelessly organizing all the resources needed to undertake the research. I could not have asked for better mentors  38, 39, 42, 46 SPL Software Product Line
     Url https://odr.chalmers.se/handle/20.500.12380/300503


     Search term "Automation+System"+"Continuous"+"Software+Product+Line"
     Title Managing quality requirements in software product development
     Author ['RB Svensson']
     Venue NA
     Year 2009
     Abstract How- ever, in market–driven development, the situation is even more complex (Aurum and Wohlin 2005) due to the continuous flow of requirements. The continuous flow of requirements is not limited to one project, and the re
     Url http://portal.research.lu.se/portal/files/5845687/1627752


     Search term "Automation+System"+"Continuous"+"Software+Product+Line"
     Title Towards a Circular Economy of Industrial Software
     Author ['V Kutscher', 'S Ruland', 'P Müller', 'N Wasser', 'M Lochau']
     Venue Procedia CIRP
     Year 2020
     Abstract In order to meet the introduced challenges and utilize the full potential for continuous improvement of existing software, we  To further facilitate reuse and reduce maintenance efforts, software can be engineered as a Software Product Line (SPL) (Clements, Northrop, 2002, Weiss
     Url https://www.sciencedirect.com/science/article/pii/S2212827120303127


     Search term "Automation+System"+"Continuous"+"Software+Product+Line"
     Title Automated Validation of Software Product Lines using First Order Logic Rules
     Author ['AO Elfaki']
     Venue NA
     Year 2010
     Abstract 1. INTRODUCTION 1.1. Introduction The Software Product Line (SPL) is an emerging methodology for developing software products  Eisenecker (2002). Domain-engineering is a continuous process; when there are new assets, these are added to the existing assets
     Url https://www.researchgate.net/profile/Abdelrahman_Elfaki/publication/226164281_SOFTWARE_PRODUCT_LINES_A_Rule-_Based_Approach/links/0912f4fde09ac90f1d000000.pdf


     Search term "Automation+System"+"Continuous"+"Software+Product+Line"
     Title Challenges of parallel evolution in production automation focusing on requirements specification and fault handling
     Author ['B Vogel-Heuser', 'C Legat', 'J Folmer']
     Venue at …
     Year 2014
     Abstract domain are performed for specific reasons – eg to ad- just a production (automation) system for certain circum- stances or to configure it for  of parallel evolu- tion, fault handling and related requirements, the sorting part of the PPU is used as it includes continuous move- ment of
     Url https://www.degruyter.com/view/journals/auto/62/11/article-p758.xml


     Search term "Automation+System"+"Continuous"+"Software+Product+Line"
     Title Selected challenges of software evolution for automated production systems
     Author ['B Vogel-Heuser', 'S Feldmann', 'J Folmer']
     Venue 2015 IEEE 13th …
     Year 2015
     Abstract Based on the software product line (SPL) paradigm [38], a model-based testing approach for  software for a particular version or variant of an automation system, the necessary  and W. Lamersdorf, “Keeping pace with changes – towards supporting continuous improvements and
     Url https://ieeexplore.ieee.org/abstract/document/7281753/


     Search term "Automation+System"+"Continuous"+"Software+Product+Line"
     Title Building end-user programming systems based on a domain-specific language
     Author ['H Prähofer', 'D Hurnaus', 'H Mössenböck']
     Venue 6th OOPSLA Workshop on …
     Year 2006
     Abstract Out of scope are therefore the continuous control and signal processing layer, which are supposed to form the layer below, and manufacturing execution layer, which could form the layer  This view of a machine exactly matches the end-user perception of the automation system
     Url http://www.academia.edu/download/46537609/OOPSLA-DSM-06-Proceedings.pdf#page=40


     Search term "Automation+System"+"Continuous"+"Software+Product+Line"
     Title Increasing system test coverage in production automation systems
     Author ['S Ulewicz', 'B Vogel-Heuser']
     Venue Control Engineering Practice
     Year 2018
     Abstract JavaScript is disabled on your browser. Please enable JavaScript to use all the features on this page. Skip to main content Skip to article
     Url https://www.sciencedirect.com/science/article/pii/S0967066118300108


     Search term "Automation+System"+"Continuous"+"Software+Product+Line"
     Title Variability management for a runtime monitoring infrastructure
     Author ['R Rabiser', 'M Vierhauser', 'P Grünbacher']
     Venue Proceedings of the Ninth …
     Year 2015
     Abstract production, ie, refining liquid iron and other materials to produce steel, as well as continuous casting, ie  Figure 1. The plant automation system of systems [26]  from a different context, these challenges are similar to challenges reported by the software product line com- munity
     Url https://dl.acm.org/doi/abs/10.1145/2701319.2701330


     Search term "Automation+System"+"Continuous"+"Software+Product+Line"
     Title Conceptual approach for reuse of test automation artifacts on various architectural levels
     Author ['D Almog', 'SH Chassidim', 'Y Tsubery']
     Venue Computer Science and …
     Year 2018
     Abstract be applied to parts of the testing process by entrusting repetitive tasks to a test automation system  More recent studies relate reusability to Software Product Line Testing (SPLT) [20-22  be executed automatically, but the original testing was hardly done in a continuous fashion [29
     Url http://www.doiserbia.nb.rs/Article.aspx?id=1820-02141800006A

