Showing papers for search query "Case+Study"+"Regulated+Domain"+"Software+Product+Line"

     Search term "Case+Study"+"Regulated+Domain"+"Software+Product+Line"
     Title Searching for common ground: existing literature on automotive agile software product lines
     Author ['P Hohl', 'J Ghofrani', 'J Münch', 'M Stupperich']
     Venue Proceedings of the …
     Year 2017
     Abstract so ware product line” OR ”so - ware product lines” OR ”so ware product line engineering” OR so - ware product line development” OR ”product line” OR ”product lines”) AND (”automotive” OR ”regulated domain” OR ”regulated  e reduction of time is validated in a case study
     Url https://dl.acm.org/doi/abs/10.1145/3084100.3084109


     Search term "Case+Study"+"Regulated+Domain"+"Software+Product+Line"
     Title Searching for Common Ground: Existing Literature on Automotive Agile Software Product Lines
     Author ['PHJ Ghofrani', 'M Stupperich', 'J Münch']
     Venue NA
     Year NA
     Abstract line development" OR "product line” OR "product lines") AND ("automotive” OR "regulated domain" OR "regulated  Assessment Method for the Automotive Industry and the (3) Mega Scale Software Product Line Engineering: The  The reduction of time is validated in a case study
     Url https://www.researchgate.net/profile/Juergen_Muench/publication/316106668_Searching_for_Common_Ground_Existing_Literature_on_Automotive_Agile_Software_Product_Lines/links/59f09047458515bfd07f9501/Searching-for-Common-Ground-Existing-Literature-on-Automotive-Agile-Software-Product-Lines.pdf


     Search term "Case+Study"+"Regulated+Domain"+"Software+Product+Line"
     Title Inner source project management
     Author ['M Höst', 'KJ Stol', 'A Oručević-Alagić']
     Venue Software Project Management in a …
     Year 2014
     Abstract For example, Philips Healthcare develops a Software Product Line (SPL) for their medical equipment, whereby the SPL  The second case study was conducted at an organization that we refer to as “GlobalSoft.” GlobalSoft is a multinational organization in a regulated domain
     Url https://link.springer.com/chapter/10.1007/978-3-642-55035-5_14


     Search term "Case+Study"+"Regulated+Domain"+"Software+Product+Line"
     Title Flexible software process lines in practice: A metamodel-based approach to effectively construct and manage families of software process models
     Author ['M Kuhrmann', 'T Ternité', 'J Friedrich', 'A Rausch']
     Venue Journal of Systems and …
     Year 2016
     Abstract a missing common understanding of what is considered a process line in practice and how do the adopted software product line concepts manifest  For instance, a company working in a regulated domain must prove its processes fulfilling a required maturity level or adhering to
     Url https://www.sciencedirect.com/science/article/pii/S0164121216301236


     Search term "Case+Study"+"Regulated+Domain"+"Software+Product+Line"
     Title Innersourcing
     Author ['PJ Ågerfalk', 'B Fitzgerald', 'KJ Stol']
     Venue Software Sourcing in the Age of Open
     Year 2015
     Abstract The first case study of inner source presented in this chapter is an initiative at Philips Research  Over time, this component suite evolved into a platform for a software product line, which is still  Given the regulated domain, documentation on design and tests have to be delivered
     Url https://link.springer.com/chapter/10.1007/978-3-319-17266-8_3


     Search term "Case+Study"+"Regulated+Domain"+"Software+Product+Line"
     Title Key factors for adopting inner source
     Author ['KJ Stol', 'P Avgeriou', 'MA Babar', 'Y Lucas']
     Venue ACM Transactions on …
     Year 2014
     Abstract We deemed a multiple case study methodology appropriate, since it provides real-world cases that illustrate how the various themes identified in the framework “come to life.” Details of the case study design and background of the three case companies are presented in Section
     Url https://dl.acm.org/doi/abs/10.1145/2533685


     Search term "Case+Study"+"Regulated+Domain"+"Software+Product+Line"
     Title Interlocking Safety Cases for Unmanned Autonomous Systems in Shared Airspaces
     Author ['M Vierhauser', 'S Bayley', 'J Wyngaard']
     Venue IEEE Transactions …
     Year 2019
     Abstract applications meet satisfactory safety standards. Our approach is meant to complement existing safety practices and could, for exam- ple, be used as part of a formal review process in a regulated domain. We propose a novel
     Url https://ieeexplore.ieee.org/abstract/document/8674543/


     Search term "Case+Study"+"Regulated+Domain"+"Software+Product+Line"
     Title Key Factors for Adopting Inner Source
     Author ['S KLAAS-JAN', 'P AVGERIOU', 'MALI BABAR']
     Venue NA
     Year NA
     Abstract We deemed a multiple case study methodology appropriate, since it provides real-world cases that illustrate how the various themes identified in the framework “come to life.” Details of the case study design and background of the three case companies are presented in Section
     Url https://citeseerx.ist.psu.edu/viewdoc/download?doi=10.1.1.721.4011&rep=rep1&type=pdf

