Showing papers for search query "Case+Study"+"Continuous"+"Software+Product+Line"

     Search term "Case+Study"+"Continuous"+"Software+Product+Line"
     Title Process fusion: An industrial case study on agile software product line engineering
     Author ['GK Hanssen', 'TE Fægri']
     Venue Journal of Systems and Software
     Year 2008
     Abstract This paper discusses two popular development approaches; software product line engineering (SPLE) and agile software  Section 2). Then we explain the context of the case study (Section 3  Priority on early and continuous delivery of valuable software, Dependent upon SPLE
     Url https://www.sciencedirect.com/science/article/pii/S0164121207002518


     Search term "Case+Study"+"Continuous"+"Software+Product+Line"
     Title Test overlay in an emerging software product line–An industrial case study
     Author ['E Engström', 'P Runeson']
     Venue Information and Software Technology
     Year 2013
     Abstract ie one could be replaced by the other) in a large-scale real life software product line development context  of the real-life context is needed, and thus we launched a case study [18  hardware variants, evolves in different versions over time, and is adapted to continuous upgrades of
     Url https://www.sciencedirect.com/science/article/pii/S0950584912001061


     Search term "Case+Study"+"Continuous"+"Software+Product+Line"
     Title Salion, inc.: A software product line case study
     Author ['PC Clements', 'LM Northrop']
     Venue NA
     Year 2002
     Abstract [Not Found]
     Url [Not Found]


     Search term "Case+Study"+"Continuous"+"Software+Product+Line"
     Title Comparison of software product line architecture design methods: COPA, FAST, FORM, KobrA and QADA
     Author ['M Matinlassi']
     Venue Proceedings. 26th International Conference on …
     Year 2004
     Abstract Product line architectures (PLAs) have been under continuous attention in the software research  study and compare the existing methods for the design of software product line architectures  In addition, a recent case study on traffic information management system is mentioned
     Url https://ieeexplore.ieee.org/abstract/document/1317435/


     Search term "Case+Study"+"Continuous"+"Software+Product+Line"
     Title Software product line engineering approach for enhancing agile methodologies
     Author ['J Martinez', 'J Diaz', 'J Perez', 'J Garbajosa']
     Venue International Conference on …
     Year 2009
     Abstract the main principles of Agile methodologies consists in the early and continuous delivery of  This work presents a Software Product Line Engineering (SPLE) approach that al- lows flexibility in the  A case study is also presented using PLUM (Product Line Unified Modeller) as the
     Url https://link.springer.com/chapter/10.1007/978-3-642-01853-4_52


     Search term "Case+Study"+"Continuous"+"Software+Product+Line"
     Title Introducing agile customer‐centered development in a legacy software product line
     Author ['J Bosch', 'PM Bosch‐Sijtsema']
     Venue Software: Practice and …
     Year 2011
     Abstract Introducing agile customer‐centered development in a legacy software product line  From the interviews and secondary material from the case study we found a number of benefits  iterations, the feature alpha and the product alphas all contribute to continuous customer feedback
     Url https://onlinelibrary.wiley.com/doi/abs/10.1002/spe.1063


     Search term "Case+Study"+"Continuous"+"Software+Product+Line"
     Title A longitudinal case study of an emerging software ecosystem: Implications for practice and theory
     Author ['GK Hanssen']
     Venue Journal of Systems and Software
     Year 2012
     Abstract Principles (from Klein and Myers, 1999, p. 72), Practiced in the case study  the relationships with the stakeholders were fragile, and that it takes continuous and careful  stakeholders mutually adapt to each other through their shared interest in developing the software product line
     Url https://www.sciencedirect.com/science/article/pii/S0164121211000963


     Search term "Case+Study"+"Continuous"+"Software+Product+Line"
     Title An agile process model for product derivation in software product line engineering
     Author ["P O'Leary", 'F McCaffery', 'S Thiel']
     Venue Journal of Software …
     Year 2012
     Abstract In conjunction with the 2006 Software Product Line Conference (SPLC), a new workshop was arranged called Agile  We extended version one through case study research with Robert Bosch GmbH‡ ‡ http://www.bosch.com  Adoption of early and continuous delivery strategy;
     Url https://onlinelibrary.wiley.com/doi/abs/10.1002/smr.498


     Search term "Case+Study"+"Continuous"+"Software+Product+Line"
     Title Agile product-line architecting in practice: A case study in smart grids
     Author ['J Díaz', 'J Pérez', 'J Garbajosa']
     Venue Information and Software Technology
     Year 2014
     Abstract of working products in an iterative and incremental way through continuous delivery of  called Agile Product Line Engineering [8] advocates the integration of Software Product Line Engineering and  called Agile Product-Line Architecting (APLA), through a case study on Smart
     Url https://www.sciencedirect.com/science/article/pii/S0950584914000251


     Search term "Case+Study"+"Continuous"+"Software+Product+Line"
     Title Using composite feature models to support agile software product line evolution
     Author ['S Urli', 'M Blay-Fornarino', 'P Collet']
     Venue Proceedings of the 6th …
     Year 2012
     Abstract on interactions with a commu- nity, tackling the challenge of SPL continuous evolution  The latter corresponds to the application of the Software Product Line (SPL) paradigm, which consists in  art on agile SPL evolution (see Section 2), we introduce our case study and discuss
     Url https://dl.acm.org/doi/abs/10.1145/2523599.2523604


     Search term "Case+Study"+"Continuous"+"Software+Product+Line"
     Title Integrating software product line engineering and agile development
     Author ['K Mohan', 'B Ramesh', 'V Sugumaran']
     Venue IEEE software
     Year 2010
     Abstract 1. PC Clements and LM Northrop, Salion, Inc.: A Software Product Line Case Study, tech  Successful practices in the process that integrates software product line engineering and agile  Continuous system adaptation to respond to dynamics of the external environment though
     Url https://ieeexplore.ieee.org/abstract/document/5406496/


     Search term "Case+Study"+"Continuous"+"Software+Product+Line"
     Title SPLICE: A lightweight software product line development process for small and medium size projects
     Author ['T Vale', 'B Cabral', 'L Alvim', 'L Soares']
     Venue 2014 Eighth …
     Year 2014
     Abstract product line; • SPL Tester: develops and performs tests in the software product line; and • Scrum  Details of the case study research protocol and the respective results are presented  key aspects [6] for lightweight soft- ware development processes: continuous feedback, iterative
     Url https://ieeexplore.ieee.org/abstract/document/7012981/


     Search term "Case+Study"+"Continuous"+"Software+Product+Line"
     Title Towards agile product derivation in software product line engineering
     Author ["P O'Leary", 'F Mc Caffery', 'I Richardson', 'S Thiel']
     Venue NA
     Year 2009
     Abstract We conducted case study research with Robert Bosch GmbH 1. We collected data on the  To facilitate early and continuous delivery of software, the product team would not wait  according to Kurmann [6], automation is the most important aspect of an Agile software product line
     Url http://193.1.102.107/handle/10344/1844


     Search term "Case+Study"+"Continuous"+"Software+Product+Line"
     Title Taking advantage of the software product line paradigm to generate customized user interfaces for decision-making processes: a case study on university …
     Author ['A Vázquez-Ingelmo', 'FJ García-Peñalvo']
     Venue PeerJ Computer …
     Year 2019
     Abstract PEER-REVIEWED. Taking advantage of the software product line paradigm to generate customized user interfaces for decision-making processes: a case study on university employability
     Url https://peerj.com/articles/cs-203/?utm_source=TrendMD&utm_campaign=PeerJ_TrendMD_1&utm_medium=TrendMD


     Search term "Case+Study"+"Continuous"+"Software+Product+Line"
     Title Using microservices and software product line engineering to support reuse of evolving multi-tenant saas
     Author ['LP Tizzei', 'M Nery', 'VCVB Segura']
     Venue … Software Product Line …
     Year 2017
     Abstract Thus, some works [18, 23, 38] integrate SOA and software product line aiming at offering shared applications instances that are still dynamically configurable to  Automation can rely on continuous delivery processes and tools [12], such as Travis CI3 and Jenkins4; • Isolate failure
     Url https://dl.acm.org/doi/abs/10.1145/3106195.3106224


     Search term "Case+Study"+"Continuous"+"Software+Product+Line"
     Title Model-driven planning and monitoring of long-term software product line evolution
     Author ['M Schubanz', 'A Pleuss', 'L Pradhan']
     Venue Proceedings of the …
     Year 2013
     Abstract Long-term Software Product Line Evolution  5.3 Discussion The choice of SWT as a basis for our case study might influence the results. We have chosen SWT since it exhibits long-term development themes, eg, the continuous effort to support new versions of operating systems
     Url https://dl.acm.org/doi/abs/10.1145/2430502.2430527


     Search term "Case+Study"+"Continuous"+"Software+Product+Line"
     Title An industrial case of exploiting product line architectures in agile software development
     Author ['M Ali Babar', 'T Ihme', 'M Pikkarainen']
     Venue NA
     Year 2009
     Abstract This paper makes the following two contributions to the software product line research and practices  designed and implemented based on Yin's [21] steps for conducting case study research  This study is based on the four years' (2005-2008) continuous collaboration between the
     Url https://ulir.ul.ie/handle/10344/1142


     Search term "Case+Study"+"Continuous"+"Software+Product+Line"
     Title Software product lines in action: the best industrial practice in product line engineering
     Author ['FJ Van der Linden', 'K Schmid', 'E Rommes']
     Venue NA
     Year 2007
     Abstract At the Software Engineering Institute, we have recorded case study after case study of companies succeed- ing  Preface The software industry is challenged with a continuous drive to improve its en  Software product line engineering is a strategic approach to developing software
     Url https://books.google.com/books?hl=en&lr=&id=7sU8TEyyHCsC&oi=fnd&pg=PR2&dq=%22Case+Study%22+%22Continuous%22+%22Software+Product+Line%22&ots=XT-jIWzD5m&sig=qyKTkI9gQ116LLk8Hzq6Ly6wu7k


     Search term "Case+Study"+"Continuous"+"Software+Product+Line"
     Title Organizational testing management maturity model for a software product line
     Author ['E Lamas', 'É Ferreira', 'MR do Nascimento']
     Venue 2010 Seventh …
     Year 2010
     Abstract Keywords: Software Testing, Maturity Models for Software Testing, Software Product Line, Experimental Software Engineering  support to the activities of changing control and continuous integration, ensuring  Some experiments were performed for a case study from a real project
     Url https://ieeexplore.ieee.org/abstract/document/5501496/


     Search term "Case+Study"+"Continuous"+"Software+Product+Line"
     Title Incremental and iterative reengineering towards software product line: An industrial case study
     Author ['G Zhang', 'L Shen', 'X Peng', 'Z Xing']
     Venue 2011 27th IEEE …
     Year 2011
     Abstract Page 1. 201 1 27th IEEE International Conference on Software Maintenance (ICSM) Incremental and Iterative Reengineering towards Software Product Line: An Industrial Case Study Gang Zhangl.3, Liwei Shenl, Xin Pengl, Zhenchang
     Url https://ieeexplore.ieee.org/abstract/document/6080809/


     Search term "Case+Study"+"Continuous"+"Software+Product+Line"
     Title Agile product line engineering—a systematic literature review
     Author ['J Díaz', 'J Pérez', 'PP Alarcón']
     Venue Software: Practice and …
     Year 2011
     Abstract Finally, conclusions are presented in Section 6. 2. AN OVERVIEW OF SPLE AND ASD. 2.1. Software Product Line Engineering  Agile methods stress the importance of delivering value to the customer through early and continuous delivery of valuable software
     Url https://onlinelibrary.wiley.com/doi/abs/10.1002/spe.1087


     Search term "Case+Study"+"Continuous"+"Software+Product+Line"
     Title Control channel toolkit: a software product line case study
     Author ['P Clements', 'S Cohen', 'P Donohoe', 'L Northrop']
     Venue NA
     Year 2001
     Abstract [Not Found]
     Url [Not Found]


     Search term "Case+Study"+"Continuous"+"Software+Product+Line"
     Title On the value of user preferences in search-based software engineering: a case study in software product lines
     Author ['AS Sayyad', 'T Menzies', 'H Ammar']
     Venue 2013 35Th international …
     Year 2013
     Abstract Software Engineering: A Case Study in Software  Feature models are a special type of information model widely used in software product line engineering  whereas Continuous Dominance is measured with a continuous function, such as equation 2 in Figure 4. The Pareto Front
     Url https://ieeexplore.ieee.org/abstract/document/6606595/


     Search term "Case+Study"+"Continuous"+"Software+Product+Line"
     Title Architecture evolution in software product line: An industrial case study
     Author ['Y Wu', 'X Peng', 'W Zhao']
     Venue International Conference on Software Reuse
     Year 2011
     Abstract 9]. There are also challenges in contemporary industrial SPL development in managing continuous changing and  Our case study actually shows such attempts that a medium-small  architectures and components, and provided some guidelines for software product line evolution
     Url https://link.springer.com/chapter/10.1007/978-3-642-21347-2_11


     Search term "Case+Study"+"Continuous"+"Software+Product+Line"
     Title Overscoping: Reasons and consequences—A case study on decision making in software product management
     Author ['E Bjarnason', 'K Wnuk', 'B Regnell']
     Venue 2010 Fourth International …
     Year 2010
     Abstract complex and continuous task of assessing how changes in the domain impact scoping  of a scoping process at a large software company using a Software Product Line approach [21] was  Section III provides background information about the context of our industrial case study
     Url https://ieeexplore.ieee.org/abstract/document/5623866/


     Search term "Case+Study"+"Continuous"+"Software+Product+Line"
     Title Agile product line planning: A collaborative approach and a case study
     Author ['MA Noor', 'R Rabiser', 'P Grünbacher']
     Venue Journal of Systems and Software
     Year 2008
     Abstract An increasing number of organizations are shifting to a software product line (PL) approach to reduce time-to-market and development costs while at the same time  In this paper we provide a real-world case study conducted with a company and report on practical experiences
     Url https://www.sciencedirect.com/science/article/pii/S0164121207002531


     Search term "Case+Study"+"Continuous"+"Software+Product+Line"
     Title Institutionalization of software product line: An empirical investigation of key organizational factors
     Author ['F Ahmed', 'LF Capretz', 'SA Sheikh']
     Venue Journal of Systems and Software
     Year 2007
     Abstract satisfaction. Verlage and Kiesgen (2005) report the case study of successful adoption of software product line and conclude that organizational structure and change management are significantly important areas of concern
     Url https://www.sciencedirect.com/science/article/pii/S0164121206002627


     Search term "Case+Study"+"Continuous"+"Software+Product+Line"
     Title Building dynamic software product lines
     Author ['M Hinchey', 'S Park', 'K Schmid']
     Venue Computer
     Year 2012
     Abstract (Classical) Software Product Line Dynamic Software Product Line Variability management  models any problem requiring some form of analogous or continuous modeling is not  Model-Based Implementation of Meta-Variability Constructs: A Case Study using Aspects, Second
     Url http://citeseerx.ist.psu.edu/viewdoc/download?doi=10.1.1.710.8397&rep=rep1&type=pdf


     Search term "Case+Study"+"Continuous"+"Software+Product+Line"
     Title Architectural Knowledge in Product Line Engineering: An Industrial Case Stu
     Author ['D Dhungana', 'R Rabiser', 'P Grunbacher']
     Venue 32nd EUROMICRO …
     Year 2006
     Abstract 3.1 The cl2 software product line The case study focuses on the automation software for the continuous casting technology of Siemens VAI, in particular, the level 2 automation (cl2) providing capabilities like material tracking, process supervision, and process optimization
     Url https://ieeexplore.ieee.org/abstract/document/1690140/


     Search term "Case+Study"+"Continuous"+"Software+Product+Line"
     Title Search based software engineering for software product line engineering: a survey and directions for future work
     Author ['M Harman', 'Y Jia', 'J Krinke', 'WB Langdon']
     Venue … Software Product Line …
     Year 2014
     Abstract programming approach to generate customer satisfaction models and their relation- ship to design attributes, illustrating with the application of their approach to a digital camera SPL case study  Many approaches to software product line engineering fo- cus on feature models
     Url https://dl.acm.org/doi/abs/10.1145/2648511.2648513


     Search term "Case+Study"+"Continuous"+"Software+Product+Line"
     Title Specification based software product line testing: a case study
     Author ['S Mishra']
     Venue Concurrency, Specification and Programming
     Year 2006
     Abstract 3 Software Product Line  Starting with small case study, our goal is to automate the test suite generation, which could automatically verify the running system  Acknowledgments: I would like to express my sincere thanks to Prof Holger Schlingloff for his continuous guidance in the
     Url http://www.academia.edu/download/43443674/CSP06_23.pdf


     Search term "Case+Study"+"Continuous"+"Software+Product+Line"
     Title Continuous evolution through software architecture evaluation: a case study
     Author ['C Del Rosso']
     Venue Journal of Software Maintenance and Evolution …
     Year 2006
     Abstract Then we present a case study and its results  in Section 6. Also in Section 6, the methods are compared and the advantages of a continuous architecture assessment  The concept of a software product family, or a software product line, is derived from the hardware industry where
     Url https://onlinelibrary.wiley.com/doi/abs/10.1002/smr.337


     Search term "Case+Study"+"Continuous"+"Software+Product+Line"
     Title Agile Software Product Lines, Deconstructed.
     Author ['J McGregor']
     Venue J. Object Technol.
     Year 2008
     Abstract Continuous attention to technical excellence and good design enhances agility  There are evident synergies between the agile and software product line methods, but competing  Process fusion: An industrial case study on agile software product line engineering, The Journal of
     Url http://citeseerx.ist.psu.edu/viewdoc/download?doi=10.1.1.180.4304&rep=rep1&type=pdf


     Search term "Case+Study"+"Continuous"+"Software+Product+Line"
     Title Agile product line planning: A collaborative approach and a case study
     Author ['MA Noor', 'R Rabiser', 'P Grünbacher']
     Venue Journal of Systems and Software
     Year 2008
     Abstract An increasing number of organizations are shifting to a software product line (PL) approach to reduce time-to-market and development costs while at the same time  In this paper we provide a real-world case study conducted with a company and report on practical experiences
     Url https://www.sciencedirect.com/science/article/pii/S0164121207002531


     Search term "Case+Study"+"Continuous"+"Software+Product+Line"
     Title Software Product Line Testing--A 3D Regression Testing Problem
     Author ['P Runeson', 'E Engstrom']
     Venue 2012 IEEE Fifth International …
     Year 2012
     Abstract in an emerging software product line context by the authors in a recent case study  difference between general regression testing, and regression testing in a software product line context, is  tests and system tests), 2) Testing across versions (eg the continuous software updates
     Url https://ieeexplore.ieee.org/abstract/document/6200179/


     Search term "Case+Study"+"Continuous"+"Software+Product+Line"
     Title Product derivation in software product families: a case study
     Author ['S Deelstra', 'M Sinnema', 'J Bosch']
     Venue Journal of Systems and Software
     Year 2005
     Abstract on investment for formalizing knowledge in deriving products using these stable components is therefore substantially higher then in a software product line  Our case study focused on software parts of the TACTICOS naval combat systems family produced by the Business Unit
     Url https://www.sciencedirect.com/science/article/pii/S0164121203003121


     Search term "Case+Study"+"Continuous"+"Software+Product+Line"
     Title Software product line scoping and requirements engineering in a small and medium-sized enterprise: An industrial case study
     Author ['IF Da Silva', 'PAMS Neto', "P O'Leary"]
     Venue Journal of Systems and …
     Year 2014
     Abstract Advanced. Elsevier. Journal of Systems and Software. Volume 88, February 2014, Pages 189-206. Journal of Systems and Software. Software product line scoping and requirements engineering in a small and medium-sized enterprise: An industrial case study
     Url https://www.sciencedirect.com/science/article/pii/S0164121213002598


     Search term "Case+Study"+"Continuous"+"Software+Product+Line"
     Title Search based software engineering for software product line engineering: a survey and directions for future work
     Author ['M Harman', 'Y Jia', 'J Krinke', 'WB Langdon']
     Venue … Software Product Line …
     Year 2014
     Abstract programming approach to generate customer satisfaction models and their relation- ship to design attributes, illustrating with the application of their approach to a digital camera SPL case study  Many approaches to software product line engineering fo- cus on feature models
     Url https://dl.acm.org/doi/abs/10.1145/2648511.2648513


     Search term "Case+Study"+"Continuous"+"Software+Product+Line"
     Title Building dynamic software product lines
     Author ['M Hinchey', 'S Park', 'K Schmid']
     Venue Computer
     Year 2012
     Abstract (Classical) Software Product Line Dynamic Software Product Line Variability management  models any problem requiring some form of analogous or continuous modeling is not  Model-Based Implementation of Meta-Variability Constructs: A Case Study using Aspects, Second
     Url http://citeseerx.ist.psu.edu/viewdoc/download?doi=10.1.1.710.8397&rep=rep1&type=pdf


     Search term "Case+Study"+"Continuous"+"Software+Product+Line"
     Title Evolutionary architecting of embedded automotive product lines: An industrial case study
     Author ['J Axelsson']
     Venue 2009 Joint Working IEEE/IFIP Conference on …
     Year 2009
     Abstract In Section 4, the case study organization is discussed in more detail, and in the following section the findings are presented  western world often presented under the label "Lean." One of the most cited aspects of Lean is kaizen, which stands for continuous improvement activities
     Url https://ieeexplore.ieee.org/abstract/document/5290796/


     Search term "Case+Study"+"Continuous"+"Software+Product+Line"
     Title The DOPLER meta-tool for decision-oriented variability modeling: a multiple case study
     Author ['D Dhungana', 'P Grünbacher', 'R Rabiser']
     Venue Automated Software Engineering
     Year 2011
     Abstract It has been demon- strated that software product line engineering (PLE) is a successful approach in  the CC-L2 (Continuous Casting Level 2) product line of steel plant continuous casting automation  Our case study focuses on the variability of the CC-L2 software (Dhungana et al
     Url https://link.springer.com/article/10.1007/s10515-010-0076-6


     Search term "Case+Study"+"Continuous"+"Software+Product+Line"
     Title Opening up software product line engineering
     Author ['GK Hanssen']
     Venue Proceedings of the 2010 ICSE Workshop on Product …
     Year 2010
     Abstract Especially the emphasis on short iterations and continuous feedback from involved customers has opened  in 13th International Software Product Line Conference (SPLC'09  Hanssen, GK and TE Fægri, Process Fusion - Agile Product Line Engineering: an Industrial Case Study
     Url https://dl.acm.org/doi/abs/10.1145/1808937.1808938


     Search term "Case+Study"+"Continuous"+"Software+Product+Line"
     Title A dynamic software product line approach using aspect models at runtime
     Author ['T Dinkelaker', 'R Mitschke', 'K Fetzer']
     Venue Proceedings of the 1st …
     Year 2010
     Abstract Keywords Dynamic Software Product Line Engineering, Dynamic Fea- ture Models, Domain-Specific Languages  Yet these systems are driven to continuous adaptation, due to changing re- quirements [10  a static soft- ware product-line from industry into a DSPL in a case
     Url http://www.i3s.unice.fr/Composition&Variability/cameraReady/compositionvariability2010_submission_4.pdf


     Search term "Case+Study"+"Continuous"+"Software+Product+Line"
     Title A UML profile for delta-oriented programming to support software product line engineering
     Author ['MRA Setyautami', 'R Hähnle', 'R Muschevici']
     Venue … Software Product Line …
     Year 2016
     Abstract and differences among software products—is a key issue of any software product line (SPL) development  snippet is part of the ABS feature model for the AISCO case study (cf  root AISCO { group allof { ProgramData { group [1..*] { opt Periodic, opt Continuous, Eventual } }, opt
     Url https://dl.acm.org/doi/abs/10.1145/2934466.2934479


     Search term "Case+Study"+"Continuous"+"Software+Product+Line"
     Title Defining a strategy to introduce a software product line using existing embedded systems
     Author ['K Yoshimura', 'D Ganesan', 'D Muthig']
     Venue Proceedings of the 6th ACM & …
     Year 2006
     Abstract line engineering and the organization will take benefit by introducing product line engineering. In the following subsections, we analyze the merge potential of ECS product variants. Figure 12 shows the result of the clone coverage analysis of the product view. In this case study
     Url https://dl.acm.org/doi/abs/10.1145/1176887.1176897


     Search term "Case+Study"+"Continuous"+"Software+Product+Line"
     Title Regression test selection and product line system testing
     Author ['E Engström']
     Venue 2010 Third International Conference on Software …
     Year 2010
     Abstract To complete the picture from literature reviews I intend to conduct a case study at a product line  which would be interesting to study but are not the main focus of my continuous work: • Regression  III. RELATED WORK Software product line testing is a relatively new research area
     Url https://ieeexplore.ieee.org/abstract/document/5477049/


     Search term "Case+Study"+"Continuous"+"Software+Product+Line"
     Title From integration to composition: On the impact of software product lines, global development and ecosystems
     Author ['J Bosch', 'P Bosch-Sijtsema']
     Venue Journal of Systems and Software
     Year 2010
     Abstract while minimizing the development effort through the application of software product line principles  solutions, heavy processes around interfaces or too effort consuming continuous integration approaches  Lock-step evolution: Case study companies A and B suffered from the lock
     Url https://www.sciencedirect.com/science/article/pii/S0164121209001617


     Search term "Case+Study"+"Continuous"+"Software+Product+Line"
     Title Project management in a software product line organization
     Author ['PC Clements', 'LG Jones', 'LM Northrop']
     Venue IEEE …
     Year 2005
     Abstract Case study To illustrate the various product line proj- ects, we offer a fictitious product line  Although AGM had much game domain experience, it had no software product line or software ar- chitecture  daily builds in the product development projects, ■ continuous testing in
     Url https://ieeexplore.ieee.org/abstract/document/1504664/


     Search term "Case+Study"+"Continuous"+"Software+Product+Line"
     Title ASADAL: a tool system for co-development of software and test environment based on product line engineering
     Author ['K Kim', 'H Kim', 'M Ahn', 'M Seo', 'Y Chang']
     Venue Proceedings of the 28th …
     Year 2006
     Abstract software and its test environment and verify software in a continuous and incremental  Y., and Bang, S. Re- engineering Software Architecture of Home Service Robots : A Case Study  In Proceedings of the Third Software Product Line Conference (SPLC 2004) (Boston, MA, USA
     Url https://dl.acm.org/doi/abs/10.1145/1134285.1134412


     Search term "Case+Study"+"Continuous"+"Software+Product+Line"
     Title Ontology-based software requirements reuse: case study in fire control software product line domain
     Author ['EK Karatas', 'B Iyidir', 'A Birtürk']
     Venue 2014 IEEE International …
     Year 2014
     Abstract an increasingly popular technique for commonality and variability modeling in Software Product Line Engineering (SPLE  Results of the case study indicate that document coverage of automatically derived product  of our method, a set of metrics for continuous evaluation should
     Url https://ieeexplore.ieee.org/abstract/document/7022681/

