Showing papers for search query "Case+Study"+"DevOps"+"Software+Product+Line"

     Search term "Case+Study"+"DevOps"+"Software+Product+Line"
     Title Using microservices and software product line engineering to support reuse of evolving multi-tenant saas
     Author ['LP Tizzei', 'M Nery', 'VCVB Segura']
     Venue … Software Product Line …
     Year 2017
     Abstract Page 1. Using Microservices and Software Product Line Engineering to Support Reuse of Evolving Multi-tenant SaaS  Some works in the literature integrate software product line engineering and service-oriented architecture to tackle the complexity of building multi-tenant SaaS
     Url https://dl.acm.org/doi/abs/10.1145/3106195.3106224


     Search term "Case+Study"+"DevOps"+"Software+Product+Line"
     Title Cloud ecosystems support for Internet of Things and DevOps using patterns
     Author ['MH Syed', 'EB Fernandez']
     Venue … on Internet-of-Things Design and …
     Year 2016
     Abstract Detailed cloud eco- systems will help both IoT system developers and DevOps practicing teams  13th Int. Software Product Line Conf  [5] P. Avgeriou, “Describing, Instantiating and Evaluating a Reference Architecture: A Case Study,” J. Enterprise Architect, Fawcette Tech
     Url https://ieeexplore.ieee.org/abstract/document/7471379/


     Search term "Case+Study"+"DevOps"+"Software+Product+Line"
     Title Industrial and academic software product line research at splc: Perceptions of the community
     Author ['R Rabiser', 'K Schmid', 'M Becker', 'G Botterweck']
     Venue … Software Product Line …
     Year 2019
     Abstract on their perception of the impact of current developments in systems and software engineering (eg, Cloud, DevOps, Cyber-physical  Inte- grating software product line engineering and agile development  Agile product line planning: A collaborative approach and a case study
     Url https://dl.acm.org/doi/abs/10.1145/3336294.3336310


     Search term "Case+Study"+"DevOps"+"Software+Product+Line"
     Title DevOps: A software architect's perspective
     Author ['L Bass', 'I Weber', 'L Zhu']
     Venue NA
     Year 2015
     Abstract DevOps A Software Architect's Perspective Len Bass Ingo Weber Liming Zhu New York • Boston • Indianapolis • San Francisco  UsageRisk Evaluation; CURE; EPIC; Evolutionary Process for Integrating COTS Based Systems; Framework for Software Product Line Practice; IDEAL
     Url https://books.google.com/books?hl=en&lr=&id=fcwkCQAAQBAJ&oi=fnd&pg=PT13&dq=%22Case+Study%22+%22DevOps%22+%22Software+Product+Line%22&ots=KSttpaFPRg&sig=6zY7kNABHo7_auyHEliMlM6mKCU


     Search term "Case+Study"+"DevOps"+"Software+Product+Line"
     Title Report: Devops literature review
     Author ['F Erich', 'C Amrit', 'M Daneva']
     Venue University of Twente, Tech. Rep
     Year 2014
     Abstract [41] 5 J A case study of the functioning of a company, which has a cul- ture sharing characteristics with DevOps, is described. The results are limited to a single case. [42] 4 J A case study of the business implications on adopting DevOps is described
     Url https://www.researchgate.net/profile/Chintan_Amrit/publication/267330992_Report_DevOps_Literature_Review/links/544ba33f0cf2bcc9b1d6bd8a.pdf


     Search term "Case+Study"+"DevOps"+"Software+Product+Line"
     Title Implementing DevOps in legacy systems
     Author ['AB Albuquerque', 'VL Cruz']
     Venue Proceedings of the Computational Methods in …
     Year 2018
     Abstract Laguna, MA, Crespo, Y.: A systematic mapping study on software product line evolution: from legacy  H., Bosch, J.: Climbing the “Stairway to Heaven” – a multiple-case study exploring barriers in  Rao, G.: DevOps for legacy systems – The demand of the changing applications
     Url https://link.springer.com/chapter/10.1007/978-3-030-00184-1_14


     Search term "Case+Study"+"DevOps"+"Software+Product+Line"
     Title Promote-pl: a round-trip engineering process model for adopting and evolving product lines
     Author ['J Krüger', 'W Mahmood', 'T Berger']
     Venue … on Systems and Software Product Line …
     Year 2020
     Abstract Process models for software product-line engineering focus on proactive adoption scenarios—that is, building product-line plat- forms from scratch  1 INTRODUCTION Software product-line engineering provides methods and tools for building variant-rich systems
     Url https://dl.acm.org/doi/abs/10.1145/3382025.3414970


     Search term "Case+Study"+"DevOps"+"Software+Product+Line"
     Title Software adaptation: Classification and a case study with state chart xml
     Author ['F Barbier', 'E Cariou', 'O Le Goaer', 'S Pierre']
     Venue IEEE software
     Year 2014
     Abstract the sev- enth section) in the spirit of software product line management.1 (You can download the full bCMS model in SCXML and its implementation in PauWare from the Case Studies sec- tion at www.pauware.com.) Figure 4 illustrates a model piece of this case study
     Url https://ieeexplore.ieee.org/abstract/document/6894482/


     Search term "Case+Study"+"DevOps"+"Software+Product+Line"
     Title DevOps Project Management Tools for Sprint Planning, Estimation and Execution Maturity
     Author ['J Angara', 'S Prasad', 'G Sridevi']
     Venue Cybernetics and Information …
     Year 2020
     Abstract S. B ouktif, LF C apret z. Organizational Behavior & Software Product Line Engineering: An  https://www.cognizant.com/content/dam/Cognizant_Dotcom/whitepapers/Jumpstarting -DevOps-with-Continuous  H os t. Guidelines for Conducting and Reporting Case Study Research
     Url https://content.sciendo.com/view/journals/cait/20/2/article-p79.xml


     Search term "Case+Study"+"DevOps"+"Software+Product+Line"
     Title Extraction of Configurable and Reusable Microservices from Legacy Systems: An Exploratory Study
     Author ['L Carvalho', 'A Garcia', 'WKG Assunção']
     Venue … Software Product Line …
     Year 2019
     Abstract However, there is a lack of the comprehension of variability usefulness in the migration process when the existing system is a configurable system or software product line  DevOps: A software architect's perspective  Feature Toggles: Practitioner Practices and a Case Study
     Url https://dl.acm.org/doi/abs/10.1145/3336294.3336319


     Search term "Case+Study"+"DevOps"+"Software+Product+Line"
     Title Software Product Lines
     Author ['K Pohl', 'A Metzger']
     Venue The Essence of Software Engineering
     Year 2018
     Abstract iobserve-devops. net/) used such principles Page 211  Pohl, K., Metzger, A.: Software product line testing. Commun. ACM  Dhungana, D., Grünbacher, P., Rabiser, R.: The DOPLER meta-tool for decision-oriented variability modeling: a multiple case study. Autom. Softw. Eng
     Url https://library.oapen.org/bitstream/handle/20.500.12657/27814/1002191.pdf?sequence=1#page=197


     Search term "Case+Study"+"DevOps"+"Software+Product+Line"
     Title DevOps: introducing agility and flexibility to BPO-IT organisations–service providers' perspective
     Author ['C Ikerionwu', 'D Edgar']
     Venue Software Engineering
     Year 2016
     Abstract value to client's services within provider's domain. This paper presents the findings from a multi case study of DevOps implementation in BPO-IT service provider organisations. The findings suggest the inclusion of DevOps as
     Url http://www.academia.edu/download/53112900/Devops.pdf


     Search term "Case+Study"+"DevOps"+"Software+Product+Line"
     Title Feasibility predictability model for software test automation projects in DevOps setting
     Author ['J Angara', 'S Prasad', 'S Gutta']
     Venue International Journal of …
     Year 2020
     Abstract S. and Capretz, LF (2009) 'Organizational behavior & software product line engineering: an empirical study, computer systems and applications', IEEE/ACS International Conference, AICCSA, Rabat, pp.420–427. Angara, J., Prasad, S. and Gutta, S. (2016a) 'DevOps product line
     Url https://www.inderscienceonline.com/doi/abs/10.1504/IJFSE.2020.110588


     Search term "Case+Study"+"DevOps"+"Software+Product+Line"
     Title On the selection and analysis of software product line implementation components using intelligent techniques
     Author ['JL Rodas Silva']
     Venue NA
     Year 2019
     Abstract On the Selection and Analysis of Software Product Line Implementation Components using Intelligent Techniques  of implementation components based on ratings 112 A.7 Recommendations of implementation components based on features 113 A.8 Case Study applied to e
     Url https://idus.us.es/handle/11441/91434


     Search term "Case+Study"+"DevOps"+"Software+Product+Line"
     Title Detecting Feature Duplication in a CRM Product Line.
     Author ['A Khtira', 'A Benlarabi', 'B El Asri']
     Venue JSW
     Year 2020
     Abstract To test and evaluate our tool, we have opted for a case study from the CRM field  [16] Tonscheidt, K. (2015). Leveraging code clone detection for the incremental migration of cloned product variants to a software product line: An explorative study  "Enabling DevOps Success with
     Url http://www.jsoftware.us/vol15/413-JSW15427.pdf


     Search term "Case+Study"+"DevOps"+"Software+Product+Line"
     Title On the selection and analysis of software product line implementation components using intelligent techniques
     Author ['JLR Silva']
     Venue NA
     Year 2019
     Abstract On the Selection and Analysis of Software Product Line Implementation Components using Intelligent Techniques  of implementation components based on ratings 112 A.7 Recommendations of implementation components based on features 113 A.8 Case Study applied to e
     Url https://core.ac.uk/download/pdf/286563464.pdf


     Search term "Case+Study"+"DevOps"+"Software+Product+Line"
     Title Strategic ecosystem management: a multi-case study in the B2B domain
     Author ['HH Olsson', 'J Bosch']
     Venue … Conference on Product-Focused Software Process …
     Year 2015
     Abstract The interviewees combined expertise in cloud services, SOA, and 'Devops', with significant experience of  Holmström, H., Bosch, J.: Ecosystem-driven software development: a case study on the  In: Proceedings of the 13th International Software Product Line Conference (SPLC)
     Url https://link.springer.com/chapter/10.1007/978-3-319-26844-6_1


     Search term "Case+Study"+"DevOps"+"Software+Product+Line"
     Title Traceability Establishment and Visualization of Software Artefacts in DevOps Practice: A Survey
     Author ['DA Meedeniya', 'ID Rubasinghe']
     Venue International Journal of …
     Year 2019
     Abstract Tools such as TIRT [34], are limited to specific application domains such as software product line-based information retrieval. The artefacts such as test scripts, configuration files, deployment and delivery related artefacts in a DevOps environment have not significantly
     Url https://www.researchgate.net/profile/Indika_Perera/publication/335172099_Traceability_Establishment_and_Visualization_of_Software_Artefacts_in_DevOps_Practice_A_Survey/links/5d5440c7a6fdcc74dfa7c496/Traceability-Establishment-and-Visualization-of-Software-Artefacts-in-DevOps-Practice-A-Survey.pdf


     Search term "Case+Study"+"DevOps"+"Software+Product+Line"
     Title Case study: agile SE process for centralized SoS sustainment at Northrop Grumman
     Author ['R Dove', 'B Schindel']
     Venue INCOSE International Symposium
     Year 2017
     Abstract This case study is based on the three-day workshop held August 26-28, 2015, that analyzed a six-year-mature agile systems engineering (SE) process employed by Northrop Grumman's Global Combat Support System – Joint (GCSS-J) group  Continuous DevOps2 integration
     Url https://onlinelibrary.wiley.com/doi/abs/10.1002/j.2334-5837.2017.00349.x


     Search term "Case+Study"+"DevOps"+"Software+Product+Line"
     Title Assessing the Adoption Level of Agile Development Within Software Product Lines: The AgiPL-AM Model
     Author ['H Haidar', 'M Kolp', 'Y Wautelet']
     Venue IFIP Working Conference on The Practice …
     Year 2019
     Abstract L4.C5.3 – DevOps (Integrated Development and Operations) [16]  1–10 (2018)Google Scholar. 8. dos Santos Jr., AF, Lucena Jr, VF: SCRUMPL - Software Product Line Engineering with  Ozcan-Top, O., Demirörs, O.: Assessment of agile maturity models: a multiple case study
     Url https://link.springer.com/chapter/10.1007/978-3-030-35151-9_9


     Search term "Case+Study"+"DevOps"+"Software+Product+Line"
     Title Continuously assessing and improving software quality with software analytics tools: a case study
     Author ['S Martínez-Fernández', 'AM Vollmer', 'A Jedlitschka']
     Venue IEEE …
     Year 2019
     Abstract Tasktop aims to integrate and coordinate value streams across the DevOps stack  IEEE Access Silverio Martínez-Fernández et al.: Continuously assessing and improving software quality with software analytics tools: a case study  Context Single long lifetime software product line
     Url https://ieeexplore.ieee.org/abstract/document/8717997/


     Search term "Case+Study"+"DevOps"+"Software+Product+Line"
     Title FDDetector: A Tool for Deduplicating Features in Software Product Lines
     Author ['A Khtira', 'A Benlarabi', 'B El Asri']
     Venue American Scientific Research …
     Year 2019
     Abstract software product lines," in Proc. 17th International Software Product Line Conference Collocated Workshops, Tokyo, Japan, 26-30 August 2013, pp. 59–66  38-42. [56] D. Edwards, "DevOps: Shift left with continuous testing by using automation and virtualization," Sep. 18th
     Url https://asrjetsjournal.org/index.php/American_Scientific_Journal/article/view/5480


     Search term "Case+Study"+"DevOps"+"Software+Product+Line"
     Title A DevOps Capability-The IVI DevOps Effectiveness Assessment
     Author ['C Crowley', 'L Veling', 'L Beckett', 'G Clarke', 'E Kelleher']
     Venue NA
     Year 2018
     Abstract [5] F. Ahmed and L. Capretz, 'An architecture process maturity model of software product line engineering', Innov  environments: an industry case study', in Proceedings of the International Conference on Software Engineering, pp  [11] Amazon Web Services, 'What is DevOps
     Url http://eprints.maynoothuniversity.ie/9413/


     Search term "Case+Study"+"DevOps"+"Software+Product+Line"
     Title Strategic Ecosystem Management: A multi-case study on challenges and strategies for different ecosystem types
     Author ['HH Olsson', 'J Bosch']
     Venue 2015 41st Euromicro Conference on …
     Year 2015
     Abstract The interviewees combined expertise in cloud services, SOA, and 'Devops', with significant  Ecosystem-driven software development: A case study on the emerging challenges in inter  In Proceedings of the 13th International Software Product Line Conference (SPLC), August 24
     Url https://ieeexplore.ieee.org/abstract/document/7302480/


     Search term "Case+Study"+"DevOps"+"Software+Product+Line"
     Title Strategic Ecosystem Management: A multi-case study in the B2B domain
     Author ['HHOJ Bosch']
     Venue NA
     Year NA
     Abstract The interviewees combined expertise in cloud services, SOA, and 'Devops', with significant  Ecosystem-driven software development: A case study on the emerging challenges in inter  In Proceedings of the 13th International Software Product Line Conference (SPLC), August 24
     Url https://www.researchgate.net/profile/Helena_Olsson/publication/314579480_Strategic_Ecosystem_Management_A_Multi-case_Study_in_the_B2B_Domain/links/5ebe4bb692851c11a867e4df/Strategic-Ecosystem-Management-A-Multi-case-Study-in-the-B2B-Domain.pdf


     Search term "Case+Study"+"DevOps"+"Software+Product+Line"
     Title Run-time evaluation of architectures: A case study of diversification in IoT
     Author ['D Sobhy', 'L Minku', 'R Bahsoon', 'T Chen']
     Venue Journal of Systems and …
     Year 2020
     Abstract can be integrated in continuous development paradigms, such as DevOps, where run  option value are considered for diversification of the IoT Case study (Section 5  realizations, including (but not limited to) model-driven architectures, software product line architectures, cloud
     Url https://www.sciencedirect.com/science/article/pii/S016412121930202X


     Search term "Case+Study"+"DevOps"+"Software+Product+Line"
     Title Challenges and solutions for opening small and medium-scale industrial software platforms
     Author ['C Seidl', 'T Berger', 'C Elsner', 'KB Schultis']
     Venue … and Software Product Line …
     Year 2017
     Abstract It supports customers in adopting and maintaining a software product line strategy, where a variable software  features to be realized (8 %). In this same line, the case-study subjects had  ing Engine 3: Alter Organiza- tional Structure Level Playing Field, DevOps Teams, Support
     Url https://dl.acm.org/doi/abs/10.1145/3106195.3106203


     Search term "Case+Study"+"DevOps"+"Software+Product+Line"
     Title Evolution in dynamic software product lines
     Author ['C Quinton', 'M Vierhauser', 'R Rabiser']
     Venue Journal of Software …
     Year 2020
     Abstract Automated build and deployment solutions (DevOps) on the other hand are triggered by (manual) changes in the program's source code and  A DSPL is a special form of a software product line designed to support runtime variability, that is, adaptation and reconfiguration at
     Url https://onlinelibrary.wiley.com/doi/abs/10.1002/smr.2293


     Search term "Case+Study"+"DevOps"+"Software+Product+Line"
     Title Variability management meets microservices: six challenges of re-engineering microservice-based webshops
     Author ['WKG Assunção', 'J Krüger', 'WDF Mendonça']
     Venue … and Software Product Line …
     Year 2020
     Abstract simplified integration of innovative features, enabled continuous delivery and DevOps, optimized scalability  In International Systems and Software Product Line Conference (SPLC)  2018. Apo-Games: A Case Study for Reverse Engineering Variability from Cloned Java Variants
     Url https://dl.acm.org/doi/abs/10.1145/3382025.3414942


     Search term "Case+Study"+"DevOps"+"Software+Product+Line"
     Title Report from GI-Dagstuhl Seminar 16394: Software Performance Engineering in the DevOps World
     Author ['A van Hoorn', 'P Jamshidi', 'P Leitner', 'I Weber']
     Venue arXiv preprint arXiv …
     Year 2017
     Abstract Page 1. Report from GI-Dagstuhl Seminar 16394 Software Performance Engineering in the DevOps World  Abstract This report documents the program and the outcomes of GI-Dagstuhl Seminar 16394 “Software Performance Engineering in the DevOps World”
     Url https://arxiv.org/abs/1709.08951


     Search term "Case+Study"+"DevOps"+"Software+Product+Line"
     Title Design for future: managed software evolution
     Author ['U Goltz', 'RH Reussner', 'M Goedicke']
     Venue … Science-Research and …
     Year 2015
     Abstract In DevOps development and operations are working together in order to avoid too  Besides the PPU case study, a local laboratory manufacturing plant evolution scenario is under  IMoTEP 11 investigates the co-evolution of software product line (SPL) models and test artefacts
     Url https://link.springer.com/article/10.1007/s00450-014-0273-9


     Search term "Case+Study"+"DevOps"+"Software+Product+Line"
     Title Orthogonal variability modeling to support multi-cloud application configuration
     Author ['P Jamshidi', 'C Pahl']
     Venue European Conference on Service-Oriented and …
     Year 2014
     Abstract work reported in [7] use the concept of external runtime variability in software product line to represent  We highlight these challenges through a case study in the next section  variability model that different roles in developments and operations (known as DevOps) can cooperate
     Url https://link.springer.com/chapter/10.1007/978-3-319-14886-1_23


     Search term "Case+Study"+"DevOps"+"Software+Product+Line"
     Title Exploring and Enabling DevOps for Data Analytical System with Essential Demands Elicitation
     Author ['J Zheng', 'Y Liu', 'J Lin']
     Venue International Journal of Software Engineering …
     Year 2016
     Abstract Although microservice architecture makes the system more scalable and is suit- able for DevOps naturally, the implementation is not uncomplicated. Furthermore, it will demonstrate the signi¯cant advantages only when the system has enough complexity  7. Case Study 7.1
     Url https://www.worldscientific.com/doi/abs/10.1142/S021819401640012X


     Search term "Case+Study"+"DevOps"+"Software+Product+Line"
     Title Coordinated run-time adaptation of variability-intensive systems: an application in cloud computing
     Author ['A Metzger', 'A Bayer', 'D Doyle']
     Venue 2016 IEEE/ACM 1st …
     Year 2016
     Abstract In a classical software product line, variability describes different pos- sible products, ie, software systems  Section 3 describes the use of FCORE in the cloud computing case study  CloudWave project, which aims to extend OpenStack with advanced DevOps capabilities, such
     Url https://ieeexplore.ieee.org/abstract/document/7809330/


     Search term "Case+Study"+"DevOps"+"Software+Product+Line"
     Title Where are the gaps? A systematic mapping study of infrastructure as code research
     Author ['A Rahman', 'R Mahdavi-Hezaveh', 'L Williams']
     Venue arXiv preprint arXiv …
     Year 2018
     Abstract Organizations that implement DevOps practices widely use commercial tools, such as Puppet, to implement IaC [1] [5] [16]  ware product line testing, and advocated for stronger validation research methods to provide a better foundation for software product line testing
     Url https://arxiv.org/abs/1807.04872


     Search term "Case+Study"+"DevOps"+"Software+Product+Line"
     Title A systematic mapping study of infrastructure as code research
     Author ['A Rahman', 'R Mahdavi-Hezaveh', 'L Williams']
     Venue Information and Software …
     Year 2019
     Abstract and Runeson [27] studied 64 publications on software product line testing, and advocated for stronger validation research methods to provide a better foundation for software product line testing  [30] conducted a systematic mapping study to identify how DevOps is characterized
     Url https://www.sciencedirect.com/science/article/pii/S0950584918302507


     Search term "Case+Study"+"DevOps"+"Software+Product+Line"
     Title Investigating agile practices in software startups
     Author ['R Souza', 'L Rocha', 'F Silva', 'I Machado']
     Venue Proceedings of the XXXIII …
     Year 2019
     Abstract DevOps Continuous Deployment; Continuous Integration; Automated Build; Version control  17] conducted a study within 2 soft- ware startups, which revealed the motivating factors and benefits that would lead to migration from a single product into a software product line
     Url https://dl.acm.org/doi/abs/10.1145/3350768.3350786


     Search term "Case+Study"+"DevOps"+"Software+Product+Line"
     Title Revisiting the Product Configuration Systems Development Procedure for Scrum Compliance: An i* Driven Process Fragment
     Author ['Y Wautelet', 'S Shafiee', 'S Heng']
     Venue International Conference on Product …
     Year 2019
     Abstract 21(1), 23–40 (2007)CrossRefGoogle Scholar. 2. Bass, L., Weber, I., Zhu, L.: DevOps: A Software Architect's Perspective  Revised Selected PapersGoogle Scholar. 9. Hanssen, GK, Fægri, TE: Process fusion: an industrial case study on agile software product line engineering
     Url https://link.springer.com/chapter/10.1007/978-3-030-35333-9_31


     Search term "Case+Study"+"DevOps"+"Software+Product+Line"
     Title Software system deployment process: A systematic mapping study
     Author ['M Panizzi', 'M Genero', 'R Bertone']
     Venue NA
     Year NA
     Abstract Although it is true that there are new techniques/practices such as DevOps [7,8  presented a tool called ISA Packager, a generic tool for packaging and deploying SPLs (Software Product Line)  In [PS7] a case study was carried out at a vehicle sales company in northern Ecuador
     Url http://cibse2020.ppgia.pucpr.br/images/artigos/4/S04_P3.pdf


     Search term "Case+Study"+"DevOps"+"Software+Product+Line"
     Title Advances in using agile and lean processes for software development
     Author ['P Rodríguez', 'M Mäntylä', 'M Oivo', 'LE Lwakatare']
     Venue Advances in …
     Year 2019
     Abstract The concepts of DevOps, as a means to take full (end-to-end) advantage of Agile and Lean, and Lean start-up, as an approach to foster innovation, are the focus of the two following 6 DevOps, 7 The Lean Startup Movement  DevOps. Lean startup. Metrics. Technical debt
     Url https://www.sciencedirect.com/science/article/pii/S0065245818300299


     Search term "Case+Study"+"DevOps"+"Software+Product+Line"
     Title Practical Challenges in Test Environment Management
     Author ['R Ramler', 'J Gmeiner']
     Venue 2014 IEEE Seventh International …
     Year 2014
     Abstract As part of our future work, we plan a case study on multiple industry projects to explore the improvement potential of these solutions related to the identified challenges  12th Int. Software Product Line Conference (SPLC '08), 2008. [12] J. Roche. “Adopting DevOps Practices in
     Url https://ieeexplore.ieee.org/abstract/document/6825686/


     Search term "Case+Study"+"DevOps"+"Software+Product+Line"
     Title Continuous integration and continuous delivery pipeline automation for agile software project management
     Author ['A SAIBS']
     Venue NA
     Year 2018
     Abstract J. Bosch, "Climbing the “Stairway to Heaven” A multiple-case study exploring barriers  A. Heydarnoori and P. Jamshidi, "Microservices Architecture Enables DevOps: Migration to a  Benavides, JA Galindo, Variability management in an unaware software product line company
     Url http://dl.lib.uom.lk/handle/123/15801


     Search term "Case+Study"+"DevOps"+"Software+Product+Line"
     Title Confluent Factors, Complexity and Resultant Architectures in Modern Software Engineering-A Case of Service Cloud Applications
     Author ['T Skalniak']
     Venue Fifth International Symposium on Business Modeling …
     Year 2015
     Abstract Huttermann, M. (2012). DevOps for Developers, Apress  A Case-Study Approach  Combining Service-Orientation and Software Product Line Engineering: A Systematic Mapping Study, Information and Software Technology, http://dx.doi.org/10.1016/j.infsof.2013.05.006, 15p
     Url https://scitepress.org/papers/2015/58853/


     Search term "Case+Study"+"DevOps"+"Software+Product+Line"
     Title Modeling and security in cloud ecosystems
     Author ['EB Fernandez', 'N Yoshioka', 'H Washizaki', 'MH Syed']
     Venue Future Internet
     Year 2016
     Abstract The term was later applied to software systems: “a collection of software systems, which are developed and co-evolve in the same environment” [1]. For software product lines: “An ecosystem is the expansion of a software product line architecture to include systems outside the
     Url https://www.mdpi.com/1999-5903/8/2/13


     Search term "Case+Study"+"DevOps"+"Software+Product+Line"
     Title Integrated Service E-Marketplace for Independent and Assisted Living–Business and Software Engineering Challenges
     Author ['L Maciaszek', 'W Gryncewicz', 'R Kutera']
     Venue International Symposium on …
     Year 2016
     Abstract MIS Querterly 28(1), 75–105 (2004)Google Scholar. Huttermann, M.: DevOps for Developers, Apress (2012)Google  A Case-Study Approach  Mohabbati, B., Asadi, M., Gasevic, D., Hatala, M., Mueller, HA: Combining service-orientation and software product line engineering: a
     Url https://link.springer.com/chapter/10.1007/978-3-319-57222-2_11


     Search term "Case+Study"+"DevOps"+"Software+Product+Line"
     Title The future of software development methods
     Author ['B Fitzgerald', 'KJ Stol']
     Venue The Routledge Companion to Management …
     Year 2017
     Abstract adoption of more formalized software development processes, and a software product line approach is  organization affected by a changing process; eg, to adopt DevOps and continuous  Scaling agile methods to regulated environments: An industry case study,” Proceedings of
     Url https://cora.ucc.ie/handle/10468/6770


     Search term "Case+Study"+"DevOps"+"Software+Product+Line"
     Title Designing Continuous Toolchains-Using Proposed Guidelines and Tool Capabilities
     Author ['E Mjöll Bergsteinsdóttir', 'H Helén Edholm']
     Venue NA
     Year 2018
     Abstract 14 3.2.2 Case Study  44 6 Conclusion 45 Bibliography 47 A Abbreviations I B Interview guide III C Survey Questionnaire VII D Xebialabs' Periodic Table of DevOps Tools XI x Page 11. 1 Introduction
     Url https://odr.chalmers.se/handle/20.500.12380/255335


     Search term "Case+Study"+"DevOps"+"Software+Product+Line"
     Title Variability management in Infrastructure as a Service: Scenarios in cloud deployment models
     Author ['A Khan', 'J Hintsch', 'G Saake']
     Venue 2017 International …
     Year 2017
     Abstract The main activity in software product line engineering (SPLE) is to define common and variable artifacts in  We also provide a case study to show how we can use Infrastructure as Code  M. Reichenbach, and D. Fey, “Continuous Integration and Automation for Devops,” in IAENG
     Url https://ieeexplore.ieee.org/abstract/document/7876219/


     Search term "Case+Study"+"DevOps"+"Software+Product+Line"
     Title Contextual understanding of microservice architecture: current and future directions
     Author ['T Cerny', 'MJ Donahoo', 'M Trnka']
     Venue ACM SIGAPP Applied Computing …
     Year 2018
     Abstract In [11], authors discuss a DevOps practice, which goes hand- in-hand with μServices. DevOps is a set of practices that aim to decrease the time between changing the system and de- ploying the change to production while maintaining software quality
     Url https://dl.acm.org/doi/abs/10.1145/3183628.3183631


     Search term "Case+Study"+"DevOps"+"Software+Product+Line"
     Title Product Planning
     Author ['HB Kittlaus', 'SA Fricker']
     Venue Software Product Management
     Year 2017
     Abstract Roadmapping thus is unlikely to consider the design of production lines that are important for physical products. Instead, it considers deployment, integration, and provisioning of the software with an end-to-end view as suggested by DevOps [BasWebZh15]
     Url https://link.springer.com/chapter/10.1007/978-3-642-55140-6_4

