Showing papers for search query "Regulated+Domain"+"Software+Product+Line"

     Search term "Regulated+Domain"+"Software+Product+Line"
     Title Trusted product lines
     Author ['S Hutchesson', 'J McDermid']
     Venue Information and Software Technology
     Year 2013
     Abstract transformation may be supported. Any attempt to use a Software Product Line approach in a regulated domain will need to provide evidence to support their approach in accordance with the argument outlined in the paper. Conclusion
     Url https://www.sciencedirect.com/science/article/pii/S0950584912001085


     Search term "Regulated+Domain"+"Software+Product+Line"
     Title Searching for common ground: existing literature on automotive agile software product lines
     Author ['P Hohl', 'J Ghofrani', 'J Münch', 'M Stupperich']
     Venue Proceedings of the …
     Year 2017
     Abstract Search keyword 1 ”so ware product line(s)” Synonyms ”so ware product line engineering” ”product line(s)” ”so ware product line development” Word family ”so ware product line engineering” Search keyword 2 ”automotive” Synonyms ”regulated domain(s)” Word family ”car
     Url https://dl.acm.org/doi/abs/10.1145/3084100.3084109


     Search term "Regulated+Domain"+"Software+Product+Line"
     Title Towards cost-effective high-assurance software product lines: The need for property-preserving transformations
     Author ['S Hutchesson', 'J McDermid']
     Venue … Software Product Line …
     Year 2011
     Abstract Line Conference 978-0-7695-4487-8/11 $26.00 © 2011 IEEE DOI 10.1109/SPLC.2011.32 55 Page 2. II. TRUSTING TRANSFORMATIONS A. Use of Tools in High-Assurance Software Development Civil avionics is a typical example of a high-assurance regulated domain, in
     Url https://ieeexplore.ieee.org/abstract/document/6030046/


     Search term "Regulated+Domain"+"Software+Product+Line"
     Title Searching for Common Ground: Existing Literature on Automotive Agile Software Product Lines
     Author ['PHJ Ghofrani', 'M Stupperich', 'J Münch']
     Venue NA
     Year NA
     Abstract keywords Search keyword 1 "software product line(s)" Synonyms "software product line engineering" "product line(s)" "software product line development” Word family "software product line engineering” Search keyword 2 "automotive" Synonyms "regulated domain(s)" Word
     Url https://www.researchgate.net/profile/Juergen_Muench/publication/316106668_Searching_for_Common_Ground_Existing_Literature_on_Automotive_Agile_Software_Product_Lines/links/59f09047458515bfd07f9501/Searching-for-Common-Ground-Existing-Literature-on-Automotive-Agile-Software-Product-Lines.pdf


     Search term "Regulated+Domain"+"Software+Product+Line"
     Title Global Software Development Process Assessment
     Author ['S Beecham']
     Venue NA
     Year NA
     Abstract Sub Practice U. Establish a risk management strategy for regulation (if working regulated domain) Sub Practice V: Collaboratively plan, develop and validate systems and changes  Or Hybrid? Software Product Line? Please classify: _____ 12
     Url https://lero.ie/sites/default/files/2020_TR_07_GSD_Process_Assessment.pdf


     Search term "Regulated+Domain"+"Software+Product+Line"
     Title Innersourcing
     Author ['PJ Ågerfalk', 'B Fitzgerald', 'KJ Stol']
     Venue Software Sourcing in the Age of Open
     Year 2015
     Abstract Over time, this component suite evolved into a platform for a software product line, which is still evolving and extended today. 3.2.2 Multiple Stakeholders for Variety in Contributions  Given the regulated domain, documentation on design and tests have to be delivered
     Url https://link.springer.com/chapter/10.1007/978-3-319-17266-8_3


     Search term "Regulated+Domain"+"Software+Product+Line"
     Title Flexible software process lines in practice: A metamodel-based approach to effectively construct and manage families of software process models
     Author ['M Kuhrmann', 'T Ternité', 'J Friedrich', 'A Rausch']
     Venue Journal of Systems and …
     Year 2016
     Abstract a missing common understanding of what is considered a process line in practice and how do the adopted software product line concepts manifest  For instance, a company working in a regulated domain must prove its processes fulfilling a required maturity level or adhering to
     Url https://www.sciencedirect.com/science/article/pii/S0164121216301236


     Search term "Regulated+Domain"+"Software+Product+Line"
     Title Inner source project management
     Author ['M Höst', 'KJ Stol', 'A Oručević-Alagić']
     Venue Software Project Management in a …
     Year 2014
     Abstract For example, Philips Healthcare develops a Software Product Line (SPL) for their medical equipment, whereby the SPL platform is managed as  was conducted at an organization that we refer to as “GlobalSoft.” GlobalSoft is a multinational organization in a regulated domain
     Url https://link.springer.com/chapter/10.1007/978-3-642-55035-5_14


     Search term "Regulated+Domain"+"Software+Product+Line"
     Title Key factors for adopting inner source
     Author ['KJ Stol', 'P Avgeriou', 'MA Babar', 'Y Lucas']
     Venue ACM Transactions on …
     Year 2014
     Abstract Page 1. 18 Key Factors for Adopting Inner Source KLAAS-JAN STOL, Lero, University of Limerick PARIS AVGERIOU, University of Groningen MUHAMMAD ALI BABAR, University of Adelaide YAN LUCAS, Neopost Technologies BRIAN FITZGERALD, Lero, University of Limerick
     Url https://dl.acm.org/doi/abs/10.1145/2533685


     Search term "Regulated+Domain"+"Software+Product+Line"
     Title Key Factors for Adopting Inner Source
     Author ['S KLAAS-JAN', 'P AVGERIOU', 'MALI BABAR']
     Venue NA
     Year NA
     Abstract Page 1. 18 Key Factors for Adopting Inner Source KLAAS-JAN STOL, Lero, University of Limerick PARIS AVGERIOU, University of Groningen MUHAMMAD ALI BABAR, IT University of Adelaide YAN LUCAS, Neopost Technologies
     Url https://citeseerx.ist.psu.edu/viewdoc/download?doi=10.1.1.721.4011&rep=rep1&type=pdf


     Search term "Regulated+Domain"+"Software+Product+Line"
     Title Interlocking Safety Cases for Unmanned Autonomous Systems in Shared Airspaces
     Author ['M Vierhauser', 'S Bayley', 'J Wyngaard']
     Venue IEEE Transactions …
     Year 2019
     Abstract applications meet satisfactory safety standards. Our approach is meant to complement existing safety practices and could, for exam- ple, be used as part of a formal review process in a regulated domain. We propose a novel
     Url https://ieeexplore.ieee.org/abstract/document/8674543/

