Showing papers for search query "Automation"+"PLC"+OR+"FPGA"+"Traceability"

     Search term "Automation"+"PLC"+OR+"FPGA"+"Traceability"
     Title In-place traceability for automated production systems: A survey of PLC and SysML tools
     Author ['W Wang', 'N Niu', 'M Alenazi']
     Venue IEEE Transactions on …
     Year 2018
     Abstract Over 250 manufacturers from different industrial sectors offer in- telligent automation devices with a CODESYS program- ming interface, and nearly 400 devices are programmable with CODESYS  Table I lists each of the seven PLC tools' in-place traceability support organized
     Url https://ieeexplore.ieee.org/abstract/document/8515085/


     Search term "Automation"+"PLC"+OR+"FPGA"+"Traceability"
     Title Introducing traceability and consistency checking for change impact analysis across engineering tools in an automation solution company: an experience report
     Author ['A Demuth', 'R Kretschmer', 'A Egyed']
     Venue 2016 IEEE International …
     Year 2016
     Abstract it is typical for companies dealing with cyber-physical systems and production automation, VHA employs  is feasible with Java, it is also feasible with an actual PLC programming language  the amount of information that is available in the DesignSpace for establishing traceability
     Url https://ieeexplore.ieee.org/abstract/document/7816505/


     Search term "Automation"+"PLC"+OR+"FPGA"+"Traceability"
     Title Tracking and traceability solution using a novel material handling system
     Author ['A Mousavi', 'M Sarhadi', 'S Fawcett', 'S Bowles']
     Venue Innovative Food Science …
     Year 2005
     Abstract as zone 2; the information on the trays are checked against the stored information to ensure 100% traceability  MS SQLServer database system was used to store the information supplied by the PLC through using dynamic data exchange (DDE; Rockwell Automation, 2000
     Url https://www.sciencedirect.com/science/article/pii/S1466856404001055


     Search term "Automation"+"PLC"+OR+"FPGA"+"Traceability"
     Title Achieving Quality and Traceability in FPGA/ASIC Flows for DO-254 Aviation Projects
     Author ['M Lange', 'T Dewey']
     Venue 2008 IEEE Aerospace Conference
     Year 2008
     Abstract FAA/EASA mandate, companies providing flight hardware for commercial aviation systems now must build their complex electronic hardware components (ie, ASIC/FPGA) to the standard known as DO-254. Focusing on design assurance (including quality, traceability, and strict
     Url https://ieeexplore.ieee.org/abstract/document/4526687/


     Search term "Automation"+"PLC"+OR+"FPGA"+"Traceability"
     Title Implementation of a RFID Technology-Based Automatic Traceability System for Industry 4.0
     Author ['C Da Costa', 'RG Vastag', 'MM de Campos']
     Venue European Journal of …
     Year 2019
     Abstract Her research interest includes industry 4.0, PLC, RFID, internet of things, wireless  He is currently post-doctoral and professor of automation and control engineering in  controller, Artificial Neural Network, machine monitoring, diagnostic, electrical machines, FPGA and Industry 4.0
     Url https://www.ejers.org/index.php/ejers/article/view/1457


     Search term "Automation"+"PLC"+OR+"FPGA"+"Traceability"
     Title Tracking and traceability in the meat processing industry: a solution
     Author ['A Mousavi', 'M Sarhadi', 'A Lenk', 'S Fawcett']
     Venue British Food Journal
     Year 2002
     Abstract A degree of standardisation and automation within the framework provided by a documented  plant layout design, natural segmentation of meat cuts, maintaining traceability, cheaper solution  Control algorithms using PLC technology for remote control of conveyor system were
     Url https://www.emerald.com/insight/content/doi/10.1108/00070700210418703/full/html


     Search term "Automation"+"PLC"+OR+"FPGA"+"Traceability"
     Title A RFID-enabled traceability system for the supply chain of live fish
     Author ['YC Hsu', 'AP Chen', 'CH Wang']
     Venue … Conference on Automation and …
     Year 2008
     Abstract Proceedings of the IEEE International Conference on Automation and Logistics Qingdao, China September  The sensors controlled by PLC are used for automated collection the information in  The traceability information is designed to be exchanged on a web- based system for
     Url https://ieeexplore.ieee.org/abstract/document/4636124/


     Search term "Automation"+"PLC"+OR+"FPGA"+"Traceability"
     Title An intelligent value stream-based approach to collaboration of food traceability cyber physical system by fog computing
     Author ['RY Chen']
     Venue Food Control
     Year 2017
     Abstract This article applies CPS-based intelligent systems into food traceability system that can be considered as a self  Thus, CPS-based food manufacturing includes all the elements having industrial automation capabilities including smart PLC (programmable logic
     Url https://www.sciencedirect.com/science/article/pii/S0956713516303565


     Search term "Automation"+"PLC"+OR+"FPGA"+"Traceability"
     Title Quality traceability system of display tube product line
     Author ['S TAN', 'J CHEN', 'W XU']
     Venue Computer Integrated Manufacturing …
     Year 2005
     Abstract of Radio Film and Television -The Administration of Radio Station);The PLC Application of  6, GONG Lei,YANG Jian-jun(School of Mechanical Engineering Automation,Beihang University,Beijing 100083,China);Modelling of MES Product Traceability for Discrete
     Url http://en.cnki.com.cn/Article_en/CJFDTotal-JSJJ200502027.htm


     Search term "Automation"+"PLC"+OR+"FPGA"+"Traceability"
     Title Case study on traceability application of PLC unit with embedded script engine
     Author ['S Kobori', 'A Noda']
     Venue … Technologies and Factory Automation
     Year 2005
     Abstract Recently companies focus on traceability in the factory to control the risk to the products. It is an important task to collect many IDs marked on the items and sections to realize traceability; much equipment for IDs collection is required in the factory. This paper
     Url https://ieeexplore.ieee.org/abstract/document/1612656/


     Search term "Automation"+"PLC"+OR+"FPGA"+"Traceability"
     Title Food safety and traceability in the agricultural supply chain: using the Internet to deliver traceability
     Author ['TP Wilson', 'WR Clarke']
     Venue Supply Chain Management: An International …
     Year 1998
     Abstract Manager, Food Trak plc, Spalding, UK). WR Clarke (WR Clarke Food Trak plc, Spalding, UK)  Testing provides the means by which the content of traceability records can be checked for  detailed within test scripts; these provide a repeatable mechanism for the automation of this
     Url https://www.emerald.com/insight/content/doi/10.1108/13598549810230831/full/html?queryID=17%2F5405210


     Search term "Automation"+"PLC"+OR+"FPGA"+"Traceability"
     Title Achieving traceability in PLC software
     Author ['DC Thompson']
     Venue IEE Colloquium on Advances in …
     Year 1992
     Abstract ACHIEVING TRACEABILITY IN PLC SOFTWARE  This provides the framework for drawing up a quality plan and establishing traceability links  broad concepts and considers the range of products, manufacturing processes, performance, operation, level of automation, safety and
     Url https://ieeexplore.ieee.org/abstract/document/241340/


     Search term "Automation"+"PLC"+OR+"FPGA"+"Traceability"
     Title Software factory for industrial automation: focus on the PLC software quality
     Author ['D Chalon', 'W Ait-Cheik-Bihi']
     Venue NA
     Year NA
     Abstract Tel: +33 (0)4 76 23 67 65 - Fax: +33 (0)4 76 23 43 21 E-mail: Wafaa.ait-cheik-bihi@itris-automation. com  After this focus on hardware improvements, interest is increasing around PLC projects' lifecycle software (eg simulation, deployment, and requirement traceability)
     Url https://www.researchgate.net/profile/Wafaa_Ait-Cheik-Bihi2/publication/277609165_Software_factory_for_industrial_automation_focus_on_the_PLC_software_quality_wins_1st_Prize_in_Automation_40/links/556eb29808aeccd7773f734c.pdf


     Search term "Automation"+"PLC"+OR+"FPGA"+"Traceability"
     Title Ladder programs validation through model-code traceability
     Author ['LR Sampaio', 'A Perkusich']
     Venue 2011 IEEE International …
     Year 2011
     Abstract [9] L. Guo and A. Roychoudhury, “Debugging statecharts via model- code traceability,” in ISoLA, ser  [16] A. Sulflow and R. Drechsler, “Verification of PLC programs using formal proof techniques,” Formal Methods for Automation and Safety in Railway and Automotive
     Url https://ieeexplore.ieee.org/abstract/document/5754386/


     Search term "Automation"+"PLC"+OR+"FPGA"+"Traceability"
     Title Assuring virtual PLC in the context of SysML models
     Author ['M Alenazi', 'D Reddy', 'N Niu']
     Venue International conference on software reuse
     Year 2018
     Abstract PLCs based on IEC 61131 represent the state of art in industrial automation systems  We showed that the identified impacts of assuring V-PLC elements using traceability information can be reused to assure a number of other PLCs or requirements in the system
     Url https://link.springer.com/chapter/10.1007/978-3-319-90421-4_8


     Search term "Automation"+"PLC"+OR+"FPGA"+"Traceability"
     Title Guided semi-automatic system testing in factory automation
     Author ['S Ulewicz', 'B Vogel-Heuser']
     Venue 2016 IEEE 14th International …
     Year 2016
     Abstract Traceability and reproducibility (exactly repeating a test achieving the same result) of these tests is therefore very low  factory automation system by a group of six industrial experts in the field of factory automation, more specifically PLC programming, commissioning and
     Url https://ieeexplore.ieee.org/abstract/document/7819148/


     Search term "Automation"+"PLC"+OR+"FPGA"+"Traceability"
     Title Standard process monitoring and traceability programming in collaborative CAD/CAM/CNC manufacturing scenarios
     Author ['JG Campos', 'LR Miguez']
     Venue Computers in Industry
     Year 2011
     Abstract on MES-ERP communication, but does not cover MES control systems (PLC, CNC controllers  STEP-NC in establishing a collaborative manufacturing scenario with programmed traceability and monitoring  standard has attracted a great deal of interest in the automation world by
     Url https://www.sciencedirect.com/science/article/pii/S0166361510001314


     Search term "Automation"+"PLC"+OR+"FPGA"+"Traceability"
     Title Blockchain and IoT based food traceability for smart agriculture
     Author ['J Lin', 'Z Shen', 'A Zhang', 'Y Chai']
     Venue … of the 3rd International Conference on …
     Year 2018
     Abstract 4 4 National Engineering Laboratory for E-Commerce Technologies Department of Automation Tsinghua University  The sensors controlled by the PLC are used to collect the information in farming as  The traceability information is designed to be exchanged and used on a web
     Url https://dl.acm.org/doi/abs/10.1145/3265689.3265692


     Search term "Automation"+"PLC"+OR+"FPGA"+"Traceability"
     Title PLC based automation of test rig for brake actuators
     Author ['BB Malakanagouda', 'SK Harisha']
     Venue … International Conference on …
     Year 2017
     Abstract The development of PLC based automated test rig reduces the above problems and implementation of SCADA screen helps in traceability, virtual appearance of testing, test report generation etc. The PLC based system automation is more ease of usage and reliability as
     Url https://ieeexplore.ieee.org/abstract/document/8389639/


     Search term "Automation"+"PLC"+OR+"FPGA"+"Traceability"
     Title Case study: restoration of a blast furnace stoves safety automation
     Author ['F Consonno', 'M Giordano', 'P Grisolia']
     Venue 2014 IEEE 23rd …
     Year 2014
     Abstract steps where the power supply architecture and the architecture of the automation control system  to safety, including documents describing the SW implemented on the Safety PLC and on the  The complete traceability of each safety requirement through the whole lifecycle (safety
     Url https://ieeexplore.ieee.org/abstract/document/6864768/


     Search term "Automation"+"PLC"+OR+"FPGA"+"Traceability"
     Title Traceability for automated production systems: a position paper
     Author ['M Alenazi', 'N Niu', 'W Wang']
     Venue 2017 IEEE 25th …
     Year 2017
     Abstract Wang, and A. Gupta, “Gray links in the use of requirements traceability,” in International  D. Hess, “Industry 4.0—prerequisites and visions,” IEEE Transactions on Automation Science and  S. Rösch, S. Feldmann, and S. Ulewicz, “Challenges for maintenance of PLC-software and
     Url https://ieeexplore.ieee.org/abstract/document/8054829/


     Search term "Automation"+"PLC"+OR+"FPGA"+"Traceability"
     Title A review on agri-food supply chain traceability by means of RFID technology
     Author ['C Costa', 'F Antonucci', 'F Pallottino', 'J Aguzzi']
     Venue Food and bioprocess …
     Year 2013
     Abstract RFID applications have been progressively developed in the past decade in different fields of agri-food production in relation to good traceability through all stages of the production/distribution chain (Ruiz-Garcia and  2011. Sensors controlled by the PLC and web-based system
     Url https://link.springer.com/article/10.1007/s11947-012-0958-7


     Search term "Automation"+"PLC"+OR+"FPGA"+"Traceability"
     Title Priority automation engineering: Evaluating a tool for automatic code generation and configuration of PLC-Applications
     Author ['C Nguyen']
     Venue NA
     Year 2018
     Abstract Simulink is one of the more renown tools within the field of automation. By using the PLC coder in Simulink it can generate IEC 61131-3 structured text from Simulink models or stateflow charts, that are compatible with most PLC environments [1]. The disadvan- tage of using the
     Url https://www.diva-portal.org/smash/record.jsf?pid=diva2:1329383


     Search term "Automation"+"PLC"+OR+"FPGA"+"Traceability"
     Title Gazes to Traces: Tracing Developers' Eyes to Automate Traceability Link Recovery
     Author ['B Sharif']
     Venue NA
     Year NA
     Abstract 201-204. [11] B. Sharif, J. Meinken, T. Shaffer, and H. Kagdi, "Eye Movements in Software Traceability Link Recovery," Empirical Software  For example, industry conferences most often talk about automation while academic conferences most often talk about models
     Url http://blog.ieeesoftware.org/2017/


     Search term "Automation"+"PLC"+OR+"FPGA"+"Traceability"
     Title Automation Of Alternator Test Bench To Ensure Accurate Testing Using Plc And Hmi
     Author ['NR Neethashree', 'B Yogesha', 'GP Kumar']
     Venue NA
     Year NA
     Abstract [Not Found]
     Url [Not Found]


     Search term "Automation"+"PLC"+OR+"FPGA"+"Traceability"
     Title Robot-mounted camera makes new inspection system infinitely flexible
     Author ['A Automation']
     Venue NA
     Year 2005
     Abstract A revolutionary new inspection system utilising a robot-mounted camera, is providing a unique approach to the examination, integrity and traceability of mass manufactured assemblies, according to system developers Goldlogic Control Systems (GCS) Ltd, of
     Url https://www.emerald.com/insight/content/doi/10.1108/aa.2005.03325daf.003/full/html


     Search term "Automation"+"PLC"+OR+"FPGA"+"Traceability"
     Title PLC or DCS: selection and trends
     Author ['J La Fauci']
     Venue ISA transactions
     Year 1997
     Abstract system changes are often less on a fully validated control system because of the documentation traceability that proper  procurement and installation of seldom used or uncommon control devices and systems, including embedded automation in pack  PLC or DCS: J. La Fauci 27
     Url https://www.sciencedirect.com/science/article/pii/S0019057897000050


     Search term "Automation"+"PLC"+OR+"FPGA"+"Traceability"
     Title Processing and packaging automation systems: a review
     Author ['NP Mahalik']
     Venue Sensing and Instrumentation for Food Quality and …
     Year 2009
     Abstract properties, (iv) sensing and signaling microbiological and biochemical changes, (v) traceability and monitoring  Discrete electronics: Used for low level automation, not a reliable solution, scalability  PLC-based: Not optimized and programming technique is not easy as claimed
     Url https://link.springer.com/article/10.1007/s11694-009-9076-2


     Search term "Automation"+"PLC"+OR+"FPGA"+"Traceability"
     Title MODEL BASED TESTING OF PLC FACTORY AUTOMATION SOFTWARE
     Author ['A Kuusik', 'J Vain']
     Venue NA
     Year NA
     Abstract Page 4. 4 Abstract This thesis describes author's developments and engineering activities in the field of model based testing of PLC-based automation systems. The work describes limitations of PLC operation, its software debugging complexity and time consumption, which led
     Url https://digikogu.taltech.ee/et/Download/c9f7dd5f-3ed5-4645-96b6-9141ed4d7665/MudeliphinePLCTstustarkvaraTestimine.pdf


     Search term "Automation"+"PLC"+OR+"FPGA"+"Traceability"
     Title Design of signal control structures using formal methods for railway interlocking systems
     Author ['O Eriş', 'I Mutlu']
     Venue … International Conference on Control Automation …
     Year 2010
     Abstract In this case, acquisition of state transition matrices allows for a better traceability of the Petri Nets based method  59-62 [7] S. Kurtulan, Industrial Automation With PLC, 6th ed. Birsen: Istanbul, 2010, pp.420–430 (In Turkish)
     Url https://ieeexplore.ieee.org/abstract/document/5707824/


     Search term "Automation"+"PLC"+OR+"FPGA"+"Traceability"
     Title Towards industrial internet of things: Crankshaft monitoring, traceability and tracking using RFID
     Author ['DMS Velandia', 'N Kaur', 'WG Whittow']
     Venue Robotics and Computer …
     Year 2016
     Abstract the data collected by the RFID reader and a service application is developed to provide tracking and traceability information to  of RFID systems requires industrially accepted both hardware and software architectures to support interfaces to typically PLC-controlled machinery
     Url https://www.sciencedirect.com/science/article/pii/S0736584516300576


     Search term "Automation"+"PLC"+OR+"FPGA"+"Traceability"
     Title Flexible manufacturing cell SCADA system for educational purposes
     Author ['S Reynard', 'O Gomis‐Bellmunt']
     Venue Computer …
     Year 2008
     Abstract in a flexible manufacturing cell for educational purposes in different automation engineering fields  When dealing with industrial communications or PLC program- ming the SCADA is employed as  includes the video streaming of an IP camera, and features traceability and report
     Url https://onlinelibrary.wiley.com/doi/abs/10.1002/cae.20115


     Search term "Automation"+"PLC"+OR+"FPGA"+"Traceability"
     Title Towards an autonomous industry 4.0 warehouse: A UAV and blockchain-based system for inventory and traceability applications in big data-driven supply chain …
     Author ['TM Fernández-Caramés', 'O Blanco-Novoa']
     Venue Sensors
     Year 2019
     Abstract UAVs have already been used for traceability and inventory management applications  Researchers from MIT have also conceived a similar theoretical system where multiple UAVs carry RFID readers to aid inventory automation in a warehouse [62]
     Url https://www.mdpi.com/1424-8220/19/10/2394


     Search term "Automation"+"PLC"+OR+"FPGA"+"Traceability"
     Title Traceability in a modeling environment
     Author ['X Lin', 'A Pillarisetti', 'WJ Aldrich', 'K Tuschner']
     Venue US Patent 8,104,017
     Year 2012
     Abstract US8104017B2 - Traceability in a modeling environment - Google Patents. Traceability in a modeling environment. Download PDF Info. Publication number US8104017B2. US8104017B2 US11/605,747 US60574706A US8104017B2
     Url https://patents.google.com/patent/US8104017B2/en


     Search term "Automation"+"PLC"+OR+"FPGA"+"Traceability"
     Title ASIC/FPGA Trust Assessment Framework
     Author ['M Berg']
     Venue NA
     Year 2018
     Abstract Review Process Threat Matrix 6 V&V: Verification and Validation EDA: Electronic design automation Page 7  comments TAGn2 Traceability!!!! 7 Page 8  Example: FPGA Security Features Subsection 3 FPGA Security Features Comments Guidelines/Re quirements Link Risk
     Url https://ntrs.nasa.gov/search.jsp?R=20180001254


     Search term "Automation"+"PLC"+OR+"FPGA"+"Traceability"
     Title TF4SM: a framework for developing traceability solutions in small manufacturing companies
     Author ['B Bordel Sánchez', 'R Alcarria', 'D Martín', 'T Robles']
     Venue Sensors
     Year 2015
     Abstract Automated Industrial Processes and Traceability Systems: State of the Art  International Electrotechnical Commission (IEC) [23] distinguish various kinds of automation products for  power AC drivers, human machine interfaces (HMIs) and programmable logic controllers (PLC)
     Url https://www.mdpi.com/1424-8220/15/11/29478


     Search term "Automation"+"PLC"+OR+"FPGA"+"Traceability"
     Title Handbook of FPGA design security
     Author ['T Huffmire', 'C Irvine', 'TD Nguyen', 'T Levin', 'R Kastner']
     Venue NA
     Year 2010
     Abstract Preface The purpose of this book is to provide a practical approach to managing security in FPGA designs for researchers and practitioners in the electronic design automation (EDA) and FPGA communities, including corporations, industrial and government research labs, and
     Url https://books.google.com/books?hl=fr&lr=&id=SeRsT62Qtd0C&oi=fnd&pg=PR7&dq=%22Automation%22+%22PLC%22+OR+%22FPGA%22+%22Traceability%22&ots=cjpT4wnAaD&sig=AB5wj5Gv24LeqGQs5bdbfYg1Cg0


     Search term "Automation"+"PLC"+OR+"FPGA"+"Traceability"
     Title The design of control system of auxiliary machine tool based on PLC
     Author ['L Wenqian']
     Venue Automobile Technology
     Year 2012
     Abstract The design of control system of auxiliary machine tool based on PLC. LI Shuangyi GAO Dongdong LU Wenqian (Dalian Zhiyun Automation Co.Ltd.,Dalian Liaoning 116011). The  and production process of workpiece processing marking data storage,realizing traceability of it
     Url http://en.cnki.com.cn/Article_en/CJFDTotal-SXQC201205047.htm


     Search term "Automation"+"PLC"+OR+"FPGA"+"Traceability"
     Title Design of Control System of a Coin-Wrapping Machine Based on PLC
     Author ['S KANG', 'X JING', 'D WEI']
     Venue Machinery Design & Manufacture
     Year 2013
     Abstract Center,Chengdu University;Design and Research Institute of AVIC Shanxi Aircraft Group;;The Research and Design of Pork Traceability Chip Label  1, Lin Min;Application of PLC S7-200 in Sacking Cement Weighing Metering System[J];Electrical Automation;2002-02
     Url http://en.cnki.com.cn/Article_en/CJFDTotal-JSYZ201305051.htm


     Search term "Automation"+"PLC"+OR+"FPGA"+"Traceability"
     Title Standard function blocks for product oriented programmed process data access
     Author ['JG Campos']
     Venue … in Sustainable and Competitive Manufacturing Systems
     Year 2013
     Abstract proposal follows the model of a successful experience in motion control automation industry: the IEC  for data access and recording would be inserted in standard IEC PLC programs to  scenario describing how they may interact with existing and news traceability nc_functions for
     Url https://link.springer.com/chapter/10.1007/978-3-319-00557-7_47


     Search term "Automation"+"PLC"+OR+"FPGA"+"Traceability"
     Title The design of a factory aquiculture monitor system based on PLC [J]
     Author ['MA Cong-guo', 'NI Wei']
     Venue Industrial Instrumentation & Automation
     Year 2005
     Abstract Overall monitoring of pork industrialization production and development of traceability system[J  on two problems of RS-485 communication[J];Electrical Drive Automation;2003-03  Fangwei Wu Zhangwei Zhang Wengang Qin Tong;Application of PLC Redundancy Technology
     Url http://en.cnki.com.cn/Article_en/CJFDTotal-GYZD200502017.htm


     Search term "Automation"+"PLC"+OR+"FPGA"+"Traceability"
     Title Methodology for Internal Traceability Support in Foundry Manufacturing
     Author ['RS Wadhwa']
     Venue IFIP International Conference on Advances in …
     Year 2013
     Abstract The manufacturing automation installation consists of the fol- lowing modules: (1) the vision module, (2) the  of the part/fixture is transferred to the robot via the PLC, which then  3 The entity-relationship (ER) technique was used to develop the internal traceability database model
     Url https://link.springer.com/chapter/10.1007/978-3-642-41266-0_23


     Search term "Automation"+"PLC"+OR+"FPGA"+"Traceability"
     Title Enabling traceability reuse for impact analyses: A feasibility study in a safety context
     Author ['M Borg', 'OCZ Gotel', 'K Wnuk']
     Venue … Traceability in Emerging Forms of …
     Year 2013
     Abstract IMS), from within a company in the power and automation domain, containing  In the case company, the forward traceability is only maintained for development  functional tests, sequence tests, environ- mental/electromagnetic compatibility tests, FPGA (Field- Programmable Gate
     Url https://ieeexplore.ieee.org/abstract/document/6620158/


     Search term "Automation"+"PLC"+OR+"FPGA"+"Traceability"
     Title Elval pilot aluminium casting traceability supported by CIMOSA
     Author ['T Arabatzis', 'D Papaioannou', 'M Didic']
     Venue Computers in industry
     Year 1995
     Abstract and VOICE II projects, Elval tried to solve a more or less typical traceability problem by  Although all major industrial automation system manufacturers do provide OSA products, they give in most cases  MMS, FMS, RDA in order to integrate even a #small system of a PLC and a
     Url https://www.sciencedirect.com/science/article/pii/0166361595000406


     Search term "Automation"+"PLC"+OR+"FPGA"+"Traceability"
     Title AUTOMATION SYSTEM DESIGN FOR FAULT DETECTION IN STREET LIGHTING
     Author ['A Murat', 'K Erhan', 'IM Kundakci']
     Venue The Eurasia Proceedings …
     Year 2017
     Abstract Substantial properties such as decision making, action taking and traceability for industrial applications are achieved with usage of information technology  Keywords: Street lighting systems, industrial automation, industry 4.0, plc. Introduction
     Url https://dergipark.org.tr/en/pub/epstem/issue/31865/364353


     Search term "Automation"+"PLC"+OR+"FPGA"+"Traceability"
     Title Engineering and technological outlook on traceability of agricultural production and products
     Author ['LU Opara']
     Venue Agricultural Engineering International: CIGR Journal
     Year 2002
     Abstract agricultural and biosystem engineers can lead the evolution of this new science and technology of agrichain traceability as part of an enlarged vision of mechanization and automation of agricultural  Taylor & Francis Group, plc, 664 pp  Enforcing traceability in software
     Url http://cigrjournal.org/index.php/Ejounral/article/download/348/342


     Search term "Automation"+"PLC"+OR+"FPGA"+"Traceability"
     Title Family model mining for function block diagrams in automation software
     Author ['S Holthusen', 'D Wille', 'C Legat', 'S Beddig']
     Venue Proceedings of the 18th …
     Year 2014
     Abstract Traceability across the elements is enabled, and it is made explicit for developers which implementation artifacts belong to which products  [3] F. Basile, P. Chiacchio, and D. Gerbasio. On the implementation of industrial automation systems based on plc
     Url https://dl.acm.org/doi/abs/10.1145/2647908.2655965


     Search term "Automation"+"PLC"+OR+"FPGA"+"Traceability"
     Title Traceability of on-machine tool measurement: a review
     Author ['U Mutilba', 'E Gomez-Acedo', 'G Kortaberria', 'A Olarra']
     Venue Sensors
     Year 2017
     Abstract Sensors 2017, 17(7), 1605; https://doi.org/10.3390/s17071605. Review. Traceability of On  However, the traceability of the measurement process on a machine tool is not ensured yet and measurement data is still not fully reliable enough for process control or product validation
     Url https://www.mdpi.com/1424-8220/17/7/1605


     Search term "Automation"+"PLC"+OR+"FPGA"+"Traceability"
     Title System to realize traceability
     Author ['Y Taniguchi', 'Y Kobayashi']
     Venue … and Factory Automation
     Year 2005
     Abstract These places are connected with arcs to the begin of scan synch transitions in such a way that the transition will only fire if both the PLC and the module are in RUN  SixnetIO is a company based in the United States that manufactures hardware for use by the automation industry
     Url https://ieeexplore.ieee.org/abstract/document/1612658/


     Search term "Automation"+"PLC"+OR+"FPGA"+"Traceability"
     Title Configuration of PLC software for automated warehouses based on reusable components-an industrial case study
     Author ['J Fischer', 'B Vogel-Heuser']
     Venue … & Factory Automation  …
     Year 2015
     Abstract there are various approaches in order to improve the structure and traceability of planned  various approaches have developed to design modular IEC 61131-3-based PLC software. One of the most recent approaches to support reuse in automation technology was proposed by
     Url https://ieeexplore.ieee.org/abstract/document/7301414/

