Showing papers for search query "Automation"+"Hardware+simulation"

     Search term "Automation"+"Hardware+simulation"
     Title System level hardware simulator and its automation
     Author ['NL Gehlot']
     Venue US Patent 6,353,806
     Year 2002
     Abstract time delays. Description. FIELD OF THE INVENTION The invention relates generally to hardware simulation and more specifically to the automation of hardware simulation using symbolic models. BACKGROUND System development
     Url https://patents.google.com/patent/US6353806B1/en


     Search term "Automation"+"Hardware+simulation"
     Title An architecture and model for cognitive engineering simulation analysis-Application to advanced aviation automation
     Author ['K Corker', 'B Smith']
     Venue 9th Computing in Aerospace Conference
     Year 1993
     Abstract It is also intended to identify and model human/automation interactions with flexible representations of human-machine function  The time- consuming and expensive process of hardware simulation development results in the technology of system development that does
     Url https://arc.aiaa.org/doi/pdf/10.2514/6.1993-4660


     Search term "Automation"+"Hardware+simulation"
     Title Simulation-based interface testing automation system and method for robot software components
     Author ['HS Park', 'JS Kang', 'HS Choi', 'SW Meng']
     Venue US Patent …
     Year 2013
     Abstract US8601436B2 - Simulation-based interface testing automation system and method for robot software components - Google Patents. Simulation-based interface testing automation system and method for robot software components. Download PDF Info
     Url https://patents.google.com/patent/US8601436B2/en


     Search term "Automation"+"Hardware+simulation"
     Title Methodology for & results from the use of a hardware logic simulation engine for fault simulation
     Author ['LT Smith', 'RR Rezac']
     Venue Proceedings of the 1984 international test …
     Year 1984
     Abstract Modules". 20th Design Automation Conference. 1983, pp 201-213. Google Scholar Google Scholar Cross Ref Cross Ref; Rezac. R. and Turner Smith. L. "Methodology for and Results from the use of a Hardware Simulation Engine"
     Url https://dl.acm.org/doi/abs/10.5555/1949367.1949417


     Search term "Automation"+"Hardware+simulation"
     Title Model-based design automation of hardware/software co-designs for Xilinx Zynq PSoCs
     Author ['FJ Streit', 'M Letras', 'S Wildermann']
     Venue 2018 International …
     Year 2018
     Abstract Model-Based Design Automation of Hard  Abstract—Shorter design cycles in FPGA-based Programmable System-on-Chips (PSoCs) development require a higher level of design automation, which has led to a wide acceptance of model driven engineering
     Url https://ieeexplore.ieee.org/abstract/document/8641736/


     Search term "Automation"+"Hardware+simulation"
     Title Hardware/Software co-simulation strategies for the future
     Author ['B Bailey', 'R Klein', 'S Leef']
     Venue Mentor Graphics Co., http://www. mentor …
     Year 2000
     Abstract At the present time, there are very few automation available in this area, but is the subject of considerable research work being carried  Design Complexity Renders Current Techniques Impractical Hardware simulation has been reasonably addressed by the tools available today
     Url http://newit.gsu.by/resources/Articles/Mentor/cosim_strategies.pdf


     Search term "Automation"+"Hardware+simulation"
     Title Different types of hardware-in-the-loop simulation for electric drives
     Author ['A Bouscayrol']
     Venue 2008 IEEE International Symposium on …
     Year 2008
     Abstract [6] CA Rabbath, M. Abdoune, J. Belanger, K. Butts, “Simulating hybrid dynamic systems”, IEEE Robotics & Automation Magazine, Vol  Machine Drives”, IEEE-PESC'07, Orlando, Florida, June 2007 [23] GG Parma, V. Dinavahi, “Real-Time Digital Hardware Simulation of Power
     Url https://ieeexplore.ieee.org/abstract/document/4677304/


     Search term "Automation"+"Hardware+simulation"
     Title Multi-uav system for inventory automation
     Author ['JH Ong', 'A Sanchez', 'J Williams']
     Venue 2007 1st Annual RFID Eurasia
     Year 2007
     Abstract discusses the high-level design considerations of a multi- UAV system to aid inventory-automation. II. PREVIOUS WORK Previous work in the field of autonomous flight control, artificial intelligence, self-localization, machine learning, and RFID hardware simulation has made the
     Url https://ieeexplore.ieee.org/abstract/document/4368142/


     Search term "Automation"+"Hardware+simulation"
     Title VLSI design automation: An introduction
     Author ['M Feuer']
     Venue Proceedings of the IEEE
     Year 1983
     Abstract A potential solution is the hardware simulation engine-a large array of processors and memories tied together with a high-speed communications switching network  Design automation can only play a supporting role in the Page 5. FEUER: DESIGN AUTOMATION 9
     Url https://ieeexplore.ieee.org/abstract/document/1456791/


     Search term "Automation"+"Hardware+simulation"
     Title System and method for simulation of computer systems combining hardware and software interaction
     Author ['GJ Bunza']
     Venue US Patent 5,838,948
     Year 1998
     Abstract Google has not performed a legal analysis and makes no representation or warranty as to the accuracy of the list.) Applied Microsystems Corp Original Assignee Eagle Design Automation Inc Priority date (The priority date is an assumption and is not a legal conclusion
     Url https://patents.google.com/patent/US5838948A/en


     Search term "Automation"+"Hardware+simulation"
     Title Parallelizing SystemC kernel for fast hardware simulation on SMP machines
     Author ['P Ezudheen', 'P Chandran', 'J Chandra']
     Venue 2009 ACM/IEEE …
     Year 2009
     Abstract Figure 9. Speedup for Graphics Hardware Simulation [10] DG Perez, G. Mouchard, and O. Temam. A New Opti- mized Implementation of the SystemC Engine using Acyclic Scheduling. In Proceedings of the Conference on Design, Automation and Test in Europe, pages 552
     Url https://ieeexplore.ieee.org/abstract/document/5158322/


     Search term "Automation"+"Hardware+simulation"
     Title Object oriented VLSI design automation for pulse coded neural networks
     Author ['P Hylander', 'J Meador']
     Venue Proceedings of 1994 IEEE International …
     Year 1994
     Abstract to verify pulse coded neural network implementations of significant complexity prior to fabrication using conventional design automation tools  we introduce SPINACH, an objected oriented solution to the problems of pulse-coded neural network hardware simulation and synthesis
     Url https://ieeexplore.ieee.org/abstract/document/374435/


     Search term "Automation"+"Hardware+simulation"
     Title Petri nets as a common tool for design verification and hardware simulation
     Author ['P Azema', 'R Valette', 'M Diaz']
     Venue … of the 13th Design Automation Conference
     Year 1976
     Abstract An APL simulation is developped in the case of parallel systems which communicate with the environment, verification at the functional level ; the second one is orfented towards hardware simulation. This method using interpreted PETRI nets, helps the de- sign verification
     Url https://dl.acm.org/doi/pdf/10.1145/800146.804803


     Search term "Automation"+"Hardware+simulation"
     Title A multipurpose process simulator for automation engineering laboratory
     Author ['JC Palma', 'L Lacerda', 'J Antunes']
     Venue ISIE'97 Proceeding of …
     Year 1997
     Abstract and testing techniques should be mastered properly by engineering students, before they proceed to more advanced automation domains  As it is generally impossible to have laboratory facilities with full size real processes, hardware simulation panels are often used to meet
     Url https://ieeexplore.ieee.org/abstract/document/648848/


     Search term "Automation"+"Hardware+simulation"
     Title Hardware Simulation of Home Automation Using Pattern Matching and Reinforcement Learning for Disabled People.
     Author ['MBI Reaz', 'A Assim', 'MI Ibrahimy', 'F Choong']
     Venue IC-AI
     Year 2008
     Abstract Future Smart-Home device usage prediction is a very important module in artificial intelligence. The technique involves analyzing the user performed actions history and apply mathematical methods to predict the most feasible next user action. Unfortunately most of
     Url https://www.researchgate.net/profile/Muhammad_Ibrahimy/publication/220835258_Hardware_Simulation_of_Home_Automation_Using_Pattern_Matching_and_Reinforcement_Learning_for_Disabled_People/links/5400de870cf23d9765a48b18/Hardware-Simulation-of-Home-Automation-Using-Pattern-Matching-and-Reinforcement-Learning-for-Disabled-People.pdf


     Search term "Automation"+"Hardware+simulation"
     Title Investigating the robustness of re-scheduling policies with multi-agent system simulation
     Author ['M Merdan', 'T Moser', 'P Vrba', 'S Biffl']
     Venue The International Journal of Advanced …
     Year 2011
     Abstract for the software simulation as well as for the simulation using real miniature hardware (such as in the Odo Struger Lab at the Automation Control Institute at the Vienna University of Technology), allowing direct comparisons between software and miniature hardware simulation
     Url https://link.springer.com/article/10.1007/s00170-010-3049-9?null


     Search term "Automation"+"Hardware+simulation"
     Title Hardware simulation and design verification system and method
     Author ['WC Steinmetz Jr']
     Venue US Patent 5,600,579
     Year 1997
     Abstract US5600579A - Hardware simulation and design verification system and method - Google Patents. Hardware simulation and design verification system and method. Download PDF Info. Publication number US5600579A. US5600579A
     Url https://patents.google.com/patent/US5600579A/en


     Search term "Automation"+"Hardware+simulation"
     Title Hardware-software co-design and ESDA
     Author ['K Keutzer']
     Venue Proceedings of the 31st annual Design Automation …
     Year 1994
     Abstract 1 31ST ACM/IEEE Design Automation Conference 簧 Permission to copy without fee all or part of this material is granted  To accomplish this new inter- faces need to be created between software development environments and existing hardware simulation environ- ments
     Url https://dl.acm.org/doi/pdf/10.1145/196244.196454


     Search term "Automation"+"Hardware+simulation"
     Title Dynamic modeling and simulation of leukocyte integrin activation through an electronic design automation framework
     Author ['N Bombieri', 'R Distefano', 'G Scardoni', 'F Fummi']
     Venue … Methods in Systems …
     Year 2014
     Abstract Ezudheen, P., Chandran, P., Chandra, J., Simon, BP, Ravi, D.: Parallelizing SystemC kernel for fast hardware simulation on SMP machines. In: Proc  In: Proceedings of the 2010 Asia and South Pacific Design Automation Conference, ASPDAC 2010, pp. 149–154 (2010) 23
     Url https://link.springer.com/chapter/10.1007/978-3-319-12982-2_11


     Search term "Automation"+"Hardware+simulation"
     Title Study on simulation and testing of FLISR
     Author ['L Jinsong', 'L Dong', 'L Wangshui']
     Venue CICED 2010 …
     Year 2010
     Abstract Currently, this system can implement multiple simulations of a distribution automation system, displaying the normal operation mode, fault operation mode  The simulation testing technologies can be divided into hardware simulation, software simulation and hybrid simulation
     Url https://ieeexplore.ieee.org/abstract/document/5736124/


     Search term "Automation"+"Hardware+simulation"
     Title System and method for control and simulation
     Author ['JA Tenney', 'WM Ruark', 'GJ Orelind']
     Venue US Patent 6,944,584
     Year 2005
     Abstract Existing robotic hardware simulation systems require users to write a robotic simulation program in a proprietary programming language that is  robotic systems only provide minimal provisions for external communications and operate as self-contained “islands of automation”
     Url https://patents.google.com/patent/US6944584B1/en


     Search term "Automation"+"Hardware+simulation"
     Title Method and system for generating electronic hardware simulation models
     Author ['DA Fura']
     Venue US Patent 5,953,519
     Year 1999
     Abstract US5953519A - Method and system for generating electronic hardware simulation models - Google Patents. Method and system for generating electronic hardware simulation models. Download PDF Info. Publication number US5953519A
     Url https://patents.google.com/patent/US5953519A/en


     Search term "Automation"+"Hardware+simulation"
     Title DESIGN METHOD OF REAL-TIME SIMULATION SYSTEM BASED ON RTX PLATFORM [J]
     Author ['HJSXX Shunhu']
     Venue Computer Applications and Software
     Year 2009
     Abstract In some simulative applications,there are uncertainties in quite a few half-hardware simulation experiments caused by poor real-time  5, YAO Jianyong JIAO Zongxia WU Shuai SHANG Yaoxing (School of Automation Science and Electrical Engineering, Beijing University of
     Url http://en.cnki.com.cn/Article_en/CJFDTotal-JYRJ200904055.htm


     Search term "Automation"+"Hardware+simulation"
     Title Embedded simulation for automation of material manipulators in a PVD coating process
     Author ['G Rath', 'JM Lackner']
     Venue Proceedings of the 2012 …
     Year 2012
     Abstract EMBEDDED SIMULATION FOR AUTOMATION OF MATERIAL MANIPULATORS IN A PVD COATING PROCESS Gerhard Rath University of Leoben Peter-Tunner-Str. 27 A-8700 Leoben, AUSTRIA Jürgen M. Lackner  1.2 Simulation in Manufacturing Automation
     Url https://ieeexplore.ieee.org/abstract/document/6465050/


     Search term "Automation"+"Hardware+simulation"
     Title Research on component-based model of embedded softwaredevelopment environment with hardware simulation [J]
     Author ['Y GU', 'G XIONG', 'N SANG']
     Venue Systems Engineering and Electronics
     Year 2004
     Abstract It integrates with HSE (hardware simulation environment) in which software can be debugged and tested as it does in real  Hefei 230031,China);Research on Management Method of Regiment Artillery Operational Simulation Model[J];Ordnance Industry Automation;2009-10
     Url http://en.cnki.com.cn/Article_en/CJFDTotal-XTYD200410046.htm


     Search term "Automation"+"Hardware+simulation"
     Title Fast hardware-software co-simulation using VHDL models
     Author ['B Tabbara', 'M Sgroi']
     Venue Design, Automation …
     Year 1999
     Abstract extensive manual intervention to “abstract” the in- terface, by hiding events such as instruction fetches or some memory accesses from the hardware simulation  Synthesis of Software Programs from CFSM Specifications” Proceedings of the Design Automation Conference, June
     Url https://ieeexplore.ieee.org/abstract/document/761139/


     Search term "Automation"+"Hardware+simulation"
     Title Bit accurate hardware simulation in system level simulators
     Author ['P Molson', 'T San']
     Venue US Patent 7,318,014
     Year 2008
     Abstract In one embodiment, a system such as computer system 100 used as an electronic design automation tool that provides a system level simulator with hardware simulation capabilities and, optionally, one or more of a synthesizer, a compiler, and a target device programmer
     Url https://patents.google.com/patent/US7318014B1/en


     Search term "Automation"+"Hardware+simulation"
     Title Smart home with ZigBee hardware simulation and performance evaluation
     Author ['Z Bi']
     Venue … on Mechatronic Sciences, Electric Engineering and …
     Year 2013
     Abstract Hardware simulation and performance evaluation  It is believed that with further optimization, we can make the intelligent automation system suit for mass production, apply it to large public places for large energy-consuming applications and bring environmental benefits
     Url https://ieeexplore.ieee.org/abstract/document/6885403/


     Search term "Automation"+"Hardware+simulation"
     Title HAL; a block level hardware logic simulator
     Author ['T Sasaki', 'N Koike', 'K Ohmori']
     Venue 20th Design Automation …
     Year 1983
     Abstract Paper 12.1 150 20th Design Automation Conference 0738-100X/83/0000/015051.00 © 1983 IEEE Page 2  High level performance was achieved by 32 parallel processes and pipe-line processor architecture, utilizing a new Block Oriented Hardware Simulation Technique
     Url https://ieeexplore.ieee.org/abstract/document/1585641/


     Search term "Automation"+"Hardware+simulation"
     Title Software development in a hardware simulation environment
     Author ['B Schnaider', 'E Yogev']
     Venue 33rd Design Automation Conference …
     Year 1996
     Abstract Concurrent verification of hardware and software as part of the development process can shorten the time to market of complex systems. The objectives of the Virtual CPU approach is to provide a solution for code development in a simulation environment before the system
     Url https://ieeexplore.ieee.org/abstract/document/545661/


     Search term "Automation"+"Hardware+simulation"
     Title Incremental development of production units using HW/SW-encapsulation and simulation supported by a complete toolset
     Author ['U Schmidtmann', 'G von Cölln', 'G Kreutz']
     Venue … Factory Automation
     Year 2005
     Abstract Since 3D-information is provided and available via the framework, software for automation units can be implemented and tested in  Connecting 3D simulations based on VRML exports with the I/O-Hardware simulation establishes a powerful environment which enables software
     Url https://ieeexplore.ieee.org/abstract/document/1612579/


     Search term "Automation"+"Hardware+simulation"
     Title A framework to simulate and support the design of distributed automation and decentralized control systems: application to control of indoor building comfort
     Author ['JP Jamont', 'E Mendes', 'M Occello']
     Venue … in Control and Automation  …
     Year 2011
     Abstract For example, in the context of home automation, simulators coming from the distributed intelligence field focus on software problems like: • interaction  on the figure 2. It allows to simulate the MAS in three different ways: the software simulation, the hardware simulation and the hw
     Url https://ieeexplore.ieee.org/abstract/document/5945762/


     Search term "Automation"+"Hardware+simulation"
     Title A simulation environment for hardware-software codesign
     Author ['SL Coumeri', 'D Thomas']
     Venue Proceedings of ICCD'95 International …
     Year 1995
     Abstract The hardware simulation and software program are treated as two separate Unix processes communicating through BSD sockets  “An Engineering Environment for Hardware/software CoSimulation.” 29th ACMIIEEE Design Automation Cotference Proceedings, 1992, pp
     Url https://ieeexplore.ieee.org/abstract/document/528791/


     Search term "Automation"+"Hardware+simulation"
     Title Performance software instrumentation and analysis for electronic design automation
     Author ['K Srinivasan', 'CC Chou', 'D Wingard']
     Venue US Patent 8,229,723
     Year 2012
     Abstract US8229723B2 - Performance software instrumentation and analysis for electronic design automation - Google Patents. Performance software instrumentation and analysis for electronic design automation. Download PDF Info
     Url https://patents.google.com/patent/US8229723B2/en


     Search term "Automation"+"Hardware+simulation"
     Title Improvements in electronic hardware design productivity through design automation and the use of simulation
     Author ['WA Hanna']
     Venue Proceedings of the IEEE National Aerospace and …
     Year 1989
     Abstract These tools are not here yet. V. RESULTS AND CONCLUSIONS ACKNOWLEDGMENTS In this paper we presented a quick overview of electronic hardware simulation and design automation tools and an approach to electronic hardware design to achieve first pass success
     Url https://ieeexplore.ieee.org/abstract/document/40184/


     Search term "Automation"+"Hardware+simulation"
     Title Dynamic power and performance back-annotation for fast and accurate functional hardware simulation
     Author ['D Lee', 'LK John', 'A Gerstlauer']
     Venue … Design, Automation & Test in …
     Year 2015
     Abstract Virtual platform prototypes are widely used for early design space exploration at the system level. There is, however, a lack of accurate and fast power and performance models of hardware components at such high levels of abstraction. In this paper, we present an
     Url https://ieeexplore.ieee.org/abstract/document/7092557/


     Search term "Automation"+"Hardware+simulation"
     Title Electronic simulation and emulation system
     Author ['N Bhandari', 'DR Watkins']
     Venue US Patent 5,663,900
     Year 1997
     Abstract A conventional workstation 5 such as Sun Microsystems Sparc workstation contains (electronic design automation) EDA system 10 to provide a simulation  The electronic verification system of claim 1 wherein the simulation module is coupled to a hardware simulation accelerator
     Url https://patents.google.com/patent/US5663900A/en


     Search term "Automation"+"Hardware+simulation"
     Title Adaptable operator-automation interface for future unmanned aerial systems control: Development of a highly flexible delegation concept demonstration
     Author ['C Miller', 'J Hamell', 'H Ruff', 'T Barry', 'M Draper']
     Venue Infotech@ Aerospace …
     Year 2012
     Abstract While the nature of pilot-automation interactions is more straightforward at the extreme ends of the control spectrum (manual  Below, we provide a detailed description of the demonstration environment, including both hardware, simulation, user interface(s) and scenarios, we
     Url https://arc.aiaa.org/doi/pdf/10.2514/6.2012-2529


     Search term "Automation"+"Hardware+simulation"
     Title HW/SW co-simulation platforms for VLSI design
     Author ['X Ling', 'Z Li', 'J Hu', 'S Wu']
     Venue APCCAS 2008-2008 IEEE Asia …
     Year 2008
     Abstract Hardware/Software co-simulation integrates software simulation and hardware simulation simultaneously  “Hardware/Software Co- Simulation”. Proceedings of the 31st Conference on Design Automation, San Diego, California, USA, June 6-10, 1994
     Url https://ieeexplore.ieee.org/abstract/document/4746089/


     Search term "Automation"+"Hardware+simulation"
     Title A hardware simulation engine based on decision diagrams (short paper)
     Author ['Y Iguchi', 'T Sasao', 'M Matsuura', 'A Iseno']
     Venue … Pacific Design Automation …
     Year 2000
     Abstract {A hardware logic simulation engine based on decision diagrams is presented. For the data structure of the engine, we propose PMDDs (Paged reduced ordered Multi-valued Decision Diagrams). A unit of this engine consists of memory (RAMs) and con trol circuits
     Url https://dl.acm.org/doi/pdf/10.1145/368434.368525


     Search term "Automation"+"Hardware+simulation"
     Title A transaction-based unified simulation/emulation architecture for functional verification
     Author ['M Kudlugi', 'S Hassoun', 'C Selvidge']
     Venue … annual Design Automation …
     Year 2001
     Abstract In Proc. of the ACM/IEEE Design Automation Conference (DAC), 1996. 11] B. Schnaider and E. Yogev. \Software Development in a Hardware Simulation Environment". In Proc. of the ACM/IEEE Design Automation Conference (DAC), 1996. 12] R. Stevens
     Url https://dl.acm.org/doi/abs/10.1145/378239.379036


     Search term "Automation"+"Hardware+simulation"
     Title Hardware simulation of pattern matching and reinforcement learning to predict the user next action of smart home device usage
     Author ['M Marufuzzaman', 'MBI Reaz']
     Venue World Applied Sciences Journal
     Year 2013
     Abstract 1302 Hardware Simulation of Pattern Matching and Reinforcement Learning to Predict the User next Action of Smart Home Device Usage Mohd  perform the task of smart-home devices automation. At each time t, the agent receives an observation o, which
     Url http://citeseerx.ist.psu.edu/viewdoc/download?doi=10.1.1.388.7101&rep=rep1&type=pdf


     Search term "Automation"+"Hardware+simulation"
     Title Selectively reducing the number of cell evaluations in a hardware simulation
     Author ['SS Greenberg', 'DV Nguyen', 'J Rodriguez']
     Venue US Patent 7,181,706
     Year 2007
     Abstract Disclosed below are representative embodiments of methods for performing hardware simulation  Such software can comprise, for example, an electronic-design-automation (EDA) software tool used, for instance, for logical or physical synthesis
     Url https://patents.google.com/patent/US7181706B2/en


     Search term "Automation"+"Hardware+simulation"
     Title Object-oriented development framework for distributed hardware simulation
     Author ['GA Dearth', 'BH Ih']
     Venue US Patent 5,848,236
     Year 1998
     Abstract US5848236A - Object-oriented development framework for distributed hardware simulation - Google Patents. Object-oriented development framework for distributed hardware simulation. Download PDF Info. Publication number
     Url https://patents.google.com/patent/US5848236A/en


     Search term "Automation"+"Hardware+simulation"
     Title A Real-time Hardware-in-the-loop Simulator of APF [J]
     Author ['J ZHI', 'W LIU', 'Q SONG', 'Y JIN']
     Venue Automation of Electric Power Systems
     Year 2008
     Abstract in the designing and testing of high capacity electric equipment.In this paper,a method of hardware simulation based on  of British Columbia,Vancouver,Canada);Progresses on Algorithm of Electromagnetic Transient Simulation for Electric Power System[J];Automation of Electric
     Url http://en.cnki.com.cn/Article_en/CJFDTotal-DLXT200823005.htm


     Search term "Automation"+"Hardware+simulation"
     Title Applying distributed simulation techniques to hardware emulation
     Author ['C Cavanagh', 'SA Sivier']
     Venue US Patent 7,480,609
     Year 2009
     Abstract Cited By (27). * Cited by examiner, † Cited by third party. Publication number, Priority date, Publication date, Assignee, Title. US20060167667A1 (en) *, 2005-01-27, 2006-07-27, Rockwell Automation Technologies, Inc. Agent simulation development environment
     Url https://patents.google.com/patent/US7480609B1/en


     Search term "Automation"+"Hardware+simulation"
     Title Interactive design language: A unified approach to hardware simulation, synthesis and documentation
     Author ['LI Maissel', 'DL Ostapko']
     Venue 19th Design Automation Conference
     Year 1982
     Abstract IDL is a hardware design language in use in the VLSI environment. It incorporates a significant number of high-level features such as groups, subroutines, and labels and is particularly well adapted to dealing with parallelism at the hardware level. In addition to
     Url https://ieeexplore.ieee.org/abstract/document/1585500/


     Search term "Automation"+"Hardware+simulation"
     Title Virtual bus for distributed hardware simulation
     Author ['GA Dearth', 'PM Whittemore']
     Venue US Patent 5,881,267
     Year 1999
     Abstract US5881267A - Virtual bus for distributed hardware simulation - Google Patents. Virtual bus for distributed hardware simulation. Download PDF Info  08/621,777 for "Deadlock Avoidance Mechanism for Virtual Bus Distributed Hardware Simulation" by Glenn A. Dearth filed on Mar
     Url https://patents.google.com/patent/US5881267A/en


     Search term "Automation"+"Hardware+simulation"
     Title DyRT: dynamic response textures for real time deformation simulation with graphics hardware
     Author ['DL James', 'DK Pai']
     Venue Proceedings of the 29th annual conference on …
     Year 2002
     Abstract handling for physically-based dynamic [19, 28] and also static [11, 10] deformable models, we are primarily interested in their amenability to graphics hardware simulation [14]  In ICRA2001: IEEE Interna- tional Conference on Robotics and Automation, Seoul Korea, May 2001
     Url https://dl.acm.org/doi/abs/10.1145/566570.566621


     Search term "Automation"+"Hardware+simulation"
     Title Technologies for hardware simulation and verification
     Author ['V Hahanov', 'A Hahanova', 'V Obrizan']
     Venue … on" Modern Problems …
     Year 2008
     Abstract verification and simulation technologies reflect modern tendencies in Electronic Design Automation Field and they are oriented on essential decrease time-to market. It is necessary to use boundary scan technologies and standards for hardware simulation and verification of
     Url https://ieeexplore.ieee.org/abstract/document/5423439/

