Showing papers for search query "Automation"+"Medical"+"PLC"+OR+"FPGA"

     Search term "Automation"+"Medical"+"PLC"+OR+"FPGA"
     Title FPGA-based bio-cybernetic system for lab-on-a-chip automation
     Author ['I Kevin', 'K Wang', 'J Yeh', 'Z Salcic', 'J Akagi']
     Venue … on Mechatronics and …
     Year 2012
     Abstract High throughput automation solutions which enable the experiments and data collection to be performed  more commonly seen in point-of-care diagnostic devices [11] or medical diagnostic devices  devices, the goal of this research is to develop a versatile FPGA-based platform
     Url https://ieeexplore.ieee.org/abstract/document/6484579/


     Search term "Automation"+"Medical"+"PLC"+OR+"FPGA"
     Title Dual protocol stack for maximum speed access to a programmable logic controller (PLC) in a factor automation system
     Author ['AD Papadopoulos', 'A Tanzman', 'RH Naismith']
     Venue US Patent 6,963,922
     Year 2005
     Abstract stack for maximum speed access to a programmable logic controller (PLC) in a  04-14 Application filed by Schneider Automation Inc filed Critical Schneider Automation Inc 2003  adapted for proprietary or special purpose networking environments, eg medical networks, sensor
     Url https://patents.google.com/patent/US6963922B2/en


     Search term "Automation"+"Medical"+"PLC"+OR+"FPGA"
     Title Implementing medical CT algorithms on stand-alone FPGA based systems using an efficient workflow with SysGen and simulink
     Author ['Z Que', 'Y Zhu', 'X Wang', 'J Yu', 'T Huang']
     Venue 2010 10th IEEE …
     Year 2010
     Abstract I. Introduction In embedded computing domain, Field Programmable Gate Array (FPGA) chips have been adopted to accel- erate varieties of applications, eg image processing, information security, medical diagnostics, and electronic design automation (EDA), since it was
     Url https://ieeexplore.ieee.org/abstract/document/5578297/


     Search term "Automation"+"Medical"+"PLC"+OR+"FPGA"
     Title FPGA Based Digital Controllers for BLDC Motors
     Author ['K Giridharan']
     Venue NA
     Year 2013
     Abstract Permanent Magnet Brushless DC (PMBLDC) machines have found immerse applications in automobile, automation, consumer electronics, medical and industrial  Commutation is implemented on FPGA as it provides greater flexibility and higher resources for
     Url http://citeseerx.ist.psu.edu/viewdoc/summary?doi=10.1.1.414.6527


     Search term "Automation"+"Medical"+"PLC"+OR+"FPGA"
     Title Implementation of Low Cost IoT based Home Automation system on Spartan FPGA
     Author ['DPAH Vardhini', 'KMC Babu']
     Venue International journal of recent trends in …
     Year 2017
     Abstract defense, medical, industrial applications on FPGA Which includes Image processing, security, home automation etc  FPGA finds several applications in various fields like Signal processing, Radar applications, Military, Bio medical, Industrial Automation etc
     Url https://www.ijrter.com/published_special_issues/25-12-2017/implementation-of-low-cost-iot-based-home-automation-system-on-spartan-fpga.pdf


     Search term "Automation"+"Medical"+"PLC"+OR+"FPGA"
     Title Data Acquisition System of ERT Based on DSP and FPGA
     Author ['L Zhang', 'H Wang']
     Venue Chinese Journal of Sensors and Actuators
     Year 2011
     Abstract in electrical impedance multi-frequency and parameters tomography system[J];JOURNAL OF THE FOURTH MILITARY MEDICAL UNIVERSITY;2000-07. 5, WANG Hua-xiang,CUI Zi-qiang (School of Automation, Tianjin University,Tianjin 300072 China);FPGA Based Signal
     Url http://en.cnki.com.cn/Article_en/CJFDTotal-CGJS201107015.htm


     Search term "Automation"+"Medical"+"PLC"+OR+"FPGA"
     Title Design and Implementation of an Efficient and Modernised Technique of a Car Automation using Spartan-3 FPGA
     Author ['S Raghupathi', 'S Baskar', 'C PG-Scholar-SNSCT']
     Venue NA
     Year NA
     Abstract [Not Found]
     Url [Not Found]


     Search term "Automation"+"Medical"+"PLC"+OR+"FPGA"
     Title FPGA Based Signal Generator in EIT System [J]
     Author ['H WANG', 'Z CUI']
     Venue Chinese Journal of Electron Devices
     Year 2007
     Abstract Wei Juan He Shijun (Department of Automation,Tianjin University,Tianjin 300072);Medical Electrical Impedance  bin , TAN Chao , DONG Feng (School of Electrical Engineering and Automation, Tianjin University  2, ;FPGA Based Signal Generator in ECT/ERT System[A];[C];2007
     Url http://en.cnki.com.cn/Article_en/CJFDTotal-DZQJ200701022.htm


     Search term "Automation"+"Medical"+"PLC"+OR+"FPGA"
     Title Method and apparatus for combined diagnostic and therapeutic ultrasound system incorporating noninvasive thermometry, ablation control and automation
     Author ['PJ Littrup', 'N Duric', 'E Holsapple III']
     Venue US Patent 8,376,946
     Year 2013
     Abstract Method and apparatus for combined diagnostic and therapeutic ultrasound system incorporating noninvasive thermometry, ablation control and automation  B2 US8376946 B2 US 8376946B2 Authority US United States Prior art keywords tissue medical pathology acoustic
     Url https://patents.google.com/patent/US8376946B2/en


     Search term "Automation"+"Medical"+"PLC"+OR+"FPGA"
     Title Digital mockups for the testing of a medical ventilator
     Author ['B Miller', 'F Vahid', 'T Givargis']
     Venue Proceedings of the 2nd ACM SIGHIT …
     Year 2012
     Abstract to be developed that can be easily configured, cover a broad range of test scenarios, and facilitate automation  We demonstrate the use of a digital mockup to test a medical ventilator device. A lung model is hosted on an FPGA and connected to a ventilator by bypassing the
     Url https://dl.acm.org/doi/abs/10.1145/2110363.2110473


     Search term "Automation"+"Medical"+"PLC"+OR+"FPGA"
     Title Development of PLC simulation experimental platform based on Mitsubishi automation integration technology [J]
     Author ['J Lei', 'Z Yongqing']
     Venue Experimental Technology and Management
     Year 2012
     Abstract ZAN Jia-lu (Chengdu Army Medical College, The Third Army Medical Univ., Chengdu  Inst.of Mechanical Design,Zhejiang Univ.,Hangzhou 310027,China);The PLC Experimentation System  hua, YANG Xiu-shuang, WANG Jun-wang(College of Automation, Nanjing University of
     Url http://en.cnki.com.cn/Article_en/CJFDTotal-SYJL201204031.htm


     Search term "Automation"+"Medical"+"PLC"+OR+"FPGA"
     Title Multiobjective optimization of FPGA-based medical image registration
     Author ['O Dandekar', 'W Plishker']
     Venue … Symposium on Field …
     Year 2008
     Abstract Page 1. Multiobjective Optimization of FPGA-Based Medical Image Registration  The following section provides a formal definition of this problem and the subsequent section describes a framework for multiobjective optimization of FPGA- based medical image registration. 3.1
     Url https://ieeexplore.ieee.org/abstract/document/4724901/


     Search term "Automation"+"Medical"+"PLC"+OR+"FPGA"
     Title Realization of Serial Communication between RFID Reader/Writer and PLC/PC
     Author ['H Wang']
     Venue Control & Automation
     Year 2003
     Abstract and PLC[J];Control & Automation;2007-13. 8, ZHANG Jie~1,XU Gen-lin~2,LENG Gao-liang~1,ZHENG Jing~1(1.College of Optics and Electronics Engineering,University of Shanghai for Science and Technology,Shanghai 200093,China;2.College of Medical Instrument
     Url http://en.cnki.com.cn/Article_en/CJFDTotal-WJSJ200301008.htm


     Search term "Automation"+"Medical"+"PLC"+OR+"FPGA"
     Title Automation of Waste Segregation System using PLC
     Author ['RM Kittali', 'A Sutagundar']
     Venue NA
     Year NA
     Abstract [Not Found]
     Url [Not Found]


     Search term "Automation"+"Medical"+"PLC"+OR+"FPGA"
     Title FPGA-based control system for 6-UPS medical parallel robot
     Author ['D Wu', 'Z Du', 'H Tian', 'Z Jiang']
     Venue … & Automation
     Year 2010
     Abstract In this paper, a high-performance control system based on field programmable gate arrays (FPGAs) for a 6-UPS medical parallel robot is present. The control system utilizes the hardware and software reconfigurable feature of the advanced FPGA device to achieve our
     Url https://ieeexplore.ieee.org/abstract/document/5701268/


     Search term "Automation"+"Medical"+"PLC"+OR+"FPGA"
     Title Springer handbook of automation
     Author ['SY Nof']
     Venue NA
     Year 2009
     Abstract And we are fascinated by automation's marvels: in entertainment, communication, scientific discover- ies; how it is applied to explore space and conquer difficult maladies of society, from medical and pharma- ceutical automation solutions, to energy supply, distant education
     Url https://books.google.com/books?hl=en&lr=&id=2v_91vSCIK0C&oi=fnd&pg=PR1&dq=%22Automation%22+%22Medical%22+%22PLC%22+OR+%22FPGA%22&ots=vP7M4lZjOt&sig=cfrr6zfggifhmToeiE54-qf9ad0


     Search term "Automation"+"Medical"+"PLC"+OR+"FPGA"
     Title The Implementation of Remote Monitoring System by Kingview and PLC [J]
     Author ['YAN Xin']
     Venue Northeast Electric Power Technology
     Year 2007
     Abstract XU Leia,YU Hai-shenga,PAN Song-fenga,WU He-ronga,ZHANG Ningb(a.College of Automation Engineering;b.Subsidiary Hospital of Medical College, Qingdao  University of Technology,Wuhan 4630070)ZHONG Luo XU Bo LIU Chang-jiang;Based on PLC design Distributed
     Url http://en.cnki.com.cn/Article_en/CJFDTotal-JISU200703009.htm


     Search term "Automation"+"Medical"+"PLC"+OR+"FPGA"
     Title Exploration of Teaching Reform on Electrical Control and PLC Technique [J]
     Author ['Y REN', 'G CUI']
     Venue Research and Exploration in Laboratory
     Year 2011
     Abstract China);Computerized Water Flow PLC Monitoring System[J];Ordnance Industry Automation;2008- 10  College,Chengdu 610023);Application of Timing Sequence Diagram in PLC Programming[J  Xin,CHEN Jian-min,YANG Zheng,ZHANG Xiao(Chengdu Medical College
     Url http://en.cnki.com.cn/Article_en/CJFDTotal-SYSY201101034.htm


     Search term "Automation"+"Medical"+"PLC"+OR+"FPGA"
     Title Accelerating fluid registration algorithm on multi-FPGA platforms
     Author ['J Cong', 'M Huang', 'Y Zou']
     Venue 2011 21st International Conference …
     Year 2011
     Abstract In the clinical applications, medical image reg- istrations on the images taken from  presents our implementation of the fluid registration algorithm on a multi-FPGA platform Convey HC  The experience of this case study also identifies further automation steps needed by
     Url https://ieeexplore.ieee.org/abstract/document/6044784/


     Search term "Automation"+"Medical"+"PLC"+OR+"FPGA"
     Title The Design of PLC-based Process Control Systems [J]
     Author ['H WANG', 'J XIE', 'Y ZENG', 'X BAI']
     Venue Techniques of Automation and …
     Year 2004
     Abstract Department, Wuhan University of Technology, Wuhan 430063, China);Application of PLC and Touch Screen in Floating Type Maintenance Gate[J];Automation in Water  Design for Temperature Autocontrol of the Refrigeration Container[J];China Medical Devices;2009-06
     Url http://en.cnki.com.cn/Article_en/CJFDTotal-ZDHJ200407008.htm


     Search term "Automation"+"Medical"+"PLC"+OR+"FPGA"
     Title Automation of bioler using PLC and microcontroller
     Author ['M Abuzar', 'M Shoaib', 'T Saleem']
     Venue NA
     Year 2014
     Abstract AUTOMATION OF BOILER USING PLC  PLC and Micro controller controls the boiler temperature, pressure and water level and gives out the user required  Ortho, heart and brain surgery, so the parameters temperature and pressure for sterilization of medical instruments sets
     Url http://escholar.umt.edu.pk:8080/jspui/handle/123456789/1335


     Search term "Automation"+"Medical"+"PLC"+OR+"FPGA"
     Title Implementation on a FPGA of Edge detection algorithm in medical image and tumors characterization
     Author ['I Bouganssa', 'M Sbihi', 'M Zaim']
     Venue 2016 5th International …
     Year 2016
     Abstract make the image segmentation, extracting reduced information, often relevant to characterize the medical picture especially  and K. Yuan, "An improved Canny Edge Detector and its Realization on FPGA," Proc. of 7ili World Conference on Intelligent Control and Automation, 2008
     Url https://ieeexplore.ieee.org/abstract/document/7905655/


     Search term "Automation"+"Medical"+"PLC"+OR+"FPGA"
     Title Configuration and Application of FPGA Based on ARM Micro-Controller [J]
     Author ['K YANG', 'Z YE', 'Y WAN']
     Venue Measurement & Control Technology
     Year 2007
     Abstract of Computer, Xidian University, Xi'an, Shanxi 710071, China);FPGA Configuration and  tomography system for body complex impedance[J];Chinese Medical Equipment Journal  Wang Huaxiang Nan Guofang Wang Yanru Wang Chao (Departmentof Automation,Tianjin University
     Url http://en.cnki.com.cn/Article_en/CJFDTotal-IKJS200707023.htm


     Search term "Automation"+"Medical"+"PLC"+OR+"FPGA"
     Title 1024-Channel 3D ultrasound digital beamformer in a single 5W FPGA
     Author ['F Angiolini', 'A Ibrahim', 'W Simon']
     Venue … Automation & Test in …
     Year 2017
     Abstract hybrid RX beamformer chip with non-uniform sampling for ultrasound medical imaging with  Jintamethasawat, B. Fowlkes, O. Kripfgans, C. Chakrabarti, and T. Wenisch, “FPGA implementation of  in 3d ultrasound imaging,” in Proceedings of the 2015 Design Automation and Test
     Url https://ieeexplore.ieee.org/abstract/document/7927175/


     Search term "Automation"+"Medical"+"PLC"+OR+"FPGA"
     Title PLC network control system based on serial device server
     Author ['J Xu', 'J Tian', 'L Fang']
     Venue JOURNAL-ZHEJIANG UNIVERSITY OF …
     Year 2008
     Abstract liang,JIANG Fang-bo,ZHOU Tao(School of Mechatronics Engineering and Automation,Shanghai University  Devices in LIMS of Testing LAB for Medical Devices[J];China Medical Equipment;2009  Lei;Automatic Control System of Stereo-garage Based on HMI and PLC[J];Electric
     Url http://en.cnki.com.cn/Article_en/CJFDTotal-ZJGD200802021.htm


     Search term "Automation"+"Medical"+"PLC"+OR+"FPGA"
     Title PLC Control of Complete Automation Washer [J]
     Author ['W Yaxin']
     Venue Science Mosaic
     Year 2008
     Abstract PLC Control of Complete Automation Washer. Wang Yaxin(Department of Mechanical and Electrical Engineering, Bohai Petroleum Vocational College, HeBei Renqiu 062552). The PLC Control Completely automatic Washer
     Url http://en.cnki.com.cn/Article_en/CJFDTotal-KJIG200803083.htm


     Search term "Automation"+"Medical"+"PLC"+OR+"FPGA"
     Title Several practical control program-designs based upon PLC technology [J]
     Author ['C Jun']
     Venue Manufacturing Automation
     Year 2008
     Abstract 1, LI Ying,TAN Li-xin;Research on control system of the precise quantitative filling based on PC and PLC[J];Manufacturing Automation;2009-06  7, Luo,Maifeng;The PLC Transforming of CE7132 Coping Lathe[J];Control & Automation;2005-02
     Url http://en.cnki.com.cn/Article_en/CJFDTotal-JXGY200804028.htm


     Search term "Automation"+"Medical"+"PLC"+OR+"FPGA"
     Title FPGA-based algorithm of fast median filter
     Author ['Y WANG', 'Y HE', 'H GUO', 'Z LONG']
     Venue Application Research of …
     Year 2009
     Abstract Laboratory,Changchun University of Science and Technology;;High-Definition Video Image Fiber Transmission System Based on FPGA[J];Journal of  7, LIN Qing-huaa,DU Minb(a.College of Electrical Engineering & Automation,b.Fujian Key Lab of Medical Instrument &
     Url http://en.cnki.com.cn/Article_en/CJFDTotal-JSYJ200901070.htm


     Search term "Automation"+"Medical"+"PLC"+OR+"FPGA"
     Title The research of PLC control system for economical CNC punch press [J]
     Author ['W WANG', 'Y FAN', 'J HUAI', 'H ZHENG']
     Venue … & Automation
     Year 2013
     Abstract 6, LUO Yi,LI Ying,WANG Kai(School of Automation and Electronic Information,Sichuan University of Science & Engineering,Zigong 643000,China);On Multi Points  7, Wang Shaochun;Capital Medical University affiliated Beijing Shijitan Hospital;;PLC stepper motor
     Url http://en.cnki.com.cn/Article_en/CJFDTotal-GYZD201304011.htm


     Search term "Automation"+"Medical"+"PLC"+OR+"FPGA"
     Title Design on Intelligent Sickbed Calling System Based on PLC [J]
     Author ['S LI', 'T LI']
     Venue Chinese Medical Equipment Journal
     Year 2008
     Abstract Design on Intelligent Sickbed Calling System Based on PLC  1, ;The Application of PC Bus Technology in Ward Calling System[J];Control & Automation;2002-09  Applicationof decoder based on PIC16C57 to callservice system in ward[J];Chinese Medical Equipment Journal;2004
     Url http://en.cnki.com.cn/Article_en/CJFDTotal-YNWS200807014.htm


     Search term "Automation"+"Medical"+"PLC"+OR+"FPGA"
     Title Research of PLC robot based on medical utilization
     Author ['B Liming']
     Venue Electronic Test
     Year 2015
     Abstract tasks.Through careful study design, in order to realize the application of medical robots,and  Engineering,Wuyi University;;A Study of PID Control Program Based on PLC Numerical Processing  2, WU Bo1,XU Wen-fang1,CHEN Hong-li2(1.College of Automation,Harbin University
     Url http://en.cnki.com.cn/Article_en/CJFDTotal-WDZC201507031.htm


     Search term "Automation"+"Medical"+"PLC"+OR+"FPGA"
     Title Pantography Application with Real-Time PLC Based on Image Processing in Gantry Robot System
     Author ['K İrem', 'S ÖZTÜRK', 'M KUNCAN']
     Venue European Journal of Technique
     Year 2019
     Abstract controls from factory automation applications, counting of blood cells from medical applications, character  are many different studies using image processing techniques for automation and production  and real time processing (writing) application is realized with PLC control
     Url https://dergipark.org.tr/en/pub/ejt/article/621558


     Search term "Automation"+"Medical"+"PLC"+OR+"FPGA"
     Title An advanced PC-PLC-based SCADA system for a commerical medical cyclotron
     Author ['R Singlachar', 'B Mukherjee']
     Venue Nuclear Instruments and Methods in Physics …
     Year 1997
     Abstract The authors like to thank Mr. Helmut Delrieux and Mr. David Martin, Siemens Automation Aus- tralia, for their highly valuable technical support throughout the  National Medical Cyclotron Internal Report, February 1996  [3] IBA/NC, IBA Cyclone 30.8 PLC Handbook, General ln
     Url https://www.sciencedirect.com/science/article/pii/S0168900297009832


     Search term "Automation"+"Medical"+"PLC"+OR+"FPGA"
     Title Realization of Serial Communication between SCM and PLC
     Author ['SJ Li', 'SM Li']
     Venue Control and Instruments in Chemical Industry
     Year 2010
     Abstract In industrial automation,long-distance communication between the SCM and PLC is a difficult issue.The hardware and software implementations of long-distance serial communication between the S7-200 PLC and the PIC16F877 MCU were focused.MAX485E was used to
     Url http://en.cnki.com.cn/Article_en/CJFDTotal-HGZD201002023.htm


     Search term "Automation"+"Medical"+"PLC"+OR+"FPGA"
     Title PLC technology of KEPCO
     Author ['Y Kim', 'S Joo', 'T Lee', 'B Park']
     Venue … Symposium on Power …
     Year 2005
     Abstract This service represents the fol- lowing: home-network, home automation, security service, remote medical-care and so on  To activate the PLC industry and take a test of PLC, we will construct test field area for EMI and EMC certification until 2006. VI
     Url https://ieeexplore.ieee.org/abstract/document/1430537/


     Search term "Automation"+"Medical"+"PLC"+OR+"FPGA"
     Title Development of irrigation automation system (IAS) using by programmable logic controller (PLC) and its application on irrigation scheduling created using Class A …
     Author ['C Gençoğlan', 'S Gençoğlan']
     Venue … ," Agrosym 2016", 6-9 October 2016 …
     Year 2016
     Abstract Aims: of this study are to develop irrigation automation system (IAS) using PLC and to measure water level automatically in Class A Pan by IAS for daily evaporation and to refill certain level with pressure transducer, to calculate amount of water to be given irrigation treatments from
     Url https://www.cabdirect.org/cabdirect/abstract/20173053894


     Search term "Automation"+"Medical"+"PLC"+OR+"FPGA"
     Title The realization of vacuum casting control system based on PLC [J]
     Author ['Z YUE', 'W LIU', 'R ZOU']
     Venue Machinery Design & Manufacture
     Year 2006
     Abstract Department, Wuhan University of Technology, Wuhan 430063, China);Application of PLC and Touch Screen in Floating Type Maintenance Gate[J];Automation in Water  Design for Temperature Autocontrol of the Refrigeration Container[J];China Medical Devices;2009-06
     Url http://en.cnki.com.cn/Article_en/CJFDTotal-JSYZ200603068.htm


     Search term "Automation"+"Medical"+"PLC"+OR+"FPGA"
     Title FPGA-implementation of a bio-inspired medical hearing aid based DWT-OLA
     Author ['L Bendaouia', 'H Salhi', 'SM Karabernou']
     Venue … on Audio, Language …
     Year 2014
     Abstract Rogers “FPGA Architecture: Survey and challenges”, Foundations in Electronic Design Automation Vol. 2, N° 2, 2007  Karabernou, L. Kessal, H. Salhi and F. Ykhlef, “New Design Approach of an FIR Filters Based FPGA-Implementation for a Bio-inspired Medical Hearing Aid
     Url https://ieeexplore.ieee.org/abstract/document/7009906/


     Search term "Automation"+"Medical"+"PLC"+OR+"FPGA"
     Title Design of VGA Display Module Based on FPGA [J]
     Author ['Y ZHANG', 'Z HE']
     Venue Computer Technology and development
     Year 2007
     Abstract Yu (Computer Vision Laboratory,School of Mechanical Engineering and Automation,Xihua University  Qiqihar 161006,China;2.Medical Techonlogy Department,Qiqihar Medical College,Heilongjiang  161006,China);Design and implement of VGA controller for FPGA[J];Journal
     Url http://en.cnki.com.cn/Article_en/CJFDTotal-WJFZ200706070.htm


     Search term "Automation"+"Medical"+"PLC"+OR+"FPGA"
     Title FPGA-based adaptive noise cancellation for ultrasonic NDE application
     Author ['C Brady', 'J Arbona', 'IS Ahn', 'Y Lu']
     Venue 2012 IEEE International …
     Year 2012
     Abstract Field Programmable Gate Array (FPGA) has been widely used in applications such as communication, industrial automation, motor control, medical imaging etc. It is reconfigurable in term of digital logic, input/output block, and routing resource
     Url https://ieeexplore.ieee.org/abstract/document/6220729/


     Search term "Automation"+"Medical"+"PLC"+OR+"FPGA"
     Title Minimizing the error: a study of the implementation of an integer split-radix FFT on an FPGA for medical imaging
     Author ['MR Mohammadnia', 'L Shannon']
     Venue … International Conference on …
     Year 2012
     Abstract Fixed-point arithmetic is used to provide faster and smaller implementations in many digital signal processing applications, including medical imaging, at the  However, compared to a previous fixed-point SRFFT design on an FPGA, our throughput is 15.5x greater
     Url https://ieeexplore.ieee.org/abstract/document/6412161/


     Search term "Automation"+"Medical"+"PLC"+OR+"FPGA"
     Title An Approach to Communication between PC PLC using in Long Range Auto monitoring System [J]
     Author ['Z Xinhua']
     Venue Telemetry & Telecontrol
     Year 1998
     Abstract Dept of MechanicaJ & Electronic Engineering);The Design Method of PLC Automatic Control  (1.Department of Clinical Laboratories,Southwest Hospital,the Third Military Medical University,Chongqing  of PLA,Sian 710032,China; 3.Department of Automation,Shanghai Jiaotong
     Url http://en.cnki.com.cn/Article_en/CJFDTotal-YCYK806.006.htm


     Search term "Automation"+"Medical"+"PLC"+OR+"FPGA"
     Title Realizing Fuzzy Control Based on Siemens S7-300 PLC [J]
     Author ['Q Feng', 'X Zhonghong', 'S Ji']
     Venue Journal of Nanjing Normal University …
     Year 2007
     Abstract 5, LIANG Xin(Tianjin DAMF Automation Technology Co.,Ltd.,Tianjin 300112,China);Application of  Specialized Secondary Schools,Dongtai,Jiangsu 224200,China);Based on the PLC hydraulic experimental  LIU Ying1,LI Zhen1,WEI Guo-qin1(1.College of Medical Instrument and
     Url http://en.cnki.com.cn/Article_en/CJFDTotal-NJSE200704004.htm


     Search term "Automation"+"Medical"+"PLC"+OR+"FPGA"
     Title PLC-Based Stamp Puncher [J]
     Author ['D XUE', 'H WANG']
     Venue Techniques of Automation and Applications
     Year 2005
     Abstract Department, Wuhan University of Technology, Wuhan 430063, China);Application of PLC and Touch Screen in Floating Type Maintenance Gate[J];Automation in Water  Design for Temperature Autocontrol of the Refrigeration Container[J];China Medical Devices;2009-06
     Url http://en.cnki.com.cn/Article_en/CJFDTotal-ZDHJ200511014.htm


     Search term "Automation"+"Medical"+"PLC"+OR+"FPGA"
     Title ipPROCESS: A Development Process for Soft IP-core with Prototyping in FPGA
     Author ['M Lima', 'F Santos', 'J Bione', 'T Lins', 'E Barros']
     Venue Forum on Design …
     Year 2005
     Abstract Prototyping in FPGA  are a new consumer market including more information appliances in small, mobile and ergonomic devices that provide information, entertainment and communications capabilities to consumer electronics, industrial automation and medical markets
     Url http://www.di.ufpe.br/~greco/publicacoes/fdli.pdf


     Search term "Automation"+"Medical"+"PLC"+OR+"FPGA"
     Title Remote medical care system design based on RFID and ZigBee technology via wireless sensors network
     Author ['WT Sung', 'JH Chen', 'MH Wang', 'YC Hsu']
     Venue International Journal of Innovative …
     Year 2010
     Abstract FPGA- based portable embedded physiological sensor bears flexibility because of the prevailing  has gained great market attention for monitoring, control and automation applications. Keywords: RFID, ZigBee, Remote medical care system, Embedded system, Wireless sensor
     Url http://www.ijicic.org/09-0633-1.pdf


     Search term "Automation"+"Medical"+"PLC"+OR+"FPGA"
     Title Novel scheme for full coverage test of logic resource faults in FPGA [J]
     Author ['L Yongbo', 'L Ping', 'R Aiwu']
     Venue Chinese Journal of Scientific Instrument
     Year 2010
     Abstract 7, Sun Libo Lei Jia(School of Electronic Engineering & Automation of the Guilin University of Electronic  and Technology,Changchun Normal University,Changchun 130032,China);The design and implementation of FPGA-Base diagnosis of medical image data
     Url http://en.cnki.com.cn/Article_en/CJFDTotal-YQXB201004023.htm


     Search term "Automation"+"Medical"+"PLC"+OR+"FPGA"
     Title Control System of Industrial Manipulator Based on PLC [J]
     Author ['Y GUO', 'C ZHANG']
     Venue Instrument Technique and Sensor
     Year 2007
     Abstract 2, Liu Zhen-quan,Bao He-ping (School of Electronic Information & Automation, Tianjin University  3, CHENG Jian-liang,LI Xiao-jian(Engineering Center,Guangzhou Yangpu Medical Products Co  of servo motor location system in chopsticks brand machine based on PLC control[J
     Url http://en.cnki.com.cn/Article_en/CJFDTotal-YBJS200709014.htm


     Search term "Automation"+"Medical"+"PLC"+OR+"FPGA"
     Title Single-FPGA complete 3D and 2D medical ultrasound imager
     Author ['A Ibrahim', 'W Simon', 'D Doy', 'E Pignat']
     Venue 2017 Conference on …
     Year 2017
     Abstract Page 1. 1 Single-FPGA Complete 3D and 2D Medical Ultrasound Imager A. Ibrahim∗, W. Simon∗, D. Doy∗, E. Pignat∗, F. Angiolini∗, M. Arditi∗, J.-P. Thiran∗†, and G. De Micheli∗ ∗ ´Ecole Polytechnique Fédérale de Lausanne
     Url https://ieeexplore.ieee.org/abstract/document/8122113/


     Search term "Automation"+"Medical"+"PLC"+OR+"FPGA"
     Title Design and implementation of real time infrared image collection system based on FPGA [J]
     Author ['G Yongcai', 'S Yuwei', 'G Chao']
     Venue Chinese Journal of Scientific …
     Year 2011
     Abstract The Study of Fuzzy Self-tuning PID Controller Based on FPGA[J];仪器仪表学报  Hongjin 2. 1 Department of Biomedical Engineering,The Fourth Military Medical University,Xi  of Automation, Shanghai Jiaotong Univ., Shanghai 200030, China;Identification and Analysis of Driver's
     Url http://en.cnki.com.cn/Article_en/CJFDTotal-YQXB201103006.htm

