Showing papers for search query "Automation"+"Factory"+"Hardware+simulation"

     Search term "Automation"+"Factory"+"Hardware+simulation"
     Title Smart factory automation using internet of things to ensure quality manufacturing
     Author ['P Pariyumbud', 'R Samkaria']
     Venue … & Reviews: A …
     Year 2018
     Abstract Smart Factory Automation using Iot to Ensure Quality Manufacturing Pariyumbud et. al. RRJoESA (2017) 1-6 © STM Journals 2017. All Rights Reserved Page 4 PROTOTYPE DEVELOPMENT Proteus is hardware simulation software provided with a very understandable design
     Url http://computerjournals.stmjournals.in/index.php/JoESA/article/view/6


     Search term "Automation"+"Factory"+"Hardware+simulation"
     Title System and method for control and simulation
     Author ['JA Tenney', 'WM Ruark', 'GJ Orelind']
     Venue US Patent 6,944,584
     Year 2005
     Abstract Existing robotic hardware simulation systems require users to write a robotic simulation program  systems, machines and appliances, and is particularly compatible with automation machinery such  provide an accurate live graphical simulation of an entire factory containing many
     Url https://patents.google.com/patent/US6944584B1/en


     Search term "Automation"+"Factory"+"Hardware+simulation"
     Title Embedded simulation for automation of material manipulators in a PVD coating process
     Author ['G Rath', 'JM Lackner']
     Venue Proceedings of the 2012 …
     Year 2012
     Abstract With the real-time simulation on the dedicated PLC hardware including the HMI, a factory acceptance test (FAT) was performed  It turns out that even for small automation projects simulation is affordable and yields faster start-up of the plant while reducing risks and errors
     Url https://ieeexplore.ieee.org/abstract/document/6465050/


     Search term "Automation"+"Factory"+"Hardware+simulation"
     Title Study on simulation and testing of FLISR
     Author ['L Jinsong', 'L Dong', 'L Wangshui']
     Venue CICED 2010 …
     Year 2010
     Abstract [8] proposed schemes of main station factory acceptance test  Currently, this system can implement multiple simulations of a distribution automation system, displaying  The simulation testing technologies can be divided into hardware simulation, software simulation and hybrid
     Url https://ieeexplore.ieee.org/abstract/document/5736124/


     Search term "Automation"+"Factory"+"Hardware+simulation"
     Title Incremental development of production units using HW/SW-encapsulation and simulation supported by a complete toolset
     Author ['U Schmidtmann', 'G von Cölln', 'G Kreutz']
     Venue … Factory Automation
     Year 2005
     Abstract Since 3D-information is provided and available via the framework, software for automation units can be implemented and tested in  Connecting 3D simulations based on VRML exports with the I/O-Hardware simulation establishes a powerful environment which enables software
     Url https://ieeexplore.ieee.org/abstract/document/1612579/


     Search term "Automation"+"Factory"+"Hardware+simulation"
     Title Investigating the robustness of re-scheduling policies with multi-agent system simulation
     Author ['M Merdan', 'T Moser', 'P Vrba', 'S Biffl']
     Venue The International Journal of Advanced …
     Year 2011
     Abstract Vienna University of Technology), allowing direct comparisons between software and miniature hardware simulation  automation domain because the existing, widely adopted industrial automation hardware and  break downs or modifications to the physical layout of the factory
     Url https://link.springer.com/article/10.1007/s00170-010-3049-9?null


     Search term "Automation"+"Factory"+"Hardware+simulation"
     Title Automated testing of industrial automation software: practical receipts and lessons learned
     Author ['R Ramler', 'W Putschögl', 'D Winkler']
     Venue … Methods for Industrial Automation
     Year 2014
     Abstract of testing before its commissioning; these include: (1) module testing (MT), (2) integration testing (IT), (3) factory ac- ceptance  On the left-hand side it shows the automation system in the production context, and on the right  Machine (Hardware) Simulation (Hardware/Software)
     Url https://dl.acm.org/doi/abs/10.1145/2593783.2593788


     Search term "Automation"+"Factory"+"Hardware+simulation"
     Title Implementation of Process Simulation for Marine Automation System
     Author ['M Mononen']
     Venue NA
     Year 2020
     Abstract Symbols and abbreviations Abbreviations AC Automation and Control Solutions Finland DCS Distributed Control System DMAIC Define, Measure, Analyze, Improve, Control FAT Factory Acceptance Test FMEA Failure Mode and Effects Analysis HAT Harbor Acceptance Test
     Url https://aaltodoc.aalto.fi/handle/123456789/44996


     Search term "Automation"+"Factory"+"Hardware+simulation"
     Title Exploration of the FlexRay signal integrity using a combined prototyping and simulation approach
     Author ['M Krammer', 'F Clazzer', 'E Armengaud']
     Venue … IEEE Symposium on …
     Year 2010
     Abstract This combined hardware / simulation space exploration supports validation of the simulated system for different variants (how close are  Communication Architectures,” in Fourteenth IEEE International Conference on Emerging Technologies and Factory Automation (ETFA 2009
     Url https://ieeexplore.ieee.org/abstract/document/5491806/


     Search term "Automation"+"Factory"+"Hardware+simulation"
     Title Simulation platform for multi agent based manufacturing control system based on the hybrid agent
     Author ['A Shaygan', 'RV Barenji']
     Venue arXiv preprint arXiv:1603.07766
     Year 2016
     Abstract The hardware simulation platform (HSP), as mentioned before, defines the tangible actions taking place in the manufacturing environment  517-527, 2005. [4] P. Vrba, "MAST: manufacturing agent simulation tool," in Emerging Technologies and Factory Automation, 2003
     Url https://arxiv.org/abs/1603.07766


     Search term "Automation"+"Factory"+"Hardware+simulation"
     Title Simulation of LEGO® Mindstorms NXT based plants using a distributed automation framework
     Author ['S Pirker']
     Venue NA
     Year 2010
     Abstract LEGO Mindsotrms NXT Hardware Simulation  There used to be a big separation between mechanical construction and automation. One goal of the Digital Factory is, to settle important trans-sectoral information as soon as possible during the design phase
     Url https://repositum.tuwien.at/handle/20.500.12708/10255


     Search term "Automation"+"Factory"+"Hardware+simulation"
     Title Celeritas: a coloured Petri net approach to simulation and control of flexible manufacturing systems
     Author ['R Cossins', 'P Ferreira']
     Venue The International Journal Of Production …
     Year 1992
     Abstract Manufacturing automation Factory automation was originally utilized in the mass production environment  Automation improvement in flexible manu- facturing systems (FMSs) has been  1988), computer hardware simulation and analysis (Peterson 1981), communication protocol
     Url https://www.tandfonline.com/doi/abs/10.1080/00207549208948131


     Search term "Automation"+"Factory"+"Hardware+simulation"
     Title Modeling standard for distributed control systems: IEC 61499 from industrial automation to aerospace
     Author ['CC Insaurralde']
     Venue 2016 IEEE/AIAA 35th Digital Avionics …
     Year 2016
     Abstract CONCLUSIONS A brief review of DTCS in industrial automation and aerospace has been presented to introduce the IEC 61499 standard as an attractive modeling methodology for  Simulation results from the DTCS modelled by means of the IEC 61499 have been also shown
     Url https://ieeexplore.ieee.org/abstract/document/7777980/


     Search term "Automation"+"Factory"+"Hardware+simulation"
     Title Research on distributed hardware-in-loop simulation technology in MATLAB
     Author ['NM Yan', 'YN Zhang', 'CHG Liu']
     Venue Journal of System …
     Year 2010
     Abstract electric drive system for armored tracklayer,which consists of control hardware,simulation models and  Real-Time Simulation Systems Based on RTW[J];Ordnance Industry Automation;2006-01  037036,China;2.The Military Representative Office of No.616 Factory in Zhangjiakou
     Url http://en.cnki.com.cn/Article_en/CJFDTotal-XTFZ201008018.htm


     Search term "Automation"+"Factory"+"Hardware+simulation"
     Title A man-machine interface software system for the design, modeling and simulation of robotic and automation systems
     Author ['J Patten', 'J Frazier']
     Venue … Conference on Robotics and Automation
     Year 1987
     Abstract to assist users in the deaign of robotic control programa used in conjunction with automation systems  It ia possible that an induatrial factory may be able to send the engineera and technicians to the  A. Hardware simulation 0. Software simulation 4. Laboratory demonetration and
     Url https://ieeexplore.ieee.org/abstract/document/1087924/


     Search term "Automation"+"Factory"+"Hardware+simulation"
     Title Large-scale hardware simulation: Modeling and verification strategies
     Author ['DW Clark']
     Venue Proceedings of the 25th Anniversary Symposium …
     Year 1990
     Abstract degrees of pre- cision and formality, but at the bottom level|the level communicated to the factory|the requirement is a  In this paper I have presented a set of recommendations concerning computer hardware simulation  17th Design Automation Conf., ACM/IEEE, June 1980, pp
     Url http://citeseerx.ist.psu.edu/viewdoc/download?doi=10.1.1.482.4432&rep=rep1&type=pdf


     Search term "Automation"+"Factory"+"Hardware+simulation"
     Title Hardware Implementation of a Generic Fuzzy-ROM Controller
     Author ['MA Sameh', 'K Ayman']
     Venue … on Signal Processing, Robotics, and Automation  …
     Year 2002
     Abstract use of Matlab products like simulink and fuzzy control toolbox for the controller design and simulation, and uses Mentor Graphics products like FPGA-Advantage, ModelSim, and Leonardo for hardware simulation and synthesis  Factory Automation, New York: Marcel Dekker, Inc
     Url http://www.wseas.us/e-library/conferences/spain2002/papers/443-214.pdf


     Search term "Automation"+"Factory"+"Hardware+simulation"
     Title SMDK2410 Hardware Simulation Platform Design Based on SkyEye
     Author ['Y Xingwei']
     Venue Programmable Controller & Factory Automation
     Year 2009
     Abstract In this paper, having completed the U-boot, ARM Linux and Ramdisk root file system transplants for the SMDK2410 hardware development board, set up the total all ARM Linux development environment based on SMDK2410 hardware development board, to save
     Url http://en.cnki.com.cn/Article_en/CJFDTotal-KBCK200910032.htm


     Search term "Automation"+"Factory"+"Hardware+simulation"
     Title Design of Semi Physical Motion Simulation System of Underwater Vehicle [J]
     Author ['Y GAN', 'Y MAO', 'L WAN', 'Y XU']
     Venue Journal of System Simulation
     Year 2006
     Abstract Beijing 100023,China);Research and Implementation of Multi-robot Semi-hardware Simulation System[J  PRChina3.Office of Naval Military Representatives at the Factory 437,Shanghai  Tsinghua University,Beijing 100084,PRChina2 School of Automation,Harbin Engineering
     Url http://en.cnki.com.cn/Article_en/CJFDTotal-XTFZ200607072.htm


     Search term "Automation"+"Factory"+"Hardware+simulation"
     Title Virtual Simulation System with Various Examples and Analysis Tools for Programmable Logic Controller Training
     Author ['M Aria', 'J Utama', 'F Fauzia', 'M Rizal']
     Venue IOP Conference …
     Year 2020
     Abstract The third factory model is a multi elevator control system  In general, there are two categories of learning media for PLC, the first is based on hardware simulation and the second is based  While Maarif made PLC training media in the form of portable industrial automation kits [25
     Url https://iopscience.iop.org/article/10.1088/1757-899X/879/1/012108/meta


     Search term "Automation"+"Factory"+"Hardware+simulation"
     Title Secured Wireless Automation using Wireless Sensor Networks
     Author ['G Subramanian', 'SL Rex']
     Venue i-Manager's Journal on …
     Year 2013
     Abstract The software simulation snapshot of their routing protocol is shown in Figure 8 .The hardware simulation of the proposal is done using Proteus ISIS  New developments offer redundancy, security and scalability [22], which are crucial to process and factory automation networks
     Url http://search.proquest.com/openview/454ffcfb848282f5f3b30eb7654eb54c/1?pq-origsite=gscholar&cbl=2030610


     Search term "Automation"+"Factory"+"Hardware+simulation"
     Title Hardware-in-the-loop test automation setup for power converter system development
     Author ['HYK Cheung']
     Venue NA
     Year 2019
     Abstract Page 1. Master's thesis Hardware-in-the-Loop Test Automation Setup for Power Converter System Development Hou Yuen Kevin Cheung Examiners: Prof  circuit simulation capabilities. Page 21. 3 Prerequisites for HIL test automation | 21 3 Prerequisites for HIL test automation
     Url https://lutpub.lut.fi/handle/10024/159150


     Search term "Automation"+"Factory"+"Hardware+simulation"
     Title MATLAB ANALYTICAL METHOD FOR VHDL HARDWARE SIMULATION RESULT [J]
     Author ['W Min']
     Venue Computer Applications and Software
     Year 2003
     Abstract MATLAB ANALYTICAL METHOD FOR VHDL HARDWARE SIMULATION RESULT. Wei Min (Institute of Beijing Railway Signal Factory, Beijing?102600). It has been a popular  hoist wire rope tension detection system design[J];Industrial Instrumentation & Automation;2015-05
     Url http://en.cnki.com.cn/Article_en/CJFDTotal-JYRJ200308009.htm


     Search term "Automation"+"Factory"+"Hardware+simulation"
     Title Preemptive change verification via electronic signatures in industrial automation systems
     Author ['C Case']
     Venue US Patent 8,031,913
     Year 2011
     Abstract of hardware and software, software, or software in execution as applied to an automation system for  At 540, the training can be provided with various software or hardware simulation packages to  such items can be collected from a network 630 such as local factory networks and
     Url https://patents.google.com/patent/US8031913B1/en


     Search term "Automation"+"Factory"+"Hardware+simulation"
     Title Preemptive change verification via electronic signatures in industrial automation systems
     Author ['CL Case']
     Venue US Patent 8,437,499
     Year 2013
     Abstract of hardware and software, software, or software in execution as applied to an automation system for  At 540, the training can be provided with various software or hardware simulation packages to  such items can be collected from a network 630 such as local factory networks and
     Url https://patents.google.com/patent/US8437499B2/en


     Search term "Automation"+"Factory"+"Hardware+simulation"
     Title Simulation of a Flexible Manufacturing System for Semi-Products Packaging
     Author ['PC Patic', 'L Pascale', 'G Măntescu']
     Venue Applied Mechanics and …
     Year 2014
     Abstract must define the programming parameters files and, after that one choose hardware automation system by  5). Further, the hardware simulation modules are chosen: CPU314 Processor, PS 307, 10A power supply  the behavior of the packing line where it would work in the factory
     Url https://www.scientific.net/AMM.536-537.1654


     Search term "Automation"+"Factory"+"Hardware+simulation"
     Title Verification of FPGA Based NPP I&C Systems Considering Multiple Faults: Technique and Automation Tool
     Author ['A Yasko', 'E Babeshko']
     Venue International …
     Year 2017
     Abstract 8. Automation of FMEDA is the core of AXMEA tool  Then, 3rd party hardware simulation tool is used for fault injections  API Application Programming Interface AXMEA Automated X-modes Effects Analysis FAT Factory Acceptance Test FIT Fault Injection Testing FMEA Failure
     Url https://asmedigitalcollection.asme.org/ICONE/proceedings-abstract/ICONE25/57878/V009T15A033/253136


     Search term "Automation"+"Factory"+"Hardware+simulation"
     Title Virtual factory framework: a key enabler for agile manufacturing
     Author ['S Jain']
     Venue … on Emerging Technologies and Factory Automation …
     Year 1995
     Abstract The integrated tools will thus create a virtual factory in simulation. The integration across functions can be validated at all the levels of plant hierarchy through use of synchronized simulations  8. Physical simulation hardware simulation * mock-ups
     Url https://ieeexplore.ieee.org/abstract/document/496778/


     Search term "Automation"+"Factory"+"Hardware+simulation"
     Title Incremental Development of Production Units Using HW/SW-Encapsulation and Simulation Supported By a Complete Toolset
     Author ['F Emden']
     Venue NA
     Year NA
     Abstract Connecting 3D simulations based on VRML exports with the I/O-Hardware simulation establishes a powerful  Automation for the Discrete Industrie Worldwide Outlook  Proceedings ETFA'03 IEEE International Con- ference on Emerging Technologies and Factory Automa- tion, 2
     Url http://fileadmin.cs.lth.se/ai/Proceedings/etfa2005/html/articles/CF-000527.pdf


     Search term "Automation"+"Factory"+"Hardware+simulation"
     Title Coordinated Execution of Multiple Process and Automation Simulators
     Author ['H Milan']
     Venue NA
     Year 2020
     Abstract Process and Automation Simulators Henrik Milan  Author Henrik Milan Title Coordinated Execution of Multiple Process and Automation Simulators Degree programme Automation and Electrical Engineering Major Control, Robotics and Autonomous Systems
     Url https://aaltodoc.aalto.fi/handle/123456789/47125


     Search term "Automation"+"Factory"+"Hardware+simulation"
     Title Mobile rfid system for inventory automation
     Author ['JH Ong']
     Venue NA
     Year 2008
     Abstract 18 Page 19. Chapter 2 Related Work Previous work in the field of autonomous flight control, artificial intelligence, self- localization, machine learning, and RFID hardware simulation has made the inventory automation project more viable and manageable. 2.1 RFID Technology
     Url https://dspace.mit.edu/handle/1721.1/46005


     Search term "Automation"+"Factory"+"Hardware+simulation"
     Title QoE-oriented HIL Simulation Platform for Mobile Streaming in LTE System [J]
     Author ['Z WANG', 'Y HU', 'S CI']
     Venue Journal of System Simulation
     Year 2014
     Abstract Simulation of streaming service and QoE measurement were applied on this platform  Engineering,Changchun University of Technology,Changchun 130012,China;2.Mechanical Factory of Jilin  ZHAO Yu-ting,DAI Guan-zhong,XU Hao,MU De-jun Automation School
     Url http://en.cnki.com.cn/Article_en/CJFDTotal-XTFZ201403013.htm


     Search term "Automation"+"Factory"+"Hardware+simulation"
     Title Design and Development of a Programmable Logic Controller Using Atmel Controller and MATLAB Simulink
     Author ['P Parikh', 'H Singh', 'SK Nadar']
     Venue 3rd International Conference on …
     Year 2016
     Abstract This article starts with an overview of the history and the role PLCs in factory automation  Fig.5 DC motor control Simulation using the plc prototyping board In this real hardware simulation of the plc prototyping board controlling the dc motor is as shown in the following figure
     Url https://www.academia.edu/download/51127148/74-78.pdf


     Search term "Automation"+"Factory"+"Hardware+simulation"
     Title Reseaarch on Robot Satellite Autonomous Control System [J]
     Author ['H Bingrong', 'Z Tieyi', 'W Weimin', 'L Hong']
     Venue HIGH TECHNOLOGY …
     Year 1995
     Abstract CAN Bus in the Space Field[J];Programmable Controller & Factory Automation;2006-01  University of Posts and Telecommunications,Beijing 100876,China 2.Automation School,Beijing  and Technique Institute,Beijing 100070,China;Research on hardware simulation platform for
     Url http://en.cnki.com.cn/Article_en/CJFDTotal-GJSX510.004.htm


     Search term "Automation"+"Factory"+"Hardware+simulation"
     Title Hardware Simulation for Testing IEC 61131-3
     Author ['J Holmqvist', 'A Ulander']
     Venue MSc Theses
     Year 2005
     Abstract found at Lund's University Library and typical search strings were ”hardware simulation”, ”process simulation  of real-world systems, such as control of machinery on factory assembly lines  has presented a tool, TwinCAT (The Windows Control and Automation Technology), that
     Url https://lup.lub.lu.se/student-papers/record/8847881


     Search term "Automation"+"Factory"+"Hardware+simulation"
     Title Performance evaluation and monitoring
     Author ['H Lucas Jr']
     Venue ACM Computing Surveys (CSUR)
     Year 1971
     Abstract the test programs. The benchmark is also the first evaluation technique that includes a satis- factory consideration of software. This method allows for evaluation of the speed of compilation and execution. The same program
     Url https://dl.acm.org/doi/abs/10.1145/356589.356590


     Search term "Automation"+"Factory"+"Hardware+simulation"
     Title Advances in real-time simulation for power distribution systems
     Author ['R Venugopal', 'W Wang']
     Venue … on Energy, Automation …
     Year 2011
     Abstract multi- user distributed simulation system in a laboratory for R&D and factory testing of  of the 2010 International Symposium on Power Electronics Electrical Drives Automation and Motion (SPEEDAM  [12] G. Parma and V. Dinavahi, “ Real-time digital hardware simulation of power
     Url https://ieeexplore.ieee.org/abstract/document/6147153/


     Search term "Automation"+"Factory"+"Hardware+simulation"
     Title System for writing a simulation program
     Author ['N Plewinski', 'T Stolper']
     Venue US Patent 8,707,256
     Year 2014
     Abstract Y02P90/26—Total factory control, eg smart factories, flexible manufacturing systems [FMS] or integrated manufacturing systems [IMS] characterised by modelling or  The invention relates to a system for writing a simulation program for simulating an automation installation
     Url https://patents.google.com/patent/US8707256B2/en


     Search term "Automation"+"Factory"+"Hardware+simulation"
     Title Analysis of Porting ARM Linux to SkyEye [J]
     Author ['K SONG', 'L YAN', 'L GAN']
     Venue Journal of East China Jiaotong University
     Year 2006
     Abstract 【Secondary References】, Chinese Journal Full-text Database, 1 Hits. 1, Yang Xingwei;SMDK2410 Hardware Simulation Platform Design Based on SkyEye[J]; Programmable Controller & Factory Automation;2009-10. 【Secondary Citations】.
     Url http://en.cnki.com.cn/Article_en/CJFDTotal-HDJT200602030.htm


     Search term "Automation"+"Factory"+"Hardware+simulation"
     Title Using Hardware-In-Loop-Based Fault Injection to Determine the Effects of Control Flow Errors in Industrial Control Programs
     Author ['J Vankeirsbilck', 'H Hallez', 'J Boydens']
     Venue International Conference on …
     Year 2020
     Abstract This hardware simulation will provide the necessary input signals to the LPC 1768 in order to execute the station  currently looking into new ways to implement a HIL simulator for the small scale factory that is  In: 2016 53nd ACM/EDAC/IEEE Design Automation Conference (DAC
     Url https://link.springer.com/chapter/10.1007/978-3-030-54549-9_27


     Search term "Automation"+"Factory"+"Hardware+simulation"
     Title CAN/TTCAN simulator system based on educational DSP hardware kits
     Author ['A Hara', 'K Fonseca', 'L Scandelari']
     Venue NA
     Year 2003
     Abstract CAN simulation results of sets A and B with both models: simulation and analytical (Equation 2). The hardware simulation of the  CAN in Automation 05-23  “Integrating Reliability and Timing Analysis of CAN- based Systems”, IEEE Workshop on Factory Communication Systems
     Url https://www.canopen.org/fileadmin/resources/documents/proceedings/2003_hara.pdf


     Search term "Automation"+"Factory"+"Hardware+simulation"
     Title Distributed simulation
     Author ['O Wasynczuk', 'CE Lucas', 'EA Walters']
     Venue US Patent …
     Year 2009
     Abstract US7490029B2 - Distributed simulation - Google Patents. Distributed simulation. Download PDF Info. Publication number US7490029B2. US7490029B2 US09/884,528 US88452801A US7490029B2 US 7490029 B2 US7490029
     Url https://patents.google.com/patent/US7490029B2/en


     Search term "Automation"+"Factory"+"Hardware+simulation"
     Title A Study on FPGA-based Design of Combining MATLAB with QuartsⅡ [J]
     Author ['B YUAN', 'W SONG', 'S WU']
     Venue Electronic Engineer
     Year 2007
     Abstract method.Its feasibility and correctness are proved by both software simulation and hardware simulation  5, TANG Yong,CHENG Ming-xiao,CHU Qin(College of Automation,Nanjing university of  2.Jinggangshan Cigarette Factory,China Tobacco Co.,LTD,Ji'an 343100,Jiangxi,China
     Url http://en.cnki.com.cn/Article_en/CJFDTotal-DZGS200701002.htm


     Search term "Automation"+"Factory"+"Hardware+simulation"
     Title Development of the industrial IoT competences in the areas of organization, process, and interaction based on the learning factory concept
     Author ['N Gronau', 'A Ullrich', 'M Teichmann']
     Venue Procedia Manufacturing
     Year 2017
     Abstract enablers are machine-to-machine communication as well as automation technologies [12]  simulation environment, which combines the benefits of virtual and hardware simulation and components in  is currently being developed and implemented within the ACI learning factory
     Url https://www.sciencedirect.com/science/article/pii/S2351978917301476


     Search term "Automation"+"Factory"+"Hardware+simulation"
     Title VHF DDS Based on FPGA [J]
     Author ['LIMZ Feng-xian']
     Venue Microcomputer Information
     Year 2011
     Abstract detail. Results of hardware simulation is obtained by SignalTapⅡ. 【CateGory  05. 2, Feng Jianyu;The Design and Development of Function Generator Based on DDS[J];Programmable Controller & Factory Automation;2005-09. 3
     Url http://en.cnki.com.cn/Article_en/CJFDTotal-WJSJ201102008.htm


     Search term "Automation"+"Factory"+"Hardware+simulation"
     Title Programmable logic controller performance enhancement by field programmable gate array based design
     Author ['D Patel', 'J Bhatt', 'S Trivedi']
     Venue ISA transactions
     Year 2015
     Abstract Simulation and Testing-Validation of the proposed design by implementation using industry-standard hardware-software platforms. •  Abstract. PLC, the core element of modern automation systems, due to serial execution, exhibits limitations like slow speed and poor scan
     Url https://www.sciencedirect.com/science/article/pii/S0019057814002249


     Search term "Automation"+"Factory"+"Hardware+simulation"
     Title Modern Industrial Automation Software Design
     Author ['L Wang', 'KC Tan']
     Venue NA
     Year 2006
     Abstract Information flow of the real-time alarm system. API interfaces in MS Excel. Screenshot of OLE Automation interface. Process of visual database query  172 10.9 Communication mechanism in RS232Drv. 173 10.10 Communication mechanism in the hardware simulation terminal
     Url https://books.google.com/books?hl=en&lr=&id=H93R1EE7rL8C&oi=fnd&pg=PR5&dq=%22Automation%22+%22Factory%22+%22Hardware+simulation%22&ots=5UB6-OuRpo&sig=q3DDKVMLb_EdgHxZbQqBhDvErFM


     Search term "Automation"+"Factory"+"Hardware+simulation"
     Title Fast visualization of NC milling result using graphics acceleration hardware
     Author ['M Inui', 'R Kakio']
     Venue … Conference on Robotics and Automation …
     Year 2000
     Abstract Page 1. Proceedings of the 2000 IEEE International Conference on Robotics & Automation San Francisco  4 Processing Flow Overview The following is the processing flow of the hardware simulation of a milling process  and Mr. Yuji Hara of Real Factory Co., Ltd
     Url https://ieeexplore.ieee.org/abstract/document/845138/


     Search term "Automation"+"Factory"+"Hardware+simulation"
     Title New developments in simulation–based harbour crane training
     Author ['I García–FernÁ? ndez', 'M Pla–Castells']
     Venue … of Simulation and …
     Year 2011
     Abstract In Section 3 the models of granular systems and cable and pulley systems are presented. Section 4 explains the solution that is proposed to obtain a flexible hardware simulation system. Finally, Section 5 gives concluding remarks and an overview of future work
     Url https://www.inderscienceonline.com/doi/abs/10.1504/IJSPM.2011.048009


     Search term "Automation"+"Factory"+"Hardware+simulation"
     Title Simulation device of robot system
     Author ['Y Nagatsuka', 'T Takeda']
     Venue US Patent App. 11/819,860
     Year 2008
     Abstract Y02P90/26—Total factory control, eg smart factories, flexible manufacturing systems [FMS] or integrated manufacturing systems [IMS] characterised by modelling or simulation of the manufacturing system  US8639365B2 (en), 2003-11-10, 2014-01-28, Brooks Automation, Inc
     Url https://patents.google.com/patent/US20080013825A1/en

