Showing papers for search query "Automation"+"Traceability"

     Search term "Automation"+"Traceability"
     Title Automation on fruit and vegetable grading system and food traceability
     Author ['N Kondo']
     Venue Trends in Food Science & Technology
     Year 2010
     Abstract In recent ten years, operations in grading systems for fruits and vegetables became highly automated with mechatronics, and robotics technologies. Especially, machine vision systems and near infrared inspection systems have been introduced to many grading
     Url https://www.sciencedirect.com/science/article/pii/S0924224409002611


     Search term "Automation"+"Traceability"
     Title On improving automation by integrating RFID in the traceability management of the agri-food sector
     Author ['F Gandino', 'B Montrucchio']
     Venue IEEE Transactions …
     Year 2009
     Abstract Traceability is a key factor for the agri-food sector. Radio-frequency identification (RFID) technology, which is widely adopted for supply chain management, can be used effectively for the traceability management. In this paper, a framework for the evaluation of a traceability
     Url https://ieeexplore.ieee.org/abstract/document/4813266/


     Search term "Automation"+"Traceability"
     Title Manufacturing traceability automation using features and nc-functions
     Author ['J Garrido Campos', 'M Hardwick']
     Venue International Journal of Computer …
     Year 2009
     Abstract This paper addresses manufacturing traceability requirements specification and the automation of manufacturing data collection. The proposed approach is to link traceability requirements to feature data to take advantage of features as the kernel technology for
     Url https://www.tandfonline.com/doi/abs/10.1080/09511920802132714


     Search term "Automation"+"Traceability"
     Title Introducing traceability and consistency checking for change impact analysis across engineering tools in an automation solution company: an experience report
     Author ['A Demuth', 'R Kretschmer', 'A Egyed']
     Venue 2016 IEEE International …
     Year 2016
     Abstract In today's engineering projects, companies continuously have to adapt their systems to changing customer or market requirements. This requires a flexible, iterative development process in which different parts of the system under construction are built and updated
     Url https://ieeexplore.ieee.org/abstract/document/7816505/


     Search term "Automation"+"Traceability"
     Title Process automation with enumeration and traceability tools
     Author ['DC Ni', 'J Martinez', 'J Eccles', 'D Thomas']
     Venue Proceedings of 1994 …
     Year 1994
     Abstract Enumeration and traceability software tools have been developed and used in different industries, such as telecommunications and aerospace. Enumeration is a tagging process for linking individual entities to related entities in one-to-one, one-to-many, and many-to
     Url https://ieeexplore.ieee.org/abstract/document/467095/


     Search term "Automation"+"Traceability"
     Title Enhancing traceability and industrial process automation through the VIRTUS middleware
     Author ['P Brizzi', 'A Lotito', 'E Ferrera', 'D Conzon']
     Venue Proceedings of the …
     Year 2011
     Abstract Information and Communication Technologies (ICT) are considered a key instrument to improve efficiency and flexibility of industrial processes. This paper provides an experience report about the application of an ICT-based approach, derived from the
     Url https://dl.acm.org/doi/abs/10.1145/2090181.2090183


     Search term "Automation"+"Traceability"
     Title A study to support agile methods more effectively through traceability
     Author ['A Espinoza', 'J Garbajosa']
     Venue Innovations in Systems and Software …
     Year 2011
     Abstract However, current traceability approaches are based precisely on a com- plete requirements specification document. As an example, the acquisition of traces between requirements and design as in [10,13,22,63], or the automation of traceability practices as in [15,16,23,48]
     Url https://link.springer.com/content/pdf/10.1007/s11334-011-0144-5.pdf


     Search term "Automation"+"Traceability"
     Title A tool for obtaining transparency and traceability in heterogeneous design automation environments
     Author ['T Hjertberg', 'R Stolt', 'F Elgh']
     Venue Computer-Aided Design and …
     Year 2018
     Abstract Today, CAD-system are used for much more than just geometric modeling. They are complemented by various software and information sources forming a complete environment for handling all life-cycle aspects of the product. In such systems, the CAD
     Url https://www.tandfonline.com/doi/abs/10.1080/16864360.2017.1419637


     Search term "Automation"+"Traceability"
     Title Automated engineer-to-order systems–a task-oriented approach to enable traceability of design rationale
     Author ['F Elgh']
     Venue International Journal of Agile Systems and …
     Year 2014
     Abstract The design automation system encapsulates product knowledge that has been expanded and transformed into different levels of completeness and generalisation throughout the four sub-processes. Traceability, both forward and backward, across different knowledge levels
     Url https://www.inderscienceonline.com/doi/abs/10.1504/IJASM.2014.065358


     Search term "Automation"+"Traceability"
     Title Using scenarios to support traceability
     Author ['L Naslavsky', 'TA Alspaugh', 'DJ Richardson']
     Venue … workshop on Traceability …
     Year 2005
     Abstract entities. Finer grained tracing can leverage automation of activities benefiting from traceability, such as change impact analysis and software testing (which includes test-case generation, evaluation and regression testing). In
     Url https://dl.acm.org/doi/abs/10.1145/1107656.1107663


     Search term "Automation"+"Traceability"
     Title Automation Identification Technology of Food Traceability System [J]
     Author ['D WENG', 'S XU', 'D WANG', 'S WANG']
     Venue Journal of Chongqing Institute …
     Year 2008
     Abstract This paper is aimed at the research on automation identification technology of food traceability system, which introduces and analyzes code bar and RFID automation identification technology, and codes the food product with EAN· UCC system according the
     Url http://en.cnki.com.cn/Article_en/CJFDTotal-CGGL200805020.htm


     Search term "Automation"+"Traceability"
     Title Application of the industrial automation standards and methodologies for reliable and continuous European food traceability system
     Author ['R Szewczyk', 'K Rzeplińska']
     Venue Journal of Automation …
     Year 2008
     Abstract EN Recent traceability requirements create necessity of organization of the food production process in the completely new way. This way of production organization is typical rather for large industry, than for traditional way of work at the rural areas. This fact generates tensions
     Url http://yadda.icm.edu.pl/baztech/element/bwmeta1.element.baztech-article-BUJ5-0020-0019


     Search term "Automation"+"Traceability"
     Title Towards an automation of the traceability of bugs from development logs: a study based on open source software
     Author ['BA Romo', 'A Capiluppi']
     Venue … of the 19th International Conference on …
     Year 2015
     Abstract Context: Information and tracking of defects can be severely incomplete in almost every Open Source project, resulting in a reduced traceability of defects into the development logs (ie, version control commit logs). In particular, defect data often appears not in sync when
     Url https://dl.acm.org/doi/abs/10.1145/2745802.2745833


     Search term "Automation"+"Traceability"
     Title A traceability information model for CNC manufacturing
     Author ['JG Campos', 'M Hardwick']
     Venue Computer-Aided Design
     Year 2006
     Abstract DPI2003-01967). His current research interest includes industrial traceability for collaborative environments, traceability automation for CAD/CAM, shop floor data automation and Product Data Exchange and Sharing by STEP
     Url https://www.sciencedirect.com/science/article/pii/S0010448506000273


     Search term "Automation"+"Traceability"
     Title A heterogeneous solution for improving the return on investment of requirements traceability
     Author ['J Cleland-Huang', 'G Zemont']
     Venue Proceedings. 12th IEEE …
     Year 2004
     Abstract Automated EBT SLATE 6. Ideal Traceability. Fully dynamic, 100% precise, full support for automation  Techniques in areas 2 and 3 require the user to manually define links and related attributes, which then support some level of automation of traceability supported activities
     Url https://ieeexplore.ieee.org/abstract/document/1335680/


     Search term "Automation"+"Traceability"
     Title Tracking and traceability solution using a novel material handling system
     Author ['A Mousavi', 'M Sarhadi', 'S Fawcett', 'S Bowles']
     Venue Innovative Food Science …
     Year 2005
     Abstract This in itself has the potential for improvements in plant operations and product quality. 8. Conclusions. Automation and material traceability in meat processing industry where human factors are crucial in production process is a challenging task
     Url https://www.sciencedirect.com/science/article/pii/S1466856404001055


     Search term "Automation"+"Traceability"
     Title Processing and packaging automation systems: a review
     Author ['NP Mahalik']
     Venue Sensing and Instrumentation for Food Quality and …
     Year 2009
     Abstract in smart packaging materials, the examples of nanotechnology in packaging, material handling systems, application of robotics, non-destructive inspection methods, packaging execution systems (PES), distributed control and automation systems, traceability, and finally OMAC
     Url https://link.springer.com/article/10.1007/s11694-009-9076-2


     Search term "Automation"+"Traceability"
     Title Standard process monitoring and traceability programming in collaborative CAD/CAM/CNC manufacturing scenarios
     Author ['JG Campos', 'LR Miguez']
     Venue Computers in Industry
     Year 2011
     Abstract In our proposed approach, CNC controllers can interpret and automatically execute programmed monitoring and traceability commands (traceability nc_function), allowing automation of main traceability activities performed in a collaborative manufacturing scenario, as follows
     Url https://www.sciencedirect.com/science/article/pii/S0166361510001314


     Search term "Automation"+"Traceability"
     Title Does bacteriology laboratory automation reduce time to results and increase quality management?
     Author ['O Dauwalder', 'L Landrieve', 'F Laurent']
     Venue Clinical Microbiology …
     Year 2016
     Abstract Standardization (ISO) publication, ISO 15189. Laboratory automation could facilitate adherence to the standards, particularly in managing the operational processes. Automated systems provide greater traceability compared.
     Url https://www.sciencedirect.com/science/article/pii/S1198743X15009787


     Search term "Automation"+"Traceability"
     Title Automating requirements traceability: Beyond the record & replay paradigm
     Author ['A Egyed', 'P Grunbacher']
     Venue Proceedings 17th IEEE International …
     Year 2002
     Abstract Page 1. Automating Requirements Traceability: Beyond the Record & Replay Paradigm Alexander Egyed Paul Grünbacher Teknowledge Corporation Systems Engineering and Automation 4640 Admiralty Way, Suite 231 Johannes Kepler University
     Url https://ieeexplore.ieee.org/abstract/document/1115010/


     Search term "Automation"+"Traceability"
     Title Requirements dependability and traceability in automation systems
     Author ['J Valkonen']
     Venue Enlarged Halden Programme Group Meeting, EHPG …
     Year 2007
     Abstract The report describes the research efforts performed during the author's secondee period at the Halden Reactor Project. The report is divided into four parts summarizing the tasks carried out during the research period. The first documented task during the secondment
     Url https://cris.vtt.fi/en/publications/requirements-dependability-and-traceability-in-automation-systems


     Search term "Automation"+"Traceability"
     Title Requirements on engineering tools for increasing reuse in industrial automation
     Author ['CR Magar', 'N Jazdi', 'P Göhner']
     Venue ETFA2011
     Year 2011
     Abstract In other words, the influencing factors on development of the industrial automation system are at any time detectable. Traceability forwards implies that at the beginning and during the entire engineering process it is clear, which repercussions the selection of an artifact has
     Url https://ieeexplore.ieee.org/abstract/document/6058976/


     Search term "Automation"+"Traceability"
     Title Consistent Identification and Traceability of Objects as an Enabler for Automation in the Steel Processing Industry
     Author ['H Zsifkovits', 'J Kapeller', 'H Reiter', 'C Weichbold']
     Venue Industry 4.0 for …
     Year 2020
     Abstract 163 6.1 Introduction An intelligent product in manufacturing systems is a physical product that  can itself provide data for its own, virtual image in the manufactur- ing process (Kagermann et  al. 2013). Thus, a basis is provided at all times 6 Consistent Identification and Traceability of
     Url https://library.oapen.org/bitstream/handle/20.500.12657/22857/1007304.pdf?sequence=1#page=190


     Search term "Automation"+"Traceability"
     Title Tracking and traceability in the meat processing industry: a solution
     Author ['A Mousavi', 'M Sarhadi', 'A Lenk', 'S Fawcett']
     Venue British Food Journal
     Year 2002
     Abstract Meghen, 2000). The second category may be defined as traceability of material within the framework of material handling devices and automation (Pilz, 2000). The solution introduced in this paper falls into the second category. The
     Url https://www.emerald.com/insight/content/doi/10.1108/00070700210418703/full/html


     Search term "Automation"+"Traceability"
     Title An intelligent value stream-based approach to collaboration of food traceability cyber physical system by fog computing
     Author ['RY Chen']
     Venue Food Control
     Year 2017
     Abstract From the emerging technologies forthcoming for industry automation, future advanced food traceability system must consider not only cyber physical system (CPS) and fog computing but also value-added business in food supply chain
     Url https://www.sciencedirect.com/science/article/pii/S0956713516303565


     Search term "Automation"+"Traceability"
     Title Traceability of food products: General framework and experimental evidence
     Author ['A Regattieri', 'M Gamberi', 'R Manzini']
     Venue Journal of food engineering
     Year 2007
     Abstract Clearly, product lead times, equipment required, the degree of process automation, and other process information all have a direct impact on traceability. In practice, different technical solutions can be used in a traceability system (alphanumerical code, bar code, or RFID)
     Url https://www.sciencedirect.com/science/article/pii/S0260877406006893


     Search term "Automation"+"Traceability"
     Title An end-to-end industrial software traceability tool
     Author ['HU Asuncion', 'F François', 'RN Taylor']
     Venue Proceedings of the the 6th joint …
     Year 2007
     Abstract In this paper we attempt to combine end-to-end requirements traceability and process traceability. We present our insights in designing a software traceability tool at Wonderware, a mid-sized software development company known for producing industrial automation software
     Url https://dl.acm.org/doi/abs/10.1145/1287624.1287642


     Search term "Automation"+"Traceability"
     Title Effective requirements traceability: Models, tools, and practices
     Author ['V Kirova', 'N Kirby', 'D Kothari']
     Venue Bell Labs Technical …
     Year 2008
     Abstract General purpose tools. Small co-located teams working on small projects (of typically a few tens to a hundred requirements) do not need sophisticated traceability tools and automation. A simple spread- sheet that tracks the linkages and dependencies will work well
     Url https://onlinelibrary.wiley.com/doi/abs/10.1002/bltj.20272


     Search term "Automation"+"Traceability"
     Title Automating software traceability in very small companies: A case study and lessons learne
     Author ['C Neumuller', 'P Grunbacher']
     Venue 21st IEEE/ACM International …
     Year 2006
     Abstract Instead, a traceability environment was set up to support engineers better in their daily tasks. Automation plays a central role in making traceability attractive for engineers by collecting trace links and en- abling them to focus on utilizing trace links
     Url https://ieeexplore.ieee.org/abstract/document/4019570/


     Search term "Automation"+"Traceability"
     Title Non functional requirement traceability automation-An mobile multimedia approach
     Author ['J Selvakumar', 'M Rajaram']
     Venue Journal of Computer Science
     Year 2012
     Abstract Requirements Engineering (RE) is the area of software engineering that deals with the discovery and specification of the objectives for the system under development and the environment in which it is used including the human activities it supports. Requirement
     Url http://citeseerx.ist.psu.edu/viewdoc/download?doi=10.1.1.685.9774&rep=rep1&type=pdf


     Search term "Automation"+"Traceability"
     Title Assessing traceability—practical experiences and lessons learned
     Author ['G Regan', 'M Biro', 'D Flood']
     Venue Journal of Software …
     Year 2015
     Abstract Considering all of the aforementioned discussion, the need for the automation of assessing and maintaining traceability is imminent  As discussed earlier, there is imminent need for the automation of traceability assessment and maintenance
     Url https://onlinelibrary.wiley.com/doi/abs/10.1002/smr.1728


     Search term "Automation"+"Traceability"
     Title A Study on the Requirements Traceability in the Development of CANDU Core Management Procedure Automation System
     Author ['S Lee', 'D Park', 'H Suh', 'S Kim', 'C Yeom']
     Venue KNS Conference, Spring
     Year 2006
     Abstract Requirements traceability is intended to ensure continuous alignment between client's requirements and various outputs of the system development process. Requirements Traceability is defined by IEEE Standard Glossary of Software Engineering Terminology as
     Url https://www.osti.gov/etdeweb/biblio/20794741


     Search term "Automation"+"Traceability"
     Title Survey of traceability approaches in model-driven engineering
     Author ['I Galvao', 'A Goknil']
     Venue 11th IEEE International Enterprise …
     Year 2007
     Abstract Page 1. Survey of Traceability Approaches in Model-Driven Engineering Ismênia Galv˜ao and Arda  Enterprise Computing Systems. Hence, for its successful application, MDE processes must consider traceability practices. They help
     Url https://ieeexplore.ieee.org/abstract/document/4384003/


     Search term "Automation"+"Traceability"
     Title Advances in Dynamic Generation of Traceability Links: Two Steps Closer to Full Automation
     Author ['JH Hayes', 'A Dekhtyar']
     Venue University of Kentucky …
     Year 2006
     Abstract The generation of traceability links and/or of a requirements traceability matrix (RTM) is vital to many software engineering enterprise activities. It is also person-power intensive, time-consuming, and error-prone, and lacks tool support. In this paper, we investigate the
     Url http://users.csc.calpoly.edu/~dekhtyar/publications/TR451-06.ps


     Search term "Automation"+"Traceability"
     Title Just enough requirements traceability
     Author ['J Cleland-Huang']
     Venue 30th Annual International Computer …
     Year 2006
     Abstract invest in traceability processes, were what he called “low end users” [2]. These users tended to create basic links between different types of artifacts but failed to benefit from higher levels of automation that would have increased the benefits of their traceability efforts
     Url https://ieeexplore.ieee.org/abstract/document/4020054/


     Search term "Automation"+"Traceability"
     Title Towards automated traceability assessment through augmented lifecycle space
     Author ['M Biró', 'J Klespitz', 'J Gmeiner', 'C Illibauer']
     Venue European Conference on …
     Year 2016
     Abstract weaknesses of current either homogeneous or heterogeneous tool environments intending to support development lifecycle traceability, this paper outlines new solutions and suggests the exploitation of emerging technologies for the automation of traceability assessment and
     Url https://link.springer.com/chapter/10.1007/978-3-319-44817-6_8


     Search term "Automation"+"Traceability"
     Title Traceability in the Greek fresh produce sector: drivers and constraints
     Author ['B Manos', 'I Manikas']
     Venue British food journal
     Year 2010
     Abstract transparency. Labeling automation with the implementation of shop floor bar‐coding and scanning technologies in cooperatives has the potential to improve fresh produce traceability and logistics efficiency. Furthermore, the
     Url https://www.emerald.com/insight/content/doi/10.1108/00070701011052727/full/html


     Search term "Automation"+"Traceability"
     Title A traceability process assessment model for the medical device domain
     Author ['G Regan', 'M Biro', 'F Mc Caffery', 'K Mc Daid']
     Venue European Conference on …
     Year 2014
     Abstract 6 Automation of Traceability Assessment and Maintenance: The Future of Traceability Best Practices As discussed in section 2, there is imminent need for the automation of traceability assessment and maintenance. Considering
     Url https://link.springer.com/chapter/10.1007/978-3-662-43896-1_18


     Search term "Automation"+"Traceability"
     Title Findability through Traceability-A Realistic Application of Candidate Trace Links?.
     Author ['M Borg']
     Venue ENASE
     Year 2012
     Abstract [DRAFT] Page 7. Figure 3: Types and levels of automation for IR-based traceability recovery support in impact analysis  4.4.1 Direct effects There are two main hypotheses of increasing the level of automation by deploying a traceability recovery plug-in
     Url https://www.researchgate.net/profile/Markus_Borg/publication/230560118_Findability_through_Traceability_A_realistic_application_of_candidate_trace_links/links/0912f5017a22b06b33000000/Findability-through-Traceability-A-realistic-application-of-candidate-trace-links.pdf


     Search term "Automation"+"Traceability"
     Title ARTS—an automated requirements traceability system
     Author ['M Dorfman', 'RF Flynn']
     Venue Journal of Systems and Software
     Year 1984
     Abstract Computer automation of traceability was conceived as an approach to make practical the establishment and maintenance of trace- ability for requirements hierarchies of any size [17- 19]. Lockheed Missiles & Space Company, Inc
     Url https://www.sciencedirect.com/science/article/pii/0164121284900220


     Search term "Automation"+"Traceability"
     Title Identifying requirements conflicts and cooperation: How quality attributes and automated traceability can help
     Author ['A Egyed', 'P Grunbacher']
     Venue IEEE software
     Year 2004
     Abstract Here, we investigate how requirements traceability can help address these issues. RT is the ability to describe and follow the life of a requirement, forward and backward  Conflicts and Cooperation: How Quality Attributes and Automated Traceability Can Help
     Url https://ieeexplore.ieee.org/abstract/document/1353223/


     Search term "Automation"+"Traceability"
     Title Towards rigorously defined model-to-model traceability
     Author ['N Drivalos', 'RF Paige', 'KJ Fernandes']
     Venue ECMDA Traceability …
     Year 2008
     Abstract To enhance automation, consistency and coherency, establishing and maintaining semantically rich traceabil- ity links between model elements  rich traceabil- ity links between models expressed in diverse modelling languages using case-specific traceability metamodels and
     Url https://www.researchgate.net/profile/Joao_Araujo3/publication/232179892_A_Model-Driven_Traceability_Framework_to_Software_Product_Line_Development/links/0912f50b633770961c000000/A-Model-Driven-Traceability-Framework-to-Software-Product-Line-Development.pdf#page=17


     Search term "Automation"+"Traceability"
     Title Traceability rearmed
     Author ['J David', 'M Koegel', 'H Naughton']
     Venue 2009 33rd Annual IEEE …
     Year 2009
     Abstract In this paper, we propose a novel approach to support the automation of traceability link recovery based on Asso- ciation Rule Mining and operation-based change tracking. Traceability link recovery is the activity of finding missing or lost traceability links
     Url https://ieeexplore.ieee.org/abstract/document/5254243/


     Search term "Automation"+"Traceability"
     Title Supporting software understanding with automated requirements traceability
     Author ['A Egyed', 'P Grünbacher']
     Venue International Journal of Software …
     Year 2005
     Abstract In a case study using an open source software application we demonstrate that the approach is capable of dealing with large-scale systems and delivers valid results. Keywords: Software understanding; software traceability; automation. 1. Introduction
     Url https://www.worldscientific.com/doi/abs/10.1142/S0218194005002464


     Search term "Automation"+"Traceability"
     Title A systematic literature review of traceability approaches between software architecture and source code
     Author ['MA Javed', 'U Zdun']
     Venue Proceedings of the 18th International Conference on …
     Year 2014
     Abstract It distinguishes various aspects of traceability be- tween software architecture and the source code, including the nature of the approaches, automation of traceability ap- proaches, types of traceability relations, granularity of trace- ability approaches, traceability direction, and
     Url https://dl.acm.org/doi/abs/10.1145/2601248.2601278


     Search term "Automation"+"Traceability"
     Title Construction and implementation of fishery product quality traceability system based on the flow code of aquaculture
     Author ['Y Xinting', 'S Chuanheng', 'Q Jianping']
     Venue Transactions of the …
     Year 2008
     Abstract 4, WENG Dao-lei,XU Shu-ping,WANG Dao-bin,WANG Shu-juan (College of Automation, Chongqing University,Chongqing 400044,China);Automation Identification Technology of Food Traceability System[J];Journal of Chongqing Institute of Technology(Natural Science);2008
     Url http://en.cnki.com.cn/Article_en/CJFDTotal-NYGU200802031.htm


     Search term "Automation"+"Traceability"
     Title Thai Shrimp Exporters Use RFID for Automation Traceability
     Author ["MC O'Connor"]
     Venue NA
     Year NA
     Abstract [Not Found]
     Url [Not Found]


     Search term "Automation"+"Traceability"
     Title The quest for ubiquity: A roadmap for software and systems traceability research
     Author ['O Gotel', 'J Cleland-Huang', 'JH Hayes']
     Venue 2012 20th IEEE …
     Year 2012
     Abstract [∞] To provide automation such that traceability is encompassed within broader software & systems engineering processes, & is integral to all tool support  Total automation of high-quality traceability creation & trace maintenance (RT2)
     Url https://ieeexplore.ieee.org/abstract/document/6345841/


     Search term "Automation"+"Traceability"
     Title Towards requirements reuse by implementing traceability in agile development
     Author ['R Elamin', 'R Osman']
     Venue 2017 IEEE 41st Annual Computer …
     Year 2017
     Abstract Traceability automation methods include rule-based and information retrieval approaches [26, 27]  This implementation is expected to decrease the development effort due to the automation of traceability and requirement reusability
     Url https://ieeexplore.ieee.org/abstract/document/8029969/


     Search term "Automation"+"Traceability"
     Title Tool support for computer-aided requirement traceability in architectural design: The case of DesignTrack
     Author ['I Ozkaya', 'Ö Akin']
     Venue Automation in Construction
     Year 2007
     Abstract Requirement traceability is the commonly used term to refer to the management of the relationships that exist between design requirements and solutions throughout the design life-cycle. Enabling traceability within computer-aided design assists improving change
     Url https://www.sciencedirect.com/science/article/pii/S0926580506001221

