Showing papers for search query "Automation"+"Factory"+"Traceability"

     Search term "Automation"+"Factory"+"Traceability"
     Title IoT-enabled smart factory visibility and traceability using laser-scanners
     Author ['RY Zhong', 'X Xu', 'L Wang']
     Venue Procedia Manufacturing
     Year 2017
     Abstract algorithms, a 3D real-time visualization model is presented to achieve the real-time visibility and traceability  T. Lundholm, L. Lindberg, G. Sivard, Integration of digital factory with smart factory based on  19]C. Wang, Z. Bi, L. Xu, IoT and cloud computing in automation of assembly
     Url https://www.sciencedirect.com/science/article/pii/S235197891730286X


     Search term "Automation"+"Factory"+"Traceability"
     Title Enhancing traceability and industrial process automation through the VIRTUS middleware
     Author ['P Brizzi', 'A Lotito', 'E Ferrera', 'D Conzon']
     Venue Proceedings of the …
     Year 2011
     Abstract to support the paradigm shift towards the visions of the so- called "Factory of the  This paper aims at describing the results of a small-scale industrial automation pilot, named  inbound-outbound monitoring of goods and equipment and the implementation of traceability ser- vices
     Url https://dl.acm.org/doi/abs/10.1145/2090181.2090183


     Search term "Automation"+"Factory"+"Traceability"
     Title A RFID-enabled traceability system for the supply chain of live fish
     Author ['YC Hsu', 'AP Chen', 'CH Wang']
     Venue … Conference on Automation and …
     Year 2008
     Abstract 2004, vol. 1, pp.476-481. [14] LL Bello, Mirabella,.and N. Torrisi, “A General Approach to model traceability systems in food manufacturing chains,”. Proc. of the 10th IEEE Conference on Emerging Technologies and Factory Automation, (ETFA 2005), 19-22 Sept. 2005, Vol. 2, pp
     Url https://ieeexplore.ieee.org/abstract/document/4636124/


     Search term "Automation"+"Factory"+"Traceability"
     Title Towards a Blockchain Based Traceability Process: A Case Study from Pharma Industry
     Author ['F Chiacchio', "D D'urso", 'L Compagno']
     Venue … on Advances in …
     Year 2019
     Abstract at a physical level but, and most of all, at the informative and automation level allowing  of many improvements planned by the company which aim to modernize the factory with the  The conception of an improved traceability solution has been based on the blockchain technology
     Url https://link.springer.com/chapter/10.1007/978-3-030-30000-5_56


     Search term "Automation"+"Factory"+"Traceability"
     Title Traceability of food products: General framework and experimental evidence
     Author ['A Regattieri', 'M Gamberi', 'R Manzini']
     Venue Journal of food engineering
     Year 2007
     Abstract The automation, the high speed, the great precision (it is a practically error free system) guaranteed by a bar code structure permits  Table 1. Final financial report of differential costs for traceability system. Bovine farm and dairy, Seasoning warehouse, Packaging factory, Total
     Url https://www.sciencedirect.com/science/article/pii/S0260877406006893


     Search term "Automation"+"Factory"+"Traceability"
     Title Application of RFID tags for the overall traceability of products in cheese industries
     Author ['R Perez-Aloe', 'JM Valverde', 'A Lara']
     Venue 2007 1st Annual …
     Year 2007
     Abstract In order for the sector to improve the competitiveness, solutions with emphasis in technological innovations should be done which increases the automation and quality control in the  The main objective has been to make available to the factory the complete traceability of the
     Url https://ieeexplore.ieee.org/abstract/document/4368136/


     Search term "Automation"+"Factory"+"Traceability"
     Title RFID-enabled automation in support of factory integration
     Author ['RG Qiu']
     Venue Robotics and Computer-Integrated Manufacturing
     Year 2007
     Abstract effectively used to bridge the gap between automation and information flow by providing better traceability and reliability  The new investigation demonstrated the feasibility of utilizing standardized mechanisms to promote shop floor automation and factory system integration
     Url https://www.sciencedirect.com/science/article/pii/S073658450700018X


     Search term "Automation"+"Factory"+"Traceability"
     Title Development of generic RFID traceability services
     Author ['YS Kang', 'YH Lee']
     Venue Computers in industry
     Year 2013
     Abstract This benefit can lead to substantial advantages for the developers of a traceability system in terms of the reduction in the development manpower. This can directly lead to cost saving. Therefore, we conclude that the automation (or abstraction) is one of the main advantages of
     Url https://www.sciencedirect.com/science/article/pii/S0166361513000572


     Search term "Automation"+"Factory"+"Traceability"
     Title Tracking and traceability solution using a novel material handling system
     Author ['A Mousavi', 'M Sarhadi', 'S Fawcett', 'S Bowles']
     Venue Innovative Food Science …
     Year 2005
     Abstract Proceedings of the First International Meat Automation Congress MAC 2000, pp  and radio frequency (RF) identification equipment using the state-of-the-art factory control Programmable  Management System (DBMS) to maintain the integrity of the tracking and traceability system
     Url https://www.sciencedirect.com/science/article/pii/S1466856404001055


     Search term "Automation"+"Factory"+"Traceability"
     Title Mass-produced parts traceability system based on automated scanning of “Fingerprint of Things”
     Author ['T Takahashi', 'Y Kudo', 'R Ishiyama']
     Venue 2017 fifteenth IAPR …
     Year 2017
     Abstract Figure 2. Target of our traceability system: (a) metal bolt with logo and pear-skin finish head, (b) production mold of the metal bolt  of metal parts: (a) basic idea of FIBAR, (b) proposed design of FIBAR imaging method that realizes contactless scanning in factory automation line
     Url https://ieeexplore.ieee.org/abstract/document/7986836/


     Search term "Automation"+"Factory"+"Traceability"
     Title Recovering traceability links between code and documentation
     Author ['G Antoniol', 'G Canfora', 'G Casazza']
     Venue IEEE transactions on …
     Year 2002
     Abstract the management of huge scientific and legal literature, office automation, and the support to complex engineering projects such as software engineering projects. We believe that IR techniques can provide a way to semiautomatically recovering traceability links between the
     Url https://ieeexplore.ieee.org/abstract/document/1041053/


     Search term "Automation"+"Factory"+"Traceability"
     Title TF4SM: a framework for developing traceability solutions in small manufacturing companies
     Author ['B Bordel Sánchez', 'R Alcarria', 'D Martín', 'T Robles']
     Venue Sensors
     Year 2015
     Abstract 2.1. Automated Industrial Processes and Traceability Systems: State of the Art. The application of software engineering to industrial automation spans from manufacturing automation to process control systems and energy automation systems
     Url https://www.mdpi.com/1424-8220/15/11/29478


     Search term "Automation"+"Factory"+"Traceability"
     Title Best practices for automated traceability
     Author ['J Cleland-Huang', 'B Berenbach', 'S Clark', 'R Settimi']
     Venue Computer
     Year 2007
     Abstract classes.6 The second data set represents an event-based traceability (EBT) system that includes 54 requirements and 60 classes.5 The third data set, provided by Siemens Logistics and Automation, represents a system for automating the layout of product lines in a factory
     Url https://ieeexplore.ieee.org/abstract/document/4249808/


     Search term "Automation"+"Factory"+"Traceability"
     Title Towards an autonomous industry 4.0 warehouse: A UAV and blockchain-based system for inventory and traceability applications in big data-driven supply chain …
     Author ['TM Fernández-Caramés', 'O Blanco-Novoa']
     Venue Sensors
     Year 2019
     Abstract UAVs have already been used for traceability and inventory management applications  system where multiple UAVs carry RFID readers to aid inventory automation in a  mechanism to improve supply chain's operation efficiency Theoretical pharmaceutical factory supply chain
     Url https://www.mdpi.com/1424-8220/19/10/2394


     Search term "Automation"+"Factory"+"Traceability"
     Title Construction and implementation of fishery product quality traceability system based on the flow code of aquaculture
     Author ['Y Xinting', 'S Chuanheng', 'Q Jianping']
     Venue Transactions of the …
     Year 2008
     Abstract WANG Shu-juan (College of Automation,Chongqing University,Chongqing 400044,China); Automation Identification Technology of  Engineering,China Agricultural University,Beijing 100083,China);Design of Digital Traceability System for the Safety of Factory Pork Production
     Url http://en.cnki.com.cn/Article_en/CJFDTotal-NYGU200802031.htm


     Search term "Automation"+"Factory"+"Traceability"
     Title Standard process monitoring and traceability programming in collaborative CAD/CAM/CNC manufacturing scenarios
     Author ['JG Campos', 'LR Miguez']
     Venue Computers in Industry
     Year 2011
     Abstract Some software vendors such as Fanuc, Rockwell Automation and Siemens have implemented a common component framework  3. Data model for traceability activities  95 covers vertical integration, which refers to integration from the office through to the factory floor (integration
     Url https://www.sciencedirect.com/science/article/pii/S0166361510001314


     Search term "Automation"+"Factory"+"Traceability"
     Title Design and Development of Quality Traceability Information Management System and Safety of the Beef Production's Entire Processes [J]
     Author ['L ZAN', 'T ZHENG', 'G SHEN', 'L WANG']
     Venue Scientia Agricultura …
     Year 2006
     Abstract 1, Zhang Lei Su Weixing Hu Kunyuan Ma Lianbo (Shenyang Institute of Automation Chinese Academy of  Conservancy and Civil Engineering,China Agricultural University,Beijing 100083,China);Design of Digital Traceability System for the Safety of Factory Pork Production
     Url http://en.cnki.com.cn/Article_en/CJFDTotal-ZNYK200610020.htm


     Search term "Automation"+"Factory"+"Traceability"
     Title Traceability of on-machine tool measurement: a review
     Author ['U Mutilba', 'E Gomez-Acedo', 'G Kortaberria', 'A Olarra']
     Venue Sensors
     Year 2017
     Abstract Sensors 2017, 17(7), 1605; https://doi.org/10.3390/s17071605. Review. Traceability of On  However, the traceability of the measurement process on a machine tool is not ensured yet and measurement data is still not fully reliable enough for process control or product validation
     Url https://www.mdpi.com/1424-8220/17/7/1605


     Search term "Automation"+"Factory"+"Traceability"
     Title mIDoT: Micro identifier dot on things—A tiny, efficient alternative to barcodes, tags, or marking for industrial parts traceability
     Author ['R Ishiyama', 'Y Kudo', 'T Takahashi']
     Venue 2016 IEEE International …
     Year 2016
     Abstract electric parts. Keywords-traceability; identification; industrial informatics; quality assurance; supply chain management; factory automation; tiny parts; industrial vision; fingerprint ofthings; FIBAR I. INTRODUCTION A. Background
     Url https://ieeexplore.ieee.org/abstract/document/7474850/


     Search term "Automation"+"Factory"+"Traceability"
     Title RFID-based traceability system for architectural concrete
     Author ['R Zangroniz', 'JM Pastor', 'JJ de Dios']
     Venue … Workshop on Smart …
     Year 2010
     Abstract This paper presents a traceability system for architectural concrete panels, covering its lifetime: design, manufactur- ing, storage  His research interests include RF Identification and tracking, factory automation, intelligent manufacturing systems and systems simulation and
     Url https://ieeexplore.ieee.org/abstract/document/5759253/


     Search term "Automation"+"Factory"+"Traceability"
     Title An overview of current technologies and emerging trends in factory automation
     Author ['M Dotoli', 'A Fay', 'M Miśkowicz']
     Venue International Journal of …
     Year 2019
     Abstract can be collected/derived which have to be fulfilled for an effective application of the identified technology areas to factory automation  Product traceability: Unique identification marking of products, tracking and tracing, and quality control especially at the boundaries between
     Url https://www.tandfonline.com/doi/abs/10.1080/00207543.2018.1510558


     Search term "Automation"+"Factory"+"Traceability"
     Title Information retrieval models for recovering traceability links between code and documentation
     Author ['D Lucia']
     Venue Proceedings 2000 International Conference on …
     Year 2000
     Abstract areas, includ- ing the management of huge scientific and legal literature, office automation, and the  To demonstrate the benefits of using an IR model for recovering traceability links between  grep baseline results were thus judged quite unsatis- factory compared with IR results
     Url https://ieeexplore.ieee.org/abstract/document/883003/


     Search term "Automation"+"Factory"+"Traceability"
     Title Guided semi-automatic system testing in factory automation
     Author ['S Ulewicz', 'B Vogel-Heuser']
     Venue 2016 IEEE 14th International …
     Year 2016
     Abstract applicable in this domain, manual testing currently is the prevalent approach for testing factory automation systems. Due to this and scarce resources during testing, this results in varying test quality as well as minimal documentation. Reproducibility and traceability of performed
     Url https://ieeexplore.ieee.org/abstract/document/7819148/


     Search term "Automation"+"Factory"+"Traceability"
     Title A study to support agile methods more effectively through traceability
     Author ['A Espinoza', 'J Garbajosa']
     Venue Innovations in Systems and Software …
     Year 2011
     Abstract However, current traceability approaches are based precisely on a com- plete requirements specification document. As an example, the acquisition of traces between requirements and design as in [10,13,22,63], or the automation of traceability practices as in [15,16,23,48]
     Url https://link.springer.com/content/pdf/10.1007/s11334-011-0144-5.pdf


     Search term "Automation"+"Factory"+"Traceability"
     Title Effects on logistic operations from RFID-and EPCIS-enabled traceability
     Author ['HA Ringsberg', 'V Mirzabeiki']
     Venue British Food Journal
     Year 2014
     Abstract MA , Arrebola, G. , García, E. , Baño, J. , Harrison, M. and Kelepouris, T. (2008), “Traceability applications based on discovery services”, Proceedings of the International Conference on Emerging Technologies and Factory Automation, (EFTA), IEEE, Hamburg, Germany, pp
     Url https://www.emerald.com/insight/content/doi/10.1108/BFJ-03-2012-0055/full/html


     Search term "Automation"+"Factory"+"Traceability"
     Title RFID‐based traceability in the supply chain
     Author ['D Lee', 'J Park']
     Venue Industrial Management & Data Systems
     Year 2008
     Abstract RFID readers can scan multiple items simultaneously and this capability supports the automation of many SCM  and performs the connection process based on path connection rules which enable full traceability along the  be able to obtain the paths from f 6 to f 8 (factory 6 to
     Url https://www.emerald.com/insight/content/doi/10.1108/02635570810883978/full/html


     Search term "Automation"+"Factory"+"Traceability"
     Title Towards industrial internet of things: Crankshaft monitoring, traceability and tracking using RFID
     Author ['DMS Velandia', 'N Kaur', 'WG Whittow']
     Venue Robotics and Computer …
     Year 2016
     Abstract interested in implementing automatic identification systems, which are capable of ensuring full component process history, traceability and tracking  local server, could further be integrated with higher-level business applications facilitating seamless integration within the factory
     Url https://www.sciencedirect.com/science/article/pii/S0736584516300576


     Search term "Automation"+"Factory"+"Traceability"
     Title Performance evaluation of a traceability system. An application to the radio frequency identification technology
     Author ['E Sahin', 'Y Dallery', 'S Gershwin']
     Venue IEEE International Conference …
     Year 2002
     Abstract tracking assets during supply chain processes, monitoring work in process in factory, identifying laundry  (SKU. level or individual item level) monitored by the traceability system The degree of automation (manual, semi automatical, automatical) of the item identification and data
     Url https://ieeexplore.ieee.org/abstract/document/1176118/


     Search term "Automation"+"Factory"+"Traceability"
     Title Traceability and management of dispersed product knowledge during design and manufacturing
     Author ['MZ Ouertani', 'S Baïna', 'L Gzara', 'G Morel']
     Venue Computer-Aided Design
     Year 2011
     Abstract Advanced. Elsevier. Computer-Aided Design. Volume 43, Issue 5, May 2011, Pages 546-562. Computer-Aided Design. Traceability and management of dispersed product knowledge during design and manufacturing  2.2. Traceability for product knowledge management
     Url https://www.sciencedirect.com/science/article/pii/S0010448510000618


     Search term "Automation"+"Factory"+"Traceability"
     Title Blockchain-based traceability of inter-organisational business processes
     Author ['C Di Ciccio', 'A Cecconi', 'J Mendling', 'D Felix']
     Venue … Symposium on Business …
     Year 2018
     Abstract is the integration of IT systems in the management of processes to favour their automation  Enabling traceability of inter-organisational business processes implies the capability of tracking the status of  The Caterpillar tool [12] relies on a Global Factory SC, acting as a container
     Url https://link.springer.com/chapter/10.1007/978-3-319-94214-8_4


     Search term "Automation"+"Factory"+"Traceability"
     Title An innovative and low-cost gapless traceability system of fresh vegetable products using RF technologies and EPCglobal standard
     Author ['L Mainetti', 'L Patrono', 'ML Stefanizzi']
     Venue Computers and electronics …
     Year 2013
     Abstract The agronomist reads the NFC tag assigned to the soil portion, and the UHF RFID tag assigned to the pallet, then he save the coupling into the EPCIS. At this time, the pallet is ready to be moved to the transformation factory. 3.5. Traceability in the transformation factory
     Url https://www.sciencedirect.com/science/article/pii/S0168169913001658


     Search term "Automation"+"Factory"+"Traceability"
     Title Realising the potential of traceability: a case study research on usage and impacts of product traceability
     Author ['I Töyrylä']
     Venue NA
     Year 1999
     Abstract In his example at Nippondenso Australia, a traceability system has become a factory management system where daily production can be planned, machine/line utilisation analysed and internal or external parts shortages notified. Page 16. 16 2.1.1.6 Security applications
     Url https://aaltodoc.aalto.fi/handle/123456789/2506


     Search term "Automation"+"Factory"+"Traceability"
     Title Implementation of beef quality and safety traceability system via internet [J]
     Author ['S Guanglei', 'Z Linsen', 'D Junbiao', 'W Liguo']
     Venue Transactions of the …
     Year 2007
     Abstract 2, Sun Ying Xu Junhua Zhang Yi He Qingfeng （Department of Automation，Tsinghua University，Beijing 100084）;Web  and Civil Engineering,China Agricultural University,Beijing 100083,China);Design of Digital Traceability System for the Safety of Factory Pork Production
     Url http://en.cnki.com.cn/Article_en/CJFDTotal-NYGU200707034.htm


     Search term "Automation"+"Factory"+"Traceability"
     Title Developing WSN-based traceability system for recirculation aquaculture
     Author ['L Qi', 'J Zhang', 'M Xu', 'Z Fu', 'W Chen', 'X Zhang']
     Venue Mathematical and Computer …
     Year 2011
     Abstract sensing, medical data collection, smoke and intruder warning, building automation and home automation  Traceability labels attached on packages should be exactly the same with the virtual one  With the support of the project partner: TAU, the aquaculture factory located in
     Url https://www.sciencedirect.com/science/article/pii/S0895717710004231


     Search term "Automation"+"Factory"+"Traceability"
     Title Item-level radio-frequency identification for the traceability of food products: application on a dairy product
     Author ['P Barge', 'P Gay', 'V Merlino', 'C Tortia']
     Venue Journal of Food Engineering
     Year 2014
     Abstract The results of the experimentation are discussed in Section 4. The proposal for an RFID system for item-level traceability in a cheese factory is described in Section 5. Finally, conclusions are drawn in Section 6. Supplementary materials, consisting of a set of additional figures
     Url https://www.sciencedirect.com/science/article/pii/S0260877413005281


     Search term "Automation"+"Factory"+"Traceability"
     Title Development of an RFID‐based traceability system: Experiences and lessons learned from an aircraft engineering company
     Author ['EWT Ngai', 'TCE Cheng', 'K Lai', 'PYF Chai']
     Venue Production and …
     Year 2007
     Abstract In this case, we used Class-0 tags (read only; factory programmed), and readers that  Ngai, Cheng, Lai, Chai, Choi, and Sin: Development of an RFID-based Traceability System 560  In this case, given the automation of existing business operations, we tried to avoid making
     Url https://onlinelibrary.wiley.com/doi/abs/10.1111/j.1937-5956.2007.tb00280.x


     Search term "Automation"+"Factory"+"Traceability"
     Title A structured approach to the design and simulation-based testing of factory automation systems
     Author ['E Carpanzano', 'A Ballarino']
     Venue Proceedings of the IEEE …
     Year 2002
     Abstract of a factory automation system, it is necessary to define guidelines, methods and tools that allow to cany out the design within an overall development methodology, that permits to specify complex automation systems in an easy and safe way, to maintain traceability along the
     Url https://ieeexplore.ieee.org/abstract/document/1026062/


     Search term "Automation"+"Factory"+"Traceability"
     Title Development of a metamodel to foster interoperability along the product lifecycle traceability
     Author ['S Terzi', 'J Cassina', 'H Panetto']
     Venue Interoperability of Enterprise Software and …
     Year 2006
     Abstract in literature: Internal Traceability, which is the traceability inside the factory and the  4. Jansen-Vullers J., van Dorp A., Beulens B., (2003), Managing traceability information in  M., (1996), Electronic document management in construction using auto-ID, Automation in Construction
     Url https://link.springer.com/chapter/10.1007/1-84628-152-0_1


     Search term "Automation"+"Factory"+"Traceability"
     Title Design and realization of vegetable traceability system based on web
     Author ['H LI', 'Z FU', 'X FU', 'L ZHANG']
     Venue Jiangsu Journal of Agricultural …
     Year 2008
     Abstract WANG Shu-juan (College of Automation,Chongqing University,Chongqing 400044,China); Automation Identification Technology of  Engineering,China Agricultural University,Beijing 100083,China);Design of Digital Traceability System for the Safety of Factory Pork Production
     Url http://en.cnki.com.cn/Article_en/CJFDTotal-JSNB200805032.htm


     Search term "Automation"+"Factory"+"Traceability"
     Title General situation of food safety traceability system construction in our country [J]
     Author ['F WANG', 'Y ZHAO', 'X ZHANG']
     Venue Agriculture Network …
     Year 2008
     Abstract WANG Shu-juan (College of Automation,Chongqing University,Chongqing 400044,China); Automation Identification Technology of  Engineering,China Agricultural University,Beijing 100083,China);Design of Digital Traceability System for the Safety of Factory Pork Production
     Url http://en.cnki.com.cn/Article_en/CJFDTotal-JSJN200810044.htm


     Search term "Automation"+"Factory"+"Traceability"
     Title RFID-generated traceability for contaminated product recall in perishable food supply networks
     Author ['S Piramuthu', 'P Farahani', 'M Grunow']
     Venue European Journal of Operational …
     Year 2013
     Abstract a dynamic programming model to study the risk transmission problem in a dumpling factory in China  [7] study both internal and external traceability in agri  They find that automation is key for effective internal traceability with increased accuracy, completeness, and reliability in the
     Url https://www.sciencedirect.com/science/article/pii/S0377221712006881


     Search term "Automation"+"Factory"+"Traceability"
     Title The global supply chain is our new fab: Integration and automation challenges
     Author ['H Ehm', 'T Ponsignon']
     Venue 2011 IEEE/SEMI Advanced …
     Year 2011
     Abstract BACKEND MEETS FRONTEND One of Infineon's successful examples of integration and automation among all three  This single die tracking concept guarantees the chip traceability. B. Factory Level The manufacturing sequence of eWLB gets beyond the traditional distinction
     Url https://ieeexplore.ieee.org/abstract/document/5898164/


     Search term "Automation"+"Factory"+"Traceability"
     Title A traceability proposal for industry 4.0
     Author ['A Bougdira', 'I Akharraz', 'A Ahaitouf']
     Venue Journal of Ambient Intelligence and …
     Year 2019
     Abstract Keywords Intelligence · Intelligent traceability · Industry 4.0 · Context-modeling · Ontology · Cloud computing 1 Introduction In manufacturing, the trend is towards the smart factory and more automation of processes (Zhong et al. 2017)
     Url https://link.springer.com/content/pdf/10.1007/s12652-019-01532-7.pdf


     Search term "Automation"+"Factory"+"Traceability"
     Title Traceability in agri-food sector using RFID
     Author ['AN Nambiar']
     Venue 2010 International Symposium on Information …
     Year 2010
     Abstract In A Tomasi. Cerere: An information system supporting IEEE Symposium on Emerging Technologies and Factory traceability in the food supply chain. In Proceedings - Automation, ETFA, pages 1119 - 1124, 2006. Seventh IEEE International Conference on E-Commerce
     Url https://ieeexplore.ieee.org/abstract/document/5561567/


     Search term "Automation"+"Factory"+"Traceability"
     Title Activity-based software traceability management method and apparatus
     Author ['GM Clemm', 'AR Tate']
     Venue US Patent 7,716,649
     Year 2010
     Abstract en) *, 2007-09-20, 2009-03-26, Siemens Energy & Automation, Inc  12, International Business Machines Corporation, Application/service event root cause traceability causal and  23, 2013-04-09, International Business Machines Corporation, Software factory semantic
     Url https://patents.google.com/patent/US7716649B2/en


     Search term "Automation"+"Factory"+"Traceability"
     Title A holonic metamodel for product traceability in product lifecycle management
     Author ['S Terzi', 'H Panetto', 'G Morel']
     Venue International Journal of …
     Year 2007
     Abstract His fields of interest are production system engineering and automation, industrial production management, maintenance management and  External traceability is focused on the information about the product that are needed out of the factory; these information flows
     Url https://www.inderscienceonline.com/doi/abs/10.1504/IJPLM.2007.016292


     Search term "Automation"+"Factory"+"Traceability"
     Title Products authentication and traceability using RFID technology and OPC UA servers
     Author ['AM Gaitan', 'V Popa', 'VG Gaitan', 'AI Petrariu']
     Venue Elektronika ir …
     Year 2012
     Abstract This paper aims authentication and traceability of products in a supply chain and a simple reason of using OPC_UA_AT servers is because they contain a very good  of the IEEE 16th Conference on Emerging Technologies & Factory Automation (ETFA), IEEE, 2011, pp
     Url http://www.eejournal.ktu.lt/index.php/elt/article/view/3067


     Search term "Automation"+"Factory"+"Traceability"
     Title A traceability engine dedicated to model transformation for software engineering
     Author ['B Amar', 'H Leblanc', 'B Coulette']
     Venue ECMDA Traceability Workshop …
     Year 2008
     Abstract figure 2. For an element creation, we proceed in the following manner: the factory will be  in ATL,[10] proposes to apply a second order transformation to insert traceability rules in  the programmer must enter the code for traces generation him- self and no automation is proposed
     Url https://www.researchgate.net/profile/Joao_Araujo3/publication/232179892_A_Model-Driven_Traceability_Framework_to_Software_Product_Line_Development/links/0912f50b633770961c000000.pdf#page=7


     Search term "Automation"+"Factory"+"Traceability"
     Title Traceability of Human Error Production Defects in Automotive Manufacturing
     Author ['C Lucatello', 'C Sornkarn']
     Venue NA
     Year 2019
     Abstract other manufacturing companies dealing with the same issues. Keywords— error detection, in-and-out logging process, inputting process, technological frames, usability, traceability, process improvement, factory automation
     Url https://gupea.ub.gu.se/handle/2077/62448


     Search term "Automation"+"Factory"+"Traceability"
     Title Industry 4.0 and Internet of Things tools help streamline factory automation
     Author ['T Mark']
     Venue NA
     Year 2015
     Abstract consumers of tomorrow," Banda said, explaining that Beckhoff Automation builds efficiency  and distribution, better change forecasting, supply chain management, and product traceability  machine uptime, decreasing labor costs, conserving or consolidating factory floor space
     Url http://dastic.vn:8080/dspace/handle/TTKHCNDaNang_123456789/337

