Showing papers for search query "Automation"+"Concurrent+Engineering"+"Continuous"

     Search term "Automation"+"Concurrent+Engineering"+"Continuous"
     Title Concurrent engineering: new rules for world-class companies
     Author ['SG Shina']
     Venue IEEE Spectrum
     Year 1991
     Abstract TQM applles a set of principles to focus continuous attention on qual- ity at every step of design, development, and  He has worked on the DODs concurrent engineering effort for four years and has developed methods for applying de- sign automation of concurrent
     Url https://ieeexplore.ieee.org/abstract/document/83462/


     Search term "Automation"+"Concurrent+Engineering"+"Continuous"
     Title Concurrent engineering: automation, tools, and techniques
     Author ['A Kusiak']
     Venue NA
     Year 1992
     Abstract Page 1. Concurrent Engineering Automation. Tools. and Techniques Edited by Andrew Lºuisial Page 2. Page 3. Page 4. Page 5. CONCURRENT ENGINEERING S4TP-TYS-YZC3 Page 6. Page 7. CONCURRENT ENGINEERING
     Url https://books.google.com/books?hl=en&lr=&id=D0wPwKhZlIYC&oi=fnd&pg=PA1&dq=%22Automation%22+%22Concurrent+Engineering%22+%22Continuous%22&ots=_K3uUZYoT-&sig=9cj2t_kaPn74uwzMdqW2jLZPbRk


     Search term "Automation"+"Concurrent+Engineering"+"Continuous"
     Title An overview of concurrent engineering
     Author ['DR Hoffman']
     Venue … International Symposium on Product Quality and …
     Year 1998
     Abstract change is needed to revise a company's per- sonality; instead a point-of-view change is needed: change from a short-term/cost-driven orientation to a long-term/quality, continuous-improvement orienta  "Automation Roadmaps for Concurrent Engineering," High Performance
     Url https://ieeexplore.ieee.org/abstract/document/653529/


     Search term "Automation"+"Concurrent+Engineering"+"Continuous"
     Title Concurrent engineering fundamentals
     Author ['B Prasad']
     Venue NA
     Year 1996
     Abstract Nolume I) Collaboration, Commitment, Communications, Compromise, Consensus, Continuous Improvement, and  Instruction Set Computing Remote Procedure Call Systems Automation: Research and  the book describes the fundamentals of Concurrent Engineering (CE) and
     Url https://www.researchgate.net/profile/Brian_Prasad/publication/243773799_Concurrent_Engineering_Fundamentals_Volume_II_Integrated_Product_Development/links/5425cc030cf238c6ea7782bd.pdf


     Search term "Automation"+"Concurrent+Engineering"+"Continuous"
     Title Knowledge building and concurrent engineering in manufacturing automation
     Author ['FA Dubinskas']
     Venue Technology Management: the New …
     Year 1991
     Abstract knowledge-building and project management processes in an advanced concurrent engineering project in  This research examined unfolding changes in core automation team integration, the  a more chaotic fermentation vat model, characterized by continuous idea generation
     Url https://ieeexplore.ieee.org/abstract/document/183740/


     Search term "Automation"+"Concurrent+Engineering"+"Continuous"
     Title Concurrent engineering
     Author ['G Sohlenius']
     Venue CIRP annals
     Year 1992
     Abstract We are rather looking at a continuous, development, where manufacturing is chang- ing to  Taylorism 1914 3. Level High volume Automation 4. Level Flexible Automation 1950-60  Manufacturing 1970-80 Just in Time Production 1980 5. Level Concurrent Engineering 1989
     Url https://www.sciencedirect.com/science/article/pii/S000785060763251X


     Search term "Automation"+"Concurrent+Engineering"+"Continuous"
     Title Implementing concurrent engineering in small manufacturing enterprises
     Author ['JM Usher']
     Venue Engineering Management Journal
     Year 1996
     Abstract expert systems), and machines themselves (for example, exchange standards, auto-10, vision, automation)  Exhibit 2. Elements of concurrent engineering  Overall System Development Continuous improvement programs Quality function deployment Process modeling methods
     Url https://www.tandfonline.com/doi/abs/10.1080/10429247.1996.11414877


     Search term "Automation"+"Concurrent+Engineering"+"Continuous"
     Title Creativity engineering for continuous and discontinuous innovation
     Author ['JJY Lin']
     Venue 2006 Technology Management for the Global Future …
     Year 2006
     Abstract extended from the current practice of CD CD 0 C- CD a~ concurrent engineering, can be used to achieve the goal for both continuous and discontinuous innovation. I. INTRODUCTION Since the smiling-curve concept has been
     Url https://ieeexplore.ieee.org/abstract/document/4077455/


     Search term "Automation"+"Concurrent+Engineering"+"Continuous"
     Title Concurrent engineering-processes and techniques for the agile manufacturing enterprise
     Author ['SS Medhat', 'JL Rook']
     Venue NA
     Year 1997
     Abstract Training is necessary; Address the business process; - Ensure continuous improvement  References Proceedings of the International Conference on Concurrent Engineering and Electronic Design Automation (CEEDA 91), Edited by S Medhat, Woodhead Publishing
     Url https://digital-library.theiet.org/content/conferences/10.1049/cp_19970114


     Search term "Automation"+"Concurrent+Engineering"+"Continuous"
     Title Concurrent engineering: shortening lead times, raising quality, and lowering costs
     Author ['JR Hartley']
     Venue NA
     Year 2017
     Abstract Once concurrent engineering is established, the goals are continuous halving of lead times  xxii • Concurrent Engineering He would also like to express appreciation to ISATA for per  1) of the 21st International Symposium on Automotive Technology & Automation (ISATA) given
     Url https://books.google.com/books?hl=en&lr=&id=SGVQDwAAQBAJ&oi=fnd&pg=PP1&dq=%22Automation%22+%22Concurrent+Engineering%22+%22Continuous%22&ots=zj2soonwVt&sig=54Kow3PUj9UOrV7EDDfUvlvUZMc


     Search term "Automation"+"Concurrent+Engineering"+"Continuous"
     Title Automation
     Author ['MP Groover']
     Venue Production Systems, and
     Year 2001
     Abstract Versus Discrete Manufacturing Industries 104 105 5.2 Continuous Versus Discrete  Contents Chapter 6 HARDWARE COMPONENTS FOR AUTOMATION AND PROCESS  Function Deployment 728 PROCESS PLANNING AND CONCURRENT ENGINEERING 24.1 Process
     Url http://sutlib2.sut.ac.th/sut_contents/H113201.pdf


     Search term "Automation"+"Concurrent+Engineering"+"Continuous"
     Title PACT: An experiment in integrating concurrent engineering systems
     Author ['MR Cutkosky', 'RS Engelmore', 'RE Fikes']
     Venue Computer
     Year 1993
     Abstract Although concurrent engineering is almost universally advocated today, it is hard to execute when large  Robotics and Automation, IEEE CS Press, Los Alamitos, Calif., Order No  distinct representations of time (for example, discrete events, points in continuous time, intervals of
     Url https://ieeexplore.ieee.org/abstract/document/179153/


     Search term "Automation"+"Concurrent+Engineering"+"Continuous"
     Title The role of concurrent engineering in weapons system acquisition
     Author ['RI Winner', 'JP Pennell', 'HE Bertrand']
     Venue NA
     Year 1988
     Abstract [Not Found]
     Url [Not Found]


     Search term "Automation"+"Concurrent+Engineering"+"Continuous"
     Title Neuro-computing and concurrent engineering
     Author ['CH Dagli', 'P Poshyanonda', 'A Bahrami']
     Venue Concurrent engineering
     Year 1993
     Abstract In this chapter possible use of artificial neural networks for concurrent engineering is discussed. In Section 25.2 design automation in reference to design for manufacturability is examined  translates the customer requirements into a final product through continuous refinement
     Url https://link.springer.com/chapter/10.1007/978-1-4615-3062-6_25


     Search term "Automation"+"Concurrent+Engineering"+"Continuous"
     Title Successful implementation of concurrent engineering products and processes
     Author ['SG Shina']
     Venue NA
     Year 1993
     Abstract 145 RESULTS OF THE DESIGN FOR MANUFACTURABILITY EFFORT ATNORTHERN TELECOM 146 THE FUTURE CHALLENGE 1.47 Concurrent Engineering of a Polaroid Camera and Flexible Automation 150 THE NEED FOR CONCURRENT ENGINEERING 150 Page 13
     Url https://books.google.com/books?hl=en&lr=&id=1DjXr7JefGAC&oi=fnd&pg=PR11&dq=%22Automation%22+%22Concurrent+Engineering%22+%22Continuous%22&ots=ozo7xPUbRv&sig=UV9Sn0fID6BG1PdrLCyG2bb4DvM


     Search term "Automation"+"Concurrent+Engineering"+"Continuous"
     Title Sustainable production: the ultimate result of a continuous improvement
     Author ['AJ De Ron']
     Venue International Journal of Production Economics
     Year 1998
     Abstract engineering techniques are related to shop-floor  A possible way to fulfil these requirements is by a continuous improvement of industrial activ- ities with respect to  For instance, an industrial automation results in a better quality because of a better process control
     Url https://www.sciencedirect.com/science/article/pii/S092552739800005X


     Search term "Automation"+"Concurrent+Engineering"+"Continuous"
     Title Concurrent engineering: concepts, implementation and practice
     Author ['CS Syan', 'U Menon']
     Venue NA
     Year 2012
     Abstract with a whole string of actions including CAD/CAE/CAM/CIM, robotics, automation, value analysis  Figure 1.4 illustrates the concurrent engineering approach graphically. Functions such as design and engineering are integrated in terms of continuous and complete information
     Url https://books.google.com/books?hl=en&lr=&id=XmbxCAAAQBAJ&oi=fnd&pg=PR14&dq=%22Automation%22+%22Concurrent+Engineering%22+%22Continuous%22&ots=hhgeOE-uy8&sig=tOWAhAn1I8iJH3Q4Mixq-QbZY1E


     Search term "Automation"+"Concurrent+Engineering"+"Continuous"
     Title Toyota's principles of set-based concurrent engineering
     Author ['DK Sobek II', 'AC Ward', 'JK Liker']
     Venue MIT Sloan Management Review
     Year 1999
     Abstract Principles of Set-Based Concurrent Engineering In our earlier article, we described many examples of SBCE but had not yet systematized these  74, duction methods like new automation, suggestions to improve quality, reduce cost, enhance manufactura- bility, and so forth
     Url https://www.researchgate.net/profile/Jeffrey_Liker/publication/248139929_Toyota's_Principles_of_Set-Based_Concurrent_Engineering/links/54d0dfb60cf20323c21a0069.pdf


     Search term "Automation"+"Concurrent+Engineering"+"Continuous"
     Title Foundations of concurrent engineering
     Author ['L Koskela']
     Venue Concurrent Engineering in construction projects
     Year 2007
     Abstract 2.8 References Adachi, T., Enkawa, T. and Shih, LC (1995),'A concurrent engineering methodology using analogies to just-in-time  Quality Function Deployment, Productivity Press, Cambridge, MA, 369 p. Ashton, JA (1992),'Managing design for continuous improvement in a
     Url https://books.google.com/books?hl=en&lr=&id=gSp9AgAAQBAJ&oi=fnd&pg=PA12&dq=%22Automation%22+%22Concurrent+Engineering%22+%22Continuous%22&ots=bT199-r8Md&sig=v8AjD59L3Tvx312xKViazGK0QFI


     Search term "Automation"+"Concurrent+Engineering"+"Continuous"
     Title Managing integration and coordination in cross‐functional teams: an international study of Concurrent Engineering product development
     Author ['O Hauptman', 'KK Hirji']
     Venue R&D Management
     Year 1999
     Abstract Engineering process According to the CALS/CE Technical Report (Linton et al., 1991), CE principles include common goals, complete visibility by all actors of design parameters, mutual consideration of all decisions, collaboration to resolve conflicts, teamwork, and continuous
     Url https://onlinelibrary.wiley.com/doi/abs/10.1111/1467-9310.00128


     Search term "Automation"+"Concurrent+Engineering"+"Continuous"
     Title Collaborative engineering: A case study of Concurrent Engineering in a wider context
     Author ['SSA Willaert', 'R De Graaf', 'S Minderhoud']
     Venue Journal of Engineering and …
     Year 1998
     Abstract presented. Previous article in issue; Next article in issue. Keywords. Concurrent Engineering. Collaborative Engineering. Product development process. Continuous improvement. Management of change. 1. Introduction. Many articles
     Url https://www.sciencedirect.com/science/article/pii/S092347489700026X


     Search term "Automation"+"Concurrent+Engineering"+"Continuous"
     Title Fast or concurrent: the art of getting construction improved
     Author ['P Huovila', 'L Koskela']
     Venue Lean …
     Year 1997
     Abstract [Not Found]
     Url [Not Found]


     Search term "Automation"+"Concurrent+Engineering"+"Continuous"
     Title A decision support system for product design in concurrent engineering
     Author ['L Xu', 'Z Li', 'S Li', 'F Tang']
     Venue Decision support systems
     Year 2007
     Abstract system for helping project managers and design/development engineers in their decision-making activities within a concurrent engineering environment  the above, we have described the evaluation universe and fuzzy numbers in which the evaluation universe is not continuous
     Url https://www.sciencedirect.com/science/article/pii/S0167923604002581


     Search term "Automation"+"Concurrent+Engineering"+"Continuous"
     Title Concurrent engineering in the construction industry
     Author ['PED Love', 'A Gunasekaran']
     Venue Concurrent Engineering
     Year 1997
     Abstract a great improvement in performance and productivity has been achieved through the application of Concurrent Engineering (CE)  The CE approach to product development seeks continuous process improve- ment : increased organisational effectiveness and efficiency, the
     Url https://journals.sagepub.com/doi/abs/10.1177/1063293X9700500207


     Search term "Automation"+"Concurrent+Engineering"+"Continuous"
     Title Introducing traceability and consistency checking for change impact analysis across engineering tools in an automation solution company: an experience report
     Author ['A Demuth', 'R Kretschmer', 'A Egyed']
     Venue 2016 IEEE International …
     Year 2016
     Abstract However, concurrent engineering is quite problematic in domains where different engineering domains and  Automation, a leading company in the areas of production automation and prod  and the corresponding software controller when both are subject to continuous change
     Url https://ieeexplore.ieee.org/abstract/document/7816505/


     Search term "Automation"+"Concurrent+Engineering"+"Continuous"
     Title Design for manufacturability & concurrent engineering: How to design for low cost, design in high quality, design for lean manufacture, and design quickly for …
     Author ['DM Anderson']
     Venue NA
     Year 2003
     Abstract Spec, but Many at Tolerance Extreme, 282 Figure 10-2: Continuous Improvement Curve  From 1977 to 1983, his own company, Anderson Automation, Inc., generated design  As the ultimate concurrent engineering experience, he personally built the equipment he designed and
     Url https://books.google.com/books?hl=en&lr=&id=9st-HiYJhwcC&oi=fnd&pg=PA1&dq=%22Automation%22+%22Concurrent+Engineering%22+%22Continuous%22&ots=a4RqNfmZRZ&sig=1WqIhR7luqxqigAv-vNFY9tcooo


     Search term "Automation"+"Concurrent+Engineering"+"Continuous"
     Title State of the art of the concurrent engineering technique in the automotive industry
     Author ['SM Sapuan', 'MR Osman', 'Y Nukman']
     Venue Journal of Engineering …
     Year 2006
     Abstract 3. Concurrent engineering in automotive chassis design  wherever possible and identified that in order to achieve this it is important to design the product for automation  pul-forming machine in the design of an automotive leaf spring is employed where a continuous low-labour
     Url https://www.tandfonline.com/doi/abs/10.1080/09544820500275511


     Search term "Automation"+"Concurrent+Engineering"+"Continuous"
     Title Concurrent engineering design tool and method
     Author ['DH Sebastian']
     Venue US Patent 5,552,995
     Year 1996
     Abstract Concurrent engineering aims to integrate product design and manufacturing cycles in a systematic way to facilitate the swift, cost-effective progression of new  the part in frames of feature information, the present invention has the ability to reason and to enable automation of the
     Url https://patents.google.com/patent/US5552995A/en


     Search term "Automation"+"Concurrent+Engineering"+"Continuous"
     Title Assessing organizational readiness for implementing concurrent engineering practices and collaborative technologies
     Author ['HM Karandikar', 'ME Fotta', 'M Lawson']
     Venue … Second Workshop on …
     Year 1993
     Abstract such method and a supporting tool - the Readiness Assessment for Concurrent Engineering (RACE)  Organization Team integration, empowerment, training and education, automation support  should move from occumng only early in development to continuous contact where
     Url https://ieeexplore.ieee.org/abstract/document/263060/


     Search term "Automation"+"Concurrent+Engineering"+"Continuous"
     Title Concurrent engineering and design for manufacture of electronics products
     Author ['SG Shina']
     Venue NA
     Year 2012
     Abstract CONTENTS xiii 9 10 11 12 8.3 Design for automation and robotics 8.4 Examples of  worldwide competitive position in the manufacture of high-quality products through concurrent engineering (CE) and design for manufacture (DFM), continuous process improvements (CPI
     Url https://books.google.com/books?hl=en&lr=&id=8OTvBwAAQBAJ&oi=fnd&pg=PR7&dq=%22Automation%22+%22Concurrent+Engineering%22+%22Continuous%22&ots=A16fU64vmY&sig=BsT4BNbDiwN2EhP9WN6eDDsZyqs


     Search term "Automation"+"Concurrent+Engineering"+"Continuous"
     Title Modeling tradeoffs in three-dimensional concurrent engineering: a goal programming approach
     Author ['CH Fine', 'B Golany', 'H Naseraldin']
     Venue Journal of Operations management
     Year 2005
     Abstract stress the need to incorporate supply chain issues with product design and production planning (thus creating a three-dimensional concurrent engineering (3D-CE  We note that in a more realistic case, we should not expect to have a continuous function for the fidelity; rather, it is
     Url https://www.sciencedirect.com/science/article/pii/S0272696304001123


     Search term "Automation"+"Concurrent+Engineering"+"Continuous"
     Title A systems approach to service development in a concurrent engineering environment
     Author ['CC Yang']
     Venue The Service Industries Journal
     Year 2007
     Abstract Such service development requires a continuous process that begins with an  of New Service Development with Concepts of DFX in the Concurrent Engineering Environment  the realisation of innovation and technology, technical equipment, automation, information systems
     Url https://www.tandfonline.com/doi/abs/10.1080/02642060701411807


     Search term "Automation"+"Concurrent+Engineering"+"Continuous"
     Title Towards more strategic product design for manufacture and assembly: priorities for concurrent engineering
     Author ['KL Edwards']
     Venue Materials & design
     Year 2002
     Abstract DFMA as an integral part of a concurrent engineering team working environment is assured  The introduction of automation may result in a cheaper product but one that is quite uneconomical to repair. •  Avoid slow processes and design for high speed continuous processes
     Url https://www.sciencedirect.com/science/article/pii/S026130690200050X


     Search term "Automation"+"Concurrent+Engineering"+"Continuous"
     Title A decomposition method for concurrent design of mixed discrete/continuous systems
     Author ['JM Ford', 'CL Bloebaum']
     Venue NA
     Year NA
     Abstract [Not Found]
     Url [Not Found]


     Search term "Automation"+"Concurrent+Engineering"+"Continuous"
     Title Concurrent engineering tools: Are the human issues being ignored?
     Author ['N King', 'A Majchrzak']
     Venue IEEE Transactions on engineering …
     Year 1996
     Abstract For example, Zuboff found that developers of manufacturing automation projects believed that  For example, the objective of the concurrent engineering environment (CEE) CE tool is to  design system (IDS) to “allow iterations between phases, provide continuous analysis and
     Url https://ieeexplore.ieee.org/abstract/document/509984/


     Search term "Automation"+"Concurrent+Engineering"+"Continuous"
     Title A concurrent engineering-oriented design database representation model
     Author ['D Xue', 'H Yang']
     Venue Computer-Aided Design
     Year 2004
     Abstract Fig. 1. Architecture of the concurrent engineering-oriented design database modeling system  Behaviors are classified into different categories in the CE-DDRM, including continuous-time behaviors, discrete-time behaviors, and state-transition behaviors
     Url https://www.sciencedirect.com/science/article/pii/S0010448503002045


     Search term "Automation"+"Concurrent+Engineering"+"Continuous"
     Title A comparison of approaches to concurrent engineering
     Author ['S Dowlatshahi']
     Venue The International Journal of Advanced Manufacturing …
     Year 1994
     Abstract Cadillac has embarked on improvement of operations through continuous training, exchange of information, and departmental  7. R. Miller, "Concept engineering: factory automation's missing front end", Manufacturing Systems, pp  Approaches to Concurrent Engineering 113
     Url https://link.springer.com/content/pdf/10.1007/BF01750417.pdf


     Search term "Automation"+"Concurrent+Engineering"+"Continuous"
     Title IDEF family of methods for concurrent engineering and business re-engineering applications
     Author ['RJ Mayer', 'MK Painter', 'PS de Witte']
     Venue NA
     Year 1994
     Abstract Page 1. 1 IDEF Family of Methods for Concurrent Engineering and Business Re-engineering Applications  In today's environment, system implementors in Corporate Information Management (CIM), Concurrent Engineering (CE), and Computer Integrated Manufacturing face two
     Url http://www.iso.staratel.com/IDEF/BPR/IDEFFAMI.pdf


     Search term "Automation"+"Concurrent+Engineering"+"Continuous"
     Title Concurrent engineering
     Author ['A Lowenstein', 'S Schlosser']
     Venue … Test Conference 1990
     Year 1990
     Abstract To implement an integrated and continuous validation process, feedback data must be captured, analyzed, and used in order to  [PCA 881 Guide to the Automation cf _a Concurrent Engineering Frocess, Prospective Computer Analysts, Inc., Roslyn, NY, December 1988
     Url https://ieeexplore.ieee.org/abstract/document/114028/


     Search term "Automation"+"Concurrent+Engineering"+"Continuous"
     Title Introduction to concurrent engineering
     Author ['CS Syan']
     Venue Concurrent Engineering
     Year 1994
     Abstract with a whole string of actions including CAD/CAE/CAM/CIM, robotics, automation, value analysis  Figure 1.4 illustrates the concurrent engineering approach graphically. Functions such as design and engineering are integrated in terms of continuous and complete information
     Url https://link.springer.com/chapter/10.1007/978-94-011-1298-7_1


     Search term "Automation"+"Concurrent+Engineering"+"Continuous"
     Title Data management system for concurrent engineering
     Author ['GA Van Huben', 'JL Mueller']
     Venue US Patent 6,035,297
     Year 2000
     Abstract US6035297A - Data management system for concurrent engineering - Google Patents. Data management system for concurrent engineering. Download PDF Info. Publication number US6035297A. US6035297A US08/847,393
     Url https://patents.google.com/patent/US6035297A/en


     Search term "Automation"+"Concurrent+Engineering"+"Continuous"
     Title Design for manufacturability: how to use concurrent engineering to rapidly develop low-cost, high-quality products for lean production
     Author ['DM Anderson']
     Venue NA
     Year 2020
     Abstract Page 2. Design for Manufacturability How to Use Concurrent Engineering to Rapidly Develop Low-Cost, High-Quality Products for Lean Production Second Edition David M. Anderson Page 3  |Concurrent engineering. | BISAC: BUSINESS & ECONOMICS / Quality Control
     Url https://books.google.com/books?hl=en&lr=&id=h7fjDwAAQBAJ&oi=fnd&pg=PT23&dq=%22Automation%22+%22Concurrent+Engineering%22+%22Continuous%22&ots=GMYYZ9pi-x&sig=MIXrU2z0I4XBlAeNCpFvGuezOkw


     Search term "Automation"+"Concurrent+Engineering"+"Continuous"
     Title Converting computer‐integrated manufacturing into an intelligent information system by combining CIM with concurrent engineering and knowledge management
     Author ['B Prasad']
     Venue Industrial Management & Data Systems
     Year 2000
     Abstract This includes methodologies, such as continuous process improvements (CPI), quality function  Since then, many interpretations of “concurrent engineering (CE)” have emerged in literature  productivity improvement to a complete push‐button type automation, depending upon
     Url https://www.emerald.com/insight/content/doi/10.1108/02635570010349104/full/html


     Search term "Automation"+"Concurrent+Engineering"+"Continuous"
     Title Representing and aggregating engineering quantities with preference structure for set-based concurrent engineering
     Author ['YE Nahm', 'H Ishikawa']
     Venue Concurrent Engineering
     Year 2005
     Abstract More impor- tantly, in the concurrent engineering design envi- ronment, since multiple functions often generate different sets of solutions from  two kinds of new engineering quantities, called 'preference number' (PN) and 'preference graph' (PG), to represent continuous set and
     Url https://journals.sagepub.com/doi/abs/10.1177/1063293X05053797


     Search term "Automation"+"Concurrent+Engineering"+"Continuous"
     Title Design for control-a concurrent engineering approach for mechatronic systems design
     Author ['Q Li', 'WJ Zhang', 'L Chen']
     Venue IEEE/ASME transactions on …
     Year 2001
     Abstract can take either a discrete form or a continuous form  She also has many years of experience in the industry as an automation engineer before  LI et al.: DESIGN FOR CONTROL—A CONCURRENT ENGINEERING APPROACH FOR MECHATRONIC SYSTEMS DESIGN 169
     Url https://ieeexplore.ieee.org/abstract/document/928731/


     Search term "Automation"+"Concurrent+Engineering"+"Continuous"
     Title Concurrent engineering: a competitive strategy for process industries
     Author ['A Gunasekaran']
     Venue Journal of the Operational Research …
     Year 1998
     Abstract Process industries Application of concurrent engineering  cycle Large batch production Mixing/blending High volume and low variety Continuous material flow Business process reengineering, JIT, involvement of suppliers, automation such as robots, supply chain
     Url https://orsociety.tandfonline.com/doi/abs/10.1057/palgrave.jors.2600549


     Search term "Automation"+"Concurrent+Engineering"+"Continuous"
     Title Designing design processes in decision-based concurrent engineering
     Author ['B Bras', 'F Mistree']
     Venue SAE transactions
     Year 1991
     Abstract computer models of design processes be "designed" to suit our needs, namely, Concurrent Engineering  lead role in model development, we believe, it will ensure continuous feedback that  I T DECISION SUPPORT AUTOMATION O Ideation, CAD, O Artisfs conception, Solid
     Url https://www.jstor.org/stable/44581197


     Search term "Automation"+"Concurrent+Engineering"+"Continuous"
     Title New product development in multi-location RD organization: A concurrent engineering approach
     Author ['TO Kowang', 'A Rasli']
     Venue African Journal of Business …
     Year 2011
     Abstract efficiency concurrent new product development engineering process in multi-located research and development organizations were driven by “application of concurrent engineering tools”, followed by “top-down concurrent engineering approach” and “continuous improvement”
     Url https://academicjournals.org/journal/AJBM/article-abstract/5D070FD23834


     Search term "Automation"+"Concurrent+Engineering"+"Continuous"
     Title Composite forms of organization as a strategy for concurrent engineering effectiveness
     Author ['FM Hull', 'PD Collins', 'JK Liker']
     Venue IEEE Transactions on …
     Year 1996
     Abstract This composite is a meld of three sets of concurrent engineering (CE) practices: early simultaneous influence (ESI) in product design  Programmable automation in manufacturing, as well as flexible methods of workflow organization, has enhanced the capability of plants to more
     Url https://ieeexplore.ieee.org/abstract/document/509979/


     Search term "Automation"+"Concurrent+Engineering"+"Continuous"
     Title Concurrent engineering design tool and method
     Author ['D Sebastian', 'S Pratt', 'S Muthuswamy', 'DJ Kniep']
     Venue US Patent …
     Year 1998
     Abstract US5822206A - Concurrent engineering design tool and method - Google Patents. Concurrent engineering design tool and method. Download PDF Info. Publication number US5822206A. US5822206A US08/706,385 US70638596A
     Url https://patents.google.com/patent/US5822206A/en

