Showing papers for search query "Automation"+"Case+Study"+OR+"Case+Studies"+"Continuous"

     Search term "Automation"+"Case+Study"+OR+"Case+Studies"+"Continuous"
     Title ESD program management: a realistic approach to continuous measurable improvement in static control
     Author ['GT Dangelmayer']
     Venue NA
     Year 1999
     Abstract Protective Materials 54 Points to Remember 56 Chapter 5 Economic Benefits: Seven Convincing Case Studies 57 Case  59 Case Study 2: Ultrasensitive Devices 61 Device Testing 62 PWB Assembly 63 Case Study 3: Resistor Failure Due to Automation in Production
     Url https://books.google.com/books?hl=ro&lr=&id=4TOocvIyTjsC&oi=fnd&pg=PR19&dq=%22Automation%22+%22Case+Study%22+OR+%22Case+Studies%22+%22Continuous%22&ots=72Vh-aJiox&sig=-BzLs9C60EBieMJqPNdfVj8cLg0


     Search term "Automation"+"Case+Study"+OR+"Case+Studies"+"Continuous"
     Title Quality and productivity outcomes relating to continuous integration in GitHub
     Author ['B Vasilescu', 'Y Yu', 'H Wang', 'P Devanbu']
     Venue Proceedings of the 2015 …
     Year 2015
     Abstract 2 http://addamhardy.com/blog/2013/09/28/automate-all-the-things- continuous-integration-and- continuous-deployment-at-revunit  [24] report on an industrial case study conducted in five commercial organizations, and find, using interview data, that testing automation leads to
     Url https://dl.acm.org/doi/abs/10.1145/2786805.2786850


     Search term "Automation"+"Case+Study"+OR+"Case+Studies"+"Continuous"
     Title Introduction to robotics in CIM systems
     Author ['JA Rehg']
     Venue NA
     Year 1997
     Abstract 63 2-6 Path control 67 Stop-to-stop control, 68 Point-to-point control, 70 Controlled path, 72 Continuous path, 73  93 3-7 Implementing automated work cells 94 New versus existing production machines, 94 Fixed versus flexible automation, 94 3-8 Automation case study 96 Case
     Url https://pdfs.semanticscholar.org/bc84/a1f2db57927a2c815a9657415246be0c16df.pdf


     Search term "Automation"+"Case+Study"+OR+"Case+Studies"+"Continuous"
     Title DevOps adoption benefits and challenges in practice: a case study
     Author ['L Riungu-Kalliosaari', 'S Mäkinen', 'LE Lwakatare']
     Venue … Conference on Product …
     Year 2016
     Abstract We conducted a qualitative multiple-case study and interviewed the representatives of three software  can increase the frequency of releases and improve test automation practices  Continuous releases enable a more experimental approach and rapid feedback collection
     Url https://link.springer.com/chapter/10.1007/978-3-319-49094-6_44


     Search term "Automation"+"Case+Study"+OR+"Case+Studies"+"Continuous"
     Title Understanding DevOps & bridging the gap from continuous integration to continuous delivery
     Author ['M Virmani']
     Venue Fifth International Conference on the Innovative …
     Year 2015
     Abstract Continuous Testing  B. How to bridge the gap : case study There are two key pieces to address the business problem stated above – one being deployment automation tools (eg IBM uDeploy) and second being cloud based resource provider (eg IBM SmartCloud Orchestrator)[7
     Url https://ieeexplore.ieee.org/abstract/document/7173368/


     Search term "Automation"+"Case+Study"+OR+"Case+Studies"+"Continuous"
     Title Efficient and change-resilient test automation: An industrial case study
     Author ['S Thummalapenta', 'P Devaki', 'S Sinha']
     Venue 2013 35th …
     Year 2013
     Abstract time investment: as the application or its environment evolves, test scripts demand continuous patching  novel features that are designed to lower the cost of initial test automation significantly  In this paper, we present a detailed case study in the context of a challenging production
     Url https://ieeexplore.ieee.org/abstract/document/6606650/


     Search term "Automation"+"Case+Study"+OR+"Case+Studies"+"Continuous"
     Title Simulation as a tool for continuous process improvement
     Author ['M Adams', 'P Componation', 'H Czarnecki']
     Venue Proceedings of the 31st …
     Year 1999
     Abstract To be most effective, simulation models should be developed that apply continuous improvement concepts  The manufacturers discussed in the case studies are clients of the University of Alabama  ADAMS is a senior research scientist in the Center for Automation and Robotics
     Url https://dl.acm.org/doi/pdf/10.1145/324138.324475


     Search term "Automation"+"Case+Study"+OR+"Case+Studies"+"Continuous"
     Title Continuous and hybrid Petri nets
     Author ['H Alla', 'R David']
     Venue Journal of Circuits, Systems, and Computers
     Year 1998
     Abstract 1 Jan 2015 | IEEE Transactions on Automation Science and Engineering, Vol. 12, No  1 Sep 2013. On the use of IPA in performance optimization of continuous marked graphs: A case study. Carla Seatzu and Yorai Wardi. 1 Sep 2013
     Url https://www.worldscientific.com/doi/abs/10.1142/s0218126698000079


     Search term "Automation"+"Case+Study"+OR+"Case+Studies"+"Continuous"
     Title Continuous determination of volatile products in anaerobic fermenters by on-line capillary gas chromatography
     Author ['V Diamantis', 'P Melidis', 'A Aivasidis']
     Venue Analytica chimica acta
     Year 2006
     Abstract and connected to the fermenter via an auto-sampling equipment, which could perform the feeding, filtration and dilution of the sample and final injection into the gas chromatograph through an automation-based programmed  3.3. Case study 3: continuous fermentation of
     Url https://www.sciencedirect.com/science/article/pii/S0003267006010361


     Search term "Automation"+"Case+Study"+OR+"Case+Studies"+"Continuous"
     Title Principles of analytic monitoring for continuous assurance
     Author ['MA Vasarhelyi', 'MG Alles', 'A Kogan']
     Venue Journal of emerging technologies …
     Year 2004
     Abstract (2014) Continuous Auditing and Continuous Monitoring in ERP Environments: Case Studies of Application Implementations. Journal of Information Systems 28:1, 287-310  (2013) Formalization of Standards, Automation, Robots, and IT Governance
     Url https://aaapubs.org/doi/abs/10.2308/jeta.2004.1.1.1


     Search term "Automation"+"Case+Study"+OR+"Case+Studies"+"Continuous"
     Title Haptic shared control: smoothly shifting control authority?
     Author ['DA Abbink', 'M Mulder', 'ER Boer']
     Venue Cognition, Technology & Work
     Year 2012
     Abstract 3 Case studies on automotive haptic shared control  However, sometimes, subjects still fought the guiding forces, indicating the automation trajectories did not optimally match the driver's  3.2 Case study 2: Automotive steering guidance for lane changes and evasive maneuvers
     Url https://link.springer.com/article/10.1007/s10111-011-0192-5


     Search term "Automation"+"Case+Study"+OR+"Case+Studies"+"Continuous"
     Title Continuous software engineering and beyond: trends and challenges
     Author ['B Fitzgerald', 'KJ Stol']
     Venue … 1st International Workshop on Rapid Continuous …
     Year 2014
     Abstract Chang et al. [9] presented a case study of the development of a mission-critical weapons  Similar to continuous integration, there are potential benefits to this [43]  Furthermore, there is usually some level of automation of the testing process and a prioritization of test cases [39]
     Url https://dl.acm.org/doi/abs/10.1145/2593812.2593813


     Search term "Automation"+"Case+Study"+OR+"Case+Studies"+"Continuous"
     Title Continuous deployment of software intensive products and services: A systematic mapping study
     Author ['P Rodríguez', 'A Haghighatkhah', 'LE Lwakatare']
     Venue Journal of Systems and …
     Year 2017
     Abstract integration, which is a core ASD practice, mainly focuses on the automation of the  is a key aspect of CD (as our findings also confirm), continuous integration merely  To categorize available CD research according to research type (industry report, case study, experiment, survey
     Url https://www.sciencedirect.com/science/article/pii/S0164121215002812


     Search term "Automation"+"Case+Study"+OR+"Case+Studies"+"Continuous"
     Title DevOps automation and Agile methodology
     Author ['SM Mohammad']
     Venue … Journal of Creative Research Thoughts (IJCRT) …
     Year 2017
     Abstract DevOps is also associated with agile as well as continuous software development  Based on a comprehensive case study done in an enterprise with a long  Keywords: DevOps, Automation, software engineering, configuration management, agile methodology I. INTRODUCTION
     Url https://papers.ssrn.com/sol3/papers.cfm?abstract_id=3655581


     Search term "Automation"+"Case+Study"+OR+"Case+Studies"+"Continuous"
     Title Advanced air traffic automation: A case study in distributed decentralized control
     Author ['CJ Tomlin', 'GJ Pappas', 'J Košecká', 'J Lygeros']
     Venue … and Automation
     Year 1998
     Abstract Study in Distributed Decentralized Control  Preliminary studies indicate that automation can improve coordination in air traffic management systems, highway systems, chemical process  have been guided in our choice of problems by a number of detailed case studies of large
     Url https://link.springer.com/chapter/10.1007/BFb0015088


     Search term "Automation"+"Case+Study"+OR+"Case+Studies"+"Continuous"
     Title Use of Sequential Injection technique and robotics for the automation of rhFXIII fluorometric activity assay. case study
     Author ['M Guzman', 'BJ Compton']
     Venue Talanta
     Year 1993
     Abstract CASE STUDY  2. Two pumps-two valves SIA system used for the automation of rhFXII1 fluorometric assay  81t seemed that this specific appli- cation would benefit if the SI system could offer both the accuracy and robustness of the piston pump and the continuous flow capabilities
     Url https://www.sciencedirect.com/science/article/pii/003991409380119C


     Search term "Automation"+"Case+Study"+OR+"Case+Studies"+"Continuous"
     Title Innovation and Practice of Continuous Auditing1
     Author ['DY Chan', 'MA Vasarhelyi']
     Venue Continuous Auditing
     Year 2018
     Abstract Standardization of data collection and formalization of internal control policies is essential for audit automation  Vasarhelyi & Kuenkaikaew (2010) Vasarhelyi MA , Kuenkaikaew S . Continuous auditing and continuous control monitoring: case studies from leading
     Url https://www.emerald.com/insight/content/doi/10.1108/978-1-78743-413-420181013/full/html?skipTracking=true&utm_source=TrendMD&utm_medium=cpc&utm_campaign=Rutgers_Studies_in_Accounting_Analytics_TrendMD_1


     Search term "Automation"+"Case+Study"+OR+"Case+Studies"+"Continuous"
     Title Integrated scheduling and dynamic optimization of grade transitions for a continuous polymerization reactor
     Author ['A Prata', 'J Oldenburg', 'A Kroll', 'W Marquardt']
     Venue Computers & Chemical …
     Year 2008
     Abstract for the generation of reference trajectories in transient operation of continuous processes with other layers of the plant automation hierarchy can be found mostly in case studies which address the  Their case study refers to a gas-phase copolymerization fluidized bed reactor
     Url https://www.sciencedirect.com/science/article/pii/S0098135407000658


     Search term "Automation"+"Case+Study"+OR+"Case+Studies"+"Continuous"
     Title A Hierarchical structure of key performance indicators for operation management and continuous improvement in production systems
     Author ['N Kang', 'C Zhao', 'J Li', 'JA Horst']
     Venue International Journal of Production …
     Year 2016
     Abstract To effectively utilize the KPIs for continuous improvement (CI) or production control, understanding these relationships is of importance  The dependencies between KPIs and their supporting measurements are discussed in Section 5. A case study of using KPI to improve
     Url https://www.tandfonline.com/doi/abs/10.1080/00207543.2015.1136082


     Search term "Automation"+"Case+Study"+OR+"Case+Studies"+"Continuous"
     Title Applying Kaizen and automation to process reengineering
     Author ['J Lyu Jr']
     Venue Journal of Manufacturing Systems
     Year 1996
     Abstract depicted in Figure 3 demonstrates how the kaizen approach and the automation approach are  The framework includes eight stages and a PDCA cycle for continuous improvement efforts  In the case study, a top manager applies group technology to rearrange the pipe shop and
     Url https://www.sciencedirect.com/science/article/pii/0278612596823375


     Search term "Automation"+"Case+Study"+OR+"Case+Studies"+"Continuous"
     Title Multi-dimensional building performance data management for continuous commissioning
     Author ['A Ahmed', 'J Ploennigs', 'K Menzel', 'B Cahill']
     Venue Advanced Engineering …
     Year 2010
     Abstract The continuous development of wired building automation systems and the  The case study in Section 5 illustrates the benefits of DW technology by comparing the performance of analyzing energy consumption indicators of building performance. 2. DW technology
     Url https://www.sciencedirect.com/science/article/pii/S1474034610000510


     Search term "Automation"+"Case+Study"+OR+"Case+Studies"+"Continuous"
     Title The highways and country roads to continuous deployment
     Author ['M Leppänen', 'S Mäkinen', 'M Pagels', 'VP Eloranta']
     Venue Ieee …
     Year 2015
     Abstract Improved Quality and Productivity Continuous deployment emphasizes build and test automation together with a much reduced scope for each release. Seven interviewees felt this helped improve code quality and ap- plication functionality
     Url https://ieeexplore.ieee.org/abstract/document/7057604/


     Search term "Automation"+"Case+Study"+OR+"Case+Studies"+"Continuous"
     Title Design of condition based maintenance system—A case study using sound analysis and case-based reasoning
     Author ['M Bengtsson', 'E Olsson', 'P Funk']
     Venue … —An Investigation of …
     Year 2004
     Abstract in manufacturing, and indeed survival, is increasingly more difficult to ensure and it requires continuous development and  It might also be enough to take the level of automation to eg the condition  The case study did not only show that the modules specified by OSA-CBM were a
     Url https://www.researchgate.net/profile/Marcus_Bengtsson/publication/228974772_Condition_Based_Maintenance_Systems-An_investigation_of_technical_constituents_and_organizational_aspects/links/00b7d53a7d4bb7ad88000000/Condition-Based-Maintenance-Systems-An-investigation-of-technical-constituents-and-organizational-aspects.pdf#page=93


     Search term "Automation"+"Case+Study"+OR+"Case+Studies"+"Continuous"
     Title Engineering insights from an anthropocentric cyber-physical system: A case study for an assembly station
     Author ['BC Pirvu', 'CB Zamfirescu', 'D Gorecky']
     Venue Mechatronics
     Year 2016
     Abstract Engineering insights from an anthropocentric cyber-physical system: A case study for an assembly station  cyber-physical system (ACPS) as a reference model for factory automation that integrates  of labor among the ACPS components as a result of their continuous interactions
     Url https://www.sciencedirect.com/science/article/pii/S095741581500152X


     Search term "Automation"+"Case+Study"+OR+"Case+Studies"+"Continuous"
     Title Correctness of vehicle control systems-a case study
     Author ['HB Weinberg', 'N Lynch']
     Venue 17th IEEE Real-Time Systems …
     Year 1996
     Abstract This case study is part of a larger project on modelling, verifying, and analyzing problems  In [15], levels of abstraction are used to relate continuous and discrete control of a  Other case studies in modelling hybrid systems include two analyses of steam boiler controllers - one
     Url https://ieeexplore.ieee.org/abstract/document/563701/


     Search term "Automation"+"Case+Study"+OR+"Case+Studies"+"Continuous"
     Title Linear Systems Theory
     Author ['BM Chen', 'Z Lin', 'Y Shamash']
     Venue NA
     Year 2004
     Abstract Applications can be extended to industrial process control, aircraft and ship control, process automation control, and many other types of engineering systems  All results and case studies are presented in both continuous- and discrete-time settings
     Url https://www.infona.pl/resource/bwmeta1.element.springer-6742cae4-75a2-3a7c-bfde-25ec32fd2bcd


     Search term "Automation"+"Case+Study"+OR+"Case+Studies"+"Continuous"
     Title Communication feasibility analysis for smart grid with phasor measurement units
     Author ['D Ghosh', 'T Ghose', 'DK Mohanta']
     Venue IEEE Transactions on …
     Year 2013
     Abstract It uses sensors, monitoring, com- munication, automation, and computers to improve the flexi- bility  V. CASE STUDIES WITH RESULTS Four states of eastern region of India, viz., Orissa, Bihar  entire network is possible from one location, as explained by the case study for power
     Url https://ieeexplore.ieee.org/abstract/document/6469217/


     Search term "Automation"+"Case+Study"+OR+"Case+Studies"+"Continuous"
     Title Reconfigurable standardized work in a lean company–a case study
     Author ['A Pereira', 'MF Abreu', 'D Silva', 'AC Alves', 'JA Oliveira']
     Venue Procedia Cirp
     Year 2016
     Abstract A Lean company is always in a journey of continuous improvement and innovation  three explains the research methodology and the fourth section describes the case study  Lean Production methodology, the standard worN, the process documentation, the automation of Control
     Url https://www.sciencedirect.com/science/article/pii/S2212827116307612


     Search term "Automation"+"Case+Study"+OR+"Case+Studies"+"Continuous"
     Title Experiences of test automation: case studies of software test automation
     Author ['D Graham', 'M Fewster']
     Venue NA
     Year 2012
     Abstract 140 7.4 Automated Testing Solution Applied 140 7.5 Conclusion 142 Device Simulation Framework Alan Page 143 8.1 Background for the Case Study 143 8.2  xiv Contents Chapter 9 Chapter 10 8.3 8.4 8.5 8.6 8.7 8.8 Building the DSF Automation Goals Case Studies 8.5
     Url https://books.google.com/books?hl=ro&lr=&id=62pUzABIZSwC&oi=fnd&pg=PR9&dq=%22Automation%22+%22Case+Study%22+OR+%22Case+Studies%22+%22Continuous%22&ots=VLzDIptE_B&sig=erjFTWMahGKPRXP8e9dTuNj9an4


     Search term "Automation"+"Case+Study"+OR+"Case+Studies"+"Continuous"
     Title Collaborative knowledge management—A construction case study
     Author ['B Dave', 'L Koskela']
     Venue Automation in construction
     Year 2009
     Abstract Volume 18, Issue 7, November 2009, Pages 894-902. Automation in Construction  to the work carried out by the first author when employed at Pochins PLC (case study organisation)  In the model, the basis of knowledge creation in organizations is continuous interaction (transfer
     Url https://www.sciencedirect.com/science/article/pii/S0926580509000545


     Search term "Automation"+"Case+Study"+OR+"Case+Studies"+"Continuous"
     Title Control design and implementation in continuous steel casting
     Author ['SF Graebe', 'GC Goodwin']
     Venue IEEE Control Systems …
     Year 1995
     Abstract The experimental results of this case study can be gathered under the two headings of tentative  of a Compensatory Control System to Reduce Hysteresis of Steel Level Control Equipment in Continuous Casting Mold  [ 151 H. Kat0 and M. Yamasita, “New Automation and Control
     Url https://ieeexplore.ieee.org/abstract/document/408459/


     Search term "Automation"+"Case+Study"+OR+"Case+Studies"+"Continuous"
     Title Continuous-domain mathematical models for optimal process plant layout
     Author ['LG Papageorgiou', 'GE Rotstein']
     Venue Industrial & engineering …
     Year 1998
     Abstract Logo. Continuous-Domain Mathematical Models for Optimal Process Plant Layout  Abstract. This paper presents mathematical programming models for the optimal process plant layout based on a continuous dimensional space. Two
     Url https://pubs.acs.org/doi/abs/10.1021/ie980146v


     Search term "Automation"+"Case+Study"+OR+"Case+Studies"+"Continuous"
     Title Selection of lean manufacturing systems using the analytic network process–a case study
     Author ['G Anand', 'R Kodali']
     Venue Journal of Manufacturing Technology …
     Year 2009
     Abstract level integrated automation at all levels in manufacturing (and other) industries, by linking islands of automation into a  For example, Parry and Turner (2006) described three case studies about Rolls Royce, Airbus and Weston Aerospace in UK  2004) presented a case study of a
     Url https://www.emerald.com/insight/content/doi/10.1108/17410380910929655/full/html?fullSc=1


     Search term "Automation"+"Case+Study"+OR+"Case+Studies"+"Continuous"
     Title The integrated logistics management system: a framework and case study
     Author ['HN Chiu']
     Venue International Journal of Physical Distribution & …
     Year 1995
     Abstract distribution companies can overcome noticeable logistics management barriers, build store automation systems, and  pragmatic operations of an integrated logistics management system, a case study of a  persistently lower DC operation costs through continuous improvement;
     Url https://www.emerald.com/insight/content/doi/10.1108/09600039510093249/full/html


     Search term "Automation"+"Case+Study"+OR+"Case+Studies"+"Continuous"
     Title Robotic process automation: strategic transformation lever for global business services?
     Author ['L Willcocks', 'M Lacity', 'A Craig']
     Venue Journal of Information …
     Year 2017
     Abstract That night, Diana went home and began reading the following Xchanging Case Study  of how the Business Process outsourcing service company adopted robotic pro- cess automation  in seven business competencies designed to drive innovation and continuous improvement
     Url https://journals.sagepub.com/doi/abs/10.1057/s41266-016-0016-9


     Search term "Automation"+"Case+Study"+OR+"Case+Studies"+"Continuous"
     Title The Impacts of Test Automation on Software's Cost, Quality and Time to Market
     Author ['D Kumar', 'KK Mishra']
     Venue Procedia Computer Science
     Year 2016
     Abstract Test Automation Decision Support and an Industrial Case Study. Software Testing, Verification and Validation Workshops (ICSTW), 2014 IEEE Seventh International Conference on 302–311 (2014).doi:10.1109/ICSTW.2014.34 22. Fitzgerald, B. & Stol, K.-J. Continuous software
     Url https://www.sciencedirect.com/science/article/pii/S1877050916001277


     Search term "Automation"+"Case+Study"+OR+"Case+Studies"+"Continuous"
     Title Tracking control of mobile robots: A case study in backstepping
     Author ['ZP JIANGdagger', 'H Nijmeijer']
     Venue Automatica
     Year 1997
     Abstract Volume 33, Issue 7, July 1997, Pages 1393-1399. Automatica. Tracking Control of Mobile Robots: A Case Study in Backstepping  A function γ: R + → R + is of class K if γ is strictly increasing, continuous and γ(0) = 0. It is of class K ∞ if furthermore γ(x) goes to ∞ as x goes to ∞
     Url https://www.sciencedirect.com/science/article/pii/S0005109897000551


     Search term "Automation"+"Case+Study"+OR+"Case+Studies"+"Continuous"
     Title Emerging themes in agile software development: Introduction to the special section on continuous value delivery
     Author ['T Dingsøyr', 'C Lassenius']
     Venue Information and Software Technology
     Year 2016
     Abstract agile requirements engineering and use of test cases as requirements (“Multi-Case Study of Agile  of a working agile implementation, there exists a growing set of case studies, and experience  Continuous deployment takes the final step in automation, and that each change is
     Url https://www.sciencedirect.com/science/article/pii/S0950584916300829


     Search term "Automation"+"Case+Study"+OR+"Case+Studies"+"Continuous"
     Title A taxonomy of risk-based testing
     Author ['M Felderer', 'I Schieferdecker']
     Venue NA
     Year 2014
     Abstract Softw. Qual. J. 22(3), 543–575 (2014)CrossRefGoogle Scholar. 16. Felderer, M., Ramler, R.: A multiple case study on risk-based testing in industry  Graham, D., Fewster, M.: Experiences of test automation: case studies of software test automation
     Url https://link.springer.com/article/10.1007/s10009-014-0332-3


     Search term "Automation"+"Case+Study"+OR+"Case+Studies"+"Continuous"
     Title Usage, costs, and benefits of continuous integration in open-source projects
     Author ['M Hilton', 'T Tunnell', 'K Huang']
     Venue 2016 31st IEEE/ACM …
     Year 2016
     Abstract 2.1 History and Definition of CI The idea of Continuous Integration (CI) was first intro- duced in 1991 by Grady Booch [26], in the context of object- oriented design: “At regular intervals, the process of contin  The key to making this possible, according to Fowler, is automation
     Url https://ieeexplore.ieee.org/abstract/document/7582778/


     Search term "Automation"+"Case+Study"+OR+"Case+Studies"+"Continuous"
     Title White paper on continuous bioprocessing May 20–21 2014 continuous manufacturing symposium
     Author ['KB Konstantinov', 'CL Cooney']
     Venue Journal of pharmaceutical sciences
     Year 2015
     Abstract of QbD principles. The high degree of automation associated with continuous processing further increases operational consistency as it minimizes manual operations and subjective decision making. The upstream and downstream
     Url https://www.sciencedirect.com/science/article/pii/S0022354916300089


     Search term "Automation"+"Case+Study"+OR+"Case+Studies"+"Continuous"
     Title An integrated approach for warehouse analysis and optimization: A case study
     Author ['M Dotoli', 'N Epicoco', 'M Falagario', 'N Costantino']
     Venue Computers in …
     Year 2015
     Abstract approach brings to the so-called “kaizen”, that is the continuous improvement which  describing a possible reengineering proposal and the consequent future mapping of the case study  in partially automating the manufacturing process (note that partial automation is typically
     Url https://www.sciencedirect.com/science/article/pii/S0166361514002097


     Search term "Automation"+"Case+Study"+OR+"Case+Studies"+"Continuous"
     Title Dynamic construction site layout planning using max-min ant system
     Author ['X Ning', 'KC Lam', 'MCK Lam']
     Venue Automation in construction
     Year 2010
     Abstract The adoption of continuous dynamic searching scheme should be more favorable than the discrete searching scheme because  4. The Office Building Case Study  enterprise and the building design is in accordance with the so-called 5A (building automation, office automation
     Url https://www.sciencedirect.com/science/article/pii/S0926580509001277


     Search term "Automation"+"Case+Study"+OR+"Case+Studies"+"Continuous"
     Title Benefits and limitations of automated software testing: Systematic literature review and practitioner survey
     Author ['DM Rafi', 'KRK Moses', 'K Petersen']
     Venue … on Automation of …
     Year 2012
     Abstract Industrial K3: Program K9: Validation K13: Practical K4: Develop* K10: Verification K14: Case Study K15: Survey  In comparison to exper- iments and case studies only few experience reports (eg [29], [3  B.R7 B7/B8: By having complete automation the cost of AST is dramatically
     Url https://ieeexplore.ieee.org/abstract/document/6228988/


     Search term "Automation"+"Case+Study"+OR+"Case+Studies"+"Continuous"
     Title An augmented Lagrange multiplier based method for mixed integer discrete continuous optimization and its applications to mechanical design
     Author ['BK Kannan', 'SN Kramer']
     Venue NA
     Year 1994
     Abstract Contributed by the Design Automation Committee for publication in the JOURNAL OF MECHANICAL DESIGN  Case Studies in Mechanical Design In this section, five mechanical design problems involving mixed discrete  Case Study 1: Design of a Gear Train (Sandgren, 1988)
     Url https://asmedigitalcollection.asme.org/mechanicaldesign/article-abstract/116/2/405/454458


     Search term "Automation"+"Case+Study"+OR+"Case+Studies"+"Continuous"
     Title Maynard's industrial engineering handbook
     Author ['KB Zandin']
     Venue NA
     Year 2001
     Abstract Page 1. IPYKNFLGEI ^ Maynard's Industrial Engineering Handbook ^ PDF Maynard's Industrial Engineering Handbook By Zandin, Kjell; Maynard, Harold To save Maynard's Industrial Engineering Handbook PDF, remember
     Url https://rgio.org/01-54-16.pdf


     Search term "Automation"+"Case+Study"+OR+"Case+Studies"+"Continuous"
     Title Adaptive manipulator control: A case study
     Author ['JJE Slotine', 'L Weiping']
     Venue IEEE transactions on automatic control
     Year 1988
     Abstract 33, NO. 11, NOVEMBER 1988 995 Adaptive Manipulator Control: A Case Study  It is shown in [21] that the estimated parameters asymptotically converge to the true parame- ters if the matrix Y(qd, qd, qd, qd) is persistently exciting and uniformly continuous
     Url https://ieeexplore.ieee.org/abstract/document/14411/


     Search term "Automation"+"Case+Study"+OR+"Case+Studies"+"Continuous"
     Title Materials flow improvement in a lean assembly line: a case study
     Author ['I Karjalainen', 'R Domingo', 'R Alvarez', 'MM Peña']
     Venue … automation
     Year 2007
     Abstract The adopted solution is not usually automation  The empirical results drawn from the case study serve to demonstrate that an operating decision has helped to improve the  However, this improvement cannot be static and isolated, it is part of a continuous improvement strategy
     Url https://www.emerald.com/insight/content/doi/10.1108/01445150710733379/full/html


     Search term "Automation"+"Case+Study"+OR+"Case+Studies"+"Continuous"
     Title From a traditional replenishment system to vendor-managed inventory: A case study from the household electrical appliances sector
     Author ['AF De Toni', 'E Zamolo']
     Venue International Journal of Production Economics
     Year 2005
     Abstract Starting from the theoretical analysis of these two processes and this case study, six main  The continuous monitoring of customer demand indeed allows the supplier to select, in case of an  distance between the partners are related also to the IT and automation level required
     Url https://www.sciencedirect.com/science/article/pii/S0925527304000519


     Search term "Automation"+"Case+Study"+OR+"Case+Studies"+"Continuous"
     Title Off-line diagnosis of deterministic faults in continuous dynamic multivariable processes using speech recognition methods
     Author ['A Kassidas', 'PA Taylor', 'JF MacGregor']
     Venue Journal of process Control
     Year 1998
     Abstract Faults or special events which occur occasionally in continuous processes generate dynamic patterns in a  Case studies from the Tennessee Eastman plant are used to test the method and to  tCurrent address: DOFASCO Inc., Process Automation, DQC-1, PO Box 2460, Hamilton
     Url https://www.sciencedirect.com/science/article/pii/S0959152498000250

