Showing papers for search query "Automation"+"Cyber-physical+system"+OR+"Industrial+control+system"+OR+"ICS"+OR+"SCADA"+OR+"Distributed+control+system"+OR+"DCS"+"Factory"

     Search term "Automation"+"Cyber-physical+system"+OR+"Industrial+control+system"+OR+"ICS"+OR+"SCADA"+OR+"Distributed+control+system"+OR+"DCS"+"Factory"
     Title Factory management and transport automation
     Author ['MC Mora', 'V Suesta', 'L Armesto']
     Venue … and Factory Automation …
     Year 2003
     Abstract It is used in order to determine the product quantities to be transported from one location to another according to production plans and factory resources. in addition, the transport process automation integrates the fleet monitoring with a SCADA application [5] and three vehicle
     Url https://ieeexplore.ieee.org/abstract/document/1248741/


     Search term "Automation"+"Cyber-physical+system"+OR+"Industrial+control+system"+OR+"ICS"+OR+"SCADA"+OR+"Distributed+control+system"+OR+"DCS"+"Factory"
     Title Cloud Based Cyber Physical System for Factory Automation
     Author ['A Ossamah', 'A Meshari', 'A Yazed']
     Venue 2020 IEEE 6th World …
     Year 2020
     Abstract Cloud Based Cyber Physical System in a manufacturing Reference to various manufacturing processes, which entails blueprint, simulation, control and check. For purposes of data analysis, the conception of Cloud Based Cyber Physical System is somewhat novel and a
     Url https://ieeexplore.ieee.org/abstract/document/9221312/


     Search term "Automation"+"Cyber-physical+system"+OR+"Industrial+control+system"+OR+"ICS"+OR+"SCADA"+OR+"Distributed+control+system"+OR+"DCS"+"Factory"
     Title System for programming a factory automation device using a web browser
     Author ['RA Baker']
     Venue US Patent 7,035,898
     Year 2006
     Abstract Internet. Another object of the present invention is to provide remote access through a web browser to operating program information and data contained in an industrial control system having a factory automation device. Other
     Url https://patents.google.com/patent/US7035898B1/en


     Search term "Automation"+"Cyber-physical+system"+OR+"Industrial+control+system"+OR+"ICS"+OR+"SCADA"+OR+"Distributed+control+system"+OR+"DCS"+"Factory"
     Title Security in SCADA systems: How to handle the growing menace to process automation
     Author ['T Brown']
     Venue Computing & Control Engineering Journal
     Year 2005
     Abstract menace to process automation Page 3  On the face of it, it may make perfect sense. In fact it is possible to provide very good logical separation between the SCADA network and other factory systems, which eliminates the previously mentioned vulnerabilities
     Url https://ieeexplore.ieee.org/abstract/document/1499235/


     Search term "Automation"+"Cyber-physical+system"+OR+"Industrial+control+system"+OR+"ICS"+OR+"SCADA"+OR+"Distributed+control+system"+OR+"DCS"+"Factory"
     Title The evolution of factory and building automation
     Author ['T Sauter', 'S Soucek', 'W Kastner']
     Venue IEEE Industrial …
     Year 2011
     Abstract Systems found in the management level are building management systems, SCADA, or in- terfaces to facility management systems. The treatment of SCADA functions is a notable difference to factory automation. There, SCADA is found at the intermediate levels (in
     Url https://ieeexplore.ieee.org/abstract/document/6042563/


     Search term "Automation"+"Cyber-physical+system"+OR+"Industrial+control+system"+OR+"ICS"+OR+"SCADA"+OR+"Distributed+control+system"+OR+"DCS"+"Factory"
     Title Trend of process automation and factory automation
     Author ['S Shin']
     Venue 2006 SICE-ICASE International Joint Conference
     Year 2006
     Abstract One is PA (Process Automation) and another is FA (Factory Automation). The former is continuous process for industries of steel, chemical, petroleum, and so on. The controller used for PA is DCS (Distributed Control System), which treats analog signals mainly and an origin of
     Url https://ieeexplore.ieee.org/abstract/document/4108815/


     Search term "Automation"+"Cyber-physical+system"+OR+"Industrial+control+system"+OR+"ICS"+OR+"SCADA"+OR+"Distributed+control+system"+OR+"DCS"+"Factory"
     Title Web-based technologies in power plant automation and SCADA systems: A review and evaluation
     Author ['JP Lahti', 'A Shamsuzzoha']
     Venue 2011 IEEE International …
     Year 2011
     Abstract controller. It is a digital computer used for automation system for electromechanical processes  vibration. B. SCADA systems SCADA stands for supervisory control and data acquisition. Generally it refers to an industrial control system
     Url https://ieeexplore.ieee.org/abstract/document/6190537/


     Search term "Automation"+"Cyber-physical+system"+OR+"Industrial+control+system"+OR+"ICS"+OR+"SCADA"+OR+"Distributed+control+system"+OR+"DCS"+"Factory"
     Title Mobile phone based SCADA for industrial automation
     Author ['E Ozdemir', 'M Karacor']
     Venue ISA transactions
     Year 2006
     Abstract single loop controllers, direct digital con- trol systems (DDC), distributed control systems (DCS), and input  to the Internet, even when equipped through retrofit or in the factory with the  Use of Internet based SCADA automation system to monitor and control a plant has been
     Url https://www.sciencedirect.com/science/article/pii/S0019057807600664


     Search term "Automation"+"Cyber-physical+system"+OR+"Industrial+control+system"+OR+"ICS"+OR+"SCADA"+OR+"Distributed+control+system"+OR+"DCS"+"Factory"
     Title Applying cost accounting to factory automation
     Author ['JA Hendricks']
     Venue Strategic Finance
     Year 1988
     Abstract The questionnaire top ics were: factory automation in the “g respondent's ﬁrm, investment jus- - tiﬁcation, product costing, and per- Robotic arm at Xerox factory. Automation is revolutionizing manufacturing and formance measures. accounting must adapt
     Url http://search.proquest.com/openview/a5b658b8a5c1cbebb6a5b73298c94214/1?pq-origsite=gscholar&cbl=48426


     Search term "Automation"+"Cyber-physical+system"+OR+"Industrial+control+system"+OR+"ICS"+OR+"SCADA"+OR+"Distributed+control+system"+OR+"DCS"+"Factory"
     Title EMS-SCADA Design of AC Usage on a Building
     Author ['H Rachmat', 'RA Anugraha', 'T Mulyana']
     Venue Proceeding 8th International …
     Year 2015
     Abstract To restrict use of electricity in a building required the use of automation technology for the  To increase the data reporting to need EMS-SCADA that has the ability to report on data  This can be realized with the Active Factory as software to process the reporting data regularly
     Url https://isiem.net/wp-content/uploads/2015/09/PS-8-Haris-Rachmat-2015.pdf


     Search term "Automation"+"Cyber-physical+system"+OR+"Industrial+control+system"+OR+"ICS"+OR+"SCADA"+OR+"Distributed+control+system"+OR+"DCS"+"Factory"
     Title Semiconductor factory automation system and method for controlling automatic guide vehicle
     Author ['MJ Ko', 'YS Cho']
     Venue US Patent 6,622,057
     Year 2003
     Abstract The present invention relates to a semiconductor factory automation (FA) system; and, more particularly, to  102, a cell management server (CMS) 104, an intrabay control server (ICS) 106, an  The operating mode includes a full automation mode, a semi-automation mode and a
     Url https://patents.google.com/patent/US6622057B1/en


     Search term "Automation"+"Cyber-physical+system"+OR+"Industrial+control+system"+OR+"ICS"+OR+"SCADA"+OR+"Distributed+control+system"+OR+"DCS"+"Factory"
     Title Automation of tank level using Plc and establishment of Hmi by Scada
     Author ['R Das', 'S Dutta', 'A Sarkar']
     Venue IOSR Journal of Electrical …
     Year 2013
     Abstract Keywords: Automation, SCADA, PLC,HMI, Tank-level Control  Programmable Logic Controller, PLC or Programmable Controller is a digital computer used for automation of electromechanical  Saha et, al gives a proposed system that efficiently controls a cement factory using PLC
     Url https://www.researchgate.net/profile/Rishabh_Das2/publication/271258009_Automation_of_Tank_Level_Using_Plc_and_Establishment_of_Hmi_by_Scada/links/59304042a6fdcc89e78439e9/Automation-of-Tank-Level-Using-Plc-and-Establishment-of-Hmi-by-Scada.pdf


     Search term "Automation"+"Cyber-physical+system"+OR+"Industrial+control+system"+OR+"ICS"+OR+"SCADA"+OR+"Distributed+control+system"+OR+"DCS"+"Factory"
     Title Technological systems and economic performance: the case of factory automation
     Author ['B Carlsson']
     Venue NA
     Year 2012
     Abstract TECHNOLOGICAL SYSTEMS AND ECONOMIC PERFORMANCE: THE CASE OF FACTORY AUTOMATION Page 3  Library of Congress Cataloging-in-Publication Data Technological systems and economic performance: the case of factory automation/edited by Bo Carlsson
     Url https://books.google.com/books?hl=en&lr=&id=C9zsCAAAQBAJ&oi=fnd&pg=PR7&dq=%22Automation%22+%22Cyber-physical+system%22+OR+%22Industrial+control+system%22+OR+%22ICS%22+OR+%22SCADA%22+OR+%22Distributed+control+system%22+OR+%22DCS%22+%22Factory%22&ots=uJUbU2YVfG&sig=qacwZGwwP9MwD1V7KbAF2F5pbAA


     Search term "Automation"+"Cyber-physical+system"+OR+"Industrial+control+system"+OR+"ICS"+OR+"SCADA"+OR+"Distributed+control+system"+OR+"DCS"+"Factory"
     Title Development of dispatching automation technology in china-from SCADA to EMS
     Author ['W Mingjun']
     Venue POWER SYSTEM TECHNOLOGY-BEIJING-
     Year 2004
     Abstract DAWN Electron Technology L td,Shenyang 110 0 36 ,China;NETWORK MODEL OF SCADA SYSTEM BASED  1. Huazhong University of Science & Technology,Wuhan 430074,China;2. Nanjing Electric Power Automation Equipment General Factory,Nanjing 210003
     Url http://en.cnki.com.cn/Article_en/CJFDTotal-DWJS20040400A.htm


     Search term "Automation"+"Cyber-physical+system"+OR+"Industrial+control+system"+OR+"ICS"+OR+"SCADA"+OR+"Distributed+control+system"+OR+"DCS"+"Factory"
     Title Cyber-physical system based factory monitoring and fault diagnosis framework with plant-wide performance optimization
     Author ['Y Jiang', 'K Li', 'S Yin']
     Venue 2018 IEEE Industrial Cyber-Physical …
     Year 2018
     Abstract to achieve higher level of information (data) sharing and to apply novel cyber-physical system (CPS) based  Their large-scale automation leads to the extensive implementation of fieldbus control systems  However, neither FCS nor DCS in their current forms are competent to the
     Url https://ieeexplore.ieee.org/abstract/document/8387666/


     Search term "Automation"+"Cyber-physical+system"+OR+"Industrial+control+system"+OR+"ICS"+OR+"SCADA"+OR+"Distributed+control+system"+OR+"DCS"+"Factory"
     Title PLC based substation automation and SCADA systems and selecting a control system integrator
     Author ['T Wilson']
     Venue … Power Institute Distribution/Substation Automation …
     Year 1999
     Abstract The objective of this plan was to ensure the project was tested and that the factory and commission acceptance  system or software functional specification was developed which described the software functionality of the PLC based SCADA and substation automation system
     Url http://www.retawprojects.com/uploads/PLC_Based_Substation_Automation_and_SCADA.pdf


     Search term "Automation"+"Cyber-physical+system"+OR+"Industrial+control+system"+OR+"ICS"+OR+"SCADA"+OR+"Distributed+control+system"+OR+"DCS"+"Factory"
     Title Accuracy evaluation of delivered measurements to HMI in a real SCADA automation system
     Author ['HK Targhi', 'H Sheisi']
     Venue … Control and Automation
     Year 2011
     Abstract Next section, presents description of experimental measuring to determine the parameters SK and YK for a real SCADA automation system of power distribution network in a very big steel making factory and develops model implementation for evaluating that system. III
     Url https://ieeexplore.ieee.org/abstract/document/6130172/


     Search term "Automation"+"Cyber-physical+system"+OR+"Industrial+control+system"+OR+"ICS"+OR+"SCADA"+OR+"Distributed+control+system"+OR+"DCS"+"Factory"
     Title Modeling and diagnosis of timed discrete event systems-a factory automation example
     Author ['YL Chen', 'G Provan']
     Venue … of the 1997 American Control Conference …
     Year 1997
     Abstract for. This broad range of applications includes factory automation systems, communication networks, computer networks, and avion- ics. For example, in factory automation systems, timings of certain steps are crucial. Moreover
     Url https://ieeexplore.ieee.org/abstract/document/611749/


     Search term "Automation"+"Cyber-physical+system"+OR+"Industrial+control+system"+OR+"ICS"+OR+"SCADA"+OR+"Distributed+control+system"+OR+"DCS"+"Factory"
     Title A database-centric approach for the modeling, simulation and control of cyber-physical systems in the factory of the future.
     Author ['A Bonci', 'M Pirani', 'S Longhi']
     Venue IFAC-PapersOnLine
     Year 2016
     Abstract The path towards Industrie 4.0, requires that factory automation problems cope with the cyber-physical system complexity and its challenges  Inductive Automation white paper (2012). SQL: The Next Big Thing in SCADA, How SQL is Redefining SCADA
     Url https://www.sciencedirect.com/science/article/pii/S2405896316308722


     Search term "Automation"+"Cyber-physical+system"+OR+"Industrial+control+system"+OR+"ICS"+OR+"SCADA"+OR+"Distributed+control+system"+OR+"DCS"+"Factory"
     Title The application of DCS to waste heat power generation of cement factory
     Author ['J Wu', 'Q Meng', 'B Xing', 'S Wang']
     Venue 2008 IEEE Pacific-Asia …
     Year 2008
     Abstract will run stably, the operation is convenient, it can reduce labor force, and realize DCS system of waste heat power generation in cement industry, improve the automation level of  The Design and Application Examples of Distributed Control System  “Application of DCS and Fuzzy
     Url https://ieeexplore.ieee.org/abstract/document/4756675/


     Search term "Automation"+"Cyber-physical+system"+OR+"Industrial+control+system"+OR+"ICS"+OR+"SCADA"+OR+"Distributed+control+system"+OR+"DCS"+"Factory"
     Title SCADA automation system laboratory, elements and applications
     Author ['CA Bejan', 'M Iacob']
     Venue 2009 7th international …
     Year 2009
     Abstract In a distributed control system (DCS), the data acquisition and control functions are performed by a  evolved into systems providing very sophisticated analog control capability [5]. SCADA, PLC and  systems that incorporate all these concepts in one integrated automation system
     Url https://ieeexplore.ieee.org/abstract/document/5291169/


     Search term "Automation"+"Cyber-physical+system"+OR+"Industrial+control+system"+OR+"ICS"+OR+"SCADA"+OR+"Distributed+control+system"+OR+"DCS"+"Factory"
     Title Security issues in SCADA networks
     Author ['VM Igure', 'SA Laughter', 'RD Williams']
     Venue computers & security
     Year 2006
     Abstract A determined attacker could exploit any of these links and gain access to machines inside the factory network. Over the years, the automation industry has also moved away from proprietary standards for SCADA communication protocols towards open international standards
     Url https://www.sciencedirect.com/science/article/pii/S0167404806000514


     Search term "Automation"+"Cyber-physical+system"+OR+"Industrial+control+system"+OR+"ICS"+OR+"SCADA"+OR+"Distributed+control+system"+OR+"DCS"+"Factory"
     Title Automation of control processes in specialized pyrolysis complexes based on web SCADA systems
     Author ['Y Kondratenko', 'O Kozlov', 'O Gerasin']
     Venue 2017 9th IEEE …
     Year 2017
     Abstract of a control panel of the MPW utilization technological process is installed on the server and on the all computers of the industrial plant, enterprise or factory, where it  [4] BR Mehta, YJ Reddy, “Chapter 7 – SCADA systems,” in book: Industrial Process Automation Systems, 2015
     Url https://ieeexplore.ieee.org/abstract/document/8095059/


     Search term "Automation"+"Cyber-physical+system"+OR+"Industrial+control+system"+OR+"ICS"+OR+"SCADA"+OR+"Distributed+control+system"+OR+"DCS"+"Factory"
     Title IEC 61499 in factory automation
     Author ['K Thramboulidis']
     Venue Advances in Computer, Information, and Systems …
     Year 2007
     Abstract on Emerging Technologies and Factory Automation, (ETFA'05), Catania, Italy, Sept  IEC61499 Development Kit http://www.wrcakron.com/IEC61499.html [7] ICS Triplex ISaGRAF  8] DACHSview, visual Programming of Real-Time Applications, Stein- hoff Automation, http://www
     Url https://link.springer.com/chapter/10.1007/1-4020-5261-8_20


     Search term "Automation"+"Cyber-physical+system"+OR+"Industrial+control+system"+OR+"ICS"+OR+"SCADA"+OR+"Distributed+control+system"+OR+"DCS"+"Factory"
     Title System and methodology that facilitate factory automation services in a distributed industrial automation environment
     Author ['DE Thomas', 'TJ Jasper', 'CH Bromley']
     Venue US Patent …
     Year 2008
     Abstract At the core of the industrial control system, is a logic processor such as a Programmable Logic  One or more automation devices can operate the Bagger 200, including a Data Highway Plus  as the “DHPlus East Wing Network”, the full extent of this factory automation network is
     Url https://patents.google.com/patent/US7392100B1/en


     Search term "Automation"+"Cyber-physical+system"+OR+"Industrial+control+system"+OR+"ICS"+OR+"SCADA"+OR+"Distributed+control+system"+OR+"DCS"+"Factory"
     Title Control method and control apparatus of factory automation system
     Author ['M Koyama', 'N Miyake', 'H Sakairi', 'S Hattori']
     Venue US Patent …
     Year 1996
     Abstract US5555179A - Control method and control apparatus of factory automation system - Google Patents. Control method and control apparatus of factory automation system. Download PDF Info. Publication number US5555179A
     Url https://patents.google.com/patent/US5555179A/en


     Search term "Automation"+"Cyber-physical+system"+OR+"Industrial+control+system"+OR+"ICS"+OR+"SCADA"+OR+"Distributed+control+system"+OR+"DCS"+"Factory"
     Title Distributed Control System Based on RS485 Bus for Flour Factory
     Author ['GUO Fangrui']
     Venue Modern Electronic Technique
     Year 2003
     Abstract Distributed Control System Based on RS485 Bus for Flour Factory  flo ur factory in detail The paper also introduces hardware configuration and soft w are design of DCS of the  of Feed System of Flour Mill Based on S7-200PLC[J];Computing Technology and Automation;2012-02
     Url http://en.cnki.com.cn/Article_en/CJFDTotal-XDDJ200313026.htm


     Search term "Automation"+"Cyber-physical+system"+OR+"Industrial+control+system"+OR+"ICS"+OR+"SCADA"+OR+"Distributed+control+system"+OR+"DCS"+"Factory"
     Title Technological systems and economic policy: the diffusion of factory automation in Sweden
     Author ['B Carlsson', 'S Jacobsson']
     Venue Research Policy
     Year 1994
     Abstract the diffusion of factory automation in Sweden -F  CAD: ktebro ]21. the use of factory automation in Sweden, and what lessons can be learned for policy? The diffusion process is inherently highly de- pendent on the circumstances in which it takes place
     Url https://www.sciencedirect.com/science/article/pii/0048733394900361


     Search term "Automation"+"Cyber-physical+system"+OR+"Industrial+control+system"+OR+"ICS"+OR+"SCADA"+OR+"Distributed+control+system"+OR+"DCS"+"Factory"
     Title Distributed sensing and control architecture for automotive factory automation
     Author ['N Cai', 'RW Brennan']
     Venue … Conference on Industrial Applications of Holonic …
     Year 2009
     Abstract VV, Christensen, JH: OOONEIDA: An open, object-oriented knowledge economy for intelligent industrial automation. IEEE Transaction on Industrial Informat- ics 1, 4–17 (2005) 16. Vyatkin, V.: IEC 61499 Function Blocks for Embedded and Distributed Control System Design
     Url https://link.springer.com/chapter/10.1007/978-3-642-03668-2_16


     Search term "Automation"+"Cyber-physical+system"+OR+"Industrial+control+system"+OR+"ICS"+OR+"SCADA"+OR+"Distributed+control+system"+OR+"DCS"+"Factory"
     Title Human-centred assembly: a case study for an anthropocentric cyber-physical system
     Author ['CB Zamfirescu', 'BC Pirvu', 'D Gorecky']
     Venue Procedia …
     Year 2014
     Abstract man-machine systems [9]. For that reason, in [5] we defined the anthropocentric cyber-physical system (ACPS) as a reference model for factory automation that integrates the physical component (PC), the computational/cyber component (CC) and the human component (HC)
     Url https://www.sciencedirect.com/science/article/pii/S2212017314001534


     Search term "Automation"+"Cyber-physical+system"+OR+"Industrial+control+system"+OR+"ICS"+OR+"SCADA"+OR+"Distributed+control+system"+OR+"DCS"+"Factory"
     Title The future of industrial communication: Automation networks in the era of the internet of things and industry 4.0
     Author ['M Wollschlaeger', 'T Sauter']
     Venue IEEE industrial …
     Year 2017
     Abstract The idea that every- thing in automation is connected and, eg, that individual products or work  as mobile Internet providers, which draws from developments in consumer electron- ics [3]. After  Typically, up to a supervisory control and data ac- quisition (SCADA) system, industrial
     Url https://ieeexplore.ieee.org/abstract/document/7883994/


     Search term "Automation"+"Cyber-physical+system"+OR+"Industrial+control+system"+OR+"ICS"+OR+"SCADA"+OR+"Distributed+control+system"+OR+"DCS"+"Factory"
     Title Power system SCADA and smart grids
     Author ['MS Thomas', 'JD McDonald']
     Venue NA
     Year 2017
     Abstract The first SCADA laboratory and substation automation (SA) labo- ratory were set up by Thomas at JMI, and they are bringing laurels to the university in terms of research publications, memoranda of under- standing (MOUs), and training opportunities, and more importantly, an
     Url https://books.google.com/books?hl=en&lr=&id=wnN3CAAAQBAJ&oi=fnd&pg=PP1&dq=%22Automation%22+%22Cyber-physical+system%22+OR+%22Industrial+control+system%22+OR+%22ICS%22+OR+%22SCADA%22+OR+%22Distributed+control+system%22+OR+%22DCS%22+%22Factory%22&ots=nTkqSe0EU6&sig=yVgidwtTSKwxsVf7g_oE20ElFh8


     Search term "Automation"+"Cyber-physical+system"+OR+"Industrial+control+system"+OR+"ICS"+OR+"SCADA"+OR+"Distributed+control+system"+OR+"DCS"+"Factory"
     Title An autonomous, decentralized control system for factory automation
     Author ['N Koinoda', 'K Kera', 'T Kubo']
     Venue Computer
     Year 1984
     Abstract [Not Found]
     Url [Not Found]


     Search term "Automation"+"Cyber-physical+system"+OR+"Industrial+control+system"+OR+"ICS"+OR+"SCADA"+OR+"Distributed+control+system"+OR+"DCS"+"Factory"
     Title Microcontroller-based experimental setup and experiments for SCADA education
     Author ['S Sahin', 'M Olmez', 'Y Isler']
     Venue IEEE Transactions on Education
     Year 2009
     Abstract is given in the fourth semester in the course “Computer Aided Data Acquisition and Control.” The learning objectives of the lecture are defined as follows: • understanding the fundamental concepts related to indus- trial automation hardware and SCADA systems; • configuring
     Url https://ieeexplore.ieee.org/abstract/document/5272087/


     Search term "Automation"+"Cyber-physical+system"+OR+"Industrial+control+system"+OR+"ICS"+OR+"SCADA"+OR+"Distributed+control+system"+OR+"DCS"+"Factory"
     Title Wireless sensor network reliability and security in factory automation: A survey
     Author ['K Islam', 'W Shen', 'X Wang']
     Venue IEEE Transactions on Systems …
     Year 2012
     Abstract Factory Automation: A Survey Kamrul Islam, Weiming Shen, Senior Member, IEEE, and Xianbin Wang, Senior Member, IEEE  Index Terms—Cryptography, factory automation, reliability, security, wireless sensor networks (WSNs). I. INTRODUCTION
     Url https://ieeexplore.ieee.org/abstract/document/6392470/


     Search term "Automation"+"Cyber-physical+system"+OR+"Industrial+control+system"+OR+"ICS"+OR+"SCADA"+OR+"Distributed+control+system"+OR+"DCS"+"Factory"
     Title Realtime Distributed Control System for Factory Automation
     Author ['SK Sung', 'JM Seo', 'HJ Nam']
     Venue ICPE (ISPE) 논문집
     Year 1995
     Abstract The usages of realtime based automation control systems have been increasing to have reality of system control and monitoring. To avoid serious disaster, distribution of control function is more popular. Statistical analysis of process or individual machine is mostly
     Url http://www.dbpia.co.kr/Journal/articleDetail?nodeId=NODE00550917


     Search term "Automation"+"Cyber-physical+system"+OR+"Industrial+control+system"+OR+"ICS"+OR+"SCADA"+OR+"Distributed+control+system"+OR+"DCS"+"Factory"
     Title Automatic generation of PLC automation projects from component-based models
     Author ['E Estévez', 'M Marcos', 'D Orive']
     Venue The International Journal of Advanced …
     Year 2007
     Abstract For instance, Schneider Electric, Rockwell Automation ICS Triplex ISaGRAF, Infoteam, KW Software, Mitsubishi  PLCs in the application, the software architecture must describe three automation projects, one  4 General overview of the industrial control system mark- up language
     Url https://link.springer.com/content/pdf/10.1007/s00170-007-1127-4.pdf


     Search term "Automation"+"Cyber-physical+system"+OR+"Industrial+control+system"+OR+"ICS"+OR+"SCADA"+OR+"Distributed+control+system"+OR+"DCS"+"Factory"
     Title … 610031, China; 2. Sichuan Xinxing Automation & Construction INC. Chengdu 610041, China); Design and Application of DCS Based on Soda Factory [J]
     Author ['L Fangfang']
     Venue NA
     Year NA
     Abstract [Not Found]
     Url [Not Found]


     Search term "Automation"+"Cyber-physical+system"+OR+"Industrial+control+system"+OR+"ICS"+OR+"SCADA"+OR+"Distributed+control+system"+OR+"DCS"+"Factory"
     Title Internet-based SCADA: a new approach using Java and XML
     Author ['R Fan', 'L Cheded', 'O Toker']
     Venue Computing and Control Engineering
     Year 2005
     Abstract DCS systems also employ significant amounts of closed-loop control, while SCADA systems use  The traditional SCADA system will also perform automatic control, and manual control initiated by  Many of today's process automation systems are designed to operate on one of
     Url https://digital-library.theiet.org/content/journals/10.1049/cce_20050504


     Search term "Automation"+"Cyber-physical+system"+OR+"Industrial+control+system"+OR+"ICS"+OR+"SCADA"+OR+"Distributed+control+system"+OR+"DCS"+"Factory"
     Title Design of DCS system based on the industrial Ethernet ethercat [J]
     Author ['Y LIU', 'S Huang', 'Q MA']
     Venue Manufacturing Automation
     Year 2010
     Abstract Design of DCS system based on the industrial Ethernet ethercat  China);EtherCAT-Industrial Ethernet Fieldbus and Its Driver Design[J];Manufacturing Automation;2007-11  Ethernet EtherCAT Slave Point with ET1100[J];Programmable Controller & Factory Automation;2009-11
     Url http://en.cnki.com.cn/Article_en/CJFDTotal-JXGY201012008.htm


     Search term "Automation"+"Cyber-physical+system"+OR+"Industrial+control+system"+OR+"ICS"+OR+"SCADA"+OR+"Distributed+control+system"+OR+"DCS"+"Factory"
     Title Real-time networks and protocols for factory automation and process control systems
     Author ['S Vitturi', 'T Sauter', 'Z Pang']
     Venue Proceedings of the IEEE
     Year 2019
     Abstract For instance, a distributed control system typically handles sensor and actuator information with stringent real  This special issue addresses top- ics of prominent importance in the context of  as time-sensitive networking (TSN), 5G systems for industrial automation, and networks
     Url https://ieeexplore.ieee.org/abstract/document/8726176/


     Search term "Automation"+"Cyber-physical+system"+OR+"Industrial+control+system"+OR+"ICS"+OR+"SCADA"+OR+"Distributed+control+system"+OR+"DCS"+"Factory"
     Title Rapid thermal multiprocessing for a programmable factory for adaptable manufacturing of ICs
     Author ['KC Saraswat', 'PP Apte', 'L Booth', 'Y Chen']
     Venue IEEE transactions on …
     Year 1994
     Abstract IV. AUTOMATION Implementation of a control scheme in RTM required a variety of software tools. This section informs the reader briefly about the existence of these tools, gives other refer- ences, and suggests their relation to the virtual factory and the programmable factory
     Url https://ieeexplore.ieee.org/abstract/document/286852/


     Search term "Automation"+"Cyber-physical+system"+OR+"Industrial+control+system"+OR+"ICS"+OR+"SCADA"+OR+"Distributed+control+system"+OR+"DCS"+"Factory"
     Title Automation in the food processing industry: distributed control systems
     Author ['M Dahm', 'A Mathur']
     Venue Food Control
     Year 1990
     Abstract easy coordination of overall production rather than isolated islands of automation based on  the factory floor, is essential and requires that the selected DCS be able to  Through its ease of implementation and operation, the distributed control system contributes significantly to the
     Url https://www.sciencedirect.com/science/article/pii/095671359090118V


     Search term "Automation"+"Cyber-physical+system"+OR+"Industrial+control+system"+OR+"ICS"+OR+"SCADA"+OR+"Distributed+control+system"+OR+"DCS"+"Factory"
     Title Open Distributed Control System Architecture for Total Factory Automation
     Author ['H Sugiyama', 'WJ Williams']
     Venue NA
     Year NA
     Abstract [Not Found]
     Url [Not Found]


     Search term "Automation"+"Cyber-physical+system"+OR+"Industrial+control+system"+OR+"ICS"+OR+"SCADA"+OR+"Distributed+control+system"+OR+"DCS"+"Factory"
     Title WIA-FA and its applications to digital factory: A wireless network solution for factory automation
     Author ['W Liang', 'M Zheng', 'J Zhang', 'H Shi', 'H Yu']
     Venue Proceedings of the …
     Year 2019
     Abstract This paper introduces the Wireless networks for Industrial Automation–Factory  This paper presents a comprehensive survey on recently approved International Electrotechnical Commission standard Wireless networks for Industrial Automation–Factory Automa- tion (WIA-FA)
     Url https://ieeexplore.ieee.org/abstract/document/8649759/


     Search term "Automation"+"Cyber-physical+system"+OR+"Industrial+control+system"+OR+"ICS"+OR+"SCADA"+OR+"Distributed+control+system"+OR+"DCS"+"Factory"
     Title RoboCup logistics league sponsored by Festo: a competitive factory automation testbed
     Author ['T Niemueller', 'D Ewert', 'S Reuter', 'A Ferrein']
     Venue Automation …
     Year 2016
     Abstract manufacturing systems, the requirements for communication within the smart factory are detailed  must allow for horizontal and vertical communication within the automation pyramid  planning across machines and the underlying supervisory control and data acquisition (SCADA)
     Url https://link.springer.com/chapter/10.1007/978-3-319-42620-4_45


     Search term "Automation"+"Cyber-physical+system"+OR+"Industrial+control+system"+OR+"ICS"+OR+"SCADA"+OR+"Distributed+control+system"+OR+"DCS"+"Factory"
     Title Project Management Phases of a SCADA System for Automation of Electrical Distribution Networks
     Author ['MN Lakhoua', 'MK Jbira']
     Venue International Journal of Computer Science Issues …
     Year 2012
     Abstract Graham and JL Hiebb, Cyber security risk assessment for SCADA and DCS networks, "ISA  K. Moutesidis, Avlonitis, K. Kouroumbas and N. Vlachakis, PC based SCADA system and  J. Grainger, S. Purucker and D. Ward, Tutorial Course: Distribution Automation, "IEEE Publication
     Url http://citeseerx.ist.psu.edu/viewdoc/download?doi=10.1.1.403.580&rep=rep1&type=pdf


     Search term "Automation"+"Cyber-physical+system"+OR+"Industrial+control+system"+OR+"ICS"+OR+"SCADA"+OR+"Distributed+control+system"+OR+"DCS"+"Factory"
     Title SCADA and smart energy grid control automation
     Author ['K Sayed', 'HA Gabbar']
     Venue Smart Energy Grid Engineering
     Year 2017
     Abstract Utilities, however, might use a DCS in traditional power generation stations and an SCADA  of digital IEDs plays a substantial role in industrial manufacturing, wherein a factory uses PLCs  The components of the SCADA automation system in the master station can be divided into
     Url https://www.sciencedirect.com/science/article/pii/B9780128053430000188


     Search term "Automation"+"Cyber-physical+system"+OR+"Industrial+control+system"+OR+"ICS"+OR+"SCADA"+OR+"Distributed+control+system"+OR+"DCS"+"Factory"
     Title Technical and management notes: Strategic planning for factory automation by the championing process
     Author ['JR Meredith']
     Venue IEEE Transactions on Engineering Management
     Year 1986
     Abstract But possibly of more significance than just factory automation, it may well be that no strategic level change can occur in an organization without following a championing process  20th AP ICS Ann. Conf. (Cleveland. OH). Nov. 2-4. 1977
     Url https://ieeexplore.ieee.org/abstract/document/6447684/


     Search term "Automation"+"Cyber-physical+system"+OR+"Industrial+control+system"+OR+"ICS"+OR+"SCADA"+OR+"Distributed+control+system"+OR+"DCS"+"Factory"
     Title Design and Implementation of Cyber-Physical System-Based Automation on Plant Chemical Process: Study Case Mini Batch Distillation Column
     Author ['I Budiawan', 'HR Pranoto', 'EMI Hidayat']
     Venue 2018 6th International …
     Year 2018
     Abstract control system such as Programmable Logic Controller (PLC) or Distributed Control System (DCS) are implemented  the communication protocol MQTT to designed and implemented the cyber-physical system on plant  CPS- Base automation is one of the initiatives of the smart
     Url https://ieeexplore.ieee.org/abstract/document/8528798/

