Showing papers for search query "Automation"+"Concurrent+Engineering"+"Cyber-physical+system"+OR+"Industrial+control+system"+OR+"ICS"+OR+"SCADA"+OR+"Distributed+control+system"+OR+"DCS"

     Search term "Automation"+"Concurrent+Engineering"+"Cyber-physical+system"+OR+"Industrial+control+system"+OR+"ICS"+OR+"SCADA"+OR+"Distributed+control+system"+OR+"DCS"
     Title PACT: An experiment in integrating concurrent engineering systems
     Author ['MR Cutkosky', 'RS Engelmore', 'RE Fikes']
     Venue Computer
     Year 1993
     Abstract The distributed design problem Although concurrent engineering is almost universally advocated today, it is hard to execute when large multidis- ciplinary projects are involved  E Conf. Robotics and Automation, IEEE CS Press, Los Alamitos, Calif., Order No
     Url https://ieeexplore.ieee.org/abstract/document/179153/


     Search term "Automation"+"Concurrent+Engineering"+"Cyber-physical+system"+OR+"Industrial+control+system"+OR+"ICS"+OR+"SCADA"+OR+"Distributed+control+system"+OR+"DCS"
     Title Maximizing the impact of power ICs via a time-to-market CAD driven power ASIC strategy
     Author ['J Mansmann', 'P Shafer', 'E Wildi']
     Venue [Proceedings] APEC'92 …
     Year 1992
     Abstract Maximizing the impact of power ICs via a time-to-market CAD driven power ASIC strategy  The authors describe Harris's PASIC technology and demonstrate how computer-aided design (CAD) tools and concurrent engineering methods have been applied to achieve the above
     Url https://ieeexplore.ieee.org/abstract/document/228435/


     Search term "Automation"+"Concurrent+Engineering"+"Cyber-physical+system"+OR+"Industrial+control+system"+OR+"ICS"+OR+"SCADA"+OR+"Distributed+control+system"+OR+"DCS"
     Title Capturing design rationale in concurrent engineering teams
     Author ['M Klein']
     Venue Computer
     Year 1993
     Abstract CAD files, manufacturing plans, and other documents that describe the result of a long series of deliberations and trade-offs by the members of concurrent engineering (CE) teams  DRCS is currently imple- mented in Common Lisp on several networked Symbol- ics workstations
     Url https://ieeexplore.ieee.org/abstract/document/179154/


     Search term "Automation"+"Concurrent+Engineering"+"Cyber-physical+system"+OR+"Industrial+control+system"+OR+"ICS"+OR+"SCADA"+OR+"Distributed+control+system"+OR+"DCS"
     Title Data management system for concurrent engineering
     Author ['GA Van Huben', 'JL Mueller']
     Venue US Patent 6,035,297
     Year 2000
     Abstract US6035297A - Data management system for concurrent engineering - Google Patents. Data management system for concurrent engineering. Download PDF Info. Publication number US6035297A. US6035297A US08/847,393
     Url https://patents.google.com/patent/US6035297A/en


     Search term "Automation"+"Concurrent+Engineering"+"Cyber-physical+system"+OR+"Industrial+control+system"+OR+"ICS"+OR+"SCADA"+OR+"Distributed+control+system"+OR+"DCS"
     Title Data management system and method for concurrent engineering
     Author ['GA Van Huben', 'JL Mueller', 'MS Siegel']
     Venue US Patent …
     Year 1998
     Abstract US5812130A - Data management system and method for concurrent engineering - Google Patents. Data management system and method for concurrent engineering. Download PDF Info. Publication number US5812130A. US5812130A
     Url https://patents.google.com/patent/US5812130A/en


     Search term "Automation"+"Concurrent+Engineering"+"Cyber-physical+system"+OR+"Industrial+control+system"+OR+"ICS"+OR+"SCADA"+OR+"Distributed+control+system"+OR+"DCS"
     Title A heterogeneous large-scale parallel SCADA/DCS architecture in 5G OGCE
     Author ['Z Lü', 'Y Lü', 'M Yuan', 'Z Wang']
     Venue 2017 10th International Congress …
     Year 2017
     Abstract [8][9] proposed a 5C architecture for implementation of Cyber-Physical System and a big  and independent operation and production products because of concurrent engineering, market demand  Institute [15] proposed Smart Grid Connection Point (SGCP) for home automation
     Url https://ieeexplore.ieee.org/abstract/document/8302294/


     Search term "Automation"+"Concurrent+Engineering"+"Cyber-physical+system"+OR+"Industrial+control+system"+OR+"ICS"+OR+"SCADA"+OR+"Distributed+control+system"+OR+"DCS"
     Title Method and apparatus for concurrent engineering and design synchronization of multiple tools
     Author ['V Kohli']
     Venue US Patent 7,143,341
     Year 2006
     Abstract In one embodiment, the present invention is a method of concurrent engineering, comprising the steps of, establishing a baseline  VRAMs, flash memory devices (including flash cards), magnetic or optical cards, nanosystems (including molecular memory ICs), RAID devices
     Url https://patents.google.com/patent/US7143341B1/en


     Search term "Automation"+"Concurrent+Engineering"+"Cyber-physical+system"+OR+"Industrial+control+system"+OR+"ICS"+OR+"SCADA"+OR+"Distributed+control+system"+OR+"DCS"
     Title DLR's torque-controlled light weight robot III-are we reaching the technological limits now?
     Author ['G Hirzinger', 'N Sporer', 'A Albu-Schaffer']
     Venue … and Automation (Cat …
     Year 2002
     Abstract of the 2002 IEEE lntemational Conference on Robotics 8 Automation Washington, DC  another concurrent engineering and optimization process leading to an extremely weight-reduced electromagnetic brake  new arm will show up all the amazing “soft robot- ics” (ie impedance
     Url https://ieeexplore.ieee.org/abstract/document/1014788/


     Search term "Automation"+"Concurrent+Engineering"+"Cyber-physical+system"+OR+"Industrial+control+system"+OR+"ICS"+OR+"SCADA"+OR+"Distributed+control+system"+OR+"DCS"
     Title Concurrent resource allocation (CRA): A heuristic for multi-project scheduling with resource constraints in concurrent engineering
     Author ['S Kara', 'B Kayis', 'H Kaebernick']
     Venue Concurrent Engineering
     Year 2001
     Abstract Page 1. 64 Concurrent Resource Allocation (CRA): A Heuristic for Multi-Project Scheduling with Resource Constraints in Concurrent Engineering  Key Words: Concurrent Engineering, product development, project management, multi-project scheduling heuristics
     Url https://journals.sagepub.com/doi/abs/10.1177/1063293X0100900107


     Search term "Automation"+"Concurrent+Engineering"+"Cyber-physical+system"+OR+"Industrial+control+system"+OR+"ICS"+OR+"SCADA"+OR+"Distributed+control+system"+OR+"DCS"
     Title An economic evaluation model for product design decisions under concurrent engineering
     Author ['CJ Oh', 'CS Park']
     Venue The Engineering Economist
     Year 1993
     Abstract Case Example In order to demonstrate the proposed model, we present a concurrent engineering decision problem for a company which designs and  improved the quality of such activities as circuit capture, multi- unit layout of PCBs, hybrid circuits, and inte- grated circuits (ICs)
     Url https://www.tandfonline.com/doi/abs/10.1080/00137919308903104


     Search term "Automation"+"Concurrent+Engineering"+"Cyber-physical+system"+OR+"Industrial+control+system"+OR+"ICS"+OR+"SCADA"+OR+"Distributed+control+system"+OR+"DCS"
     Title A knowledge-based design critique system for manufacture and assembly of rotational machined parts in concurrent engineering
     Author ['SW Changchien', 'L Lin']
     Venue Computers in Industry
     Year 1996
     Abstract In order to effectively imple- ment concurrent product designs, we propose a framework of concurrent engineering. Shown in Fig  This paper now presents one of the three parallel functions of this framework, the early Design Cri- tique System (DCS). Fig. 2 shows the structure of
     Url https://www.sciencedirect.com/science/article/pii/S0166361596000693


     Search term "Automation"+"Concurrent+Engineering"+"Cyber-physical+system"+OR+"Industrial+control+system"+OR+"ICS"+OR+"SCADA"+OR+"Distributed+control+system"+OR+"DCS"
     Title A framework for managing risks on concurrent engineering basis
     Author ['HG Choi', 'JO Ahn', 'HS Jeung']
     Venue International Journal of …
     Year 2010
     Abstract CEM: Concurrent Engineering Marix  Maintenance is not easy or is impossible There are problems in part design There are conflicts in machining of fabricated parts Standardization is not sufficient for consideration There are problems in handling by automation The product
     Url https://orsociety.tandfonline.com/doi/abs/10.1080/17509653.2010.10671090


     Search term "Automation"+"Concurrent+Engineering"+"Cyber-physical+system"+OR+"Industrial+control+system"+OR+"ICS"+OR+"SCADA"+OR+"Distributed+control+system"+OR+"DCS"
     Title Towards a General Systems Theory Approach for Developing Concurrent Engineering Science
     Author ['AM Stanescu', 'I Dumitrach', 'M Pouly']
     Venue … Concurrent Engineering
     Year 2007
     Abstract 4 Interoperability - focused Distributed Collaborative Concurrent Engineering Framework  The UPB / Faculty of Automation & Computer Science, Department of Automation & Informatics  wireless Java based module application middle (layer) and respectively, SCADA lower layer
     Url https://link.springer.com/chapter/10.1007/978-1-84628-976-7_1


     Search term "Automation"+"Concurrent+Engineering"+"Cyber-physical+system"+OR+"Industrial+control+system"+OR+"ICS"+OR+"SCADA"+OR+"Distributed+control+system"+OR+"DCS"
     Title Concurrent engineering used to implement risk & hazard control
     Author ['G Florea', 'L Ocheana']
     Venue Proceedings of VALID 2011: The Third …
     Year 2011
     Abstract is a key aspect for improving industrial competitiveness [9]. Intelligent automation, at management  Logic Controller (PLC) and Supervisory Control And Data Acquisition (SCADA) strategies to  a) Concurrent Engineering (CE) An activity that requires a high degree of effort from a
     Url http://72.52.166.99/articles/valid_2011_4_20_40044.pdf


     Search term "Automation"+"Concurrent+Engineering"+"Cyber-physical+system"+OR+"Industrial+control+system"+OR+"ICS"+OR+"SCADA"+OR+"Distributed+control+system"+OR+"DCS"
     Title An annotated reading list for concurrent engineering
     Author ['JP Pennell', 'MG Slusarczuk']
     Venue NA
     Year 1989
     Abstract [Not Found]
     Url [Not Found]


     Search term "Automation"+"Concurrent+Engineering"+"Cyber-physical+system"+OR+"Industrial+control+system"+OR+"ICS"+OR+"SCADA"+OR+"Distributed+control+system"+OR+"DCS"
     Title Supervisory control and data acquisition for virtual enterprise
     Author ['AM Stanescu', 'I Dumitrache', 'A Curaj']
     Venue … Journal of Production …
     Year 2002
     Abstract For high design quality the collaborative design process of the automation system should run spirally, such  4. Fabricator framework The extended concurrent engineering methodology involves the whole product life-cycle from  ICT-based intelligent communication system (ICS)
     Url https://www.tandfonline.com/doi/abs/10.1080/00207540210135613


     Search term "Automation"+"Concurrent+Engineering"+"Cyber-physical+system"+OR+"Industrial+control+system"+OR+"ICS"+OR+"SCADA"+OR+"Distributed+control+system"+OR+"DCS"
     Title Functional requirement mapping as a framework for concurrent engineering
     Author ['SB Billatos', 'LJ Grigely']
     Venue Concurrent Engineering
     Year 1993
     Abstract , 171 CONCURRENT ENGINEERING: Research and Applications  Concurrent engineering (CE) has become a popular subject with many definitions and acronyms [1 ]-[6]. This term is generally taken to imply the efficient parallel integration of numerous engineering tasks
     Url https://journals.sagepub.com/doi/abs/10.1177/1063293x9300100305


     Search term "Automation"+"Concurrent+Engineering"+"Cyber-physical+system"+OR+"Industrial+control+system"+OR+"ICS"+OR+"SCADA"+OR+"Distributed+control+system"+OR+"DCS"
     Title Using multiple expert systems with distinct roles in a concurrent engineering system for powder ceramic components
     Author ['SK Victor', 'DC Brown', 'JJ Bausch', 'DC Zenger']
     Venue WIT Transactions on …
     Year 1970
     Abstract engine components are currently produced from newly developed high strength ceram- ics  Metal Fixturing Systems, Proceedings Japan-USA Symposium on Flexi- ble Automation, July 1990  & DC Zenger, "A Concurrent Engineering Demonstration System for use in Training
     Url https://www.witpress.com/elibrary/wit-transactions-on-information-and-communication-technologies/2/12815


     Search term "Automation"+"Concurrent+Engineering"+"Cyber-physical+system"+OR+"Industrial+control+system"+OR+"ICS"+OR+"SCADA"+OR+"Distributed+control+system"+OR+"DCS"
     Title A concurrent function deployment-based and concurrent engineering-based product development method for original design manufacturing companies
     Author ['YC Ho', 'CH Lin']
     Venue Journal of Engineering Design
     Year 2009
     Abstract A concurrent function deployment-based and concurrent engineering-based product development method for original design manufacturing companies  VC5=fast-to- market, flexibility, methodology, concurrency, automation
     Url https://www.tandfonline.com/doi/abs/10.1080/09544820701487931


     Search term "Automation"+"Concurrent+Engineering"+"Cyber-physical+system"+OR+"Industrial+control+system"+OR+"ICS"+OR+"SCADA"+OR+"Distributed+control+system"+OR+"DCS"
     Title An Internet-based integrated product design environment. Part II: its applications to concurrent engineering design
     Author ['YE Nahm', 'H Ishikawa']
     Venue The International Journal of Advanced …
     Year 2006
     Abstract II describes our experiences in applying the ANetCoDE to concurrent engineering design  typically involves multiple disciplines such as kinematics, structures, dynam- ics engineers, contractors  appropriate information in a usable form), monitoring and automation (notification of
     Url https://link.springer.com/content/pdf/10.1007/s00170-004-2166-8.pdf


     Search term "Automation"+"Concurrent+Engineering"+"Cyber-physical+system"+OR+"Industrial+control+system"+OR+"ICS"+OR+"SCADA"+OR+"Distributed+control+system"+OR+"DCS"
     Title Concurrent engineering approach to support CIM reference model-based FMS design
     Author ['GL Kovács', 'I Mezgár', 'J Nacsa']
     Venue Computer Integrated Manufacturing …
     Year 1994
     Abstract Computer and Automation Institute, Hungarian Academy of Sciences, Kende u. 13-17, H-1111 Budapest, Hungary (e-mail: h673kov@ella.hu)  Vol 7 No 1 February 1994 17 Page 2. Concurrent engineering to support CIM FMS design
     Url https://www.sciencedirect.com/science/article/pii/0951524094900507


     Search term "Automation"+"Concurrent+Engineering"+"Cyber-physical+system"+OR+"Industrial+control+system"+OR+"ICS"+OR+"SCADA"+OR+"Distributed+control+system"+OR+"DCS"
     Title Object-oriented models for advanced automation engineering
     Author ['C Maffezzoni', 'L Ferrarini', 'E Carpanzano']
     Venue Control Engineering Practice
     Year 1999
     Abstract operating in a concurrent engineering context; •  4. Object-oriented modelling of control and automation systems  A distributed control system has been realised by equipping the manipulator with an open version of the COMAU C3G-9000 controller, which is linked to a supervisor
     Url https://www.sciencedirect.com/science/article/pii/S096706619900074X


     Search term "Automation"+"Concurrent+Engineering"+"Cyber-physical+system"+OR+"Industrial+control+system"+OR+"ICS"+OR+"SCADA"+OR+"Distributed+control+system"+OR+"DCS"
     Title A method for job design in concurrent engineering
     Author ['J Stahl', 'S Muetze', 'H Luczak']
     Venue Human Factors and Ergonomics …
     Year 2000
     Abstract Task analysis. In G. Salvendy (Ed.), Handbook of human factors and ergonom- ics (pp  In RJ Koubek & W. Karwowski (Eds.), Manufacturing agility and hybrid automation I (pp. 423–426)  Stahl, J., & Luczak, H. (2000). Personnel planning in concurrent engineering: A case study
     Url https://onlinelibrary.wiley.com/doi/abs/10.1002/1520-6564(200022)10:3%3C291::AID-HFM5%3E3.0.CO;2-G


     Search term "Automation"+"Concurrent+Engineering"+"Cyber-physical+system"+OR+"Industrial+control+system"+OR+"ICS"+OR+"SCADA"+OR+"Distributed+control+system"+OR+"DCS"
     Title Collaborative control of hierarchical system based on JADE
     Author ['D Choinskim', 'M Senik']
     Venue Cooperative Design, Visualization, and …
     Year 2010
     Abstract Keywords: collaborative control, concurrent engineering, collaborative design process, Multi Agent System, JADE, OPC. 1 Introduction  SCADA software systems are one of the typical applications in automation industry and are used for monitoring, measurement and control
     Url https://link.springer.com/chapter/10.1007/978-3-642-16066-0_39


     Search term "Automation"+"Concurrent+Engineering"+"Cyber-physical+system"+OR+"Industrial+control+system"+OR+"ICS"+OR+"SCADA"+OR+"Distributed+control+system"+OR+"DCS"
     Title Computerized design automation method using a single logical PFVL paradigm
     Author ['GA Van Huben', 'JL Mueller']
     Venue US Patent 5,950,201
     Year 1999
     Abstract US5950201A - Computerized design automation method using a single logical PFVL paradigm - Google Patents. Computerized design automation method using a single logical PFVL paradigm. Download PDF Info. Publication
     Url https://patents.google.com/patent/US5950201A/en


     Search term "Automation"+"Concurrent+Engineering"+"Cyber-physical+system"+OR+"Industrial+control+system"+OR+"ICS"+OR+"SCADA"+OR+"Distributed+control+system"+OR+"DCS"
     Title Blackboard approach in design planning for concurrent engineering environment
     Author ['CRE SZCZERBICKI']
     Venue Cybernetics & Systems
     Year 1998
     Abstract Page 1. BLACKBOARD APPROACH IN DESIGN PLANNING FOR CONCURRENT ENGINEERING ENVIRONMENT C. REIDSEMA E. SZCZERBICKI  Concurrent engineering supports a historical trend towards shorter product development times
     Url https://www.tandfonline.com/doi/abs/10.1080/019697298125506


     Search term "Automation"+"Concurrent+Engineering"+"Cyber-physical+system"+OR+"Industrial+control+system"+OR+"ICS"+OR+"SCADA"+OR+"Distributed+control+system"+OR+"DCS"
     Title Computer support for cooperative teams: applications in concurrent engineering
     Author ['S Wilbur']
     Venue … on Current Developments in Concurrent Engineering …
     Year 1994
     Abstract Wilbur @ dcs.qmw.ac.uk  Groupware is sometimes termed the next generation of Office Automation  An outline of the functionality provided in each category will help to indicate how the tools might be useful in the context of the cooperative concurrent engineering team
     Url https://ieeexplore.ieee.org/abstract/document/369690/


     Search term "Automation"+"Concurrent+Engineering"+"Cyber-physical+system"+OR+"Industrial+control+system"+OR+"ICS"+OR+"SCADA"+OR+"Distributed+control+system"+OR+"DCS"
     Title A dimensioning and tolerancing methodology for concurrent engineering applications II: comprehensive solution strategy
     Author ['MN Islam']
     Venue The International Journal of Advanced Manufacturing …
     Year 2009
     Abstract The methodology is interactive and intended for use in a concurrent engineering environment by members of a product development team. Keywords Dimensioning and tolerancing . Concurrent engineering . Preferred size . Dimensional specification 1 Introduction
     Url https://link.springer.com/content/pdf/10.1007/s00170-008-1707-y.pdf


     Search term "Automation"+"Concurrent+Engineering"+"Cyber-physical+system"+OR+"Industrial+control+system"+OR+"ICS"+OR+"SCADA"+OR+"Distributed+control+system"+OR+"DCS"
     Title A dimensioning and tolerancing methodology for concurrent engineering applications I: problem representation
     Author ['MN Islam']
     Venue The International Journal of Advanced Manufacturing …
     Year 2009
     Abstract Concurrent engineering . Functional dimension . Dimensional specification  In recent years, a number of tolerance analysis software packages such as Vis VSA [1], CETOL [2], and DCS [3] have been released commercially, but these have not resolved the problem either
     Url https://link.springer.com/content/pdf/10.1007/s00170-008-1649-4.pdf


     Search term "Automation"+"Concurrent+Engineering"+"Cyber-physical+system"+OR+"Industrial+control+system"+OR+"ICS"+OR+"SCADA"+OR+"Distributed+control+system"+OR+"DCS"
     Title Review of intelligent software architectures for the development of an intelligent decision support system for design process planning in concurrent engineering
     Author ['C Reidsema', 'E Szczerbicki']
     Venue Cybernetics &Systems
     Year 2002
     Abstract Page 1. REVIEW OF INTELLIGENT SOFTWARE ARCHITECTURES FOR THE DEVELOPMENT OF AN INTELLIGENT DECISION SUPPORT SYSTEM FOR DESIGN PROCESS PLANNING IN CONCURRENT ENGINEERING C. REIDSEMA E. SZCZERBICKI
     Url https://www.tandfonline.com/doi/abs/10.1080/01969720290040786


     Search term "Automation"+"Concurrent+Engineering"+"Cyber-physical+system"+OR+"Industrial+control+system"+OR+"ICS"+OR+"SCADA"+OR+"Distributed+control+system"+OR+"DCS"
     Title EKAMD—a knowledge-based concurrent engineering support system
     Author ['CJ Su', 'MM Tseng', 'RJ Mayer']
     Venue Concurrent Engineering
     Year 1997
     Abstract competitiveness and quality of products This recognition gave rise to an increase in investment in automation and modernization  delivery of engineering knowledge, experience, and rationale The EKAMD can be thought of as an integrated concurrent engineering system which
     Url https://journals.sagepub.com/doi/abs/10.1177/1063293X9700500107


     Search term "Automation"+"Concurrent+Engineering"+"Cyber-physical+system"+OR+"Industrial+control+system"+OR+"ICS"+OR+"SCADA"+OR+"Distributed+control+system"+OR+"DCS"
     Title Developing a multidisciplinary approach of concurrent engineering
     Author ['H Zhang', 'D Chen']
     Venue … Conference on Computer Supported Cooperative Work …
     Year 2004
     Abstract 1 Department of Automation, Tsinghua University, Beijing 100084, China hmz@cims.tsinghua  This section discusses the basic concepts of extending the concurrent engineering system to a  structured meetings, negotiation, room layout, and workplace ergonom- ics) are process
     Url https://link.springer.com/chapter/10.1007/11568421_23


     Search term "Automation"+"Concurrent+Engineering"+"Cyber-physical+system"+OR+"Industrial+control+system"+OR+"ICS"+OR+"SCADA"+OR+"Distributed+control+system"+OR+"DCS"
     Title Concurrent engineering enablers-engineering libraries
     Author ['G Marlow', 'S Schulz']
     Venue Proceedings of Annual Reliability and …
     Year 1994
     Abstract manager of Engineering Libraries for TI'S Defense Systems & Electron- ics Group, championing  and, in 1992, expanded this role to encompass other design- automation technologies. Current efforts include defining EE processes in sup- port of Concurrent Engineering and Six
     Url https://ieeexplore.ieee.org/abstract/document/291127/


     Search term "Automation"+"Concurrent+Engineering"+"Cyber-physical+system"+OR+"Industrial+control+system"+OR+"ICS"+OR+"SCADA"+OR+"Distributed+control+system"+OR+"DCS"
     Title … product development at design and manufacturing, company, national and international level based on computer based system and concurrent engineering'
     Author ['MS Amalnik']
     Venue IEE Conference Publications
     Year 1994
     Abstract It creates concurrent engineering environment and takes advantage of recent high technology developments in  NC, and computer numerical control CNC machines, l'0b0[iCS, computer aided  support system (DSS), automated Factory 2000 - Advanced Factory Automation, 3-5
     Url https://digital-library.theiet.org/content/conferences/10.1049/cp_19940868


     Search term "Automation"+"Concurrent+Engineering"+"Cyber-physical+system"+OR+"Industrial+control+system"+OR+"ICS"+OR+"SCADA"+OR+"Distributed+control+system"+OR+"DCS"
     Title A sense amplifier based circuit for concurrent detection of soft and timing errors in CMOS ICs
     Author ['Y Tsiatouhas', 'S Matakias', 'A Arapoyanni']
     Venue 9th IEEE On-Line …
     Year 2003
     Abstract In this paper we presented a novel monitoring circuit for concurrent detection of soft and timing errors in CMOS ICs that is based on the use  [11] L. Anghel and M. Nicolaidis, “Cost Reduction and Evaluation of Temporary Faults Detecting Technique”, Design Automation and Test
     Url https://ieeexplore.ieee.org/abstract/document/1214360/


     Search term "Automation"+"Concurrent+Engineering"+"Cyber-physical+system"+OR+"Industrial+control+system"+OR+"ICS"+OR+"SCADA"+OR+"Distributed+control+system"+OR+"DCS"
     Title Virtual reality applications in manufacturing industries: Past research, present findings, and future directions
     Author ['SS Choi', 'K Jung', 'SD Noh']
     Venue Concurrent Engineering
     Year 2015
     Abstract Virtual reality applications in manufacturing industries: Past research, present findings, and future directions. SangSu Choi, Kiwook Jung, and Sang Do Noh. Concurrent Engineering 2015 23:1, 40-63. Download Citation  Concurrent Engineering 2015 23:1, 40-63. Share. Share
     Url https://journals.sagepub.com/doi/abs/10.1177/1063293X14568814


     Search term "Automation"+"Concurrent+Engineering"+"Cyber-physical+system"+OR+"Industrial+control+system"+OR+"ICS"+OR+"SCADA"+OR+"Distributed+control+system"+OR+"DCS"
     Title A process analysis and modeling framework for the concurrent engineering of business processes and manufacturing activities: conceptual design
     Author ['R Velez', 'R Tuokko']
     Venue Proceedings of the 9th WSEAS International …
     Year 2005
     Abstract ICS'05: Proceedings of the 9th WSEAS International Conference on Systems. A process analysis and modeling framework for the concurrent engineering of business processes and manufacturing  Koren, Y., B., Böer, CR, Present and Future of Flexible Automation: Towards New
     Url https://dl.acm.org/doi/abs/10.5555/1373716.1373798


     Search term "Automation"+"Concurrent+Engineering"+"Cyber-physical+system"+OR+"Industrial+control+system"+OR+"ICS"+OR+"SCADA"+OR+"Distributed+control+system"+OR+"DCS"
     Title Examination of Various Methods Used in Support of Concurrent Engineering
     Author ['JP Pennell', 'WE Akin']
     Venue NA
     Year 1990
     Abstract (I:AN EXAMINATION OF VARIOUS METHODS USED I IN SUPPORT OF CONCURRENT ENGINEERING James P. Penneil Wiliam, E. Akin  AN EXAMINATION OF VARIOUS METHODS USED IN SUPPORT OF CONCURRENT ENGINEERING James P. Pennell William E. Akin
     Url https://apps.dtic.mil/sti/citations/ADA222713


     Search term "Automation"+"Concurrent+Engineering"+"Cyber-physical+system"+OR+"Industrial+control+system"+OR+"ICS"+OR+"SCADA"+OR+"Distributed+control+system"+OR+"DCS"
     Title THE ROLE OF CONCURRENT ENGINEERING IN DEVELOPMENT AND DIGITALIZATION OF INDUSTRIAL ACTIVITIES
     Author ['T Panayotova']
     Venue Innovations
     Year 2018
     Abstract includes: • Management Level - Manufacturing Execution System; • Operations Level- SCADA System, TIA  from 19th annual ISPE International Conference on Concurrent Engineering (2012);  Product Guide Training document fort he company-wide automation solution Totally
     Url https://stumejournals.com/journals/innovations/2018/1/12


     Search term "Automation"+"Concurrent+Engineering"+"Cyber-physical+system"+OR+"Industrial+control+system"+OR+"ICS"+OR+"SCADA"+OR+"Distributed+control+system"+OR+"DCS"
     Title The Relationship Between Computer-Aided Acquisition and Logistics Support (CALS) and Concurrent Engineering
     Author ['JD Wood', 'RI Winner']
     Venue NA
     Year 1989
     Abstract requirements. b. to encourage and accelerate the automation and integration of contractor processes for generating weapon system technical data in digital form  the Concurrent Engineering effort and a less emphasized effort of CALS
     Url https://apps.dtic.mil/dtic/tr/fulltext/u2/a222714.pdf


     Search term "Automation"+"Concurrent+Engineering"+"Cyber-physical+system"+OR+"Industrial+control+system"+OR+"ICS"+OR+"SCADA"+OR+"Distributed+control+system"+OR+"DCS"
     Title Concurrent Engineering Methodology for SMEs and an Application
     Author ['C Ucler']
     Venue NA
     Year 2009
     Abstract ICS : Information and Communication Structures IDA : Institute for Defense Analyses IDE : Integrated Design Environment IDEF9 : Integrated Definition for Function Modeling version 9 IICE : Information Integration for Concurrent Engineering
     Url https://www.researchgate.net/profile/Caglar_Ucler/publication/305301913_Concurrent_Engineering_Methodology_for_SMEs_and_an_Application/links/57873ec808aec5c2e4e321c1/Concurrent-Engineering-Methodology-for-SMEs-and-an-Application.pdf


     Search term "Automation"+"Concurrent+Engineering"+"Cyber-physical+system"+OR+"Industrial+control+system"+OR+"ICS"+OR+"SCADA"+OR+"Distributed+control+system"+OR+"DCS"
     Title Design coordination for enabling concurrent engineering
     Author ['G Coates', 'W Hills', 'RI Whitfield']
     Venue … Engineering
     Year 1999
     Abstract That is, for the right reasons, at the right time, to meet the right requirements and give the right results [7]. 2 Concurrent Engineering  The agent based coordination methodology described has been implemented within the Design Coordination System (DCS)
     Url https://strathprints.strath.ac.uk/id/eprint/6400


     Search term "Automation"+"Concurrent+Engineering"+"Cyber-physical+system"+OR+"Industrial+control+system"+OR+"ICS"+OR+"SCADA"+OR+"Distributed+control+system"+OR+"DCS"
     Title Modelling of Concurrent Development of Assembly Process and System
     Author ['J Duda']
     Venue International Conference on Innovations Induced by …
     Year 2019
     Abstract paradigm for production are rapid product development in Cyber Physical System and collaborative  of the International Conference “Virtual Design and Automation”, Poznan (2004  for integrated design and process planning on a concurrent engineering reference model. Ann
     Url https://link.springer.com/chapter/10.1007/978-3-030-37566-9_11


     Search term "Automation"+"Concurrent+Engineering"+"Cyber-physical+system"+OR+"Industrial+control+system"+OR+"ICS"+OR+"SCADA"+OR+"Distributed+control+system"+OR+"DCS"
     Title Towards A General Systems-Theory-focused Approach to Design the Future of Concurrent Engineering Science
     Author ['AM Stanescu', 'I Dumitrache', 'G Roureiro', 'M Pouly']
     Venue NA
     Year NA
     Abstract ams, dumi, amm@cpru.pub.ro, sic@ics.pub.ro } 132  3 Interoperability - focused Distributed Collaborative Concurrent Engineering Framework  CHEMISTRY – BIOCHEMISTRY – PATHOLOGY – MEDICINE – INFORMATION SYSTEMS – AUTOMATION – COMPUTER SCIENCES
     Url https://citeseerx.ist.psu.edu/viewdoc/download?doi=10.1.1.454.5595&rep=rep1&type=pdf


     Search term "Automation"+"Concurrent+Engineering"+"Cyber-physical+system"+OR+"Industrial+control+system"+OR+"ICS"+OR+"SCADA"+OR+"Distributed+control+system"+OR+"DCS"
     Title Advanced team work education within the concurrent engineering paradigm
     Author ['I Dumitrache', 'P Svasta']
     Venue … . Concurrent Engineering …
     Year 2001
     Abstract Bucharest, 74206 Romania(+401) 41 1 6674, (+401) 4115182, idumitrache@ics.pub.ro  job professional content ('70); 3. Automated factory supporting flexible automation paradigm ('80s); 4  for putting together and entire life-cycle of product - Concurrent Engineering (1985-2005
     Url https://ieeexplore.ieee.org/abstract/document/930997/


     Search term "Automation"+"Concurrent+Engineering"+"Cyber-physical+system"+OR+"Industrial+control+system"+OR+"ICS"+OR+"SCADA"+OR+"Distributed+control+system"+OR+"DCS"
     Title Data management system having shared libraries
     Author ['GA Van Huben', 'JL Mueller', 'SY Xiao', 'JC Mak']
     Venue US Patent 5,826,265
     Year 1998
     Abstract US5826265A - Data management system having shared libraries - Google Patents. Data management system having shared libraries. Download PDF Info. Publication number US5826265A. US5826265A US08/761,320 US76132096A
     Url https://patents.google.com/patent/US5826265A/en


     Search term "Automation"+"Concurrent+Engineering"+"Cyber-physical+system"+OR+"Industrial+control+system"+OR+"ICS"+OR+"SCADA"+OR+"Distributed+control+system"+OR+"DCS"
     Title Introduction to Concurrent Engineering: Electronic Circuit Design and Production Applications
     Author ['NB Fuqua']
     Venue NA
     Year 1992
     Abstract 7 1.7 The Need for Concurrent Engineering References ..... 8  SECTION 8: SOME CHALLENGES FOR CE IN TODAYS AUTOMATION ENVIRONMENT 8.0 SOME CHALLENGES FOR CE IN TODAY'S AUTOMATION EN V IRO NM EN T
     Url https://apps.dtic.mil/sti/citations/ADA278405


     Search term "Automation"+"Concurrent+Engineering"+"Cyber-physical+system"+OR+"Industrial+control+system"+OR+"ICS"+OR+"SCADA"+OR+"Distributed+control+system"+OR+"DCS"
     Title enabling concurrent engineering. In: 6th ISPE International Conference on Concurrent Engineering, 1-3 Sept 1999, Bath, United Kingdom.
     Author ['G Coates', 'AHB Duffy', 'W Hills', 'RI Whitfield']
     Venue NA
     Year NA
     Abstract That is, for the right reasons, at the right time, to meet the right requirements and give the right results [7]. 2 Concurrent Engineering  The agent based coordination methodology described has been implemented within the Design Coordination System (DCS)
     Url https://core.ac.uk/download/pdf/9019027.pdf


     Search term "Automation"+"Concurrent+Engineering"+"Cyber-physical+system"+OR+"Industrial+control+system"+OR+"ICS"+OR+"SCADA"+OR+"Distributed+control+system"+OR+"DCS"
     Title THE APPLICATION OF OBJECT-ORIENTED DESIGN IN DCS [J]
     Author ['H Jianghong', 'L Yang', 'J Jianguo']
     Venue JOURNAL OF …
     Year 1996
     Abstract Technology, Hefei 230009, China)(Meiling Group, Hefei 230001, China);Study of PDM & CAD/CAPP concurrent engineering under CIMS  3, Liu Lei Han Jianxun;The Hardw(?)e,Software and Application of Total Distributed Control System (Ⅰ)[J];Automation & Instrumentation
     Url http://en.cnki.com.cn/Article_en/CJFDTotal-JFYZ612.008.htm


     Search term "Automation"+"Concurrent+Engineering"+"Cyber-physical+system"+OR+"Industrial+control+system"+OR+"ICS"+OR+"SCADA"+OR+"Distributed+control+system"+OR+"DCS"
     Title Design and manufacturing in Japan
     Author ['S Takeuchi']
     Venue … and Workshops. Northcon/95. Conference Record
     Year 1995
     Abstract IROFA (International Robotics and Factory Automation Center), IMS (lnte I I ig en t  and manufacturing in Japan are described from the view point of concurrent engineering, design improvement  the typical mass production products such as color N , semiconductor ICs, and hard
     Url https://ieeexplore.ieee.org/abstract/document/485092/

