Showing papers for search query "Automation"+"Best+practice"+OR+"General+guidelines"+"Regulated+Domain"

     Search term "Automation"+"Best+practice"+OR+"General+guidelines"+"Regulated+Domain"
     Title Data security overview for medical mobile apps assuring the confidentiality, integrity and availability of data in transmission
     Author ['C Treacy', 'F McCaffery']
     Venue International Journal on Advances in Security
     Year 2016
     Abstract many of these developers do not have a background in the highly regulated domain of medical  is widely acknowledged in NIST standards [68] and recognised as being best practice [69] in  is seen as primarily a manual process, with little hybrid or automation testing available
     Url http://eprints.dkit.ie/555/


     Search term "Automation"+"Best+practice"+OR+"General+guidelines"+"Regulated+Domain"
     Title Data Security Overview for Medical Mobile Apps
     Author ['C Treacy', 'F McCaffery']
     Venue … Journal on Advances in Security Volume …
     Year 2016
     Abstract many of these developers do not have a background in the highly regulated domain of medical  is widely acknowledged in NIST standards [68] and recognised as being best practice [69] in  is seen as primarily a manual process, with little hybrid or automation testing available
     Url https://www.researchgate.net/profile/Hans-Joachim_Hof/publication/315784278_International_Journal_on_Advances_in_Security_2016_vol9_nr_34/links/58e49b530f7e9bbe9c94da41/International-Journal-on-Advances-in-Security-2016-vol9-nr-3-4.pdf#page=65


     Search term "Automation"+"Best+practice"+OR+"General+guidelines"+"Regulated+Domain"
     Title Clarity, surprises, and further questions in the Article 29 Working Party draft guidance on automated decision-making and profiling
     Author ['M Veale', 'L Edwards']
     Venue Computer Law & Security Review
     Year 2018
     Abstract Best practice recommendations and a reading list are annexed  a use is “significant”), while financial products, which already exist within a highly regulated domain, are also  Linda J Skitka and others, 'Accountability and automation bias' (2000) 52 International Journal of Human
     Url https://www.sciencedirect.com/science/article/pii/S026736491730376X


     Search term "Automation"+"Best+practice"+OR+"General+guidelines"+"Regulated+Domain"
     Title Advanced Smartgrids for Distribution System Operators
     Author ['M Boillot']
     Venue NA
     Year 2014
     Abstract 36 2.5.3. The balance between automation, redundancy and reliability  158 6.5.2. DEMO 1 (Germany – RWE) MV network operation automation and determining the ratio of decentralized intelligence in secondary substations
     Url https://books.google.com/books?hl=nl&lr=&id=Fj6sBgAAQBAJ&oi=fnd&pg=PA145&dq=%22Automation%22+%22Best+practice%22+OR+%22General+guidelines%22+%22Regulated+Domain%22&ots=itvDcrh4Ub&sig=UVjj6e1cCo2k9I-zpiXnhOKmx-0


     Search term "Automation"+"Best+practice"+OR+"General+guidelines"+"Regulated+Domain"
     Title A review on the role of blockchain technology in the healthcare domain
     Author ['HD Zubaydi', 'YW Chong', 'K Ko', 'SM Hanshi']
     Venue Electronics
     Year 2019
     Abstract This is because healthcare is a regulated domain that involved patient's privacy. In this paper, problems related to implementation of blockchain technology in healthcare application and the challenges related to consensus algorithms are addressed
     Url https://www.mdpi.com/2079-9292/8/6/679


     Search term "Automation"+"Best+practice"+OR+"General+guidelines"+"Regulated+Domain"
     Title Translation quality gained through the implementation of the iso en 17100:2015 and the usage of the                     blockchain: The case of sworn translation in Spain
     Author ['M Duro Moreno']
     Venue Babel
     Year 2020
     Abstract It might even change as well the ultra-conservative and ill-regulated domain of sworn translation  the client, of the tsp itself, and of any relevant industry codes, best-practice guides, or  sworn translation is a fertile field for predictability in decision-making and automation in record
     Url https://www.jbe-platform.com/content/journals/10.1075/babel.00153.mor


     Search term "Automation"+"Best+practice"+OR+"General+guidelines"+"Regulated+Domain"
     Title Data driven decision making in Industrial Control Systems
     Author ['A Bäck']
     Venue NA
     Year 2019
     Abstract 8 Figure 3. Seven common data quality issues and benchmarks for each (Redman, 2008, p. 41). Useful data linked to automation & digitalization issues are  Safety is a very regulated domain and as such has a very conservative view on how development shall take place
     Url https://www.theseus.fi/bitstream/handle/10024/266700/Back_Andreas.pdf?sequence=2


     Search term "Automation"+"Best+practice"+OR+"General+guidelines"+"Regulated+Domain"
     Title Regulatory recommendations for the deployment of flexibility
     Author ['SGT Force']
     Venue EU SGTF-EG3 Report
     Year 2015
     Abstract Supply &flexibility Balancing Market / Ancillary services Commercial domain - Supply Regulated domain Generator Flexibility purchase contract  Balancing Market / Ancillary services Commercial domain - Supply Regulated domain Generator Flexibility purchase contract
     Url https://www.interregeurope.eu/fileadmin/user_upload/tx_tevprojects/library/EG3%20Final%20-%20January%202015.pdf


     Search term "Automation"+"Best+practice"+OR+"General+guidelines"+"Regulated+Domain"
     Title The journeys
     Author ['B Fitzgerald', 'KJ Stol', 'S Minör', 'H Cosmo']
     Venue Scaling a Software Business
     Year 2017
     Abstract Fast transparent and lean process for starting and work- ing with projects Innovative products and technology Reuse of best practice tools and technologies Bureaucratic top-down governed organization Similar teams doing similar things on their own – wasting efforts
     Url https://link.springer.com/chapter/10.1007/978-3-319-53116-8_2


     Search term "Automation"+"Best+practice"+OR+"General+guidelines"+"Regulated+Domain"
     Title Regulatory strategies for selected member states (Denmark, Germany, Netherlands, Spain, the UK)
     Author ['FDJ Nieuwenhout', 'J Jansen', 'A van der Welle', 'L Olmos']
     Venue NA
     Year 2010
     Abstract Home automation should be developed and pro- moted to harness the demand response potential to a large extent  However, a major part of the benefits of smarter grids will be outside the regulated domain, affecting the relation between customers and energy sup- pliers or
     Url https://www.ecn.nl/publicaties/PdfFetch.aspx?nr=ECN-O--10-007


     Search term "Automation"+"Best+practice"+OR+"General+guidelines"+"Regulated+Domain"
     Title The application of a lean software development methodology within the regulated domain of medical device software
     Author ['O Cawley']
     Venue NA
     Year 2013
     Abstract Development Methodology within the Regulated Domain of Medical Device Software Oisín Cawley Ph.D. 2013  Jidoka - A form of automation in which machinery automatically inspects each item after producing it, ceasing production and notifying humans if a defect is detected
     Url https://www.researchgate.net/profile/Oisin_Cawley/publication/291823790_The_Application_of_a_Lean_Software_Development_Methodology_within_the_Regulated_Domain_of_Medical_Device_Software/links/56a6561308ae6c437c1aeae8.pdf


     Search term "Automation"+"Best+practice"+OR+"General+guidelines"+"Regulated+Domain"
     Title RoadmapTechnical Report
     Author ['FCTOM DECENTRALIZED']
     Venue NA
     Year NA
     Abstract Involved institutions (alphabetical): (1) Siemens AG Austria – Corporate Technology – Research Group Industrial Networks (Head: Dipl.-Ing. Andreas Lugmaier) (2) TU Wien – Automation and Control Institute – Industrial Automation Group (Head: Univ.-Prof. Dipl.-Ing
     Url https://publik.tuwien.ac.at/files/PubDat_242579.pdf


     Search term "Automation"+"Best+practice"+OR+"General+guidelines"+"Regulated+Domain"
     Title Policy-Driven Governance in Cloud Service Ecosystems
     Author ['D Kourtesis']
     Venue NA
     Year 2016
     Abstract and governed resources. It also calls for an improved approach to policy engineering with increased automation and efficient exchange of governance policies and related data between ecosystem partners. The thesis supported
     Url http://etheses.whiterose.ac.uk/17793/


     Search term "Automation"+"Best+practice"+OR+"General+guidelines"+"Regulated+Domain"
     Title HOW DO INSPECTORS ASSESS ANOTHER ORGANIZATION'S SAFETY CULTURE?
     Author ['NJE Svensson']
     Venue NA
     Year NA
     Abstract Page 1. HOW DO INSPECTORS ASSESS ANOTHER ORGANIZATION'S SAFETY CULTURE? AQUALITATIVE AND EXPLORATIVE STUDY AT A EUROPEAN CIVIL AVIATION AUTHORITY Thesis submitted in partial fulfillment
     Url https://www.humanfactors.lth.se/fileadmin/_migrated/content_uploads/Thesis-2010-Svensson.pdf

