Showing papers for search query "Automation"+"Concurrent+Engineering"+"PLC"+OR+"FPGA"

     Search term "Automation"+"Concurrent+Engineering"+"PLC"+OR+"FPGA"
     Title Development of virtual simulator for visual validation of PLC program
     Author ['CM Park', 'SM Bajimaya', 'SC Park']
     Venue … and Automation and …
     Year 2006
     Abstract the most sought-after ways to make the control logic more feasible for rapid product prototyping, concurrent engineering and flexible  control program is trying to verify the code using simulation and virtual commissioning techniques like EM-PLC and DELMIA Automation V5
     Url https://ieeexplore.ieee.org/abstract/document/4052679/


     Search term "Automation"+"Concurrent+Engineering"+"PLC"+OR+"FPGA"
     Title Concurrent engineering: the manufacturing philosophy for the 90's
     Author ['HH Jo', 'HR Parsaei', 'JP Wong']
     Venue Computers & industrial engineering
     Year 1991
     Abstract Copyright Š 1991 Pergamon Press plc  Holbrook, AEK, and Sackett, PJ, 1988, "Positive Design Advice for High Precision, Robotically Assembled Product", Developments in Assembly Automation, incorporating Proceedings 9th Int'l  Hyeon et al.: Concurrent Engineering 39
     Url https://www.sciencedirect.com/science/article/pii/036083529190059F


     Search term "Automation"+"Concurrent+Engineering"+"PLC"+OR+"FPGA"
     Title Computer aided methods supporting concurrent engineering when designing mechatronic systems controlled by a PLC
     Author ['J Bathelt', 'J Meile']
     Venue … Conference on Manufacturing Automation (ICMA07) …
     Year 2007
     Abstract A successful concurrent start of the interdisciplinary design team is crucial when designing mechatronic systems in order to ensure consistent data throughout the development process and establish rapid development. The aim of this work is to enable a
     Url https://www.icvr.ethz.ch/ConfiguratorJM/publications/Computer_A_122590860361348/ICMA07.pdf


     Search term "Automation"+"Concurrent+Engineering"+"PLC"+OR+"FPGA"
     Title Concurrent engineering: shortening lead times, raising quality, and lowering costs
     Author ['JR Hartley']
     Venue NA
     Year 2017
     Abstract 2, 2-3, 4-1, 4-2, 6-2, 17-1); Dowty Group PLC (Figure 2  xxii • Concurrent Engineering He would also like to express appreciation to ISATA for per- mission to  the Proceedings (Volume 1) of the 21st International Symposium on Automotive Technology & Automation (ISATA) given
     Url https://books.google.com/books?hl=ru&lr=&id=SGVQDwAAQBAJ&oi=fnd&pg=PP1&dq=%22Automation%22+%22Concurrent+Engineering%22+%22PLC%22+OR+%22FPGA%22&ots=zj2sopnrWn&sig=BqQQqerQB2ZPwdBgs0Vf82zJrd8


     Search term "Automation"+"Concurrent+Engineering"+"PLC"+OR+"FPGA"
     Title Concurrent engineering: concepts, implementation and practice
     Author ['CS Syan', 'U Menon']
     Venue NA
     Year 2012
     Abstract engineering II S. Schedler 13 Strategies for concurrent engineering and sources of further information C. S. Syan and JV Chelsom 163 185 201 221 231 Page 8. Contributors Mr JDA Anderson, European Regional Director, ICAD Engineering Automation Ltd., Viscount Centre
     Url https://books.google.com/books?hl=ru&lr=&id=XmbxCAAAQBAJ&oi=fnd&pg=PR14&dq=%22Automation%22+%22Concurrent+Engineering%22+%22PLC%22+OR+%22FPGA%22&ots=hhgeOF-py8&sig=DLEVdVxVHUviGuI_RJsCKDSuzz0


     Search term "Automation"+"Concurrent+Engineering"+"PLC"+OR+"FPGA"
     Title State of the art of the concurrent engineering technique in the automotive industry
     Author ['SM Sapuan', 'MR Osman', 'Y Nukman']
     Venue Journal of Engineering …
     Year 2006
     Abstract CNC)/Direct Numerical Control (DNC), Computer Aided Styling (CAS), Programmable Logic Controls (PLC) and Automatic  3. Concurrent engineering in automotive chassis design  The CE method was employed by Ford Motor Company and John Brown Automation, UK to
     Url https://www.tandfonline.com/doi/abs/10.1080/09544820500275511


     Search term "Automation"+"Concurrent+Engineering"+"PLC"+OR+"FPGA"
     Title Mechatronics-a powerful concurrent engineering framework
     Author ['HMJ Van Brussel']
     Venue IEEE/ASME transactions on mechatronics
     Year 1996
     Abstract This is exactly what mechatronics is aiming at; it is a concurrent-engineering view on machine design  The motion controller consists of a sequence controller, eg, realized in a power line carrier (PLC), and a trajectory controller, eg, a numerical control (NC) controller
     Url https://ieeexplore.ieee.org/abstract/document/506149/


     Search term "Automation"+"Concurrent+Engineering"+"PLC"+OR+"FPGA"
     Title Successful implementation of concurrent engineering products and processes
     Author ['SG Shina']
     Venue NA
     Year 1993
     Abstract FOR THE NEW CAMERA LINE 154 THE NEXTSTEP—FINAL CAMERA AUTOMATION 159 SUMMARY  In addition, the editor wishes to thank Reed International PLC through their  AG, for providing a unique international perspective of concurrent engineering, especially Walter
     Url https://books.google.com/books?hl=ru&lr=&id=1DjXr7JefGAC&oi=fnd&pg=PR11&dq=%22Automation%22+%22Concurrent+Engineering%22+%22PLC%22+OR+%22FPGA%22&ots=ozo7xQU6Rv&sig=EUEJ_PJgkYGg0B88UnMoAiZk0Gc


     Search term "Automation"+"Concurrent+Engineering"+"PLC"+OR+"FPGA"
     Title A concurrent engineering decision model: management of the project activities information flows
     Author ['S Nicoletti', 'F Nicolo']
     Venue International Journal of Production Economics
     Year 1998
     Abstract is interesting to point out that this is a truly concurrent engineering approach since concurrent engineering can be  The project was developed by three leader firms in the aerospace and automation industry  1.5 EE realization 2.5 sincroni- project 2.6 SW PLC zation soft- 1.6 robot
     Url https://www.sciencedirect.com/science/article/pii/S0925527397001084


     Search term "Automation"+"Concurrent+Engineering"+"PLC"+OR+"FPGA"
     Title Knowledge processing for concurrent engineering: an evolving challenge in CIM research
     Author ['SCY Lu']
     Venue Robotics and Computer-Integrated Manufacturing
     Year 1990
     Abstract 1991 Pergamon Press plc  KNOWLEDGE PROCESSING FOR CONCURRENT ENGINEERING:* AN EVOLVING CHALLENGE IN CIM RESEARCH  CIM tasks and their required intelligence into facility, data and decision levels, and discusses the automation and integration of
     Url https://www.sciencedirect.com/science/article/pii/073658459090011V


     Search term "Automation"+"Concurrent+Engineering"+"PLC"+OR+"FPGA"
     Title Data management system and method for concurrent engineering
     Author ['GA Van Huben', 'JL Mueller', 'MS Siegel']
     Venue US Patent …
     Year 1998
     Abstract US5812130A - Data management system and method for concurrent engineering - Google Patents. Data management system and method for concurrent engineering. Download PDF Info. Publication number US5812130A. US5812130A
     Url https://patents.google.com/patent/US5812130A/en


     Search term "Automation"+"Concurrent+Engineering"+"PLC"+OR+"FPGA"
     Title Automatic design methodologies for MPSOC and prototyping on multi-FPGA Platforms
     Author ['O Hammami', 'X Li', 'L Larzul']
     Venue 2009 International SoC …
     Year 2009
     Abstract Low design productivity affects concurrent engineering on increasingly software dominated SOC design  out through any one of the most popular commercial ASIC/FPGA RTL synthesis  Design automation tools of 3 commercial companies are combined together to generate our
     Url https://ieeexplore.ieee.org/abstract/document/5423895/


     Search term "Automation"+"Concurrent+Engineering"+"PLC"+OR+"FPGA"
     Title Modularity, variant and version management in plant automation–future challenges and state of the art
     Author ['S Feldmann', 'J Fuchs']
     Venue DS 70: Proceedings of …
     Year 2012
     Abstract consider the orthogonal problem dimensions concurrent engineering disciplines, metamodelling, domain customization  Lauder's approach, namely Concurrent Model Driven Automation Engineering (CMDAE), uses  between an ECAD tool and a PLC programming environment
     Url https://www.designsociety.org/publication/32138/modularity_variant_and_version_management_in_plant_automation_%96_future_challenges_and_state_of_the_art


     Search term "Automation"+"Concurrent+Engineering"+"PLC"+OR+"FPGA"
     Title Introducing traceability and consistency checking for change impact analysis across engineering tools in an automation solution company: an experience report
     Author ['A Demuth', 'R Kretschmer', 'A Egyed']
     Venue 2016 IEEE International …
     Year 2016
     Abstract However, concurrent engineering is quite problematic in domains where different engineering domains and different  for companies dealing with cyber-physical systems and production automation, VHA employs  The motor is controlled by a programmable logic controller (PLC)
     Url https://ieeexplore.ieee.org/abstract/document/7816505/


     Search term "Automation"+"Concurrent+Engineering"+"PLC"+OR+"FPGA"
     Title Model Driven Automation Engineering-Characteristics and Challenges.
     Author ['M Schlereth', 'S Rose', 'A Schürr', 'I ATS']
     Venue MBEES
     Year 2009
     Abstract and composition of mechatronic products is investigated,[Do02], but not with respect to PLC code generation  topic of MDAE is, thus, a focus on partial tool integrations as needed by concurrent engineering within the design and construction phase of automation business
     Url http://www.academia.edu/download/44791735/MBEES2009_Proceedings_online_small.pdf#page=11


     Search term "Automation"+"Concurrent+Engineering"+"PLC"+OR+"FPGA"
     Title Changing paradigms in manufacturing automation
     Author ['GL Kovacs']
     Venue … Conference on Robotics and Automation
     Year 1996
     Abstract These means include the application of NC, CNC, DNC, RC, PLC techniques to control the more and more sophisticated  paper deals with manufacturing, same others with automation, and there are parts dealing with manufacturing automation as the  2 Concurrent engineering
     Url https://ieeexplore.ieee.org/abstract/document/509222/


     Search term "Automation"+"Concurrent+Engineering"+"PLC"+OR+"FPGA"
     Title Computer based initiatives for implementing and sustaining concurrent engineering
     Author ['KS Pawar', 'B Haque', 'F Weber']
     Venue Concurrent Engineering
     Year 2002
     Abstract E-mail: Kul.Pawar@nottingham.ac.uk **Currently based at Rolls Royce Plc, Derby, UK  have been involved in many projects in relation to CE, one of which called PACE (Practical Approach to Concurrent Engineering) was funded by the European Commission [9]. This project
     Url https://journals.sagepub.com/doi/abs/10.1177/1063293X02010001731


     Search term "Automation"+"Concurrent+Engineering"+"PLC"+OR+"FPGA"
     Title Design framework of PLC-based control for reconfigurable manufacturing systems
     Author ['M Schreyer', 'MM Tseng']
     Venue … of international conference on flexible automation …
     Year 2000
     Abstract For instance, in industrial automation systems, 80~90% of these costs are made up by  Their work was focussed on how to ease the programming of PLC based control systems  The need to integrate the control design into a total and concurrent engineering design method has
     Url http://citeseerx.ist.psu.edu/viewdoc/download?doi=10.1.1.42.8102&rep=rep1&type=pdf


     Search term "Automation"+"Concurrent+Engineering"+"PLC"+OR+"FPGA"
     Title A Multidimensional Approach for Concurrent Model-Driven Automation Engineering
     Author ['S Rose', 'M Lauder', 'M Schlereth']
     Venue Model-Driven Domain …
     Year 2011
     Abstract which deals with configuration and programming of devices like programmable logic controllers (PLC), motion controllers  In contrast, Concurrent Model-Driven Automation Engineering (CMDAE) as developed by Siemens AG and TU  1. Concurrent Engineering Disciplines. 2
     Url https://www.igi-global.com/chapter/model-driven-domain-analysis-software/49155


     Search term "Automation"+"Concurrent+Engineering"+"PLC"+OR+"FPGA"
     Title A concurrent design methodology of a production system for virtual commissioning
     Author ['M Ko', 'E Ahn', 'SC Park']
     Venue Concurrent Engineering
     Year 2013
     Abstract Journal, New Content, Announcements. Concurrent Engineering, Contents  A concurrent design methodology of a production system for virtual commissioning. Minsuk Ko, Euikoog Ahn, and Sang C Park. Concurrent Engineering 2013 21:2, 129-140. Download Citation
     Url https://journals.sagepub.com/doi/abs/10.1177/1063293X13476070


     Search term "Automation"+"Concurrent+Engineering"+"PLC"+OR+"FPGA"
     Title Virtual automation system standards
     Author ['R Bernhardt', 'A Sabov', 'C Willnow']
     Venue IFAC Proceedings Volumes
     Year 2004
     Abstract Copyright C 2004 IFAC Keywords: Automation, Concurrent engineering, Industrial robots, Industrial control systems, Interfaces, Modelling, Robotics, Simulation, Simulators  numerous compatible products are on the market, as will be outlined below, For PLC simulation, several
     Url https://www.sciencedirect.com/science/article/pii/S1474667017323418


     Search term "Automation"+"Concurrent+Engineering"+"PLC"+OR+"FPGA"
     Title Concurrent engineering and manufacturing flexibility: an integrated model
     Author ['A Shahin', 'N Rostamian']
     Venue International Journal of …
     Year 2013
     Abstract The proposed model is examined in a manufacturing company and major findings are discussed and concluded. 2 Concurrent engineering (CE). Section  The shortening and uncertainty of product life cycles (PLC) present two difficulties for the manufacturing company
     Url https://www.inderscienceonline.com/doi/abs/10.1504/IJPQM.2013.055549


     Search term "Automation"+"Concurrent+Engineering"+"PLC"+OR+"FPGA"
     Title PLC-programming by demonstration using graspable models
     Author ['K Schäfer', 'W Bruns']
     Venue IFAC Proceedings Volumes
     Year 2001
     Abstract Copyright 6th IFAC Symposium on Cost Oriented Automation Berlin, Germany, 2001  Abstract: PLC-programming for production plants is time and money consuming  It should be started as early as possible, using concurrent engineering, interdisciplinary cooperation, efficient
     Url https://www.sciencedirect.com/science/article/pii/S1474667017327982


     Search term "Automation"+"Concurrent+Engineering"+"PLC"+OR+"FPGA"
     Title On manufacturing system development in the context of concurrent engineering
     Author ['D Aganovic']
     Venue NA
     Year 2004
     Abstract Concurrent Engineering A Doctoral thesis by  Page 4. Page 5. ABSTRACT This thesis presents an extension of the contemporary engineering de- sign theory towards a unified view on simultaneous development of products and manufacturing systems, ie concurrent engineering
     Url https://www.diva-portal.org/smash/record.jsf?pid=diva2:9661


     Search term "Automation"+"Concurrent+Engineering"+"PLC"+OR+"FPGA"
     Title Concurrent cell design and cell control system configuration
     Author ['FF Chen']
     Venue Concurrent Engineering
     Year 1993
     Abstract Not only has the infor- mation technology been applied to facilitate islands of automation manage- ment, but also it serves to maintain  eds.), Concurrent Engineering © Chapman &  PLC, industrial computer, CNC Microcomputer, PLC, CNC, Industrial computer, I/O Motion control
     Url https://link.springer.com/chapter/10.1007/978-1-4615-3062-6_12


     Search term "Automation"+"Concurrent+Engineering"+"PLC"+OR+"FPGA"
     Title Benefits of an interdisciplinary modular concept in automation of machine and plant manufacturing
     Author ['TY Sim', 'F Li', 'B Vogel-Heuser']
     Venue IFAC Proceedings Volumes
     Year 2009
     Abstract Concurrent engineering covers two aspects namely interdisciplinary team and transdisciplinary work  and E-CAD (Electrical Computer Aided Design), to configuration of the automation solution, and  automatically and their data can be transferred to PLC (Programmable Logic
     Url https://www.sciencedirect.com/science/article/pii/S1474667016339076


     Search term "Automation"+"Concurrent+Engineering"+"PLC"+OR+"FPGA"
     Title Modeling concurrent design method for product variety
     Author ['YT Ko', 'PH Kuo']
     Venue Concurrent Engineering
     Year 2010
     Abstract Page 1. CONCURRENT ENGINEERING: Research and Applications  2.1.1 A CASE STUDY This study employs the variant design of the power line communication (PLC) product to illustrate three phases of the proposed methodology
     Url https://journals.sagepub.com/doi/abs/10.1177/1063293X10379762


     Search term "Automation"+"Concurrent+Engineering"+"PLC"+OR+"FPGA"
     Title Electronic product design and manufacture in a concurrent engineering environment
     Author ['A Noore', 'M Lawson']
     Venue IEEE transactions on consumer …
     Year 1992
     Abstract a single ASIC chip a single field programmable gate array (FPGA) and a  He was also instrumental in establishing the Automation and Mechanization Department at  His areas of interest include microelectronics design, VLSI testing, concurrent engineering, systems engineering
     Url https://ieeexplore.ieee.org/abstract/document/156752/


     Search term "Automation"+"Concurrent+Engineering"+"PLC"+OR+"FPGA"
     Title Concurrent engineering as an integrator for managing product development/delivery process
     Author ['B Prasad']
     Venue International Journal of Materials and Product …
     Year 1997
     Abstract 4 a fourth data set for program logic controller (PLC) operations  The extent to which the above automation can be pursued will depend upon the criticality  1 Prasad, B. (1996a) 'Concurrent Engineering Fundamentals: Integrated Product and Process Organization,' Volume I, One
     Url https://www.inderscienceonline.com/doi/abs/10.1504/IJMPT.1997.036365


     Search term "Automation"+"Concurrent+Engineering"+"PLC"+OR+"FPGA"
     Title A collaborative work between academia and industry: the concurrent engineering laboratory
     Author ['M Borsato']
     Venue Proceedings of the 6th National Conference on …
     Year 1999
     Abstract Some of the areas already investigated are rapid prototyping, FPGA synthesis and verification with VHDL, EMI (Electromagnetic Interference), among others  1. Kusiak, 1993, Concurrent Engineering: Automation, Tools and Techniques, John Wiley & Sons Inc., New York
     Url https://www.researchgate.net/profile/Milton_Borsato/publication/280696601_A_Collaborative_Work_Between_Academia_and_Industry_The_Concurrent_Engineering_Laboratory/links/55c1b71608ae092e96685896.pdf


     Search term "Automation"+"Concurrent+Engineering"+"PLC"+OR+"FPGA"
     Title Advanced methods for SOC concurrent engineering
     Author ['C Chevallaz', 'N Mareau', 'F Ghenassia', 'A Gonier']
     Venue NA
     Year NA
     Abstract [Not Found]
     Url [Not Found]


     Search term "Automation"+"Concurrent+Engineering"+"PLC"+OR+"FPGA"
     Title 3-Dimensional concurrent engineering: an illustration of its information entailments
     Author ['AS Thomas', 'A McKay']
     Venue International Journal of …
     Year 2006
     Abstract De Montfort University in conjunction with industrial collaborators Rolls-Royce plc and BAE  Azon, J. (1996) 'Concurrent engineering within Aerospatiale', Advances in Design and Manufacturing, Vol  BS ISO 10303-1 (1994) Industrial Automation Systems and Integration - Product
     Url https://www.inderscienceonline.com/doi/abs/10.1504/IJPD.2006.014861


     Search term "Automation"+"Concurrent+Engineering"+"PLC"+OR+"FPGA"
     Title Set-based concurrent engineering innovation roadmap (SBCE IR): a case on adiabatic humidification system
     Author ['E Kerga', 'M Taisch', 'S Terzi', 'W Bessega']
     Venue International Journal of …
     Year 2014
     Abstract Articles. Set-Based Concurrent Engineering Innovation Roadmap (SBCE IR): a case on Adiabatic Humidification System  Articles. Set-Based Concurrent Engineering Innovation Roadmap (SBCE IR): a case on Adiabatic Humidification System
     Url https://www.tandfonline.com/doi/abs/10.1080/21650349.2014.899164


     Search term "Automation"+"Concurrent+Engineering"+"PLC"+OR+"FPGA"
     Title Concurrent engineering used to implement risk & hazard control
     Author ['G Florea', 'L Ocheana']
     Venue Proceedings of VALID 2011: The Third …
     Year 2011
     Abstract is a key aspect for improving industrial competitiveness [9]. Intelligent automation, at management  appropriate Distributed Control System (DCS) or Programmable Logic Controller (PLC) and Supervisory  a) Concurrent Engineering (CE) An activity that requires a high degree of
     Url http://72.52.166.99/articles/valid_2011_4_20_40044.pdf


     Search term "Automation"+"Concurrent+Engineering"+"PLC"+OR+"FPGA"
     Title New World Situation: New Directions in Concurrent Engineering: Proceedings of the 17th ISPE International Conference on Concurrent Engineering
     Author ['J Pokojski', 'S Fukuda', 'J Salwiński']
     Venue NA
     Year 2010
     Abstract Engineering”.“New World Situation” is a fact.“New Directions in Concurrent Engineering” is our  of Science, India Arturo Molina Gutiérrez, ITESM, Mexico Alan Harris, Metsec plc, UK  Lin Ma Supporting Management and Analysis of Quotations in a Design Automation Approach to
     Url https://books.google.com/books?hl=ru&lr=&id=cDgLnNZ_ZlEC&oi=fnd&pg=PR4&dq=%22Automation%22+%22Concurrent+Engineering%22+%22PLC%22+OR+%22FPGA%22&ots=14Tjr5nEE4&sig=IY2dKfH8pKOKFauFTKN3Vk5RS9o


     Search term "Automation"+"Concurrent+Engineering"+"PLC"+OR+"FPGA"
     Title New world situation: New directions in concurrent engineering
     Author ['J Pokojski', 'S Fukuda', 'J Salwinski']
     Venue … Conference on Concurrent Engineering …
     Year 2010
     Abstract Engineering”.“New World Situation” is a fact.“New Directions in Concurrent Engineering” is our  of Science, India Arturo Molina Gutiérrez, ITESM, Mexico Alan Harris, Metsec plc, UK  Lin Ma Supporting Management and Analysis of Quotations in a Design Automation Approach to
     Url https://link.springer.com/content/pdf/10.1007/978-0-85729-024-3.pdf


     Search term "Automation"+"Concurrent+Engineering"+"PLC"+OR+"FPGA"
     Title Transformation from Petri nets model to programmable logic controller using one-to-one mapping technique
     Author ['D Thapa', 'S Dangol', 'GN Wang']
     Venue … , Control and Automation and …
     Year 2005
     Abstract make the control logic more feasible for rapid product prototyping, concurrent engineering, flexible, and  The advent of the PLC began in the 1970s, and has become  International Conference on Computational Intelligence for Modelling, Control and Automation, and International
     Url https://ieeexplore.ieee.org/abstract/document/1631473/


     Search term "Automation"+"Concurrent+Engineering"+"PLC"+OR+"FPGA"
     Title Set based concurrent engineering innovation roadmap
     Author ['ET Kerga', 'M Taisch', 'S Terzi']
     Venue IFIP International Conference on Advances …
     Year 2013
     Abstract The basic sub-systems are three: Cab- inet (C), used to protect main components such as PLC (programmable logic control), water filters, water  Set Based Concurrent Engineering Innovation Roadmap  Journal of Automation, Mobile Robotics & Intelligent Systems 1(4) (2007) 12
     Url https://link.springer.com/chapter/10.1007/978-3-642-41263-9_31


     Search term "Automation"+"Concurrent+Engineering"+"PLC"+OR+"FPGA"
     Title Towards an integrated plant engineering process using a data conversion tool for AutomationML
     Author ['M Vathoopan', 'B Brandenbourger']
     Venue 2017 IEEE …
     Year 2017
     Abstract The development process of modern automated manufacturing plants requires a concurrent engineering process that  manufacturer independent, highly abstract, and cross-domain models of automation components  If a tool used in a specific domain (eg a PLC programming tool
     Url https://ieeexplore.ieee.org/abstract/document/7915534/


     Search term "Automation"+"Concurrent+Engineering"+"PLC"+OR+"FPGA"
     Title Supporting feature-oriented evolution in industrial automation product lines
     Author ['D Hinterreiter', 'L Linsbauer']
     Venue … Engineering
     Year 2020
     Abstract Download article citation data for: Supporting feature-oriented evolution in industrial automation product lines. Daniel Hinterreiter, Lukas Linsbauer, Kevin Feichtinger, Herbert Prähofer, and Paul Grünbacher. Concurrent Engineering 0 10.1177/1063293X20958930
     Url https://journals.sagepub.com/doi/abs/10.1177/1063293X20958930


     Search term "Automation"+"Concurrent+Engineering"+"PLC"+OR+"FPGA"
     Title … 1989. Papers in the area of Concurrent Engineering, CAED, CIM, Design/Build Automation, Knowlege Automation, Robotics and Factories of the …
     Author ['SN Dwivedi', 'PB Parts', 'FN MAP']
     Venue NA
     Year NA
     Abstract [Not Found]
     Url [Not Found]


     Search term "Automation"+"Concurrent+Engineering"+"PLC"+OR+"FPGA"
     Title Modular Robotic System-A Concurrent Engineering Approach–In
     Author ['N BÎZDOACĂ', 'A PETRIŞOR', 'I DIACONU']
     Venue Proceedings of the 10th …
     Year 2008
     Abstract MODULAR ROBOTIC SYSTEM - A CONCURRENT ENGINEERING APPROCH Nicu BÎZDOACĂ1, Anca PETRISOR2, Elvira BÎZDOACĂ3, Ilie DIACONU1 1 Faculty of Automation,Computers and  The current experiments are based on the development platform FPGA based on
     Url http://www.wseas.us/e-library/conferences/2008/istanbul/acmos/65-587-499.pdf


     Search term "Automation"+"Concurrent+Engineering"+"PLC"+OR+"FPGA"
     Title A model-based method to develop PLC software for machine tools
     Author ['MF Zaeh', 'C Poernbacher', 'J Milberg']
     Venue CIRP annals
     Year 2005
     Abstract 1 Abstract It is difficult to develop PLC software for modern machine tools due to their increasing  Keywords: Concurrent engineering, Mechatronic, Virtual machine tool  tools is characterized by the need for high availability and an increased functionality and level of automation
     Url https://www.sciencedirect.com/science/article/pii/S0007850607601255


     Search term "Automation"+"Concurrent+Engineering"+"PLC"+OR+"FPGA"
     Title VHDL for industrial electronic systems integrated development
     Author ['M Cirstea']
     Venue 2006 IEEE International Symposium on Industrial …
     Year 2006
     Abstract power systems, the same environment (VHDL) is used for the FPGA rapid prototyping of  reusability of the model/design, generation of valuable IP, Concurrent Engineering basic rules  The fast progress of VLSI technology and Electronic Design Automation techniques inrecent
     Url https://ieeexplore.ieee.org/abstract/document/4078311/


     Search term "Automation"+"Concurrent+Engineering"+"PLC"+OR+"FPGA"
     Title Object-oriented models for advanced automation engineering
     Author ['C Maffezzoni', 'L Ferrarini', 'E Carpanzano']
     Venue Control Engineering Practice
     Year 1999
     Abstract operating in a concurrent engineering context; •  The paper describes the state of the development of object-oriented modelling in control and automation engineering, by  Control systems, like DCS, PLC networks or other types of hardware/software architectures, should also be
     Url https://www.sciencedirect.com/science/article/pii/S096706619900074X


     Search term "Automation"+"Concurrent+Engineering"+"PLC"+OR+"FPGA"
     Title Researching and application of concurrent engineering in VMT [J]
     Author ['YJD Wei']
     Venue Machinery Manufacturing Engineer
     Year 2002
     Abstract 2, ZHU Guang-yu (School of Mechanical Engineering & Automation, Fuzhou University, Fuzhou 350002  7, Yun Jianguo Ding Wei;Researching and application of concurrent engineering in VMT[J];现代制造工程  on a large type of Stamping machine based on the PLC control[J
     Url http://en.cnki.com.cn/Article_en/CJFDTotal-XXGY200206014.htm


     Search term "Automation"+"Concurrent+Engineering"+"PLC"+OR+"FPGA"
     Title Aerospace concurrent engineering: a modern global approach
     Author ['M Imbert', 'X Li']
     Venue International Conference on Space Information …
     Year 2010
     Abstract Today there is only one main engine group in the UK, Rolls-Royce plc and two  There are many advances regarding CE development and its automation, an interesting approach is the 'Designing design processes in decision-based concurrent engineering' [4]. Figure
     Url https://www.spiedigitallibrary.org/conference-proceedings-of-spie/7651/76513Q/Aerospace-concurrent-engineering-a-modern-global-approach/10.1117/12.855412.short


     Search term "Automation"+"Concurrent+Engineering"+"PLC"+OR+"FPGA"
     Title Adjustable clamping force control system based on PLC
     Author ['Y CUI', 'Z JIANG', 'W YI']
     Venue Journal of Mechanical & Electrical …
     Year 2013
     Abstract Chuan-yu1,LI jian-ping2(1.School of Machinery and Automation,Zhejiang Sci  1,2 , ZHANG Er-liang~1 (1 Sino-French Laboratory of Concurrent Engineering, Northwestern Polytechnical  710025, China);Implementation of Fault Detecting and Processing for a PLC Control System
     Url http://en.cnki.com.cn/Article_en/CJFDTotal-JDGC201307021.htm


     Search term "Automation"+"Concurrent+Engineering"+"PLC"+OR+"FPGA"
     Title Balanced Automation Systems: Architectures and Design Methods
     Author ['LM Camarinha-Matos', 'H Afsarmanesh']
     Venue NA
     Year 2013
     Abstract I. Kovacs and AB Moniz 13 A complimentary approach to flexible automation R. Roshardt  Wiedijk and LO Hertzberger 25 Object-oriented development methodology for PLC software O  Vii PART TEN Multiagent Systems Architecture 26 Support for concurrent engineering in CIM
     Url https://books.google.com/books?hl=ru&lr=&id=-obfBwAAQBAJ&oi=fnd&pg=PP9&dq=%22Automation%22+%22Concurrent+Engineering%22+%22PLC%22+OR+%22FPGA%22&ots=uizIqvXRtH&sig=TQJsIlt1TqQQVchKEAY0SUbwf5s


     Search term "Automation"+"Concurrent+Engineering"+"PLC"+OR+"FPGA"
     Title Model-driven development of PLC software for machine tools
     Author ['MF Zaeh', 'C Poernbacher']
     Venue Production Engineering
     Year 2008
     Abstract for high availability and an increase in the functionality and degree of automation  a basic premise for successful realization of future production systems [2]. Concurrent engineering requires the  This is particularly true for PLC software, which implements both technological and
     Url https://link.springer.com/content/pdf/10.1007/s11740-008-0083-7.pdf

