Showing papers for search query "Automation"+"Concurrent+Engineering"+"Medical"

     Search term "Automation"+"Concurrent+Engineering"+"Medical"
     Title A concurrent engineering approach for the development of medical devices
     Author ['SK Das', 'JB Almonor']
     Venue International Journal of Computer Integrated …
     Year 2000
     Abstract Regulatory attri- Concurrent engineering for medical devices 141 Table 1. Design attributes for medical devices. Class Attributes  It provides a measure to which Concurrent engineering for medical devices 143 Table 2. ADS table for a blood evacuation tube. Attribute No
     Url https://www.tandfonline.com/doi/abs/10.1080/095119200129984


     Search term "Automation"+"Concurrent+Engineering"+"Medical"
     Title Concurrent engineering: new rules for world-class companies
     Author ['SG Shina']
     Venue IEEE Spectrum
     Year 1991
     Abstract Typical charts, shown here for an actual line of elec- tronic medical instruments and normalized for a component count or  worked on the DODs concurrent engineering effort for four years and has developed methods for applying de- sign automation of concurrent engineering
     Url https://ieeexplore.ieee.org/abstract/document/83462/


     Search term "Automation"+"Concurrent+Engineering"+"Medical"
     Title Capturing design rationale in concurrent engineering teams
     Author ['M Klein']
     Venue Computer
     Year 1993
     Abstract and other documents that describe the result of a long series of deliberations and trade-offs by the members of concurrent engineering (CE) teams  A rationale language for the medical domain, for example, would be much less useful if it did not include terms like “hypothesis
     Url https://ieeexplore.ieee.org/abstract/document/179154/


     Search term "Automation"+"Concurrent+Engineering"+"Medical"
     Title Mechatronics-a powerful concurrent engineering framework
     Author ['HMJ Van Brussel']
     Venue IEEE/ASME transactions on mechatronics
     Year 1996
     Abstract 2, JUNE 1996 Mechatronics-A Powerful Concurrent Engineering Framework Hendrik M. J. Van Brussel, Fellow, IEEE (Invited Paper) Abstract- Mechatronics is emerging as a concurrent- engineering thinking framework in the process of designing complex machines
     Url https://ieeexplore.ieee.org/abstract/document/506149/


     Search term "Automation"+"Concurrent+Engineering"+"Medical"
     Title Design for manufacturability: how to use concurrent engineering to rapidly develop low-cost, high-quality products for lean production
     Author ['DM Anderson']
     Venue NA
     Year 2020
     Abstract Page 2. Design for Manufacturability How to Use Concurrent Engineering to Rapidly Develop Low-Cost, High-Quality Products for Lean Production Second Edition David M. Anderson Page 3  |Concurrent engineering. | BISAC: BUSINESS & ECONOMICS / Quality Control
     Url https://books.google.com/books?hl=en&lr=&id=h7fjDwAAQBAJ&oi=fnd&pg=PT23&dq=%22Automation%22+%22Concurrent+Engineering%22+%22Medical%22&ots=GMYYZaofWz&sig=g3sCblvlfzcwwlZPbgTJ72V7T8E


     Search term "Automation"+"Concurrent+Engineering"+"Medical"
     Title Conflict Management in Concurrent Engineering [J]
     Author ['W XU', 'G XIONG', 'P ZHONG']
     Venue Computer Integrated Manufacturing …
     Year 2001
     Abstract 316 Military Hospital, Beijing 100093);Study on Process Control System of Medical Service Quality on  2, Chang Tianqing\ \ Xiong Guangleng\ \ Li Jingyi Department of Automation, Tsinghua University, Beijing 100084 \ \;A Concurrent Engineering Oriented Relationship
     Url http://en.cnki.com.cn/Article_en/CJFDTotal-JSJJ200101001.htm


     Search term "Automation"+"Concurrent+Engineering"+"Medical"
     Title Concurrent engineering design tool and method
     Author ['DH Sebastian']
     Venue US Patent 5,552,995
     Year 1996
     Abstract Concurrent engineering aims to integrate product design and manufacturing cycles in a systematic way to facilitate the swift, cost-effective progression of new  the part in frames of feature information, the present invention has the ability to reason and to enable automation of the
     Url https://patents.google.com/patent/US5552995A/en


     Search term "Automation"+"Concurrent+Engineering"+"Medical"
     Title Design for manufacturability & concurrent engineering: How to design for low cost, design in high quality, design for lean manufacture, and design quickly for …
     Author ['DM Anderson']
     Venue NA
     Year 2003
     Abstract From 1977 to 1983, his own company, Anderson Automation, Inc., generated design studies and built special production equipment for companies such as IBM, FMC, Clorox, and Optical Coating Labs. As the ultimate concurrent engineering experience, he personally built the
     Url https://books.google.com/books?hl=en&lr=&id=9st-HiYJhwcC&oi=fnd&pg=PA1&dq=%22Automation%22+%22Concurrent+Engineering%22+%22Medical%22&ots=a4RqNglWNZ&sig=gyWRZ34W_Uu2H97TejaFV-7HVmM


     Search term "Automation"+"Concurrent+Engineering"+"Medical"
     Title Concurrent engineering design tool and method
     Author ['D Sebastian', 'S Pratt', 'S Muthuswamy', 'DJ Kniep']
     Venue US Patent …
     Year 1998
     Abstract US5822206A - Concurrent engineering design tool and method - Google Patents. Concurrent engineering design tool and method. Download PDF Info. Publication number US5822206A. US5822206A US08/706,385 US70638596A
     Url https://patents.google.com/patent/US5822206A/en


     Search term "Automation"+"Concurrent+Engineering"+"Medical"
     Title Concurrent engineering in the 21st century
     Author ['J Stjepandić', 'N Wognum', 'WJC Verhagen']
     Venue … , developments and challenges
     Year 2015
     Abstract Dr. Nel Wognum received her Master's degree in Medical Informatics from Leiden University and her Ph  Her field of interest has since long been the interaction between various dimensions, disciplines, and functions, as in Concurrent Engineering
     Url https://link.springer.com/content/pdf/10.1007/978-3-319-13776-6.pdf


     Search term "Automation"+"Concurrent+Engineering"+"Medical"
     Title The Development and Realization Mechaismof Concurrent Engineering [J]
     Author ['N Ruxin', 'Z Xu']
     Venue 北京理工大学学报 (英文版)
     Year 1998
     Abstract Ning Ruxin; Zhang Xu (school of Mechanical Engineering and Automation,Beijing Institute  To study the development and realization mechanism of concurrent engineering(CE).Methods  al(Department of Endocrinology,the Affiliated hospital of Gannan Medical College,Ganzhou
     Url http://en.cnki.com.cn/Article_en/CJFDTotal-BLGY801.011.htm


     Search term "Automation"+"Concurrent+Engineering"+"Medical"
     Title Concurrent engineering and design for manufacture of electronics products
     Author ['SG Shina']
     Venue NA
     Year 2012
     Abstract manufacturing, marketing, quality, and sales 5.2 Design guidelines 5.3 Organizing for concurrent engineering 5.4 Measuring concurrent engineering 5.5 Conclusion  CONTENTS xiii 9 10 11 12 8.3 Design for automation and robotics 8.4 Examples of design for manufacture
     Url https://books.google.com/books?hl=en&lr=&id=8OTvBwAAQBAJ&oi=fnd&pg=PR7&dq=%22Automation%22+%22Concurrent+Engineering%22+%22Medical%22&ots=A16fU73si_&sig=BO6wyWBvjvp1XfIwaBzIibvwkuQ


     Search term "Automation"+"Concurrent+Engineering"+"Medical"
     Title Parametric collaborative design of mechanical products for concurrent engineering [J]
     Author ['Z WANG', 'G YU', 'S WU', 'H QIN']
     Venue Journal of Central South University …
     Year 2013
     Abstract Hospital, Beijing 100093);Study on Process Control System of Medical Service Quality on  CE;The Thermal Design of Communications Electronic Equipment for Concurrent Engineering[A];[C  4, FAN Wenhui XIAO Tianyan Automation of Department, Tsinghua University
     Url http://en.cnki.com.cn/Article_en/CJFDTotal-ZNGD201302018.htm


     Search term "Automation"+"Concurrent+Engineering"+"Medical"
     Title Two Application Modes for Concurrency of Concurrent Engineering
     Author ['Y He', 'X WANG', 'C LIU', 'H LI']
     Venue COMPUTER INTEGRATED …
     Year 2002
     Abstract Military Hospital, Beijing 100093);Study on Process Control System of Medical Service Quality  7, Zou Linghao Wu Fujia;Research on Concurrent Engineering Technology in Modern Design  developing trends of product life cycle integration[J];Manofacturing Automation;2001-08
     Url http://en.cnki.com.cn/Article_en/CJFDTotal-JSJJ200207006.htm


     Search term "Automation"+"Concurrent+Engineering"+"Medical"
     Title A decision technology system to deliver effective concurrent engineering
     Author ['GA Forgionne']
     Venue Concurrent Engineering
     Year 1994
     Abstract Next, it presents a decision technology system designed to deliver effective concurrent engineering (CE), and it explains the manner in which the DTS can close the knowledge support gaps  2. Concurrent engineering process
     Url https://journals.sagepub.com/doi/abs/10.1177/1063293X9400200107


     Search term "Automation"+"Concurrent+Engineering"+"Medical"
     Title Concurrent engineering design: Integrating the best practices for process improvement
     Author ['LCG Miller']
     Venue NA
     Year 1993
     Abstract Page 1. CONCURRENT ENGINEERING DESIGN Integrating the Best Practices for Process Improvement Landon CG Miller s Society of Manufacturing V j£ Engineers Page 2  Page 7. Foreword This book introduces Concurrent Engineering Design to all parts of the organization
     Url https://books.google.com/books?hl=en&lr=&id=PGuyaBc7214C&oi=fnd&pg=PA1&dq=%22Automation%22+%22Concurrent+Engineering%22+%22Medical%22&ots=kdXhPHzjdy&sig=Pzn03agIq2NKoylOfkaKt6phlYQ


     Search term "Automation"+"Concurrent+Engineering"+"Medical"
     Title Distributed concurrent engineering: Internet-based interactive 3-D dynamic browsing and markup of STEP data
     Author ['CY Kim', 'N Kim', 'Y Kim', 'SH Kang']
     Venue … Engineering
     Year 1998
     Abstract Page 1. 53 CE CONCURRENT ENGINEERING: Research and Applications Distributed Concurrent Engineering: Internet-Based Interactive 3-D  Although Concurrent Engineering can offer substantial benefits, and hence many companies are beginning to take a
     Url https://journals.sagepub.com/doi/abs/10.1177/1063293X9800600106


     Search term "Automation"+"Concurrent+Engineering"+"Medical"
     Title Concurrent engineering design tool and method
     Author ['DH Sebastian', 'S Pratt', 'S Muthuswamy']
     Venue US Patent App. 08 …
     Year 2000
     Abstract USRE36602E - Concurrent engineering design tool and method - Google Patents. Concurrent engineering design tool and method. Download PDF Info. Publication number USRE36602E. USRE36602E US08/882,838 US88283897A
     Url https://patents.google.com/patent/USRE36602E/en


     Search term "Automation"+"Concurrent+Engineering"+"Medical"
     Title Integrating usability with concurrent engineering in mobile phone development
     Author ['P Ketola']
     Venue NA
     Year 2002
     Abstract Page 1. Pekka Ketola Integrating Usability with Concurrent Engineering in Mobile Phone Development  A-2002-5 TAMPERE 2002 Page 2. Page 3. Pekka Ketola Integrating Usability with Concurrent Engineering in Mobile Phone Development ACADEMIC DISSERTATION
     Url https://trepo.tuni.fi/bitstream/handle/10024/67204/951-44-5382-4.pdf?sequence=1


     Search term "Automation"+"Concurrent+Engineering"+"Medical"
     Title The Decision Mode of Inter Disciplinary Team Working and the Support for Group Design in Concurrent Engineering [J]
     Author ['PYZQZ Yingping']
     Venue SYSTEMS ENGINEERING---THEORY & …
     Year 1997
     Abstract 8, Pan Yue Zhong Qian Zheng Yingping (Institute of Automation,Chinese Academy of Sciences,Beijing 100080);The Decision Mode of Inter Disciplinary Team Working and the Support for Group Design in Concurrent Engineering[J];系统工程理论与实践;1997-06
     Url http://en.cnki.com.cn/Article_en/CJFDTotal-XTLL706.003.htm


     Search term "Automation"+"Concurrent+Engineering"+"Medical"
     Title Concurrent engineering in practice: a brief review
     Author ['KJ Sharma']
     Venue International journal of manufacturing …
     Year 2004
     Abstract to show how concurrent engineering can be applied to the production of medical devices  Rover's e-build process assembled cars in the virtual world', Assembly Automation, Vol  21 Gunasekaran, A. and Love, PED (1998) 'Concurrent engineering: a multi disciplinary approach for
     Url https://www.inderscienceonline.com/doi/abs/10.1504/IJMTM.2004.005408


     Search term "Automation"+"Concurrent+Engineering"+"Medical"
     Title Information integration for concurrent engineering (IICE) compendium of methods report
     Author ['RJ Mayer', 'JW Crump', 'R Fernandes', 'A Keen']
     Venue NA
     Year 1995
     Abstract [Not Found]
     Url [Not Found]


     Search term "Automation"+"Concurrent+Engineering"+"Medical"
     Title Research on Concurrent Engineering Technology in Modern Design and Manufacture [J]
     Author ['ZLW Fujia']
     Venue Mechanical Management and Development
     Year 2004
     Abstract Military Hospital, Beijing 100093);Study on Process Control System of Medical Service Quality  Beijing 100084, China);Two Application Modes for Concurrency of Concurrent Engineering[J]; Computer  trends of product life cycle integration[J];Manofacturing Automation;2001-08
     Url http://en.cnki.com.cn/Article_en/CJFDTotal-JSGL200405022.htm


     Search term "Automation"+"Concurrent+Engineering"+"Medical"
     Title New product development in multi-location RD organization: A concurrent engineering approach
     Author ['TO Kowang', 'A Rasli']
     Venue African Journal of Business …
     Year 2011
     Abstract New product development in multi-location R&D organization: A concurrent engineering approach Tan Owee Kowang* and Amran Rasli  The research applied concurrent engineering approach to form a concept of concurrent new product development engineering
     Url https://academicjournals.org/journal/AJBM/article-abstract/5D070FD23834


     Search term "Automation"+"Concurrent+Engineering"+"Medical"
     Title The system of concurrent engineering
     Author ['N Wognum', 'J Trienekens']
     Venue Concurrent Engineering in the 21st Century
     Year 2015
     Abstract 2.4 Concurrent Engineering in the Food Industry  This situation is comparable to other high-risk areas, like medical products and aviation  An interesting example is the level of automation that can be achieved in the slaughtering of pigs
     Url https://link.springer.com/chapter/10.1007/978-3-319-13776-6_2


     Search term "Automation"+"Concurrent+Engineering"+"Medical"
     Title Complex systems concurrent engineering
     Author ['G Loureiro', 'R Curran']
     Venue NA
     Year 2007
     Abstract Modelling and Management of Manufacturing Requirements in Design Automation Systems  Semantics-based Reconciliation of Divergent Replicas in Advanced Concurrent Engineering Environments  Influencing New Products Success in Small Brazilian Medical and Hospital
     Url https://link.springer.com/content/pdf/10.1007/978-1-84628-976-7.pdf


     Search term "Automation"+"Concurrent+Engineering"+"Medical"
     Title Research on Activities Scheduling for Product Concurrent Development Based on Hybrid Genetic Algorithms [J]
     Author ['JB Zhang', 'YZ Lin', 'HY Zhang']
     Venue Light Industry Machinery
     Year 2007
     Abstract Teachers University of Technology,Changzhou 213001,China;2.Institute of Medical Physics and  6, Chang Tianqing\ \ Xiong Guangleng\ \ Li Jingyi Department of Automation, Tsinghua University, Beijing 100084 \ \;A Concurrent Engineering Oriented Relationship
     Url http://en.cnki.com.cn/Article_en/CJFDTotal-QGJX200702052.htm


     Search term "Automation"+"Concurrent+Engineering"+"Medical"
     Title The application of assembly and automation technologies to healthcare products
     Author ['DJ Williams', 'S Ratchev', 'A Chandra', 'H Hirani']
     Venue CIRP annals
     Year 2006
     Abstract 57] Ismeca Automation, Custom Automatic Assembly Equipment for Medical Device Assembly  63] Automation System Engineering & Machine Manufacturing - McClellan Automation Equipment, online  Y. KoyamaAnalysis of the Setting Up of a Concurrent Engineering Scenario. P
     Url https://www.sciencedirect.com/science/article/pii/S1660277306000028


     Search term "Automation"+"Concurrent+Engineering"+"Medical"
     Title A prosthesis design based on genetic algorithms in the concurrent engineering context
     Author ['OC Junior', 'M Rudek', 'T Greboge']
     Venue Improving Complex Systems Today
     Year 2011
     Abstract A Prosthesis Design Based on Genetic Algorithms in the Concurrent Engineering 247  Department of Radiology, Mount Sinai Medical Center, New York, USA, 2006  IEEE International Conference on Measuring Technology and Mechatronics Automation, Shanghai, 2009; 1:568
     Url https://link.springer.com/chapter/10.1007/978-0-85729-799-0_28


     Search term "Automation"+"Concurrent+Engineering"+"Medical"
     Title Research on Modeling Method of Concurrent Engineering Oriented Product Development Workflow [J]
     Author ['CJZSH Heyuan']
     Venue Computer Engineering and Applications
     Year 2001
     Abstract P－PROCE Model is proposed to describe the Concurrent Engineering firstly．According to P  China; 2.Mathematics Research Office of North Sichuan Medical College,Nanchong  of Aeronautics and Astronautics,School of Mechanical Engineering and Automation);Research and
     Url http://en.cnki.com.cn/Article_en/CJFDTotal-JSGG200118000.htm


     Search term "Automation"+"Concurrent+Engineering"+"Medical"
     Title A method for job design in concurrent engineering
     Author ['J Stahl', 'S Muetze', 'H Luczak']
     Venue Human Factors and Ergonomics …
     Year 2000
     Abstract ing. In RJ Koubek & W. Karwowski (Eds.), Manufacturing agility and hybrid automation I (pp. 423–426). Louisville: IEA Press. Stahl, J., & Luczak, H. (2000). Personnel planning in concurrent engineering: A case study. Human
     Url https://onlinelibrary.wiley.com/doi/abs/10.1002/1520-6564(200022)10:3%3C291::AID-HFM5%3E3.0.CO;2-G


     Search term "Automation"+"Concurrent+Engineering"+"Medical"
     Title The careflow architecture. a case study in medical transcription
     Author ['V Jagannathan']
     Venue IEEE Internet Computing
     Year 2001
     Abstract and many hospitals and clinics are slow to upgrade their infrastructure to support automation of more processes. In 1991, the West Virginia University Concurrent Engineering Research Center established the Advanced Research Test- bed in Medical Informatics (Artemis) to
     Url https://ieeexplore.ieee.org/abstract/document/935178/


     Search term "Automation"+"Concurrent+Engineering"+"Medical"
     Title Concurrent engineering infrastructure. Tools, technologies and methods in British industry
     Author ['PJ Veness', 'G Chidolue', 'SS Medhat']
     Venue Engineering Management Journal
     Year 1996
     Abstract CONCURRENTENGINEERING design reviews CADCAM and design automation project planning and tracking tools  at Bournemouth University with an industrial background in medical electronics and  Sa'ad Medhat is the IBM Professor of Concurrent Engineering and Head of
     Url https://digital-library.theiet.org/content/journals/10.1049/em_19960313


     Search term "Automation"+"Concurrent+Engineering"+"Medical"
     Title State-of-the art and developing trends of product life cycle integration [J]
     Author ['J TANG', 'X QIN', 'Y PENG']
     Venue Manofacturing Automation
     Year 2001
     Abstract 7, WU Zhi-huan, YAO Li-gang (Mechanical Engineering & Automation College, Fuzhou University, Fuzhou 350002  100037;△No 316 Military Hospital, Beijing 100093);Study on Process Control System of Medical Service Quality on Concurrent Engineering[J];Hospital
     Url http://en.cnki.com.cn/Article_en/CJFDTotal-JXGY200108000.htm


     Search term "Automation"+"Concurrent+Engineering"+"Medical"
     Title Design and implementation of a cooperative enterprise selection mechanism for allied concurrent engineering environment
     Author ['YJ Chen', 'YM Chen', 'CB Wang']
     Venue … Engineering
     Year 2007
     Abstract Design and Implementation of a Cooperative Enterprise Selection Mechanism for Allied Concurrent Engineering Environment Yuh-Jen Chen,1 Yuh-Min Chen, 2,* Chin-Bin Wang3 and Hui-Chuan Chu4 1Department of Medical Information Management, Kaohsiung Medical
     Url https://journals.sagepub.com/doi/abs/10.1177/1063293X07083085


     Search term "Automation"+"Concurrent+Engineering"+"Medical"
     Title CSCW based architecture of concurrent engineering systems
     Author ['W Xu', 'H Tian', 'Y Xiao', 'Q Wu']
     Venue Proceedings of the IEEE …
     Year 1996
     Abstract automation and information management systems, medical treatment systems, remote education, cooperative scientific research, etc.. [5-101 Remainder of this pap is arranged as follows. Section 2 discusses integrated frameworks for concurrent engineering
     Url https://ieeexplore.ieee.org/abstract/document/601601/


     Search term "Automation"+"Concurrent+Engineering"+"Medical"
     Title Development and consequences of cross functional team performance in the concurrent engineering context: An integrated framework
     Author ['A Deshpande']
     Venue Journal of Applied Business and Economics
     Year 2013
     Abstract Assembly automation, 25, 146-152. Shaw, ME (1981)  (2006). Leading to Recovery: Group Performance and Coordinative Activities in Medical Emergency Driven Groups  Turino, J. (1992). Managing concurrent engineering-buying time to market
     Url http://www.na-businesspress.com/JABE/deshpande_abstract.html


     Search term "Automation"+"Concurrent+Engineering"+"Medical"
     Title On manufacturing system development in the context of concurrent engineering
     Author ['D Aganovic']
     Venue NA
     Year 2004
     Abstract Concurrent Engineering A Doctoral thesis by  Page 4. Page 5. ABSTRACT This thesis presents an extension of the contemporary engineering de- sign theory towards a unified view on simultaneous development of products and manufacturing systems, ie concurrent engineering
     Url https://www.diva-portal.org/smash/record.jsf?pid=diva2:9661


     Search term "Automation"+"Concurrent+Engineering"+"Medical"
     Title New World Situation: New Directions in Concurrent Engineering: Proceedings of the 17th ISPE International Conference on Concurrent Engineering
     Author ['J Pokojski', 'S Fukuda', 'J Salwiński']
     Venue NA
     Year 2010
     Abstract Lin Ma Supporting Management and Analysis of Quotations in a Design Automation Approach to  EDP A Geometric Modelling in the CAD System from the Medical Images to  Miguel de Souza and, Development of White Goods Parts in a Concurrent Engineering nvironment ased
     Url https://books.google.com/books?hl=en&lr=&id=cDgLnNZ_ZlEC&oi=fnd&pg=PR4&dq=%22Automation%22+%22Concurrent+Engineering%22+%22Medical%22&ots=14Tjr5mFE-&sig=2zAef0XYtmNBr4CZE7C0ZvBFR2M


     Search term "Automation"+"Concurrent+Engineering"+"Medical"
     Title A Fixture TOP-DOWN Design System for Concurrent Engineering
     Author ['T Jin', 'W LIU']
     Venue COMPUTER INTEGRATED MANUFACTURING …
     Year 2001
     Abstract 1 People's Hospital, Xuzhou 221002);Case-Based Reasoning Medical Diagnosis Based on  Wei-ren,FENG Chao-gang,ZHANG Xin (College of Automation , Chongqing University  xi2 , LI Yang3 (1. Sino-French Laboratory of Concurrent Engineering, Northwestern Polytechnical
     Url http://en.cnki.com.cn/Article_en/CJFDTotal-JSJJ200110009.htm


     Search term "Automation"+"Concurrent+Engineering"+"Medical"
     Title Research on integrated conflict resolution system in the collaborative design
     Author ['X MENG', 'X HAN', 'J CAO']
     Venue Manufacture Information Engineering of …
     Year 2006
     Abstract 3, XU Wen-sheng, XIONG Guang-leng,ZHONG Pei-si (Department of Automation, Tsinghua University,Beijing 100084  100037;△No 316 Military Hospital, Beijing 100093);Study on Process Control System of Medical Service Quality on Concurrent Engineering[J];Hospital
     Url http://en.cnki.com.cn/Article_en/CJFDTotal-JXZZ200605008.htm


     Search term "Automation"+"Concurrent+Engineering"+"Medical"
     Title Concurrent engineering approach to plastic optics design
     Author ['JT Mäkinen']
     Venue NA
     Year 2010
     Abstract Assembly Automation, Vol  Concurrent Engineering (CE) is an engineering concept that aims for better products and lowered costs by improving the design  can be found in, eg, the built-in camera and display backlight modules of mobile phones, medical diagnostic systems
     Url https://www.vttresearch.com/sites/default/files/pdf/publications/2010/P753.pdf


     Search term "Automation"+"Concurrent+Engineering"+"Medical"
     Title The role of knowledge-based engineering systems in concurrent engineering
     Author ['JDA Anderson']
     Venue Concurrent Engineering
     Year 1994
     Abstract (eds.), Concurrent Engineering © Chapman &  ICAD (intelligent computer-aided design system, marketed by ICAD Engineer- ing Automation Ltd.), starting  Crankshafts and Plastic tooling layout connectmg rods manifolds Consumer products Replacement Medical pro~thesls
     Url https://link.springer.com/chapter/10.1007/978-94-011-1298-7_11


     Search term "Automation"+"Concurrent+Engineering"+"Medical"
     Title New world situation: New directions in concurrent engineering
     Author ['J Pokojski', 'S Fukuda', 'J Salwinski']
     Venue … Conference on Concurrent Engineering …
     Year 2010
     Abstract Lin Ma Supporting Management and Analysis of Quotations in a Design Automation Approach to  A Geometric Modelling in the CAD System from the Medical Images to Support  Miguel de Souza Development of White Goods Parts in a Concurrent Engineering nvironment ased
     Url https://link.springer.com/content/pdf/10.1007/978-0-85729-024-3.pdf


     Search term "Automation"+"Concurrent+Engineering"+"Medical"
     Title Justification of concurrent engineering environments based on fuzzy mathematics
     Author ['MC Wu']
     Venue International journal of production research
     Year 1998
     Abstract Note that these linguistic values are TFNs in the interval [0,1]. Justifying concurrent engineering environments  That is, this type of fuzzy set aggregation is indepen- dent of the application context, which may be widely varied from a human decision to a medical diagnostic system
     Url https://www.tandfonline.com/doi/abs/10.1080/002075498193093


     Search term "Automation"+"Concurrent+Engineering"+"Medical"
     Title Study on the process management of enterprise informatization project implementation [J]
     Author ['D Xiang-hai', 'T Ren-zhong']
     Venue Science Research Management
     Year 2003
     Abstract 100037;△No 316 Military Hospital, Beijing 100093);Study on Process Control System of Medical Service Quality on Concurrent Engineering[J];Hospital  of Industry & Manufacturing System Engineering,School of Mechanical Engineering & Automation,Beihang University
     Url http://en.cnki.com.cn/Article_en/CJFDTotal-KYGL200302015.htm


     Search term "Automation"+"Concurrent+Engineering"+"Medical"
     Title Concurrent Engineering, Knowledge Management, and Product Innovation
     Author ['A Deshpande']
     Venue Journal of Operations and Strategic Planning
     Year 2018
     Abstract Format, Tips on citation download. Download Citation. Download article citation data for: Concurrent Engineering, Knowledge Management, and Product Innovation. Anant Deshpande. Journal of Operations and Strategic Planning 2019 1:2, 204-231. Download Citation
     Url https://journals.sagepub.com/doi/abs/10.1177/2516600X18816204


     Search term "Automation"+"Concurrent+Engineering"+"Medical"
     Title Improving reusing abilities in concurrent engineering
     Author ['F Biennier', 'P Coquard']
     Venue … and Factory Automation …
     Year 1995
     Abstract of this systems have been already developped in the medical field, and  the workshop control" - IEEE International Conference on Robotics and Automation proceedings - Atlanta  P. Coquard, J. Favrel - "Modelling Collaborative Work in Concurrent Engineering" - Proceedings of
     Url https://ieeexplore.ieee.org/abstract/document/496769/


     Search term "Automation"+"Concurrent+Engineering"+"Medical"
     Title Researching on nontime conflict in product R&D under the setting of concurrent engineering
     Author ['LI Huijie', 'LI Zhankui']
     Venue Reformation & Strategy
     Year 2010
     Abstract 1, XU Wen-sheng, XIONG Guang-leng,ZHONG Pei-si (Department of Automation, Tsinghua University,Beijing 100084  100037;△No 316 Military Hospital, Beijing 100093);Study on Process Control System of Medical Service Quality on Concurrent Engineering[J];Hospital
     Url http://en.cnki.com.cn/Article_en/CJFDTotal-GGZY201001011.htm


     Search term "Automation"+"Concurrent+Engineering"+"Medical"
     Title Decision-making of product design for concurrent engineering
     Author ['Y Peilin', 'Z Jun', 'W Yonghong']
     Venue JOURNAL-XIAN JIAOTONG …
     Year 2000
     Abstract programming and fuzzy sets, a fuzzy multi stage decision making model is presented for the product design in concurrent engineering  jian DENG Jia ti (Beijing University of Aeronautics and Astronautics,School of Mechanical Engineering and Automation);Evaluation Method for
     Url http://en.cnki.com.cn/Article_en/CJFDTotal-XAJT200002020.htm

