Showing papers for search query "Automation"+"Continuous"+"Traceability"

     Search term "Automation"+"Continuous"+"Traceability"
     Title Application of the industrial automation standards and methodologies for reliable and continuous European food traceability system
     Author ['R Szewczyk', 'K Rzeplińska']
     Venue Journal of Automation …
     Year 2008
     Abstract EN Recent traceability requirements create necessity of organization of the food production process in the completely new way. This way of production organization is typical rather for large industry, than for traditional way of work at the rural areas. This fact generates tensions
     Url http://yadda.icm.edu.pl/baztech/element/bwmeta1.element.baztech-article-BUJ5-0020-0019


     Search term "Automation"+"Continuous"+"Traceability"
     Title Achieving traceability in large scale continuous integration and delivery deployment, usage and validation of the eiffel framework
     Author ['D Ståhl', 'K Hallén', 'J Bosch']
     Venue Empirical Software Engineering
     Year 2017
     Abstract for continuous integration and delivery traceability infrastructure to be automated. We find the fact that it was only mentioned explicitly in a single statement highly interesting, particularly in the light of the established prevalence of automation in continuous integration systems
     Url https://link.springer.com/article/10.1007/s10664-016-9457-1


     Search term "Automation"+"Continuous"+"Traceability"
     Title On improving automation by integrating RFID in the traceability management of the agri-food sector
     Author ['F Gandino', 'B Montrucchio']
     Venue IEEE Transactions …
     Year 2009
     Abstract paper is organized as follows: in Section I the traceability management systems are presented and their automation characteristics are  may get many resources, the critical activity for agri-food businesses is the internal traceability, since it requires continuous operations and, if
     Url https://ieeexplore.ieee.org/abstract/document/4813266/


     Search term "Automation"+"Continuous"+"Traceability"
     Title Introducing traceability and consistency checking for change impact analysis across engineering tools in an automation solution company: an experience report
     Author ['A Demuth', 'R Kretschmer', 'A Egyed']
     Venue 2016 IEEE International …
     Year 2016
     Abstract Automation, a leading company in the areas of production automation and prod  in form of links and consistency rules; and how through continuous consistency checking  Keywords—Traceability, incremental consistency checking, model-driven engineering, software evolution
     Url https://ieeexplore.ieee.org/abstract/document/7816505/


     Search term "Automation"+"Continuous"+"Traceability"
     Title Using residence time distributions (RTDs) to address the traceability of raw materials in continuous pharmaceutical manufacturing
     Author ['W Engisch', 'F Muzzio']
     Venue Journal of pharmaceutical innovation
     Year 2016
     Abstract Continuous systems with automation and process control result in high-quality (low-variability  also has significant challenges, and if imple- mented incorrectly, continuous processes will  Two notable challenges are batch definition and raw mate- rial traceability, both required by
     Url https://link.springer.com/content/pdf/10.1007/s12247-015-9238-1.pdf


     Search term "Automation"+"Continuous"+"Traceability"
     Title Towards traceability management in continuous integration with SAT-analyzer
     Author ['ID Rubasinghe', 'DA Meedeniya', 'I Perera']
     Venue Proceedings of the 3rd …
     Year 2017
     Abstract test scripts. With the scheduler a scheduling algorithm will be implemented to automatically trigger the continuous integration along with traceability management by providing automation in a DevOps environment. The CI process
     Url https://dl.acm.org/doi/abs/10.1145/3162957.3162985


     Search term "Automation"+"Continuous"+"Traceability"
     Title Continuous integration and delivery traceability in industry: Needs and practices
     Author ['D Ståhl', 'K Hallén', 'J Bosch']
     Venue 2016 42th Euromicro Conference …
     Year 2016
     Abstract Recovering traceability links between code and documentation,” IEEE Transactions on Software Engineering, vol. 28, no. 10, pp. 970–983, 2002. [23] J. Humble and D. Farley, Continuous delivery: reliable software releases through build, test, and deployment automation
     Url https://ieeexplore.ieee.org/abstract/document/7592779/


     Search term "Automation"+"Continuous"+"Traceability"
     Title Continuous and automated evolution of architecture-to-implementation traceability links
     Author ['LGP Murta', 'A van der Hoek', 'CML Werner']
     Venue Automated Software …
     Year 2008
     Abstract Page 1. Autom Softw Eng (2008) 15: 75–107 DOI 10.1007/s10515-007-0020-6 Continuous and automated evolution of architecture-to-implementation traceability links Leonardo GP Murta · André van der Hoek · Cláudia ML Werner
     Url https://link.springer.com/article/10.1007/s10515-007-0020-6


     Search term "Automation"+"Continuous"+"Traceability"
     Title Tool support for traceability management of software artefacts with DevOps practices
     Author ['S Palihawadana', 'CH Wijeweera']
     Venue 2017 Moratuwa …
     Year 2017
     Abstract Practices such as automation of continuous integration and deployment facilitate DevOps as a practical  The success of continuous integration is highly depends on the selected tools and  and time were invested for the researches and development on traceability techniques and
     Url https://ieeexplore.ieee.org/abstract/document/7980469/


     Search term "Automation"+"Continuous"+"Traceability"
     Title Systematic framework for implementation of material traceability into continuous pharmaceutical tablet manufacturing process
     Author ['M Billups', 'R Singh']
     Venue Journal of Pharmaceutical Innovation
     Year 2020
     Abstract such a strategy, are not discussed, especially the method of RTD for internal traceability, which is of utmost importance for applications of traceability in continuous pharmaceutical manufacturing. Mousavi et al. focuses on the standardization and automation strategies essential
     Url https://link.springer.com/article/10.1007/s12247-018-9362-9


     Search term "Automation"+"Continuous"+"Traceability"
     Title Continuous delivery: reliable software releases through build, test, and deployment automation
     Author ['J Humble', 'D Farley']
     Venue NA
     Year 2010
     Abstract Their Symptoms and Causes Infrequent or Buggy Deployments Poor Application Quality Poorly Managed Continuous Integration Process Poor Configuration Management Compliance and Auditing Automation over Documentation Page 29. Enforcing Traceability Working in
     Url https://books.google.com/books?hl=sv&lr=&id=6ADDuzere-YC&oi=fnd&pg=PT30&dq=%22Automation%22+%22Continuous%22+%22Traceability%22&ots=-wosNROboc&sig=FB5V5bo3y7uW1t3Tz3CwYzy9vQ4


     Search term "Automation"+"Continuous"+"Traceability"
     Title A Study on the Requirements Traceability in the Development of CANDU Core Management Procedure Automation System
     Author ['S Lee', 'D Park', 'H Suh', 'S Kim', 'C Yeom']
     Venue KNS Conference, Spring
     Year 2006
     Abstract [Not Found]
     Url https://www.osti.gov/etdeweb/biblio/20794741


     Search term "Automation"+"Continuous"+"Traceability"
     Title Traceability of food products: General framework and experimental evidence
     Author ['A Regattieri', 'M Gamberi', 'R Manzini']
     Venue Journal of food engineering
     Year 2007
     Abstract The automation, the high speed, the great precision (it is a practically error free system) guaranteed by a bar code structure permits simpler, more economical, and exact traceability systems  Furthermore, the traceability question is in continuous development
     Url https://www.sciencedirect.com/science/article/pii/S0260877406006893


     Search term "Automation"+"Continuous"+"Traceability"
     Title Tracking and traceability solution using a novel material handling system
     Author ['A Mousavi', 'M Sarhadi', 'S Fawcett', 'S Bowles']
     Venue Innovative Food Science …
     Year 2005
     Abstract It is suitable for traceability and continuous process control of conveyor motion. Traceability control will be based on closed-loop sequential control (asynchronous) since transition  Rockwell Automation suite of software, ie, RSLogix 5000, RSLinx, RSView 32, RSNetworx, RSSql
     Url https://www.sciencedirect.com/science/article/pii/S1466856404001055


     Search term "Automation"+"Continuous"+"Traceability"
     Title Consistent Identification and Traceability of Objects as an Enabler for Automation in the Steel Processing Industry
     Author ['H Zsifkovits', 'J Kapeller', 'H Reiter', 'C Weichbold']
     Venue Industry 4.0 for …
     Year 2020
     Abstract From the point of view of production plants, it is equally advantageous if the digital connection between the products and the actual plant enables intelligent automation of the  Traceability supports fact-based decision-making and continuous improvement (Kvarnström
     Url https://library.oapen.org/bitstream/handle/20.500.12657/22857/1007304.pdf?sequence=1#page=190


     Search term "Automation"+"Continuous"+"Traceability"
     Title Solutions for the automation of operational monitoring activities for agricultural and forestry tasks
     Author ['R Gallo', 'G Carabin', 'R Vidoni', 'P Sacco']
     Venue … : Journal of Land …
     Year 2018
     Abstract Summary. An innovative approach for the automation of operational monitoring activities in agricultural and forestry tasks is described and discussed in this article  The operational monitoring is carried out to ensure a continuous traceability of the input of a system
     Url https://content.sciendo.com/view/journals/boku/69/3/article-p131.xml


     Search term "Automation"+"Continuous"+"Traceability"
     Title An intelligent value stream-based approach to collaboration of food traceability cyber physical system by fog computing
     Author ['RY Chen']
     Venue Food Control
     Year 2017
     Abstract Outlines the possible use of the fuzzy traceability concept of dynamic simulation, Improve the handling of batch identities in continuous production of  A framework for the evaluation of a traceability system for the agri-food industry is presented, and the automation level in an
     Url https://www.sciencedirect.com/science/article/pii/S0956713516303565


     Search term "Automation"+"Continuous"+"Traceability"
     Title Software artefacts consistency management towards continuous integration: A roadmap
     Author ['DA Meedeniya', 'ID Rubasinghe']
     Venue International Journal of …
     Year 2019
     Abstract Table II summarizes the features of the related studies in artefact traceability management in terms of change detection, CIA  The workspace awareness tool in [66] has involved all the phases in continuous integration in an event-based approach, but it lacks automation
     Url https://www.researchgate.net/profile/Indika_Perera/publication/335172232_Software_Artefacts_Consistency_Management_towards_Continuous_Integration_A_Roadmap/links/5d54423c45851530407530c3/Software-Artefacts-Consistency-Management-towards-Continuous-Integration-A-Roadmap.pdf


     Search term "Automation"+"Continuous"+"Traceability"
     Title Traceability issues in food supply chain management: A review
     Author ['F Dabbene', 'P Gay', 'C Tortia']
     Venue Biosystems engineering
     Year 2014
     Abstract Modern approaches for tracing bulk and liquid products in continuous flow systems  The level of detail in traceability is not dependent on a single company, but the efficiency  Automation in data collection enhances the precision and the reliability of identification of the traced unit
     Url https://www.sciencedirect.com/science/article/pii/S1537511013001554


     Search term "Automation"+"Continuous"+"Traceability"
     Title Continuous delivery with Jenkins: Jenkins solutions to implement continuous delivery
     Author ['V Armenise']
     Venue 2015 IEEE/ACM 3rd International Workshop on …
     Year 2015
     Abstract quickly transitioning from being a Continuous Integration tool only to a Continuous Delivery one  promoting their execution according to specific strategies and for maintaining traceability of the  Source (OSS) CI Platform, whose initial objective has been the automation of the build
     Url https://ieeexplore.ieee.org/abstract/document/7169448/


     Search term "Automation"+"Continuous"+"Traceability"
     Title High-warranty traceability system in the poultry meat supply chain: A medium-sized enterprise case study
     Author ['V Lavelli']
     Venue Food control
     Year 2013
     Abstract The lack of process automation makes its implementation difficult. Previous article in issue; Next article in issue. Keywords  The effectiveness of this traceability system is based on the implementation of the internal traceability, which allows continuous identification of
     Url https://www.sciencedirect.com/science/article/pii/S0956713513000984


     Search term "Automation"+"Continuous"+"Traceability"
     Title An analysis of the requirements traceability problem
     Author ['OCZ Gotel', 'CW Finkelstein']
     Venue Proceedings of IEEE International …
     Year 1994
     Abstract For example: the KJ-editor provides traceability between ideas and requirements (561; and the T tool provides traceability between requirements and test cases [54]. Support is implicit in tool use, by automation of any mundane tasks needed to provide RT, and guidance is
     Url https://ieeexplore.ieee.org/abstract/document/292398/


     Search term "Automation"+"Continuous"+"Traceability"
     Title Food traceability systems: Performance evaluation and optimization
     Author ['F Dabbene', 'P Gay']
     Venue Computers and Electronics in Agriculture
     Year 2011
     Abstract From the point of view of traceability, this second instance (continuous unit operations) can also be interpreted as a batch process situation, by either guaranteeing proper cleaning cycles between two subsequent lots, or by allowing (and then neglecting) small percentages of
     Url https://www.sciencedirect.com/science/article/pii/S016816991000219X


     Search term "Automation"+"Continuous"+"Traceability"
     Title Experiences on Traceability and Consistency Checking across Engineering Tools in an Automation Solution Company
     Author ['A Demuth', 'R Kretschmer', 'M Tröls', 'G Kanakis']
     Venue Software Engineering …
     Year 2018
     Abstract experiences with a leading company in the area of production automation in maintaining  and the corresponding software controller when both are subject to continuous change  Keywords: Traceability, Consistency Checking, Experience Report, DesignSpace, Collaboration;
     Url https://dl.gi.de/handle/20.500.12116/21146


     Search term "Automation"+"Continuous"+"Traceability"
     Title New Frameworks for Automated Test and Retest (ATRT) Test Case Requirement Traceability Matrix
     Author ['R Padmavathi', 'P Saravanan']
     Venue development
     Year 2017
     Abstract determining a best script. AUTOMATION TESTING, TESTCASE REQUIREMENT, TRASABLITY MATRIX FRAMEWORK Fig-2 Traceability Matrix The unexpected and unplanned changes as well as the fact the continuous maintained and growth the software Requirement Page 5
     Url http://www.ijirase.com/assets/paper/issue_2/volume_1/issue-2-44-50.pdf


     Search term "Automation"+"Continuous"+"Traceability"
     Title Automated Inter-artefact Traceability Establishment for DevOps Practice
     Author ['I Rubasinghe', 'D Meedeniya']
     Venue 2018 IEEE/ACIS 17th …
     Year 2018
     Abstract This research uses build scripting build automation method; thus considers Apache Maven build script as the build script artefact  129–134. [27] ID Rubasinghe, DA Meedeniya and I. Perera, “Towards Traceability Management in Continuous Integration with SAT
     Url https://ieeexplore.ieee.org/abstract/document/8466414/


     Search term "Automation"+"Continuous"+"Traceability"
     Title Traceability in continuous integration pipelines using the Eiffel protocol
     Author ['A Hramyka', 'M Winqvist']
     Venue NA
     Year 2019
     Abstract Page 1. Traceability in continuous integration pipelines using the Eiffel protocol Alena Hramyka  same language”. A proposed solution to the problems of traceability in a continuous integration context is the open source Eiffel framework, developed at Ericsson AB. Eiffel is a
     Url https://muep.mau.se/handle/2043/29176


     Search term "Automation"+"Continuous"+"Traceability"
     Title Transition towards continuous delivery in the healthcare domain
     Author ['F Giorgi', 'F Paulisch']
     Venue 2019 IEEE/ACM 41st International …
     Year 2019
     Abstract SEIP) 978-1-7281-1760-7/19/$31.00 ©2019 IEEE DOI 10.1109/ICSE-SEIP.2019.00035 Page 2. continuous traceability between requirements, code, and test which is very important for us to keep in strong alignment. It is also helping us in achieving a full automation in our tests
     Url https://ieeexplore.ieee.org/abstract/document/8804458/


     Search term "Automation"+"Continuous"+"Traceability"
     Title A tool for obtaining transparency and traceability in heterogeneous design automation environments
     Author ['T Hjertberg', 'R Stolt', 'F Elgh']
     Venue Computer-Aided Design and …
     Year 2018
     Abstract A tool for obtaining transparency and traceability in heterogeneous design automation environments  there are the system developers who also work with maintenance and continuous improvements of  certainly will increase but that the work must be done since traceability is a
     Url https://www.tandfonline.com/doi/abs/10.1080/16864360.2017.1419637


     Search term "Automation"+"Continuous"+"Traceability"
     Title Traceability in a food supply chain: Safety and quality perspectives
     Author ['MM Aung', 'YS Chang']
     Venue Food control
     Year 2014
     Abstract the food system. For the growers, traceability is part of an overall cost-effective quality management system that can also assist in continuous improvement and minimization of the impact of safety hazards. It also facilitates in
     Url https://www.sciencedirect.com/science/article/pii/S0956713513005811


     Search term "Automation"+"Continuous"+"Traceability"
     Title Keeping Pace with Changes-Towards Supporting Continuous Improvements and Extensive Updates in Manufacturing Automation Software
     Author ['C Haubeck', 'I Wior', 'L Braubach']
     Venue … of the EASST
     Year 2013
     Abstract Unsolved problems with respect to requirements traceability mainly concern the missing standardization of requirement types and their characteristics, leading to  9 / 12 Phase 4 - Provide enhanced test coverage in production automation: The continuous improvements in
     Url http://journal.ub.tu-berlin.de/eceasst/article/view/809


     Search term "Automation"+"Continuous"+"Traceability"
     Title Performance evaluation of a traceability system. An application to the radio frequency identification technology
     Author ['E Sahin', 'Y Dallery', 'S Gershwin']
     Venue IEEE International Conference …
     Year 2002
     Abstract and data capture systems exist depending on the level of automation and information detail  RFID system based continuous monitoring of perishable items throughout supply chain processes gives  between this information and the actual date enables the traceability system to
     Url https://ieeexplore.ieee.org/abstract/document/1176118/


     Search term "Automation"+"Continuous"+"Traceability"
     Title Quality Assurance and Traceability in Containerized Continuous Delivery Process
     Author ['OA Oyelami', 'A Poth', 'J Hintsch', 'A Riel']
     Venue European Conference on Software …
     Year 2019
     Abstract The change comes from the technology push of automation options  an approach to be more efficient with containers and deterministic procedures based on traceability in the  DevOps mindset, which is a new culture of product delivery in an agile continuous improvement version
     Url https://link.springer.com/chapter/10.1007/978-3-030-28005-5_28


     Search term "Automation"+"Continuous"+"Traceability"
     Title Quality Assurance and Traceability in Containerized Continuous Delivery Process
     Author ['J Hintsch', 'A Riel']
     Venue … , EuroSPI 2019, Edinburgh, UK, September 18 …
     Year 2019
     Abstract QA and Traceability in Containerized Continuous Delivery Process 371 quality is evaluated [5]. The seeming complexity associated with an ecosystem of software delivery from repositories, orchestrators to platforms with a high significant degree of automation makes the
     Url https://books.google.com/books?hl=sv&lr=&id=v0yuDwAAQBAJ&oi=fnd&pg=PA368&dq=%22Automation%22+%22Continuous%22+%22Traceability%22&ots=EsucPoivF9&sig=v2a0rYqelrWHIvk6cliZyq6luaA


     Search term "Automation"+"Continuous"+"Traceability"
     Title Blockchain Enabled Traceability–Securing Process Quality in Manufacturing Chains in the Age of Autonomous Driving
     Author ['M Kuhn', 'H Giang', 'H Otten']
     Venue 2018 IEEE International …
     Year 2018
     Abstract with a low degree of automation and standardization and all interviewees stated, that production practices and improvements are always considered from a cost-perspective first. Consequently, the majority of companies have not established a continuous traceability system, as
     Url https://ieeexplore.ieee.org/abstract/document/8691242/


     Search term "Automation"+"Continuous"+"Traceability"
     Title Traceability in the Greek fresh produce sector: drivers and constraints
     Author ['B Manos', 'I Manikas']
     Venue British food journal
     Year 2010
     Abstract Labeling automation with the implementation of shop floor bar‐coding and scanning technologies  Thus, in order to overcome practical issues and achieve continuous information flow, more  technologies seem to provide an opportunity to move to efficient traceability and supply
     Url https://www.emerald.com/insight/content/doi/10.1108/00070701011052727/full/html


     Search term "Automation"+"Continuous"+"Traceability"
     Title Traceability data management for food chains
     Author ['D Folinas', 'I Manikas', 'B Manos']
     Venue British Food Journal
     Year 2006
     Abstract each individual product and distribution (logistics) unit, in a way that enables continuous monitoring from  Food Standards Agency (2002), Traceability in the Food Chain; a Preliminary Study, Food Chain  Forcinio, H. (2004), “Getting ready for RFID”, Managing Automation, Vol
     Url https://www.emerald.com/insight/content/doi/10.1108/00070700610682319/full/html


     Search term "Automation"+"Continuous"+"Traceability"
     Title Traceability fundamentals
     Author ['O Gotel', 'J Cleland-Huang', 'JH Hayes', 'A Zisman']
     Venue … and systems traceability
     Year 2012
     Abstract the detail of stakeholders' needs, decisions regarding mechanism and automation, and also chains atomic traces in some agreed way to enable required activities and tasks. Continuous feedback is a critical aspect of the entire process to enable the traceability strategy to
     Url https://link.springer.com/chapter/10.1007/978-1-4471-2239-5_1


     Search term "Automation"+"Continuous"+"Traceability"
     Title Integration of Traceability Systems in Battery Production
     Author ['G Riexinger', 'JP Doppler', 'C Haar', 'M Trierweiler', 'A Buss']
     Venue Procedia CIRP
     Year 2020
     Abstract aFraunhofer Institute for Manufacturing Engineering and Automation IPA, Nobelstr  A real implementation of a continuous traceability solution for electrode production is not described in scientific or technical publication formats
     Url https://www.sciencedirect.com/science/article/pii/S221282712030531X


     Search term "Automation"+"Continuous"+"Traceability"
     Title Digital twin-driven 3D visualization monitoring and traceability system for general parts in continuous casting machine
     Author ['Z HAN', 'Y LI', 'M YANG', 'Q YUAN', 'L BA']
     Venue Journal of Advanced …
     Year 2020
     Abstract Currently, there are few studies on the traceability for general parts in continuous casting machine  The application system is mainly composed of three main modules, ie, operation monitoring for continuous casting machine, online monitoring and traceability for general part
     Url https://www.jstage.jst.go.jp/article/jamdsm/14/7/14_2020jamdsm0100/_article/-char/ja/


     Search term "Automation"+"Continuous"+"Traceability"
     Title Traceability methods for continuous processes
     Author ['B Kvarnström']
     Venue NA
     Year 2008
     Abstract Accepted for presentation at Flexible Automation and Intelligent Manufacturing (FAIM) 2008 conference. Skövde, Sweden. PAPER C Kvarnström, B. (2007). Developing Distribution Chain Traceability in Continuous Processes - Experiments in the Iron Ore Pellets Industry
     Url https://www.diva-portal.org/smash/record.jsf?pid=diva2:990318


     Search term "Automation"+"Continuous"+"Traceability"
     Title Traceability for evolving automated production systems
     Author ['M Alenazi', 'N Niu', 'W Wang', 'B Vogel-Heuser']
     Venue … of Traceability: The Next Ten …
     Year 2017
     Abstract uc. edu 2 Institute of Automation and Information Systems, Technical University Munich, Germany vogel-heuser@ tum  eg, a wood-working plant) that is operated over decades and undergoing continuous changes in its mechatronic and software parts [4]. Traceability has long
     Url https://arxiv.org/pdf/1710.03129#page=28


     Search term "Automation"+"Continuous"+"Traceability"
     Title Continuous integration and automation for DevOps
     Author ['A Schaefer', 'M Reichenbach', 'D Fey']
     Venue IAENG Transactions on Engineering …
     Year 2013
     Abstract In this context, continuous integration means that there are no monolithic changes to the system  high degree of automation, to keep the total workload low, despite maintaining a steadily  4. traceability, which allows admins to track down who made which changes when and why
     Url https://link.springer.com/chapter/10.1007/978-94-007-4786-9_28


     Search term "Automation"+"Continuous"+"Traceability"
     Title Testing tool comprising an automated multidimensional traceability matrix for implementing and validating complex software systems
     Author ['BM Blackwell', 'LR Guzman Jr', 'JP Collen']
     Venue US Patent …
     Year 2009
     Abstract US7490319B2 - Testing tool comprising an automated multidimensional traceability matrix for implementing and validating complex software systems - Google Patents. Testing tool comprising an automated multidimensional
     Url https://patents.google.com/patent/US7490319B2/en


     Search term "Automation"+"Continuous"+"Traceability"
     Title Approach to automation in immunohistochemistry
     Author ['A Moreau', 'T Le Neel', 'M Joubert', 'A Truchaud']
     Venue Clinica chimica acta
     Year 1998
     Abstract rinsing. These steps could be accessible to automation. Automation in  immunohistochemistry could guarantee a continuous quality of labelling in improving standardisation, optimization and traceability of operations. The required
     Url https://www.sciencedirect.com/science/article/pii/S0009898198001454


     Search term "Automation"+"Continuous"+"Traceability"
     Title Evaluation of traceability in continuous 2D measurements employing machine vision systems
     Author ['P Maresca', 'Á Duarte', 'C Wang', 'J Caja', 'E Gómez']
     Venue Procedia Manufacturing
     Year 2019
     Abstract 1. Introduction The equipment used in the field of dimensional metrology has evolved enormously in the last decade [1-4] with the increase in advances in automation and manufacturing methods  Evaluation of traceability in continuous 2D measurements
     Url https://www.sciencedirect.com/science/article/pii/S2351978919311783


     Search term "Automation"+"Continuous"+"Traceability"
     Title Devops round-trip engineering: Traceability from dev to ops and back again
     Author ['M Jiménez', 'L Castaneda', 'NM Villegas']
     Venue … Aspects of Continuous …
     Year 2018
     Abstract Dev Open image in new window Ops) that enables bidirectional traceability [14] of  Nevertheless, the automation considered in its design seems incomplete with respect to its  considers forward engineering, from development to operations, leaving out the continuous cycle as
     Url https://link.springer.com/chapter/10.1007/978-3-030-06019-0_6


     Search term "Automation"+"Continuous"+"Traceability"
     Title Traceability management with impact analysis in DevOps based software development
     Author ['I Rubasinghe', 'D Meedeniya']
     Venue … Conference on Advances …
     Year 2018
     Abstract Easy refactoring. Event-based traceability: map with the artefacts in former implementation  Check for artefact related bugs. Ensure quality of each continuous release Config uration  Maven repository concatenates artefact dependencies & enables build automation
     Url https://ieeexplore.ieee.org/abstract/document/8554399/


     Search term "Automation"+"Continuous"+"Traceability"
     Title Evolution traceability roadmap for business processes
     Author ['V Yadav', 'RK Joshi', 'S Ling']
     Venue Proceedings of the 12th Innovations on …
     Year 2019
     Abstract Need for Automation and Engine Support: There is very little or no implementation support in present workflow en- gines for handling evolution of running  The tool implements evolution traceability in forward direction across ongoing versions on a continuous time-line
     Url https://dl.acm.org/doi/abs/10.1145/3299771.3299790


     Search term "Automation"+"Continuous"+"Traceability"
     Title Traceability Establishment and Visualization of Software Artefacts in DevOps Practice: A Survey
     Author ['DA Meedeniya', 'ID Rubasinghe']
     Venue International Journal of …
     Year 2019
     Abstract This approach manages the traceability among heterogeneous artefact types that are involved in  Additionally, this work has addressed continuous changes using change detection, change  Accordingly, these related studies have mainly considered the automation of traceability
     Url https://www.researchgate.net/profile/Indika_Perera/publication/335172099_Traceability_Establishment_and_Visualization_of_Software_Artefacts_in_DevOps_Practice_A_Survey/links/5d5440c7a6fdcc74dfa7c496/Traceability-Establishment-and-Visualization-of-Software-Artefacts-in-DevOps-Practice-A-Survey.pdf

