Showing papers for search query "Automation"+"Case+Study"+OR+"Case+Studies"

     Search term "Automation"+"Case+Study"+OR+"Case+Studies"
     Title Experiences of test automation: case studies of software test automation
     Author ['D Graham', 'M Fewster']
     Venue NA
     Year 2012
     Abstract Software test automation has moved beyond a luxury to become a necessity. Applications and systems have grown ever larger and more complex, and manual testing simply cannot keep up. As technology changes, and more organizations move into agile development
     Url https://books.google.com/books?hl=no&lr=&id=62pUzABIZSwC&oi=fnd&pg=PR9&dq=%22Automation%22+%22Case+Study%22+OR+%22Case+Studies%22&ots=VLzDIosDYE&sig=y-PtAbcMzddCCoQTVvhQ8dzPIrM


     Search term "Automation"+"Case+Study"+OR+"Case+Studies"
     Title Oops, it didn't arm-a case study of two automation surprises
     Author ['E Palmer']
     Venue Proceedings of the Eighth International Symposium on …
     Year 1995
     Abstract Altitude deviations are the most common incident reported to the Aviation Safety Reporting System. Altitude deviations are reported to the ASRS at the rate of about one per hour. The reporting pilot's narrative is usually the only source of information about what happened in
     Url https://www.researchgate.net/profile/Everett_Palmer/publication/247058880_Oops_it_didn't_arm_A_case_study_of_two_automation_surprises/links/5a00bd3aa6fdcc82a314b8da/Oops-it-didnt-arm-A-case-study-of-two-automation-surprises.pdf


     Search term "Automation"+"Case+Study"+OR+"Case+Studies"
     Title Case study: the synergism of telecommuting and office automation
     Author ['MM Watad', 'FJ DiSanzo']
     Venue MIT Sloan Management Review
     Year 2000
     Abstract A company's sales workforce must be able to present their products and services using state-of-the-art personal computer technology. To communicate effectively with the company's main office, a salesforce working in the field must be able to collect and transmit order data
     Url http://search.proquest.com/openview/46bd0278d9c034ecc114d05d8f1f9c2b/1?pq-origsite=gscholar&cbl=26142


     Search term "Automation"+"Case+Study"+OR+"Case+Studies"
     Title A case study evaluating the ergonomic and productivity impacts of partial automation strategies in the electronics industry
     Author ['WP Neumann', 'S Kihlberg', 'P Medbo']
     Venue … journal of production …
     Year 2002
     Abstract A case study is presented that evaluates the impact of partial automation strategies on productivity and ergonomics. A company partly automated its assembly and transportation functions while moving from a parallel-batch to a serial line-based production system. Data
     Url https://www.tandfonline.com/doi/abs/10.1080/00207540210148862


     Search term "Automation"+"Case+Study"+OR+"Case+Studies"
     Title A case study of expressively constrainable level design automation tools for a puzzle game
     Author ['AM Smith', 'E Andersen', 'M Mateas']
     Venue Proceedings of the …
     Year 2012
     Abstract Some problems in procedural content generation for games involve hard constraints (eg that a generated puzzle is necessarily solvable). Common techniques for generator design lack a way to specify crisp (yes/no) constraints on what counts as a valid content artifact and
     Url https://dl.acm.org/doi/abs/10.1145/2282338.2282370


     Search term "Automation"+"Case+Study"+OR+"Case+Studies"
     Title Use of Sequential Injection technique and robotics for the automation of rhFXIII fluorometric activity assay. case study
     Author ['M Guzman', 'BJ Compton']
     Venue Talanta
     Year 1993
     Abstract This paper evaluates the feasibility of two systems—the Sequential Injection (SI) analyzer and the Zymark Benchmate (ZB) robot—for the automation of a recombinant human Factor Thirteen (rhFXIII) fluorometric assay. The goal was to develop a routine analytical procedure
     Url https://www.sciencedirect.com/science/article/pii/003991409380119C


     Search term "Automation"+"Case+Study"+OR+"Case+Studies"
     Title Improving home automation by discovering regularly occurring device usage patterns
     Author ['EO Heierman', 'DJ Cook']
     Venue Third IEEE International conference …
     Year 2003
     Abstract a smart home. We also discuss a case study that shows the data mining technique can improve the accuracy of two prediction algorithms, thus demonstrating multiple uses for a home automation system. Finally, we present
     Url https://ieeexplore.ieee.org/abstract/document/1250971/


     Search term "Automation"+"Case+Study"+OR+"Case+Studies"
     Title Abrasive flow machining: a case study
     Author ['L Rhoades']
     Venue Journal of Materials Processing Technology
     Year 1991
     Abstract Abrasive flow machining: a case study  Advances in media formulation and tool design coupled with new capabilities in processing and automation have established the abrasive flow process as a way of satisfying tough marmfaetudng requirements economically and
     Url https://www.sciencedirect.com/science/article/pii/0924013691902106


     Search term "Automation"+"Case+Study"+OR+"Case+Studies"
     Title Challenges of parallel evolution in production automation focusing on requirements specification and fault handling
     Author ['B Vogel-Heuser', 'C Legat', 'J Folmer']
     Venue at …
     Year 2014
     Abstract Page 2. DE GRUYTER OLDENBOURG B. Vogel-Heuser et al., Challenges of Parallel Evolution | 759 the priority programme SPP 1593 (referred to as SPP hence- forth) as a case study for investigating research on the evo- lution in plant and machine automation (P&M)
     Url https://www.degruyter.com/view/journals/auto/62/11/article-p758.xml


     Search term "Automation"+"Case+Study"+OR+"Case+Studies"
     Title Materials flow improvement in a lean assembly line: a case study
     Author ['I Karjalainen', 'R Domingo', 'R Alvarez', 'MM Peña']
     Venue … automation
     Year 2007
     Abstract Purpose–This paper seeks to analyse the internal materials flow in lean manufacturing in an assembly line of the Bosch factory, located in Spain. The objective is to develop a handling system in a small space, capable of solving the problems of accumulated intermediate
     Url https://www.emerald.com/insight/content/doi/10.1108/01445150710733379/full/html


     Search term "Automation"+"Case+Study"+OR+"Case+Studies"
     Title Springer handbook of automation
     Author ['SY Nof']
     Venue NA
     Year 2009
     Abstract Page 1. Page 2. Springer Handbook of Automation Page 3  References to extensive sources are provided. Page 4. Nof (Ed.) With DVD-ROM, 1005 Figures, 222 in four color and 149 Tables 123 Handbook Springer of Automation Page 5
     Url https://books.google.com/books?hl=no&lr=&id=2v_91vSCIK0C&oi=fnd&pg=PR1&dq=%22Automation%22+%22Case+Study%22+OR+%22Case+Studies%22&ots=vP7M4jYmTm&sig=Qlxy-BddTS3PyB70jxQetHSXqbI


     Search term "Automation"+"Case+Study"+OR+"Case+Studies"
     Title Empirical observations on software testing automation
     Author ['K Karhu', 'T Repo', 'O Taipale']
     Venue … Conference on Software …
     Year 2009
     Abstract and practices”. To provide more empirical knowledge about this area, we conducted a case study in five organizations with the purpose to understand which factors influence testing automation in practice. The organizations
     Url https://ieeexplore.ieee.org/abstract/document/4815352/


     Search term "Automation"+"Case+Study"+OR+"Case+Studies"
     Title The DOPLER meta-tool for decision-oriented variability modeling: a multiple case study
     Author ['D Dhungana', 'P Grünbacher', 'R Rabiser']
     Venue Automated Software Engineering
     Year 2011
     Abstract domains. We conducted a multiple case study consisting of four cases in the domains of industrial automation systems and business software. In each of these case studies we analyzed variability implementation techniques
     Url https://link.springer.com/article/10.1007/s10515-010-0076-6


     Search term "Automation"+"Case+Study"+OR+"Case+Studies"
     Title Harnessing marketing automation for B2B content marketing
     Author ['J Järvinen', 'H Taiminen']
     Venue Industrial Marketing Management
     Year 2016
     Abstract Moreover, the single case study method is appropriate for the purposes of this study  Consequently, the role of content marketing and marketing automation notably varies across segments  Data triangulation is essential in case studies (Dubois & Gibbert, 2010), and hence data
     Url https://www.sciencedirect.com/science/article/pii/S0019850115300018


     Search term "Automation"+"Case+Study"+OR+"Case+Studies"
     Title One evaluation of model-based testing and its automation
     Author ['A Pretschner', 'W Prenninger', 'S Wagner']
     Venue Proceedings of the 27th …
     Year 2005
     Abstract spec- ifications of Sec. 4.2.1. This person intuitively tried to match the structure of the model. In our case study, automation could hence not match the coverage of manually generated model-based tests. A does not include all
     Url https://dl.acm.org/doi/abs/10.1145/1062455.1062529


     Search term "Automation"+"Case+Study"+OR+"Case+Studies"
     Title Iterative triangulation: a theory development process using existing case studies
     Author ['MW Lewis']
     Venue Journal of operations Management
     Year 1998
     Abstract of unstructured strategic decision making by analyzing case studies written by their MBA students. Kelley (1986)employed existing cases to refine a contingency theory of the deskilling effects of programmable automation. She analyzed her own case study and reinterpreted
     Url https://www.sciencedirect.com/science/article/pii/S0272696398000242


     Search term "Automation"+"Case+Study"+OR+"Case+Studies"
     Title Activity-based costing in flexible manufacturing systems with a case study in a forging industry
     Author ['K Rezaie', 'B Ostadi', 'SA Torabi']
     Venue International Journal of Production …
     Year 2008
     Abstract to develop an appropriate costing framework based on the ABC approach and the product cost tree concept for flexible manufacturing systems; to implement the developed framework for a forging industry with the A(2) level of automation as a case study; and
     Url https://www.tandfonline.com/doi/abs/10.1080/00207540600988121


     Search term "Automation"+"Case+Study"+OR+"Case+Studies"
     Title Implementing 'Site BIM': a case study of ICT innovation on a large hospital project
     Author ['R Davies', 'C Harty']
     Venue Automation in construction
     Year 2013
     Abstract Numerous Building Information Modelling (BIM) tools are well established and potentially beneficial in certain uses. However, issues of adoption and implementation persist, particularly for on-site use of BIM tools in the construction phase. We describe an
     Url https://www.sciencedirect.com/science/article/pii/S0926580512002191


     Search term "Automation"+"Case+Study"+OR+"Case+Studies"
     Title Collaborative knowledge management—A construction case study
     Author ['B Dave', 'L Koskela']
     Venue Automation in construction
     Year 2009
     Abstract Due to the new threats and challenges faced by the construction industry today, construction companies must seek new solutions in order to remain ahead of the competition. Knowledge has been identified to be a significant organisational resource, which if used effectively can
     Url https://www.sciencedirect.com/science/article/pii/S0926580509000545


     Search term "Automation"+"Case+Study"+OR+"Case+Studies"
     Title Toward self-reconfiguration of manufacturing systems using automation agents
     Author ['W Lepuschitz', 'A Zoitl', 'M Vallée']
     Venue IEEE Transactions on …
     Year 2010
     Abstract 53 the cooperation with an automation agent's high-level control (HLC). A demonstration case study is examined in Section VI, and finally, Section VII concludes the paper. II. ARCHITECTURE OF AN AUTOMATION AGENT
     Url https://ieeexplore.ieee.org/abstract/document/5557828/


     Search term "Automation"+"Case+Study"+OR+"Case+Studies"
     Title Toward self-reconfiguration of manufacturing systems using automation agents
     Author ['W Lepuschitz', 'A Zoitl', 'M Vallée']
     Venue IEEE Transactions on …
     Year 2010
     Abstract 53 the cooperation with an automation agent's high-level control (HLC). A demonstration case study is examined in Section VI, and finally, Section VII concludes the paper. II. ARCHITECTURE OF AN AUTOMATION AGENT
     Url https://ieeexplore.ieee.org/abstract/document/5557828/


     Search term "Automation"+"Case+Study"+OR+"Case+Studies"
     Title Nippondenso Co. Ltd: A case study of strategic product design
     Author ['DE Whitney']
     Venue Research in Engineering Design
     Year 1993
     Abstract The special class of literature known as case studies typically concentrates on one company and circumstance, and is  Thus NDCL's in-house ability to create both product designs and factory automation systems together with the  Ltd: A Case Study of Strategic Product Design 3
     Url https://link.springer.com/article/10.1007%252FBF01608394


     Search term "Automation"+"Case+Study"+OR+"Case+Studies"
     Title Logic BIST for large industrial designs: Real issues and case studies
     Author ['G Hetherington', 'T Fryars', 'N Tamarapalli']
     Venue … (IEEE Cat. No …
     Year 1999
     Abstract G9. Minimal impact on current design methodology. G10. Automation of the logic BIST flow. G 1 1. Additional RTL-to-gates run time < 2 hours. G12  Section IV is devoted to detailed presentation of four case studies. Finally, conclu- sions are presented in Section V. 11
     Url https://ieeexplore.ieee.org/abstract/document/805650/


     Search term "Automation"+"Case+Study"+OR+"Case+Studies"
     Title Indirect effects in evidential assessment: a case study on regression test technology adoption
     Author ['E Engström', 'R Feldt', 'R Torkar']
     Venue … of the 2nd international workshop on …
     Year 2012
     Abstract 3.4.2 Identification of changes The scope of the automation in our case study involved the test planning and selection of test suites for regression testing  A prototype tool was developed for the purpose of evaluat- ing the automation in the case study
     Url https://dl.acm.org/doi/abs/10.1145/2372233.2372239


     Search term "Automation"+"Case+Study"+OR+"Case+Studies"
     Title The integrated logistics management system: a framework and case study
     Author ['HN Chiu']
     Venue International Journal of Physical Distribution & …
     Year 1995
     Abstract Recently, much attention has been given to automation in services, the use of new information technology and the integration of the supply  Includes a case study of one prominent food processor and retailer in Taiwan in order to demonstrate the pragmatic operations of the
     Url https://www.emerald.com/insight/content/doi/10.1108/09600039510093249/full/html


     Search term "Automation"+"Case+Study"+OR+"Case+Studies"
     Title Power quality and factory automation
     Author ['VE Wagner', 'AA Andreshak']
     Venue IEEE Transactions on …
     Year 1990
     Abstract A case study is described to monitor power quality disturbances at a representative plant and identify the disturbances that disrupt production  Paper GID 90-1, approved by the Machine Tools, Robotics, and Factory Automation Committee of the IEEE Industry Applications Society
     Url https://ieeexplore.ieee.org/abstract/document/55984/


     Search term "Automation"+"Case+Study"+OR+"Case+Studies"
     Title Cognitive automation strategy for reconfigurable and sustainable assembly systems
     Author ['Å Fasth‐Berglund', 'J Stahre']
     Venue Assembly automation
     Year 2013
     Abstract This dilemma was part of Case 3 hypotheses to show relation between quality, cognitive automation and choice complexity. Results and discussion of the case studies. Case study 1 – automotive subcontractor (instrument clusters for trucks)
     Url https://www.emerald.com/insight/content/doi/10.1108/AA-12-2013-036/full/html?fullSc=1


     Search term "Automation"+"Case+Study"+OR+"Case+Studies"
     Title Understanding the implications of digitisation and automation in the context of Industry 4.0: A triangulation approach and elements of a research agenda for the …
     Author ['TD Oesterreich', 'F Teuteberg']
     Venue Computers in industry
     Year 2016
     Abstract Additionally, we perform a case study research by using multiple case studies for the purpose  the systematic literature review as well as the results from the case study research, resulting  to describe the trend for the increasing use of information and automation technologies in
     Url https://www.sciencedirect.com/science/article/pii/S0166361516301944


     Search term "Automation"+"Case+Study"+OR+"Case+Studies"
     Title MAS and SOA: A case study exploring principles and technologies to support self-properties in assembly systems
     Author ['L Ribeiro', 'J Barata', 'A Colombo']
     Venue 2008 Second IEEE …
     Year 2008
     Abstract Traditionally this has been achieved through the use of multiagent systems (MAS). Recently a significant research effort has been invested in applying Service Oriented Architectures (SOA) in automation domains  A case study demonstrating self
     Url https://ieeexplore.ieee.org/abstract/document/4800676/


     Search term "Automation"+"Case+Study"+OR+"Case+Studies"
     Title Model-Driven engineering in a large industrial context—motorola case study
     Author ['P Baker', 'S Loh', 'F Weil']
     Venue … on Model Driven Engineering Languages and …
     Year 2005
     Abstract Context — Motorola Case Study Paul Baker1, Shiou Loh2, and Frank Weil3  2.4 Automation Test Generation  Pathological behaviors caused by inconsistencies in commu- nication semantics were prevalent among the issues identified during various Motorola case studies
     Url https://link.springer.com/chapter/10.1007/11557432_36


     Search term "Automation"+"Case+Study"+OR+"Case+Studies"
     Title The 'problem'with automation: inappropriate feedback and interaction, not 'over-automation'
     Author ['DA Norman']
     Venue … Transactions of the Royal Society of …
     Year 1990
     Abstract Consider how this would have worked in the case studies of the loss of engine power or  of these thought experiments are buttressed by the situation described in the case study of the  Again, this observation makes the point that the culprit is not actually automation, but rather
     Url https://royalsocietypublishing.org/doi/abs/10.1098/rstb.1990.0101


     Search term "Automation"+"Case+Study"+OR+"Case+Studies"
     Title Robotic process automation
     Author ['WMP Van der Aalst', 'M Bichler', 'A Heinzl']
     Venue NA
     Year 2018
     Abstract The BISE community could, and also should, play an active role in driving RPA research. References. Aguirre S, Rodriguez A (2017) Automation of a business process using robotic process automation (RPA): a case study. Appl Comput Sci Eng Commun Comput Inf Sci
     Url https://link.springer.com/article/10.1007/s12599-018-0542-4


     Search term "Automation"+"Case+Study"+OR+"Case+Studies"
     Title The IT function and robotic process automation
     Author ['LP Willcocks', 'M Lacity', 'A Craig']
     Venue NA
     Year 2015
     Abstract The OU draws upon a 2,400 plus case study database covering all major economic sectors and  An RPA 'analyst' is a process expert who proactively seeks automation opportunities  In our case studies, RPA invariably caused initial confusion, and some trepidation amongst IT
     Url http://eprints.lse.ac.uk/64519/1/OUWRPS_15_05_published.pdf


     Search term "Automation"+"Case+Study"+OR+"Case+Studies"
     Title Towards adaptive Web sites: conceptual framework and case study
     Author ['M Perkowitz', 'O Etzioni']
     Venue Computer networks
     Year 1999
     Abstract What degree of automation can we achieve? To address the questions above, we describe the design space of adaptive Web sites and consider a case study: the problem of synthesizing new index pages that facilitate navigation of a Web site
     Url https://www.sciencedirect.com/science/article/pii/S1389128699000171


     Search term "Automation"+"Case+Study"+OR+"Case+Studies"
     Title High-level synthesis of dynamic data structures: A case study using Vivado HLS
     Author ['F Winterstein', 'S Bayliss']
     Venue … Conference on Field …
     Year 2013
     Abstract The outcome of this case study is twofold: We confirm similar performance between the hand-written and automatically generated RTL  We generalise our source-to-source transformations whose automation motivates research directions to improve high-level synthesis of
     Url https://ieeexplore.ieee.org/abstract/document/6718388/


     Search term "Automation"+"Case+Study"+OR+"Case+Studies"
     Title An ERP implementation case study from a knowledge transfer perspective
     Author ['Z Lee', 'J Lee']
     Venue Journal of information technology
     Year 2000
     Abstract Journal of Information Technology (2000) 15, 281–288 An ERP implementation case study from a knowledge  incorpo- rated in an ERP package are transferred into an organization along with the business rules inherent in the processes due to process automation, the limited fl
     Url https://www.tandfonline.com/doi/abs/10.1080/02683960010009060


     Search term "Automation"+"Case+Study"+OR+"Case+Studies"
     Title Transient fault behavior in a microprocessor-A case study
     Author ['P Duba', 'RK Lyer']
     Venue … 1988 IEEE International Conference on Computer …
     Year 1988
     Abstract Transient fault behavior in a microprocessor-A case study. 1988, pp  Chips, Transients, Current Transients, Transient Fault Behaviour, Microprocessor, Microprocessor Based Jet Engine Controller, HS 1602, Voltage Transients, Design Automation Environment, ALU, Latched
     Url https://www.computer.org/csdl/proceedings-article/iccd/1988/00025705/12OmNB1wkI2


     Search term "Automation"+"Case+Study"+OR+"Case+Studies"
     Title A case study of mobile robot's energy consumption and conservation techniques
     Author ['Y Mei', 'YH Lu', 'YC Hu', 'CSG Lee']
     Venue ICAR'05. Proceedings., 12th …
     Year 2005
     Abstract However, motion is not the only power consumer. In this paper, we present a case study of a mobile robot called Pioneer 3DX  Sold!: Auction Methods for Multirobot Coordination. IEEE Transactions on Robotics and Automation, 18(5):758–768, 2002
     Url https://ieeexplore.ieee.org/abstract/document/1507454/


     Search term "Automation"+"Case+Study"+OR+"Case+Studies"
     Title How to measure the benefits of BIM—A case study approach
     Author ['K Barlish', 'K Sullivan']
     Venue Automation in construction
     Year 2012
     Abstract As a term and method that is rapidly gaining popularity, Building Information Modeling (BIM) is under the scrutiny of many building professionals questioning its potential benefits on their projects. A relevant and accepted calculation methodology and baseline to properly
     Url https://www.sciencedirect.com/science/article/pii/S0926580512000234


     Search term "Automation"+"Case+Study"+OR+"Case+Studies"
     Title Toward a systematic approach to the design and evaluation of automated mobility-on-demand systems: A case study in Singapore
     Author ['K Spieser', 'K Treleaven', 'R Zhang', 'E Frazzoli']
     Venue … vehicle automation
     Year 2014
     Abstract The objective of this work is to provide analytical guidelines and financial justification for the design of shared-vehicle mobility-on-demand systems. Specifically, we consider the fundamental issue of determining the appropriate number of vehicles to field in the fleet, and
     Url https://link.springer.com/chapter/10.1007/978-3-319-05990-7_20


     Search term "Automation"+"Case+Study"+OR+"Case+Studies"
     Title Application of WiFi-based indoor positioning system for labor tracking at construction sites: A case study in Guangzhou MTR
     Author ['S Woo', 'S Jeong', 'E Mok', 'L Xia', 'C Choi', 'M Pyeon']
     Venue Automation in …
     Year 2011
     Abstract For construction management, tracking the locations of construction resources such as labor, materials machinery, and vehicles is important. Some alternative form of location monitoring system is necessary for indoor environments such as tunnels and buildings
     Url https://www.sciencedirect.com/science/article/pii/S092658051000107X


     Search term "Automation"+"Case+Study"+OR+"Case+Studies"
     Title Strategic implementation of IT/IS projects in construction: a case study
     Author ['RA Stewart', 'S Mohamed', 'R Daet']
     Venue Automation in construction
     Year 2002
     Abstract The need for improved implementation of Information Technology (IT) and Information Systems (IS) has been emphasised in both empirical and prescriptive research studies. This problem is magnified in the construction industry, which has been slow to embrace and
     Url https://www.sciencedirect.com/science/article/pii/S0926580502000092


     Search term "Automation"+"Case+Study"+OR+"Case+Studies"
     Title Windows of vulnerability: A case study analysis
     Author ['WA Arbaugh', 'WL Fithen', 'J McHugh']
     Venue Computer
     Year 2000
     Abstract public of the flaw.11 Rather than separate the two flaws into different case studies, we combined  Automation is key In our research, we found that automating a vul- nerability, not just  In each case study, patches for the vulnerability were available at least a month before target
     Url https://ieeexplore.ieee.org/abstract/document/889093/


     Search term "Automation"+"Case+Study"+OR+"Case+Studies"
     Title An approach for selecting software-as-a-service (SaaS) product
     Author ['M Godse', 'S Mulik']
     Venue 2009 IEEE International Conference on …
     Year 2009
     Abstract These factors are selected primarily considering our case study of sales force automation (SFA). 2.1 Functionality  5. Sales force automation case study We have selected a case study of SaaS product selection for SFA at a mid-size professional services organization
     Url https://ieeexplore.ieee.org/abstract/document/5284286/


     Search term "Automation"+"Case+Study"+OR+"Case+Studies"
     Title Selection of an ERP system for a construction firm in Taiwan: A case study
     Author ['JB Yang', 'CT Wu', 'CH Tsai']
     Venue Automation in construction
     Year 2007
     Abstract The primary functions of Enterprise Resource Planning (ERP) are to integrate the inter-departmental operation procedures and Management Information System (MIS) modules, and to reallocate the resources of a company. How to successfully implement an ERP
     Url https://www.sciencedirect.com/science/article/pii/S0926580507000209


     Search term "Automation"+"Case+Study"+OR+"Case+Studies"
     Title Linear synchronous motors: transportation and automation systems
     Author ['JF Gieras', 'ZJ Piech', 'B Tomczuk']
     Venue NA
     Year 2016
     Abstract Page 1. Linear Synchronous Motors Transportation and Automation Systems Second Edition Jacek F. Gieras Zbigniew J. Piech Bronislaw Z. Tomczuk Page 2  Page 3. Linear SynchronousMotors Transportation and Automation Systems Second Edition Page 4
     Url https://books.google.com/books?hl=no&lr=&id=9zzNBQAAQBAJ&oi=fnd&pg=PP1&dq=%22Automation%22+%22Case+Study%22+OR+%22Case+Studies%22&ots=SbNdrMzcAe&sig=1ObSNO5gjFy99pKqyUfjETxJ6vI


     Search term "Automation"+"Case+Study"+OR+"Case+Studies"
     Title Life cycle design and prefabrication in buildings: A review and case studies in Hong Kong
     Author ['L Jaillon', 'CS Poon']
     Venue Automation in Construction
     Year 2014
     Abstract Prefabrication has been increasingly used in buildings. It is recognised as a solution to reduce waste arising during design and construction phases. However, there is little emphasis on life cycle design issues for prefabricated buildings located in dense high-rise
     Url https://www.sciencedirect.com/science/article/pii/S0926580513001556


     Search term "Automation"+"Case+Study"+OR+"Case+Studies"
     Title A real-time service-oriented architecture for industrial automation
     Author ['T Cucinotta', 'A Mancina', 'GF Anastasi']
     Venue IEEE Transactions …
     Year 2009
     Abstract The experiments were performed on simple case studies designed in the context of industrial automation applications. Index Terms—Industrial automation, real-time embedded sys- tems, service-oriented architectures (SOAs)
     Url https://ieeexplore.ieee.org/abstract/document/5173504/


     Search term "Automation"+"Case+Study"+OR+"Case+Studies"
     Title What knowledge workers stand to gain from automation
     Author ['M Lacity', 'L Willcocks']
     Venue Harvard Business Review
     Year 2015
     Abstract Where such job assurances have been given, workers have not felt threatened by automation. They embrace the opportunity to take on more interesting work, and view the robots as teammates. For example, in our case study of Xchanging, a provider of IT, business, and
     Url http://www.lse.ac.uk/management/research/outsourcingunit/wp-content/uploads/sites/2/2015/10/HBRlacityWillcocksJune2015articleFuture-of-Operations.docx


     Search term "Automation"+"Case+Study"+OR+"Case+Studies"
     Title Uncertainty and sensitivity analysis of building performance using probabilistic climate projections: A UK case study
     Author ['W Tian', 'P De Wilde']
     Venue Automation in construction
     Year 2011
     Abstract This study explores the uncertainties and sensitivities in the prediction of the thermal performance of buildings under climate change. This type of analysis is key to the assessment of the adaptability and resilience of buildings to changing climate conditions
     Url https://www.sciencedirect.com/science/article/pii/S0926580511000653

