Showing papers for search query "Automation"+"Continuous"+"Cyber-physical+system"+OR+"Industrial+control+system"+OR+"ICS"+OR+"SCADA"+OR+"Distributed+control+system"+OR+"DCS"

     Search term "Automation"+"Continuous"+"Cyber-physical+system"+OR+"Industrial+control+system"+OR+"ICS"+OR+"SCADA"+OR+"Distributed+control+system"+OR+"DCS"
     Title Automation in the food processing industry: distributed control systems
     Author ['M Dahm', 'A Mathur']
     Venue Food Control
     Year 1990
     Abstract such as taste, smell, etc., is providing new vistas in automation. This paper reviews the trends in sensors and control systems for the food processing industry. The advantages offered by the distributed control system (DCS) so far enjoyed by large, continuous process plants are
     Url https://www.sciencedirect.com/science/article/pii/095671359090118V


     Search term "Automation"+"Continuous"+"Cyber-physical+system"+OR+"Industrial+control+system"+OR+"ICS"+OR+"SCADA"+OR+"Distributed+control+system"+OR+"DCS"
     Title Test automation for NFC ICs using Jenkins and NUnit
     Author ['S Puri-Jobi']
     Venue 2015 IEEE Eighth International Conference on …
     Year 2015
     Abstract The test environment is used for the verification and validation of the NFC ICs, as well as for pre  code changes and to reproduce failing test cases and (2) automated execution which is necessary for the Continuous Integration (CI  Keywords—NFC; test automation; Jenkins; NUnit;
     Url https://ieeexplore.ieee.org/abstract/document/7107414/


     Search term "Automation"+"Continuous"+"Cyber-physical+system"+OR+"Industrial+control+system"+OR+"ICS"+OR+"SCADA"+OR+"Distributed+control+system"+OR+"DCS"
     Title PLC & SCADA based effective boiler automation system for thermal power plant
     Author ['S Kalaivani', 'M Jagadeeswari']
     Venue International Journal of Advanced …
     Year 2015
     Abstract adds more thoughtful ideas in the design and development of boiler automation techniques  Continuous processes in power plant and power station are complex systems characterized by  So, an intelligent control using PLC& SCADA is developed to meet the nonlinearity of the
     Url http://www.academia.edu/download/43165455/Automation_System_for_Thermal_Power_Plant.pdf


     Search term "Automation"+"Continuous"+"Cyber-physical+system"+OR+"Industrial+control+system"+OR+"ICS"+OR+"SCADA"+OR+"Distributed+control+system"+OR+"DCS"
     Title From electronic design automation to cyber-physical system design automation: A tale of platforms and contracts
     Author ['P Nuzzo']
     Venue Proceedings of the 2019 International Symposium on …
     Year 2019
     Abstract the design challenges posed by cyber-physical systems, what distinguishes cyber-physical system design from  what could be the op- portunities for the design automation community  methodologies, reasoning about the interaction between discrete and continuous models, and
     Url https://dl.acm.org/doi/abs/10.1145/3299902.3311070


     Search term "Automation"+"Continuous"+"Cyber-physical+system"+OR+"Industrial+control+system"+OR+"ICS"+OR+"SCADA"+OR+"Distributed+control+system"+OR+"DCS"
     Title Power quality monitoring as integrated with distribution automation
     Author ['A Makinen', 'M Parkki', 'P Jarventausta']
     Venue … and Exhibition on …
     Year 2001
     Abstract continuous on-line monitoring, more detailed measurements with advanced measurement equipment can be done at specific network points or at customers. POSSIBILITIES OF POWER QUALITY MONITORING USING DISTRIBUTION AUTOMATION Protection relays, SCADA
     Url https://ieeexplore.ieee.org/abstract/document/942923/


     Search term "Automation"+"Continuous"+"Cyber-physical+system"+OR+"Industrial+control+system"+OR+"ICS"+OR+"SCADA"+OR+"Distributed+control+system"+OR+"DCS"
     Title Sootblowing advisor and automation system
     Author ['DE Labbe', 'LJ Line', 'CT Geary', 'MC Leigh']
     Venue US Patent …
     Year 1993
     Abstract Large numbers of sootblowers and continuous changing unit conditions make it difficult for an  2 the distributed control system hardware configuration is comprised basically of conventional remote input-output  In the automation process a single sootblower is activated at a time
     Url https://patents.google.com/patent/US5181482A/en


     Search term "Automation"+"Continuous"+"Cyber-physical+system"+OR+"Industrial+control+system"+OR+"ICS"+OR+"SCADA"+OR+"Distributed+control+system"+OR+"DCS"
     Title Process‐wide control and automation of an integrated continuous manufacturing platform for antibodies
     Author ['F Feidl', 'S Vogg', 'M Wolf', 'M Podobnik']
     Venue Biotechnology and …
     Year 2020
     Abstract Process-wide control and automation of an integrated continuous manufacturing platform for  Moreover, the SCADA system coordinated VI neutralization and discharge to enable constant  While continuous manufacturing is well established in many industrial sectors since years
     Url https://onlinelibrary.wiley.com/doi/abs/10.1002/bit.27296


     Search term "Automation"+"Continuous"+"Cyber-physical+system"+OR+"Industrial+control+system"+OR+"ICS"+OR+"SCADA"+OR+"Distributed+control+system"+OR+"DCS"
     Title SCADA and smart energy grid control automation
     Author ['K Sayed', 'HA Gabbar']
     Venue Smart Energy Grid Engineering
     Year 2017
     Abstract The power system automation system offers contingency-based fast load shedding, power control and SCADA functionality for the electrical system  The control functions of SCADA system in power generation include: • Continuous monitoring of speed and frequency. •
     Url https://www.sciencedirect.com/science/article/pii/B9780128053430000188


     Search term "Automation"+"Continuous"+"Cyber-physical+system"+OR+"Industrial+control+system"+OR+"ICS"+OR+"SCADA"+OR+"Distributed+control+system"+OR+"DCS"
     Title Role of SCADA in hydro power plant automation
     Author ['S Kaur', 'N Kathpal', 'N Munjal']
     Venue International Journal of Advanced …
     Year 2015
     Abstract For all continuous controls such as governor control, load control, level control, flow control and  It is widely used in the industrial automation and has become the actual industrial  Proceedings of the 2nd International Symposium for ICS & SCADA Cyber Security Research 2014
     Url https://www.researchgate.net/profile/Sukhmeet_Kaur3/publication/283429876_Role_of_SCADA_in_Hydro_Power_Plant_AUTOMATION/links/566265b708ae192bbf8cbeb6/Role-of-SCADA-in-Hydro-Power-Plant-AUTOMATION.pdf


     Search term "Automation"+"Continuous"+"Cyber-physical+system"+OR+"Industrial+control+system"+OR+"ICS"+OR+"SCADA"+OR+"Distributed+control+system"+OR+"DCS"
     Title Microcontroller based automation system using industry standard SCADA
     Author ['M Avhad', 'V Divekar', 'H Golatkar']
     Venue 2013 Annual IEEE India …
     Year 2013
     Abstract SCADA (Supervisory Control and Data Acquisition) is a type of industrial control system  followed the similar algorithm for temperature set point & continuous temperature measurement given in [3] although  It is the new Process Automation system of Schneider Electric
     Url https://ieeexplore.ieee.org/abstract/document/6726082/


     Search term "Automation"+"Continuous"+"Cyber-physical+system"+OR+"Industrial+control+system"+OR+"ICS"+OR+"SCADA"+OR+"Distributed+control+system"+OR+"DCS"
     Title Distribution automation (DA) using supervisory control and data acquisition (SCADA) with advanced metering infrastructure (AMI)
     Author ['S Nunoo', 'AK Ofei']
     Venue … on Innovative Technologies for an Efficient …
     Year 2010
     Abstract TEM provides a means minute continuous ovides a tool to y's physical plant f service to its its customer are ence, DA is an automation of a ns. The concept nsumer function Figure 2 shows an overview of the SCADA with Advanced Metering the figure, we could see a feed
     Url https://ieeexplore.ieee.org/abstract/document/5619797/


     Search term "Automation"+"Continuous"+"Cyber-physical+system"+OR+"Industrial+control+system"+OR+"ICS"+OR+"SCADA"+OR+"Distributed+control+system"+OR+"DCS"
     Title Migrating from SCADA to Automation
     Author ['D Gacek', 'O Geynisman', 'D Proudfoot']
     Venue 2001 IEEE/PES …
     Year 2001
     Abstract The system seamlessly integrates the Protection, Control, Monitoring, Automation and Visualization of the  WinCC communicates with the Substation Controller(s) on a continuous basis to  capabilities) and Remote Terminal Units (ruggedized I/O and SCADA communications)
     Url https://ieeexplore.ieee.org/abstract/document/971259/


     Search term "Automation"+"Continuous"+"Cyber-physical+system"+OR+"Industrial+control+system"+OR+"ICS"+OR+"SCADA"+OR+"Distributed+control+system"+OR+"DCS"
     Title Control of boiler operation using PLC–SCADA
     Author ['KG Shankar']
     Venue Proceedings of the International MultiConference of …
     Year 2008
     Abstract a system environment that provides: [3] Supervisory control, batch processing, data acquisition, continuous control, and  [4]. Rockwell Automation SCADA System Selection guide  Cary, Expert Three, Technical expert specializing in the planning and design of SCADA based and
     Url https://www.idc-online.com/technical_references/pdfs/electrical_engineering/Control_of_Boiler_Operation_using_PLC%20-%20SCADA.pdf


     Search term "Automation"+"Continuous"+"Cyber-physical+system"+OR+"Industrial+control+system"+OR+"ICS"+OR+"SCADA"+OR+"Distributed+control+system"+OR+"DCS"
     Title An integration architecture for the automation of a continuous production complex
     Author ['E Chacón', 'I Besembel', 'F Narciso', 'J Montilva', 'E Colina']
     Venue ISA transactions
     Year 2002
     Abstract Page 1. An integration architecture for the automation of a continuous production complex Edgar  Abstract The development of integrated automation systems for continuous production plants is a very complicated process. A
     Url https://www.sciencedirect.com/science/article/pii/S0019057807602055


     Search term "Automation"+"Continuous"+"Cyber-physical+system"+OR+"Industrial+control+system"+OR+"ICS"+OR+"SCADA"+OR+"Distributed+control+system"+OR+"DCS"
     Title A taxonomy of cyber attacks on SCADA systems
     Author ['B Zhu', 'A Joseph', 'S Sastry']
     Venue … conference on internet of things and …
     Year 2011
     Abstract For example, WellinTech KingView 6.53 HistorySvr, an industrial automation software for historian sever widely used  Smurf : is a type of address spoofing, in general, by sending a continuous stream of  In the context of SCADA systems, if an PLC acts on the modified message, it
     Url https://ieeexplore.ieee.org/abstract/document/6142258/


     Search term "Automation"+"Continuous"+"Cyber-physical+system"+OR+"Industrial+control+system"+OR+"ICS"+OR+"SCADA"+OR+"Distributed+control+system"+OR+"DCS"
     Title Design and Implementation of Cost Efficient SCADA System for Industrial Automation
     Author ['S Phuyal', 'D Bista', 'J Izykowski']
     Venue International Journal of …
     Year 2020
     Abstract Low Cost SCADA, Remote Monitoring, Industrial Automation, Industry 4.0, Cyber Physical System, Internet of  The industrial automation system is the interdisciplinary system which is inter-related with  The SCADA system which are sensitive and need continuous monitoring and
     Url https://www.researchgate.net/profile/Sudip_Phuyal2/publication/340428419_Design_and_Implementation_of_Cost_Efficient_SCADA_System_for_Industrial_Automation/links/5e94295d4585150839d96f2e/Design-and-Implementation-of-Cost-Efficient-SCADA-System-for-Industrial-Automation.pdf


     Search term "Automation"+"Continuous"+"Cyber-physical+system"+OR+"Industrial+control+system"+OR+"ICS"+OR+"SCADA"+OR+"Distributed+control+system"+OR+"DCS"
     Title Electric vehicle automation through a distributed control system for search and rescue operations
     Author ['MP Cruz-Ramos', 'C Hassard', 'JL Gordillo']
     Venue … International Conference on …
     Year 2012
     Abstract A NCS can be modeled as “discrete-continuous” with time varying elements in- duced by the network. Induced time delays on an NCS can be summarized as the Page 3. Electric Vehicle Automation through a Distributed Control System 251
     Url https://link.springer.com/chapter/10.1007/978-3-642-37807-2_22


     Search term "Automation"+"Continuous"+"Cyber-physical+system"+OR+"Industrial+control+system"+OR+"ICS"+OR+"SCADA"+OR+"Distributed+control+system"+OR+"DCS"
     Title Industrial Automation: Learn the current and leading-edge research on SCADA security
     Author ['V Joshi', 'MS Adhikari', 'R Patel', 'R Singh', 'A Gehlot']
     Venue NA
     Year 2019
     Abstract system Role of SCADA in Automation industry SCADA Architectures SCADA Generations “Regulatory Function” in SCADA 1.1 Automation  The features of flexible automation are as follows: Time taken to change the machine tools has reduced Continuous production of the
     Url https://books.google.com/books?hl=en&lr=&id=QV6wDwAAQBAJ&oi=fnd&pg=PA1&dq=%22Automation%22+%22Continuous%22+%22Cyber-physical+system%22+OR+%22Industrial+control+system%22+OR+%22ICS%22+OR+%22SCADA%22+OR+%22Distributed+control+system%22+OR+%22DCS%22&ots=eMPCO8lURs&sig=C4IA_HfhPdCt2uR82LcrRsHyJ9w


     Search term "Automation"+"Continuous"+"Cyber-physical+system"+OR+"Industrial+control+system"+OR+"ICS"+OR+"SCADA"+OR+"Distributed+control+system"+OR+"DCS"
     Title Tracking of dynamic thermal rating of transmission line based on SCADA
     Author ['F Chen', 'X Han', 'K Kang', 'H LI']
     Venue Automation of Electric Power Systems
     Year 2010
     Abstract Based on SCADA information,the soft realization idea for dynamic thermal rating(DTR)is presented,which establishes continuous estimation model of  Jiaotong University,Shanghai 200030,China);Research of Dynamic Line Rating System[J];Automation of Electric
     Url http://en.cnki.com.cn/Article_en/CJFDTotal-DLXT201005018.htm


     Search term "Automation"+"Continuous"+"Cyber-physical+system"+OR+"Industrial+control+system"+OR+"ICS"+OR+"SCADA"+OR+"Distributed+control+system"+OR+"DCS"
     Title Design and Implementation of Cyber-Physical System-Based Automation on Plant Chemical Process: Study Case Mini Batch Distillation Column
     Author ['I Budiawan', 'HR Pranoto', 'EMI Hidayat']
     Venue 2018 6th International …
     Year 2018
     Abstract There are some papers that propose cyber-physical system architecture for many applications, such as in  Continuous and discrete control system concepts are applied in which control and error  CPS-based automation is network-based, several drawbacks in data transfer are
     Url https://ieeexplore.ieee.org/abstract/document/8528798/


     Search term "Automation"+"Continuous"+"Cyber-physical+system"+OR+"Industrial+control+system"+OR+"ICS"+OR+"SCADA"+OR+"Distributed+control+system"+OR+"DCS"
     Title Wireless Control Foundation: Continuous and Discrete Control for the Process Industry
     Author ['T Blevins', 'D Chen', 'M Nixon', 'W Wojsznis']
     Venue NA
     Year 2015
     Abstract [Not Found]
     Url https://ww2.isa.org/store/wireless-control-foundation-continuous-and-discrete-control-for-the-process-industry/33959400


     Search term "Automation"+"Continuous"+"Cyber-physical+system"+OR+"Industrial+control+system"+OR+"ICS"+OR+"SCADA"+OR+"Distributed+control+system"+OR+"DCS"
     Title The implementation and evolution of a SCADA system for a large distribution network
     Author ['EK Chan', 'H Ebenhoh']
     Venue IEEE Transactions on Power systems
     Year 1992
     Abstract - Automation of power distribution systems has increasingly been adopted by power utilities  The SCADA system was commissioned and became operational in mid 1988  due to the continuous network expansion and increasingly higher expectations of the customers for
     Url https://ieeexplore.ieee.org/abstract/document/141721/


     Search term "Automation"+"Continuous"+"Cyber-physical+system"+OR+"Industrial+control+system"+OR+"ICS"+OR+"SCADA"+OR+"Distributed+control+system"+OR+"DCS"
     Title TEST AUTOMATION FOR CONTROL APPLICATIONS ON DISTRIBUTED CONTROL SYSTEM
     Author ['L Juurinen']
     Venue Feedback
     Year 2020
     Abstract API Application programming interface CI Continuous integration CPU Central processing unit DCS Distributed control system DDC Direct digital control  KDT Keyword-driven testing MES Manufacturing execution system PAC Programmable automation controller
     Url https://trepo.tuni.fi/bitstream/handle/10024/120707/JuurinenLeo.pdf?sequence=2


     Search term "Automation"+"Continuous"+"Cyber-physical+system"+OR+"Industrial+control+system"+OR+"ICS"+OR+"SCADA"+OR+"Distributed+control+system"+OR+"DCS"
     Title The benefits of a manufacturing execution system for plantwide automation
     Author ['AC Deuel']
     Venue ISA Transactions
     Year 1994
     Abstract The benefits of MES systems are numerous including a focus on continuous quality and  solutions also have applicability in pulp and paper mill-wide automation schemes, refineries  benefits from MES are derived from integration of a plants' distributed control system (DCS) to pro
     Url https://www.sciencedirect.com/science/article/pii/0019057894900426


     Search term "Automation"+"Continuous"+"Cyber-physical+system"+OR+"Industrial+control+system"+OR+"ICS"+OR+"SCADA"+OR+"Distributed+control+system"+OR+"DCS"
     Title A perspective on Quality-by-Control (QbC) in pharmaceutical continuous manufacturing
     Author ['Q Su', 'S Ganesh', 'M Moreno', 'Y Bommireddy']
     Venue Computers & Chemical …
     Year 2019
     Abstract However, the risk-based assessments of the degree of process automation and control system design, which would ensure robust operation and real-time release in continuous manufacturing has not been thoroughly developed (Ierapetritou et al., 2016, Singh et al., 2012)
     Url https://www.sciencedirect.com/science/article/pii/S0098135418309116


     Search term "Automation"+"Continuous"+"Cyber-physical+system"+OR+"Industrial+control+system"+OR+"ICS"+OR+"SCADA"+OR+"Distributed+control+system"+OR+"DCS"
     Title A Guide to Utility Automation: AMR, SCADA, and IT Systems
     Author ['M Wiebe']
     Venue NA
     Year 1999
     Abstract Page 1. * f » * tl * * * * « It AMR, SCADA, & . IT Systems for Electric Power Page 2. Page 3. A guide to Utility Automation AMR, SCADA, and IT Systems for Electric Power Page 4. Copyright ©1999 by PcnnWell 1421 South Sheridan
     Url https://books.google.com/books?hl=en&lr=&id=AiWaX6b5TtwC&oi=fnd&pg=IA5&dq=%22Automation%22+%22Continuous%22+%22Cyber-physical+system%22+OR+%22Industrial+control+system%22+OR+%22ICS%22+OR+%22SCADA%22+OR+%22Distributed+control+system%22+OR+%22DCS%22&ots=fvYPgF40_u&sig=mMobFoOH2ziZTlpywrJoGMvPC70


     Search term "Automation"+"Continuous"+"Cyber-physical+system"+OR+"Industrial+control+system"+OR+"ICS"+OR+"SCADA"+OR+"Distributed+control+system"+OR+"DCS"
     Title Applications of object-oriented Bayesian networks for condition monitoring, root cause analysis and decision support on operation of complex continuous processes
     Author ['G Weidl', 'AL Madsen', 'S Israelson']
     Venue Computers & chemical engineering
     Year 2005
     Abstract amount of data and the continuity of the process require a high level of automation of operation  RCA system integration in the industrial IT platform for efficient data exchange with distributed control system (DCS) and various  3.2.2. Continuous distributions on soft range of states
     Url https://www.sciencedirect.com/science/article/pii/S009813540500133X


     Search term "Automation"+"Continuous"+"Cyber-physical+system"+OR+"Industrial+control+system"+OR+"ICS"+OR+"SCADA"+OR+"Distributed+control+system"+OR+"DCS"
     Title Prospects of diffusion as a Six-Sigma automation in enhancing continuous improvement of cane juice extraction in Kenya
     Author ['EAE Osore', 'JM Ogola', 'MM Ogot']
     Venue Cogent Engineering
     Year 2020
     Abstract Level 5 involved the use of SCADA system incorporated with autonomous independent machines within work cells  of lean automation prospects with the optimum level of automation and to design and simulate lean automation outcomes in continuous improvement on
     Url https://www.tandfonline.com/doi/abs/10.1080/23311916.2020.1733737


     Search term "Automation"+"Continuous"+"Cyber-physical+system"+OR+"Industrial+control+system"+OR+"ICS"+OR+"SCADA"+OR+"Distributed+control+system"+OR+"DCS"
     Title Service-oriented SCADA and MES supporting petri nets based orchestrated automation systems
     Author ['AW Colombo', 'JM Mendes', 'P Leitão']
     Venue IECON 2012-38th …
     Year 2012
     Abstract area, as a response to architectural and behavioural (functional) viewpoints of the ISA95 enterprise architecture, where a close inter-relation between SCADA, DCS and MES systems facilitate the management and control of the production environment. Automation functions are
     Url https://ieeexplore.ieee.org/abstract/document/6389076/


     Search term "Automation"+"Continuous"+"Cyber-physical+system"+OR+"Industrial+control+system"+OR+"ICS"+OR+"SCADA"+OR+"Distributed+control+system"+OR+"DCS"
     Title SCADA design in automation systems
     Author ['P Ponsa', 'R Vilanova', 'À Pérez']
     Venue … Conference on Human …
     Year 2010
     Abstract On this respect, the educational frame of the human-automation interaction focuses on two  is the integration of supervision tools (supervisory control and data acquisition SCADA software), management  Station 5: Closed-square belt conveyor system with continuous loop and
     Url https://ieeexplore.ieee.org/abstract/document/5514492/


     Search term "Automation"+"Continuous"+"Cyber-physical+system"+OR+"Industrial+control+system"+OR+"ICS"+OR+"SCADA"+OR+"Distributed+control+system"+OR+"DCS"
     Title Automation of conventional transmission substation using SCADA
     Author ['M Abhishek']
     Venue Development
     Year 2015
     Abstract thus relieving the operator of the burden of repetitious control and continuous monitoring  According to abbreviation of SCADA, Supervision, Control and Data Acquisition are the main tasks to  installing ABB's RTU 560A which consists of all facilities that is required for automation
     Url http://www.academia.edu/download/41956709/AUTOMATION_OF_CONVENTIONAL_TRANSMISSION_SUBSTATION_USING_SCADA-21082.pdf


     Search term "Automation"+"Continuous"+"Cyber-physical+system"+OR+"Industrial+control+system"+OR+"ICS"+OR+"SCADA"+OR+"Distributed+control+system"+OR+"DCS"
     Title Smart grid, automation, and scada systems security
     Author ['Y Wang', 'Y Xiao']
     Venue Security and Privacy in Smart Grids
     Year 2013
     Abstract In this section, we demonstrate the challenges to secure the current automation systems, such  are monitored with regard to rate of change and for continuous trend monitoring  26 The NIST Industrial Control System Security (ICS) group works on general security issues related to
     Url https://books.google.com/books?hl=en&lr=&id=QQ2oY0IrRM8C&oi=fnd&pg=PA245&dq=%22Automation%22+%22Continuous%22+%22Cyber-physical+system%22+OR+%22Industrial+control+system%22+OR+%22ICS%22+OR+%22SCADA%22+OR+%22Distributed+control+system%22+OR+%22DCS%22&ots=UD50nkAoMw&sig=akJgyr0CETCgIz1E56CTXRcdYKE


     Search term "Automation"+"Continuous"+"Cyber-physical+system"+OR+"Industrial+control+system"+OR+"ICS"+OR+"SCADA"+OR+"Distributed+control+system"+OR+"DCS"
     Title Electronic design automation of analog ics combining gradient models with multi-objective evolutionary algorithms
     Author ['FAE Rocha', 'RMF Martins', 'NCC Lourenço', 'NCG Horta']
     Venue NA
     Year 2013
     Abstract analog and radio frequency (RF) circuitry, being essentially the link between digital circuitry and the continuous-valued external  circuits are being integrated using technologies optimized for FAE Rocha et al., Electronic Design Automation of Analog ICs Combining Gradient
     Url https://books.google.com/books?hl=en&lr=&id=z-a5BAAAQBAJ&oi=fnd&pg=PR7&dq=%22Automation%22+%22Continuous%22+%22Cyber-physical+system%22+OR+%22Industrial+control+system%22+OR+%22ICS%22+OR+%22SCADA%22+OR+%22Distributed+control+system%22+OR+%22DCS%22&ots=1i1HIqjO5L&sig=LlGjqzhPlv_9ZdlZwYmqNLoY7eQ


     Search term "Automation"+"Continuous"+"Cyber-physical+system"+OR+"Industrial+control+system"+OR+"ICS"+OR+"SCADA"+OR+"Distributed+control+system"+OR+"DCS"
     Title Anomaly-based intrusion detection for SCADA systems
     Author ['D Yang', 'A Usynin', 'JW Hines']
     Venue 5th intl. topical meeting …
     Year 2006
     Abstract Industry networks are the instrumentation, control, and automation networks that exist within three  An experimental setup has been constructed to simulate a SCADA system consisting of  and actions at locations of interest was recorded using the continuous system telemetry
     Url https://pdfs.semanticscholar.org/1af8/4c9c62fb85590c41b7cfc9357919747842b2.pdf


     Search term "Automation"+"Continuous"+"Cyber-physical+system"+OR+"Industrial+control+system"+OR+"ICS"+OR+"SCADA"+OR+"Distributed+control+system"+OR+"DCS"
     Title Iterative optimization algorithms for discrete-continuous processes
     Author ['IV Rasina']
     Venue Automation and Remote Control
     Year 2012
     Abstract Practical automation needs in various fields have led to an increasing interest in models of nonuniform systems whose systematic study began as long ago as the 1960s and the  In [3, 4, 10–14], a mathematical model of a discrete-continuous system (DCS) has been
     Url https://link.springer.com/article/10.1134/S0005117912100013


     Search term "Automation"+"Continuous"+"Cyber-physical+system"+OR+"Industrial+control+system"+OR+"ICS"+OR+"SCADA"+OR+"Distributed+control+system"+OR+"DCS"
     Title Hybrid method for automatically filling of the chemical liquid into bottles using PLC & SCADA
     Author ['J Dhiman', 'D Kumar']
     Venue … Journal of Engineering Research and General …
     Year 2014
     Abstract The present system will provides a great deal of applications in the field of automation, especially in mass production industries where there are large  [2]. Mrs. Jignesha, Air design and Development of PLC and SCADA Based Control Panel For Continuous Monitoring Of
     Url http://akgec.ac.in/wp-content/uploads/2019/06/AKG_Int_Journal_Tech_Vol_6_no_1_3.pdf


     Search term "Automation"+"Continuous"+"Cyber-physical+system"+OR+"Industrial+control+system"+OR+"ICS"+OR+"SCADA"+OR+"Distributed+control+system"+OR+"DCS"
     Title Computer integrated process systems in continuous manufacturing industries
     Author ['M Rao', 'Q Wang']
     Venue Computer Integrated Manufacturing Systems
     Year 1993
     Abstract Equipment intensive Instrumentation NC & CNC machines Unit automation control control  However, very few results are reported for CIPS in continuous manu- facturing processes  For example, a distributed control system (DCS) in a chemical plant is a DPS
     Url https://www.sciencedirect.com/science/article/pii/095152409390037Q


     Search term "Automation"+"Continuous"+"Cyber-physical+system"+OR+"Industrial+control+system"+OR+"ICS"+OR+"SCADA"+OR+"Distributed+control+system"+OR+"DCS"
     Title Built-in dynamic current sensor for hard-to-detect faults in mixed-signal ICs
     Author ['Y Lechuga', 'R Mozuelos', 'M Martínez']
     Venue … Automation and Test in …
     Year 2002
     Abstract Page 1. Built-in Dynamic Current Sensor for Hard-to-Detect Faults in Mixed-Signal ICs  As in the case of continuous circuits, it is necessary Proceedings of the 2002 Design, Automation and Test in Europe Conference and Exhibition (DATE'02) 1530-1591/02 $17.00 © 2002 IEEE
     Url https://ieeexplore.ieee.org/abstract/document/998271/


     Search term "Automation"+"Continuous"+"Cyber-physical+system"+OR+"Industrial+control+system"+OR+"ICS"+OR+"SCADA"+OR+"Distributed+control+system"+OR+"DCS"
     Title Industrial Automation with SCADA: Concepts, Communications and Security
     Author ['KS Manoj']
     Venue NA
     Year 2019
     Abstract GSM HA HDLC HFC HHU HMI HSDPA ICCP ICS ICT IEC  Downlink Packet Access Inter Control centre Communication Protocol Industrial Control System Information and  Open System Interconnection Operator Training Simulator Process Automation Programmable Automation
     Url https://books.google.com/books?hl=en&lr=&id=FgCRDwAAQBAJ&oi=fnd&pg=PT12&dq=%22Automation%22+%22Continuous%22+%22Cyber-physical+system%22+OR+%22Industrial+control+system%22+OR+%22ICS%22+OR+%22SCADA%22+OR+%22Distributed+control+system%22+OR+%22DCS%22&ots=HtJiy5qh-Y&sig=iku8CSUZcLiL0R0aUyBw7pXLAWI


     Search term "Automation"+"Continuous"+"Cyber-physical+system"+OR+"Industrial+control+system"+OR+"ICS"+OR+"SCADA"+OR+"Distributed+control+system"+OR+"DCS"
     Title Trend of process automation and factory automation
     Author ['S Shin']
     Venue 2006 SICE-ICASE International Joint Conference
     Year 2006
     Abstract One is PA (Process Automation) and another is FA (Factory Automation). The former is continuous process for industries of steel, chemical, petroleum, and so on. The controller used for PA is DCS (Distributed Control System), which treats analog signals mainly and an origin of
     Url https://ieeexplore.ieee.org/abstract/document/4108815/


     Search term "Automation"+"Continuous"+"Cyber-physical+system"+OR+"Industrial+control+system"+OR+"ICS"+OR+"SCADA"+OR+"Distributed+control+system"+OR+"DCS"
     Title Differential Petri net models for industrial automation and supervisory control
     Author ['I Demongodin', 'NT Koussoulas']
     Venue IEEE Transactions on Systems …
     Year 2006
     Abstract Therefore, a global model for the operation of an industrial control system can be  named MDF , contains real values corresponding to the continuous markings of  AND KOUSSOULAS: DIFFERENTIAL PETRI NET MODELS FOR INDUSTRIAL AUTOMATION AND SUPERVISORY
     Url https://ieeexplore.ieee.org/abstract/document/1643846/


     Search term "Automation"+"Continuous"+"Cyber-physical+system"+OR+"Industrial+control+system"+OR+"ICS"+OR+"SCADA"+OR+"Distributed+control+system"+OR+"DCS"
     Title Discrete-continuous representations of impulsive processes in the controllable systems
     Author ['VI Gurman', 'IV Rasina']
     Venue Automation and Remote Control
     Year 2012
     Abstract AUTOMATION AND REMOTE CONTROL Vol  4. APPLICATION OF THE DISCRETE-CONTINUOUS MODEL TO STUDIES OF THE IMPULSIVE PROCESSES Case 1. In this case, the DCS is applicable at the stage of realizing a certain generalization of an impulsive solution by
     Url https://link.springer.com/article/10.1134/S0005117912080024


     Search term "Automation"+"Continuous"+"Cyber-physical+system"+OR+"Industrial+control+system"+OR+"ICS"+OR+"SCADA"+OR+"Distributed+control+system"+OR+"DCS"
     Title Integrate islands of automation''to complement DCS capabilities
     Author ['E Fields', 'R Colsher', 'K Winkler']
     Venue Power;(United States)
     Year 1994
     Abstract Title: Integrate islands of automation'' to complement DCS capabilities  The current automation project is just one step in an overall continuous improvement program at Roxboro. Indeed, future improvements have already been planned for the station
     Url https://www.osti.gov/biblio/6845132


     Search term "Automation"+"Continuous"+"Cyber-physical+system"+OR+"Industrial+control+system"+OR+"ICS"+OR+"SCADA"+OR+"Distributed+control+system"+OR+"DCS"
     Title Guide to industrial control systems (ICS) security
     Author ['K Stouffer', 'J Falco', 'K Scarfone']
     Venue NIST special publication
     Year 2011
     Abstract Department of Homeland Security, the Department of Homeland Security Industrial Control System Joint Working  engineer and operator, the IT organization, and a trusted automation advisor  to provide guidance for securing industrial control systems (ICS), including supervisory
     Url http://www.gocs.com.de/pages/fachberichte/archiv/164-sp800_82_r2_draft.pdf


     Search term "Automation"+"Continuous"+"Cyber-physical+system"+OR+"Industrial+control+system"+OR+"ICS"+OR+"SCADA"+OR+"Distributed+control+system"+OR+"DCS"
     Title DESIGN OF DISTRIBUTION AUTOMATION SYSTEM SUPPORTING DSMS [J]
     Author ['W Yongli', 'X Hongbing', 'D Yisheng']
     Venue Automation of Electric …
     Year 2004
     Abstract While the sequence of real-time, continuous and orderly values collected by supervisory  the real-time database management system (RTDBMS) currently adopted in SCADA should still be  Based on the application of power distribution automation network management, a data
     Url http://en.cnki.com.cn/Article_en/CJFDTotal-DLXT200413020.htm


     Search term "Automation"+"Continuous"+"Cyber-physical+system"+OR+"Industrial+control+system"+OR+"ICS"+OR+"SCADA"+OR+"Distributed+control+system"+OR+"DCS"
     Title Improvement of antibiotic titers from Streptomyces bacteria by interactive continuous selection
     Author ['PR Butler', 'M Brown', 'SG Oliver']
     Venue Biotechnology and …
     Year 1996
     Abstract based upon manual changes in inhibitor addition, the timing of which would be determined by some type of off-line analysis of the state of the cultureIs; or by the use of a simple mathematical model allowing automation of the  Interactive continuous selection (ICS) is a
     Url https://onlinelibrary.wiley.com/doi/abs/10.1002/(SICI)1097-0290(19960120)49:2%3C185::AID-BIT7%3E3.0.CO;2-M


     Search term "Automation"+"Continuous"+"Cyber-physical+system"+OR+"Industrial+control+system"+OR+"ICS"+OR+"SCADA"+OR+"Distributed+control+system"+OR+"DCS"
     Title Security issues in SCADA networks
     Author ['VM Igure', 'SA Laughter', 'RD Williams']
     Venue computers & security
     Year 2006
     Abstract Over the years, the automation industry has also moved away from proprietary standards for  Security is a continuous process that does not end with a good implementation of all  The SCADA network must be constantly monitored for security vulnerabilities, and the software and
     Url https://www.sciencedirect.com/science/article/pii/S0167404806000514


     Search term "Automation"+"Continuous"+"Cyber-physical+system"+OR+"Industrial+control+system"+OR+"ICS"+OR+"SCADA"+OR+"Distributed+control+system"+OR+"DCS"
     Title Smart SCADA and automation system in power plants
     Author ['P Desai', 'S Mahale', 'P Desai', 'S Karamchnadani']
     Venue NA
     Year NA
     Abstract [Not Found]
     Url [Not Found]


     Search term "Automation"+"Continuous"+"Cyber-physical+system"+OR+"Industrial+control+system"+OR+"ICS"+OR+"SCADA"+OR+"Distributed+control+system"+OR+"DCS"
     Title Preview control for vehicle lateral guidance in highway automation
     Author ['H Peng', 'M Tomizuka']
     Venue NA
     Year 1993
     Abstract 94720 Preview Control for Vehicle Lateral Guidance in Highway Automation The continuous time deterministic optimal preview control algorithm is applied to the lateral guidance of a vehicle for an automated highway. In the
     Url https://asmedigitalcollection.asme.org/dynamicsystems/article-abstract/115/4/679/417103


     Search term "Automation"+"Continuous"+"Cyber-physical+system"+OR+"Industrial+control+system"+OR+"ICS"+OR+"SCADA"+OR+"Distributed+control+system"+OR+"DCS"
     Title Kilogram-scale prexasertib monolactate monohydrate synthesis under continuous-flow CGMP conditions
     Author ['KP Cole', 'JMC Groh', 'MD Johnson', 'CL Burcham']
     Venue …
     Year 2017
     Abstract Research ArticlesENGINEERING. Kilogram-scale prexasertib monolactate monohydrate synthesis under continuous-flow CGMP conditions. Kevin P. Cole 1 ,*,; Jennifer McClary Groh 1 ,; Martin D. Johnson 1 ,; Christopher L. Burcham
     Url https://science.sciencemag.org/content/356/6343/1144.abstract

