Showing papers for search query "Automation"+"Case+Study"+OR+"Case+Studies"+"FDA+Requirement"

     Search term "Automation"+"Case+Study"+OR+"Case+Studies"+"FDA+Requirement"
     Title Model based testing of system requirements using UML use case models
     Author ['B Hasling', 'H Goetz', 'K Beetz']
     Venue 2008 1st international conference …
     Year 2008
     Abstract a model-driven approach”, In Proceeding of the 2006 international workshop on Automation of software  [9] Williams C., “Case studies on fault  Knauber, Klaus Pohl, Klaus Schmid (Hrsg.) “Software-Produktlinien - Methoden, Einführung und Praxis Case Study: Medizintechnik bei
     Url https://ieeexplore.ieee.org/abstract/document/4539564/


     Search term "Automation"+"Case+Study"+OR+"Case+Studies"+"FDA+Requirement"
     Title Automation and high-throughput technologies in biopharmaceutical drug product development with QbD approaches
     Author ['V Razinkov', 'J Becker', 'C Undey', 'E Freund']
     Venue Quality by Design for …
     Year 2015
     Abstract a large number of experiments and testing are needed to fulfill that FDA requirement. Automation and high-throughput technology can significantly accelerate formulation development by performing all  In these case studies, AHT allowed a full factorial design to be used in the
     Url https://link.springer.com/chapter/10.1007/978-1-4939-2316-8_20


     Search term "Automation"+"Case+Study"+OR+"Case+Studies"+"FDA+Requirement"
     Title Detection of HIV-1 and HCV infections among antibody-negative blood donors by nucleic acid–amplification testing
     Author ['SL Stramer', 'SA Glynn', 'SH Kleinman']
     Venue … England Journal of …
     Year 2004
     Abstract Background Testing of blood donors for human immunodeficiency virus type 1 (HIV-1) and hepatitis C virus (HCV) RNA by means of nucleic acid amplification was introduced in the United States as an i...
     Url https://www.nejm.org/doi/full/10.1056/NEJMoa040085


     Search term "Automation"+"Case+Study"+OR+"Case+Studies"+"FDA+Requirement"
     Title Equipment qualification for demonstrating the fitness for purpose of analytical instrumentation
     Author ['DG Jones']
     Venue Analyst
     Year 1998
     Abstract Seven case studies of qualifying equipment, such as high- performance liquid chromatographs, environmental storage equipment, centrifuges and pH meters illustrate the importance of a  It is now an FDA requirement to investigate formally all out-of- specification results
     Url https://pubs.rsc.org/en/content/articlehtml/1998/an/a804670k


     Search term "Automation"+"Case+Study"+OR+"Case+Studies"+"FDA+Requirement"
     Title Design Qualification in Practice-from Strategy to Report
     Author ['Y Chvaicer']
     Venue PHARMACEUTICAL …
     Year 2005
     Abstract [Not Found]
     Url [Not Found]


     Search term "Automation"+"Case+Study"+OR+"Case+Studies"+"FDA+Requirement"
     Title Improvement of Current Pharmaceutical Manufacturing Systems Utilizing Practices from Outside Industries
     Author ['CD Agarabi']
     Venue NA
     Year 2007
     Abstract 5.0 Case Study ..... 47 5.1 Background of the Pharmaceutical Company Selected for Study  12 Figure 3. Automation versus Autonomation (Hirano, 1987) .... 15 Figure 4a
     Url http://digitalcommons.uri.edu/cgi/viewcontent.cgi?article=1925&context=theses


     Search term "Automation"+"Case+Study"+OR+"Case+Studies"+"FDA+Requirement"
     Title Errors Related to Bar Code-Assisted Medication Administration
     Author ['JS Bagby']
     Venue Safety of Health IT
     Year 2016
     Abstract accuracy [4, 5, 6, 7, 8, 9]. Additionally, since the US Food and Drug Administration (FDA) requirement to bar  Clinical Case Studies  Automation and adaptation: nurses' problem-solving behavior following the implementation of bar-coded medication administration technology
     Url https://link.springer.com/chapter/10.1007/978-3-319-31123-4_5


     Search term "Automation"+"Case+Study"+OR+"Case+Studies"+"FDA+Requirement"
     Title Justification of disintegration testing beyond current FDA criteria using in vitro and in silico models
     Author ['L Uebbing', 'L Klumpp', 'GK Webster']
     Venue Drug Design …
     Year 2017
     Abstract The standard solution for HPLC quantification of metronidazole was prepared by dissolving metronidazole in the respective medium, using a Branson 3800 ultrasonic bath from Emerson Industrial Automation (Ferguson, MO, USA), and the calibration curve was prepared for a
     Url https://www.ncbi.nlm.nih.gov/pmc/articles/PMC5395276/


     Search term "Automation"+"Case+Study"+OR+"Case+Studies"+"FDA+Requirement"
     Title Adapting high hydrostatic pressure (HPP) for food processing operations
     Author ['T Koutchma']
     Venue NA
     Year 2014
     Abstract [Not Found]
     Url [Not Found]


     Search term "Automation"+"Case+Study"+OR+"Case+Studies"+"FDA+Requirement"
     Title Recalibrating health technology assessment methods for cell and gene therapies
     Author ['A Angelis', 'H Naci', 'A Hackshaw']
     Venue PharmacoEconomics
     Year 2020
     Abstract However, decentralised manufacturing within the hospital or clinic, combined with increased automation through consolidation of key processes as  Central to this decision was the FDA requirement for post-market surveillance programmes involving the monitoring of potential
     Url https://link.springer.com/article/10.1007/s40273-020-00956-w


     Search term "Automation"+"Case+Study"+OR+"Case+Studies"+"FDA+Requirement"
     Title Current applications and future directions for the CDISC Operational Data Model standard: A methodological review
     Author ['S Hume', 'J Aerts', 'S Sarnikar', 'V Huser']
     Venue Journal of biomedical informatics
     Year 2016
     Abstract Study Archival is the final phase of the data lifecycle and focuses on archiving the study data and metadata such that it complies with the federal regulations [10]. It represents another original ODM use case [19]. 3. Results. 3.1. EDC and EHR infrastructure
     Url https://www.sciencedirect.com/science/article/pii/S1532046416000381


     Search term "Automation"+"Case+Study"+OR+"Case+Studies"+"FDA+Requirement"
     Title Evaluating imaging and computer-aided detection and diagnosis devices at the FDA
     Author ['BD Gallas', 'HP Chan', "CJ D'Orsi", 'LE Dodd', 'ML Giger']
     Venue Academic radiology
     Year 2012
     Abstract JavaScript is disabled on your browser. Please enable JavaScript to use all the features on this page. Skip to main content Skip to article
     Url https://www.sciencedirect.com/science/article/pii/S1076633211006246


     Search term "Automation"+"Case+Study"+OR+"Case+Studies"+"FDA+Requirement"
     Title Strategies to Implement a Material Management Information System for Medical Device Recalls
     Author ['PL LaFrance']
     Venue NA
     Year 2020
     Abstract A Review of the Professional and Academic Literature The purpose of this qualitative exploratory case study was to explore health care business  automation rather than manual processing  The FDA requirement for UDIs on medical devices does not specify how business
     Url https://scholarworks.waldenu.edu/dissertations/9164/


     Search term "Automation"+"Case+Study"+OR+"Case+Studies"+"FDA+Requirement"
     Title Recent progress in continuous manufacturing of oral solid dosage forms
     Author ['V Vanhoorne', 'C Vervaet']
     Venue International Journal of Pharmaceutics
     Year 2020
     Abstract operations make batch-wise manufacturing labour intensive. In contrast, the communication between different process steps is orchestrated through the automation system of an integrated CM line. In this context, there is an
     Url https://www.sciencedirect.com/science/article/pii/S0378517320301782


     Search term "Automation"+"Case+Study"+OR+"Case+Studies"+"FDA+Requirement"
     Title Food enrichment with omega-3 fatty acids
     Author ['C Jacobsen', 'NS Nielsen', 'AF Horn', 'ADM Sørensen']
     Venue NA
     Year 2013
     Abstract [Not Found]
     Url [Not Found]


     Search term "Automation"+"Case+Study"+OR+"Case+Studies"+"FDA+Requirement"
     Title Mission-critical and safety-critical systems handbook: Design and development for embedded applications
     Author ['K Fowler']
     Venue NA
     Year 2009
     Abstract Tools.....402 4 Case Study—New Horizons  Systems.....535 10 Case Studies.....537 Index  of Advanced Automation Corporation in
     Url https://books.google.com/books?hl=en&lr=&id=zJAFv6MrcAgC&oi=fnd&pg=PP1&dq=%22Automation%22+%22Case+Study%22+OR+%22Case+Studies%22+%22FDA+Requirement%22&ots=r8tjePAWXT&sig=dKFASlcFS0PY7wtkTMRI7BP9_4M


     Search term "Automation"+"Case+Study"+OR+"Case+Studies"+"FDA+Requirement"
     Title Developing a measurement system for the pharmaceutical compliance process using the Balanced Scorecard
     Author ['G Bader']
     Venue NA
     Year 2007
     Abstract It presents case studies of companies that were on the verge of bankruptcy who used the Balanced Scorecard to achieve dramatic changes in their organization, and other examples of stable companies who used the Balanced Scorecard because they realized that they need a
     Url http://search.proquest.com/openview/5c32007f93951f8b9bf00e33810c1968/1?pq-origsite=gscholar&cbl=18750&diss=y


     Search term "Automation"+"Case+Study"+OR+"Case+Studies"+"FDA+Requirement"
     Title EUPASS Technology Roadmap V. 2.0
     Author ['M Onori', 'J Barata', 'C Hanisch']
     Venue NA
     Year 2009
     Abstract Page 1. Outlook Report on the Future of European Assembly Automation January 2009 Mauro Onori  Context Let us be certain of one fact: the context is changing rapidly. Automation will become more vital for Europe for a variety of reasons and for most manufacturing sectors
     Url https://www.diva-portal.org/smash/get/diva2:370147/FULLTEXT01.pdf


     Search term "Automation"+"Case+Study"+OR+"Case+Studies"+"FDA+Requirement"
     Title Current good manufacturing practice
     Author ['PA Hoppe', 'SA Kochman']
     Venue Simon TL, Snyder EL, Solheim BG …
     Year 2009
     Abstract It is worth emphasizing that if a firm's SOPs are more stringent than FDA requirements, it is not acceptable to deviate from the SOP, even if the FDA requirement is met, unless appropriate change control and reporting to FDA are carried out before the deviation
     Url https://onlinelibrary.wiley.com/doi/pdf/10.1002/9781444303513#page=1014


     Search term "Automation"+"Case+Study"+OR+"Case+Studies"+"FDA+Requirement"
     Title Sarindr Bhumiratana, Nafissa Yakubova and Nina Tandon
     Author ['E Cimetta', 'M Lamprecht']
     Venue … Medicine Technology: On-a-Chip Applications …
     Year 2016
     Abstract [Not Found]
     Url [Not Found]


     Search term "Automation"+"Case+Study"+OR+"Case+Studies"+"FDA+Requirement"
     Title An integrated maintenance management system model for the pharmaceutical industry
     Author ['K Coopoosamy']
     Venue NA
     Year 2011
     Abstract Page 1. AN INTEGRATED MAINTENANCE MANAGEMENT SYSTEM MODEL FOR THE PHARMACEUTICAL INDUSTRY Kribban Coopoosamy (20161008) Submitted in partial fulfilment of the requirements for the degree of MAGISTER IN BUSINESS ADMINISTRATION
     Url https://core.ac.uk/download/pdf/145050154.pdf


     Search term "Automation"+"Case+Study"+OR+"Case+Studies"+"FDA+Requirement"
     Title The conscience of a pharmacist: essays on vision and leadership for a profession
     Author ['W Zellmer']
     Venue NA
     Year 2002
     Abstract Page 1. THIS COLLECTION IS MADE POSSIBLE THROUGH A GRANT FROM CARDINAL HEALTH. i ® Page 2. Any correspondence regarding this publication should be sent to the publisher, American Society of Health-System
     Url https://books.google.com/books?hl=en&lr=&id=Lpg9AuVg5DIC&oi=fnd&pg=PR8&dq=%22Automation%22+%22Case+Study%22+OR+%22Case+Studies%22+%22FDA+Requirement%22&ots=qft-oQmGap&sig=7VXTuz-_-OqoI1YN2iKfFqgNO-g


     Search term "Automation"+"Case+Study"+OR+"Case+Studies"+"FDA+Requirement"
     Title Concurrent engineering reflections on minimizing contamination in processing fresh meat and fish
     Author ['A Temba']
     Venue NA
     Year 2013
     Abstract Page 27. 13 case designs, the researcher must determine either to use single case study or multiple case studies to understand the facets of the phenomenon  I used a qualitative case study methodology approach for the study. The data  An FDA requirement, based
     Url http://search.proquest.com/openview/06f38a67fd282985575d7d0fe56a133e/1?pq-origsite=gscholar&cbl=18750&diss=y


     Search term "Automation"+"Case+Study"+OR+"Case+Studies"+"FDA+Requirement"
     Title Food Labeling: Toward National Uniformity
     Author ['RO Earl', 'DV Porter']
     Venue NA
     Year 1992
     Abstract and State Food Label- ing Requirements Identified by States and Consumer and Industry Groups H State Food Labeling Requirements and Relationship to the Misbranding Provisions of Section 403 of the Federal Food, Drug, and Cosmetic Act I Case Study: Requirements for
     Url https://books.google.com/books?hl=en&lr=&id=DSGkIgo_A-gC&oi=fnd&pg=PT17&dq=%22Automation%22+%22Case+Study%22+OR+%22Case+Studies%22+%22FDA+Requirement%22&ots=uyCZik-TA9&sig=s6jOZV9XnzS4Mmg7MJkwEJcAL-o


     Search term "Automation"+"Case+Study"+OR+"Case+Studies"+"FDA+Requirement"
     Title Flexibility: flexible companies for the uncertain world
     Author ['G Eapen']
     Venue NA
     Year 2009
     Abstract performance can be improved through flexibility. Even though the stories and case studies I have provided are from my experiences, all names of companies are fictional and the cases provided are stylized. I chal- lenge the status
     Url https://books.google.com/books?hl=en&lr=&id=GjDNBQAAQBAJ&oi=fnd&pg=PP1&dq=%22Automation%22+%22Case+Study%22+OR+%22Case+Studies%22+%22FDA+Requirement%22&ots=0MpHsnwVcn&sig=P4RbFFbtgMxRzmsgQfoPnGn_hKg

