Showing papers for search query "Automation"+"Cyber-physical+system"+OR+"Industrial+control+system"+OR+"ICS"+OR+"SCADA"+OR+"Distributed+control+system"+OR+"DCS"+"PLC"+OR+"FPGA"

     Search term "Automation"+"Cyber-physical+system"+OR+"Industrial+control+system"+OR+"ICS"+OR+"SCADA"+OR+"Distributed+control+system"+OR+"DCS"+"PLC"+OR+"FPGA"
     Title Three-layer PLC/SCADA system architecture in process automation and data monitoring
     Author ['M Endi', 'YZ Elhalwagy']
     Venue … on computer and automation …
     Year 2010
     Abstract This paper presents the State-of-the-Art and recent trends of SCADA system Architecture, which is usually three-layer SCADA system architecture depending on open system technology rather than a vendor controlled, proprietary technology. A Real-time Industrial
     Url https://ieeexplore.ieee.org/abstract/document/5451799/


     Search term "Automation"+"Cyber-physical+system"+OR+"Industrial+control+system"+OR+"ICS"+OR+"SCADA"+OR+"Distributed+control+system"+OR+"DCS"+"PLC"+OR+"FPGA"
     Title Control of boiler operation using PLC–SCADA
     Author ['KG Shankar']
     Venue Proceedings of the International MultiConference of …
     Year 2008
     Abstract [4]. Rockwell Automation SCADA System Selection guide Allen-Bradley, Publication AG-2.1. 1998. [5]. Knight  [7]. Hillebrand, Cary, Expert Three, Technical expert specializing in the planning and design of SCADA based and Distributed control system
     Url https://www.idc-online.com/technical_references/pdfs/electrical_engineering/Control_of_Boiler_Operation_using_PLC%20-%20SCADA.pdf


     Search term "Automation"+"Cyber-physical+system"+OR+"Industrial+control+system"+OR+"ICS"+OR+"SCADA"+OR+"Distributed+control+system"+OR+"DCS"+"PLC"+OR+"FPGA"
     Title Automation of tank level using Plc and establishment of Hmi by Scada
     Author ['R Das', 'S Dutta', 'A Sarkar']
     Venue IOSR Journal of Electrical …
     Year 2013
     Abstract Theproposed system provides an analysis of the simulation and components required for the implementation of an automated level control system by the help of Programmable Logic Controller (PLC). Supervisory Control And Data Acquisition (SCADA) was established and
     Url https://www.researchgate.net/profile/Rishabh_Das2/publication/271258009_Automation_of_Tank_Level_Using_Plc_and_Establishment_of_Hmi_by_Scada/links/59304042a6fdcc89e78439e9/Automation-of-Tank-Level-Using-Plc-and-Establishment-of-Hmi-by-Scada.pdf


     Search term "Automation"+"Cyber-physical+system"+OR+"Industrial+control+system"+OR+"ICS"+OR+"SCADA"+OR+"Distributed+control+system"+OR+"DCS"+"PLC"+OR+"FPGA"
     Title Automation of shell and tube type heat exchanger with PLC and LabVIEW
     Author ['TV Bhaskarwar', 'SS Giri']
     Venue … Conference on Industrial …
     Year 2015
     Abstract The paper focuses on implementing the automation of a shell and tube type heat exchanger control system through number of tools such as PLC, SCADA, OPC, LabVIEW and internet. In this paper, PID method is implemented on Allen Bradley Micrologix-1200C PLC
     Url https://ieeexplore.ieee.org/abstract/document/7150859/


     Search term "Automation"+"Cyber-physical+system"+OR+"Industrial+control+system"+OR+"ICS"+OR+"SCADA"+OR+"Distributed+control+system"+OR+"DCS"+"PLC"+OR+"FPGA"
     Title PLC based substation automation and SCADA systems and selecting a control system integrator
     Author ['T Wilson']
     Venue … Power Institute Distribution/Substation Automation …
     Year 1999
     Abstract Much attention has been given to the use of PLCs (Programmable Logic Controllers) in substation and distribution automation applications in recent years. Innovative engineers and technicians have been actively seeking new applications for PLCs in substations and
     Url http://www.retawprojects.com/uploads/PLC_Based_Substation_Automation_and_SCADA.pdf


     Search term "Automation"+"Cyber-physical+system"+OR+"Industrial+control+system"+OR+"ICS"+OR+"SCADA"+OR+"Distributed+control+system"+OR+"DCS"+"PLC"+OR+"FPGA"
     Title Automatic generation of PLC automation projects from component-based models
     Author ['E Estévez', 'M Marcos', 'D Orive']
     Venue The International Journal of Advanced …
     Year 2007
     Abstract PLCs in the application, the software architecture must describe three automation projects, one  The hardware architecture description of a distributed industrial control system can be described in two levels  5. As commented above, an ICS is composed by at least one processing
     Url https://link.springer.com/content/pdf/10.1007/s00170-007-1127-4.pdf


     Search term "Automation"+"Cyber-physical+system"+OR+"Industrial+control+system"+OR+"ICS"+OR+"SCADA"+OR+"Distributed+control+system"+OR+"DCS"+"PLC"+OR+"FPGA"
     Title PLC & SCADA based effective boiler automation system for thermal power plant
     Author ['S Kalaivani', 'M Jagadeeswari']
     Venue International Journal of Advanced …
     Year 2015
     Abstract Boiler is one of the most important equipment in any power plants which require continuous monitoring and inspection at frequent intervals. There are possibilities of errors at measuring and various stages involved with human workers. So a reliable monitoring system is
     Url http://www.academia.edu/download/43165455/Automation_System_for_Thermal_Power_Plant.pdf


     Search term "Automation"+"Cyber-physical+system"+OR+"Industrial+control+system"+OR+"ICS"+OR+"SCADA"+OR+"Distributed+control+system"+OR+"DCS"+"PLC"+OR+"FPGA"
     Title SCADA automation system laboratory, elements and applications
     Author ['CA Bejan', 'M Iacob']
     Venue 2009 7th international …
     Year 2009
     Abstract In a distributed control system (DCS), the data acquisition and control functions are performed by a  into systems providing very sophisticated analog control capability [5]. SCADA, PLC and DCS  are systems that incorporate all these concepts in one integrated automation system
     Url https://ieeexplore.ieee.org/abstract/document/5291169/


     Search term "Automation"+"Cyber-physical+system"+OR+"Industrial+control+system"+OR+"ICS"+OR+"SCADA"+OR+"Distributed+control+system"+OR+"DCS"+"PLC"+OR+"FPGA"
     Title PLC & SCADA based automation of filter house, a section of Water Treatment Plant
     Author ['A Archana', 'B Yadav']
     Venue 2012 1st International Conference on …
     Year 2012
     Abstract Rajasthan is an arid state and hence making available drinking water is a government priority. Under Bhageri Ka Naka (Rajasthan) Rural water supply scheme, there is a transmission system of a capacity to produce and deliver 16.21 MLD of treated water in the
     Url https://ieeexplore.ieee.org/abstract/document/6470057/


     Search term "Automation"+"Cyber-physical+system"+OR+"Industrial+control+system"+OR+"ICS"+OR+"SCADA"+OR+"Distributed+control+system"+OR+"DCS"+"PLC"+OR+"FPGA"
     Title Experimental validation of PID based cascade control system through SCADA–PLC–OPC and internet architectures
     Author ['AL Sangeetha', 'B Naveenkumar', 'AB Ganesh']
     Venue Measurement
     Year 2012
     Abstract The process automation is performed through SCADA programming and the  The cascade control station is interconnected with PLC and eventually the process variables are made available in remote stations through internet architecture which is illustrated in Fig. 2
     Url https://www.sciencedirect.com/science/article/pii/S0263224112000061


     Search term "Automation"+"Cyber-physical+system"+OR+"Industrial+control+system"+OR+"ICS"+OR+"SCADA"+OR+"Distributed+control+system"+OR+"DCS"+"PLC"+OR+"FPGA"
     Title Home automation using PLC and SCADA
     Author ['VS Deshpande', 'AS Vibhute', 'AK Choure']
     Venue NA
     Year 2014
     Abstract Home automation is an integral part of modern lives that help to monitor and control the home electrical devices as well as other aspects of the digital home that is expected to be the standard for the future home. Home appliance control system enables house owner to
     Url http://citeseerx.ist.psu.edu/viewdoc/summary?doi=10.1.1.680.9338


     Search term "Automation"+"Cyber-physical+system"+OR+"Industrial+control+system"+OR+"ICS"+OR+"SCADA"+OR+"Distributed+control+system"+OR+"DCS"+"PLC"+OR+"FPGA"
     Title Power line carrier (PLC) based communication system for distribution automation system
     Author ['M Ahmed', 'WL Soo']
     Venue 2008 IEEE 2nd International Power and …
     Year 2008
     Abstract a power line carrier in low distribution automation system (DAS) for operating and controlling low voltage (LV) down stream of 415/240V. Supervisory Control and Data Acquisition (SCADA) based Remote Terminal Unit (RTU) along power line communication (PLC) system are
     Url https://ieeexplore.ieee.org/abstract/document/4762742/


     Search term "Automation"+"Cyber-physical+system"+OR+"Industrial+control+system"+OR+"ICS"+OR+"SCADA"+OR+"Distributed+control+system"+OR+"DCS"+"PLC"+OR+"FPGA"
     Title Cybersecurity for industrial control systems: SCADA, DCS, PLC, HMI, and SIS
     Author ['T Macaulay', 'BL Singer']
     Venue NA
     Year 2011
     Abstract Is Industrial Control System Security Different Than Regular IT Security  Naming, Functionality, and Components ofTypical ICS/ SCADA Systems Supervisory Control and Data  PLCs) Human–Machine Interface (HMI) Analogue versus IP Industrial Automation Convergence 101
     Url https://books.google.com/books?hl=en&lr=&id=pbRfsYWGNuwC&oi=fnd&pg=PP1&dq=%22Automation%22+%22Cyber-physical+system%22+OR+%22Industrial+control+system%22+OR+%22ICS%22+OR+%22SCADA%22+OR+%22Distributed+control+system%22+OR+%22DCS%22+%22PLC%22+OR+%22FPGA%22&ots=tUcrNYTpLW&sig=oKS6L1NNYaAC34ppgG43RUrO884


     Search term "Automation"+"Cyber-physical+system"+OR+"Industrial+control+system"+OR+"ICS"+OR+"SCADA"+OR+"Distributed+control+system"+OR+"DCS"+"PLC"+OR+"FPGA"
     Title Controlling the Filling and Capping Operation of a Bottling Plant using PLC and SCADA
     Author ['K Chakraborty', 'I Roy', 'P De']
     Venue Indonesian Journal of …
     Year 2015
     Abstract By using PLC automation the whole process is kept under control. SCADA (Supervisory Control and Data Acquisition) is used to monitor the process by means of a display system. Keywords: PLC, automation, SCADA, ladder Logic, HMI
     Url http://section.iaesonline.com/index.php/IJEEI/article/view/125


     Search term "Automation"+"Cyber-physical+system"+OR+"Industrial+control+system"+OR+"ICS"+OR+"SCADA"+OR+"Distributed+control+system"+OR+"DCS"+"PLC"+OR+"FPGA"
     Title Mobile phone based SCADA for industrial automation
     Author ['E Ozdemir', 'M Karacor']
     Venue ISA transactions
     Year 2006
     Abstract The SCADA node communicates in real time with automation equipment. Typical automation equip- ment includes programmable logic controllers (PLCs), single loop controllers, direct digital con- trol systems (DDC), distributed control systems (DCS), and input/output (I
     Url https://www.sciencedirect.com/science/article/pii/S0019057807600664


     Search term "Automation"+"Cyber-physical+system"+OR+"Industrial+control+system"+OR+"ICS"+OR+"SCADA"+OR+"Distributed+control+system"+OR+"DCS"+"PLC"+OR+"FPGA"
     Title Automation in biomethanation plant using PLC and SCADA
     Author ['P Kayalvizhi', 'R Rakesh', 'S Balamurugan']
     Venue International Journal of Bio …
     Year 2016
     Abstract Biomethanation is a feasible method to generate the biogas from organic waste like food waste, human waste, night soil waste, cow dung etc. The night soil waste and animal waste has bad odor in nature and it produces some infection to operators, so we implement the
     Url https://www.earticle.net/Article/A272644


     Search term "Automation"+"Cyber-physical+system"+OR+"Industrial+control+system"+OR+"ICS"+OR+"SCADA"+OR+"Distributed+control+system"+OR+"DCS"+"PLC"+OR+"FPGA"
     Title Simulation of boiler control using PLC & SCADA
     Author ['SS Chopade', 'P Verma', 'P Verma']
     Venue International Journal of Engineering and …
     Year 2013
     Abstract [2]. INDUSTRIAL AUTOMATION BY USING BLUETOOTH [3]. Rockwell Automation SCADA System Selection  vol.38, No.6, [6]. Hillenbrand, Cary, Expert Three, Technical expert specializing in the planning and design of SCADA based and Distributed control system.
     Url http://citeseerx.ist.psu.edu/viewdoc/download?doi=10.1.1.684.2607&rep=rep1&type=pdf


     Search term "Automation"+"Cyber-physical+system"+OR+"Industrial+control+system"+OR+"ICS"+OR+"SCADA"+OR+"Distributed+control+system"+OR+"DCS"+"PLC"+OR+"FPGA"
     Title Automation of sugar boiling process in batch vacuum pans using ABB-Freelance PLC (AC 800F) and conductor NT SCADA
     Author ['M Behary', 'RTFA King']
     Venue 2004 IEEE International …
     Year 2004
     Abstract In this paper, the design and implementation of the sugar boiling process in batch vacuum pans using the ABB-Freelance PLC and the conductor NT is proposed. With a well-designed automated system, the need for operators' supervision is greatly minimised and hence
     Url https://ieeexplore.ieee.org/abstract/document/1490186/


     Search term "Automation"+"Cyber-physical+system"+OR+"Industrial+control+system"+OR+"ICS"+OR+"SCADA"+OR+"Distributed+control+system"+OR+"DCS"+"PLC"+OR+"FPGA"
     Title Security in SCADA systems: How to handle the growing menace to process automation
     Author ['T Brown']
     Venue Computing & Control Engineering Journal
     Year 2005
     Abstract systems SCADA security menace to process automation Page 3. Commonly available PLCs and programming languages make life easier for engineers – and for  To date I have not yet seen any SCADA system or PLC technology address this fundamental security issue
     Url https://ieeexplore.ieee.org/abstract/document/1499235/


     Search term "Automation"+"Cyber-physical+system"+OR+"Industrial+control+system"+OR+"ICS"+OR+"SCADA"+OR+"Distributed+control+system"+OR+"DCS"+"PLC"+OR+"FPGA"
     Title Automation based power transmission control Station using PLC and SCADA
     Author ['T Vignesh', 'J Kirubakaran']
     Venue International Journal of …
     Year 2015
     Abstract Power management is an important constraint in the design of various loads in industries for automation. So if power consumption increases then the substation monitoring is very important for the purpose of controlling the hardware and software optimization with the help
     Url https://pdfs.semanticscholar.org/2dce/95241732778b299813cbd5e4fba227948332.pdf


     Search term "Automation"+"Cyber-physical+system"+OR+"Industrial+control+system"+OR+"ICS"+OR+"SCADA"+OR+"Distributed+control+system"+OR+"DCS"+"PLC"+OR+"FPGA"
     Title Trend of process automation and factory automation
     Author ['S Shin']
     Venue 2006 SICE-ICASE International Joint Conference
     Year 2006
     Abstract There are two fields in the production system. One is PA (Process Automation) and another is FA (Factory Automation)  The controller used for PA is DCS (Distributed Control System), which treats analog signals mainly and an origin of DCS is a collection of PID controllers
     Url https://ieeexplore.ieee.org/abstract/document/4108815/


     Search term "Automation"+"Cyber-physical+system"+OR+"Industrial+control+system"+OR+"ICS"+OR+"SCADA"+OR+"Distributed+control+system"+OR+"DCS"+"PLC"+OR+"FPGA"
     Title PLC SCADA based Distribution Monitoring & Control
     Author ['SB Belekar', 'AA Desai', 'MH Parit', 'A Dakre']
     Venue NA
     Year 2014
     Abstract Automation means use of Programmable Logic Controller(PLC) & Supervisory Control And Data Acquisition(SCADA) instead of electromechanical devices.PLC & SCADA based distribution monitoring & control means use of automotive system in electrical distribution system
     Url http://citeseerx.ist.psu.edu/viewdoc/summary?doi=10.1.1.677.3500


     Search term "Automation"+"Cyber-physical+system"+OR+"Industrial+control+system"+OR+"ICS"+OR+"SCADA"+OR+"Distributed+control+system"+OR+"DCS"+"PLC"+OR+"FPGA"
     Title PLC or DCS: selection and trends
     Author ['J La Fauci']
     Venue ISA transactions
     Year 1997
     Abstract took on powerful, robust, third party, PC-based graphical operator interface packages known as SCADA  Since then, automation engineers have struggled with a set of guidelines for using PLCs  Keywords: PLC; DCS; Programmable logic conuoi~er; Distributed control system
     Url https://www.sciencedirect.com/science/article/pii/S0019057897000050


     Search term "Automation"+"Cyber-physical+system"+OR+"Industrial+control+system"+OR+"ICS"+OR+"SCADA"+OR+"Distributed+control+system"+OR+"DCS"+"PLC"+OR+"FPGA"
     Title Programmable Logic Controller (PLC) in Automation
     Author ['MG Hudedmani', 'RM Umayal', 'SK Kabberalli']
     Venue Advanced Journal of …
     Year 2017
     Abstract feedback and commands [2-3]. The present automation has taken series of transformation from Relay and contactor logic, Programmable logic controller (PLC), Supervisory control and data acquisition (SCADA) and Distributed control system (DCS) in steps [4-6]. The choice of
     Url https://journals.aijr.in/index.php/ajgr/article/view/185


     Search term "Automation"+"Cyber-physical+system"+OR+"Industrial+control+system"+OR+"ICS"+OR+"SCADA"+OR+"Distributed+control+system"+OR+"DCS"+"PLC"+OR+"FPGA"
     Title Flexible manufacturing cell SCADA system for educational purposes
     Author ['S Reynard', 'O Gomis‐Bellmunt']
     Venue Computer …
     Year 2008
     Abstract This article deals with the development of a Supervisory Control and Data Acquisition SCADA system to be used in a flexible manufacturing cell for educational purposes in different automation engineering fields (SCADA development, PLC programming and
     Url https://onlinelibrary.wiley.com/doi/abs/10.1002/cae.20115


     Search term "Automation"+"Cyber-physical+system"+OR+"Industrial+control+system"+OR+"ICS"+OR+"SCADA"+OR+"Distributed+control+system"+OR+"DCS"+"PLC"+OR+"FPGA"
     Title Development of a distributed control system for PLC-based applications
     Author ['LL Wang', 'HY Wei']
     Venue 2010 International Conference on Machine …
     Year 2010
     Abstract DEVELOPMENT OF A DISTRIBUTED CONTROL SYSTEM FOR PLC-BASED APPLICATIONS  Integrated with each PLC are communication processors that can be used for connectivity to the  The mode of communication of the industrial automation control system base on the
     Url https://ieeexplore.ieee.org/abstract/document/5580600/


     Search term "Automation"+"Cyber-physical+system"+OR+"Industrial+control+system"+OR+"ICS"+OR+"SCADA"+OR+"Distributed+control+system"+OR+"DCS"+"PLC"+OR+"FPGA"
     Title Hybrid method for automatically filling of the chemical liquid into bottles using PLC & SCADA
     Author ['J Dhiman', 'D Kumar']
     Venue … Journal of Engineering Research and General …
     Year 2014
     Abstract II. PLC AS SYSTEM CONTROLLER Programmable logic controller or programmable controller is a digital computer used for automation of industrial process  The advantages of the PLC / DCS SCADA system are: • The computer can record and store a very large amount of data
     Url http://akgec.ac.in/wp-content/uploads/2019/06/AKG_Int_Journal_Tech_Vol_6_no_1_3.pdf


     Search term "Automation"+"Cyber-physical+system"+OR+"Industrial+control+system"+OR+"ICS"+OR+"SCADA"+OR+"Distributed+control+system"+OR+"DCS"+"PLC"+OR+"FPGA"
     Title Experimental validation of PID based cascade control system through SCADA-PLC-OPC interface
     Author ['A Lakshmi', 'B Sangeetha']
     Venue 2012 International …
     Year 2012
     Abstract pertinent to successful integration of PLC with SCADA for number of applications [6, 7]. In today scenario in control industries, many more sophisticated instruments are introduced which supports higher data rate. The new enhancements made in the automation of industrial
     Url https://ieeexplore.ieee.org/abstract/document/6158893/


     Search term "Automation"+"Cyber-physical+system"+OR+"Industrial+control+system"+OR+"ICS"+OR+"SCADA"+OR+"Distributed+control+system"+OR+"DCS"+"PLC"+OR+"FPGA"
     Title Real time automated control of industrial processes with PLC–LABVIEW communication
     Author ['N Akshay', 'KU Sravanth', 'R Varanasi']
     Venue International Journal for …
     Year 2012
     Abstract a process control device, such as a PLC (Programmable Logic Controller) or DCS (Distributed Control System)  Automation (WCICA), 8th World Congress on Jiliang Univ., Hangzhou, China, pp  validation of PID based cascade control system through SCADA-PLC-OPC interface
     Url http://citeseerx.ist.psu.edu/viewdoc/download?doi=10.1.1.669.6796&rep=rep1&type=pdf


     Search term "Automation"+"Cyber-physical+system"+OR+"Industrial+control+system"+OR+"ICS"+OR+"SCADA"+OR+"Distributed+control+system"+OR+"DCS"+"PLC"+OR+"FPGA"
     Title Network security analysis SCADA system automation on industrial process
     Author ['H Hilal', 'A Nangim']
     Venue 2017 International Conference on …
     Year 2017
     Abstract [10] N. Ics-cert, “Recommended Practiceௗ: Improving Industrial Control System Cybersecurity with Defense-in-Depth Strategies,” no. September, 2016  [12] A. Antonini, A. Barenghi, and G. Pelosi, “Security Challenges in Building Automation and SCADA,” Secur
     Url https://ieeexplore.ieee.org/abstract/document/8272569/


     Search term "Automation"+"Cyber-physical+system"+OR+"Industrial+control+system"+OR+"ICS"+OR+"SCADA"+OR+"Distributed+control+system"+OR+"DCS"+"PLC"+OR+"FPGA"
     Title PLC and SCADA based automation of elevated service reservoir
     Author ['P Gadkari', 'S Kulkarni', 'S Rajgade']
     Venue IMPACT: International General of …
     Year 2014
     Abstract The world has been revolutionized with the introduction of automation in almost all productivity, decreasing costs of manufacturing, improving quality and more importantly upgrading of working condition of the human labour. As we all know that water is very fragile
     Url http://citeseerx.ist.psu.edu/viewdoc/download?doi=10.1.1.671.4287&rep=rep1&type=pdf


     Search term "Automation"+"Cyber-physical+system"+OR+"Industrial+control+system"+OR+"ICS"+OR+"SCADA"+OR+"Distributed+control+system"+OR+"DCS"+"PLC"+OR+"FPGA"
     Title Recent developments on PC+ PLC based control systems for Beer Brewery Process Automation Applications
     Author ['M Ogawa', 'Y Henmi']
     Venue 2006 SICE-ICASE International Joint …
     Year 2006
     Abstract Developments on PC+PLC based Control Systems for Beer Brewery Process Automation Applications  is defined in as follows; Factory LAN: -between PC-PC (SCADA-VIEW) Process  PLCs and DCSs as follows; PLC (existing): - process sequence control DCS (existing): - loop
     Url https://ieeexplore.ieee.org/abstract/document/4109113/


     Search term "Automation"+"Cyber-physical+system"+OR+"Industrial+control+system"+OR+"ICS"+OR+"SCADA"+OR+"Distributed+control+system"+OR+"DCS"+"PLC"+OR+"FPGA"
     Title PLC Based Real Time Process Control Using SCADA and MATLAB
     Author ['KN Bagal', 'CB Kadu', 'BJ Parvat']
     Venue … Control and Automation …
     Year 2018
     Abstract This paper presents real time control of process through Programmable Logic Controller using SCADA and MATLAB OPC Toolbox. It uses KEPServerEX. V4 from Kepware technologies as OPC DA Server that works on server client architecture. In this SCADA and
     Url https://ieeexplore.ieee.org/abstract/document/8697491/


     Search term "Automation"+"Cyber-physical+system"+OR+"Industrial+control+system"+OR+"ICS"+OR+"SCADA"+OR+"Distributed+control+system"+OR+"DCS"+"PLC"+OR+"FPGA"
     Title Monitoring and control of a variable frequency drive using PLC and SCADA
     Author ['RG Dorjee']
     Venue International Journal on Recent and Innovation Trends …
     Year 2014
     Abstract SCADA is a type of industrial control system which are computer-controlled systems for monitoring and control of industrial processes  The integration of PLC and SCADA for industrial automation comprises of: a human-machine interface which is the device presenting
     Url https://www.academia.edu/download/35586590/Monitoring_and_Control_of_a_Variable_Frequency_Drive_Using_PLC_and_SCADA.pdf


     Search term "Automation"+"Cyber-physical+system"+OR+"Industrial+control+system"+OR+"ICS"+OR+"SCADA"+OR+"Distributed+control+system"+OR+"DCS"+"PLC"+OR+"FPGA"
     Title Development of an automatic subsea blowout preventer stack control system using PLC based SCADA
     Author ['B Cai', 'Y Liu', 'Z Liu', 'F Wang', 'X Tian', 'Y Zhang']
     Venue ISA transactions
     Year 2012
     Abstract The automation system configuration was also given  However, most of the SCADA systems described above are non-redundant, which cannot provide high reliability  23], [24] or Single Chip Microcomputer (SCM) [25], [26], but not the system-level processors, such as PLC or PC
     Url https://www.sciencedirect.com/science/article/pii/S0019057811000863


     Search term "Automation"+"Cyber-physical+system"+OR+"Industrial+control+system"+OR+"ICS"+OR+"SCADA"+OR+"Distributed+control+system"+OR+"DCS"+"PLC"+OR+"FPGA"
     Title Smart traffic control system using PLC and SCADA
     Author ['MD Srivastava', 'SS Prerna', 'S Sharma']
     Venue International Journal of …
     Year 2012
     Abstract It senses the weight & sends signal to PLC. PLC will generate a slip having the info about the vehicle in the form of barcode. PLC will give the diversion according to the weight of the vehicle. Fig. 1 Fig  His interest lies in automation (PLCs and SCADA)
     Url https://www.academia.edu/download/40453698/6-SMART_TRAFFIC_CONTROL.pdf


     Search term "Automation"+"Cyber-physical+system"+OR+"Industrial+control+system"+OR+"ICS"+OR+"SCADA"+OR+"Distributed+control+system"+OR+"DCS"+"PLC"+OR+"FPGA"
     Title A Review Paper of Automatic Canal Gate Control of 3-ø Induction Motor with PLC and VFD, Powered by Solar System and Monitoring by SCADA
     Author ['M Nandaniya']
     Venue International Journal of Emerging Trends in Electrical …
     Year 2013
     Abstract Local manual control has been the conventional method of canal operation by the use of SCADA  The components of automation system include  the input parameters • Transmitters for transmitting the raw signal in electrical form • Control system which includes PLC, DCS & PID
     Url http://www.iret.co.in/Docs/Volume%201/6%20A%20Review%20Paper%20of%20Automatic%20Canal%20Gate%20Control%20of%20Induction%20Motor%20with%20PLC%20and%20VFD%20Powered%20by%20Solar%20System%20and%20Monitoring%20by%20SCADA.pdf


     Search term "Automation"+"Cyber-physical+system"+OR+"Industrial+control+system"+OR+"ICS"+OR+"SCADA"+OR+"Distributed+control+system"+OR+"DCS"+"PLC"+OR+"FPGA"
     Title Automation In Chemical Dosing At Water Treatment Plant Using Plc Scada
     Author ['R Mahadik', 'S Rapkal', 'AA Shinde']
     Venue International Journal For Technological …
     Year 2014
     Abstract This proposed work gives information on the automation of chemical dosing in water treatment plant. This is achieved by using PLC (Programmable logic controller) and SCADA (Supervisory control and data acquisition). The paper is based on dosing the chemical
     Url http://www.ijtre.com/images/scripts/2014010806.pdf


     Search term "Automation"+"Cyber-physical+system"+OR+"Industrial+control+system"+OR+"ICS"+OR+"SCADA"+OR+"Distributed+control+system"+OR+"DCS"+"PLC"+OR+"FPGA"
     Title Review paper on PLC & its applications in automation plants
     Author ['A Dixit', 'R Mendiratta']
     Venue … Journal of Enhanced …
     Year 2015
     Abstract description. During this project we gained knowledge about various processes directly utilized in industries such as automation system in which we specifically learnt about programmable logic controller (PLC) and SCADA. Different
     Url https://pdfs.semanticscholar.org/9e22/f0abada55819e4e8ff7b5d9e48fc2f576907.pdf


     Search term "Automation"+"Cyber-physical+system"+OR+"Industrial+control+system"+OR+"ICS"+OR+"SCADA"+OR+"Distributed+control+system"+OR+"DCS"+"PLC"+OR+"FPGA"
     Title History of Control History of PLC and DCS
     Author ['VR Segovia', 'A Theorin']
     Venue University of Lund
     Year 2012
     Abstract This necessity was the origin of devices such as the Programmable Logic Controller (PLC) and the Distributed Control System (DCS). 2 Programmable Logic Controller (PLC)  The PLC terminology became the 4 Page 5  In 1985 Rockwell Automation acquired Allen-Bradley
     Url http://archive.control.lth.se/media/Education/DoctorateProgram/2012/HistoryOfControl/Vanessa_Alfred_report.pdf


     Search term "Automation"+"Cyber-physical+system"+OR+"Industrial+control+system"+OR+"ICS"+OR+"SCADA"+OR+"Distributed+control+system"+OR+"DCS"+"PLC"+OR+"FPGA"
     Title ICS/SCADA security analysis of a beckhoff CX5020 PLC
     Author ['G Bonney', 'H Höfken', 'B Paffen']
     Venue … on Information Systems …
     Year 2015
     Abstract SCADA systems (Supervisory Control and Data Acquisition) are a subgroup of ICS (Industrial Control  Beckhoff Automation GmbH is a German automation manufacturer that did not have bad  a typical PLC (Programmable Logic Controller) that is used in today's SCADA systems
     Url https://ieeexplore.ieee.org/abstract/document/7509940/


     Search term "Automation"+"Cyber-physical+system"+OR+"Industrial+control+system"+OR+"ICS"+OR+"SCADA"+OR+"Distributed+control+system"+OR+"DCS"+"PLC"+OR+"FPGA"
     Title Real-time implementation of hydroelectric power plant using PLC and SCADA
     Author ['V Rajeswari', 'Y Rajeshwari']
     Venue … Journal of Engineering …
     Year 2012
     Abstract Thus using PLC and SCADA the level of water in the dam is controlled effectively thereby opening the gates of the dam whenever the level deviates. Therefore the use of PLCs has opened doors for a level of automation of hydropower plants. References
     Url https://pdfs.semanticscholar.org/e90d/45dbe911d6defa54658ad149b63372e6c937.pdf


     Search term "Automation"+"Cyber-physical+system"+OR+"Industrial+control+system"+OR+"ICS"+OR+"SCADA"+OR+"Distributed+control+system"+OR+"DCS"+"PLC"+OR+"FPGA"
     Title DCS control experiment system based on S7-300 PLC and WinCC [J]
     Author ['C SONG', 'F SHENG', 'C SHEN']
     Venue automation & instrumentation
     Year 2009
     Abstract For the design of the center control system of Hefei High Magnetic Field Laboratory, the DCS control experiment system based on S7-300 PLC and WinCC was researched. In this paper, the control strategy was described in detail, and the methods of communication among the
     Url http://en.cnki.com.cn/Article_en/CJFDTotal-ZDYY200904005.htm


     Search term "Automation"+"Cyber-physical+system"+OR+"Industrial+control+system"+OR+"ICS"+OR+"SCADA"+OR+"Distributed+control+system"+OR+"DCS"+"PLC"+OR+"FPGA"
     Title System for remotely accessing an industrial control system over a commercial communications network
     Author ['AD Papadopoulos', 'A Tanzman', 'RA Baker Jr']
     Venue US Patent …
     Year 2000
     Abstract the Internet in place of specialized industrial networks to remotely monitor automation control devices  a Web browser to information and data contained in an industrial control system having a  network such as Internet to information within a programmable logic controller (PLC)
     Url https://patents.google.com/patent/US6061603A/en


     Search term "Automation"+"Cyber-physical+system"+OR+"Industrial+control+system"+OR+"ICS"+OR+"SCADA"+OR+"Distributed+control+system"+OR+"DCS"+"PLC"+OR+"FPGA"
     Title A web-based remote access laboratory using SCADA
     Author ['Z Aydogmus', 'O Aydogmus']
     Venue IEEE Transactions on education
     Year 2008
     Abstract Through using industrial equipment in this work, via a user-friendly and understandable interface, students are able to improve their knowledge of industrial automation using PLC/SCADA  Additionally, students can improve their skills in PLC/SCADA and industrial automation
     Url https://ieeexplore.ieee.org/abstract/document/4648328/


     Search term "Automation"+"Cyber-physical+system"+OR+"Industrial+control+system"+OR+"ICS"+OR+"SCADA"+OR+"Distributed+control+system"+OR+"DCS"+"PLC"+OR+"FPGA"
     Title Energy efficient automized bottling plant using PLC and SCADA with speed variable conveyor assembly
     Author ['SP Jain', 'SL Haridas']
     Venue J. Electron. Comm. Eng
     Year 2014
     Abstract To accomplish we have applied knowledge of PLC and SCADA. A programmable logic controller (PLC) or programmable controller is a digital computer used for automation of electromechanical processes, such as control of machinery on factory assembly lines
     Url https://pdfs.semanticscholar.org/9123/b6d31bdbdc0918b547d933e4f54673c3b665.pdf


     Search term "Automation"+"Cyber-physical+system"+OR+"Industrial+control+system"+OR+"ICS"+OR+"SCADA"+OR+"Distributed+control+system"+OR+"DCS"+"PLC"+OR+"FPGA"
     Title Substation Automation Systems
     Author ['N Honeth']
     Venue Royal Institute of Technology
     Year NA
     Abstract Page 1. Substation Automation Systems Nicholas Honeth (nicholash@ics.kth.se) Page 2. Contents of the series • Lecture 5  Sensors/actuators • Networking and Communication • Substation automation Page 5. Some terms and acronyms SCADA PLC RTU IED UTP
     Url https://www.kth.se/social/upload/4f75cef4f27654779c000002/Lecture%205%20-%20Substation%20Automation%20Systems.pdf


     Search term "Automation"+"Cyber-physical+system"+OR+"Industrial+control+system"+OR+"ICS"+OR+"SCADA"+OR+"Distributed+control+system"+OR+"DCS"+"PLC"+OR+"FPGA"
     Title Application of an automation system and a supervisory control and data acquisition (SCADA) system for the optimal operation of a membrane adsorption hybrid …
     Author ['PJ Smith', 'S Vigneswaran', 'HH Ngo']
     Venue Water science and …
     Year 2006
     Abstract An incremental approach was used in the development of the automation and SCADA systems, leading  Keywords Direct current (DC); milli-Amp (mA); programmable logic controller (PLC); submerged membrane adsorption hybrid system (SMAHS); supervisory control and
     Url https://iwaponline.com/wst/article-abstract/53/4-5/179/12118


     Search term "Automation"+"Cyber-physical+system"+OR+"Industrial+control+system"+OR+"ICS"+OR+"SCADA"+OR+"Distributed+control+system"+OR+"DCS"+"PLC"+OR+"FPGA"
     Title DCS Control System of Production Technics of Cement Based on PLC [J]
     Author ['X Shuping', 'S Xiaohui', 'L Weiguo']
     Venue Computer Measurement & …
     Year 2009
     Abstract Information Engineering,Gansu University of Technology,Lanzhou730050,China);DCS Control System  Engineering, Shandong University, Ji'nan 250061, China);Distributed Control System Based on Industrial Ethernet and FieldBus[J];Ordnance Industry Automation;2007-01
     Url http://en.cnki.com.cn/Article_en/CJFDTotal-JZCK200904023.htm


     Search term "Automation"+"Cyber-physical+system"+OR+"Industrial+control+system"+OR+"ICS"+OR+"SCADA"+OR+"Distributed+control+system"+OR+"DCS"+"PLC"+OR+"FPGA"
     Title Security challenges in building automation and SCADA
     Author ['A Antonini', 'A Barenghi', 'G Pelosi']
     Venue … Conference on Security …
     Year 2014
     Abstract PLC) systems, which typically represent the last programmable link in the industrial control cyber-physical system as they  and S. Zanero, “A practical attack against a knx-based building automation system,” in Proceedings of the 2nd International Symposium for ICS & SCADA
     Url https://ieeexplore.ieee.org/abstract/document/6986996/

