Showing papers for search query "Automation"+"DevOps"+"Factory"

     Search term "Automation"+"DevOps"+"Factory"
     Title Devops for digital leaders: Reignite business with a modern devops-enabled software factory
     Author ['A Ravichandran', 'K Taylor', 'P Waterhouse']
     Venue NA
     Year 2016
     Abstract The author contends in the WSJ piece that this is, “because IT is the factory floor of this century, and not just for manufacturing companies  By leveraging DevOps workflows and supporting automation, the Dutch bank transitioned from release cycles dictated by technical
     Url http://library.oapen.org/bitstream/handle/20.500.12657/28172/1001822.pdf?sequence=1


     Search term "Automation"+"DevOps"+"Factory"
     Title Streamlining DevOps automation for Cloud applications
     Author ['SM Mohammad']
     Venue … Journal of Creative Research Thoughts (IJCRT) …
     Year 2018
     Abstract Kanban came from the Toyota factory floor efficiency improvements [2]. Kanban sets out  DevOps followers also use other DevOps-friendly devices in their "toolchain" of DevOps  Some such tools often support key automation, collaboration, and alignment concepts of DevOps
     Url https://papers.ssrn.com/sol3/papers.cfm?abstract_id=3655574


     Search term "Automation"+"DevOps"+"Factory"
     Title Towards omnia: A monitoring factory for quality-aware devops
     Author ['M Miglierina', 'DA Tamburri']
     Venue Proceedings of the 8th ACM/SPEC on …
     Year 2017
     Abstract exploiting DevOps practices such as Infrastructure as Code and automation [20]. Omnia consists of two major parts: (1) a monitoring interface for developers that helps using mon- itoring systems, independently of the specific implementa- tion, and (2) a monitoring factory for
     Url https://dl.acm.org/doi/abs/10.1145/3053600.3053629


     Search term "Automation"+"DevOps"+"Factory"
     Title DevOps is the Key for Continuous Security: RMF, ATO and Beyond
     Author ['H Yasar']
     Venue NA
     Year 2018
     Abstract [DISTRIBUTION STATEMENT A] Approved for public release and unlimited distribution. Security requires Automation with IaC, CI, CD Page 8. 8  [DISTRIBUTION STATEMENT A] Approved for public release and unlimited distribution. The DevOps Factory Page 11. 11
     Url https://apps.dtic.mil/sti/citations/AD1083882


     Search term "Automation"+"DevOps"+"Factory"
     Title DevOps Automation Advances IT Sectors with the Strategy of Release Management
     Author ['SM Mohammad']
     Venue International Journal of Computer Trends and …
     Year 2019
     Abstract [15] Macharla, P. (2017). “Android continuous integration: Build-deploy-test automation for Android mobile apps”  [19] Ravichandran, A., Taylor, K., & Waterhouse, P. (2016). “DevOps for digital leaders: Reignite Business with a modern DevOps-enabled software factory
     Url https://papers.ssrn.com/sol3/papers.cfm?abstract_id=3628988


     Search term "Automation"+"DevOps"+"Factory"
     Title Towards safe dynamic updates of distributed embedded applications in factory automation
     Author ['K Telschig', 'A Knapp']
     Venue … Technologies and Factory Automation  …
     Year 2017
     Abstract Usually, an additional gateway device needs to be placed into the factory that reads  the gained analytical insights [5], as also propagated by the DevOps movement [6  B. Required Reconfiguration Capabilities To enable the previously described automation scenarios, distributed
     Url https://ieeexplore.ieee.org/abstract/document/8247735/


     Search term "Automation"+"DevOps"+"Factory"
     Title Towards DevOps in the embedded systems domain: Why is it so hard?
     Author ['LE Lwakatare', 'T Karvonen', 'T Sauvola']
     Venue 2016 49th hawaii …
     Year 2016
     Abstract acceptance tests are executed in a controlled environment; for instance, in company C, a factory acceptance test takes  4.2.3. Deployment process automation. In DevOps, automation of the deployment process is achieved through tool support that helps to automatically manage
     Url https://ieeexplore.ieee.org/abstract/document/7427859/


     Search term "Automation"+"DevOps"+"Factory"
     Title Practical DevOps
     Author ['A Ravichandran', 'K Taylor', 'P Waterhouse']
     Venue DevOps for Digital Leaders
     Year 2016
     Abstract operations) should be carefully reviewed and, if necessary, adjusted to drive improvements across the DevOps-enabled software factory  To this end, it becomes less about making DevOps more secure and more about using DevOps (and especially automation) to improve
     Url https://link.springer.com/chapter/10.1007/978-1-4842-1842-6_8


     Search term "Automation"+"DevOps"+"Factory"
     Title Build Secure Application with DevSecOps!
     Author ['H Yasar']
     Venue NA
     Year 2018
     Abstract Automation with IaC, CI, CD Page 7. 7 Build Secure Application with DevSecOps! © 2018 Carnegie Mellon University [DISTRIBUTION STATEMENT A] Approved for public release and unlimited distribution. Introducing The DevOps Factory Page 8. 8
     Url https://apps.dtic.mil/sti/pdfs/AD1087050.pdf


     Search term "Automation"+"DevOps"+"Factory"
     Title LISA'11 Theme–DevOps: New Challenges, Proven Values
     Author ['TA Limoncelli', 'D Hughe']
     Venue USENIX; login: Magazine
     Year 2011
     Abstract You have a printer that makes boxes, a factory that produces media, an assembly line that puts them all together and ships them  These things require the consistency and scale that only automation can achieve . DevOps reflects a cultural change that reflects the new paradigm
     Url https://static.usenix.org/publications/login/2011-08/openpdfs/Limoncelli.pdf


     Search term "Automation"+"DevOps"+"Factory"
     Title A web-based service deployment method to edge devices in smart factory exploiting Docker
     Author ['J Ha', 'J Kim', 'H Park', 'J Lee', 'H Jo']
     Venue … on Information and …
     Year 2017
     Abstract Index Terms—Service deployment, DevOps, Docker, Micro- service, Smart factory  by 1) big data produced by lots of machines at product lines in factory, eg assembling  behavior of machines or manufacturing processes using collected big data, and 3) automation according to
     Url https://ieeexplore.ieee.org/abstract/document/8190760/


     Search term "Automation"+"DevOps"+"Factory"
     Title DevOps in the Ascendency
     Author ['A Ravichandran', 'K Taylor', 'P Waterhouse']
     Venue DevOps for Digital Leaders
     Year 2016
     Abstract Leveraging automation to do so is another hallmark of the Japanese carmaker's model and is  Responding to some experts' observations that DevOps is only relevant for lean-minded, applications-driven  contends in the WSJ piece that this is, “because IT is the factory floor of
     Url https://link.springer.com/chapter/10.1007/978-1-4842-1842-6_1


     Search term "Automation"+"DevOps"+"Factory"
     Title A microservice-based middleware for the digital factory
     Author ['M Ciavotta', 'M Alge', 'S Menato', 'D Rovere']
     Venue Procedia …
     Year 2017
     Abstract [3] E. Hozdić, “Smart factory for industry 4.0: A review,” Int  [10] M. Httermann, DevOps for developers  [14] R. Drath, A. Luder, J. Peschke, and L. Hundt, “AutomationML-the glue for seamless automation engineering,” in Emerging Technologies and Factory Automation, 2008
     Url https://www.sciencedirect.com/science/article/pii/S2351978917304055


     Search term "Automation"+"DevOps"+"Factory"
     Title Devops-a review
     Author ['VPR Kumar', 'V Babu']
     Venue IMAGE AND VIDE PROCESSING
     Year 2012
     Abstract to adopt cultural changes, process changes, tools for automation and collaboration  7: DevOps transformation Glossary Acronyms Definitions DevOps Development and Operations CI  Creational design pattern category includes Singleton, Builder, Factory method, prototype and
     Url http://csi-india.org.in/communications/CSIC%20September%202015.pdf#page=32


     Search term "Automation"+"DevOps"+"Factory"
     Title Automation Sandboxes
     Author ['GE Danner']
     Venue The Executive's How-To Guide to Automation
     Year 2019
     Abstract The automation candidate starts with an idea about an algorithm that can automate an important function in the organization. That idea is expressed in the form of a diagram. 2  Shepherding a coding project through the factory is called DevOps
     Url https://link.springer.com/chapter/10.1007/978-3-319-99789-6_12


     Search term "Automation"+"DevOps"+"Factory"
     Title A survey of DevOps concepts and challenges
     Author ['L Leite', 'C Rocha', 'F Kon', 'D Milojicic']
     Venue ACM Computing Surveys …
     Year 2019
     Abstract We review the lit- erature and develop a DevOps conceptual map, correlating the DevOps automation tools with these concepts  They identified six areas related to DevOps: social aspects, automation, measurements, sharing, quality assurance, and leanness
     Url https://dl.acm.org/doi/abs/10.1145/3359981


     Search term "Automation"+"DevOps"+"Factory"
     Title Leading Devops practice and principle adoption
     Author ['K Maroukian', 'SR Gulliver']
     Venue arXiv preprint arXiv:2008.10515
     Year 2020
     Abstract psychology which aimed at an inclusive work environment where each and every one factory employee partnered  similarities with another model that involves a specific set of categories namely: agility, automation, collaborative culture; also called DevOps Culture [49
     Url https://arxiv.org/abs/2008.10515


     Search term "Automation"+"DevOps"+"Factory"
     Title Improving the Quality Validation of the ETL Process using Test Automation
     Author ['D Staegemann', 'M Volk', 'N Jamous', 'R Venkatesh']
     Venue NA
     Year 2020
     Abstract While the division at the regarded bank, which was in the focus of the conducted project, already comprises a DevOps automation chain built on Jenkins, the factory acceptance testing of the ETL processes is not automated
     Url https://aisel.aisnet.org/amcis2020/strategic_uses_it/strategic_uses_it/11/


     Search term "Automation"+"DevOps"+"Factory"
     Title Modeling and measuring attributes influencing DevOps implementation in an enterprise using structural equation modeling
     Author ['V Gupta', 'PK Kapur', 'D Kumar']
     Venue Information and Software Technology
     Year 2017
     Abstract DevOps. They found that the concepts of DevOps are relatively new, not commonly understood by practitioners and the major four components of DevOps are collaboration, automation, measurement and monitoring. Amber
     Url https://www.sciencedirect.com/science/article/pii/S0950584916303317


     Search term "Automation"+"DevOps"+"Factory"
     Title The DevOps Handbook:: How to Create World-Class Agility, Reliability, and Security in Technology Organizations
     Author ['G Kim', 'J Humble', 'P Debois', 'J Willis']
     Venue NA
     Year 2016
     Abstract there be no more talk of DevOps unicorns or horses but only thoroughbreds and horses heading to the glue factory.” Myth—DevOps  is Just “Infrastructure as Code” or Automation: While many of the DevOps patterns shown in this book require automation, DevOps also requires
     Url https://books.google.com/books?hl=ru&lr=&id=ui8hDgAAQBAJ&oi=fnd&pg=PT7&dq=%22Automation%22+%22DevOps%22+%22Factory%22&ots=Wv6heiPCQU&sig=Jqr3Z1a2bJpv0UARafuke8JNfwc


     Search term "Automation"+"DevOps"+"Factory"
     Title DevOps for developers
     Author ['M Hüttermann']
     Venue NA
     Year 2012
     Abstract Automation: Automation is essential for DevOps to gain quick feedback. Measurement: DevOps finds a specific path to measurement  Ideally, the DevOps principles need support from tools to be fully realized and provide the automation required
     Url https://books.google.com/books?hl=ru&lr=&id=JfUAkB8AA7EC&oi=fnd&pg=PR3&dq=%22Automation%22+%22DevOps%22+%22Factory%22&ots=wonndczugH&sig=uOknWgKEHxMlaal5gCyM8eVE7fU


     Search term "Automation"+"DevOps"+"Factory"
     Title DevOps Finetuning
     Author ['A Ravichandran', 'K Taylor', 'P Waterhouse']
     Venue DevOps for Digital Leaders
     Year 2016
     Abstract to better identify all the existing process and technology constraints across your own software factory  via fully automated releases might be the holy grail of DevOps, it could  help fill in the release pipeline “whitespace” (for examples, revisit the release automation integration use
     Url https://link.springer.com/chapter/10.1007/978-1-4842-1842-6_10


     Search term "Automation"+"DevOps"+"Factory"
     Title The DevOps adoption playbook: a guide to adopting DevOps in a multi-speed IT enterprise
     Author ['S Sharma']
     Venue NA
     Year 2017
     Abstract 249 Play: Develop an API Economyy . . . . . 253 Deployment Automation and APIs. . . . . 255 DevOps Platform and APIs. . . . . 255 Play: Organizing for Innovation
     Url https://books.google.com/books?hl=ru&lr=&id=leXWDQAAQBAJ&oi=fnd&pg=PR23&dq=%22Automation%22+%22DevOps%22+%22Factory%22&ots=j1ziaz1y-h&sig=W9HxNALjAn5Vr-JPCyHSyWvYtgs


     Search term "Automation"+"DevOps"+"Factory"
     Title A systematic mapping study on microservices architecture in devops
     Author ['M Waseem', 'P Liang', 'M Shahin']
     Venue Journal of Systems and Software
     Year 2020
     Abstract DevOps practices heavily rely on tool support and process automation (Bass, 2017)  The coexistence of microservices and DevOps enables reusability, decentralized data governance, automation, and built-in scalability (Balalaie et al., 2016)
     Url https://www.sciencedirect.com/science/article/pii/S0164121220302053


     Search term "Automation"+"DevOps"+"Factory"
     Title Ansible-IT automation engine for configuration management and cloud provisiong
     Author ['M Salo']
     Venue Використання R-пакету в дистанційному курсі для …
     Year 2015
     Abstract it uses a very simple language (YAML, in the form of Ansible Playbooks) that allow you to describe your automation jobs in a way  References: • Jeff Geerling, 2014,“Ansible for DevOps” • http://docs  net Software development company is a factory for the production of IT products
     Url http://elartu.tntu.edu.ua/bitstream/123456789/17018/3/Matters_foss_lviv2015_correct_pages.pdf#page=136


     Search term "Automation"+"DevOps"+"Factory"
     Title DevOps for IoT applications using cellular networks and cloud
     Author ['A Karapantelakis', 'H Liang', 'K Wang']
     Venue 2016 IEEE 4th …
     Year 2016
     Abstract Index Terms—5G, Cloud, Internet of Things, Network Slicing, DevOps, Resource Orchestration, Automation  In “continuous delivery” environments such as DevOps, automation and short lead- time between application deployment, use, teardown are of significant importance
     Url https://ieeexplore.ieee.org/abstract/document/7575883/


     Search term "Automation"+"DevOps"+"Factory"
     Title DATA ANALYTICS FOR DEVOPS EFFECTIVЕNESS
     Author ['A Ivanova', 'P Ivanov']
     Venue NA
     Year NA
     Abstract The DevOps automation toolset keeps all the history about requests, their changes, logs, authors, times, versions, etc. The statistical data being collected is available for further analysis  9 Figure 5. DevOps automation toolset in SAP – continuous monitoring
     Url https://www.ceeol.com/search/article-detail?id=779785


     Search term "Automation"+"DevOps"+"Factory"
     Title Implementing DevOps with Ansible 2
     Author ['J McAllister']
     Venue NA
     Year 2017
     Abstract practical technology side of DevOps implementations as well as the cultural and collaborative implementations.Throughout the course of this book, we walk through many examples and solutions for common DevOps implementation shortcomings and automation requirements
     Url https://books.google.com/books?hl=ru&lr=&id=3-ZDDwAAQBAJ&oi=fnd&pg=PP1&dq=%22Automation%22+%22DevOps%22+%22Factory%22&ots=hsOALxHsc3&sig=EmZLeO-8qkzByHuxreYQZkCNpkk


     Search term "Automation"+"DevOps"+"Factory"
     Title DevOps for VMware Administrators
     Author ['T Roberts', 'J Atwell', 'E Sigler', 'Y van Doorn']
     Venue NA
     Year 2015
     Abstract [Not Found]
     Url [Not Found]


     Search term "Automation"+"DevOps"+"Factory"
     Title Exploring the link between leadership and Devops practice and principle adoption
     Author ['K Maroukian', 'S Gulliver']
     Venue Advanced Computing: An …
     Year 2020
     Abstract psychology which aimed at an inclusive work environment where each and every one factory employee partnered  similarities with another model that involves a specific set of categories namely: agility, automation, collaborative culture; also called DevOps Culture [49
     Url http://centaur.reading.ac.uk/92769/


     Search term "Automation"+"DevOps"+"Factory"
     Title A Lean and Devops Approach to Teach Lean Software Development
     Author ['V Ivanov', 'D Krasnikhin', 'S Litvinov', 'S Masyagin']
     Venue … Workshop on Software …
     Year 2018
     Abstract Which means that implementation of end-to-end automation by devops approach needs good understanding of lean principles and mindset [1]  Toward Lean Software Development. GQM+ and Experience Factory. In general, the classes are organised as follows
     Url https://link.springer.com/chapter/10.1007/978-3-030-06019-0_15


     Search term "Automation"+"DevOps"+"Factory"
     Title Business model innovation using modern DevOps
     Author ['DK Koilada']
     Venue 2019 IEEE Technology & Engineering …
     Year 2019
     Abstract Modern DevOps practices evangelize automation for all segments, eliminating human involvement and enhancing the performance  Peter Waterhouse (2016) "DevOps for Digital Leaders: Reignite Business with a Modern DevOps- Enabled Software Factory":CA Press
     Url https://ieeexplore.ieee.org/abstract/document/8813557/


     Search term "Automation"+"DevOps"+"Factory"
     Title Engineering of next generation cyber-physical automation system architectures
     Author ['M Foehr', 'J Vollmar', 'A Calà', 'P Leitão']
     Venue … Engineering for Cyber …
     Year 2017
     Abstract the need to have adequate automation system architectures to tackle the scenario of “Factory of the  but an integral part of the day-to-day business, transitioning towards a DevOps culture  A change over to decentralized control by a complete revamp of the automation system in
     Url https://link.springer.com/chapter/10.1007/978-3-319-56345-9_8


     Search term "Automation"+"DevOps"+"Factory"
     Title Agile Development Process in The Software Factory of the Future
     Author ['Z Dragičević', 'S Bošnjak']
     Venue International Scientific Conference …
     Year 2020
     Abstract and team practices of Google, Amazon, Facebook, and Twitter, which have a key influence on the agility of the software development process in the software factory of the future  The high degree of automation and application of ML gives DevOps team members more
     Url https://sm.ef.uns.ac.rs/index.php/proceedings/article/view/43


     Search term "Automation"+"DevOps"+"Factory"
     Title IoT-based Systems Actuation Conflicts Management Towards DevOps: A Systematic Mapping Study.
     Author ['S Lavirotte', 'G Rocher', 'JY Tigli', 'T Gonnin']
     Venue IoTBDS
     Year 2020
     Abstract RQ2.3 What is their automation level  tems actuation conflict management problem af- fects all socio-economical layers ranging from hu- mans (Smart Health), houses (Smart Home) to cities (Smart City) and industry (Smart Factory)  4.2 Analysis towards the DevOps perspective
     Url http://stephane.lavirotte.com/research/biblio/iotbds2020.pdf


     Search term "Automation"+"DevOps"+"Factory"
     Title DevOps and real world ROI
     Author ['A Ravichandran', 'K Taylor', 'P Waterhouse']
     Venue DevOps for Digital Leaders
     Year 2016
     Abstract or tools only provides a small window into the broader impact of DevOps automation as a  This way, organizations can begin to extrapolate how combinations across the automated software factory can create the massive gains highlighted in the State of DevOps Report
     Url https://link.springer.com/chapter/10.1007/978-1-4842-1842-6_9


     Search term "Automation"+"DevOps"+"Factory"
     Title Towards a DevOps Approach in Cyber Physical Production Systems Using Digital Twins
     Author ['MU Querejeta', 'L Etxeberria', 'G Sagardui']
     Venue International Conference on …
     Year 2020
     Abstract Consequently, the need of factory digitalisation arises with the introduction of Industry 4.0  DevOps principles through the software life cycle  Continuous integration (CI) is a principle that puts a great emphasis on the dynamic software integration process and test automation [5] in
     Url https://link.springer.com/chapter/10.1007/978-3-030-55583-2_15


     Search term "Automation"+"DevOps"+"Factory"
     Title Automatically evolving processes in workflow automation
     Author ['PG Ramachandran']
     Venue US Patent 8,301,480
     Year 2012
     Abstract US8301480B2 - Automatically evolving processes in workflow automation - Google Patents. Automatically evolving processes in workflow automation. Download PDF Info. Publication number US8301480B2. US8301480B2 US11
     Url https://patents.google.com/patent/US8301480B2/en


     Search term "Automation"+"DevOps"+"Factory"
     Title Automation of Cloud Node Installation for Testing and Scalable Provisioning
     Author ['CFE Wu', 'H Yu', 'J Jann', 'RS Burugula', 'N Dubey']
     Venue … Proceedings of the10th …
     Year 2017
     Abstract Automation of testing is one intrinsic step in common DevOps workflows  short for automation configuration file in the context of this paper) file to drive the automation  Perform FSP operations: reset firmware to factory configuration Set console type to IPMI Set IPMI password
     Url https://dl.acm.org/doi/abs/10.1145/3147234.3148135


     Search term "Automation"+"DevOps"+"Factory"
     Title Industrialization in Cloud Computing with Enterprise Systems: Order-to-Cash Automation for SaaS Products.
     Author ['J Hintsch', 'H Schrödl', 'HJ Scheruhn']
     Venue …
     Year 2015
     Abstract concepts have been shown to be transferable [8]. In this paper, we study how to improve automation and integration  A major enabler of DevOps are configuration management tools [28  are used to build parts, and these are assembled in different work centers in a factory and the
     Url https://pdfs.semanticscholar.org/e86b/0e297c4477d9edf1a0752e0f15e52b865575.pdf


     Search term "Automation"+"DevOps"+"Factory"
     Title DevOps for DataOps
     Author ['H Atwal']
     Venue Practical DataOps
     Year 2020
     Abstract products. Data pipelines are analogous to operations on a factory floor. Raw  automated. Simplification must come before automation. DevOps effectiveness increases when there is less heterogeneity in the technology stack. Complexity
     Url https://link.springer.com/chapter/10.1007/978-1-4842-5104-1_7


     Search term "Automation"+"DevOps"+"Factory"
     Title An overview of devops
     Author ['B Patwardhan']
     Venue CSI Communications
     Year 2012
     Abstract really-does-speed-things- up-study-shows-7000020783/ [7] The DevOps Challenge, Michael A  Robot Software Testing Tool Manifestation Rational Robot, IBM test automation tool is  Rational Test Manager, Rational Administrator, Rational SiteCheck, Test Factory, Rational Purify
     Url http://csi-india.org.in/communications/CSIC%20August%202014.pdf#page=14


     Search term "Automation"+"DevOps"+"Factory"
     Title Feedback from operations to software development—a devops perspective on runtime metrics and logs
     Author ['J Cito', 'J Wettinger', 'LE Lwakatare', 'M Borg']
     Venue International Workshop on …
     Year 2018
     Abstract However, companies in traditional business, eg infrastructure management, utilities and factory automation, are strictly bound by regulations with regard to safety, industrial  to the different stakeholders such that they are able to make decisions fast as required in a DevOps world
     Url https://link.springer.com/chapter/10.1007/978-3-030-06019-0_14


     Search term "Automation"+"DevOps"+"Factory"
     Title A State Report of DevOps Tooling
     Author ['Z LI', 'S LI', 'S GU', 'HE ZHANG', 'TG WANG']
     Venue NA
     Year NA
     Abstract [Not Found]
     Url [Not Found]


     Search term "Automation"+"DevOps"+"Factory"
     Title The data-driven factory
     Author ['C Gröger', 'L Kassner', 'E Hoos', 'J Königsberger']
     Venue ICEIS …
     Year 2016
     Abstract 1) information extraction tasks and (2) direct support of human labor through partial automation  the service life cycle, and therefore also supporting novel software develop- ment concepts like DevOps  quality data is a direct consequence of the concept of the data-driven factory
     Url http://www.dspace.uce.edu.ec/bitstream/25000/14825/1/On%20the%20development%20of%20strategic%20games%20based%20on%20a%20semiotic%20analysis%20a%20case%20study%20of%20an%20optimized%20tic-tac-toe.pdf#page=61


     Search term "Automation"+"DevOps"+"Factory"
     Title FEDERAL DEVOPS SUMMIT
     Author ['M Casagni', 'M Lead', 'D Hanf', 'C Area', 'P Malhotra']
     Venue NA
     Year NA
     Abstract Even so, many government agencies are overwhelmed by the impediments to automation. Some of these impediments are listed below  of Agile and DevOps (eg, contractual requirements such as Test Readiness Reviews (TRR), and Factory and Site Acceptance Tests);
     Url https://atarc.org/wp-content/uploads/2019/01/2018-03-01-ATARC-Federal-DevOps-Summit-White-Paper-1.pdf


     Search term "Automation"+"DevOps"+"Factory"
     Title Teaching DevOps at the Graduate Level
     Author ['AM Pinna-Déry']
     Venue … : First International Workshop, DEVOPS 2018 …
     Year 2019
     Abstract With automation and monitoring present at all stages, a DevOps approach is supposed to reduce the time  Teaching DevOps at the Graduate Level 63 To support the development of such a system, we implemented a reference system named The Cookie Factory (TCF)[3](see
     Url https://books.google.com/books?hl=ru&lr=&id=EVmEDwAAQBAJ&oi=fnd&pg=PA60&dq=%22Automation%22+%22DevOps%22+%22Factory%22&ots=18tc8zsiOn&sig=VIGibMMvuYskyOZYAYlB-IvApOk


     Search term "Automation"+"DevOps"+"Factory"
     Title DevOps: Profiles in ITSM performance and contributing factors
     Author ['N Forsgren', 'J Humble']
     Venue Forsgren, N., J. Humble (2016)." DevOps …
     Year 2016
     Abstract Harris, FW, How Many Parts to Make at Once. Factory, The Magazine of Management, 1913. 10: p. 135-136  20. Humble, J. and D. Farley, Continuous delivery: reliable software releases through build, test, and deployment automation  25. Walls, M., Building a DevOps culture
     Url https://papers.ssrn.com/sol3/papers.cfm?abstract_id=2681906


     Search term "Automation"+"DevOps"+"Factory"
     Title Build Secure Application with DevSecOps!
     Author ['T Longstaff', 'H Yasar']
     Venue NA
     Year 2019
     Abstract Secure Application with Secure DevOps! © 2018 Carnegie Mellon University [DISTRIBUTION STATEMENT A] Approved for public release and unlimited distribution. The DevSecOps Factory • Feature to deployment • Iterative and incremental development • Automation in every
     Url https://apps.dtic.mil/sti/citations/AD1088677


     Search term "Automation"+"DevOps"+"Factory"
     Title Network Programmability with YANG: The Structure of Network Automation with YANG, NETCONF, RESTCONF, and GNMI
     Author ['B Claise', 'J Clarke', 'J Lindblad']
     Venue NA
     Year 2019
     Abstract the Norm (If a Feature Cannot Be Automated, It Does Not Exist) Hardware Commoditization and Disaggregation The DevOps Time Software  Syslog: No Structured Data Data Modeling Is Key for Automation The Differences Between Information Models and Data Models The
     Url https://books.google.com/books?hl=ru&lr=&id=4AqXDwAAQBAJ&oi=fnd&pg=PT30&dq=%22Automation%22+%22DevOps%22+%22Factory%22&ots=828uChK3Ye&sig=rvJPBtR4WAsHKSWSvX8fg7iDuxk

