Showing papers for search query "Automation"+"Best+practice"+OR+"General+guidelines"+"DevOps"

     Search term "Automation"+"Best+practice"+OR+"General+guidelines"+"DevOps"
     Title DevOps and the cost of downtime: Fortune 1000 best practice metrics quantified
     Author ['S Elliot']
     Venue International Data Corporation (IDC)
     Year 2014
     Abstract 6.7 IT director 13.3 Infrastructure manager 3.3 DevOps consultant 3.3 Line-of-business manager 6.7 Automation architect 6.7 n = 30 Source: IDC's DevOps Best Practice Metrics: Fortune 1000 Survey, December 2014 Page 3. ©2014 IDC #253155 3 SITUATION OVERVIEW
     Url http://www.smallake.kr/wp-content/uploads/2013/07/DevOps-metrics-Fortune1K.pdf


     Search term "Automation"+"Best+practice"+OR+"General+guidelines"+"DevOps"
     Title Using Rules Engine in the Automation of System Security Review
     Author ['AA Alnaim']
     Venue 2019 IEEE Cybersecurity Development (SecDev)
     Year 2019
     Abstract Using Rules Engine in the Automation of System Security Review. Abstract: Best practice has determined the importance of reviewing the security design and architecture of a  Often times, this process can contradict the agility provided by implementing DevOps; a practice that
     Url https://ieeexplore.ieee.org/abstract/document/8901674/


     Search term "Automation"+"Best+practice"+OR+"General+guidelines"+"DevOps"
     Title Maximize the synergies between ITIL and DevOps
     Author ['A Orr']
     Venue BMC Software
     Year 2012
     Abstract Products should support processes with improved capabilities for automation of the synergies between development  We always look for innovative new solutions to improve best practice standards and processes across  Maximize the synergies between ITIL® and DevOps 15
     Url https://www.newhorizons.com/Portals/278/Documents/Maximize%20the%20Synergies%20Between%20ITIL%20and%20DevOps.pdf


     Search term "Automation"+"Best+practice"+OR+"General+guidelines"+"DevOps"
     Title The Next Level of Test Automation (NEXTA 2020)
     Author ['S Demeyer', 'A Causevic', 'K Wiklund']
     Venue 2020 IEEE International …
     Year 2020
     Abstract Test automation has been an acknowledged software engineering best practice for years  a unit testing framework is no longer enough for test automation to keep  by continuous deployment and technological innovations such as microservices and DevOps pipelines
     Url https://ieeexplore.ieee.org/abstract/document/9155792/


     Search term "Automation"+"Best+practice"+OR+"General+guidelines"+"DevOps"
     Title DevOps: continuous delivery, integration, and deployment with DevOps: dive into the core DevOps strategies
     Author ['S Vadapalli']
     Venue NA
     Year 2018
     Abstract DevOps adoption and maturity for big data systems will benefit organizations in the following ways: • DevOps processes can be implemented as standalone or a combination of other processes • Automation frameworks will improve business efficiency • DevOps frameworks will
     Url https://books.google.com/books?hl=ru&lr=&id=N5RRDwAAQBAJ&oi=fnd&pg=PP1&dq=%22Automation%22+%22Best+practice%22+OR+%22General+guidelines%22+%22DevOps%22&ots=vQ7Zjx7VyS&sig=yOgKG_sGVYrnWMwOOwUNorRXohU


     Search term "Automation"+"Best+practice"+OR+"General+guidelines"+"DevOps"
     Title Network DevOps Solution for Creating New Network Services
     Author ['M Takimoto', 'H Komine', 'K Tamura']
     Venue Fujitsu Scientific & Technical Journal
     Year 2016
     Abstract challenge, we plan to apply the basic principles of DevOps—a best practice in cloud  M. Takimoto et al.: Network DevOps Solution for Creating New Network Services  3) Enable continuous delivery (CD) by introducing process automation technology in DevOps and automating
     Url https://www.fujitsu.com/global/documents/about/resources/publications/fstj/archives/vol52-2/paper02.pdf


     Search term "Automation"+"Best+practice"+OR+"General+guidelines"+"DevOps"
     Title The 1st IEEE Workshop on the Next Level of Test Automation (NEXTA 2018)-From the Program Chairs
     Author ['S Eldh', 'S Demeyer', 'M Borg']
     Venue 11th IEEE International …
     Year 2018
     Abstract Test automation has been an acknowledged software engi- neering best practice for years  using a unit testing framework is no longer enough for test automation to keep up  by continuous deployment and technological innovations such as microservices and DevOps pipelines
     Url https://pdfs.semanticscholar.org/750c/20e98fffd3353be6152aeb1ca89b88de627c.pdf


     Search term "Automation"+"Best+practice"+OR+"General+guidelines"+"DevOps"
     Title A cloud automation platform for flexibility in applications and resources provisioning
     Author ['M Boschetti', 'V Baglio', 'P Ruiu']
     Venue 2015 Ninth International …
     Year 2015
     Abstract the work is a generic transformation framework to be used to transform arbitrary DevOps artifacts into  The following figure shows tools used to implement ALM Automation Platform. A best practice in continuous delivery is to build and deploy any resource as consistent packages
     Url https://ieeexplore.ieee.org/abstract/document/7185187/


     Search term "Automation"+"Best+practice"+OR+"General+guidelines"+"DevOps"
     Title Compliance at Velocity within a DevOps Environment
     Author ['MZ Abrahams', 'JJ Langerman']
     Venue 2018 Thirteenth International …
     Year 2018
     Abstract continuous testing, automated configuration management, continuous monitoring, continuous delivery and deployment, automation and continuous  order to adhere to industry specific information security standards, framewor,s or best practice. E. DevOps Poses a Threat or Risk
     Url https://ieeexplore.ieee.org/abstract/document/8847007/


     Search term "Automation"+"Best+practice"+OR+"General+guidelines"+"DevOps"
     Title A Proposal for Integrating DevOps into Software Engineering Curricula
     Author ['C Jones']
     Venue … Workshop on Software Engineering Aspects of …
     Year 2018
     Abstract Aiello, R.: Devops - standard for building reliable and secure systems including application build  https://www.axelos.com/best-practice-solutions/itil/what-is-itil. 14  J., Farley, D.: Continuous Delivery: Reliable Software Releases through Build, Test, and Deployment Automation
     Url https://link.springer.com/chapter/10.1007/978-3-030-06019-0_3


     Search term "Automation"+"Best+practice"+OR+"General+guidelines"+"DevOps"
     Title Software Engineering using DevOps-a Silver Bullet?
     Author ['M Eriksson']
     Venue NA
     Year 2019
     Abstract working with it has an open mindset to change and work agile. • Automation: Since DevOps strive to be agile, automation [5] is a good way to achieve that  sation with the usage of DevOps, for example CAMS (culture, automation, measurement and sharing)
     Url https://www.diva-portal.org/smash/record.jsf?pid=diva2:1289116


     Search term "Automation"+"Best+practice"+OR+"General+guidelines"+"DevOps"
     Title Deploy
     Author ['A Ravichandran', 'K Taylor', 'P Waterhouse']
     Venue DevOps for Digital Leaders
     Year 2016
     Abstract Again, this results in release interrupts, delays, and slower delivery. Note. Integrating test data management with release automation should be considered a DevOps automation best practice. Not only does it ensure teams have
     Url https://link.springer.com/chapter/10.1007/978-1-4842-1842-6_6


     Search term "Automation"+"Best+practice"+OR+"General+guidelines"+"DevOps"
     Title Investigation of Applying DevOps Principles When Developing Device Software
     Author ['R Ritter']
     Venue LU-CS-EX 2018-32
     Year 2018
     Abstract In addition, the case company provided literature covering theory on DevOps such as “The DevOps Hand- book” ([16]), “Continuous Delivery: Reliable Software Releases through Build, Test, and Deployment Automation” ([12]) and best practice cases from similar organizational
     Url http://lup.lub.lu.se/student-papers/record/8971804/file/8971805.pdf


     Search term "Automation"+"Best+practice"+OR+"General+guidelines"+"DevOps"
     Title Supporting efficient test automation using lightweight MBT
     Author ['E Bernard', 'F Ambert', 'B Legeard']
     Venue 2020 IEEE International …
     Year 2020
     Abstract 2see State-of-DevOps Report 2019 - Available online: https://services.google.com/fh/files/misc/ state-of-devops-2019.pdf. software engineers  Fig. 11. test script V. BEST PRACTICE TO REDUCE MAINTENANCE WORKLOAD FOR AUTOMATION ARTIFACTS
     Url https://ieeexplore.ieee.org/abstract/document/9155866/


     Search term "Automation"+"Best+practice"+OR+"General+guidelines"+"DevOps"
     Title Productivity gains of DevOps adoption in an IT team: a case study
     Author ['MA Silva', 'JP Faustino', 'R Pereira', 'M Mira da Silva']
     Venue NA
     Year 2018
     Abstract was conducted in a multinational company acting on the areas of Industry Automation; Electrification and  for this was the lack of experience of the team in the DevOps framework as  Operational Work 50% “Too high percentage, the best practice stands that only 20% of a team
     Url https://aisel.aisnet.org/isd2014/proceedings2018/ISDevelopment/8/


     Search term "Automation"+"Best+practice"+OR+"General+guidelines"+"DevOps"
     Title First international workshop on emerging trends in devops and infrastructure
     Author ['R Rana', 'M Staron']
     Venue Proceedings of the Scientific Workshop Proceedings …
     Year 2016
     Abstract attracted research and participants that covered the four principles suggested by Humble and Molesky [3] that characterizing DevOps: Culture, Automation, Measurement, and  [6] S. Elliot, “DevOps and the cost of downtime: Fortune 1000 best practice metrics quantified,” Int
     Url https://dl.acm.org/doi/abs/10.1145/2962695.2962706


     Search term "Automation"+"Best+practice"+OR+"General+guidelines"+"DevOps"
     Title Innovationsorientiertes IT-Management mit DevOps
     Author ['R Alt', 'G Auth', 'C Kögler']
     Venue … IT-Management mit DevOps
     Year 2017
     Abstract seit 2013 tragendes Unternehmen von ITIL, PRINCE2 und anderen Best Practice-Sammlungen, im  Culture: DevOps erfordert einen Kulturwandel hin zu einer gemeinsamen Verantwortung aller  Automation: Die Automatisierung der Prozesskette von Entwicklung über Test und
     Url https://link.springer.com/chapter/10.1007/978-3-658-18704-0_3


     Search term "Automation"+"Best+practice"+OR+"General+guidelines"+"DevOps"
     Title DevOps Development Process Awareness and Adoption-The Case of Saudi Arabia
     Author ['M Alenezi', 'M Zarour', 'S Alsulis']
     Venue i-Manager's Journal on …
     Year 2019
     Abstract 2.2.4 Automation In DevOps, Code delivery automation jumpstarts learning managed scale and reduced complexity. As a best practice, entities should strive to automate operations and development processes, while ensuring simplicity
     Url http://search.proquest.com/openview/9a092a3eb5c341630fc400fd806d656a/1?pq-origsite=gscholar&cbl=2030612


     Search term "Automation"+"Best+practice"+OR+"General+guidelines"+"DevOps"
     Title Test orchestration a framework for continuous integration and continuous deployment
     Author ['N Rathod', 'A Surve']
     Venue 2015 international conference on …
     Year 2015
     Abstract Deployment (CD);DevOps;Agile Software Development; Test Oracle; Test Orchestration; Cloud Computing; Delivery Pipeline;  Build automation is a best practice for generating code as it bringsthe potential to securebetter quality softwareproduct
     Url https://ieeexplore.ieee.org/abstract/document/7087120/


     Search term "Automation"+"Best+practice"+OR+"General+guidelines"+"DevOps"
     Title Continuous Testing in the Development of IoT Applications
     Author ['LG Guşeilă', 'DV Bratu', 'SA Moraru']
     Venue … International Conference on …
     Year 2019
     Abstract software development and operations together to produce value added software by using automation  continuous deployment pipeline – while ensuring quality of software (QoS) using best practice testing methods and tools and enhancing the DevOps pipeline with
     Url https://ieeexplore.ieee.org/abstract/document/9043692/


     Search term "Automation"+"Best+practice"+OR+"General+guidelines"+"DevOps"
     Title The software architect and DevOps
     Author ['L Bass']
     Venue IEEE Software
     Year 2017
     Abstract So, test automation is critical for rapid deployment  Virtual Private Cloud • Subnets • Security groups • CF frameworks • Best practice  Such enforcement of organizationally specified security practices falls into the category of DevOps. Precommit tests Commit
     Url https://ieeexplore.ieee.org/abstract/document/8239924/


     Search term "Automation"+"Best+practice"+OR+"General+guidelines"+"DevOps"
     Title DevOps and real world ROI
     Author ['A Ravichandran', 'K Taylor', 'P Waterhouse']
     Venue DevOps for Digital Leaders
     Year 2016
     Abstract To isolate any one or two specific processes or tools only provides a small window into the broader impact of DevOps automation as a whole; however, leveraging these as a starting  8. “DevOps and the Cost of Downtime: Fortune 1000 Best Practice Metrics Quantified
     Url https://link.springer.com/chapter/10.1007/978-1-4842-1842-6_9


     Search term "Automation"+"Best+practice"+OR+"General+guidelines"+"DevOps"
     Title DevOps culture and its impact on cloud delivery and software development
     Author ['M Rajkumar', 'AK Pole', 'VS Adige']
     Venue … , & Automation  …
     Year 2016
     Abstract Continuous delivery: reliable software releases through build, test, and deployment automation. Pearson Education, 2010. [7] Elliot, Stephen. "DevOps and the cost of downtime: Fortune 1000 best practice metrics quantified." International Data Corporation (IDC) (2014)
     Url https://ieeexplore.ieee.org/abstract/document/7578902/


     Search term "Automation"+"Best+practice"+OR+"General+guidelines"+"DevOps"
     Title A Framework for Collaborative and Interactive Agent-oriented Developer Operations
     Author ['CJ Amaral', 'T Kampik', 'S Cranefield']
     Venue Proceedings of the 19th …
     Year 2020
     Abstract concept of Developer Operations (DevOps) has emerged as a widely employed best practice for engineering and maintaining complex informa- tion systems [7]. DevOps comes with  IT [6] to container orchestration tools that allow for the automation of deployments
     Url http://ifaamas.org/Proceedings/aamas2020/pdfs/p2092.pdf


     Search term "Automation"+"Best+practice"+OR+"General+guidelines"+"DevOps"
     Title Software Test Automation Maturity--A Survey of the State of the Practice
     Author ['Y Wang', 'MV Mäntylä', 'S Demeyer', 'K Wiklund']
     Venue arXiv preprint arXiv …
     Year 2020
     Abstract Keywords: Software, Test automation, Maturity, Improvement, Assessment, Best practice  practices, eg, 85% practitioners agreed that their test teams have enough test automation expertise and  of automated test cases and the use of Agile and/or DevOps development models
     Url https://arxiv.org/abs/2004.09210


     Search term "Automation"+"Best+practice"+OR+"General+guidelines"+"DevOps"
     Title An Agile Framework for ITS Management In Organizations: A Case Study Based on DevOps
     Author ['S Abdelkebir', 'Y Maleh', 'M Belaissaoui']
     Venue Proceedings of the 2nd …
     Year 2017
     Abstract In a manufacturing enterprise [18]used integration of COBIT and ITIL best practice to implement and  DevOps creates a flow of values of people, processes and technology, which she  Poor - Ad hoc - Undocumented - Unpredictable - Uncontrolled - No automation - Multiple help
     Url https://dl.acm.org/doi/abs/10.1145/3167486.3167556


     Search term "Automation"+"Best+practice"+OR+"General+guidelines"+"DevOps"
     Title DevOps competences for Smart City administrators
     Author ['HR Kaufmann', 'D Bengoa', 'C Sandbrink', 'A Kokkinaki']
     Venue NA
     Year 2020
     Abstract methodologies (in particular, Scrum) support the following four perspectives of DevOps: Collaboration Culture; Automation; Knowledge (architecture, cloud  Regarding exchanging best practice, only 47,6  (33.3%), agile development life cycle (19%) and DevOps (17.5%) when
     Url https://www.corp.at/archive/CORP2020_149.pdf


     Search term "Automation"+"Best+practice"+OR+"General+guidelines"+"DevOps"
     Title Deliverable D6. 2 Automation and Orchestration of Services in the GÉANT Community
     Author ['I Golub', 'SN Jackson', 'R Lapacz', 'S Filiposka', 'I Ioannou']
     Venue NA
     Year NA
     Abstract developers and DevOps personnel. A key challenge for most organisations is a lack of personnel in general, as well as a lack of people who can combine software and network skills. These are seen as the right skills for approaching orchestration, automation and virtualisation
     Url https://www.geant.org/Projects/GEANT_Project_GN4-3/GN43_deliverables/D6-2_Automation-and-Orchestration-of-Services-in-the-GEANT-Community.pdf


     Search term "Automation"+"Best+practice"+OR+"General+guidelines"+"DevOps"
     Title EXPLORING DEVOPS: CHALLENGES AND BENEFITS
     Author ['PP Joby']
     Venue Journal of Information Technology
     Year 2019
     Abstract rendered. 4. One of the most vital principles of the DevOps is automation of everything  212-217. Springer, Cham, 2015. [11] Elliot, Stephen. "DevOps and the cost of downtime: Fortune 1000 best practice metrics quantified." International Data Corporation (IDC) (2014)
     Url https://www.irojournals.com/itdw/V1/I1/04.pdf


     Search term "Automation"+"Best+practice"+OR+"General+guidelines"+"DevOps"
     Title GN3 Software Architecture Strategy Best Practice Guide 2.0
     Author ['B Marovic', 'M Wrzos', 'M Lewandowski', 'A Bobak']
     Venue NA
     Year NA
     Abstract Agile, DevOps, and ITIL (Adapted from [DevOps_1]) 16 Figure ‎3.1: ESB representation 25 Table of Tables Table ‎2.1: OpenUP and Agile Manifesto comparison 6 Table ‎3.1: Features of XML data binding tools 33 Page 4. GN3 Software Architecture Strategy Best Practice Guide
     Url https://geant3.archive.geant.org/media_centre/media_library/media%20library/gn3-09-185_software_architecture_strategy_best_practice_guide_4%200.pdf


     Search term "Automation"+"Best+practice"+OR+"General+guidelines"+"DevOps"
     Title Understanding DevOps: Exploring the origins, composition, merits, and perils of a DevOps Capability
     Author ['C Crowley', 'L McQuillan']
     Venue Proceedings of the …
     Year 2018
     Abstract Roche, 2013). Automation facilitates greater monitoring through metrics gathering. Automation and monitoring correlate with higher performance outcomes from DevOps (Forsgren and Humble, 2015). Continuous Delivery is
     Url http://mural.maynoothuniversity.ie/10033/


     Search term "Automation"+"Best+practice"+OR+"General+guidelines"+"DevOps"
     Title Entwicklung einer Robotic Process Automation (RPA)-Governance
     Author ['J Petersen', 'H Schröder']
     Venue HMD Praxis der Wirtschaftsinformatik
     Year 2020
     Abstract Entwicklung einer Robotic Process Automation (RPA)-Governance. Download PDF. Download PDF. Schwerpunkt; Published: 01 October 2020. Entwicklung einer Robotic Process Automation (RPA)-Governance. Development of a Robotic Process Automation (RPA)-Governance
     Url https://link.springer.com/article/10.1365/s40702-020-00659-y


     Search term "Automation"+"Best+practice"+OR+"General+guidelines"+"DevOps"
     Title Exploring and Enabling DevOps for Data Analytical System with Essential Demands Elicitation
     Author ['J Zheng', 'Y Liu', 'J Lin']
     Venue International Journal of Software Engineering …
     Year 2016
     Abstract Complexity of tool integration — Massive open-source automation tools will be applied to DevOps practice  Page 7. 3.3. Long-term sustainability Until now, the DevOps community is constantly releasing new open-source automation tools to support DevOps
     Url https://www.worldscientific.com/doi/abs/10.1142/S021819401640012X


     Search term "Automation"+"Best+practice"+OR+"General+guidelines"+"DevOps"
     Title Implementing DevOps with Ansible 2
     Author ['J McAllister']
     Venue NA
     Year 2017
     Abstract practical technology side of DevOps implementations as well as the cultural and collaborative implementations.Throughout the course of this book, we walk through many examples and solutions for common DevOps implementation shortcomings and automation requirements
     Url https://books.google.com/books?hl=ru&lr=&id=3-ZDDwAAQBAJ&oi=fnd&pg=PP1&dq=%22Automation%22+%22Best+practice%22+OR+%22General+guidelines%22+%22DevOps%22&ots=hsOALxHsf4&sig=1T0aYFCOi-hYG1JHQ-3QPjtBRog


     Search term "Automation"+"Best+practice"+OR+"General+guidelines"+"DevOps"
     Title The DevOps transformation
     Author ['B Rockwood']
     Venue keynote at the USENIX LISA
     Year NA
     Abstract management 2: Building Process around automation 1: Automate using Configuration Management  Page 23. Pro Tip #2 DevOps starts with why, with a holistic vision, and supports that vision with process and tools  Auditing Security Controls Best Practice ISO 20K Governance
     Url https://www.usenix.org/legacy/events/lisa11/tech/slides/rockwood.pdf


     Search term "Automation"+"Best+practice"+OR+"General+guidelines"+"DevOps"
     Title The End of the Beginning
     Author ['D Harrison', 'K Lively']
     Venue Achieving DevOps
     Year 2019
     Abstract This exposes problems with lack of automation, handoffs, bad tooling, signoff hassles, etc  1. Coming up with a list of DevOps Ten Commandments on a stone tablet might help us sell some  pattern used in a company whose culture we envy, or look for a “best practice” – a proven
     Url https://link.springer.com/chapter/10.1007/978-1-4842-4388-6_8


     Search term "Automation"+"Best+practice"+OR+"General+guidelines"+"DevOps"
     Title Introduction to DILM
     Author ['A Leonard']
     Venue Data Integration Life Cycle Management with SSIS
     Year 2018
     Abstract which manifests in faster time to market, higher quality, repeatable automation, and code  As with all other software development platforms, lifecycle management is a best practice with SSIS. As with all other software development, it's possible to practice DevOps with SSIS
     Url https://link.springer.com/chapter/10.1007/978-1-4842-3276-7_1


     Search term "Automation"+"Best+practice"+OR+"General+guidelines"+"DevOps"
     Title Implications of digital transformation, Agile, and DevOps for IT curricula, with recommendations
     Author ['C Betz']
     Venue NA
     Year 2016
     Abstract [Not Found]
     Url [Not Found]


     Search term "Automation"+"Best+practice"+OR+"General+guidelines"+"DevOps"
     Title Productivity gains of DevOps adoption: a case study
     Author ['MÂR Silva']
     Venue NA
     Year 2018
     Abstract automation, measurement, and information sharing. DevOps is not a one size fits all solution and it will not act as a silver bullet to solve all IT problems within a company. It  Technology: Automation is an essential keystone of DevOps, it guarantees that the
     Url https://repositorio.iscte-iul.pt/handle/10071/18293


     Search term "Automation"+"Best+practice"+OR+"General+guidelines"+"DevOps"
     Title DESDEVOPS-A New Paradigm for Dev-Ops: Rethinking Transition of Quality from Dev to Production
     Author ['P Mahanta', 'P Maurya', 'A Kumar']
     Venue … Conferences" On the Move to Meaningful …
     Year 2017
     Abstract to optimize communication between the teams and so starting with the first best practice concept where  DL: A framework for managing mission needs, compliance, and trust in the DevOps environment  IEEE (2014)Google Scholar. 6. Soni, M.: End to end automation on cloud with
     Url https://link.springer.com/chapter/10.1007/978-3-319-73805-5_27


     Search term "Automation"+"Best+practice"+OR+"General+guidelines"+"DevOps"
     Title ITIL® and DevOps
     Author ['K Karu']
     Venue NA
     Year 2017
     Abstract Roughly speaking, three types of organizations are looking to leverage DevOps practices: the ones born in the world of apps, cloud computing, and automation by default; the ones successfully leveraging new technologies and practices to rebuild their existing IT capabilities
     Url https://metapm.com.au/wp-content/uploads/2018/03/ITIL-and-DevOps-Whitepaper.pdf


     Search term "Automation"+"Best+practice"+OR+"General+guidelines"+"DevOps"
     Title Network Security Policy Automation: Enterprise Use Cases and Methodologies
     Author ['M Zarny', 'M Xu', 'Y Sun']
     Venue Emerging Automation Techniques for the …
     Year 2019
     Abstract It is a best practice to formally document all approved IT policies, and disseminate  Group-Based Policy: A security policy automation methodology that uses the metadata associated  DevOps: Practices and technologies that promote tighter coupling of software development (Dev
     Url https://www.igi-global.com/chapter/network-security-policy-automation/214435


     Search term "Automation"+"Best+practice"+OR+"General+guidelines"+"DevOps"
     Title Security controls in infrastructure as code
     Author ['S Almuairfi', 'M Alenezi']
     Venue Computer Fraud & Security
     Year 2020
     Abstract can be increased if, “build automation tools fit well with practitioners' existing workflow and tool usage, and usage of build automation tools are  Figure 3. Best practice summary  in IaC, one thing that became clear is that IaC might be one of the fundamental pillars to DevOps but it
     Url https://www.sciencedirect.com/science/article/pii/S1361372320301093


     Search term "Automation"+"Best+practice"+OR+"General+guidelines"+"DevOps"
     Title Exploring DevOps for Data Analytical System with Essential Demands Elicitation.
     Author ['J Zheng', 'Y Liu', 'J Lin']
     Venue SEKE
     Year 2016
     Abstract and the cost of downtime: Fortune 1000 best practice metrics quantified,” International Data Corporation (IDC), 2014. [15] VPR Kumar and V. Babu, “Devops-a review,” IMAGE AND VIDE PROCESSING, p. 32, 2012. [16] AM Christie, Software process automation: the technology
     Url https://pdfs.semanticscholar.org/705f/0cb37526aa0297dcc908f53e8cf7f8f8cfb3.pdf


     Search term "Automation"+"Best+practice"+OR+"General+guidelines"+"DevOps"
     Title Next Generation Platform-as-a-Service (NGPaaS) From DevOps to Dev-for-Operations
     Author ['I Labrador', 'A Ramos', 'A Pasic']
     Venue Atos White Paper
     Year 2018
     Abstract However, besides these general guidelines, in NGPaaS we also consider the following issues  As already mentioned, although automation is the cornerstone in DevOps, the Operator  onboarding and continuous improvement” methodology, as well as best practice guidelines for
     Url http://ngpaas.eu/wp-content/uploads/2018/10/Atos_Whitepaper_Final.pdf


     Search term "Automation"+"Best+practice"+OR+"General+guidelines"+"DevOps"
     Title Pro Vagrant
     Author ['W Gajda']
     Venue NA
     Year 2015
     Abstract Page 1. THE EXPERT'S WOICE*IN OPEN SOURCE Wag MASTER THE CREATION AND CONFIGURATION OF VIRTUAL DEVELOPMENT ENVIRONMENTS Wlodzimierz Gajda Zºº ADICSS' Page 2. For your convenience Apress
     Url https://books.google.com/books?hl=ru&lr=&id=hFMnCgAAQBAJ&oi=fnd&pg=PP3&dq=%22Automation%22+%22Best+practice%22+OR+%22General+guidelines%22+%22DevOps%22&ots=PRLw2Z5XXD&sig=XxxjFOuqImB6Z9mudq2t6wtnHO8


     Search term "Automation"+"Best+practice"+OR+"General+guidelines"+"DevOps"
     Title Survey on Continuous Integration, Deployment and Delivery in Agile and DevOps Practices
     Author ['KS Poornalinga', 'P Rajkumar']
     Venue NA
     Year NA
     Abstract [Not Found]
     Url [Not Found]


     Search term "Automation"+"Best+practice"+OR+"General+guidelines"+"DevOps"
     Title Developing and operating industrial security services to mitigate risks of digitalization
     Author ['C Jansen']
     Venue IFAC-PapersOnLine
     Year 2016
     Abstract and operations contain different steps and require adequate tooling entailing a high degree of automation for each  To establish and foster this collaboration, methods like pair programming, best-practice sharing, log books of operations, creation of mock  3. DevOps for MSSPs
     Url https://www.sciencedirect.com/science/article/pii/S2405896316325125


     Search term "Automation"+"Best+practice"+OR+"General+guidelines"+"DevOps"
     Title Transitioning towards continuous development within an established business organization
     Author ['A Virtanen']
     Venue NA
     Year 2017
     Abstract production. The pipeline is a fundamental aspect in lean and agile software development, but also in DevOps' automation culture. The general stages within such a pipeline consist of continuous integration and continuous delivery
     Url https://aaltodoc.aalto.fi/handle/123456789/29144


     Search term "Automation"+"Best+practice"+OR+"General+guidelines"+"DevOps"
     Title Hands-on DevOps: Explore the concept of continuous delivery and integrate it with data science concepts
     Author ['S Vadapalli']
     Venue NA
     Year 2017
     Abstract management 44 Release management 45 Test automation 46 Continuous integration 47 Continuous delivery 49 Continuous deployment 50 Infrastructure as Code 51 Routine automation 52 Key application performance monitoring/indicators 52 DevOps frameworks 52 DevOps
     Url https://books.google.com/books?hl=ru&lr=&id=0i1EDwAAQBAJ&oi=fnd&pg=PP1&dq=%22Automation%22+%22Best+practice%22+OR+%22General+guidelines%22+%22DevOps%22&ots=rwUXp0VJ_j&sig=bMKdEuXk-JIbTeAA3tuD1aqLkQc

