Showing papers for search query "Best+practice"+OR+"General+guidelines"+"Concurrent+Engineering"+"Medical"

     Search term "Best+practice"+OR+"General+guidelines"+"Concurrent+Engineering"+"Medical"
     Title MATCH Guide on Product Development Processes in the Medical Device Industry
     Author ['D Dixon', 'J Eatock', 'B Meenan', 'T Young', 'J Anderson']
     Venue NA
     Year NA
     Abstract [Not Found]
     Url [Not Found]


     Search term "Best+practice"+OR+"General+guidelines"+"Concurrent+Engineering"+"Medical"
     Title Fuzzy Selection of Concurrent Engineering Implementation Tactics
     Author ['F Lettice', 'A Matin', 'S Evans']
     Venue Proceedings of the Thirtieth International …
     Year 1993
     Abstract In the field of medical diagnosis, for example, fuzzy logic has been used rather extensively  Page 6. 350 FUZZY SELECTION OF CONCURRENT ENGINEERING knowledge base decreases and the Company Best Practice becomes dominant [28]
     Url https://link.springer.com/chapter/10.1007/978-1-349-13255-3_44


     Search term "Best+practice"+OR+"General+guidelines"+"Concurrent+Engineering"+"Medical"
     Title New directions in design for manufacturing
     Author ['JW Herrmann', 'J Cooper']
     Venue International …
     Year 2004
     Abstract The paper concludes with some general guidelines that suggest how manufacturing firms can develop useful, effective DFM  Concurrent engineering naturally occurred within that person's head  For system products such as medical imaging services, it is often not clear what the
     Url https://asmedigitalcollection.asme.org/IDETC-CIE/proceedings-abstract/IDETC-CIE2004/46962d/853/306924


     Search term "Best+practice"+OR+"General+guidelines"+"Concurrent+Engineering"+"Medical"
     Title Customizing practices based on the frequency of problems in new product development process
     Author ['MES Echeveste', 'H Rozenfeld']
     Venue … Engineering
     Year 2017
     Abstract Concurrent Engineering 2017 25:3, 245-261. Download Citation. If you have the appropriate software installed, you can download article citation data to the citation manager of your choice  Concurrent Engineering 2017 25:3, 245-261. Share. Share
     Url https://journals.sagepub.com/doi/abs/10.1177/1063293X16686154


     Search term "Best+practice"+OR+"General+guidelines"+"Concurrent+Engineering"+"Medical"
     Title An exploratory survey of current practice in the medical device industry
     Author ['J Eatock', 'D Dixon', 'T Young']
     Venue Journal of Manufacturing Technology …
     Year 2009
     Abstract 70 per cent for stage gates, and above 80 per cent for concurrent engineering  a detailed breakdown of successful and unsuccessful products in the medical device industry  SJ and Kleinschmidt, EJ (2002a), “Optimizing the stage‐gate process: what best practice companies
     Url https://www.emerald.com/insight/content/doi/10.1108/17410380910929637/full/html


     Search term "Best+practice"+OR+"General+guidelines"+"Concurrent+Engineering"+"Medical"
     Title The role of power in partnership relationships: an empirical
     Author ['A van Weele', 'F Rozemeijer']
     Venue Best Practice Procurement: Public …
     Year 2001
     Abstract We started with a survey of current literature on partner- ship relationships and concurrent engineering  The manufacturers oper- ated in the following sectors: medical systems, fibre optics, high tech equipment, lighting, auto- motive and office equipment
     Url https://books.google.com/books?hl=en&lr=&id=7K1CfZgvhOEC&oi=fnd&pg=PA90&dq=%22Best+practice%22+OR+%22General+guidelines%22+%22Concurrent+Engineering%22+%22Medical%22&ots=WSpYjqTKrM&sig=dgEu_RieEDz8kykIiHXFHwfCEv8


     Search term "Best+practice"+OR+"General+guidelines"+"Concurrent+Engineering"+"Medical"
     Title Competing through manufacturing and the new manufacturing paradigm: is manufacturing strategy passé?
     Author ['KB Clark']
     Venue Production and operations management
     Year 1996
     Abstract total quality management, continuous improvement, design for manufacturability, or concurrent engineering appear to  strategy using a classic case on Searle's Medical Instruments Group  term advanced manufacturing system ( AMS) as shorthand for best practice in production
     Url https://onlinelibrary.wiley.com/doi/abs/10.1111/j.1937-5956.1996.tb00384.x


     Search term "Best+practice"+OR+"General+guidelines"+"Concurrent+Engineering"+"Medical"
     Title Identifying the need for world class manufacturing and best practice for SMEs in the UK
     Author ['Z Khan', 'RK Bali']
     Venue International Journal of …
     Year 2007
     Abstract and Associate Director of Center for the Management of Medical Technology (CMMT) at  Employee Involvement (EI), Cellular Manufacturing, Design for Manufacture and Concurrent engineering (Prabhu et al  The DTI states that “Simply put, best practice is about becoming more
     Url https://www.inderscienceonline.com/doi/abs/10.1504/IJMED.2007.013155


     Search term "Best+practice"+OR+"General+guidelines"+"Concurrent+Engineering"+"Medical"
     Title Agile manufacturing: the 21st century competitive strategy
     Author ['A Gunasekaran']
     Venue NA
     Year 2001
     Abstract Because of rapid advances in the medical sciences, in particular, independent  such as the standard for the exchange of products (STEP), concurrent engineering, virtual manufacturing  and R. Valeeva Contingency-Driving Autonomous Cellular Manufacturing-Best Practice in the
     Url https://books.google.com/books?hl=en&lr=&id=5gbDeVqJPB8C&oi=fnd&pg=PP1&dq=%22Best+practice%22+OR+%22General+guidelines%22+%22Concurrent+Engineering%22+%22Medical%22&ots=SLVdfB1pTL&sig=R-9tS16TfwS75Y14rp9w_M4rU3o


     Search term "Best+practice"+OR+"General+guidelines"+"Concurrent+Engineering"+"Medical"
     Title Production systems for mass customization: bridging theory and practice
     Author ['M Comstock']
     Venue NA
     Year 2004
     Abstract Medical and Health Sciences  is described which illustrates one company's industry-leading approach to both customer elicitation and concurrent engineering, and also  The analysis also compares this best practice case, describing "how it is done", to theoretical foundations
     Url https://www.diva-portal.org/smash/record.jsf?pid=diva2:242876


     Search term "Best+practice"+OR+"General+guidelines"+"Concurrent+Engineering"+"Medical"
     Title Method for intra-surgical phase detection by using real-time medical device data
     Author ['N Spangenberg', 'C Augenstein']
     Venue … -Based Medical …
     Year 2017
     Abstract by adapting the method engineering methodology to find a best practice for utilizing  R. Fernandes, A. Keen, and MK Painter, “Information integration for concurrent engineering compendium of  Recovery of surgical workflow without explicit models,” in Medical image computing
     Url https://ieeexplore.ieee.org/abstract/document/8104197/


     Search term "Best+practice"+OR+"General+guidelines"+"Concurrent+Engineering"+"Medical"
     Title Concurrent Engineering: A New Approach for Sustainable Technical Education
     Author ['RK Sharma', 'PC Tewari']
     Venue RCEE & RHEd, June
     Year 2010
     Abstract No. Best Practice Percentage  integrated engineering with computer science, integrated engineering with material science, integrated engineering with medical biophysics, integrated  Concurrent Engineering has been able to find the place in top ten best practices in academics
     Url http://tree.utm.my/wp-content/uploads/2013/03/Concurrent-Engineering-A-New-Approach-for-Sustainable-Technical-Education.pdf


     Search term "Best+practice"+OR+"General+guidelines"+"Concurrent+Engineering"+"Medical"
     Title DELIVERABLE 9 MATCH Guide on Product Development Processes in the Medical Device Industry
     Author ['D Dixon', 'J Eatock', 'B Meenan', 'T Young', 'J Anderson']
     Venue NA
     Year 2005
     Abstract best practice, but rather to indicate that direct mapping of approach is not appropriate. Page 11. 7  820.30(b),). Concurrent engineering has mainly been used within large corporations (Henson and  For example, RMI an American manufacturer of medical x
     Url https://pdfs.semanticscholar.org/f842/de208ebfc401c8ff2f842791316c1bf93422.pdf


     Search term "Best+practice"+OR+"General+guidelines"+"Concurrent+Engineering"+"Medical"
     Title Concurrent engineering within British industry
     Author ['M Ainscough', 'B Yazdani']
     Venue Concurrent Engineering
     Year 2000
     Abstract How do companies know whether their formal processes represent best practice for beating  hold themselves mutually accountable&dquo; [8]. Team-working within a concurrent engineering environment requires  Aerospace 0C>, Military 0%. Medical 0%). This may well be due
     Url https://journals.sagepub.com/doi/abs/10.1177/1063293X0000800101


     Search term "Best+practice"+OR+"General+guidelines"+"Concurrent+Engineering"+"Medical"
     Title Airport Building Information Modelling
     Author ['O Koseoglu', 'Y Arayici']
     Venue NA
     Year 2019
     Abstract The book presents a best practice BIM project with a new business model for clients  it was only possible to carry out and complete the project through concurrent engineering with BIM; it  hair dresser, PTT (postal mail service), prayer rooms, veterinary centre, medical centre and
     Url https://books.google.com/books?hl=en&lr=&id=JIirDwAAQBAJ&oi=fnd&pg=PP8&dq=%22Best+practice%22+OR+%22General+guidelines%22+%22Concurrent+Engineering%22+%22Medical%22&ots=Cq-ylhgd-X&sig=7YPPgZDxTPrULUecn06JY8YVWqg


     Search term "Best+practice"+OR+"General+guidelines"+"Concurrent+Engineering"+"Medical"
     Title Total Product Life Cycle For Medical Device Industry Using Windchill PLM Modules
     Author ['SM Dwarakanath', 'M Dukaly', 'NGH Srinivasa', 'JP Patel']
     Venue NA
     Year NA
     Abstract Product Quality extends the industry's leading PLM solution with best-practice processes for  However, for more complex devices, a concurrent engineering model is more representative of the  the absence of other information from the FDA, many Medical Device manufacturers
     Url http://www.ieomsociety.org/detroit2020/papers/361.pdf


     Search term "Best+practice"+OR+"General+guidelines"+"Concurrent+Engineering"+"Medical"
     Title Concurrent engineering in a pharmaceutical firm: a case study of Dr Reddy's Laboratories Ltd
     Author ['GV Prasad', 'BM Rao']
     Venue International journal of manufacturing …
     Year 2004
     Abstract team and involving the core team in as-is process mapping and to-be process design • best practice research  by assuring the safety, efficacy, and security of human and veterinary drugs, biological products, medical devices, our  Concurrent engineering in a pharmaceutical firm
     Url https://www.inderscienceonline.com/doi/abs/10.1504/IJMTM.2004.005405


     Search term "Best+practice"+OR+"General+guidelines"+"Concurrent+Engineering"+"Medical"
     Title Ontology-based approach in hybrid engineering knowledge representation for stamping die design
     Author ['M Ruschitzka', 'A Suchodolski', 'J Wróbel']
     Venue … in Concurrent Engineering
     Year 2010
     Abstract Part of the Advanced Concurrent Engineering book series  and reuse the knowledge and experience of their engineers, together with manufacturing best practice, legislation, costing  5] eg artificial intelligence, the Semantic Web, software engineering, medical informatics and
     Url https://link.springer.com/chapter/10.1007/978-0-85729-024-3_22


     Search term "Best+practice"+OR+"General+guidelines"+"Concurrent+Engineering"+"Medical"
     Title E-mail: faramak. zandi@ hccs. edu
     Author ['F ZANDI']
     Venue Production and Operations Management
     Year 2011
     Abstract of Business Intelligence- based Data Warehouse Architecture, Concurrent Engineering: Research and  Health Reference Architecture Using a Bi-Objective Medical Informatics Decision  A Strategic Benchmarking Process for Identifying the Best Practice Collaborative Electronic
     Url https://learning.hccs.edu/faculty/faramak.zandi/@@download/curriculum_vitae/FARAMAK_ZANDI-_RESUME.pdf


     Search term "Best+practice"+OR+"General+guidelines"+"Concurrent+Engineering"+"Medical"
     Title Concurrency in BIM-Based Project Implementation: An Exploratory Study of Chongqing Jiangbei International Airport's Terminal 3A
     Author ['E Utiome', 'S Mohamed', 'K Panuwatwanich', 'E Lin']
     Venue … on Cooperative Design …
     Year 2016
     Abstract 15. Table 2. Test for BIM-enabled Concurrent Engineering between case studies. CE-BIM criteria. Case studies. Eden Medical Centre  The project management best practice of continuous improvement [3] was important to the success of the CE processes employed on the project
     Url https://link.springer.com/chapter/10.1007/978-3-319-46771-9_33


     Search term "Best+practice"+OR+"General+guidelines"+"Concurrent+Engineering"+"Medical"
     Title A survey of success factors in new product development in the medical devices industry
     Author ['A Brown', 'D Dixon', 'J Eatock']
     Venue 2008 IEEE …
     Year 2008
     Abstract therefore crucial that end user engagement and requirements capture within the medical devices sector  of the NPD process strategies such as Stage-Gate® NPD, concurrent engineering, or the  is interesting, as many of these strategies are highlighted as best practice in product
     Url https://ieeexplore.ieee.org/abstract/document/4617987/


     Search term "Best+practice"+OR+"General+guidelines"+"Concurrent+Engineering"+"Medical"
     Title New product development: implementing best practices, dissemination and human factors
     Author ['J Bauly', 'A Nee']
     Venue International Journal of Manufacturing …
     Year 2000
     Abstract Companies also tried harder with 'concurrent engineering'  for the benefit of the companies: because best practice information is  This principle is well recognized and well done by the medical faculties where practice, teaching and academia are seamlessly integrated via the
     Url https://www.inderscienceonline.com/doi/abs/10.1504/IJMTM.2000.001386


     Search term "Best+practice"+OR+"General+guidelines"+"Concurrent+Engineering"+"Medical"
     Title Improving construction industry through integrated project delivery (IPD)
     Author ['SA Rahim', 'MNM Nawi', 'FAA Nifa']
     Venue BinaTECH
     Year 2015
     Abstract Khemlani, L. (2009) Sutter Medical Center Castro Valley: Case Study of an IPD  Mohamad, MI (1999), The Application of Concurrent Engineering Philosophy to the Construction Industry, Thesis  1999), A definition of Procurement systems- A guide to Best Practice in Construction
     Url https://www.researchgate.net/profile/Mohd_Nasrun_Mohd_Nawi/publication/280520566_IMPROVING_CONSTRUCTION_INDUSTRY_THROUGH_INTEGRATED_PROJECT_DELIVERY_IPD/links/55b73aef08aed621de04540b.pdf


     Search term "Best+practice"+OR+"General+guidelines"+"Concurrent+Engineering"+"Medical"
     Title CT-based reverse engineering and rapid prototyping: experiences in different application domains
     Author ['C Bandera', 'M Felice', 'S Filippi']
     Venue AMST'02 Advanced Manufacturing …
     Year 2002
     Abstract complexity of the hone structures, which are intrinsically irregular; the best practice resulted the  the advantages of the application of CT and RP in medical and archeological  International eonferenee ISPE- CE2001, Advanees in CONCURRENT ENGINEERING, California (USA
     Url https://link.springer.com/chapter/10.1007/978-3-7091-2555-7_86


     Search term "Best+practice"+OR+"General+guidelines"+"Concurrent+Engineering"+"Medical"
     Title Benchmark pre-production practice in manufacturing engineering
     Author ['E Shehab', 'Y Rao', 'A Al-Ashaab', 'C Beadle', 'S Sarfraz']
     Venue NA
     Year 2017
     Abstract These sectors belongs to aerospace, automotive, consumer goods, medical and electronic equipments, software  A 4 steps prototyping strategy model and best practice prototype journey path model  [2] TT Pullan, Decision support tool using concurrent engineering framework for
     Url https://dspace.lib.cranfield.ac.uk/handle/1826/14142


     Search term "Best+practice"+OR+"General+guidelines"+"Concurrent+Engineering"+"Medical"
     Title Engineering leadership through tradition and innovation
     Author ['EN Aqua', 'AW Winston']
     Venue Proceedings of ELECTRO'94
     Year 1994
     Abstract OUT society should emerge from the ranks of those who best practice the best  software and MIS development; mechanical components and systems; and, medical product systems  for members in the recently established Boston Chapter of the Society of Concurrent Engineering
     Url https://ieeexplore.ieee.org/abstract/document/472628/


     Search term "Best+practice"+OR+"General+guidelines"+"Concurrent+Engineering"+"Medical"
     Title Intelligent Production Machines and Systems-First I* PROMS Virtual Conference: Proceedings and CD-ROM Set
     Author ['DT Pham']
     Venue NA
     Year 2005
     Abstract Because of rapid advances in the medical sciences, in particular  L. Zhang BM_virtual enterprise architecture reference model for concurrent engineering processes performance  Best practice development within a manufacturing enterprise collaboration framework OR Hjelmervik
     Url https://books.google.com/books?hl=en&lr=&id=vNNYJJa--OoC&oi=fnd&pg=PP1&dq=%22Best+practice%22+OR+%22General+guidelines%22+%22Concurrent+Engineering%22+%22Medical%22&ots=igiCnuppBB&sig=azuThenj23sl1tS5HrdvG3daxb4


     Search term "Best+practice"+OR+"General+guidelines"+"Concurrent+Engineering"+"Medical"
     Title The impact of size on manufacturing practices and performance
     Author ['K Demeter', 'Z Matyusz']
     Venue … on the 15th International Annual EurOMA …
     Year 2008
     Abstract According to Voss (1995), world class means “having best practice in total quality, concurrent engineering, lean production  of best practice paradigm is that the use of these methods will lead to superior performance  medical, precision and optical instruments, watches and clocks
     Url https://www.researchgate.net/profile/Krisztina_Demeter/publication/325722100_The_impact_of_size_on_manufacturing_practices_and_performance/links/5b201317aca272277fa813a0/The-impact-of-size-on-manufacturing-practices-and-performance.pdf


     Search term "Best+practice"+OR+"General+guidelines"+"Concurrent+Engineering"+"Medical"
     Title Digital Facility Layout Planning
     Author ['M Peron', 'G Fragapane', 'F Sgarbossa', 'M Kay']
     Venue Sustainability
     Year 2020
     Abstract Concurrent engineering is widely used in designing and development of new products, where the  than the flow of materials, qualitative relationships should be considered for best practice  the equipment needs to be known to efficiently use the medical resources, supermarkets
     Url https://www.mdpi.com/2071-1050/12/8/3349


     Search term "Best+practice"+OR+"General+guidelines"+"Concurrent+Engineering"+"Medical"
     Title Scientific data and knowledge management in aerospace engineering
     Author ['A Schreiber', 'J Rühmkorf']
     Venue 2009 Third International …
     Year 2009
     Abstract Identifying and sharing best practice between users is therefore crucial to reduce the variability of design quality and  Espe- cially, it supports concurrent engineering where coordinated work on a common data model is important  The use for medical applications is in progress
     Url https://ieeexplore.ieee.org/abstract/document/5359562/


     Search term "Best+practice"+OR+"General+guidelines"+"Concurrent+Engineering"+"Medical"
     Title Prediction of new product development (NPD) performance in research and development (R&D) company
     Author ['OK Tan', 'A Rasli']
     Venue 3rd International Conference on Advanced …
     Year 2011
     Abstract measurements used by prior researcher to benchmark NPD performance of best practice R&D firms versus  1 Top down Concurrent Engineering Approach 76.79% 2 57.04% 74.29% 4  from other sectors such as semi-conductors, pharmaceuticals, food and medical industries
     Url http://www.ipedr.com/vol19/36-ICAMS2011-A10056.pdf


     Search term "Best+practice"+OR+"General+guidelines"+"Concurrent+Engineering"+"Medical"
     Title Incorporating the voice of multiple customers into product design
     Author ['S Bamforth', 'NJ Brookes']
     Venue Proceedings of the Institution of …
     Year 2002
     Abstract can be the end-user, family members, the carer, the medical professional and the  3 Why Should We Care: Best Practice in Disability Equipment Services, Disabled Living Centres  7 Huthwaite, B. Strategic Design: A Guide to Managing Concurrent Engineering, 1995 (Institute for
     Url https://journals.sagepub.com/doi/abs/10.1243/0954405021520328


     Search term "Best+practice"+OR+"General+guidelines"+"Concurrent+Engineering"+"Medical"
     Title Key success factors for team integration practice in Malaysian Industrialised Building System (IBS) construction industry
     Author ['MNM Nawi', 'MNA Azman', 'WN Osman']
     Venue … -Malaysian Journal of …
     Year 2017
     Abstract need of integrated approach and the availability of current best practice of integrates  Built, Integration project delivery, Lean construction, Supply Chain Management, Concurrent Engineering, Partnering and  Khemlani L (2009) Sutter Medical Center Castro Valley: Case Study
     Url http://ejournal.ukm.my/gmjss/article/viewFile/17594/5410


     Search term "Best+practice"+OR+"General+guidelines"+"Concurrent+Engineering"+"Medical"
     Title A Holistic Methodology for Business Process Management
     Author ['DB Petkoff']
     Venue NA
     Year 1999
     Abstract meaningful reconstruction and correlation of different medical domains or different medical tasks - like  capable of supporting the bid preparation process by applying the concurrent engineering concept  of such a model required the identification of the best practice elements in
     Url https://kluedo.ub.uni-kl.de/frontdoor/index/index/docId/188


     Search term "Best+practice"+OR+"General+guidelines"+"Concurrent+Engineering"+"Medical"
     Title Is the screening of product ideas supported by the NPD process design?
     Author ['KR Jespersen']
     Venue European journal of Innovation management
     Year 2007
     Abstract NPD “best practice” literature generally agrees that the decision criteria and the screening of  Thomas, 1993), quality function deployment (Griffin and Hauser, 1992), concurrent engineering (Koufteros et al  An empirical study of 79 firms from the medical instrument technology
     Url https://www.emerald.com/insight/content/doi/10.1108/14601060710828772/full/html


     Search term "Best+practice"+OR+"General+guidelines"+"Concurrent+Engineering"+"Medical"
     Title Best practices for team-based assistive technology design courses
     Author ['MR Goldberg', 'JL Pearlman']
     Venue Annals of biomedical engineering
     Year 2013
     Abstract Our best practice recommendations emerged from both our literature review and our course  The instructor should allot time for any necessary research on medical conditions and  confidence and competence to tackle design problems, while concurrent engineering and systems
     Url https://link.springer.com/article/10.1007/s10439-013-0798-2


     Search term "Best+practice"+OR+"General+guidelines"+"Concurrent+Engineering"+"Medical"
     Title The role of knowledge-based engineering systems in concurrent engineering
     Author ['JDA Anderson']
     Venue Concurrent Engineering
     Year 1994
     Abstract (eds.), Concurrent Engineering © Chapman &  Less re-work and fewer modifications required due to following best practice, as well  Cylmder heads Forgmg Crankshafts and Plastic tooling layout connectmg rods manifolds Consumer products Replacement Medical pro~thesls
     Url https://link.springer.com/chapter/10.1007/978-94-011-1298-7_11


     Search term "Best+practice"+OR+"General+guidelines"+"Concurrent+Engineering"+"Medical"
     Title The FishbowlTM: Degrees of Engagement in Global Teamwork
     Author ['R Fruchter']
     Venue Workshop of the European Group for Intelligent …
     Year 2006
     Abstract competitive pressures shorten project lead times and use of concurrent engineering in cross  surgeons operate on patients (eg, open heart surgery) and medical students watch  The students learn best practice skills for effective teamwork and cross-disciplinary collaboration as
     Url https://link.springer.com/chapter/10.1007/11888598_24


     Search term "Best+practice"+OR+"General+guidelines"+"Concurrent+Engineering"+"Medical"
     Title Product development best practices and assessment
     Author ['K Crow']
     Venue DRM Associates, 권호, pp13
     Year 2006
     Abstract mization (64) Page 4. © 2006 DRM Associates BEST PRACTICE SOURCES Workshops & Meetings  Early manufacturing involvement & continuing engineering support to resolve issues. Best Practice (10) Extensive planning, scheduling and monitoring of transition activities
     Url https://www.npd-solutions.com/wp-content/uploads/2016/02/PDA-1.pdf


     Search term "Best+practice"+OR+"General+guidelines"+"Concurrent+Engineering"+"Medical"
     Title A computer-aided, total quality approach to manufacturing education in engineering
     Author ['G Bengu', 'W Swart']
     Venue IEEE Transactions on Education
     Year 1996
     Abstract preferably through co-op programs (analogous to the concept of residency in the medical profession)  [6]. The “concurrent engineering” topic contains  that need improvement will be highlighted and electronically linked to a detailed explanation and general guidelines on how
     Url https://ieeexplore.ieee.org/abstract/document/538767/


     Search term "Best+practice"+OR+"General+guidelines"+"Concurrent+Engineering"+"Medical"
     Title Transdisciplinary Engineering for Complex Socio-technical Systems: Proceedings of the 26th ISTE International Conference on Transdisciplinary Engineering …
     Author ['K Hiekata', 'B Moser', 'M Inoue']
     Venue NA
     Year 2019
     Abstract These papers range from the theoretical, conceptual to strongly pragmatic addressing industrial best practice  Aoyama Towards an Air Mobile Stroke Unit for Rapid Medical Response in  System Chien-De Tsai and Ming-Chuan Chiu Part 8. Concurrent Engineering An Integrated
     Url https://books.google.com/books?hl=en&lr=&id=ee-9DwAAQBAJ&oi=fnd&pg=PR1&dq=%22Best+practice%22+OR+%22General+guidelines%22+%22Concurrent+Engineering%22+%22Medical%22&ots=6TZXGqGRUJ&sig=a3cWVoyef3QAD-rruL1hiuBecI4


     Search term "Best+practice"+OR+"General+guidelines"+"Concurrent+Engineering"+"Medical"
     Title A review of traditional project procurement towards integrated practice
     Author ['MNM Nawi', 'FAA Nifa', 'V Ahmed']
     Venue American-Eurasian Journal of …
     Year 2014
     Abstract Re-Engineering the Project Procurement Process Through Concurrent Engineering, PhD Thesis, Loughborough University  Sutter Medical Center Castro Valley: Case Study of an IPD Project AECBytes  A definition of Procurement systems- A guide to Best Practice in Construction
     Url https://go.gale.com/ps/i.do?id=GALE%7CA375288266&sid=googleScholar&v=2.1&it=r&linkaccess=abs&issn=19950748&p=AONE&sw=w


     Search term "Best+practice"+OR+"General+guidelines"+"Concurrent+Engineering"+"Medical"
     Title The VDC scorecard: Formulation and validation
     Author ['C Kam', 'D Senaratna', 'B McKinney']
     Venue Center for Integrated …
     Year 2013
     Abstract Concurrent Engineering (ICE), and the VDC maturity model  from 50% to 75%, best practice ranging from 75% to 90%, and best practice ranging from 90% to 100  over 150 evaluations consisting of 11 facility types, including medical facilities, offices
     Url https://stacks.stanford.edu/file/druid:xd249sp3509/WP135.pdf


     Search term "Best+practice"+OR+"General+guidelines"+"Concurrent+Engineering"+"Medical"
     Title An advanced CMII-based engineering change management framework: the integration of PLM and ERP perspectives
     Author ['WH Wu', 'LC Fang', 'WY Wang', 'MC Yu']
     Venue International Journal of …
     Year 2014
     Abstract Caldwell (2011) stressed an ECM process in which the implementation part of an engineering change (EC) emphasises 'Concurrent Engineering'  The results and overall implementation experiences are valuable and can provide guidance for best practice for other industries
     Url https://www.tandfonline.com/doi/abs/10.1080/00207543.2014.911987


     Search term "Best+practice"+OR+"General+guidelines"+"Concurrent+Engineering"+"Medical"
     Title The leading edge in QFD: past, present and future
     Author ['Y Akao', 'GH Mazur']
     Venue International journal of quality & reliability …
     Year 2003
     Abstract to the level below their certificate, thus assuring better dissemination of best practice QFD  as well as traditional industries such as automobiles, electronics, and medical equipment  term “development management” as early as 1994 to urge that concurrent engineering and similar
     Url https://www.emerald.com/insight/content/doi/10.1108/02656710310453791/full/html


     Search term "Best+practice"+OR+"General+guidelines"+"Concurrent+Engineering"+"Medical"
     Title Effective communication in innovation processes
     Author ['R Beckett', 'P Hyland']
     Venue NA
     Year 2009
     Abstract In the concurrent engineering scenario, the next runner does not start from a standstill at each baton  Case B. Is an association of industry R&D managers focused on sharing best practice  To them, what had been provided at this point was the equivalent of a medical CAT scan
     Url https://eprints.qut.edu.au/27155/


     Search term "Best+practice"+OR+"General+guidelines"+"Concurrent+Engineering"+"Medical"
     Title Promoting active learning with cases and instructional modules
     Author ['LG Richards', 'M Gorman', 'WT Scherer']
     Venue Journal of …
     Year 1995
     Abstract study often includes an “ideal” or “bench- mark” solution; it identifies or illustrates best practice  in the organization adjust to integrated product development and the concurrent engineering process  design of a driving simu- lator, and development of a medical decision support
     Url https://onlinelibrary.wiley.com/doi/abs/10.1002/j.2168-9830.1995.tb00193.x


     Search term "Best+practice"+OR+"General+guidelines"+"Concurrent+Engineering"+"Medical"
     Title A pragmatic approach for supporting integrated product development
     Author ['U Lindemann', 'R Stetter']
     Venue Journal of Integrated …
     Year 2001
     Abstract Many industrial companies have tried to adopt this or similar methodologies, eg, concurrent engineering  A generally valid best practice for the transfer of integrated product development does  scale, low volume new product development within the UK medical device industry, In
     Url https://content.iospress.com/articles/journal-of-integrated-design-and-process-science/jid5-2-04


     Search term "Best+practice"+OR+"General+guidelines"+"Concurrent+Engineering"+"Medical"
     Title Enabling collaborative product design through distributed engineering knowledge management
     Author ['YJ Chen', 'YM Chen', 'HC Chu']
     Venue Computers in Industry
     Year 2008
     Abstract Second, the system must employ industry's best practice modeling techniques in a  the Knowledge Management System (KMS) Laboratory at Kaoshiung Medical University, Taiwan  [4] DW CockshootEngineering data management for concurrent engineering globally. Computer
     Url https://www.sciencedirect.com/science/article/pii/S0166361507001583


     Search term "Best+practice"+OR+"General+guidelines"+"Concurrent+Engineering"+"Medical"
     Title Product lifecycle management (volume 4): the case studies
     Author ['J Stark']
     Venue NA
     Year 2019
     Abstract including knowledge capture and reuse, knowledge engineering and business intelligence), –Collaborative Technology and Concurrent Engineering, and –Risk  185 I. Donoghue, L. Hannola and J. Papinniemi PLM Strategy for Developing Speci fi c Medical Devices and Lower
     Url https://link.springer.com/content/pdf/10.1007/978-3-030-16134-7.pdf

