Showing papers for search query "Best+practice"+OR+"General+guidelines"+"Concurrent+Engineering"+"Regulated+Environment"

     Search term "Best+practice"+OR+"General+guidelines"+"Concurrent+Engineering"+"Regulated+Environment"
     Title Organizational characteristics in concurrent engineering: Evidence from Brazilian small and medium enterprises in the medical device industry
     Author ['GH de Sousa Mendes']
     Venue … Engineering
     Year 2015
     Abstract Concurrent Engineering  Organizational characteristics in concurrent engineering: Evidence from Brazilian small and medium enterprises in the medical device industry. Glauco Henrique de Sousa Mendes and José Carlos de Toledo. Concurrent Engineering 2015 23:2, 135-144
     Url https://journals.sagepub.com/doi/abs/10.1177/1063293x15569512


     Search term "Best+practice"+OR+"General+guidelines"+"Concurrent+Engineering"+"Regulated+Environment"
     Title Project Management Techniques and Procedures: A comparison of construction contracting and aircraft manufacture
     Author ['MB Bates', 'JL Sturges', 'B Hutchinson']
     Venue … , and 1st Conference of CIB TG
     Year 1999
     Abstract in aviation the work will be done within the more regulated environment of a  post-mortems on completion of projects to allow reflection and consideration of best practice  the gaps between the different functions are less pronounced and concurrent engineering is facilitated by
     Url http://citeseerx.ist.psu.edu/viewdoc/download?doi=10.1.1.196.9623&rep=rep1&type=pdf


     Search term "Best+practice"+OR+"General+guidelines"+"Concurrent+Engineering"+"Regulated+Environment"
     Title HOW OPERATIONAL CAPABILITIES MEDIATE THE RELATIONSHIP BETWEEN ENVIRONMENTAL PRESSURES AND INFORMATION TECHNOLOGY …
     Author ['VC GU', 'JJ HOFFMAN', 'Q CAO']
     Venue Journal of Information …
     Year 2015
     Abstract and Finland). The results of the study provided general guidelines for project teams when conducting software projects. Haried and Ramaurthy [33] found similar results in differing countries with IT outsourcing projects. In addition
     Url http://jitm.ubalt.edu/XXVI-2/article1.pdf


     Search term "Best+practice"+OR+"General+guidelines"+"Concurrent+Engineering"+"Regulated+Environment"
     Title Software risk management: an exploration of software life cycle methodologies, best practices and tools for their application to medical device software risk …
     Author ['TS Samra']
     Venue NA
     Year 2012
     Abstract Thus it is difficult to characterize what currently constitutes best practices. It is also difficult to know how much “current” practice deviates from “best” practice without benchmarks to assess where gaps exist or performance could be improved. Of
     Url http://search.proquest.com/openview/a1c60558addc31550a8086f7feea84e9/1?pq-origsite=gscholar&cbl=18750&diss=y


     Search term "Best+practice"+OR+"General+guidelines"+"Concurrent+Engineering"+"Regulated+Environment"
     Title PLM Industry Summary
     Author ['C Bennett']
     Venue NA
     Year 2011
     Abstract Since its founding more than 25 years ago, CIMdata has delivered world-class knowledge, expertise, and best-practice methods on PLM solutions  CIMdata provides world-class knowledge, expertise, and best- practice methods on PLM
     Url https://www.cimdata.com/newsletter/2011/9/documents/Mar11CIS04.pdf


     Search term "Best+practice"+OR+"General+guidelines"+"Concurrent+Engineering"+"Regulated+Environment"
     Title Integrated Design and Construction-Single Responsibility: A Code of Practice
     Author ['C Harding']
     Venue NA
     Year 2015
     Abstract designed for use by experienced construction professionals, familiar and proficient with traditional design and construction system best practice, this Code of Practice provides both client and constructor with the necessary information to adopt this approach to create well
     Url https://books.google.com/books?hl=fi&lr=&id=pongCAAAQBAJ&oi=fnd&pg=PR7&dq=%22Best+practice%22+OR+%22General+guidelines%22+%22Concurrent+Engineering%22+%22Regulated+Environment%22&ots=uI5ssewYav&sig=bjDL_2QBHCbzsWlpnAi2A_zTMag


     Search term "Best+practice"+OR+"General+guidelines"+"Concurrent+Engineering"+"Regulated+Environment"
     Title Empirical Research to Integrate National Culture in the Design of Lean Systems
     Author ['E Macias de Anda']
     Venue NA
     Year 2018
     Abstract For example, an implementation in Germany was favored by the heavily regulated environment, facilitating the success of Lean at a multinational organization (Friel, 2005); on another end, some implementations in China failed because the practice was
     Url https://trace.tennessee.edu/utk_graddiss/5045/


     Search term "Best+practice"+OR+"General+guidelines"+"Concurrent+Engineering"+"Regulated+Environment"
     Title The process of medical device development: how it represents a challenge to traditional product development methodologies: a thesis presented in partial fulfilment of …
     Author ['PJ Turner']
     Venue NA
     Year 2007
     Abstract sufficient knowledge to prevent costly delays and possible reworks for unforeseen design faults. Marketing complex MD's internationally within this regulated environment requires resources and knowledge beyond the resources
     Url https://mro.massey.ac.nz/handle/10179/10974


     Search term "Best+practice"+OR+"General+guidelines"+"Concurrent+Engineering"+"Regulated+Environment"
     Title Technology transfer and knowledge transfer activities in Italy: a detailed analysis
     Author ['L Escoffier', 'AL Vopa', 'S Loccisano', 'M Puccini', 'P Speser']
     Venue NA
     Year 2011
     Abstract Such programs can be thought of as a technology transfer vari- ant of concurrent engineering  There is no single best practice or set of prac- tices for achieving that  to the impossibility of many universities to steadily hire employees in the current national regulated environment
     Url http://www.win-cls.sakura.ne.jp/pdf/32/16.pdf


     Search term "Best+practice"+OR+"General+guidelines"+"Concurrent+Engineering"+"Regulated+Environment"
     Title Juran's quality planning and analysis: for enterprise quality
     Author ['RCH Chua', 'JA DeFeo']
     Venue NA
     Year 2006
     Abstract [Not Found]
     Url [Not Found]


     Search term "Best+practice"+OR+"General+guidelines"+"Concurrent+Engineering"+"Regulated+Environment"
     Title Managing innovation in healthcare
     Author ['J Barlow']
     Venue NA
     Year 2016
     Abstract Page 1. |NN]WAT||N |N HEALTHEARE James Barlow A. \\? World Scientific Page 2. MANAGING |NNOVATION |N HEALTHCARE Page 3. This page intentionally left blank This page intentionally left blank This page intentionally left blank This page intentionally left blank Page 4
     Url https://books.google.com/books?hl=fi&lr=&id=rEQyDwAAQBAJ&oi=fnd&pg=PR5&dq=%22Best+practice%22+OR+%22General+guidelines%22+%22Concurrent+Engineering%22+%22Regulated+Environment%22&ots=TpBJSKNJz0&sig=cFqKkbjuWtlAAiSXtCOqZlRRt70


     Search term "Best+practice"+OR+"General+guidelines"+"Concurrent+Engineering"+"Regulated+Environment"
     Title A comprehensive approach for medical device development: Incorporating regulations, critical factors and design for X in modeling a conceptual framework
     Author ['LA Medina']
     Venue NA
     Year 2011
     Abstract 185 7.3 DfFDA ..... 186 7.3.1 General Guidelines ..... 187 7.3.2 Product Specific Guidelines ..... 194
     Url https://etda.libraries.psu.edu/catalog/12807


     Search term "Best+practice"+OR+"General+guidelines"+"Concurrent+Engineering"+"Regulated+Environment"
     Title Assessing Cost-Reduction Initiatives in a Changing Defense Acquisition Environment: A Handbook.
     Author ['KW Tyson', 'JR Hiller', 'DE Hunter', 'JR Nelson']
     Venue NA
     Year 1998
     Abstract 111-1 2. Concurrent Engineering ..... n-3  produced in a tightly regulated environment with a carefully controlled acquisition process  It found that the best practice is a mix of traditional DoD and commercial. 17
     Url https://apps.dtic.mil/sti/citations/ADA336265


     Search term "Best+practice"+OR+"General+guidelines"+"Concurrent+Engineering"+"Regulated+Environment"
     Title A systematic approach to defense diversification
     Author ['S Venkatachalam']
     Venue NA
     Year 1994
     Abstract diversifying companies to adopt a systematic approach. A concurrent new product development/product redevelopment model is proposed, based on the principles of concurrent engineering. The model consists of an eight phase  6 1.5 Concurrent Engineering 8
     Url https://digitalcommons.njit.edu/theses/1587/


     Search term "Best+practice"+OR+"General+guidelines"+"Concurrent+Engineering"+"Regulated+Environment"
     Title AUTHOR (S) MARK DRAYSE JAMES RAFFEL
     Author ['O MICHAEL', 'ANNMJ FeLovAN']
     Venue NA
     Year NA
     Abstract Page 1. | |- | Trr||LE Pof Cold War Frontiers: Defense Downsizing and | | Conversion in Los Angeles MICHAEL ODEN with ANN MARKUSEN Joras FeLovAN DAN FLAMING CATHERINE HILL AUTHOR(S) MARK DRAYSE JAMES RAFFEL T | Woko PAPER No. 105 Page 2
     Url https://economicrt.org/wp-content/uploads/1996/01/Post_Cold_War_Frontiers_1996.pdf


     Search term "Best+practice"+OR+"General+guidelines"+"Concurrent+Engineering"+"Regulated+Environment"
     Title Improve: The Next Generation of Continuous Improvement for Knowledge Work
     Author ['G Ellis']
     Venue NA
     Year 2020
     Abstract permissions. This book and the individual contributions contained in it are protected under copyright by the Publisher (other than as may be noted herein). Notices Knowledge and best practice in this field are constantly changing. As
     Url https://books.google.com/books?hl=fi&lr=&id=KSLrDwAAQBAJ&oi=fnd&pg=PR13&dq=%22Best+practice%22+OR+%22General+guidelines%22+%22Concurrent+Engineering%22+%22Regulated+Environment%22&ots=l3Jgy-H7Hs&sig=2s3-Ib9SqArZhVwrMOBo-hA1Hhw


     Search term "Best+practice"+OR+"General+guidelines"+"Concurrent+Engineering"+"Regulated+Environment"
     Title İSTANBUL TECHNICAL UNIVERSITY★ INSTITUTE OF SCIENCE AND TECHNOLOGY
     Author ['S BARAN']
     Venue NA
     Year 2007
     Abstract logistics industry. According to Tan (2001) the evolution of supply chain management continued into the 1990s as organizations further extended best practice in managing corporate resources to include strategic suppliers and the logistics function in the value chain. Supplier
     Url https://core.ac.uk/download/pdf/62739459.pdf

