Showing papers for search query "Best+practice"+OR+"General+guidelines"+"Factory"

     Search term "Best+practice"+OR+"General+guidelines"+"Factory"
     Title Best practice factory for freight transport in Europe: demonstrating how 'good'urban freight cases are improving business profit and public sectors benefits
     Author ['J Leonardi', 'M Browne', 'J Allen', 'S Bohne']
     Venue Procedia-Social and …
     Year 2014
     Abstract The objective of this study is to better understand why selected urban freight solutions represent innovations that are technically feasible, economically profitable in different contexts, sustainable, transferable, and with tangible beneficial impacts. A total of 15
     Url https://www.sciencedirect.com/science/article/pii/S1877042814014967


     Search term "Best+practice"+OR+"General+guidelines"+"Factory"
     Title Industry 4.0: A best practice project of the automotive industry
     Author ['FE Gruber']
     Venue IFIP International Conference on Digital Product and …
     Year 2013
     Abstract How well has it produced? Page 4. Industry 4.0: A Best Practice Project of the Automotive Industry 39 5 Advanced Shop Floor Management Creates the Transparent Factory Measuring and Optimizing the Performance of Manufacturing Plants in Real-Time
     Url https://link.springer.com/chapter/10.1007/978-3-642-41329-2_5


     Search term "Best+practice"+OR+"General+guidelines"+"Factory"
     Title Best practice in the regulation of international labor standards: Lessons of the US-Cambodia textile agreement
     Author ['D Wells']
     Venue Comp. Lab. L. & Pol'y. J.
     Year 2005
     Abstract non-state models of international labor regulation are better mechanisms for promoting such standards, this paper focuses on a "best practice" alternative: the  Prior to the UCTA, the ILO had not done factory monitoring.20 By providing an alternative to private monitoring by firms
     Url https://heinonline.org/hol-cgi-bin/get_pdf.cgi?handle=hein.journals/cllpj27&section=29


     Search term "Best+practice"+OR+"General+guidelines"+"Factory"
     Title Best practice in Australian manufacturing sites
     Author ['N Beaumont']
     Venue Technovation
     Year 2005
     Abstract Operational Best Practice: optimizes operations on the factory floor. The  Table 2. Components of manufacturing Best Practice. Element, Components. Manufacturing strategy, Planning, manufacturing structure, factory operations. Manufacturing
     Url https://www.sciencedirect.com/science/article/pii/S0166497204001543


     Search term "Best+practice"+OR+"General+guidelines"+"Factory"
     Title Do new factories embody best practice technology?
     Author ['RG Gregory', 'DW James']
     Venue The Economic Journal
     Year 1973
     Abstract new factories are faced with the minimum number of constraints-there is no inheritance from the past with which new machines must be integrated-and they should be able to ensure that each item of equipment is best practice.' Furthermore, utilising new factory data places the
     Url https://www.jstor.org/stable/2230845


     Search term "Best+practice"+OR+"General+guidelines"+"Factory"
     Title HRM in support of the learning factory: Evidence from the US and UK automotive components industries
     Author ['H Barton', 'R Delbridge']
     Venue The International Journal of Human …
     Year 2004
     Abstract In addition, we briefly review the relationship between HR practices and the continuous improvement activities that have increasingly come to be associated with manufacturing 'best practice' under the learning factory model
     Url https://www.tandfonline.com/doi/abs/10.1080/0958519032000158545


     Search term "Best+practice"+OR+"General+guidelines"+"Factory"
     Title Do New Factories Embody Best Practice Technology?--A Comment
     Author ['BD Haig']
     Venue The Economic Journal
     Year 1975
     Abstract These results suggest no relationship between labour productivity and size of factory. (3) In his book, Salter provides only a few examples of the difference in labour productivity between best practice factories and the industry average, and these examples may not be
     Url https://www.jstor.org/stable/2231002


     Search term "Best+practice"+OR+"General+guidelines"+"Factory"
     Title Practical industrial data communications: best practice techniques
     Author ['D Reynders', 'S Mackay', 'E Wright']
     Venue NA
     Year 2004
     Abstract Preface The objective of this book is to outline the best practice in designing, installing, commissioning and troubleshooting industrial data communications systems. In any given plant, factory or installation there are a myriad of different industrial communications standards
     Url https://books.google.com/books?hl=ru&lr=&id=hZ-VvrufuyEC&oi=fnd&pg=PP1&dq=%22Best+practice%22+OR+%22General+guidelines%22+%22Factory%22&ots=GrAl7u1aub&sig=1dypxbXfl9c2PCXWj4aW2F9mLtw


     Search term "Best+practice"+OR+"General+guidelines"+"Factory"
     Title Manufacturing best practice and performance studies: a critique
     Author ['AJ Davies', 'AK Kochhar']
     Venue International Journal of Operations & …
     Year 2002
     Abstract Best practice is then identified based on the performance differentials. Several studies, such as best factory award (New and Szwejczewski, 1995), competitive semiconductor manufacturing survey (Benson et al., 1995), global manufacturing futures survey (Miller et al., 1992
     Url https://www.emerald.com/insight/content/doi/10.1108/01443570210417597/full/html


     Search term "Best+practice"+OR+"General+guidelines"+"Factory"
     Title Versioning in Cyber-physical Production System Engineering--Best-Practice and Research Agenda
     Author ['R Mordinyi', 'S Biffl']
     Venue 2015 IEEE/ACM 1st International Workshop …
     Year 2015
     Abstract Based on real- world examples, we discuss (a) the strengths and limitations of best-practice approaches in CPPS engineering and (b) how software engineering contributions can provide the foundation for  on Emerging Technologies and Factory Automation (ETFA'08), 2008
     Url https://ieeexplore.ieee.org/abstract/document/7173943/


     Search term "Best+practice"+OR+"General+guidelines"+"Factory"
     Title 'American Hustling Methods': The Lithgow Small Arms Factory 1912-1922
     Author ['G Patmore']
     Venue Labour History
     Year 1994
     Abstract operators producing rifles. Wright argued that overseas 'best practice' and modern factory organisation outweighed the claims of the ASE and believed that management would win any confrontation with the union. The ASE accepted
     Url https://www.jstor.org/stable/27509274


     Search term "Best+practice"+OR+"General+guidelines"+"Factory"
     Title Creative industry business incubators and managed workspaces: A review of best practice
     Author ['J Montgomery']
     Venue Planning, practice & research
     Year 2007
     Abstract Creative industry business incubators and managed workspaces: A review of best practice. All authors  https://doi.org/10.1080/02697450701770126. Published online: 07 December 2007. Figure 4. The Custard Factory, Birmingham. Display full size
     Url https://www.tandfonline.com/doi/full/10.1080/02697450701770126


     Search term "Best+practice"+OR+"General+guidelines"+"Factory"
     Title Versioning in Cyber-physical Production System Engineering--Best-Practice and Research Agenda
     Author ['R Mordinyi', 'S Biffl']
     Venue 2015 IEEE/ACM 1st International Workshop …
     Year 2015
     Abstract Based on real- world examples, we discuss (a) the strengths and limitations of best-practice approaches in CPPS engineering and (b) how software engineering contributions can provide the foundation for  on Emerging Technologies and Factory Automation (ETFA'08), 2008
     Url https://ieeexplore.ieee.org/abstract/document/7173943/


     Search term "Best+practice"+OR+"General+guidelines"+"Factory"
     Title Recent advances in the empirics of organizational economics
     Author ['N Bloom', 'R Sadun', 'J Van Reenen']
     Venue Annu. Rev. Econ.
     Year 2010
     Abstract These differences are clear even for quite homogeneous goods. An early example is Salter (1960), who studied the British pig iron industry between 1911 and 1926, showing that the best practice factory produced nearly twice as many tons per hour as the average factory
     Url https://www.annualreviews.org/doi/abs/10.1146/annurev.economics.050708.143328


     Search term "Best+practice"+OR+"General+guidelines"+"Factory"
     Title From freight partnerships to city logistics living labs–Giving meaning to the elusive concept of living labs
     Author ['H Quak', 'M Lindholm']
     Venue Transportation …
     Year 2016
     Abstract 125, p. 386–397. doi:10.1016/j.sbspro.2014.01.1482. Best practice factory for freight transport in Europe: demonstrating how 'good' urban freight cases are improving business profit and public sectors benefits Leonardi, J., Browne, M., Allen, J., Bohne, S. and Ruesch, M. 2014
     Url https://westminsterresearch.westminster.ac.uk/item/9vx5y/from-freight-partnerships-to-city-logistics-living-labs-giving-meaning-to-the-elusive-concept-of-living-labs


     Search term "Best+practice"+OR+"General+guidelines"+"Factory"
     Title Design your project organization as engineers design bridges
     Author ['R Levitt', 'J Kunz']
     Venue Dept. of Civ. And Envir. Engrg., Stanford …
     Year 2002
     Abstract The project manager for the Ireland factory start-up reviewed the company's best practice factory start-up template and adjusted the task and organization model to fit local assembly practices, which were different than those of the US
     Url https://gpc.stanford.edu/sites/g/files/sbiybj8226/f/wp031_0.pdf


     Search term "Best+practice"+OR+"General+guidelines"+"Factory"
     Title Intermodal transport and city logistics policies
     Author ['T Nemoto', 'M Browne', 'J Visser', 'J Castro']
     Venue NA
     Year 2006
     Abstract 125, p. 386–397. doi:10.1016/j.sbspro.2014.01.1482. Best practice factory for freight transport in Europe: demonstrating how 'good' urban freight cases are improving business profit and public sectors benefits Leonardi, J., Browne, M., Allen, J., Bohne, S. and Ruesch, M. 2014
     Url https://westminsterresearch.westminster.ac.uk/item/926w0/intermodal-transport-and-city-logistics-policies


     Search term "Best+practice"+OR+"General+guidelines"+"Factory"
     Title BESTUFS good practice guide on urban freight transport
     Author ['J Allen', 'G Thorne', 'M Browne']
     Venue NA
     Year 2007
     Abstract 125, p. 386–397. doi:10.1016/j.sbspro.2014.01.1482. Best practice factory for freight transport in Europe: demonstrating how 'good' urban freight cases are improving business profit and public sectors benefits Leonardi, J., Browne, M., Allen, J., Bohne, S. and Ruesch, M. 2014
     Url https://westminsterresearch.westminster.ac.uk/item/91w49/bestufs-good-practice-guide-on-urban-freight-transport


     Search term "Best+practice"+OR+"General+guidelines"+"Factory"
     Title Using APV (adjusted present value): a better tool for valuing operations.
     Author ['TA Luehrman']
     Venue Harvard business review
     Year 1997
     Abstract For the past 25 years, managers have been taught that the best practice for valuing assets-that is, an existing business, factory, product line, or market position-is to use a discounted-cash-flow (DCF) methodology. That is still true
     Url https://europepmc.org/article/med/10167595


     Search term "Best+practice"+OR+"General+guidelines"+"Factory"
     Title Urban freight consolidation centres
     Author ['M Browne', 'M Sweet', 'AG Woodburn', 'J Allen']
     Venue NA
     Year 2005
     Abstract 125, p. 386–397. doi:10.1016/j.sbspro.2014.01.1482. Best practice factory for freight transport in Europe: demonstrating how 'good' urban freight cases are improving business profit and public sectors benefits Leonardi, J., Browne, M., Allen, J., Bohne, S. and Ruesch, M. 2014
     Url https://westminsterresearch.westminster.ac.uk/item/9286y/urban-freight-consolidation-centres-final-report


     Search term "Best+practice"+OR+"General+guidelines"+"Factory"
     Title Does competition raise productivity through improving management quality?
     Author ['J Van Reenen']
     Venue International journal of industrial organization
     Year 2011
     Abstract homogeneous goods. An early example is Salter (1960) who studied the British pig iron industry between 1911 and 1926. He showed that the best practice factory produced nearly twice as many tons per hour as the average factory
     Url https://www.sciencedirect.com/science/article/pii/S0167718711000208


     Search term "Best+practice"+OR+"General+guidelines"+"Factory"
     Title Developing innovative and more sustainable approaches to reverse logistics for the collection, recycling and disposal of waste products from urban centres …
     Author ['F McLeod', 'A Hickford', 'S Maynard', 'T Cherrett']
     Venue NA
     Year 2008
     Abstract doi:10.1016/j.sbspro.2014.10.005. Best practice factory for freight transport in Europe: demonstrating how 'good' urban freight cases are improving business profit and public sectors benefits Leonardi, J., Browne, M., Allen, J., Bohne, S. and Ruesch, M. 2014
     Url https://westminsterresearch.westminster.ac.uk/item/9170w/developing-innovative-and-more-sustainable-approaches-to-reverse-logistics-for-the-collection-recycling-and-disposal-of-waste-products-from-urban-centres-literature-review-and-identification-of


     Search term "Best+practice"+OR+"General+guidelines"+"Factory"
     Title An Adaptable Model for the Factory Planning Process: Analyzing Data Based Interdependencies
     Author ['S Hawer', 'B Sager', 'H Braun', 'G Reinhart']
     Venue Procedia CIRP
     Year 2017
     Abstract as well as the different classical process models for factory planning use various terms and expressions for the phases, modules and steps addressed. Therefore, the aim of this paper is to develop a reference process, taking into account the best- practice approach from industry
     Url https://www.sciencedirect.com/science/article/pii/S2212827116306217


     Search term "Best+practice"+OR+"General+guidelines"+"Factory"
     Title Current best practice for the health surveillance of enzyme workers in the soap and detergent industry
     Author ['PJ Nicholson', 'AJ Newman Taylor', 'P Oliver']
     Venue Occupational …
     Year 2001
     Abstract asthma occurred in a single UK factory where exposures were not well controlled [6]. That outbreak at a single factory prompted this review and its recommendations for current best practice for the health surveillance of enzyme workers in the soap and detergent industry
     Url https://academic.oup.com/occmed/article-abstract/51/2/81/1404061


     Search term "Best+practice"+OR+"General+guidelines"+"Factory"
     Title The identification of factors affecting change towards best practice in manufacturing organisations
     Author ['B Barker']
     Venue Management Decision
     Year 1998
     Abstract Barker, B. (1998), "The identification of factors affecting change towards best practice in manufacturing organisations", Management Decision, Vol  added to products (low value adding ratios often equating to less than 5 per cent of the total time goods spend in the factory are no
     Url https://www.emerald.com/insight/content/doi/10.1108/00251749810232637/full/html


     Search term "Best+practice"+OR+"General+guidelines"+"Factory"
     Title Review of survey techniques used in urban freight studies
     Author ['J Allen', 'M Browne']
     Venue NA
     Year 2008
     Abstract 125, p. 386–397. doi:10.1016/j.sbspro.2014.01.1482. Best practice factory for freight transport in Europe: demonstrating how 'good' urban freight cases are improving business profit and public sectors benefits Leonardi, J., Browne, M., Allen, J., Bohne, S. and Ruesch, M. 2014
     Url https://westminsterresearch.westminster.ac.uk/item/91111/review-of-survey-techniques-used-in-urban-freight-studies


     Search term "Best+practice"+OR+"General+guidelines"+"Factory"
     Title A framework for considering policies to encourage sustainable urban freight traffic and goods/service flows: summary report
     Author ['J Allen', 'S Anderson', 'M Browne', 'P Jones']
     Venue NA
     Year 2000
     Abstract 125, p. 386–397. doi:10.1016/j.sbspro.2014.01.1482. Best practice factory for freight transport in Europe: demonstrating how 'good' urban freight cases are improving business profit and public sectors benefits Leonardi, J., Browne, M., Allen, J., Bohne, S. and Ruesch, M. 2014
     Url https://westminsterresearch.westminster.ac.uk/item/943z3/a-framework-for-considering-policies-to-encourage-sustainable-urban-freight-traffic-and-goods-service-flows-summary-report


     Search term "Best+practice"+OR+"General+guidelines"+"Factory"
     Title The impact of sustainability policies on urban freight transport and logistics systems
     Author ['M Browne', 'J Allen']
     Venue NA
     Year 1998
     Abstract 125, p. 386–397. doi:10.1016/j.sbspro.2014.01.1482. Best practice factory for freight transport in Europe: demonstrating how 'good' urban freight cases are improving business profit and public sectors benefits Leonardi, J., Browne, M., Allen, J., Bohne, S. and Ruesch, M. 2014
     Url https://westminsterresearch.westminster.ac.uk/item/946qx/the-impact-of-sustainability-policies-on-urban-freight-transport-and-logistics-systems


     Search term "Best+practice"+OR+"General+guidelines"+"Factory"
     Title Overview of home deliveries in the UK
     Author ['M Browne', 'S Anderson', 'J Allen', 'M Jackson']
     Venue NA
     Year 2001
     Abstract 125, p. 386–397. doi:10.1016/j.sbspro.2014.01.1482. Best practice factory for freight transport in Europe: demonstrating how 'good' urban freight cases are improving business profit and public sectors benefits Leonardi, J., Browne, M., Allen, J., Bohne, S. and Ruesch, M. 2014
     Url https://westminsterresearch.westminster.ac.uk/item/93z1x/overview-of-home-deliveries-in-the-uk


     Search term "Best+practice"+OR+"General+guidelines"+"Factory"
     Title Review of UK urban freight studies
     Author ['J Allen', 'M Browne', 'T Cherrett', 'F McLeod']
     Venue NA
     Year 2008
     Abstract 125, p. 386–397. doi:10.1016/j.sbspro.2014.01.1482. Best practice factory for freight transport in Europe: demonstrating how 'good' urban freight cases are improving business profit and public sectors benefits Leonardi, J., Browne, M., Allen, J., Bohne, S. and Ruesch, M. 2014
     Url https://westminsterresearch.westminster.ac.uk/item/91114/review-of-uk-urban-freight-studies


     Search term "Best+practice"+OR+"General+guidelines"+"Factory"
     Title Developing an evaluation framework for innovative urban and interurban freight transport solutions
     Author ['S Balm', 'M Browne', 'J Leonardi']
     Venue Procedia …
     Year 2014
     Abstract doi:10.1016/j.sbspro.2014.10.005. Best practice factory for freight transport in Europe: demonstrating how 'good' urban freight cases are improving business profit and public sectors benefits Leonardi, J., Browne, M., Allen, J., Bohne, S. and Ruesch, M. 2014
     Url https://westminsterresearch.westminster.ac.uk/item/970x9/developing-an-evaluation-framework-for-innovative-urban-and-interurban-freight-transport-solutions


     Search term "Best+practice"+OR+"General+guidelines"+"Factory"
     Title City logistics: the continuing search for sustainable solutions
     Author ['T Whiteing', 'M Browne', 'J Allen']
     Venue NA
     Year 2003
     Abstract 125, p. 386–397. doi:10.1016/j.sbspro.2014.01.1482. Best practice factory for freight transport in Europe: demonstrating how 'good' urban freight cases are improving business profit and public sectors benefits Leonardi, J., Browne, M., Allen, J., Bohne, S. and Ruesch, M. 2014
     Url https://westminsterresearch.westminster.ac.uk/item/939z6/city-logistics-the-continuing-search-for-sustainable-solutions


     Search term "Best+practice"+OR+"General+guidelines"+"Factory"
     Title London low emission zone feasibility study phase II: final report to the London low emission zone steering group
     Author ['P Watkiss', 'J Allen', 'S Anderson', 'S Beevers']
     Venue NA
     Year 2003
     Abstract 125, p. 386–397. doi:10.1016/j.sbspro.2014.01.1482. Best practice factory for freight transport in Europe: demonstrating how 'good' urban freight cases are improving business profit and public sectors benefits Leonardi, J., Browne, M., Allen, J., Bohne, S. and Ruesch, M. 2014
     Url https://westminsterresearch.westminster.ac.uk/item/939yz/london-low-emission-zone-feasibility-study-phase-ii-final-report-to-the-london-low-emission-zone-steering-group


     Search term "Best+practice"+OR+"General+guidelines"+"Factory"
     Title Evaluating the potential for urban consolidation centres
     Author ['M Browne', 'AG Woodburn']
     Venue European …
     Year 2007
     Abstract 125, p. 386–397. doi:10.1016/j.sbspro.2014.01.1482. Best practice factory for freight transport in Europe: demonstrating how 'good' urban freight cases are improving business profit and public sectors benefits Leonardi, J., Browne, M., Allen, J., Bohne, S. and Ruesch, M. 2014
     Url https://westminsterresearch.westminster.ac.uk/item/91v12/evaluating-the-potential-for-urban-consolidation-centres


     Search term "Best+practice"+OR+"General+guidelines"+"Factory"
     Title Progress toward the “factory of the future”
     Author ['SR Rosenthal']
     Venue Journal of Operations Management
     Year 1984
     Abstract The “user” survey was aimed at discrete-part manufacturing organizations that were leaders in adopting factory automation technologies. This survey was designed to address “best practice” at the level of a single strategic business unit and deals with specific automation
     Url https://onlinelibrary.wiley.com/doi/abs/10.1016/0272-6963(84)90012-3


     Search term "Best+practice"+OR+"General+guidelines"+"Factory"
     Title Maximizing your IE value
     Author ['S Rusiniak']
     Venue IIE solutions
     Year 1996
     Abstract industrial engineering skills into the purchasing function to facilitate the creation of best practice and supplier development programs. This is in sharp contrast to practices in the past when the average IE was required to perform only within the confines of a factory, with much of
     Url https://go.gale.com/ps/i.do?id=GALE%7CA18473633&sid=googleScholar&v=2.1&it=r&linkaccess=abs&issn=10851259&p=AONE&sw=w


     Search term "Best+practice"+OR+"General+guidelines"+"Factory"
     Title Strategies to reduce the use of energy by road freight transport in cities
     Author ['M Browne', 'J Allen']
     Venue Transport Logistics
     Year 1998
     Abstract 125, p. 386–397. doi:10.1016/j.sbspro.2014.01.1482. Best practice factory for freight transport in Europe: demonstrating how 'good' urban freight cases are improving business profit and public sectors benefits Leonardi, J., Browne, M., Allen, J., Bohne, S. and Ruesch, M. 2014
     Url https://westminsterresearch.westminster.ac.uk/item/946qq/strategies-to-reduce-the-use-of-energy-by-road-freight-transport-in-cities


     Search term "Best+practice"+OR+"General+guidelines"+"Factory"
     Title The logistics of food
     Author ['M Browne', 'J Allen']
     Venue NA
     Year 1998
     Abstract 125, p. 386–397. doi:10.1016/j.sbspro.2014.01.1482. Best practice factory for freight transport in Europe: demonstrating how 'good' urban freight cases are improving business profit and public sectors benefits Leonardi, J., Browne, M., Allen, J., Bohne, S. and Ruesch, M. 2014
     Url https://westminsterresearch.westminster.ac.uk/item/946v1/the-logistics-of-food


     Search term "Best+practice"+OR+"General+guidelines"+"Factory"
     Title Paradigms of manufacturing strategy re‐visited
     Author ['CA Voss']
     Venue International Journal of Operations & Production …
     Year 2005
     Abstract reviewed and it was concluded that three paradigms had emerged: competing through manufacturing; strategic choices in manufacturing, and best practice  and Wheelwright (1984) who looked at networks of plants, the dominant view was that we competed through the factory
     Url https://www.emerald.com/insight/content/doi/10.1108/01443570510633620/full/html?queryID=7%2F5407271


     Search term "Best+practice"+OR+"General+guidelines"+"Factory"
     Title Freight Quality Partnerships in the UK: an analysis of their work and achievements
     Author ['J Allen', 'M Browne', 'M Piotrowska', 'AG Woodburn']
     Venue NA
     Year 2010
     Abstract https://doi.org/10.1016/j.sbspro.2014.01.1482. Best practice factory for freight transport in Europe: demonstrating how 'good' urban freight cases are improving business profit and public sectors benefits Leonardi, J., Browne, M., Allen, J., Bohne, S. and Ruesch, M. 2014
     Url https://westminsterresearch.westminster.ac.uk/item/9045v/freight-quality-partnerships-in-the-uk-an-analysis-of-their-work-and-achievements


     Search term "Best+practice"+OR+"General+guidelines"+"Factory"
     Title The factory of the future
     Author ['K Ridgway', 'CW Clegg', 'DJ Williams']
     Venue Government Office for …
     Year 2013
     Abstract future? What are the main findings of this work? • Which factories are currently regarded, internationally, as examples of best practice and why? • How do views on the Factory of the Future vary between nations? Key comparisons
     Url https://www.academia.edu/download/32210056/Ridgway_et_al_(2013)__FOTF_.pdf


     Search term "Best+practice"+OR+"General+guidelines"+"Factory"
     Title Night-time delivery restrictions: A review
     Author ['M Browne', 'J Allen', 'S Anderson', 'AG Woodburn']
     Venue NA
     Year 2006
     Abstract 125, p. 386–397. doi:10.1016/j.sbspro.2014.01.1482. Best practice factory for freight transport in Europe: demonstrating how 'good' urban freight cases are improving business profit and public sectors benefits Leonardi, J., Browne, M., Allen, J., Bohne, S. and Ruesch, M. 2014
     Url https://westminsterresearch.westminster.ac.uk/item/9243z/night-time-delivery-restrictions-a-review


     Search term "Best+practice"+OR+"General+guidelines"+"Factory"
     Title Comparison of urban freight data collection in European countries
     Author ['AG Woodburn', 'J Allen']
     Venue 11th World …
     Year 2007
     Abstract doi:10.1016/j.sbspro.2014.10.005. Best practice factory for freight transport in Europe: demonstrating how 'good' urban freight cases are improving business profit and public sectors benefits Leonardi, J., Browne, M., Allen, J., Bohne, S. and Ruesch, M. 2014
     Url https://westminsterresearch.westminster.ac.uk/item/920ww/comparison-of-urban-freight-data-collection-in-european-countries


     Search term "Best+practice"+OR+"General+guidelines"+"Factory"
     Title Successful training practice: A manager's guide to personnel development
     Author ['AH Anderson', 'B Towers']
     Venue NA
     Year 1993
     Abstract 3. Benchmarking. 4. describe best practice in particular areas of work staff and the good sense of investing in upgrading their skills can be recognised  managers, technical staff, and factory personnel, and then 27 of the training was at factory production level
     Url https://pdfs.semanticscholar.org/4ef4/4907c4de56188437adc971954a327fe2e958.pdf


     Search term "Best+practice"+OR+"General+guidelines"+"Factory"
     Title The rise and fall of the factory system: technology, firms, and households since the industrial revolution
     Author ['J Mokyr']
     Venue … -Rochester Conference Series on Public Policy
     Year 2001
     Abstract stringency of the competitive environment in which workers operated, and thus increased allocative efficiency and speeded up the adoption of new best-practice techniques. Explanations Why did the factory arise when it did
     Url https://sites.northwestern.edu/jmokyr/files/2016/06/The-Rise-and-Fall-of-the-Factory-System-Nov-2000-1dey3ic.pdf


     Search term "Best+practice"+OR+"General+guidelines"+"Factory"
     Title Assembling work: Remaking factory regimes in Japanese multinationals in Britain
     Author ['T Elger', 'C Smith']
     Venue NA
     Year 2005
     Abstract [Not Found]
     Url [Not Found]


     Search term "Best+practice"+OR+"General+guidelines"+"Factory"
     Title Modelling policy measures and company initiatives for sustainable urban distribution
     Author ['J Allen', 'G Tanner', 'M Browne', 'S Anderson']
     Venue NA
     Year 2003
     Abstract 125, p. 386–397. doi:10.1016/j.sbspro.2014.01.1482. Best practice factory for freight transport in Europe: demonstrating how 'good' urban freight cases are improving business profit and public sectors benefits Leonardi, J., Browne, M., Allen, J., Bohne, S. and Ruesch, M. 2014
     Url https://westminsterresearch.westminster.ac.uk/item/93674/modelling-policy-measures-and-company-initiatives-for-sustainable-urban-distribution


     Search term "Best+practice"+OR+"General+guidelines"+"Factory"
     Title Benchmarking for best practices: Winning through innovative adaptation
     Author ['CE Bogan', 'MJ English']
     Venue NA
     Year 1994
     Abstract Best practice benchmarking, considering the experience of others, is a fundamental approach to managing in today's work world  International Benchmarking 13. Benchmarking in the Public Sector 14. Managing Best Practice Knowledge 15
     Url http://ecsocman.hse.ru/text/19174533/


     Search term "Best+practice"+OR+"General+guidelines"+"Factory"
     Title The impacts of globalisation on international road and rail freight transport activity: past trends and future perspectives
     Author ['AG Woodburn', 'J Allen']
     Venue OECD/ITF …
     Year 2008
     Abstract 125, p. 386–397. doi:10.1016/j.sbspro.2014.01.1482. Best practice factory for freight transport in Europe: demonstrating how 'good' urban freight cases are improving business profit and public sectors benefits Leonardi, J., Browne, M., Allen, J., Bohne, S. and Ruesch, M. 2014
     Url https://westminsterresearch.westminster.ac.uk/item/916vv/the-impacts-of-globalisation-on-international-road-and-rail-freight-transport-activity-past-trends-and-future-perspectives


     Search term "Best+practice"+OR+"General+guidelines"+"Factory"
     Title Analysing energy use in supply chains: the case of fruits & vegetables and furniture
     Author ['M Browne', 'C Rizet', 'J Leonardi', 'J Allen']
     Venue NA
     Year 2008
     Abstract 125, p. 386–397. doi:10.1016/j.sbspro.2014.01.1482. Best practice factory for freight transport in Europe: demonstrating how 'good' urban freight cases are improving business profit and public sectors benefits Leonardi, J., Browne, M., Allen, J., Bohne, S. and Ruesch, M. 2014
     Url https://westminsterresearch.westminster.ac.uk/item/91493/analysing-energy-use-in-supply-chains-the-case-of-fruits-vegetables-and-furniture

