Showing papers for search query "Best+practice"+OR+"General+guidelines"+"Factory"+"PLC"+OR+"FPGA"

     Search term "Best+practice"+OR+"General+guidelines"+"Factory"+"PLC"+OR+"FPGA"
     Title Usability challenges in the design workflow of reusable PLC software for machine and plant automation
     Author ['S Braun', 'M Obermeier']
     Venue … Multi-Conference on …
     Year 2012
     Abstract C. Best practice for hardware mapping An advantage of the proposed structure is the  of machine and plant manufacturing,” in Emerging Technologies and Factory Automation (ETFA  [17] E. Estévez, M. Marcos, and D. Orive, “Automatic generation of PLC automation projects from
     Url https://ieeexplore.ieee.org/abstract/document/6198055/


     Search term "Best+practice"+OR+"General+guidelines"+"Factory"+"PLC"+OR+"FPGA"
     Title Best practice in business excellence
     Author ['J Oakland', 'S Tanner', 'K Gadd']
     Venue Total Quality Management
     Year 2002
     Abstract BEST PRACTICE 1 133  They also undertook a 'clean up, clear up and get organized' exercise on the factory floor, reviewing adequacy of  General guidelines regarding the management of improvement teams are included within the Quality Management System documentation
     Url https://www.tandfonline.com/doi/abs/10.1080/09544120200000008


     Search term "Best+practice"+OR+"General+guidelines"+"Factory"+"PLC"+OR+"FPGA"
     Title Factory Automation and Information Technology Convergence in Complex Manufacturing
     Author ['IS FANa', 'L OSWIN']
     Venue … Technology XXX: Proceedings of the 14th …
     Year 2016
     Abstract bRolls-Royce plc, Derby, DE248BJ, UK Abstract  The technology controlling factory automation, operating technology (OT) is closely linked to Industrie 4.0 concept  Support of office IT has a more defined system with best practice frameworks and skills standards
     Url https://books.google.com/books?hl=ru&lr=&id=AhjpDAAAQBAJ&oi=fnd&pg=PA331&dq=%22Best+practice%22+OR+%22General+guidelines%22+%22Factory%22+%22PLC%22+OR+%22FPGA%22&ots=E4fXf0woOC&sig=2yPc4smyb_9MM6HoovAuGBjKUGE


     Search term "Best+practice"+OR+"General+guidelines"+"Factory"+"PLC"+OR+"FPGA"
     Title How object-oriented design principles enhance the development of complex automation programs-A Best Practice Paper on how to develop service-interlaces for …
     Author ['A Stutz', 'M Maurmaier']
     Venue 2018 IEEE 14th International …
     Year 2018
     Abstract complex automation programs – A Best Practice Paper on how to  SIMATIC TIA Portal as one example of a widely used IEC 61131-3 based PLC programming tool  Approach on the IEC 61131 Standard”, IEEE 15th Conference on Emerging T echnologies & Factory Aut omation
     Url https://ieeexplore.ieee.org/abstract/document/8560397/


     Search term "Best+practice"+OR+"General+guidelines"+"Factory"+"PLC"+OR+"FPGA"
     Title People management: where is the evidence of best practice? Part I
     Author ['A Hamzah', 'M Zairi']
     Venue Training for Quality
     Year 1996
     Abstract from the analysis of primary and secondary data; these are supported by references to best practice examples  It is based in Leeds with 850 factory employees and 38 production lines  Uncertainty about the direction of the organization (in this case, whether to be a plc) made the
     Url https://www.emerald.com/insight/content/doi/10.1108/09684879610122214/full/html


     Search term "Best+practice"+OR+"General+guidelines"+"Factory"+"PLC"+OR+"FPGA"
     Title The four stages of retail: grocery sector survey
     Author ['M Browne', 'J Allen']
     Venue Logistics Europe
     Year 1997
     Abstract Publisher, Centaur Media PLC. Publication dates  Best practice factory for freight transport in Europe: demonstrating how 'good' urban freight cases are improving business profit and public sectors benefits Leonardi, J., Browne, M., Allen, J., Bohne, S. and Ruesch, M. 2014
     Url https://westminsterresearch.westminster.ac.uk/item/94755/the-four-stages-of-retail-grocery-sector-survey


     Search term "Best+practice"+OR+"General+guidelines"+"Factory"+"PLC"+OR+"FPGA"
     Title Implementing an Energy Management System in a Learning Factory–A Project-Based Learning Approach
     Author ['M Zarte', 'A Pechmann']
     Venue Procedia Manufacturing
     Year 2020
     Abstract The author presents several general guidelines for PBL, which are used to describe the  The PBL approach supported by the learning factory offers a high potential for  and Definition of Learning Factories,” in Learning Factories: Concepts, Guidelines, Best-Practice Examples, E
     Url https://www.sciencedirect.com/science/article/pii/S2351978920311100


     Search term "Best+practice"+OR+"General+guidelines"+"Factory"+"PLC"+OR+"FPGA"
     Title DEBATE: FROM KNOBS AND DIALS TO HEARTS AND MINDS?
     Author ['S Steedman']
     Venue … and Human Factors 2013: Proceedings of the …
     Year 2013
     Abstract behaviours in the workplace from the board- room to the office or factory floor  a number of experts considering how human factors are already incorporated into best practice standards and  Rob Miles, Offshore Safety Division, HSE –Dr Roland Barge, Rolls Royce PLC –Dr Miles
     Url https://books.google.com/books?hl=ru&lr=&id=ZdTKBQAAQBAJ&oi=fnd&pg=PA140&dq=%22Best+practice%22+OR+%22General+guidelines%22+%22Factory%22+%22PLC%22+OR+%22FPGA%22&ots=PfUhXUitBh&sig=7uobP8ImyinqWAXEoLrCNjvQlC8


     Search term "Best+practice"+OR+"General+guidelines"+"Factory"+"PLC"+OR+"FPGA"
     Title Process Chain Optimization in a Smart Factory
     Author ['M Regard']
     Venue NA
     Year 2018
     Abstract in a Smart Factory MIKAEL REGARD  These PLC units communicate with each other on a minimal level  "Best practice” is that every piece of code in the PLC should be run all the time. The error handling at each workstation causes confusions among the operators
     Url https://www.diva-portal.org/smash/record.jsf?pid=diva2:1232904


     Search term "Best+practice"+OR+"General+guidelines"+"Factory"+"PLC"+OR+"FPGA"
     Title New Approach for Digital Factory Using Virtual Reality Technology
     Author ['F Bellalouna']
     Venue Procedia CIRP
     Year 2020
     Abstract Furthermore, the digital factory approach can be used to standardize the best practice production and logistics  rough outline for the integration of different management cycle processes (eg PLC, PLM) to achieve more efficiency and flexibility while the factory planning process
     Url https://www.sciencedirect.com/science/article/pii/S2212827120305527


     Search term "Best+practice"+OR+"General+guidelines"+"Factory"+"PLC"+OR+"FPGA"
     Title Corporate Governance Mechanisms: The Determinants of Listed Firm Performance in Nigeria
     Author ['AODZB Ghazali']
     Venue Corporate Governance
     Year 2016
     Abstract Uderofson garment factory Plc  and the relocation of some company corporate headquarters to neighbouring countries like Dunlop Nigerian Plc to Ghana  the government drive to harmonized the national code of corporate governance with international best practice in consonce
     Url https://core.ac.uk/download/pdf/234631343.pdf


     Search term "Best+practice"+OR+"General+guidelines"+"Factory"+"PLC"+OR+"FPGA"
     Title Designing the factory of the future
     Author ['K Ridgway', 'C Cerulli', 'M Davis']
     Venue … on Applied Human …
     Year 2008
     Abstract Hill, Peter R&T Cost Engineering / Rolls-Royce plc / PO Box 31 / Derby / DE24 8BJ UK E  in which research, design and manufacturing can interact, to showcase methods of best practice and to  Essentially, the AMRC's output is knowledge; the factory does not conduct full-scale
     Url https://www.researchgate.net/profile/Matthew_Davis10/publication/280153802_Designing_the_Factory_of_the_Future/links/5b44ba430f7e9b1c7220de78/Designing-the-Factory-of-the-Future.pdf


     Search term "Best+practice"+OR+"General+guidelines"+"Factory"+"PLC"+OR+"FPGA"
     Title If you ask me
     Author ['J Madigan', 'G Fry']
     Venue Manufacturing Engineer
     Year 2007
     Abstract Ultimately we see this as a positive thing for engineers, the profession, the companies they join, and for UK plc where the sharing of best practice, new skills and  looking at a major financial services organisation's back-office processing as you might look at a factory
     Url https://digital-library.theiet.org/content/journals/10.1049/me_20070402?crawler=true


     Search term "Best+practice"+OR+"General+guidelines"+"Factory"+"PLC"+OR+"FPGA"
     Title A digital twin based industrial automation and control system security architecture
     Author ['C Gehrmann', 'M Gunnarsson']
     Venue IEEE Transactions on Industrial …
     Year 2019
     Abstract that the industry nowadays takes security issues seriously is the development of best practice security guidelines  with a proof-of-concept implementation de- tecting a man-in-the-middle PLC attack  twin can protect IACS from external attacks and not attacks on the factory domain
     Url https://ieeexplore.ieee.org/abstract/document/8822494/


     Search term "Best+practice"+OR+"General+guidelines"+"Factory"+"PLC"+OR+"FPGA"
     Title The PLC is dead, long live the PAC!
     Author ['R Piggin']
     Venue Assembly Automation
     Year 2008
     Abstract fieldbus definition clearly originated from the process industry, but did equally apply to factory or discrete  Turning to PLC languages, modular code has become very popular  now providing modular code with devices, end-users are also making use of best practice “snippets” of
     Url https://www.emerald.com/insight/content/doi/10.1108/aa.2008.03328aaa.002/full/html


     Search term "Best+practice"+OR+"General+guidelines"+"Factory"+"PLC"+OR+"FPGA"
     Title Beyond the'Global Factory'model: innovative capabilities for upgrading China's IT industry
     Author ['D Ernst']
     Venue International Journal of Technology and …
     Year 2007
     Abstract Both are examples of 'early PLC stage' industries  Entry barriers are extremely high, as design costs at the 90 nanometre technology (the current best-practice) can be as high as $20–30 million  'Modular' production has played an important role for China's 'global factory' model
     Url https://www.inderscienceonline.com/doi/abs/10.1504/IJTG.2007.015459


     Search term "Best+practice"+OR+"General+guidelines"+"Factory"+"PLC"+OR+"FPGA"
     Title Getting to know Garnalex
     Author ['N Bloxsome']
     Venue Aluminium International Today
     Year 2020
     Abstract for founding and selling two leading PVC-U window systems companies, Eurocell Plc and Liniar  While best practice lean manufacturing calls for Single Minute Exchange of Dies, Garnalex' tool changes are  A series of videos give a virtual tour of the factory and show the benefits
     Url http://search.proquest.com/openview/eba23a556d1b84a78b4cf2df625d6008/1?pq-origsite=gscholar&cbl=1056345


     Search term "Best+practice"+OR+"General+guidelines"+"Factory"+"PLC"+OR+"FPGA"
     Title Wastewater Treatment and Emerging Wastewater Contaminants in Developing Countries
     Author ['OJ Opata']
     Venue NA
     Year 2015
     Abstract in the Stream Effluent, the Treated Effluent and the Rubber Factory Effluent. This justifies the stages of operation. Thus, the effluent treatment technology applied by Okomu Palm Oil Plc meets international Standard and as a result is recommended for global best practice
     Url http://scholar.uwindsor.ca/cgi/viewcontent.cgi?article=1015&context=icei2015


     Search term "Best+practice"+OR+"General+guidelines"+"Factory"+"PLC"+OR+"FPGA"
     Title Factory 2000 plus
     Author ['J Parnaby']
     Venue International journal of manufacturing …
     Year 2002
     Abstract Managing Director-Lucas Applied Technology Sector and Group Director-Technology, Lucas Industries plc  open to new ideas best practice process design and team training  Improvements in factory-based company organization will facilitate emphasis on much more rapid
     Url https://www.inderscienceonline.com/doi/abs/10.1504/IJMTM.2002.001442


     Search term "Best+practice"+OR+"General+guidelines"+"Factory"+"PLC"+OR+"FPGA"
     Title Data processing method and system
     Author ['PH Riley', 'NR Milton']
     Venue US Patent 6,633,788
     Year 2003
     Abstract to ROLLS-ROYCE PLC, A BRITISH COMPANY reassignment ROLLS-ROYCE PLC, A BRITISH  Y02P90/26—Total factory control, eg smart factories, flexible manufacturing systems [FMS] or  descriptions, may also be derived from existing, preferably best practice, procedures for
     Url https://patents.google.com/patent/US6633788B1/en


     Search term "Best+practice"+OR+"General+guidelines"+"Factory"+"PLC"+OR+"FPGA"
     Title Protecting Industry 4.0: challenges and solutions as IT, OT and IP converge
     Author ['I Heritage']
     Venue Network Security
     Year 2019
     Abstract It's a unique challenge that will demand a response combining best practice security controls, end user education  personal data, or pivot from the IT into the OT network to sabotage factory processes  seen malicious code designed to spread from HMI to HMI or from PLC to PLC
     Url https://www.sciencedirect.com/science/article/pii/S1353485819301205


     Search term "Best+practice"+OR+"General+guidelines"+"Factory"+"PLC"+OR+"FPGA"
     Title NAME: MALCOLM ANDREW ROBINSON MCIPS
     Author ['S BUYER']
     Venue NA
     Year NA
     Abstract [Not Found]
     Url [Not Found]


     Search term "Best+practice"+OR+"General+guidelines"+"Factory"+"PLC"+OR+"FPGA"
     Title Diagnostics of the Machines and Devices Based on the SIMATIC ProDiag
     Author ['M Kopcek', 'M Fackova']
     Venue Computer Science On-line Conference
     Year 2020
     Abstract 5 Testing of Model. The performed tests were documented in test forms, which structure is derived from the best practice guides for factory acceptance testing widely used within the validation phase of the process control systems life cycle [2, 3]  8. Fig. 8. PLC code display
     Url https://link.springer.com/chapter/10.1007/978-3-030-51974-2_53


     Search term "Best+practice"+OR+"General+guidelines"+"Factory"+"PLC"+OR+"FPGA"
     Title Usage of multicore in automation
     Author ['KT Hansen']
     Venue 2010 IEEE International Symposium on Industrial …
     Year 2010
     Abstract article discusses the emerging trend of multicore usage in Industrial Informatics and Factory Automation  To create guidelines to best practice for writing and modifying C/C++ code for multicore  In industrial context also the PLC programming language IEC 61131-3 and variants of
     Url https://ieeexplore.ieee.org/abstract/document/5637438/


     Search term "Best+practice"+OR+"General+guidelines"+"Factory"+"PLC"+OR+"FPGA"
     Title OPERATOR INTERFACE
     Author ['JM Wreyford']
     Venue Proceedings of the Industrial …
     Year 1996
     Abstract [Not Found]
     Url [Not Found]


     Search term "Best+practice"+OR+"General+guidelines"+"Factory"+"PLC"+OR+"FPGA"
     Title Rainwater and Greywater Recycling in Buildings: Decision Making for Water Conservation
     Author ['DJ Leggett']
     Venue NA
     Year 2001
     Abstract [Not Found]
     Url [Not Found]


     Search term "Best+practice"+OR+"General+guidelines"+"Factory"+"PLC"+OR+"FPGA"
     Title The main factors determining effective operation in case of a family business
     Author ['J Tobak', 'A Nagy', 'K Pető', 'V Fenyves']
     Venue International Journal of …
     Year 2018
     Abstract their proportion is smaller in the financial sector (Westhead et al., 2001; Barclays Bank PLC, 2002; Peters  The “Best Practice” model  Knowledge, Physical resource (position, factory/plant, facilities, equipment, technology, raw materials and machines): Where do you acquire the
     Url https://www.emerald.com/insight/content/doi/10.1108/IJEBR-04-2018-0203/full/html


     Search term "Best+practice"+OR+"General+guidelines"+"Factory"+"PLC"+OR+"FPGA"
     Title Promoting systemic change through the integration of professional learning community practices with Glasser quality schools
     Author ['N Terri Christiansen PhD']
     Venue International Journal of Choice …
     Year 2015
     Abstract Although the concept of professional learning community (PLC) has taken  values and goals; collaborative teams focused on student learning; collective inquiry into best practice and current  In the late nineteenth and early twentieth centuries, the factory model was prevalent and
     Url http://search.proquest.com/openview/63631fd6cd5d70a537383dbfac37e2c3/1?pq-origsite=gscholar&cbl=1046401


     Search term "Best+practice"+OR+"General+guidelines"+"Factory"+"PLC"+OR+"FPGA"
     Title Üldkulumaterjalide varude prognoosimine ABB AS komplektalajaamade tehase näitel
     Author ['I Potter']
     Venue NA
     Year 2016
     Abstract the author carries out statistical analysis for Kanban materials and examines used in PLC ABB Compact Secondary Substations Factory qualitative forecasting  Based on the theoretical background, the best practice and the conducted research the author of the thesis
     Url http://eprints.tktk.ee/1924/


     Search term "Best+practice"+OR+"General+guidelines"+"Factory"+"PLC"+OR+"FPGA"
     Title A review of strategies to decrease GHG emissions from food transportation from factory to retailer
     Author ['S Estrada-Flores']
     Venue NA
     Year NA
     Abstract at different stages of the factory-to-fork supply chain, initiated by manufacturers, retailers and logistics providers  Tesco stocks approximately 3,000 local lines (Tesco PLC, 2009)  Part of the research presented in this article was drawn from the report “Best Practice
     Url http://www.academia.edu/download/48296925/A_review_of_strategies_to_decrease_GHG_e20160824-4175-1b0tz29.pdf


     Search term "Best+practice"+OR+"General+guidelines"+"Factory"+"PLC"+OR+"FPGA"
     Title Interactive system and method for displaying support and support-related processes
     Author ['P Connington']
     Venue US Patent App. 12/003,643
     Year 2009
     Abstract en 2008-04-18 Assigned to BAE SYSTEMS PLC reassignment BAE SYSTEMS PLC ASSIGNMENT OF  concept to disposal, and during the in-service phase, from fox-hole to factory  modeling software tool 110 is database driven, including a library of best-practice processes for
     Url https://patents.google.com/patent/US20090171719A1/en


     Search term "Best+practice"+OR+"General+guidelines"+"Factory"+"PLC"+OR+"FPGA"
     Title Application of Next-Generation Motor Management Relays Improves System Reliability in Process Industries
     Author ['DB Durocher', 'MR Hussey']
     Venue IEEE Transactions on …
     Year 2018
     Abstract One best practice is to specify factory acceptance test- ing (FAT) of MCCs with networked motor management relays. During the factory test, communication cables and network ad- dresses can be set to ensure functionality as expected prior to installation in the field. If the PLC
     Url https://ieeexplore.ieee.org/abstract/document/8520749/


     Search term "Best+practice"+OR+"General+guidelines"+"Factory"+"PLC"+OR+"FPGA"
     Title Forsmark Nuclear Power Plant, Östhammar, Sweden
     Author ['O ANDERSSON', 'B GRÖNQVIST']
     Venue computerized safety systems at …
     Year 1995
     Abstract The new technology must also conform to existing general guidelines and regulations applicable for safety related equipment  A PLC is a" massproduced" factory maid computer system normally designed for one or more applications
     Url https://inis.iaea.org/collection/NCLCollectionStore/_Public/26/052/26052999.pdf#page=75


     Search term "Best+practice"+OR+"General+guidelines"+"Factory"+"PLC"+OR+"FPGA"
     Title 20 Years of continues improvements in TALUM Smelter
     Author ['Z Cus', 'A Sibila']
     Venue NA
     Year NA
     Abstract [Not Found]
     Url [Not Found]


     Search term "Best+practice"+OR+"General+guidelines"+"Factory"+"PLC"+OR+"FPGA"
     Title An 8-bit 20-MS/s CMOS A/D converter with 50-mW power consumption
     Author ['S Hosotani', 'T Miki', 'A Maeda']
     Venue IEEE Journal of Solid …
     Year 1990
     Abstract Technologies such as SCADA, DCS and PLC, for example, are used in a wide range  default settings that work well in IT environments are incorrect for factory automation, such  Best practice guidelines have been issued regarding the use of firewalls in process control, including
     Url https://ieeexplore.ieee.org/abstract/document/50300/


     Search term "Best+practice"+OR+"General+guidelines"+"Factory"+"PLC"+OR+"FPGA"
     Title Implementation of Machinery Failure Mode and Effect Analysis in Amhara Pipe Factory PLC, Bahir Dar, Ethiopia
     Author ['YM Degu', 'RS Moorthy']
     Venue American Journal of Engineering …
     Year 2014
     Abstract Machinery FMEA should be started early in the design process (best practice) when the equipment and tooling is able to take advantage of design  Owing to the fact that Amhara Pipe Factory PLC is continuous pipe production industry and that the current problems in UPVC pipe
     Url https://www.researchgate.net/profile/Yonas_Degu/publication/331684771_Implementation_of_Machinery_Failure_Mode_and_Effect_Analysis_in_Amhara_Pipe_Factory/links/5c87e3ea45851564fad9b329/Implementation-of-Machinery-Failure-Mode-and-Effect-Analysis-in-Amhara-Pipe-Factory.pdf


     Search term "Best+practice"+OR+"General+guidelines"+"Factory"+"PLC"+OR+"FPGA"
     Title MRO Procurement: Best Practices Framework for Capital Equipment
     Author ['AS Jeeva']
     Venue Contemporary Issues in Mining
     Year 2012
     Abstract Manufacturers who produce the finished product are normally account- able for quality, factory warranty, product guarantee  4.5.4 PLC decline stage Decreasing sales – impact on cost and availability of spare parts  4.6 Proposed procurement framework best practice for MRO
     Url https://link.springer.com/chapter/10.1057/9781137025807_5


     Search term "Best+practice"+OR+"General+guidelines"+"Factory"+"PLC"+OR+"FPGA"
     Title Achieving competitive advantage through knowledge-based engineering
     Author ['S Cooper', 'IS Fan', 'G Li']
     Venue NA
     Year 1999
     Abstract [Not Found]
     Url [Not Found]


     Search term "Best+practice"+OR+"General+guidelines"+"Factory"+"PLC"+OR+"FPGA"
     Title Table o/Contents
     Author ['NS Hasan', 'AZ Shari', 'F Adlan', 'AZ Shari', 'AAA Aziz']
     Venue NA
     Year NA
     Abstract The following topics are dealt with: general guidelines on calibration requirements for  for K562 cells; multiple input/outputs programmable logic controller (PLC) module for  assessment of prolonged standing among workers at manufacturing factory; the development of
     Url https://ieeexplore.ieee.org/abstract/document/7449561/


     Search term "Best+practice"+OR+"General+guidelines"+"Factory"+"PLC"+OR+"FPGA"
     Title Female FTSE Board Report 2017: Women on boards, back on track?
     Author ['S Vinnicombe', 'R Sealy', 'AL Humbert']
     Venue NA
     Year 2017
     Abstract 1 DIAGEO PLC 44.4% 4 1 CFO Beverages Kathy Mikells 1 KINGFISHER PLC 44.4% 4 2 CFO/FD, CEO General Retailers Karen Witts, Véronique Laury- Deroubaix 1 MERLIN ENTERTAINMENTS PLC 44.4% 4 1 CFO Leisure & Hotels Anne-Francoise Nesmes
     Url https://ore.exeter.ac.uk/repository/handle/10871/31430


     Search term "Best+practice"+OR+"General+guidelines"+"Factory"+"PLC"+OR+"FPGA"
     Title Total Integrated Device Operation Network (TIDON)[for cement plant automation]
     Author ['M Voigt', 'FL Smidth']
     Venue IEEE-IAS/PCS 2002 Cement Industry …
     Year 2002
     Abstract We will then choose the component that is most suitable for the project and best practice in the  It was decided not to place any 110s around in the factory, as there already were junction  other signals and new shielded multi-cables were installed from the boxes to the PLC cabinet
     Url https://ieeexplore.ieee.org/abstract/document/1006529/


     Search term "Best+practice"+OR+"General+guidelines"+"Factory"+"PLC"+OR+"FPGA"
     Title Design and implementation of distributed and adaptive control solutions for reconfigurable manufacturing systems
     Author ['A Valente', 'E Carpanzano']
     Venue CIRP Sponsored ICMS …
     Year 2011
     Abstract PLC PLC PLC CPU CPU CPU  design approach has been developed with reference to an industrial case related to a reconfigurable production line for the manufacturing of customized shoes, illustrated in Figure 4. The factory represents the European Best Practice in mass
     Url https://www.researchgate.net/profile/Emanuele_Carpanzano/publication/267425274_Design_and_implementation_of_distributed_and_adaptive_control_solutions_for_Reconfigurable_Manufacturing_Systems/links/54b910b20cf28faced626a7e.pdf


     Search term "Best+practice"+OR+"General+guidelines"+"Factory"+"PLC"+OR+"FPGA"
     Title Experiences of SRF production and cement factory utilization
     Author ['S SCOTTI']
     Venue Gospodarjenje z odpadki-Gzo'11
     Year 2011
     Abstract posvetovanje z mednarodno udeležbo “Gospodarjenje z odpadki” Even in districts where the best practice of DD  In the following, two examples of factory producing RSF for cement kiln co- combustion are  is in operation from 2006 and is managed by Shanks Group plc It treats
     Url http://www.srdit.si/gzo11/zbornikGzO11.pdf#page=54


     Search term "Best+practice"+OR+"General+guidelines"+"Factory"+"PLC"+OR+"FPGA"
     Title Security Concept for a Cloud-based Automation Service
     Author ['M Ehrlich', 'D Lang', 'V Wendt']
     Venue NA
     Year NA
     Abstract virtualized PLC in the cloud is integrated in the research factory 'SmartFactoryOWL' in Lemgo  1 The performance of the virtual PLC should be comparable to a physical PLC regarding throughput  Guideline 2182 [4], as well-known and accepted best practice for industrial systems
     Url https://www.researchgate.net/profile/Marco_Ehrlich2/publication/311774549_Security_Concept_for_a_Cloud-based_Automation_Service/links/59688f3baca2728ca67ae7b9/Security-Concept-for-a-Cloud-based-Automation-Service.pdf


     Search term "Best+practice"+OR+"General+guidelines"+"Factory"+"PLC"+OR+"FPGA"
     Title Best practices learning for agents in a communication system
     Author ['CR Shambaugh', 'RA Sumner', 'MJ Power']
     Venue US Patent …
     Year 2008
     Abstract to claim 22 , wherein the call transaction is a complete call transaction with less than optimal results and the best practice decision steps  US7769622B2 (en) *, 2002-11-27, 2010-08-03, Bt Group Plc, System and method for capturing and publishing insight of contact center users
     Url https://patents.google.com/patent/US7460659B2/en


     Search term "Best+practice"+OR+"General+guidelines"+"Factory"+"PLC"+OR+"FPGA"
     Title Financial Analysis of Primark Stores Ltd. with regard to a Stock Exchange Floatation (IPO)
     Author ['P Eisenberg']
     Venue International Journal of Management
     Year 2019
     Abstract JD SPORTS FASHION PLC 50.16 18.65 2,226,761,680.00 CARD FACTORY PLC 19.50 18.27 1,228,891,319.65 TOPPS TILES PLC  JD SPORTS FASHION PLC 50.16 18.65 2,226,761,680.00 CARD FACTORY PLC 19.50 18.27 1,228,891,319.65 TOPPS TILES PLC
     Url http://www.academia.edu/download/58276427/2019_MERC_Financial_Analysis_of_Primark_Stores_Ltd._with_regard_to_a_Stock_Exchange_Floatation_IPO_public.pdf


     Search term "Best+practice"+OR+"General+guidelines"+"Factory"+"PLC"+OR+"FPGA"
     Title Common practices for integrating industrial agents and low level automation functions
     Author ['P Leitão', 'S Karnouskos', 'L Ribeiro']
     Venue IECON 2017-43rd …
     Year 2017
     Abstract B4 Water meter PLC Control Handling Programs - Start, Stop; Digital I/O read/write  The collected empirical data for three domains, ie, factory automation, power & energy systems  allowed to identify commonalities that posteriorly will support the proposition of a “best practice”
     Url https://ieeexplore.ieee.org/abstract/document/8217164/


     Search term "Best+practice"+OR+"General+guidelines"+"Factory"+"PLC"+OR+"FPGA"
     Title Product-mediated communication through digital object memories in heterogeneous value chains
     Author ['P Stephan', 'G Meixner', 'H Koessling']
     Venue 2010 IEEE …
     Year 2010
     Abstract To summarize first best-practice experiences regarding memory structure and content, a prototype implementation based  a promising way allowing for more efficient and more flexible factory processes  on a very low communication level directly between sensor, PLC and actors
     Url https://ieeexplore.ieee.org/abstract/document/5466974/


     Search term "Best+practice"+OR+"General+guidelines"+"Factory"+"PLC"+OR+"FPGA"
     Title The Future Group/Letters
     Author ['P Lansdell']
     Venue Transactions of the IMF
     Year 2003
     Abstract The plans are to hold seminars and co- ordinate visits to finishing operations which will enable us to share best practice and practical information on finishing activities and processes  April 2004 Seminar. June 2004 Factory visit  ROSE,B MACDERMID PLC
     Url https://www.tandfonline.com/doi/pdf/10.1080/00202967.2003.11871521


     Search term "Best+practice"+OR+"General+guidelines"+"Factory"+"PLC"+OR+"FPGA"
     Title Developing a Control System for Emergency Situations in the Automated Manufacturing Line of Wood Briquettes
     Author ['N Kunicina', 'A Zabasta', 'J Soboleva']
     Venue Solid State Phenomena
     Year 2015
     Abstract no unified safety solutions to all pneumatic systems, only a set of the “best practice” examples exists  The PLC has the PROFIBUS DP interface that can be used as a DP master or  The second case of the factory comprising a number of wood briquette automated production lines
     Url https://www.scientific.net/SSP.220-221.224

