Showing papers for search query "Best+practice"+OR+"General+guidelines"+"Formal+methods"+"Regulated+Environment"

     Search term "Best+practice"+OR+"General+guidelines"+"Formal+methods"+"Regulated+Environment"
     Title Formal Methods
     Author ["G O'Regan"]
     Venue Introduction to Software Quality
     Year 2014
     Abstract There is a strong motivation to use best practice in software engineering in order to produce software adhering to  However, it may be useful in the regulated environment  It is important to investigate ways by which formal methods can be made more usable to software engineers
     Url https://link.springer.com/chapter/10.1007/978-3-319-06106-1_17


     Search term "Best+practice"+OR+"General+guidelines"+"Formal+methods"+"Regulated+Environment"
     Title Application software configuration management testing in a pharmaceutical laboratory automation environment
     Author ['TF Linehan']
     Venue 1988 Conference on Software Maintenance
     Year 1988
     Abstract of implementing ,large ,automation system ,projects, ,we found ,that ,some ,formal methods ,and procedures ,for  The ,FDA has ,published guidelines ,for data ,processing ,issues ,occurring ,in a regulated ,environment  The RSP ,RPMs ,contain ,general guidelines ,for software
     Url https://www.computer.org/csdl/proceedings-article/icsm/1988/00010159/12OmNwHhoWk


     Search term "Best+practice"+OR+"General+guidelines"+"Formal+methods"+"Regulated+Environment"
     Title Integration of the 4+ 1 software safety assurance principles with scrum
     Author ['O Doss', 'T Kelly', 'T Stålhane', 'B Haugset']
     Venue European Conference on …
     Year 2017
     Abstract Our research will focus on investigating best practice evolution of GSN arguments as a  Jonsson [7] describes a mapping between requirements in a regulated environment (EN 50128  important for the developers of the verification procedures (testing, formal methods, etc.) Surely
     Url https://link.springer.com/chapter/10.1007/978-3-319-64218-5_6


     Search term "Best+practice"+OR+"General+guidelines"+"Formal+methods"+"Regulated+Environment"
     Title Managing and measuring social enterprises
     Author ['R Paton']
     Venue NA
     Year 2003
     Abstract and Figures vii Key Words Acknowledgements Preface 1 The Challenge of Social Performance 2 Performance Management As Government Policy 21 3 Taking Measures - Lessons from the Literature 37 4 The Performance of Measurement 5 'Best Practice' Benchmarking - Why
     Url https://books.google.com/books?hl=en&lr=&id=e9vKZhyuAosC&oi=fnd&pg=PP9&dq=%22Best+practice%22+OR+%22General+guidelines%22+%22Formal+methods%22+%22Regulated+Environment%22&ots=-Olb00gUAd&sig=K9_vqR0CmOsmPQJ9ElkTICEm3G4


     Search term "Best+practice"+OR+"General+guidelines"+"Formal+methods"+"Regulated+Environment"
     Title Technical challenges in using object oriented technology in aviation applications
     Author ['KY Hayhurst']
     Venue The 23rd Digital Avionics Systems Conference …
     Year 2004
     Abstract New technologies, however, tend to make their way more slowly into a regulated environment  guidance for ancillary topics such as tools, previously developed software, and formal methods  The commonly suggested best practice is that attributes of an object should be private
     Url https://ieeexplore.ieee.org/abstract/document/1390806/


     Search term "Best+practice"+OR+"General+guidelines"+"Formal+methods"+"Regulated+Environment"
     Title Modeling and Reconfigurating critical Business Processes for the purpose of a Business Continuity Management respecting Security, Risk and Compliance …
     Author ['C Brandt', 'F Hermann', 'JF Groote']
     Venue NA
     Year 2010
     Abstract In the highly regulated environment of banks certain laws, regulations and rules need to be  we will present today's understanding in the banking environment which is best-practice driven  step, we will point out our understanding which is more aligned towards formal methods
     Url https://citeseerx.ist.psu.edu/viewdoc/download?doi=10.1.1.414.3123&rep=rep1&type=pdf


     Search term "Best+practice"+OR+"General+guidelines"+"Formal+methods"+"Regulated+Environment"
     Title Smart contract development: Challenges and opportunities
     Author ['W Zou', 'D Lo', 'PS Kochhar', 'XBD Le', 'X Xia']
     Venue IEEE Transactions …
     Year 2019
     Abstract on Computer and Communications Security (CCS) and International Symposium On Leveraging Applications of Formal Methods, Verification and  an open-source permissioned blockchain platform that is explicitly designed to account for the highly regulated environment of the
     Url https://ieeexplore.ieee.org/abstract/document/8847638/


     Search term "Best+practice"+OR+"General+guidelines"+"Formal+methods"+"Regulated+Environment"
     Title Applicability of usability evaluation techniques to aviation systems
     Author ['M Clamann', 'DB Kaber']
     Venue The international journal of aviation …
     Year 2004
     Abstract In the complex, dynamic, tightly regulated environment of aviation, the chal- lenge of performing a usability evaluation expands considerably in  The certification process consists of numerous general guidelines for designing technologies that are expected to be valid for all types
     Url https://www.tandfonline.com/doi/abs/10.1207/s15327108ijap1404_4


     Search term "Best+practice"+OR+"General+guidelines"+"Formal+methods"+"Regulated+Environment"
     Title Integration of Software Safety Assurance Principles with an Agile Development Method
     Author ['O Doss']
     Venue NA
     Year 2016
     Abstract Therefore we intend to base our approach on extending the existing work of Scrum to address safety case development. Our research will focus on investigating best practice evolution of GSN arguments as a  Compliance with standards and best practice • Acceptance tests
     Url http://etheses.whiterose.ac.uk/15368/


     Search term "Best+practice"+OR+"General+guidelines"+"Formal+methods"+"Regulated+Environment"
     Title Developing a strategic framework to guide the Care Quality Commission's programme of evaluation
     Author ['K Walshe', 'D Phipps']
     Venue London: CQC
     Year 2013
     Abstract Developing a strategic framework to guide. the Care Quality Commission's. programme of evaluation. REPORT. Kieran Walshe and Denham Phipps. January 2013. Executive summary, 1. 1, Introduction Background and context. Analysis of the regulatory model
     Url http://www.precepts.eu/wp-content/uploads/2013/08/cm_011404_item_5_report-regulatory-framework-finalv1-2.doc


     Search term "Best+practice"+OR+"General+guidelines"+"Formal+methods"+"Regulated+Environment"
     Title Improving the quality of business process descriptions of public administrations
     Author ['A Ferrari', 'HF Witschel', 'GO Spagnolo']
     Venue Business Process …
     Year 2018
     Abstract General guidelines from the European Union (EU) are available in the document “How To Write Clearly” (European Commission, 2012), and its  generally aim at showing the effectiveness of a rigorous modelling approach in a human-intensive regulated environment, with the
     Url https://www.emerald.com/insight/content/doi/10.1108/BPMJ-05-2016-0096/full/html


     Search term "Best+practice"+OR+"General+guidelines"+"Formal+methods"+"Regulated+Environment"
     Title Social dimensions of sustainable agriculture: a rationale for social research in ARGOS
     Author ['C Rosin', 'L Hunt', 'J Fairweather', 'H Campbell', 'C McLeod']
     Venue NA
     Year 2004
     Abstract Who designs?, Network of influences. Industry Dynamics Greening food, Two tier greening, Unique NZ dev of organic exporting Sites of action, Parties involved, Scale and politics, Responses to audit requirements, Empowerment of best practice & definitions of sustainability
     Url https://ourarchive.otago.ac.nz/handle/10523/5267


     Search term "Best+practice"+OR+"General+guidelines"+"Formal+methods"+"Regulated+Environment"
     Title From Washington consensus to inclusive growth: The continuing relevance of pro-poor policy alternatives
     Author ['A Saad Filho']
     Venue World Economic and Social Survey
     Year 2010
     Abstract respected field within the discipline and imposed, instead, a rigid adherence to the deductive and formal methods of neoclassical economics which, presumably, could be applied directly to the problems of the poor countries (see Jomo and Fine 2006)
     Url http://www.un.org/en/development/desa/policy/wess/wess_bg_papers/bp_wess2010_filho.pdf


     Search term "Best+practice"+OR+"General+guidelines"+"Formal+methods"+"Regulated+Environment"
     Title A new approach to the development and maintenance of industrial sequence logic
     Author ['P Hopkinson']
     Venue NA
     Year 1998
     Abstract 183 10.3 INDUSTRIAL AUTOMATION TECHNOLOGY ..... 185 10.4 MODEL-BASED AND FORMAL METHODS APPROACHES ..... 185
     Url https://repository.lboro.ac.uk/articles/A_new_approach_to_the_development_and_maintenance_of_industrial_sequence_logic/9520988/1


     Search term "Best+practice"+OR+"General+guidelines"+"Formal+methods"+"Regulated+Environment"
     Title Core values and organizational change: theory and practice
     Author ['J Whiteley', 'A Whiteley']
     Venue NA
     Year 2006
     Abstract Page 1. CORF VALUES ORGANIZATIONAL C |H| AN G |- Theory and practice Alma Whiteley • Jervis Whiteley Page 2. CORE VALUES ORGANIZATIONAL CHANGE º Page 3. This page is intentionally left blank Page 4. Alma Jervis Curtin University NEW JERSEY
     Url https://books.google.com/books?hl=en&lr=&id=cD88DQAAQBAJ&oi=fnd&pg=PR5&dq=%22Best+practice%22+OR+%22General+guidelines%22+%22Formal+methods%22+%22Regulated+Environment%22&ots=AowxUXP6kU&sig=zU-3oEfYVRY0ukqXy3Tf7kS2gYs


     Search term "Best+practice"+OR+"General+guidelines"+"Formal+methods"+"Regulated+Environment"
     Title Editorial for EJEG Volume 14 Issue
     Author ['F Bannister']
     Venue Electronic Journal of e-Learning
     Year 2016
     Abstract Page 1. Editorial for EJEG Volume 14 Issue 1 Frank Bannister In this edition, authors address a wide variety of topics. Though it sometimes feels as if the question of e-government strategy attracts less attention than it used to
     Url http://www.ejeg.com/issue/download.html?idIssue=36


     Search term "Best+practice"+OR+"General+guidelines"+"Formal+methods"+"Regulated+Environment"
     Title The application of a lean software development methodology within the regulated domain of medical device software
     Author ['O Cawley']
     Venue NA
     Year 2013
     Abstract how a lean software development methodology might be applied within the MD domain, this research developed a framework for conceptualising the challenges and opportunities of applying lean/agile philosophies and practices within such a regulated environment
     Url https://www.researchgate.net/profile/Oisin_Cawley/publication/291823790_The_Application_of_a_Lean_Software_Development_Methodology_within_the_Regulated_Domain_of_Medical_Device_Software/links/56a6561308ae6c437c1aeae8.pdf


     Search term "Best+practice"+OR+"General+guidelines"+"Formal+methods"+"Regulated+Environment"
     Title Information security policies in HIPAA and SOX environments in California: An investigation of challenges, design processes, and implementation strategies
     Author ['JA Ohwobete']
     Venue NA
     Year 2009
     Abstract and study, natural phenomena. Among well accepted quantitative methods in the social sciences are survey methods, laboratory experiments, formal methods (eg, econometrics) and numerical methods, including mathematical modeling
     Url http://search.proquest.com/openview/ed9dafed55a1fa9b8396c90025199737/1?pq-origsite=gscholar&cbl=18750&diss=y


     Search term "Best+practice"+OR+"General+guidelines"+"Formal+methods"+"Regulated+Environment"
     Title SOFTWARE RISK MANAGEMENT IN THE SAFETY-CRITICAL MEDICAL DEVICE DOMAIN
     Author ['C Lindholm']
     Venue NA
     Year NA
     Abstract Page 1. Software Risk Management in the Safety-critical Medical Device Domain - Involving a User Perspective Lindholm, Christin 2015 Link to publication Citation for published version (APA): Lindholm, C. (2015). Software
     Url http://portal.research.lu.se/portal/files/5234990/5041801.pdf


     Search term "Best+practice"+OR+"General+guidelines"+"Formal+methods"+"Regulated+Environment"
     Title The role of the South African regulatory authorities in combating money laundering and terrorist financing perpetrated through alternative remittance systems
     Author ['C Nortier']
     Venue NA
     Year 2010
     Abstract Boyle 2003, p.4). In this regard, the use of the word “alternative” may indicate the difference between remitters who operate in the regulated environment and those who operate outside the regulatory boundaries. However, this interpretation differs from that of
     Url https://repository.up.ac.za/handle/2263/27922

