Showing papers for search query "Best+practice"+OR+"General+guidelines"+"DevOps"+"Regulated+Environment"

     Search term "Best+practice"+OR+"General+guidelines"+"DevOps"+"Regulated+Environment"
     Title Next-generation process integration: CMMI and ITIL do devops
     Author ['B Phifer']
     Venue Cutter IT Journal
     Year 2011
     Abstract 8 CUTTER IT JOURNAL CMMI AND ITIL PLAY TOGETHER FOR DEVOPS Devops is concerned with addressing this challenge through better collaboration between development and operations, but how? To begin, we can take a longer look at best practice models such as
     Url http://twinkie.homedns.org/TechDocs/itj1108.pdf#page=28


     Search term "Best+practice"+OR+"General+guidelines"+"DevOps"+"Regulated+Environment"
     Title From agile to continuous development in the healthcare domain: lessons learned
     Author ['W Stocker']
     Venue Proceedings of the 40th International Conference on …
     Year 2018
     Abstract KEYWORDS Agile, Continuous Delivery, DevOps, Software Architecture, Best Practice Sharing, Software  Achieving agile for products that are in a regulated environment is significantly more challenging, due for example to the importance of maintaining the high
     Url https://dl.acm.org/doi/abs/10.1145/3183519.3183552


     Search term "Best+practice"+OR+"General+guidelines"+"DevOps"+"Regulated+Environment"
     Title Metrics to Meet Security & Privacy Requirements with Agile Software Development Methods in a Regulated Environment
     Author ['TJ Wagner', 'TC Ford']
     Venue 2020 International Conference on …
     Year 2020
     Abstract a framework for compliance, complemented by the Defense Acquisition Guidebook which is a searchable best practice guide [19]  two metrics to measure each attribute and discuss how well an agile method, tool, or DevOps can satisfy the regulated environment attribute
     Url https://ieeexplore.ieee.org/abstract/document/9049681/


     Search term "Best+practice"+OR+"General+guidelines"+"DevOps"+"Regulated+Environment"
     Title Guide to Implementing DevSecOps for a System of Systems in Highly Regulated Environments
     Author ['J Morales', 'R Turner', 'S Miller', 'P Capell', 'P Place']
     Venue NA
     Year NA
     Abstract 2 The DSO Concept DSO integrates software development and operational process security activities into the DevOps approach. It focuses on assuring security best practice is enforced at each step. For cyber-physical systems
     Url https://kilthub.cmu.edu/articles/journal%20contribution/Guide_to_Implementing_DevSecOps_for_a_System_of_Systems_in_Highly_Regulated_Environments/12363770/1


     Search term "Best+practice"+OR+"General+guidelines"+"DevOps"+"Regulated+Environment"
     Title Cours d'Anglais Gratuit
     Author ['A NOW']
     Venue NA
     Year 2000
     Abstract Page 1. 09/08/2016 Senior Digital Project Manager https://www.executivesontheweb.com/uk/ job_search/job_details.cfm?id=504824 1/1 HOME | FRANCHISES | RECRUITERS
     Url https://dial.uclouvain.be/memoire/ucl/fr/object/thesis%3A11856/datastream/PDF_04/view


     Search term "Best+practice"+OR+"General+guidelines"+"DevOps"+"Regulated+Environment"
     Title " Soft Skills in Online Job Advertisements: an Analysis of British Online Job Ads for Project Managers and System Engineers
     Author ['N Grandjean', 'S De Cock']
     Venue NA
     Year 2000
     Abstract Page 1. Available at: http://hdl.handle.net/2078.1/thesis:11856 [Downloaded 2019/10/24 at 19:49:21 ] "Soft Skills in Online Job Advertisements : an Analysis of British Online Job Ads for Project Managers and System Engineers" Grandjean, Noémie ABSTRACT
     Url https://dial.uclouvain.be/downloader/downloader.php?pid=thesis%3A11856&datastream=PDF_04


     Search term "Best+practice"+OR+"General+guidelines"+"DevOps"+"Regulated+Environment"
     Title SELECTING PERFORMANCE MEASUREMENT INDICATORS FOR IT RISK MANAGEMENT PROCESS
     Author ['I Tirić Podoreški']
     Venue NA
     Year 2019
     Abstract In other types of organizations, if not supporting strongly regulated environment, IT risk is often not  context of customer experience, value stream and digital transformation, as well as embracing new ways of working such as Lean, Agile and DevOps.[1]
     Url https://zir.nsk.hr/islandora/object/algebra%3A469


     Search term "Best+practice"+OR+"General+guidelines"+"DevOps"+"Regulated+Environment"
     Title The changing roles of the PMO with the introduction of agile ways of working: An exploratory research
     Author ['H Cleto Carneiro']
     Venue NA
     Year 2020
     Abstract The PMO has two main concerns Case Industry Agile method Agile Teams Interviewees Status Case A IT Department of a Financial Group DevOps, Scrum, and Kanban 100 Agile Coach – 1 PMO manager – 1 Project Manager – 1 Included (Agile coach used as a test)
     Url https://repository.tudelft.nl/islandora/object/uuid:df3c2498-c0f1-439f-9cd7-1f3204a3f3a7


     Search term "Best+practice"+OR+"General+guidelines"+"DevOps"+"Regulated+Environment"
     Title Online Coaching Help Explore Tagged Posts Last Seen Blogs
     Author ['MO Day']
     Venue NA
     Year NA
     Abstract Explore coachingreviewsite Tumblr blog with no restrictions, modern design and the best experience | Tumgir.
     Url https://www.tumgir.com/coachingreviewsite


     Search term "Best+practice"+OR+"General+guidelines"+"DevOps"+"Regulated+Environment"
     Title Best Agile Articles of 2017
     Author ['M de la Maza', 'C Silas']
     Venue NA
     Year 2018
     Abstract Pages 253–256 Hadyn Shaugnessy Managing Culture Risk: A Matter of FLOW..... Pages 257–262 Salma El-Shurafa Innovation: Best Practice for Product Leaders
     Url https://www.scrumalliance.org/ScrumRedesignDEVSite/media/ScrumAllianceMedia/Best-Agile-Articles-2017.pdf


     Search term "Best+practice"+OR+"General+guidelines"+"DevOps"+"Regulated+Environment"
     Title Use by banks of cloud computing: An empirical study
     Author ['WK Hon', 'C Millard']
     Venue Queen Mary School of Law Legal Studies …
     Year 2016
     Abstract Page 1. Use by Banks of Cloud Computing QMUL Cloud Legal Project 1 Queen Mary University of London, School of Law Legal Studies Research Paper No. 245/2016 Use by Banks of Cloud Computing: An Empirical Study W Kuan Hon Christopher Millard Page 2
     Url https://papers.ssrn.com/sol3/papers.cfm?abstract_id=2856431


     Search term "Best+practice"+OR+"General+guidelines"+"DevOps"+"Regulated+Environment"
     Title The Delicate Art of Bureaucracy: Digital Transformation with the Monkey, the Razor, and the Sumo Wrestler
     Author ['M Schwartz']
     Venue NA
     Year 2020
     Abstract Although we tend to think that bureaucracy is a disease and there are no magic recipes to change our way of thinking, we can always think of leaving it on the light side of the force.” —Laura Caceres (Colombia), Operations Director, DevOps LATAM Page 4
     Url https://books.google.com/books?hl=en&lr=&id=qUXcDwAAQBAJ&oi=fnd&pg=PT11&dq=%22Best+practice%22+OR+%22General+guidelines%22+%22DevOps%22+%22Regulated+Environment%22&ots=NEF-2fkc4N&sig=9Dx2Bdb0gEQMTBH7OtF_VHxhrZY

