Showing papers for search query "Best+practice"+OR+"General+guidelines"+"Formal+methods"+"Traceability"

     Search term "Best+practice"+OR+"General+guidelines"+"Formal+methods"+"Traceability"
     Title Med-Trace: traceability assessment method for medical device software development
     Author ['V Casey', 'F Mc Caffery']
     Venue NA
     Year 2011
     Abstract for relevant training and the ability to record and leverage best practice with regard  that can pinpoint specific areas for improvement with regard to traceability that will  in The 4th international conference on Leveraging applications of formal methods, verification, and validation
     Url https://ulir.ul.ie/handle/10344/1746


     Search term "Best+practice"+OR+"General+guidelines"+"Formal+methods"+"Traceability"
     Title A framework for supporting the development of verifiably safe medical best practice guideline systems
     Author ['C Guo', 'Z Fu', 'Z Zhang', 'S Ren', 'L Sha']
     Venue Journal of Systems Architecture
     Year 2020
     Abstract this paper is organized as following: we discuss related work focusing on ensuring safety of medical best practice guidance system  present approaches to correlate safety properties specified in verifiable models with runtime code monitors and provide traceability from verifiable
     Url https://www.sciencedirect.com/science/article/pii/S1383762119305004


     Search term "Best+practice"+OR+"General+guidelines"+"Formal+methods"+"Traceability"
     Title Using Metamodeling for Requirements Engineering: A Best-Practice with ADOxx
     Author ['D Karagiannis', 'M Lee']
     Venue 2019 IEEE 27th …
     Year 2019
     Abstract A Best-Practice with ADOxx  [5] RA Buchmann and D. Karagiannis, “Modelling mobile app requirements for semantic traceability”, Requirements Engineering, vol  [12] M. Lee, Formal Methods, Chonbuk National University Press, 이문근저, 정형기법, 전북대학교출판문화원, 년
     Url https://ieeexplore.ieee.org/abstract/document/8920408/


     Search term "Best+practice"+OR+"General+guidelines"+"Formal+methods"+"Traceability"
     Title Requirements engineering: best practice
     Author ['SA Fricker', 'R Grau', 'A Zwingli']
     Venue Requirements Engineering for Digital …
     Year 2015
     Abstract These results imply that best practice would be to utilize the few effective techniques and pragmatically select complementing techniques that suit well the type of software being developed  Aligning requirements with company strategy, for example through explicit traceability [3]
     Url https://link.springer.com/chapter/10.1007/978-3-319-09798-5_2


     Search term "Best+practice"+OR+"General+guidelines"+"Formal+methods"+"Traceability"
     Title Agile methods for open source safety‐critical software
     Author ['K Gary', 'A Enquobahrie', 'L Ibanez']
     Venue Software: Practice …
     Year 2011
     Abstract process requirements, such as documented design, requirements management, and other forms of traceability  Resources (#6) are not in conflict with agile methods; this best practice is software  Formal methods (#2) enhance the safety and reliability of safety‐critical systems 22
     Url https://onlinelibrary.wiley.com/doi/abs/10.1002/spe.1075


     Search term "Best+practice"+OR+"General+guidelines"+"Formal+methods"+"Traceability"
     Title Proposal for Improving the Applicability of Formal Methods in the Functional Safety Base Standard IEC 61508-3
     Author ['BM Sieker']
     Venue NA
     Year 2015
     Abstract 1b Formal methods B.2.2, C.2.4 --- R R HR  3 Backward traceability between the safety requirements and the perceived safety needs C.2.11 R R HR HR  for existing and known methods, techniques and tools that are in use in the in- dustry and are considered best practice
     Url https://digital-library.theiet.org/content/conferences/10.1049/cp.2015.0279


     Search term "Best+practice"+OR+"General+guidelines"+"Formal+methods"+"Traceability"
     Title Specification activities
     Author ['VS Alagar', 'K Periyasamy']
     Venue Specification of Software Systems
     Year 2011
     Abstract a decision has been reached on adopting a formal method to a project, general guidelines be put  A pilot study may also be done to integrate formal methods to understand the steps where  with other members of the team, may develop appropriate tools for traceability and reuse
     Url https://link.springer.com/chapter/10.1007/978-0-85729-277-3_2


     Search term "Best+practice"+OR+"General+guidelines"+"Formal+methods"+"Traceability"
     Title Tracers and traceability: implementing the cirrus parameterisation from LACM in the TOMCAT/SLIMCAT chemistry transport model as an example of the …
     Author ['AM Horseman', 'AR MacKenzie']
     Venue Geoscientific Model …
     Year 2010
     Abstract The development process employed a subset of best-practice software engineering and quality assurance processes, se- lected to be  AM Horseman et al.: Tracers and traceability  As a direct result, design life- cycle and formal methods were developed, aimed at control- ling
     Url https://d-nb.info/1143524055/34


     Search term "Best+practice"+OR+"General+guidelines"+"Formal+methods"+"Traceability"
     Title Managing the Change: Software Configuration and Change Management: Software Best Practice 2
     Author ['M Haug', 'EW Olsen', 'G Cuevas', 'S Rementeria']
     Venue NA
     Year 2012
     Abstract Page 2. Software Best Practice 2 ESSI Practitioners' Reports  Michael Haug Eric W. Olsen Gonzalo Cuevas Santiago Rementeria (Eds.) Managing the Change: Software Configuration and Change Management Software Best Practice 2 With 40 Figures and 14 Tables # Springer
     Url https://books.google.com/books?hl=bg&lr=&id=ggOrCAAAQBAJ&oi=fnd&pg=PA1&dq=%22Best+practice%22+OR+%22General+guidelines%22+%22Formal+methods%22+%22Traceability%22&ots=Pvbe7jTei8&sig=BP80p5ZlthzdL5Jv2ell8c48Dxk


     Search term "Best+practice"+OR+"General+guidelines"+"Formal+methods"+"Traceability"
     Title Programmable Electronic Mining Systems: Best Practice Recommendations (in Nine Parts): Part 3, 2.2 Software Safety
     Author ['EF Fries', 'TJ Fisher', 'CC Jobes']
     Venue NA
     Year 2001
     Abstract PROGRAMMABLE ELECTRONIC MINING SYSTEMS: BEST PRACTICE RECOMMENDATIONS (In Nine Parts) Part 3: 2.2 Software Safety By Edward F. Fries  for the purposes of controlling changes to those components and maintaining continuity and traceability throughout the
     Url https://books.google.com/books?hl=bg&lr=&id=m8fzAAAAMAAJ&oi=fnd&pg=PA1&dq=%22Best+practice%22+OR+%22General+guidelines%22+%22Formal+methods%22+%22Traceability%22&ots=Ux32H5kg7D&sig=X_JbCy3yeqd8A6P-1ZwD6ZmGOuY


     Search term "Best+practice"+OR+"General+guidelines"+"Formal+methods"+"Traceability"
     Title Generic recognition through qualitative reasoning about 3-D shape and object function
     Author ['L Stark', 'K Bowyer']
     Venue … . 1991 IEEE Computer Society Conference on …
     Year 1991
     Abstract to be complete, consistent, and testable and must meet the user's needs with low volatility and 2-way traceability from design  This Best Practice includes the use of structured methods for users to define system requirements (eg, a user interface prototype), formal methods to find
     Url https://www.computer.org/csdl/proceedings-article/cvpr/1991/00139697/12OmNwnYFUw


     Search term "Best+practice"+OR+"General+guidelines"+"Formal+methods"+"Traceability"
     Title Developing safety-critical software: a practical guide for aviation software and DO-178C compliance
     Author ['L Rierson']
     Venue NA
     Year 2017
     Abstract 68 4.4.2 DO-332: Object-Oriented Technology Supplement ..... 69 4.4.3 DO-333: Formal Methods Supplement  131 6.11 Traceability ..... 132 6.11.1 Importance and Benefits of Traceability
     Url https://books.google.com/books?hl=bg&lr=&id=nAlEDwAAQBAJ&oi=fnd&pg=PP1&dq=%22Best+practice%22+OR+%22General+guidelines%22+%22Formal+methods%22+%22Traceability%22&ots=pYSdUb1bNx&sig=CNkyg0rXXqAhHJby0udcIY3Yjv4


     Search term "Best+practice"+OR+"General+guidelines"+"Formal+methods"+"Traceability"
     Title The Melbourne Health E-referral System-Managing and Accommodating Clinically Driven Design
     Author ['S Edie', 'A Napier']
     Venue HIC 2003 RACGP12CC [combined …
     Year 2003
     Abstract by designers and clinicians alike, responsibility for designing using formal methods falls to  to Understand the Entirety of End- User's Needs Thirdly, best practice in the  group and a project management methodology that emphasises clinician input, traceability and accountability
     Url https://search.informit.com.au/documentSummary;dn=936665925116094;res=IELHEA


     Search term "Best+practice"+OR+"General+guidelines"+"Formal+methods"+"Traceability"
     Title Verified Software Systems Roadmap The Certification Perspective
     Author ['J Rushby']
     Venue NA
     Year NA
     Abstract Can institutionalize lessons learned, best practice ◦ eg evolution of DO-178 from A to B to C (in progress)  traceability • So we can be sure that it was this version of the code that  The VSR and Scientific Certification (ctd 2) • Formal methods are the applied math of software and
     Url http://www.csl.sri.com/users/rushby/slides/vsr-roadmap-cert-apr06.pdf


     Search term "Best+practice"+OR+"General+guidelines"+"Formal+methods"+"Traceability"
     Title 9 Modelling Working Group Summary Dan Craigen
     Author ['D Craigen']
     Venue Formal methods in systems engineering
     Year 1993
     Abstract [Not Found]
     Url [Not Found]


     Search term "Best+practice"+OR+"General+guidelines"+"Formal+methods"+"Traceability"
     Title Using object-oriented methods in a system lifecycle process model
     Author ['AEK Sahraoui', 'T Blum']
     Venue ACM SIGSOFT Software Engineering Notes
     Year 2003
     Abstract These formal methods should apply to systems as opposed to just software  The best practice list proposed in FAA-iCMM (version1) will be used as a case study to show the practicability of the approach  derived requirements, allocations, traceability, and requirements status
     Url https://dl.acm.org/doi/abs/10.1145/638750.638785


     Search term "Best+practice"+OR+"General+guidelines"+"Formal+methods"+"Traceability"
     Title Perspectives on software safety case development for unmanned aircraft
     Author ['E Denney', 'G Pai', 'I Habli']
     Venue IEEE/IFIP International Conference …
     Year 2012
     Abstract Conversely, formal reasoning makes use of safety-relevant information which has not itself been derived using formal methods  preva- lence of tabular representations for capturing development artifacts such as requirements, hazard logs, hazard analysis results, traceability, etc
     Url https://ieeexplore.ieee.org/abstract/document/6263939/


     Search term "Best+practice"+OR+"General+guidelines"+"Formal+methods"+"Traceability"
     Title Software engineering best practices applied to the modeling process
     Author ['DH Withers']
     Venue 2000 Winter Simulation Conference Proceedings …
     Year 2000
     Abstract to be complete, consistent, and testable and must meet the user's needs with low volatility and 2-way traceability from design  This Best Practice includes the use of structured methods for users to define system requirements (eg, a user interface prototype), formal methods to find
     Url https://ieeexplore.ieee.org/abstract/document/899749/


     Search term "Best+practice"+OR+"General+guidelines"+"Formal+methods"+"Traceability"
     Title Software engineering methods for safe programmable logic controllers (SEMSPLC)
     Author ['DJ Maisey', 'SJ Clarke']
     Venue Advances in Software Engineering for …
     Year 1993
     Abstract The pragmatic approach has been to distil the current best practice in the PLC world  be necessary to develop language specific coding standards from the general guidelines which have  The theoretical approach would advocate that the use of formal methods provides the most
     Url https://ieeexplore.ieee.org/abstract/document/274595/


     Search term "Best+practice"+OR+"General+guidelines"+"Formal+methods"+"Traceability"
     Title Assessment and certification of safety critical software
     Author ['EM El Koursi', 'G Mariano']
     Venue Proceedings of the 5th Biannual …
     Year 2002
     Abstract criteria are drawn from various sources : standards, state of the art, best practice and experience  the verification of internal and external consistency and the detection of traceability problems [ 13  The Formal methods is a good alternative to improve the quality of software and it
     Url https://ieeexplore.ieee.org/abstract/document/1049420/


     Search term "Best+practice"+OR+"General+guidelines"+"Formal+methods"+"Traceability"
     Title Modelling Working Group Summary
     Author ['D Craigen']
     Venue Formal Methods in Systems Engineering
     Year 1993
     Abstract arose during this discussion was that there is currently no traceability from requirements  good commercial practice" should use modelling ideas-modelling is "best practice" and the  Formal methods are good where there has been considerable experience with the application
     Url https://link.springer.com/chapter/10.1007/978-1-4471-1975-3_9


     Search term "Best+practice"+OR+"General+guidelines"+"Formal+methods"+"Traceability"
     Title Integrating FMEA into Event-B Development of Safety-Critical Control Systems
     Author ['Y Prokhorova', 'E Troubitsyna', 'L Laibinis']
     Venue NA
     Year NA
     Abstract Keywords: Event-B, FMEA, formal methods, safety, safety-critical control systems  Our approach enables elicitation and traceability of the safety requirements that thus potentially enhance  In our approach we define general guidelines for integrating results of FMEA into a formal
     Url https://www.researchgate.net/profile/Yuliya_Prokhorova/publication/46483980_Integrating_FMEA_into_Event-B_Development_of_Safety-Critical_Control_Systems/links/0f317539097db7c844000000/Integrating-FMEA-into-Event-B-Development-of-Safety-Critical-Control-Systems.pdf


     Search term "Best+practice"+OR+"General+guidelines"+"Formal+methods"+"Traceability"
     Title Best practices for developing DO-178 compliant software using Model-Based Design
     Author ['RG Estrada', 'G Sasaki', 'E Dillaber']
     Venue AIAA Infotech@ Aerospace (I@ A) …
     Year 2013
     Abstract There are several aspects to this best practice  Lastly, formal methods tools may be used to automatically create requirements-based tests in certain cases for certain modeling tool chains or to detect design  Requirements traceability is one of the fundamental pillars of DO-178
     Url https://arc.aiaa.org/doi/pdf/10.2514/6.2013-4566


     Search term "Best+practice"+OR+"General+guidelines"+"Formal+methods"+"Traceability"
     Title How to assure correctness and safety of medical software: the hemodialysis machine case study
     Author ['P Arcaini', 'S Bonfanti', 'A Gargantini']
     Venue … , Alloy, B, TLA, VDM, and Z
     Year 2016
     Abstract Both documents establish general guidelines on the use of common software engineering activities  For an example of application of different formal methods to a safety-critical  model, planning procedures and deliverables, establishing how to achieve traceability among system
     Url https://link.springer.com/chapter/10.1007/978-3-319-33600-8_30


     Search term "Best+practice"+OR+"General+guidelines"+"Formal+methods"+"Traceability"
     Title System engineering approach for safety management of complex systems
     Author ['R Guillerm', 'H Demmou', 'N Sadou']
     Venue NA
     Year 2009
     Abstract for the weakness cited above but it focused on the use of formal methods for safety  For example, traceability of safety requirements and Human risk analysis are not consid- ered  production and operation of total systems Figure 2. In System engineering best practice, we have
     Url https://hal.archives-ouvertes.fr/hal-00766139/


     Search term "Best+practice"+OR+"General+guidelines"+"Formal+methods"+"Traceability"
     Title The Practical Application Of Formal Methods To High Integrity Systems
     Author ['P Bradley', 'L Shackleton', 'V Stavridou']
     Venue Directions in Safety-Critical …
     Year 1993
     Abstract This work-stream aims to show how formal methods can be introduced practically into existing best practice  Our approach is to look at the use of formal methods at key points in the  By assessing how we manage issues like complexity and traceability at each phase of the
     Url https://link.springer.com/chapter/10.1007/978-1-4471-2037-7_11


     Search term "Best+practice"+OR+"General+guidelines"+"Formal+methods"+"Traceability"
     Title Goal-oriented requirements enginering: a roundtrip from research to practice [enginering read engineering]
     Author ['A Van Lamsweerde']
     Venue Proceedings. 12th IEEE International …
     Year 2004
     Abstract appreciated feature of our GORE models was their built-in vertical traceability – from strategic  The road from best practice to normal practice is long and has many obstacles  [15] A. van Lamsweerde, “From System Goals to Software Architecture”, in Formal Methods for Software
     Url https://ieeexplore.ieee.org/abstract/document/1335648/


     Search term "Best+practice"+OR+"General+guidelines"+"Formal+methods"+"Traceability"
     Title Best Practice in the Validation of Business Critical Systems
     Author ['C La Niece', 'D Bedford']
     Venue Drug Information Journal
     Year 1993
     Abstract Various techniques can be used and in clude formal methods, which prove that specifications are complete  The third aspect of best practice involves the use of tools for supporting the tech  Figure 4). Test management tools provide specific support in terms of traceability of docu
     Url https://journals.sagepub.com/doi/abs/10.1177/009286159302700209


     Search term "Best+practice"+OR+"General+guidelines"+"Formal+methods"+"Traceability"
     Title From Formal Methods to Executable Code
     Author ['PM Musial']
     Venue NA
     Year 2012
     Abstract From Formal Methods to Executable Code  In designing distributed systems, the best practice today involves a patchwork of specifications, including graphical object  During the development of a system, it becomes difficult to maintain traceability between the specifications and
     Url https://dspace.mit.edu/handle/1721.1/72537


     Search term "Best+practice"+OR+"General+guidelines"+"Formal+methods"+"Traceability"
     Title Safety evaluation of complex system
     Author ['R Guillerm', 'H Demmou', 'N Sadou']
     Venue 2010 IEEE International …
     Year 2010
     Abstract as processes, methods and tools, are the conceptual basis of our approach taken from System engineering best practice  Then a traceability [10] model must be build to ensure the taking into account of  The use of formal methods allows the automation of verification and analysis
     Url https://ieeexplore.ieee.org/abstract/document/5482461/


     Search term "Best+practice"+OR+"General+guidelines"+"Formal+methods"+"Traceability"
     Title An approach to implement IEC 61508 Part 3 norm to SIL3 safety software written in C+
     Author ['E DELIC', 'K LÖSER', 'M SCHREIBER', 'ALI HAYEK']
     Venue NA
     Year NA
     Abstract Key-Words: - SIL3, IEC 61508, safety software, C++, modular approach, forward traceability, safety tests  “best practice” rules defined in the standard will be given for SIL3 software  3.1.1 Structured methods and semi-formal methods The norm states that “Structured methods
     Url http://www.wseas.us/e-library/conferences/2014/Istanbul/FINANCE/FINANCE-05.pdf


     Search term "Best+practice"+OR+"General+guidelines"+"Formal+methods"+"Traceability"
     Title Using Object Oriented Methods in a System Lifecycle Process Model
     Author ['N Sahraoui', 'T Blum', 'AEK Sahraoui']
     Venue IFAC Proceedings Volumes
     Year 1999
     Abstract These formal methods should apply to systems as opposed to just software  The best practice list proposed in FAA-iCMM (versionl) will be used as a case  under change control the system and other requirements, derived requirements, allocations, traceability, and requirements
     Url https://www.sciencedirect.com/science/article/pii/S1474667017574509


     Search term "Best+practice"+OR+"General+guidelines"+"Formal+methods"+"Traceability"
     Title Development of Safety-Critical Control Systems in Event-B Using FMEA
     Author ['Y Prokhorova', 'E Troubitsyna', 'L Laibinis']
     Venue … Concepts for Software …
     Year 2012
     Abstract Application of formal methods, in particular Event-B, helps us to verify the correctness of controlling  Our approach enables elicitation and traceability of the safety requirements that  In our approach we define general guidelines for integrating results of FMEA into a formal Event-B
     Url https://www.igi-global.com/chapter/dependability-computer-engineering/55325


     Search term "Best+practice"+OR+"General+guidelines"+"Formal+methods"+"Traceability"
     Title A systematic methodology for Prognostic and Health Management system architecture definition
     Author ['R Li', 'WJC Verhagen', 'R Curran']
     Venue Reliability Engineering & System Safety
     Year 2020
     Abstract For aircraft, one best practice is to develop the on-board and off-board system together [18]  conducted to demonstrate the consistency, applicability, and compatibility of the PHM architecture through the methods of functions analysis, interfaces analysis, traceability analysis and
     Url https://www.sciencedirect.com/science/article/pii/S0951832018315084


     Search term "Best+practice"+OR+"General+guidelines"+"Formal+methods"+"Traceability"
     Title The Development of a Knowledge Framework Through Innovation Between an SME and a Multinational Corporation
     Author ['F Murray']
     Venue IFIP International Working Conference on the Transfer …
     Year 2006
     Abstract Using CMM, Piercom Limited performed a traceability audit to measure errors  IT infrastructure in database design, third party tools research, and best practice process reviews  Different agile coding practices and formal methods were examined and a "cookbook" developed to
     Url https://link.springer.com/chapter/10.1007/0-387-34410-1_8


     Search term "Best+practice"+OR+"General+guidelines"+"Formal+methods"+"Traceability"
     Title The principles of software safety assurance
     Author ['R Hawkins', 'I Habli', 'T Kelly']
     Venue 31st International System …
     Year 2013
     Abstract though challenges remain here, too: assurance of model validity is difficult to provide, and formal methods do not  desirable therefore for a period of time to adopt activities that are seen to be best practice  Principle 2: The need for traceability in software requirements is universal
     Url https://www-users.cs.york.ac.uk/rhawkins/papers/HawkinsISSC13.pdf


     Search term "Best+practice"+OR+"General+guidelines"+"Formal+methods"+"Traceability"
     Title An analysis of the requirements traceability problem
     Author ['OCZ Gotel', 'CW Finkelstein']
     Venue Proceedings of IEEE International …
     Year 1994
     Abstract entity-relationship models [24]; the Planning and Design Methodology [42]; formal methods [SI; and  The documentation of required information is no guarantee of its traceability  Poor feedback regarding best practice, and little dedicated support (be this clerical, procedural, or
     Url https://ieeexplore.ieee.org/abstract/document/292398/


     Search term "Best+practice"+OR+"General+guidelines"+"Formal+methods"+"Traceability"
     Title Development of practical verification tools
     Author ['DJ King', 'RD Arthan', 'ICL Winnersh']
     Venue ICL Systems Journal
     Year 1996
     Abstract Current best practice for high-assurance security and safety-critical software often requires  One such technique, generally referred to as “formal methods”, involves rigorous mathematical modelling  Thus, in the interests of maintainability and traceability, the source document of
     Url http://www.lemma-one.com/ProofPower/papers/icltj.ps.gz


     Search term "Best+practice"+OR+"General+guidelines"+"Formal+methods"+"Traceability"
     Title Formal and model driven design for biomedical engineering
     Author ['O Faust']
     Venue NA
     Year 2015
     Abstract 20 2.5 Traceability in safety critical systems  Formal methods are used to explore design variations, such as combining multiple functional steps into one process  State of the art best practice design fails to deliver the highest possible levels of safety, reliability and functionality
     Url https://core.ac.uk/download/pdf/96947950.pdf


     Search term "Best+practice"+OR+"General+guidelines"+"Formal+methods"+"Traceability"
     Title Formal Methods and Certification
     Author ['J Rushby']
     Venue Formal Methods Workshop
     Year 2008
     Abstract traceability among these • Works well in fields that are stable or change slowly ◦ Can institutionalize lessons learned, best practice ⋆ eg evolution of DO-178 from A to B to C • But less suitable with novel problems, solutions, methods John Rushby, SR I Formal Methods and
     Url http://www.csl.sri.com/users/rushby/slides/lfmw08.pdf


     Search term "Best+practice"+OR+"General+guidelines"+"Formal+methods"+"Traceability"
     Title The MOD procurement guidance on software safety assurance assessing and understanding software evidence
     Author ['PR Caseley', 'TAD White']
     Venue NA
     Year 2009
     Abstract To list all the methodologies, tools, environments, best practice, research, skills and competencies  The rigour inherent in formal methods means that they can provide evidence for  They can provide unambiguous requirements, superb mathematical traceability, model every state
     Url https://digital-library.theiet.org/content/conferences/10.1049/cp.2009.1547


     Search term "Best+practice"+OR+"General+guidelines"+"Formal+methods"+"Traceability"
     Title Patterns for representing FMEA in formal specification of control systems
     Author ['I Lopatkin', 'A Iliasov', 'A Romanovsky']
     Venue 2011 IEEE 13th …
     Year 2011
     Abstract Another strand of research aims at defining general guidelines for ensuring dependability of  Our methodology facilitates requirements elicitation as well as supports traceability of safety  of International Conference on Software Engineering and Formal Methods SEFM'2004, IEEE
     Url https://ieeexplore.ieee.org/abstract/document/6113886/


     Search term "Best+practice"+OR+"General+guidelines"+"Formal+methods"+"Traceability"
     Title Systemic Assurance
     Author ['W Scherlis', 'J Aldrich', 'TD Breaux', 'D Garlan', 'C Kastner']
     Venue NA
     Year 2015
     Abstract 11 Concepts for Improved Best-Practice Standards  DO-178C, for example, which is used by the FAA and other authorities, potentially supports traceability, model-based techniques, formal methods to complement testing, and
     Url https://apps.dtic.mil/sti/citations/ADA628116


     Search term "Best+practice"+OR+"General+guidelines"+"Formal+methods"+"Traceability"
     Title Contract-based modelling and analysis technologies for Systems-of-Systems
     Author ['S Riddle']
     Venue 2012 7th International Conference on System of …
     Year 2012
     Abstract The topic is new and timely because advances in formal methods and tools are only now  evolution of the SoS, a challenge which requires strong support for requirements traceability  each study, a SoS development problem is addressed fust using current best practice and then
     Url https://ieeexplore.ieee.org/abstract/document/6384109/


     Search term "Best+practice"+OR+"General+guidelines"+"Formal+methods"+"Traceability"
     Title Rulecnl: A controlled natural language for business rule specifications
     Author ['PBF Njonko', 'S Cardey', 'P Greenfield']
     Venue International Workshop on …
     Year 2014
     Abstract ment of the business rule definition with the business vocabulary which ensures traceability and consistency  are hard to use for business people without train- ing in formal methods, but are  are defined informally by sets of guidelines based on experiences of best practice in rule
     Url https://link.springer.com/chapter/10.1007/978-3-319-10223-8_7


     Search term "Best+practice"+OR+"General+guidelines"+"Formal+methods"+"Traceability"
     Title Case Study–Creating the WCRM Concept of Operations
     Author ['J Loubersac', 'B Halliday']
     Venue idea
     Year 2001
     Abstract Requirements Engineering best practice provides some guidance that can be applied to try  which encapsulate many of our objectives: readability, maintainability, traceability and prioritisation  He has an excellent knowledge of formal methods and requirements engineering, in
     Url https://pdfs.semanticscholar.org/5c79/d2d38179172d0d6deb164edeeaea9a0d2c7a.pdf


     Search term "Best+practice"+OR+"General+guidelines"+"Formal+methods"+"Traceability"
     Title Quality in software development: A pragmatic approach using metrics
     Author ['BW Watson', 'DG Kourie', 'D Acton']
     Venue South African Computer …
     Year 2014
     Abstract cess (PSP) [6], can be seen as a distillation of industry experiences into “best practice”  Other approaches, such as Cleanroom [11] address quality by ensuring that formal methods are followed  This metric therefore attempts to measure the so-called traceability criterion, which in
     Url https://www.ingentaconnect.com/content/sabinet/comp/2014/00000052/00000001/art00002


     Search term "Best+practice"+OR+"General+guidelines"+"Formal+methods"+"Traceability"
     Title Change Handling Criteria for the Assessment of Requirements and Design Methods
     Author ['RC Sugden', 'MR Strens']
     Venue … of Computing Science Technical Report Series
     Year 1995
     Abstract Guidelines are proposed for the use of the criteria as a checklist About the  proofs Unambiguous Representation – [(.) USUI'S Inn().lels prototypes - to designers formal methods Tight Control  to other purts of the design Explicit Design Rationale - traceability - recording decision
     Url https://core.ac.uk/download/pdf/326579812.pdf


     Search term "Best+practice"+OR+"General+guidelines"+"Formal+methods"+"Traceability"
     Title 5.1. 4 Applying an Automated Test Description Tool to Testing Based on System Level Requirements
     Author ['MR Donat', 'JJ Joyce']
     Venue INCOSE International Symposium
     Year 1998
     Abstract ANSI/IEEE 829-1983, and MIL- STD-498 provide some general guidelines for requirements  Traceability is achieved by attaching tags from the specification to the corresponding identifiers  sequencing of test cases from model- based specifications.” In Formal Methods Europe '93
     Url https://onlinelibrary.wiley.com/doi/abs/10.1002/j.2334-5837.1998.tb00024.x


     Search term "Best+practice"+OR+"General+guidelines"+"Formal+methods"+"Traceability"
     Title Software evolution: past, present and future
     Author ['K Bennett']
     Venue Information and software technology
     Year 1996
     Abstract Despite the emergence of formal methods, most current software is tested rather than verified  However, much is known about best practice in software maintenance and software evolution and  In general, we require traceability of information between various software artefacts in
     Url https://www.sciencedirect.com/science/article/pii/0950584996011160

