Showing papers for search query "Best+practice"+OR+"General+guidelines"+"Factory"+"Hardware+simulation"

     Search term "Best+practice"+OR+"General+guidelines"+"Factory"+"Hardware+simulation"
     Title Optimization of wireless locating in complex environments by placement of anchor nodes with evolutionary algorithms
     Author ['T Leune', 'T Wehs', 'M Janssen', 'C Koch']
     Venue … & Factory Automation …
     Year 2013
     Abstract software for a priori planning of anchor locations for a given complex environment, such as a ship or a factory  2 Hardware, simulation and genetics  This effect hints at the possibility of stable design rules for good solutions which can be used as ”'best practice”' without individual
     Url https://ieeexplore.ieee.org/abstract/document/6648068/


     Search term "Best+practice"+OR+"General+guidelines"+"Factory"+"Hardware+simulation"
     Title UVM Verification Framework
     Author ['MB Roligheten']
     Venue NA
     Year 2014
     Abstract temVerilog looked to be not only the most complete HDL, but was shown to perform better in terms of execution speed for hardware simulation compared to  the different methodologies. The idea was to create a best practice that relies  Object factory
     Url https://ntnuopen.ntnu.no/ntnu-xmlui/handle/11250/2371066


     Search term "Best+practice"+OR+"General+guidelines"+"Factory"+"Hardware+simulation"
     Title Pre-Silicon Verification of Tegra Image Signal Processor
     Author ['N Ansari', 'S Lee', 'Z Wu']
     Venue NA
     Year 2012
     Abstract will be explained in the next section. 3.2.2 RTAPI (RunTest Application Programming Interface) The RTAPI is a hardware simulation test bench. According to the NVIDIA RTAPI internal Wikipedia page, “The RunTest API (RTAPI) provides a mechanism to define robust
     Url http://m.wpi.edu/Pubs/E-project/Available/E-project-030612-031854/unrestricted/MQPReportFinal_confidential_removed.pdf


     Search term "Best+practice"+OR+"General+guidelines"+"Factory"+"Hardware+simulation"
     Title European white book on grid-connected storage
     Author ['E Lemaire', 'N Martin', 'P Nørgård', 'E de Jong']
     Venue … , Institution CEA INES …
     Year 2011
     Abstract Page 1. European White Book on Grid-Connected Storage Elisabeth Lemaire Nicolas Martin Per Nørgård Erik de Jong Roald de Graaf Jasper Groenewegen Efstathia Kolentini Stathis Tselepis Date: 2011-12 European Distributed Energy Resources Laboratories
     Url http://bibing.us.es/proyectos/abreproy/70370/fichero/34.+European+White+Book+on+Grid-Connected+Storage.pdf


     Search term "Best+practice"+OR+"General+guidelines"+"Factory"+"Hardware+simulation"
     Title Application development process for GNAT, a SOC networked system
     Author ['CL Plumlee']
     Venue NA
     Year 2008
     Abstract xi Table 2: Trade-offs of HDL Design methods 9 Table 3: Simulink Hardware-in-the-Loop Example 10 Table 4: Software and Hardware simulation time comparison 11  1203 170 187 Additive White Gaussian Noise Char nel 600 Hardware Simulation Time (seconds) 6 IS 4 27 80
     Url https://scholars.unh.edu/thesis/396/


     Search term "Best+practice"+OR+"General+guidelines"+"Factory"+"Hardware+simulation"
     Title Data processing on FPGAs
     Author ['J Teubner', 'L Woods']
     Venue Synthesis Lectures on Data …
     Year 2013
     Abstract First, we give general guidelines how algorithms and systems can be designed to leverage the potential of FPGAs (Chapter 4). Chapter 5 illustrates a number of examples that successfully used FPGAs to improve database performance
     Url https://www.morganclaypool.com/doi/abs/10.2200/S00514ED1V01Y201306DTM035


     Search term "Best+practice"+OR+"General+guidelines"+"Factory"+"Hardware+simulation"
     Title DOE High Performance Computing Operational Review (HPCOR): Enabling Data-Driven Scientific Discovery at HPC Facilities
     Author ['R Gerber', 'W Allcock', 'C Beggio', 'S Campbell', 'A Cherry']
     Venue NA
     Year 2014
     Abstract 8 factors. • In situ and in transit visualization and analysis will become more common, and their design should be driven by the end user in collaboration with the other relevant parties (hardware, simulation, visualization, and analysis experts) to ensure success
     Url https://www.osti.gov/biblio/1163236


     Search term "Best+practice"+OR+"General+guidelines"+"Factory"+"Hardware+simulation"
     Title PIC microcontrollers: an introduction to microelectronics
     Author ['M Bates']
     Venue NA
     Year 2011
     Abstract noted herein). Notices Knowledge and best practice in this field are constantly changing. As new  industrial applications. In this case, the PC can be 'ruggedized' (put into a more robust casing) for use on the factory floor. This modular
     Url https://books.google.com/books?hl=en&lr=&id=pdbf2HuMzREC&oi=fnd&pg=PP1&dq=%22Best+practice%22+OR+%22General+guidelines%22+%22Factory%22+%22Hardware+simulation%22&ots=S75DdI3Cyj&sig=u5qBD7nJ_u5jLJ1pEUBHvHLGuCU


     Search term "Best+practice"+OR+"General+guidelines"+"Factory"+"Hardware+simulation"
     Title Co-verification of hardware and software for ARM SoC design
     Author ['J Andrews']
     Venue NA
     Year 2004
     Abstract Preface Audience The primary audience is the engineer looking to develop best practice techniques for SoC verification of both hardware and software not only to increase confidence in the design, but also to complete  Factory automation is an example of hard real-time system
     Url https://books.google.com/books?hl=en&lr=&id=qbfi3tJJhPEC&oi=fnd&pg=PP1&dq=%22Best+practice%22+OR+%22General+guidelines%22+%22Factory%22+%22Hardware+simulation%22&ots=YDZlLvmwme&sig=63wHGtR6rQ11sGQj7u27jLkfyUY


     Search term "Best+practice"+OR+"General+guidelines"+"Factory"+"Hardware+simulation"
     Title Embedded systems handbook
     Author ['R Zurawski']
     Venue NA
     Year 2005
     Abstract the chapter presents, in quite some detail, the functional design, function/architecture and hardware/software codesign, and hardware/software coverification and hardware simulation  For instance, there is a growing demand for remote access to process data at the factory floor
     Url https://books.google.com/books?hl=en&lr=&id=qYAqBgAAQBAJ&oi=fnd&pg=PP1&dq=%22Best+practice%22+OR+%22General+guidelines%22+%22Factory%22+%22Hardware+simulation%22&ots=agzdjFT_yc&sig=08QYHPcOSZj213f__hUNCn-pnhw


     Search term "Best+practice"+OR+"General+guidelines"+"Factory"+"Hardware+simulation"
     Title Better Software. Faster!: Best Practices in Virtual Prototyping
     Author ['T De Schutter']
     Venue NA
     Year 2014
     Abstract “Better Software. Faster!” nicely merges a practical overview of the benefits of virtual prototypes with best practice case studies from real users.” Stephan Lauterbach Lauterbach Not for resale Page 4. Page 5. Better Software. Faster
     Url https://books.google.com/books?hl=en&lr=&id=0VHKAwAAQBAJ&oi=fnd&pg=PP1&dq=%22Best+practice%22+OR+%22General+guidelines%22+%22Factory%22+%22Hardware+simulation%22&ots=cw6VucKsc1&sig=BAHCuy5u-XaYuFPbs8XfT_6PEak


     Search term "Best+practice"+OR+"General+guidelines"+"Factory"+"Hardware+simulation"
     Title Embedded Systems Handbook: Embedded systems design and verification
     Author ['R Zurawski']
     Venue NA
     Year 2018
     Abstract systems with thousands of microcontrollers and other electronic components embedded in field devices on the factory floor  some detail, the functional design; function/architecture and hardware/software codesign; and hardware/software co-verification and hardware simulation
     Url https://books.google.com/books?hl=en&lr=&id=Jts_CQAAQBAJ&oi=fnd&pg=PR3&dq=%22Best+practice%22+OR+%22General+guidelines%22+%22Factory%22+%22Hardware+simulation%22&ots=r0Fe3qjt4X&sig=VVT9kY-xB7KjDKyDzDTDKmOa6uw


     Search term "Best+practice"+OR+"General+guidelines"+"Factory"+"Hardware+simulation"
     Title Windows 7 device driver
     Author ['RD Reeves']
     Venue NA
     Year 2010
     Abstract [Not Found]
     Url [Not Found]


     Search term "Best+practice"+OR+"General+guidelines"+"Factory"+"Hardware+simulation"
     Title System-Level Design and Verification
     Author ['MS Nolte', 'D Sundmark']
     Venue Embedded Systems Handbook …
     Year 2018
     Abstract Systems• Functional Design• Function/Architecture and Hardware/Software Codesign• Hardware/Software Coverification and Hardware Simulation• Software Implementation  The essence of this approach is to implement the system using some best practice, and then to use
     Url https://books.google.com/books?hl=en&lr=&id=-AF-DwAAQBAJ&oi=fnd&pg=PT41&dq=%22Best+practice%22+OR+%22General+guidelines%22+%22Factory%22+%22Hardware+simulation%22&ots=2vrDxHg3NS&sig=gFspkt1mity3KkltGQI_xyx4Xpk


     Search term "Best+practice"+OR+"General+guidelines"+"Factory"+"Hardware+simulation"
     Title Timing model derivation: static analysis of hardware description languages
     Author ['M Schlickling']
     Venue NA
     Year 2013
     Abstract phones and MP3 players, or safety systems like the anti-lock braking system to large stationary installations like traffic lights and factory controllers  Whenever an address is needed for hardware simulation, an interface to the external address analysis results has to be introduced
     Url https://books.google.com/books?hl=en&lr=&id=NS6FH_lLO3sC&oi=fnd&pg=PR13&dq=%22Best+practice%22+OR+%22General+guidelines%22+%22Factory%22+%22Hardware+simulation%22&ots=ennBin_FA2&sig=4xXfIxm3EMiCYkHoAS6dvsHnzKM


     Search term "Best+practice"+OR+"General+guidelines"+"Factory"+"Hardware+simulation"
     Title Semiconductor development in Ireland: reducing'development stress' caused by digital hardware and embedded software team interaction
     Author ['IJ Griffin']
     Venue NA
     Year 2010
     Abstract tools to design an Integrated Circuit Fab Silicon wafer fabrication facility Hardware Simulation Modelling of the hardware at different levels of abstraction (functional, gate level, etc.) for the purposes of hardware verification Mask
     Url http://193.1.102.107/handle/10344/386


     Search term "Best+practice"+OR+"General+guidelines"+"Factory"+"Hardware+simulation"
     Title The co-design of virtual machines using reconfigurable hardware
     Author ['KB Kent']
     Venue NA
     Year 2003
     Abstract Page 1. The Co-Design of Virtual Machines Using Reconfigurable Hardware by Kenneth Blair Kent B.Sc. {hons). Memorial University of Newfoimdland, 1996 M.Sc., University of Victoria, 1999 A Dissertation Submitted in Partial Fulfillment of the Requirements for the Degree of
     Url http://dspace.library.uvic.ca/handle/1828/7938


     Search term "Best+practice"+OR+"General+guidelines"+"Factory"+"Hardware+simulation"
     Title A hybrid methodology to enable the verification of temporal properties as system-level.
     Author ['T Grimm']
     Venue NA
     Year 2019
     Abstract THE ROLE OF VERIFICATION to optimizations in the factory processes, the introduction of Cyber-physical Sys  systems for safety-critical applications, eg ISO 26262 [80] for automotive applica- tions and DO-254 [68] for the aerospace industry, are mostly like general guidelines
     Url https://d-nb.info/1180027841/34


     Search term "Best+practice"+OR+"General+guidelines"+"Factory"+"Hardware+simulation"
     Title Verification of a Large Heterogeneous Many-core Computer
     Author ['E Gamst', 'E Mitacc']
     Venue NA
     Year 2016
     Abstract Page 1. Verification of a Large Heterogeneous Many-core Computer Eivind Gamst Edward Mitacc Embedded Computing Systems Supervisor: Donn Morrison, IET Department of Electronics and Telecommunications Submission date: June 2016
     Url https://ntnuopen.ntnu.no/ntnu-xmlui/handle/11250/2415594


     Search term "Best+practice"+OR+"General+guidelines"+"Factory"+"Hardware+simulation"
     Title MICROCONTROLLER BASED ELECTRONIC VOTING MACHINE FOR FREE AND FAIR ELECTION IN NIGERIA
     Author ['AI SANKA', 'LA YUSUF']
     Venue National Conference
     Year NA
     Abstract 3rd edition. UK: McGraw-Hill Education Limited Bates MP (2008) Programming 8-bit PIC microcontrollers in C: with Interactive Hardware Simulation. Oxford UK: Elsevier Carson H., Indianapolis, Ind.(1987) ELECTRONIC VOTING MACHINE.[Online] Available from< http://www
     Url https://www.researchgate.net/profile/Musa_Adamu2/publication/301681595_Strength_Properties_of_Concrete_containing_Scrap_Tyre_as_fine_and_Coarse_Aggregate-ACICON_2014/links/5909a891aca272f658fce9fb/Strength-Properties-of-Concrete-containing-Scrap-Tyre-as-fine-and-Coarse-Aggregate-ACICON-2014.pdf#page=130


     Search term "Best+practice"+OR+"General+guidelines"+"Factory"+"Hardware+simulation"
     Title Introduction to problem solving in the Information Age
     Author ['D Moursund']
     Venue College of Education, University of Oregon
     Year 2007
     Abstract This is true whether the tool is designed to aid your physical capabilities or your mental capabilities. A bicycle, motorbike, and a piece of factory machinery are aids to one's physical capabilities. Reading, writing, and a library are aids to one's mental capabilities
     Url https://www.academia.edu/download/51936264/PS-in-IA.pdf


     Search term "Best+practice"+OR+"General+guidelines"+"Factory"+"Hardware+simulation"
     Title BRIDGING THE GAP BETWEEN ACADEMIA AND...
     Author ['NJ SHANONO', 'MM MAINA']
     Venue Proceedings Of the National Conference On …
     Year 2014
     Abstract Home; Add Document; Sign In; Create An Account. BRIDGING THE GAP BETWEEN ACADEMIA AND ... Recommend Documents. BRIDGING THE GAP BETWEEN ACADEMIA AND ... Apr 16, 2004 - farmers and contractors, this is the easiest and cheapest way to
     Url https://moam.info/bridging-the-gap-between-academia-and-_59a574581723dd0b40ac92bc.html


     Search term "Best+practice"+OR+"General+guidelines"+"Factory"+"Hardware+simulation"
     Title Techniques et outils pour la verification de Systemes-sur-Puce au
     Author ['CPLEMET LA', 'SAU SEIN', 'PLAS DES CYCLISTES']
     Venue NA
     Year NA
     Abstract during the development because of time-to-market constraints: the software needs to be finished and validated a few weeks after the chip comes out of the factory  Unfortunately, due to the highly parallel nature of hardware, simulation of a large RTL design is extremely slow
     Url https://moam.info/techniques-et-outils-pour-la-verification-de-systemes-sur-puce-au_5c53a355097c47e8488b45b8.html

