Showing papers for search query "Best+practice"+OR+"General+guidelines"+"FDA+Requirement"+"Regulated+Environment"

     Search term "Best+practice"+OR+"General+guidelines"+"FDA+Requirement"+"Regulated+Environment"
     Title Equipment qualification for demonstrating the fitness for purpose of analytical instrumentation
     Author ['DG Jones']
     Venue Analyst
     Year 1998
     Abstract Some industries, which operate in a highly regulated environment, such as the pharmaceutical industry, have  It is now an FDA requirement to investigate formally all out-of- specification results  UK Instrumenta- tion Working Group has published 'Guidance on Best Practice for the
     Url https://pubs.rsc.org/en/content/articlehtml/1998/an/a804670k


     Search term "Best+practice"+OR+"General+guidelines"+"FDA+Requirement"+"Regulated+Environment"
     Title Cost-contained regulatory compliance: for the pharmaceutical, biologics, and medical device industries
     Author ['S Weinberg']
     Venue NA
     Year 2011
     Abstract Page 1. Cost-Contained Regulatory Compliance for rhe Pharmaceutical, Biologies, and Medical Device Industries SANDY WEINBERG ®WILEY Page 2. COST- CONTAINED REGULATORY COMPLIANCE Page 3. Page 4. COST
     Url https://books.google.com/books?hl=en&lr=&id=qAZri2M0yTEC&oi=fnd&pg=PR1&dq=%22Best+practice%22+OR+%22General+guidelines%22+%22FDA+Requirement%22+%22Regulated+Environment%22&ots=Eccixqdq4p&sig=bqcHbEmUvY9TVM6fkXAxFXRofyY


     Search term "Best+practice"+OR+"General+guidelines"+"FDA+Requirement"+"Regulated+Environment"
     Title The Impact of Total Quality Performance on Compliance
     Author ['C Medina']
     Venue DRUGS AND THE PHARMACEUTICAL SCIENCES
     Year 2004
     Abstract Of equal importance, CQA should require that nonre- portable events are also trended. Trending of nonreportable events can prove to be very valuable during phase IV postmarketing studies, although this is not an FDA requirement. 2.5
     Url http://ndl.ethernet.edu.et/bitstream/123456789/502/1/34.pdf#page=510


     Search term "Best+practice"+OR+"General+guidelines"+"FDA+Requirement"+"Regulated+Environment"
     Title The application of dried blood spots in toxicokinetic and pharmacokinetic studies
     Author ['M Barfield']
     Venue NA
     Year 2017
     Abstract Page 1. The Application of Dried Blood Spots in Toxicokinetic and Pharmacokinetic Studies M Barfield Doctor of Philosophy 2017 Page 2. i The Application of Dried Blood Spots in Toxicokinetic and Pharmacokinetic Studies Matthew Barfield
     Url http://eprints.lincoln.ac.uk/30876/1/30876%20Barfield%20Matt%20Chemistry%20Septemer%202017.pdf

