Showing papers for search query "Best+practice"+OR+"General+guidelines"+"Hardware+simulation"+"Traceability"

     Search term "Best+practice"+OR+"General+guidelines"+"Hardware+simulation"+"Traceability"
     Title A life cycle for modeling and simulation
     Author ['O Balci']
     Venue Simulation
     Year 2012
     Abstract Hardware + Simulation  UC- based requirements engineering is considered to be the best practice for the following reasons  4. Associating functional requirements with a UC enables better life-cycle traceability: functional requirement $ use case $ class in design $ class in code
     Url https://journals.sagepub.com/doi/abs/10.1177/0037549712438469


     Search term "Best+practice"+OR+"General+guidelines"+"Hardware+simulation"+"Traceability"
     Title Putting the pieces together: The systematic development of a software defined radio toolflow for the rhino project
     Author ['GE Inggs']
     Venue NA
     Year 2011
     Abstract 63 5.4 Hardware Simulation and Implementation  Under the theme of Systems Engineering Development, the concepts of systematic develop- ment, the systems modelling language (SysML) and Traceability will be introduced. The pur
     Url https://open.uct.ac.za/handle/11427/11681


     Search term "Best+practice"+OR+"General+guidelines"+"Hardware+simulation"+"Traceability"
     Title From build-to-order to customize-to-order
     Author ['R Ericsson', 'R Becker', 'A Döring']
     Venue … . Consortium of the …
     Year 2010
     Abstract In addition to the description of many methods, best-practice examples are also given to illustrate their implementation  This enables the traceability of the product, its elements, and features. Figure 2.1: Separate connectors in a box 2.2 Rear axle demonstrator
     Url https://wiki.iao.fraunhofer.de/images/studien/advancing-the-automotive-industry-by-collaboration-and-modularity.pdf


     Search term "Best+practice"+OR+"General+guidelines"+"Hardware+simulation"+"Traceability"
     Title Policies, News, and Updates
     Author ['M Croxford', 'R Chapman', 'G Miller', 'TL Bennett']
     Venue crosstalk
     Year 2005
     Abstract This article presents an approach that has delivered software with very low defect rates cost-effectively. We describe the technical details of the approach and the results achieved, and discuss how to overcome barriers to adopting such best practice approaches
     Url http://citeseerx.ist.psu.edu/viewdoc/download?doi=10.1.1.117.427&rep=rep1&type=pdf


     Search term "Best+practice"+OR+"General+guidelines"+"Hardware+simulation"+"Traceability"
     Title CrossTalk: The Journal of Defense Software Engineering. Volume 18, Number 12
     Author ['M Croxford', 'R Chapman', 'G Miller', 'TL Bennett']
     Venue NA
     Year 2005
     Abstract [Not Found]
     Url [Not Found]


     Search term "Best+practice"+OR+"General+guidelines"+"Hardware+simulation"+"Traceability"
     Title Better Software. Faster!: Best Practices in Virtual Prototyping
     Author ['T De Schutter']
     Venue NA
     Year 2014
     Abstract Faster!” nicely merges a practical overview of the benefits of virtual prototypes with best practice case studies from real users  greater pressure on system integrators to mandate augmented lifecycle management practices and to require higher levels of traceability for compliance
     Url https://books.google.com/books?hl=en&lr=&id=0VHKAwAAQBAJ&oi=fnd&pg=PP1&dq=%22Best+practice%22+OR+%22General+guidelines%22+%22Hardware+simulation%22+%22Traceability%22&ots=cw6VucIrl2&sig=nI0MhHUi5k7-di0Zid9lTDuNdKY


     Search term "Best+practice"+OR+"General+guidelines"+"Hardware+simulation"+"Traceability"
     Title Safecomp FastAbstract 25th September 2013
     Author ['MO Killijian']
     Venue NA
     Year 2013
     Abstract Page 1. HAL Id: hal-00926563 https://hal.archives-ouvertes.fr/hal-00926563 Submitted on 9 Jan 2014 HAL is a multi-disciplinary open access archive for the deposit and dissemination of sci- entific research documents, whether they are pub- lished or not
     Url https://hal.archives-ouvertes.fr/hal-00926563/document


     Search term "Best+practice"+OR+"General+guidelines"+"Hardware+simulation"+"Traceability"
     Title Semiconductor development in Ireland: reducing'development stress' caused by digital hardware and embedded software team interaction
     Author ['IJ Griffin']
     Venue NA
     Year 2010
     Abstract Fab Silicon wafer fabrication facility Hardware Simulation Modelling of the hardware at different levels of abstraction (functional, gate level, etc.) for the purposes of hardware verification  160 7.5.1 Automate FPGA Design Traceability through Version Tracking
     Url http://193.1.102.107/handle/10344/386


     Search term "Best+practice"+OR+"General+guidelines"+"Hardware+simulation"+"Traceability"
     Title Shared Variable Analyser For Hardware Descriptions
     Author ['J Sharp']
     Venue NA
     Year 2013
     Abstract Shared Variable Analyser For Hardware Descriptions. Abstract. The application of hardware controllers within safety critical environments is becoming ever more common and complex. With increasing complexity comes a higher potential for design errors
     Url http://search.proquest.com/openview/779aecb3e035273688c49dc9e9816ee4/1?pq-origsite=gscholar&cbl=51922&diss=y

