Showing papers for search query "Best+practice"+OR+"General+guidelines"+"Cyber-physical+system"+OR+"Industrial+control+system"+OR+"ICS"+OR+"SCADA"+OR+"Distributed+control+system"+OR+"DCS"+"FDA+Requirement"

     Search term "Best+practice"+OR+"General+guidelines"+"Cyber-physical+system"+OR+"Industrial+control+system"+OR+"ICS"+OR+"SCADA"+OR+"Distributed+control+system"+OR+"DCS"+"FDA+Requirement"
     Title The development of total quality management in Thai manufacturing SMEs
     Author ['J Tannock', 'L Krasachol']
     Venue International Journal of …
     Year 2002
     Abstract In addition, it was already getting support from the NSTDA ICS unit (Industrial  had wished to change the formula but because of an FDA requirement on formula  to unawareness, awareness, partial implementation, full deployment/results achieved and best practice, respectively
     Url https://www.emerald.com/insight/content/doi/10.1108/02656710210421562/full/html


     Search term "Best+practice"+OR+"General+guidelines"+"Cyber-physical+system"+OR+"Industrial+control+system"+OR+"ICS"+OR+"SCADA"+OR+"Distributed+control+system"+OR+"DCS"+"FDA+Requirement"
     Title Revisiting “The Fruits of Genomics”: How the Biopharma Industry Lost But Is Now Regaining its Productivity
     Author ['AR Leheny', 'EW Roberts']
     Venue Journal of Applied Corporate …
     Year 2015
     Abstract on the cutting edge with respect to research. In the eight- ies and early nineties, each of these companies was viewed as a model of best practice in the pharmaceutical research arena. While in the past 15 years, each company
     Url https://onlinelibrary.wiley.com/doi/abs/10.1111/jacf.12128


     Search term "Best+practice"+OR+"General+guidelines"+"Cyber-physical+system"+OR+"Industrial+control+system"+OR+"ICS"+OR+"SCADA"+OR+"Distributed+control+system"+OR+"DCS"+"FDA+Requirement"
     Title 17 Sensory Evaluation in Fruit Product Development
     Author ['D dos Santos Garruti', 'H Virginia']
     Venue Advances in Fruit …
     Year 2012
     Abstract Experimental design Conducting experiment Descriptive tests Hedonic tests pilot consumer panel Statistical analyses Central location or home tests with representative consumers Reporting results Shelf-life determination (A)(B) FIGURE 17.3 General guidelines in sensory
     Url https://books.google.com/books?hl=nl&lr=&id=EaXo2wLGVjsC&oi=fnd&pg=PA415&dq=%22Best+practice%22+OR+%22General+guidelines%22+%22Cyber-physical+system%22+OR+%22Industrial+control+system%22+OR+%22ICS%22+OR+%22SCADA%22+OR+%22Distributed+control+system%22+OR+%22DCS%22+%22FDA+Requirement%22&ots=Fmr-ns80xj&sig=X0kgUishCxRERqamUBhP1rqa7N4


     Search term "Best+practice"+OR+"General+guidelines"+"Cyber-physical+system"+OR+"Industrial+control+system"+OR+"ICS"+OR+"SCADA"+OR+"Distributed+control+system"+OR+"DCS"+"FDA+Requirement"
     Title Mesenchymal Stromal Cells: Translational Pathways to Clinical Adoption
     Author ['H Peiman', 'S Viswanathan']
     Venue NA
     Year 2016
     Abstract permissions. This book and the individual contributions contained in it are protected under copyright by the Publisher (other than as may be noted herein). Notices Knowledge and best practice in this field are constantly changing. As
     Url https://books.google.com/books?hl=nl&lr=&id=sGp_CwAAQBAJ&oi=fnd&pg=PP1&dq=%22Best+practice%22+OR+%22General+guidelines%22+%22Cyber-physical+system%22+OR+%22Industrial+control+system%22+OR+%22ICS%22+OR+%22SCADA%22+OR+%22Distributed+control+system%22+OR+%22DCS%22+%22FDA+Requirement%22&ots=dDihyn_Qtu&sig=01fzD-bpxb_gn2WSX48Y8ygoXTk


     Search term "Best+practice"+OR+"General+guidelines"+"Cyber-physical+system"+OR+"Industrial+control+system"+OR+"ICS"+OR+"SCADA"+OR+"Distributed+control+system"+OR+"DCS"+"FDA+Requirement"
     Title Adapting high hydrostatic pressure (HPP) for food processing operations
     Author ['T Koutchma']
     Venue NA
     Year 2014
     Abstract Notices Knowledge and best practice in this field are constantly changing. As new research and experience broaden our understanding, changes in research methods, professional practices, or medical treatment may become necessary
     Url https://books.google.com/books?hl=nl&lr=&id=e9jEAgAAQBAJ&oi=fnd&pg=PP1&dq=%22Best+practice%22+OR+%22General+guidelines%22+%22Cyber-physical+system%22+OR+%22Industrial+control+system%22+OR+%22ICS%22+OR+%22SCADA%22+OR+%22Distributed+control+system%22+OR+%22DCS%22+%22FDA+Requirement%22&ots=mrPLKcZoOM&sig=8D-LBioIs65Nd3CCKTLuo6ZHjFU


     Search term "Best+practice"+OR+"General+guidelines"+"Cyber-physical+system"+OR+"Industrial+control+system"+OR+"ICS"+OR+"SCADA"+OR+"Distributed+control+system"+OR+"DCS"+"FDA+Requirement"
     Title Preventing Work-related Disability: Lessons from Washington
     Author ['R MOOTZ', 'G FRANKLIN']
     Venue Preventing and Managing …
     Year 2003
     Abstract In addition to identifying and developing best-practice strategies to facilitate innovations at a broader community level, methods to track worker and employer satisfaction, functional outcomes, and indicators of quality of care are being developed
     Url https://books.google.com/books?hl=nl&lr=&id=pWO1DwAAQBAJ&oi=fnd&pg=PA157&dq=%22Best+practice%22+OR+%22General+guidelines%22+%22Cyber-physical+system%22+OR+%22Industrial+control+system%22+OR+%22ICS%22+OR+%22SCADA%22+OR+%22Distributed+control+system%22+OR+%22DCS%22+%22FDA+Requirement%22&ots=xwQudlsFb4&sig=cWfdrV2CbvZv9nENjIKi8u5iQYU


     Search term "Best+practice"+OR+"General+guidelines"+"Cyber-physical+system"+OR+"Industrial+control+system"+OR+"ICS"+OR+"SCADA"+OR+"Distributed+control+system"+OR+"DCS"+"FDA+Requirement"
     Title Environmental Emergencies and Emergency Preparedness
     Author ['PM Armenante', 'JP Mack']
     Venue … and Response to Water-, Food-, Soil …
     Year 2009
     Abstract Page 347. CHAPTER 5 ENVIRONMENTAL EMERGENCIES AND EMERGENCY PREPAREDNESS Piero M. Armenante and James P. Mack New Jersey Institute of Technology, Newark, New Jersey INTRODUCTION The objective
     Url https://onlinelibrary.wiley.com/doi/pdf/10.1002/9780470432815#page=347


     Search term "Best+practice"+OR+"General+guidelines"+"Cyber-physical+system"+OR+"Industrial+control+system"+OR+"ICS"+OR+"SCADA"+OR+"Distributed+control+system"+OR+"DCS"+"FDA+Requirement"
     Title Cybersecurity and medical devices
     Author ['DM Barnes']
     Venue NA
     Year 2016
     Abstract Finally, in January 2016, the Department of Homeland Page 11. 5 Security Industrial Control Systems Cyber Emergency Response Team (ICS-CERT) issued an advisory for multiple Hospira products that contain a buffer overflow vulnerability that can allow
     Url http://search.proquest.com/openview/0dee5c618d4d553fc776c0a9e579af2f/1?pq-origsite=gscholar&cbl=18750&diss=y


     Search term "Best+practice"+OR+"General+guidelines"+"Cyber-physical+system"+OR+"Industrial+control+system"+OR+"ICS"+OR+"SCADA"+OR+"Distributed+control+system"+OR+"DCS"+"FDA+Requirement"
     Title Cost-contained regulatory compliance: for the pharmaceutical, biologics, and medical device industries
     Author ['S Weinberg']
     Venue NA
     Year 2011
     Abstract Page 1. Cost-Contained Regulatory Compliance for rhe Pharmaceutical, Biologies, and Medical Device Industries SANDY WEINBERG ®WILEY Page 2. COST- CONTAINED REGULATORY COMPLIANCE Page 3. Page 4. COST
     Url https://books.google.com/books?hl=nl&lr=&id=qAZri2M0yTEC&oi=fnd&pg=PR1&dq=%22Best+practice%22+OR+%22General+guidelines%22+%22Cyber-physical+system%22+OR+%22Industrial+control+system%22+OR+%22ICS%22+OR+%22SCADA%22+OR+%22Distributed+control+system%22+OR+%22DCS%22+%22FDA+Requirement%22&ots=Eccixqdvan&sig=ZWQhTd82mLwIL-V5q5iSd1b0Kd8


     Search term "Best+practice"+OR+"General+guidelines"+"Cyber-physical+system"+OR+"Industrial+control+system"+OR+"ICS"+OR+"SCADA"+OR+"Distributed+control+system"+OR+"DCS"+"FDA+Requirement"
     Title Clinical trials of drugs and biopharmaceuticals
     Author ['CJ Lee', 'LH Lee', 'CL Wu', 'BR Lee', 'ML Chen']
     Venue NA
     Year 2005
     Abstract She has been invited as a referee for several prestigious journals, including Clinical Pharmacology and Therapeutics, Clinical Pharmacokinet- ics, European Journal of Pharmaceutical Sciences, Journal of Pharmaceutical Sciences, Pharma- ceutical Research, Journal of
     Url https://books.google.com/books?hl=nl&lr=&id=eW6VigU4RjoC&oi=fnd&pg=PP1&dq=%22Best+practice%22+OR+%22General+guidelines%22+%22Cyber-physical+system%22+OR+%22Industrial+control+system%22+OR+%22ICS%22+OR+%22SCADA%22+OR+%22Distributed+control+system%22+OR+%22DCS%22+%22FDA+Requirement%22&ots=4A-f7uHK5W&sig=aDVrZafOYp_Mv2CCKBN4kGRZ3cs


     Search term "Best+practice"+OR+"General+guidelines"+"Cyber-physical+system"+OR+"Industrial+control+system"+OR+"ICS"+OR+"SCADA"+OR+"Distributed+control+system"+OR+"DCS"+"FDA+Requirement"
     Title A Roadmap for Curing Cancer, Alzheimer's, and Cardiovascular Disease
     Author ['PJ Marangos']
     Venue NA
     Year 2017
     Abstract permissions. This book and the individual contributions contained in it are protected under copyright by the Publisher (other than as may be noted herein). Notices Knowledge and best practice in this field are constantly changing. As
     Url https://books.google.com/books?hl=nl&lr=&id=8Tw8DgAAQBAJ&oi=fnd&pg=PP1&dq=%22Best+practice%22+OR+%22General+guidelines%22+%22Cyber-physical+system%22+OR+%22Industrial+control+system%22+OR+%22ICS%22+OR+%22SCADA%22+OR+%22Distributed+control+system%22+OR+%22DCS%22+%22FDA+Requirement%22&ots=Bj6McW_hM3&sig=RBWn6WIYvHLUAdQF2T-tbQ62szk

