Showing papers for search query "Best+practice"+OR+"General+guidelines"+"Case+Study"+OR+"Case+Studies"+"PLC"+OR+"FPGA"

     Search term "Best+practice"+OR+"General+guidelines"+"Case+Study"+OR+"Case+Studies"+"PLC"+OR+"FPGA"
     Title Community of practice software management tools: A UK construction company case study
     Author ['M Jewell', 'DHT Walker']
     Venue … management in the construction industry: A …
     Year 2005
     Abstract technical support, and collegial support COPs highlighted in the three Australian case studies reported upon  from interviews with its users of its value to the UK case study organisation  studies into the transfer (and often failure to fully transfer) of best practice within organisations
     Url https://www.igi-global.com/chapter/knowledge-management-construction-industry/25005


     Search term "Best+practice"+OR+"General+guidelines"+"Case+Study"+OR+"Case+Studies"+"PLC"+OR+"FPGA"
     Title A vision for construction IT 2005–2010: two case studies
     Author ['M Sarshar', 'AM Tanyer', 'G Aouad']
     Venue Engineering …
     Year 2002
     Abstract Recently, 12) undertook a major review of current research and industrial best practice, in order to summarize these efforts in the form of a vision for the next 5  These case studies provide examples of the current position of companies with respect to the vision  Ballast case study
     Url https://onlinelibrary.wiley.com/doi/abs/10.1046/j.1365-232x.2002.00243.x


     Search term "Best+practice"+OR+"General+guidelines"+"Case+Study"+OR+"Case+Studies"+"PLC"+OR+"FPGA"
     Title The Realities of Best Practice Human Resource Management: A Case Study at Freemans Plc
     Author ['R Brown']
     Venue NA
     Year NA
     Abstract [Not Found]
     Url [Not Found]


     Search term "Best+practice"+OR+"General+guidelines"+"Case+Study"+OR+"Case+Studies"+"PLC"+OR+"FPGA"
     Title To enhance the quality of education with PLC process Case Study: Faculty of Education Suratthani Rajbhat University
     Author ['C Iemsa-ard']
     Venue Baddhana Journal
     Year 2020
     Abstract In addition, the network brings innovations (Good / Best Practice) from the work of each team such as the innovation of  The head of plc network  The Development of Professional Learning Community Model in School “To Enhance comprehensive Reading” : A Case Study of Ban
     Url https://so06.tci-thaijo.org/index.php/GDJOU/article/view/240964


     Search term "Best+practice"+OR+"General+guidelines"+"Case+Study"+OR+"Case+Studies"+"PLC"+OR+"FPGA"
     Title Development Model of “Community College Teachers' Professional Learning Community”: A Case Study of Phang-Nga Community College, Thailand
     Author ['L Wiangkham', 'U Jiawiwatkul']
     Venue Advanced Science Letters
     Year 2017
     Abstract teachers' PLC”: a case study of PNGCC, Thailand consists of 4 elements as follows: (1) OPERATIONS: creating a shared vision and goals, plan- ning of group development, sharing knowledge, developing and improving teaching managementby peer assist, best practice
     Url https://www.ingentaconnect.com/content/asp/asl/2017/00000023/00000002/art00115


     Search term "Best+practice"+OR+"General+guidelines"+"Case+Study"+OR+"Case+Studies"+"PLC"+OR+"FPGA"
     Title Pure genius
     Author ['J Vowler']
     Venue NA
     Year NA
     Abstract [Not Found]
     Url [Not Found]


     Search term "Best+practice"+OR+"General+guidelines"+"Case+Study"+OR+"Case+Studies"+"PLC"+OR+"FPGA"
     Title Ethical banking in practice: a closer look at the Co-operative Bank UK PLC
     Author ['BC Chew', 'LH Tan', 'SR Hamid']
     Venue Qualitative Research in Financial …
     Year 2016
     Abstract The case study on the UK Co-operative Bank was based on primary data collected through a  in shaping the local banking industry to become more ethical (learning from the best practice of the  in practice: a closer look at the Co-operative Bank UK PLC", Qualitative Research in
     Url https://www.emerald.com/insight/content/doi/10.1108/QRFM-02-2015-0008/full/html


     Search term "Best+practice"+OR+"General+guidelines"+"Case+Study"+OR+"Case+Studies"+"PLC"+OR+"FPGA"
     Title Quantitative evaluation of three reconfiguration strategies on FPGAs: A case study
     Author ['JO Cadens', 'GM Megson']
     Venue … Conference/Exhibition on …
     Year 2000
     Abstract we examine strategies for reconfiguration and based on expe- rience propose general guidelines of the  FPGAs applied to a systolic implementation of a scalar quantizer used as a case study  solutions for RTR systems, simply present total execution time and FPGA area given
     Url https://ieeexplore.ieee.org/abstract/document/846574/


     Search term "Best+practice"+OR+"General+guidelines"+"Case+Study"+OR+"Case+Studies"+"PLC"+OR+"FPGA"
     Title Understanding customer satisfaction–a UK food industry case study
     Author ['D Adebanjo']
     Venue British Food Journal
     Year 2001
     Abstract over a period of six months, under the direction of LFRA, to research and share views on best practice customer satisfaction  Each member of the workgroup carried out a case study of a “best in class” organisation  Findings from the case studies were presented back to the group
     Url https://www.emerald.com/insight/content/doi/10.1108/00070700110382984/full/html


     Search term "Best+practice"+OR+"General+guidelines"+"Case+Study"+OR+"Case+Studies"+"PLC"+OR+"FPGA"
     Title Human resource management in the hospitality industry: A guide to best practice
     Author ['MJ Boella', 'S Goss-Turner']
     Venue NA
     Year 2019
     Abstract [Not Found]
     Url [Not Found]


     Search term "Best+practice"+OR+"General+guidelines"+"Case+Study"+OR+"Case+Studies"+"PLC"+OR+"FPGA"
     Title Evaluating a technique used to measure environmental performance within agriculture–case studies
     Author ['KA Lewis', 'J Tzilivakis']
     Venue Eco‐Management and Auditing
     Year 1998
     Abstract A number of simple case studies are described below which have arisen from this evaluation  the same herbicides determined by EMA are given in Table 4 assuming best practice, complete regulatory  Case study The farm in question has approximately 800 ha used for cropping
     Url https://onlinelibrary.wiley.com/doi/abs/10.1002/(SICI)1099-0925(1998110)5:3%3C126::AID-EMA86%3E3.0.CO;2-D


     Search term "Best+practice"+OR+"General+guidelines"+"Case+Study"+OR+"Case+Studies"+"PLC"+OR+"FPGA"
     Title A review of total quality management in practice: understanding the fundamentals through examples of best practice applications‐Part I
     Author ['T Thiagarajan', 'M Zairi']
     Venue The TQM magazine
     Year 1997
     Abstract management in practice: understanding the fundamentals through examples of best practice applications ‐ Part I  Discussions of implementation case studies in the literature are also unanimous in  the experiences of TQM implementation at Johnston Matthey plc, UK, George[19
     Url https://www.emerald.com/insight/content/doi/10.1108/09544789710181899/full/html?skipTracking=true&utm_source=TrendMD&utm_medium=cpc&utm_campaign=Training_for_Quality_TrendMD_0&WT.mc_id=Emerald_TrendMD_0


     Search term "Best+practice"+OR+"General+guidelines"+"Case+Study"+OR+"Case+Studies"+"PLC"+OR+"FPGA"
     Title … of member states actions to implement the effort sharing decision and options for further community-wide measures-Agriculture sector–Policy case studies …
     Author ['AM van Doorn', 'JP Lesschen', 'PJ Kuikman']
     Venue NA
     Year 2012
     Abstract This report analyses best practice policy case studies for the agriculture sector which may serve as examples for Member  1.6 Selection of case study polices The case studies aim to summarise the relative strengths and weaknesses of selected policies and measures in member
     Url https://library.wur.nl/WebQuery/wurpubs/fulltext/249624


     Search term "Best+practice"+OR+"General+guidelines"+"Case+Study"+OR+"Case+Studies"+"PLC"+OR+"FPGA"
     Title Sustainable rural ICT project management practice for developing countries: investigating the Dwesa and RUMEP projects
     Author ['C Pade-Khene', 'B Mallinson']
     Venue Information Technology for …
     Year 2011
     Abstract Each of these case studies is unique in their project objectives; however, it remains interesting  example of a more established mature project with a history that has developed best practice. The case study design provides a conceptual framework that links the empirical data to
     Url https://www.tandfonline.com/doi/abs/10.1080/02681102.2011.568222


     Search term "Best+practice"+OR+"General+guidelines"+"Case+Study"+OR+"Case+Studies"+"PLC"+OR+"FPGA"
     Title Community of Practice Software Management Tools: A UK Construction
     Author ['M Jewell', 'A Solutions']
     Venue Knowledge Management in …
     Year 2004
     Abstract technical support, and collegial support COPs highlighted in the three Australian case studies reported upon  from interviews with its users of its value to the UK case study organisation  studies into the transfer (and often failure to fully transfer) of best practice within organisations
     Url https://books.google.com/books?hl=en&lr=&id=c29AvgMfU5UC&oi=fnd&pg=PA112&dq=%22Best+practice%22+OR+%22General+guidelines%22+%22Case+Study%22+OR+%22Case+Studies%22+%22PLC%22+OR+%22FPGA%22&ots=Wfb12twKTX&sig=JqXgd4WD8dyv4AK_tUkIqu9boQo


     Search term "Best+practice"+OR+"General+guidelines"+"Case+Study"+OR+"Case+Studies"+"PLC"+OR+"FPGA"
     Title People resourcing and talent planning: HRM in practice
     Author ['S Pilbeam', 'M Corbridge']
     Venue NA
     Year 2010
     Abstract more involving and understandable. Readable and clear, People Resourcing and Talent Management uses real life examples and case studies to examine how HR theory and concepts apply in practice. This book addresses
     Url https://researchportal.port.ac.uk/portal/en/publications/people-resourcing-and-talent-planning-hrm-in-practice(a1089f50-0fc1-4665-b1f7-daa50e971950).html


     Search term "Best+practice"+OR+"General+guidelines"+"Case+Study"+OR+"Case+Studies"+"PLC"+OR+"FPGA"
     Title A Critical Analysis of the Recruitment and Selection Process in the Nigerian Public Sector: A Case Study of the National Space and Research Development …
     Author ['A Popoola']
     Venue NA
     Year 2015
     Abstract training is given in the process of recruitment & selection; to access if the process is based on Federal Character Principles and their compliance with best practice; to establish if any  The “Inside” and “Outside” Perspectives of Corporate Rebranding: A case study of Greggs Plc
     Url https://repository.uel.ac.uk/item/85600


     Search term "Best+practice"+OR+"General+guidelines"+"Case+Study"+OR+"Case+Studies"+"PLC"+OR+"FPGA"
     Title Industrial Compressed Air Usage-Two Case Studies
     Author ['P Eret', 'C Harris', 'T De Lasa', 'C Meskell']
     Venue 7th International Fluid …
     Year 2010
     Abstract Page 1. Industrial Compressed Air Usage – Two Case Studies Petr Eret School of Engineering, Trinity College Dublin, Ireland  with established best practice. While in an ideal world all these issues would be dealt  air whip cleaning - 1.77%; • PLC sealing 1.53%; • air gun 0.12
     Url https://www.researchgate.net/profile/Craig_Meskell/publication/267424637_Industrial_Compressed_Air_Usage_-_Two_Case_Studies/links/558997b508ae273b2876ce25.pdf


     Search term "Best+practice"+OR+"General+guidelines"+"Case+Study"+OR+"Case+Studies"+"PLC"+OR+"FPGA"
     Title Four Best Practices for Prototyping MATLAB and Simulink Algorithms on FPGAs
     Author ['WHYPON FPGAS']
     Venue NA
     Year NA
     Abstract In the DDC case study, engineers use Simulink Fixed Point™ to reduce the word length of parts of the digital filter chain by as many as 8 bits (see Figure 6). BEST PRACTICE #2 – USE AUTOMATIC HDL CODE GENERATION TO PRODUCE FPGA PROTOTYPES FASTER
     Url http://verificationhorizons.verificationacademy.com/volume-8_issue-2/articles/stream/four-best-practices-prototyping-matlab-simulink-algorithms_vh-v8-i2.pdf


     Search term "Best+practice"+OR+"General+guidelines"+"Case+Study"+OR+"Case+Studies"+"PLC"+OR+"FPGA"
     Title Industrial Compressed Air Use: Two Case Studies
     Author ['C Meskell', "G O'Donnell", 'P Eret']
     Venue Fluids …
     Year 2010
     Abstract INDUSTRIAL COMPRESSED AIR USE - TWO CASE STUDIES  and/or lack of detailed inputs for model, the study reveals inefficient usage, leak problems and also poor system control and monitoring, which is clearly not consistent with established best practice  PLC sealing 1.53
     Url https://asmedigitalcollection.asme.org/FEDSM/proceedings-abstract/FEDSM2010/49484/1/361110


     Search term "Best+practice"+OR+"General+guidelines"+"Case+Study"+OR+"Case+Studies"+"PLC"+OR+"FPGA"
     Title Optimisation of Food and Engineering Supply Chain Technology (OPTFEST): A Case Study
     Author ['DBMKA Morris', 'D Galar']
     Venue NA
     Year NA
     Abstract equipment. Significant benefits include the ability to predict equipment failure, the development of best practice and compliance with supplier audits  schedules. . 3 A CASE STUDY AT GLENMORANGIE plc 3.1 Background Glenmorangie
     Url https://www.researchgate.net/profile/David_Baglee/publication/270631785_Optimisation_of_Food_and_Engineering_Supply_Chain_Technology_OPTFEST_A_Case_Study/links/54b111630cf28ebe92dff3aa/Optimisation-of-Food-and-Engineering-Supply-Chain-Technology-OPTFEST-A-Case-Study.pdf


     Search term "Best+practice"+OR+"General+guidelines"+"Case+Study"+OR+"Case+Studies"+"PLC"+OR+"FPGA"
     Title Environmental and social maturity as a new concept for self-assessment of best practice in a mining context
     Author ['K Doyle', 'O Sidorenko']
     Venue NA
     Year NA
     Abstract The case studies used to develop the model are located in Bosnia and Herzegovina where  The model is designed to inform companies of best practice when working with local  effect of community consultation on perceptions of a proposed mine: A case study from southeast
     Url https://www.researchgate.net/profile/Keiran_Doyle/publication/335716649_Environmental_social_maturity_as_a_new_concept_for_self-assessment_of_best_practice_in_a_mining_context/links/5e4e59ca458515072dabbe5e/Environmental-social-maturity-as-a-new-concept-for-self-assessment-of-best-practice-in-a-mining-context.pdf


     Search term "Best+practice"+OR+"General+guidelines"+"Case+Study"+OR+"Case+Studies"+"PLC"+OR+"FPGA"
     Title Construction supply chain management: concepts and case studies
     Author ['S Pryke']
     Venue NA
     Year 2009
     Abstract 8.4 SCM at BAA:'The Genesis Project' 8.5 BAA Initiatives 8.6 Best Practice–Framework Agreements 8.7  He is author of Construction Cost Management: learning from case studies published by Taylor and  In addition, there is case-study material reflecting the work of some of
     Url https://books.google.com/books?hl=en&lr=&id=RrKB1VMJkMkC&oi=fnd&pg=PR7&dq=%22Best+practice%22+OR+%22General+guidelines%22+%22Case+Study%22+OR+%22Case+Studies%22+%22PLC%22+OR+%22FPGA%22&ots=ITclbRCOnX&sig=lXKBHubHuYwpgn00kgk-NbUbvPQ


     Search term "Best+practice"+OR+"General+guidelines"+"Case+Study"+OR+"Case+Studies"+"PLC"+OR+"FPGA"
     Title World class training: providing training excellence
     Author ['K Thorne', 'A Machray']
     Venue NA
     Year 2000
     Abstract [Not Found]
     Url [Not Found]


     Search term "Best+practice"+OR+"General+guidelines"+"Case+Study"+OR+"Case+Studies"+"PLC"+OR+"FPGA"
     Title Benchmarking for best practice: continuous learning through sustainable innovation
     Author ['M Zairi']
     Venue NA
     Year 1998
     Abstract Educational and Professional Publishing Ltd &A member of the Reed Elsevier plc group OXFORD  of issues, concepts and models, rich examples were included and some case studies of model  It covers the area of primary care provision and also best practice application of
     Url https://books.google.com/books?hl=en&lr=&id=0-XlLoJ94Z8C&oi=fnd&pg=PR3&dq=%22Best+practice%22+OR+%22General+guidelines%22+%22Case+Study%22+OR+%22Case+Studies%22+%22PLC%22+OR+%22FPGA%22&ots=LtCBW5XG6_&sig=dasMWZIBKBVHr4Lotbf6mCLtWxo


     Search term "Best+practice"+OR+"General+guidelines"+"Case+Study"+OR+"Case+Studies"+"PLC"+OR+"FPGA"
     Title The knowledge strategy within a business context
     Author ['C Rollo']
     Venue Third European Conference on Organizational …
     Year 2002
     Abstract industry sectors (Rollo & Clarke, 2001). The empirical study of the thirty-seven case studies illustrated what constituted a  Case Study: Ford Motor Company Ford uses knowledge management to leverage intellectual capital through a best practice
     Url http://www.warwick.ac.uk/fac/soc/wbs/conf/olkc/archive/oklc3/papers/id138.pdf


     Search term "Best+practice"+OR+"General+guidelines"+"Case+Study"+OR+"Case+Studies"+"PLC"+OR+"FPGA"
     Title Ontology for Cognitics, Closed-Loop Agility Constraint, and Case Study-a Mobile Robot with Industrial-Grade Components
     Author ['JD Dessimoz', 'PF Gauthey']
     Venue 2006 4th IEEE …
     Year 2006
     Abstract The objective is to present key elements and methods for best practice, as well as  Finally, a large part of the paper presents a case study, a mobile robot, ie  Fast, distributed hardware components and transducers complement middle- scale resources (PLC, computerized camera
     Url https://ieeexplore.ieee.org/abstract/document/4053562/


     Search term "Best+practice"+OR+"General+guidelines"+"Case+Study"+OR+"Case+Studies"+"PLC"+OR+"FPGA"
     Title Best practice benchmarking: An international perspective
     Author ['S Codling']
     Venue NA
     Year 1996
     Abstract [Not Found]
     Url [Not Found]


     Search term "Best+practice"+OR+"General+guidelines"+"Case+Study"+OR+"Case+Studies"+"PLC"+OR+"FPGA"
     Title Knowledge management: Best practices in Europe
     Author ['K Mertins', 'P Heisig', 'J Vorbeck', 'K Mertins', 'P Heisig']
     Venue NA
     Year 2001
     Abstract Case Studies. Front Matter Pages 125-125. PDF. Knowledge Management: The “One Company Platform” — Arthur D. Little, Inc. Peter Heisig, Frank Spellerberg. Pages 127-137. PDF. Cultural Change Triggers Best Practice Sharing — British Aerospace plc
     Url https://link.springer.com/book/10.1007/978-3-662-04466-7?page=2


     Search term "Best+practice"+OR+"General+guidelines"+"Case+Study"+OR+"Case+Studies"+"PLC"+OR+"FPGA"
     Title Mine value chain reconciliation-demonstrating value through best practice
     Author ['C Morley', 'H Arvidson']
     Venue … of the Tenth International Mining Geology …
     Year 2017
     Abstract Mine value chain reconciliation – demonstrating value through best practice C Morley1 and H Arvidson2  MINE VALUE CHAIN RECONCILIATION – DEMONSTRATING VALUE THROUGH BEST PRACTICE 281 the reconciliation relationship will report a 'plus' result
     Url https://www.researchgate.net/profile/Craig_Morley3/publication/320372573_Mine_value_chain_reconciliation_-_demonstrating_value_through_best_practice/links/5b83492d92851c1e1234a9d3/Mine-value-chain-reconciliation-demonstrating-value-through-best-practice.pdf


     Search term "Best+practice"+OR+"General+guidelines"+"Case+Study"+OR+"Case+Studies"+"PLC"+OR+"FPGA"
     Title Managing organisational knowledge: A case study of a global Energy consulting group
     Author ['W Skok', 'K Clarke', 'S Krishnappa']
     Venue Knowledge and Process …
     Year 2013
     Abstract the preparation and use of documents, although CoP played an important role in sharing best practice  However, Scarbrough (1999) in a review of KM case studies concluded that there is a  Therefore, in line with the lessons learned in this case study, KBC see merit in gradually
     Url https://onlinelibrary.wiley.com/doi/abs/10.1002/kpm.1411


     Search term "Best+practice"+OR+"General+guidelines"+"Case+Study"+OR+"Case+Studies"+"PLC"+OR+"FPGA"
     Title Achieving competitive advantage through knowledge-based engineering
     Author ['S Cooper', 'IS Fan', 'G Li']
     Venue NA
     Year 1999
     Abstract [Not Found]
     Url [Not Found]


     Search term "Best+practice"+OR+"General+guidelines"+"Case+Study"+OR+"Case+Studies"+"PLC"+OR+"FPGA"
     Title Best practice for applying seismic restraint to vibration isolated equipment.
     Author ['JN Pooler']
     Venue The Journal of the Acoustical Society of America
     Year 2009
     Abstract Best practice for applying seismic restraint to vibration isolated equipment  Kinetics Noise Control, 6300 Irelan Plc  This presentation will also use case studies to review the issues and solutions for applying seismic restraint to vibration isolated mechanical equipment. false
     Url https://asa.scitation.org/doi/pdf/10.1121/1.3249289


     Search term "Best+practice"+OR+"General+guidelines"+"Case+Study"+OR+"Case+Studies"+"PLC"+OR+"FPGA"
     Title Obsolete inventory management: case study
     Author ['S Jarzębowski', 'NM Bezat']
     Venue Logistyka
     Year 2013
     Abstract Further considerations include demonstration of the case study, the methodology of creating the  chain management and advanced planning; Concepts, models, software and case studies, 4th Edition  9. Wild, T. (1997), Best practice in inventory management,John Wiley & Sons
     Url http://yadda.icm.edu.pl/baztech/element/bwmeta1.element.baztech-15319681-873d-4195-8b4d-300c556ab0be


     Search term "Best+practice"+OR+"General+guidelines"+"Case+Study"+OR+"Case+Studies"+"PLC"+OR+"FPGA"
     Title Teacher talk
     Author ['BM Leighton']
     Venue NA
     Year 2006
     Abstract My case study and following paper resulted from my desire to network with my colleagues and strengthen my department. Creating a Professional Learning Community (PLC) allows teachers time to dialogue, share experiences, knowledge, and ultimately leads to best practice
     Url https://digitalcommons.hamline.edu/hse_all/1839/


     Search term "Best+practice"+OR+"General+guidelines"+"Case+Study"+OR+"Case+Studies"+"PLC"+OR+"FPGA"
     Title … QUALITY MANAGEMENT (TQM) AS TOOLS IN GAINING COMPETITIVE ADVANTAGE: A STUDY OF MAY AND BAKER PLC AND UNILEVER NIGERIA PLC
     Author ['UG Okechukwu', 'E CAMPUS']
     Venue NA
     Year 2008
     Abstract practices. The best practice comparison is used as a means of establishing achievable goals aimed at obtaining organizational Superiority”  Page 11. 1.1.1 THE PROFILE OF MAY AND BAKER NIGERIA PLC. May and Baker Nigeria PLC Commenced business in 1944 as a
     Url http://www.unn.edu.ng/publications/files/images/UDEIGWEmba%20%202.pdf


     Search term "Best+practice"+OR+"General+guidelines"+"Case+Study"+OR+"Case+Studies"+"PLC"+OR+"FPGA"
     Title A cultural development strategy for a firm wishing to maximise the sustainability behaviour of its workforce
     Author ['DR Jones']
     Venue NA
     Year 1998
     Abstract Strategy for Sustainability 1.4.1 A Focus on Best-Practice Case Studies 16  This is important because the findings of the first case study provide a rationale for the methods chosen for the other two case studies. Therefore, it is advised that the case studies are read sequentially
     Url http://eprints.hud.ac.uk/4836/1/DX208250.pdf


     Search term "Best+practice"+OR+"General+guidelines"+"Case+Study"+OR+"Case+Studies"+"PLC"+OR+"FPGA"
     Title The impact of strategic transformation on employee productivity
     Author ['JJ Oliver']
     Venue Strategic HR Review
     Year 2018
     Abstract paper provides a longitudinal analysis of how media firms, Sky Plc and Pearson Plc, adapted, reconfigured  Oliver, J. (2018), "The impact of strategic transformation on employee productivity: Short case studies and research papers that demonstrate best practice in HR
     Url https://www.emerald.com/insight/content/doi/10.1108/SHR-10-2017-0069/full/html


     Search term "Best+practice"+OR+"General+guidelines"+"Case+Study"+OR+"Case+Studies"+"PLC"+OR+"FPGA"
     Title Energy efficiency in the water industry, a global research project
     Author ['M Brandt', 'R Middleton', 'G Wheale']
     Venue Water Practice and …
     Year 2011
     Abstract The Compendium is therefore a collection of best practice case studies and a review of the best technologies for  The study reviewed the opportunities and related case studies for the components listed in Table 1: Water Cycle Matrix and Global Case Study Summary
     Url https://iwaponline.com/wpt/article-abstract/6/2/wpt2011028/21215


     Search term "Best+practice"+OR+"General+guidelines"+"Case+Study"+OR+"Case+Studies"+"PLC"+OR+"FPGA"
     Title Best practice in acquiring a mine closure certificate–a critical analysis of the De Beers Oaks Diamond Mine, South Africa
     Author ['ND Botham', 'CJ Kelso', 'HJ Annegarn']
     Venue Mine Closure
     Year 2011
     Abstract In this paper, the authors use a case study and interview approach to critically examine the mine closure procedure of the De Beers Oaks Diamond Mine, Limpopo, as it  Best practice in acquiring a mine closure certificate – a critical analysis of  Recent Mine Closure Case Studies
     Url https://papers.acg.uwa.edu.au/d/1152_108_Botham/108_Botham.pdf


     Search term "Best+practice"+OR+"General+guidelines"+"Case+Study"+OR+"Case+Studies"+"PLC"+OR+"FPGA"
     Title Carbon Brainprint Case Study: ceramic coatings for jet engine turbine blades
     Author ['DJ Parsons', 'JC Chatterton', 'JR Nicholls']
     Venue NA
     Year 2011
     Abstract Sustainable Development in Higher Education programme, with support for case studies from Santander  of the steering group, and the Carbon Trust advised on best practice in carbon  Case study expert: Professor John Nicholls, School of Applied Sciences, Cranfield University
     Url https://dspace.lib.cranfield.ac.uk/handle/1826/6804


     Search term "Best+practice"+OR+"General+guidelines"+"Case+Study"+OR+"Case+Studies"+"PLC"+OR+"FPGA"
     Title Corporate governance and disclosure in Nigeria: An empirical study
     Author ['AM Dembo', 'S Rasaratnam']
     Venue Procedia-Social and Behavioral …
     Year 2014
     Abstract This paper outlines a sample case study of 'best practice' as per the Nigerian 2011 code which can be adapted as role 'model'. Oando PLC, one of the top 30 companies, is identified as the company which had complied with the Nigerian corporate governance code, in reference
     Url http://repo.uum.edu.my/13375/


     Search term "Best+practice"+OR+"General+guidelines"+"Case+Study"+OR+"Case+Studies"+"PLC"+OR+"FPGA"
     Title Human factors in product design: current practice and future trends
     Author ['W Green', 'PW Jordan']
     Venue NA
     Year 1999
     Abstract com Taylor & Francis Group is the Academic Division of Informa plc  and M. WAN LEEUWEN Usability Testing under Time-Pressure in Design Practice Case Study R. KAHMANN and L  Study G. DE WRIES and GI JOHNSON Prototypes on Trial MJ ROODEN Best Practice isn't
     Url https://books.google.com/books?hl=en&lr=&id=3U1ZDwAAQBAJ&oi=fnd&pg=PP1&dq=%22Best+practice%22+OR+%22General+guidelines%22+%22Case+Study%22+OR+%22Case+Studies%22+%22PLC%22+OR+%22FPGA%22&ots=jFAeZ4vXq2&sig=g0JWZMWS1ibc6L5QILQpn0G53tk


     Search term "Best+practice"+OR+"General+guidelines"+"Case+Study"+OR+"Case+Studies"+"PLC"+OR+"FPGA"
     Title Consumers' engagement in co-creation of value and crowfunding: naked wine as a best practice
     Author ['A Mariani', 'A Cataldo', 'A Vastola']
     Venue Calitatea
     Year 2014
     Abstract the novelty of the phenomenon and the exploratory nature of the research, we have chosen a case-study approach  Summing up, according to our analysis NW experience could be considered as a best practice for other business characterized  and Naked Fine Wine Bonds plc)
     Url https://www.iris.unina.it/retrieve/handle/11588/798768/325560/Q-as_Vol.15_No.143_December-2014_p70-73.pdf


     Search term "Best+practice"+OR+"General+guidelines"+"Case+Study"+OR+"Case+Studies"+"PLC"+OR+"FPGA"
     Title CRH plc: Strategy-Driven Achievement
     Author ['MPJ Moroney']
     Venue Irish Journal of Management
     Year 2014
     Abstract A range of primary and secondary research was undertaken for the purposes of this case study  100 CRH plc: Strategy-Driven Achievement  structure has evolved to a more product-based organi- sation, to bring greater focus to business development and sharing best practice
     Url http://search.proquest.com/openview/ef887d00ed79c11963251765053462ec/1?pq-origsite=gscholar&cbl=10069


     Search term "Best+practice"+OR+"General+guidelines"+"Case+Study"+OR+"Case+Studies"+"PLC"+OR+"FPGA"
     Title Assessing Value Creation Through NAf MA: Selected Case Studies of Malaysian Firms.
     Author ['S Sulaiman', 'N Omar']
     Venue Asia-Pacific Management …
     Year 2006
     Abstract ASSESSING VALUE CREATION THROUGH NAfMA: SELECTED CASE STUDIES OF MALAYSIAN FIRMS  The Best Practice award focuses on fully implemented management accounting systems that set  Two companies each from the PLC and MNC categories were awarded
     Url http://arionline.uitm.edu.my/ojs/index.php/APMAJ/article/view/358


     Search term "Best+practice"+OR+"General+guidelines"+"Case+Study"+OR+"Case+Studies"+"PLC"+OR+"FPGA"
     Title eLearning plus facilitation–a novel approach for developing countries
     Author ['', 'M Leoseng', 'S Vassana', 'CATT PLC']
     Venue International journal of the …
     Year 2004
     Abstract Extensive use of case studies and group working methods (factors c, d, f and g) helped to ensure that all fifty participants successfully completed the course  3 Case study – Designing web-based materials  Training-of-Trainer solution Training Best practice Lectures Multimedia
     Url http://ijcim.th.org/past_editions/2004V12N2(SP)/pdf/p142-150-Morse_Leoseng_Soonthorn_eLearning%20plus%20facilitation.pdf


     Search term "Best+practice"+OR+"General+guidelines"+"Case+Study"+OR+"Case+Studies"+"PLC"+OR+"FPGA"
     Title Sampling and testing for landfill waste acceptance criteria compliance: case studies
     Author ['A Graham', 'K Lewin']
     Venue NA
     Year NA
     Abstract [Not Found]
     Url [Not Found]


     Search term "Best+practice"+OR+"General+guidelines"+"Case+Study"+OR+"Case+Studies"+"PLC"+OR+"FPGA"
     Title Contracting strategies for the project environment
     Author ['I Thompson', 'A Cox', 'L Anderson']
     Venue European Journal of Purchasing & …
     Year 1998
     Abstract to develop Optimum Contracting Strategies which will more successfully serve business needs and ensure 'best practice' project procurement  industry case studies to propose  1997); it resulted in more than 80 industrial interviews and over 40 individual case study reviews to
     Url https://www.sciencedirect.com/science/article/pii/S0969701298000057


     Search term "Best+practice"+OR+"General+guidelines"+"Case+Study"+OR+"Case+Studies"+"PLC"+OR+"FPGA"
     Title Scalable FPGA-based projects via static and dynamic parameterization technique
     Author ['V Kulanov', 'A Perepelitsyn']
     Venue The 10th International Conference …
     Year 2014
     Abstract V. CASE STUDY: FLEXIBLE GALOIS FIELD MULTIPLIER The best practice for the  and dynamic parameterization approach during the design process of DSP modules, encryption algorithms or some hardware implemented math functions on an FPGA platform
     Url https://ieeexplore.ieee.org/abstract/document/6868710/

