Showing papers for search query "Best+practice"+OR+"General+guidelines"+"Hardware+simulation"+"Medical"

     Search term "Best+practice"+OR+"General+guidelines"+"Hardware+simulation"+"Medical"
     Title Novel methods for endoscopic training‏
     Author ['CE Gessner', 'PS Jowell', 'J Baillie']
     Venue Gastrointestinal Endoscopy Clinics of …, 1995‏
     Year NA
     Abstract its first general guidelines on training in gastroenterology"; these included general guidelines for endoscopic  Potential applica- tions extend from medical student instruction (a "virtual cadaver") to  Guy CN., Gillies DF, Burger P, et al: Hardware simulation of endoscope loops for   ‏
     Url https://www.sciencedirect.com/science/article/pii/S1052515718304434


     Search term "Best+practice"+OR+"General+guidelines"+"Hardware+simulation"+"Medical"
     Title The craft of system security‏
     Author ['S Smith', 'J Marchesini']
     Venue 2007‏
     Year NA
     Abstract Standards 11.1.1. Common Criteria 11.1.2. NIST 11.1.3. ANSI 11.1.4. PKCS 11.1.5. RFCs Page 15. 11.1.6. Flaws in Standards 11.2. Policy Compliance 11.2.1. HIPAA 11.2.2. SOX 11.2.3. GLBA 11.2.4. Best Practice Frameworks 11.2.5. Audit 11.3   ‏
     Url https://books.google.com/books?hl=ar&lr=&id=8fNz4cqWKKUC&oi=fnd&pg=PT29&dq=%22Best+practice%22+OR+%22General+guidelines%22+%22Hardware+simulation%22+%22Medical%22&ots=aVdm7OM3Dm&sig=3X3i1qJE_QRmrnu5TAfxalq-Ico


     Search term "Best+practice"+OR+"General+guidelines"+"Hardware+simulation"+"Medical"
     Title Co-verification of hardware and software for ARM SoC design‏
     Author ['J Andrews']
     Venue 2004‏
     Year NA
     Abstract Electronics .....5 Wireless.....5 Medical.....5 Networking  looking to develop best practice techniques for SoC   ‏
     Url https://books.google.com/books?hl=ar&lr=&id=qbfi3tJJhPEC&oi=fnd&pg=PP1&dq=%22Best+practice%22+OR+%22General+guidelines%22+%22Hardware+simulation%22+%22Medical%22&ots=YDZlLvmvql&sig=joSFJZTe7MuXq9XwsWZPjj9QGOw


     Search term "Best+practice"+OR+"General+guidelines"+"Hardware+simulation"+"Medical"
     Title Architecture-Centric Modeling, Analysis, and Verification of Cyber-Physical Systems‏
     Author ['S Nakajima', 'JP Talpin', 'M Toyoshima', 'H Yu']
     Venue 2016‏
     Year NA
     Abstract improvement of many non-electronic products such as cars, airplanes, medical equipment, domestic  Current best practice of building and then testing software-reliant mission and safety critical  The cornerstone of SimSoC is a library of hardware simulation modules, that include   ‏
     Url https://shonan.nii.ac.jp/docs/5296fabd2d5262bb0fd4870004bc2ac0e46b3015.pdf


     Search term "Best+practice"+OR+"General+guidelines"+"Hardware+simulation"+"Medical"
     Title The Design and Use of a Smartphone Data Collection Tool and Accompanying Configuration‏
     Author ['D Knowles']
     Venue 2014‏
     Year NA
     Abstract In the western world, the medical community has increasingly sought to enhance the health of the population via evidence- based methodologies [19]  used, or that prolonged, increased blood pressure measures be used to trigger medical notifications. It is also   ‏
     Url https://www.academia.edu/download/36944055/KNOWLES-THESIS.pdf


     Search term "Best+practice"+OR+"General+guidelines"+"Hardware+simulation"+"Medical"
     Title Pre-Silicon Verification of Tegra Image Signal Processor‏
     Author ['N Ansari', 'S Lee', 'Z Wu']
     Venue 2012‏
     Year NA
     Abstract will be explained in the next section. 3.2.2 RTAPI (RunTest Application Programming Interface) The RTAPI is a hardware simulation test bench. According to the NVIDIA RTAPI internal Wikipedia page, “The RunTest API (RTAPI) provides a mechanism to define robust   ‏
     Url http://m.wpi.edu/Pubs/E-project/Available/E-project-030612-031854/unrestricted/MQPReportFinal_confidential_removed.pdf


     Search term "Best+practice"+OR+"General+guidelines"+"Hardware+simulation"+"Medical"
     Title Policies, News, and Updates‏
     Author ['M Croxford', 'R Chapman', 'G Miller', 'TL Bennett']
     Venue crosstalk, 2005‏
     Year NA
     Abstract This article presents an approach that has delivered software with very low defect rates cost-effectively. We describe the technical details of the approach and the results achieved, and discuss how to overcome barriers to adopting such best practice approaches   ‏
     Url http://citeseerx.ist.psu.edu/viewdoc/download?doi=10.1.1.117.427&rep=rep1&type=pdf


     Search term "Best+practice"+OR+"General+guidelines"+"Hardware+simulation"+"Medical"
     Title CrossTalk: The Journal of Defense Software Engineering. Volume 18, Number 12‏
     Author ['M Croxford', 'R Chapman', 'G Miller', 'TL Bennett']
     Venue 2005‏
     Year NA
     Abstract [Not Found]
     Url [Not Found]


     Search term "Best+practice"+OR+"General+guidelines"+"Hardware+simulation"+"Medical"
     Title Product management: visualization technology and 3D simulator of Aker Solutions‏
     Author ['T Tongpradith']
     Venue 2014‏
     Year NA
     Abstract systems. 2.1.2 Development of Visualization Technology System The advances in graphics and hardware simulation technology have significantly developed  Aerospace, transport, Architecture & Design, Education & training, health & medical and other more nowadays   ‏
     Url https://uis.brage.unit.no/uis-xmlui/handle/11250/220123


     Search term "Best+practice"+OR+"General+guidelines"+"Hardware+simulation"+"Medical"
     Title Dynamic memory management for embedded real-time multiprocessor system-on-a-chip‏
     Author ['MA Shalan']
     Venue 2003‏
     Year NA
     Abstract Page 1. DYNAMIC MEMORY MANAGEMENT FOR EMBEDDED REAL-TIME MULTIPROCESSOR SYSTEM ON A CHIP A Thesis Presented to The Academic Faculty by Mohamed A. Shalan In Partial Fulfillment of the Requirements for the Degree of Doctor of Philosophy   ‏
     Url https://smartech.gatech.edu/handle/1853/5304


     Search term "Best+practice"+OR+"General+guidelines"+"Hardware+simulation"+"Medical"
     Title PIC microcontrollers: an introduction to microelectronics‏
     Author ['M Bates']
     Venue 2011‏
     Year NA
     Abstract Notices Knowledge and best practice in this field are constantly changing. As new research and experience broaden our understanding, changes in research methods, professional practices, or medical treatment may become necessary   ‏
     Url https://books.google.com/books?hl=ar&lr=&id=pdbf2HuMzREC&oi=fnd&pg=PP1&dq=%22Best+practice%22+OR+%22General+guidelines%22+%22Hardware+simulation%22+%22Medical%22&ots=S75DdI3BDi&sig=TWZe-o9PWNFZXKPnkmNPQaReA-0


     Search term "Best+practice"+OR+"General+guidelines"+"Hardware+simulation"+"Medical"
     Title Embedded systems handbook‏
     Author ['R Zurawski']
     Venue 2005‏
     Year NA
     Abstract It gives an overview of the design issues and stages. Then, the chapter presents, in quite some detail, the functional design, function/architecture and hardware/software codesign, and hardware/software coverification and hardware simulation   ‏
     Url https://books.google.com/books?hl=ar&lr=&id=qYAqBgAAQBAJ&oi=fnd&pg=PP1&dq=%22Best+practice%22+OR+%22General+guidelines%22+%22Hardware+simulation%22+%22Medical%22&ots=agzdjFTZDb&sig=sRUyvM0jrWLHFRhUdYmS5KeESnY


     Search term "Best+practice"+OR+"General+guidelines"+"Hardware+simulation"+"Medical"
     Title Better Software. Faster!: Best Practices in Virtual Prototyping‏
     Author ['T De Schutter']
     Venue 2014‏
     Year NA
     Abstract Faster!” nicely merges a practical overview of the benefits of virtual prototypes with best practice case studies from real users  involved in software and/or systems development, across a range of industries including automotive, aerospace and defense, medical, mobile, industrial   ‏
     Url https://books.google.com/books?hl=ar&lr=&id=0VHKAwAAQBAJ&oi=fnd&pg=PP1&dq=%22Best+practice%22+OR+%22General+guidelines%22+%22Hardware+simulation%22+%22Medical%22&ots=cw6VucKrh_&sig=j9dyXKhDGZecRt6mxM0HEhic2Yg


     Search term "Best+practice"+OR+"General+guidelines"+"Hardware+simulation"+"Medical"
     Title Next generation technology-enhanced assessment: Global perspectives on occupational and workplace testing‏
     Author ['JC Scott', 'D Bartram', 'DH Reynolds']
     Venue 2017‏
     Year NA
     Abstract [Not Found]
     Url [Not Found]


     Search term "Best+practice"+OR+"General+guidelines"+"Hardware+simulation"+"Medical"
     Title Safecomp FastAbstract 25th September 2013‏
     Author ['MO Killijian']
     Venue 2013‏
     Year NA
     Abstract active redundancy. I. INTRODUCTION Embedded systems invade many sectors of human ac- tivity, such as medical applications, transportation, energy production, robotics, and telecommunication. The progresses achieved   ‏
     Url https://hal.archives-ouvertes.fr/hal-00926563/document


     Search term "Best+practice"+OR+"General+guidelines"+"Hardware+simulation"+"Medical"
     Title Embedded systems: world class designs‏
     Author ['J Ganssle']
     Venue 2007‏
     Year NA
     Abstract Page 1. |NCLUDES FREE NEWNE5 UNLINE M." EMBERSHIP – MBEDDED SYSTEMS Hand-picked content selected by embedded systems luminary Jack Ganssle Heal-world best design practices including chapters on FPGAs   ‏
     Url https://books.google.com/books?hl=ar&lr=&id=g85yH6tF1S4C&oi=fnd&pg=PP1&dq=%22Best+practice%22+OR+%22General+guidelines%22+%22Hardware+simulation%22+%22Medical%22&ots=EbDg4M3_oy&sig=js-FMtD2HKTMpZ2JPzhGydzGn4Y


     Search term "Best+practice"+OR+"General+guidelines"+"Hardware+simulation"+"Medical"
     Title Institute of Microelectronic Systems Prof. Dr. Dr. hc mult. Manfred Glesner Supervisor: Dr.-Ing. Thomas Hollstein‏
     Author ['S Jäger\u200f']
     Venue NA
     Year NA
     Abstract Page 1. Darmstadt University of Technology Department of Electrical Engineering and Information Technology Institute of Microelectronic Systems Prof. Dr. Dr. hc mult. Manfred Glesner Supervisor: Dr.-Ing. Thomas Hollstein DIPLOMA THESIS   ‏
     Url http://citeseerx.ist.psu.edu/viewdoc/download?doi=10.1.1.222.4078&rep=rep1&type=pdf


     Search term "Best+practice"+OR+"General+guidelines"+"Hardware+simulation"+"Medical"
     Title Impact of internet of everything technologies in sports-football‏
     Author ['MRC Pires']
     Venue 2018‏
     Year NA
     Abstract In terms of health and physical aspects, players can also be monitored through data collected in players' bodies to improve medical treatment in case of  families, coaches, and fans always keep in mind that health comes first. Past procedures, medical   ‏
     Url https://run.unl.pt/handle/10362/30073


     Search term "Best+practice"+OR+"General+guidelines"+"Hardware+simulation"+"Medical"
     Title A hybrid methodology to enable the verification of temporal properties as system-level.‏
     Author ['T Grimm']
     Venue 2019‏
     Year NA
     Abstract automotive, aerospace, and medical. The automotive industry, for instance, has  tions and DO-254 [68] for the aerospace industry, are mostly like general guidelines that include documentation, tools certification, and fault analysis, and have the role   ‏
     Url https://d-nb.info/1180027841/34


     Search term "Best+practice"+OR+"General+guidelines"+"Hardware+simulation"+"Medical"
     Title Enabling Energy Transparency for Deeply Embedded Programs‏
     Author ['K Georgiou']
     Venue 2017‏
     Year NA
     Abstract Page 1. Enabling Energy Transparency for Deeply Embedded Programs By KYRIAKOS GEORGIOU Department of Computer Science A dissertation submitted to the University of Bristol in ac- cordance with the requirements   ‏
     Url http://georgioukyriakos.com/docs/KyriakosGeorgiou.pdf


     Search term "Best+practice"+OR+"General+guidelines"+"Hardware+simulation"+"Medical"
     Title Introduction to problem solving in the Information Age‏
     Author ['D Moursund']
     Venue College of Education, University of Oregon, 2007‏
     Year NA
     Abstract Page 1. Introduction to Problem Solving in the Information Age Page 1 Introduction to Problem Solving in the Information Age David Moursund College of Education, University of Oregon Email: moursund@uoregon.edu   ‏
     Url https://www.academia.edu/download/51936264/PS-in-IA.pdf


     Search term "Best+practice"+OR+"General+guidelines"+"Hardware+simulation"+"Medical"
     Title GRADUATE HANDBOOK‏
     Author ['T Grotjohn']
     Venue 2012‏
     Year NA
     Abstract Page 1. GRADUATE HANDBOOK MS and Ph.D. Programs in Electrical Engineering at Michigan State University Timothy Grotjohn – Chairperson Michael Shanblatt – Associate Chair for Graduate Studies John Deller – Associate   ‏
     Url https://www.egr.msu.edu/graduate/sites/default/files/content/graduate-student-handbook_-_3-26-12_0.pdf


     Search term "Best+practice"+OR+"General+guidelines"+"Hardware+simulation"+"Medical"
     Title Corporate Social Networking: Risks and Opportunities‏
     Author ['JHS Straumsheim']
     Venue 2011‏
     Year NA
     Abstract businesses? This research questions is not followed up with an hypothesis, as it intends to investigate what could be considered ―best practice‖ for security policies for businesses using social networks. 1.6 Hypotheses From   ‏
     Url https://ntnuopen.ntnu.no/ntnu-xmlui/handle/11250/144018


     Search term "Best+practice"+OR+"General+guidelines"+"Hardware+simulation"+"Medical"
     Title BRIDGING THE GAP BETWEEN ACADEMIA AND...‏
     Author ['NJ SHANONO', 'MM MAINA']
     Venue Proceedings Of the National Conference On …, 2014‏
     Year NA
     Abstract Home; Add Document; Sign In; Create An Account. BRIDGING THE GAP BETWEEN ACADEMIA AND ... Recommend Documents. BRIDGING THE GAP BETWEEN ACADEMIA AND ... Apr 16, 2004 - farmers and contractors, this is the easiest and cheapest way to   ‏
     Url https://moam.info/bridging-the-gap-between-academia-and-_59a574581723dd0b40ac92bc.html

