Showing papers for search query "Best+practice"+OR+"General+guidelines"+"Concurrent+Engineering"+"Factory"

     Search term "Best+practice"+OR+"General+guidelines"+"Concurrent+Engineering"+"Factory"
     Title The historical roots of concurrent engineering fundamentals
     Author ['RP Smith']
     Venue IEEE Transactions on Engineering Management
     Year 1997
     Abstract More machine hours are made available for other tasks, and thus the capacity of the factory is virtually  done at Harvard Business School on industrial practice [60], [61], [73], surveys of best practice in industry  The complete package of concurrent engineering existed at that time
     Url https://ieeexplore.ieee.org/abstract/document/552809/


     Search term "Best+practice"+OR+"General+guidelines"+"Concurrent+Engineering"+"Factory"
     Title Systemic analysis of concurrent engineering practice
     Author ['BT Clegg', 'JT Boardman']
     Venue … International Conference on Factory …
     Year 1997
     Abstract 5th International Conference on FACTORY 2000,2-4 April 1997, Conference Publication  Business Process Reengineering (BPR), Soft Systems Methodology (SSM) and Concurrent Engineering (CE) to  up and how improvements can be achieved by applying CE best practice
     Url https://ieeexplore.ieee.org/abstract/document/608107/


     Search term "Best+practice"+OR+"General+guidelines"+"Concurrent+Engineering"+"Factory"
     Title Project planning in a concurrent engineering environment
     Author ['A Matin', 'S Evans']
     Venue … Third International Conference on Factory …
     Year 1992
     Abstract An inability to plan soft dependencies between tasks and the lack of a best practice advise system limits the application of standard  The resulting solution is expected to deliver practicable support to project planners in today's complex Concurrent Engineering environments
     Url https://ieeexplore.ieee.org/abstract/document/171895/


     Search term "Best+practice"+OR+"General+guidelines"+"Concurrent+Engineering"+"Factory"
     Title Best practice and performance within Northeast manufacturing
     Author ['V Prabhu', 'D Yarrow', 'G Gordon-Hart']
     Venue Total Quality Management
     Year 2000
     Abstract An example of this has been the annual UK Best Factory Award, commenced in  which has led to the publication of this empirical evidence on best practice in recent  that links practice in six diþerent areas of manufacturing (total quality, concurrent engineering, lean production
     Url https://www.tandfonline.com/doi/abs/10.1080/0954412007053


     Search term "Best+practice"+OR+"General+guidelines"+"Concurrent+Engineering"+"Factory"
     Title Alternative paradigms for manufacturing strategy
     Author ['CA Voss']
     Venue International Journal of Operations & Production …
     Year 1995
     Abstract They define for a given context the dimensions and choices on which a factory should be focused  They define world class as having best practice in total quality, concurrent engineering, lean production, manufacturing systems, logistics and organization and practice
     Url https://www.emerald.com/insight/content/doi/10.1108/01443579510083587/full/html?queryID=7%2F5407271


     Search term "Best+practice"+OR+"General+guidelines"+"Concurrent+Engineering"+"Factory"
     Title Walk don't run [manufacturing]
     Author ['F Wilson']
     Venue Manufacturing Engineer
     Year 2003
     Abstract 1 THE IBM/LBS BEST PRACTICE MODEL  to manufacturing, will struggle to make real progress in improving the quality & speed of product development and concurrent engineering  It is beneficial to implement a lean project in a pilot area within the factory and use the success
     Url https://digital-library.theiet.org/content/journals/10.1049/me_20030304


     Search term "Best+practice"+OR+"General+guidelines"+"Concurrent+Engineering"+"Factory"
     Title Improving the new product introduction process in manufacturing companies
     Author ['PC Ruffles']
     Venue International Journal of Manufacturing …
     Year 2000
     Abstract Each skill can be assigned an 'owner' whose responsibility it is to promote the best practice for that skill and  geometry by design and manufacturing engineers during the product definition phase will enable best use of concurrent engineering practices  6.3 Factory simulation
     Url https://www.inderscienceonline.com/doi/abs/10.1504/IJMTM.2000.001332


     Search term "Best+practice"+OR+"General+guidelines"+"Concurrent+Engineering"+"Factory"
     Title Academic and industrial user needs for a concurrent engineering computer simulation game
     Author ['J Riedelt', 'KS Pawar', 'R Barson']
     Venue Concurrent Engineering
     Year 2001
     Abstract The game will aim to realistically simulate the collaborative and cooperative process of product development inherent in a concurrent engineering approach  The product's manufacturability will be put to the test in the simulated factory to produce the final products
     Url https://journals.sagepub.com/doi/abs/10.1177/1063293x0100900304


     Search term "Best+practice"+OR+"General+guidelines"+"Concurrent+Engineering"+"Factory"
     Title A concurrent engineering methodology using analogies to Just-In-Time concepts
     Author ['T Adachi', 'T Enkawa', 'LC Shih']
     Venue THE INTERNATIONAL JOURNAL …
     Year 1995
     Abstract in limited areas. A factory is a good example where these conditions are present. They are not  relationship between them. 3. Concurrent engineering framework and JIT analogy viewpoints 3.1. Classification ofdevelopment operations
     Url https://www.tandfonline.com/doi/abs/10.1080/00207549508930167


     Search term "Best+practice"+OR+"General+guidelines"+"Concurrent+Engineering"+"Factory"
     Title An investigation by case study of the development and implementation of new product development procedures in an electronic component manufacturer
     Author ['A Filby-Filson']
     Venue NA
     Year 2000
     Abstract Inhoduction Best Practice Review Case Study Summary NEW PRODUCT DEVELOPMENT IN SMALL MANUFACTURING GOMPANIES Introduction Context Product Development in Small Engineering & Manufacturing Companies Concurrent Engineering Summary 3 4 6 10 10
     Url https://repository.cardiffmet.ac.uk/handle/10369/6513


     Search term "Best+practice"+OR+"General+guidelines"+"Concurrent+Engineering"+"Factory"
     Title Electronics product design best practice-an international perspective
     Author ['JP Bennett', 'PF Culverhouse']
     Venue … Conference on Factory …
     Year 1992
     Abstract by presenting a number of practical ways in which Westem electronics firms, by learning from intema- tional “best practice,” can effect  which will be discussed under the follow- ing headings: a Design Process Management a Design-for-manufacture a Concurrent Engineering
     Url https://ieeexplore.ieee.org/abstract/document/171897/


     Search term "Best+practice"+OR+"General+guidelines"+"Concurrent+Engineering"+"Factory"
     Title Alternative paradigms for manufacturing strategy
     Author ['CA Voss']
     Venue International Journal of Operations & Production …
     Year 2005
     Abstract They define for a given context the dimensions and choices on which a factory should be focused  They define world class as having best practice in total quality, concurrent engineering, lean production, manufacturing systems, logistics and organization and practice
     Url https://www.ingentaconnect.com/content/mcb/024/2005/00000025/00000012/art00009


     Search term "Best+practice"+OR+"General+guidelines"+"Concurrent+Engineering"+"Factory"
     Title Future manufacturing systems—towards the extended enterprise
     Author ['J Browne', 'PJ Sackett', 'JC Wortmann']
     Venue Computers in industry
     Year 1995
     Abstract Concurrent Engineering is becoming accepted but understanding of best practice on how  If the challenge of CIM in the past was to realise integration within the factory, the challenge to manufacturing in the future is to facilitate inter-enterprise networking across
     Url https://www.sciencedirect.com/science/article/pii/016636159400035O


     Search term "Best+practice"+OR+"General+guidelines"+"Concurrent+Engineering"+"Factory"
     Title The Evolution of Production Models: Is a New Paradigm
     Author ['E Bartezzaghi']
     Venue Operations Management: Operations management …
     Year 2006
     Abstract [Not Found]
     Url [Not Found]


     Search term "Best+practice"+OR+"General+guidelines"+"Concurrent+Engineering"+"Factory"
     Title Best practice within North East industry
     Author ['V Prabhu', 'D Yarrow']
     Venue Northern …
     Year 1998
     Abstract [Not Found]
     Url [Not Found]


     Search term "Best+practice"+OR+"General+guidelines"+"Concurrent+Engineering"+"Factory"
     Title Lean development
     Author ['F Ballé', 'M Ballé']
     Venue Business Strategy Review
     Year 2005
     Abstract people would say “It's a kanban system”, another fifteen would know enough of its working in the factory to say  The same can probably be said about Toyota's product development process by replacing “kanban” with “concurrent engineering” which is probably the  Best Practice
     Url http://lean.telecom-paristech.fr/wiki/pub/Lean/LesPublications/LeanDevBalleBalle.pdf


     Search term "Best+practice"+OR+"General+guidelines"+"Concurrent+Engineering"+"Factory"
     Title Industry requirements and associated research issues in the extended enterprise
     Author ['J Browne', 'P Sackett', 'H Wortmann']
     Venue Integrated Manufacturing Systems …
     Year 1995
     Abstract In the past the response was to make the factory more efficient and responsive by devel  Lon~ Term 1. Development of a Negotiation Environment in Concurrent Engineering  with changes and uncertainty can be fostered, its formal basis defined and best practice replicated and
     Url https://link.springer.com/chapter/10.1007/978-0-387-34919-0_2


     Search term "Best+practice"+OR+"General+guidelines"+"Concurrent+Engineering"+"Factory"
     Title Working towards agile manufacturing in the UK industry
     Author ['JM Sharp', 'Z Irani', 'S Desai']
     Venue International Journal of production economics
     Year 1999
     Abstract further requires an all encompassing view, whereas lean production is typically associated only with the factory floor. •  the positioning of a selection of department of trade and industry identified practitioners of best practice, in their  concurrent engineering and rapid prototyping;
     Url https://www.sciencedirect.com/science/article/pii/S092552739800228X


     Search term "Best+practice"+OR+"General+guidelines"+"Concurrent+Engineering"+"Factory"
     Title Concurrent engineering and virtual reality for human resource planning
     Author ['VG Duffy', 'G Salvendy']
     Venue Computers in Industry
     Year 2000
     Abstract the process or a collective agreement within a company that these methods helped formulate best practice, the trend  industry and should continue to incorporate the knowledge obtained from the past concurrent engineering efforts in  In an Internet virtual factory, subjects viewing
     Url https://www.sciencedirect.com/science/article/pii/S0166361599000652


     Search term "Best+practice"+OR+"General+guidelines"+"Concurrent+Engineering"+"Factory"
     Title Integrated Product and Factory Design for Lithium-Ion Batteries
     Author ['A Kampker', 'B Franzkoch', 'C Nowacki']
     Venue Future Trends in …
     Year 2013
     Abstract Integrated Product and Factory Design for Lithium-Ion Batteries  Existing approaches such as the simultaneous or concurrent engineering demand an egalitarian development of  order to derive product specifications from the function “manufacturability”, best-practice solutions of
     Url https://link.springer.com/chapter/10.1007/978-3-642-24491-9_7


     Search term "Best+practice"+OR+"General+guidelines"+"Concurrent+Engineering"+"Factory"
     Title Prefabrication for lean building services distribution
     Author ['MJ Mawdesley', 'G Long']
     Venue NA
     Year NA
     Abstract [Not Found]
     Url [Not Found]


     Search term "Best+practice"+OR+"General+guidelines"+"Concurrent+Engineering"+"Factory"
     Title Benchmarking best practice in European manufacturing sites
     Author ['P Hanson', 'C Voss']
     Venue … Process Re-engineering & Management Journal
     Year 1995
     Abstract Concurrent engineering  Implementation of best practice is something that happens at the specific site and for this reason the target respondent is the senior executive at  that the session should take no more than an hour‐and‐a‐half of the executive's time, with a factory tour as
     Url https://www.emerald.com/insight/content/doi/10.1108/14637159510798220/full/html


     Search term "Best+practice"+OR+"General+guidelines"+"Concurrent+Engineering"+"Factory"
     Title Lean construction
     Author ['L Alarcón']
     Venue NA
     Year 1997
     Abstract [Not Found]
     Url [Not Found]


     Search term "Best+practice"+OR+"General+guidelines"+"Concurrent+Engineering"+"Factory"
     Title Virtual reality applications in manufacturing industries: Past research, present findings, and future directions
     Author ['SS Choi', 'K Jung', 'SD Noh']
     Venue Concurrent Engineering
     Year 2015
     Abstract Virtual reality applications in manufacturing industries: Past research, present findings, and future directions. SangSu Choi, Kiwook Jung, and Sang Do Noh. Concurrent Engineering 2015 23:1, 40-63. Download Citation  Concurrent Engineering 2015 23:1, 40-63. Share. Share
     Url https://journals.sagepub.com/doi/abs/10.1177/1063293X14568814


     Search term "Best+practice"+OR+"General+guidelines"+"Concurrent+Engineering"+"Factory"
     Title Factory 2000 plus
     Author ['J Parnaby']
     Venue International journal of manufacturing …
     Year 2002
     Abstract open to new ideas best practice process design and team training  of the 1990s but some require further development or tailoring and no factory-based organization  For example, to facilitate the concurrent engineering approach to new product innovation, tools and techniques
     Url https://www.inderscienceonline.com/doi/abs/10.1504/IJMTM.2002.001442


     Search term "Best+practice"+OR+"General+guidelines"+"Concurrent+Engineering"+"Factory"
     Title A characterization of a business process
     Author ['A McKay', 'Z Radnor']
     Venue International Journal of Operations & Production …
     Year 1998
     Abstract is lacking and could be an aid in the development of a best practice method  Kimura, F. (1994, “Virtual manufacturing as a basis for concurrent engineering”, in Wozny, MJ and Olling, E  Pennington, A. (1997, “Realising the potential of product data engineering”, in Factory 2000
     Url https://www.emerald.com/insight/content/doi/10.1108/01443579810225522/full/html


     Search term "Best+practice"+OR+"General+guidelines"+"Concurrent+Engineering"+"Factory"
     Title Virtual team working in the European automotive industry: User requirements and a case study approach
     Author ['A May', 'C Carter', 'S Joyner']
     Venue Human Factors and Ergonomics in …
     Year 2000
     Abstract Concurrent engineering (CE), where integration of design and manufac- turing activities and maximum parallelism of working practices is achieved, is  to allow the storage, management and retrieval of static data (such as catalogues, standards, and best practice) and project
     Url https://onlinelibrary.wiley.com/doi/abs/10.1002/1520-6564(200022)10:3%3C273::AID-HFM4%3E3.0.CO;2-F


     Search term "Best+practice"+OR+"General+guidelines"+"Concurrent+Engineering"+"Factory"
     Title Part I System Innovation
     Author ['N Wognum', 'R Curran', 'S Fukuda', 'B Hollerit', 'H Miyata']
     Venue NA
     Year NA
     Abstract 315 Marcin Januszka and Wojciech Moczulski Finite Element Analysis Process in Design Engineering: Best Practice  693 Thomas Mechlinski Determining Concurrent Engineering Maturity Levels  Contents xix Page 8. Part VIII CE within the Digital Factory
     Url https://www.researchgate.net/profile/Josip_Stjepandic/publication/281449424_9781447144250-t1/links/55e8284008ae21d099c168b6.pdf


     Search term "Best+practice"+OR+"General+guidelines"+"Concurrent+Engineering"+"Factory"
     Title Innovation index and its implications on organisational performance: a study of Australian manufacturing companies
     Author ['S Yamin', 'A Gunasekaran']
     Venue International Journal of …
     Year 1999
     Abstract Dr. Gunasekaran is currently interested in researching Agile Manufacturing, Concurrent Engineering, Management Information  between organizational innovation and performance in Australia Best Practice Companies  1984) 'Functional integration is the key to the factory of the
     Url https://www.inderscienceonline.com/doi/abs/10.1504/IJTM.1999.002733


     Search term "Best+practice"+OR+"General+guidelines"+"Concurrent+Engineering"+"Factory"
     Title Teledesic: a product, process, and supply chain design methodology
     Author ['LC Mansfield']
     Venue NA
     Year 1998
     Abstract Current industry best practice in design achieves concurrent engineering through Integrated Product Teams (IPTs) at the design phase of a project  Current industry best practice in design achieves concurrent engineering through Integrated Product Teams
     Url https://dspace.mit.edu/bitstream/handle/1721.1/47595/41494585-MIT.pdf?sequence=2


     Search term "Best+practice"+OR+"General+guidelines"+"Concurrent+Engineering"+"Factory"
     Title The use of serious games in the education of engineers
     Author ['JMB Hauge', 'B Pourabdollahian']
     Venue … Conference on Advances …
     Year 2012
     Abstract The product's manufacturability will be put to the test in the simulated factory to produce the final products  x To impart and improve knowledge of the most common Concurrent Engineering rules and tools. x x To acquire best practice in the Concurrent Engineering domain x
     Url https://link.springer.com/chapter/10.1007/978-3-642-40352-1_78


     Search term "Best+practice"+OR+"General+guidelines"+"Concurrent+Engineering"+"Factory"
     Title Empirical Study of Creating Engineering Knowledge through Simulation Gaming–the Case of COSIGA
     Author ['D Melis Sakiroglu', 'J ckh Riedel', 'KS Pawar']
     Venue NA
     Year NA
     Abstract [Not Found]
     Url [Not Found]


     Search term "Best+practice"+OR+"General+guidelines"+"Concurrent+Engineering"+"Factory"
     Title FACTORY 2000 COMPETITIVE PERFORMANCE THROUGH ADVANCED TECHNOLOGY
     Author ['VD Elektrotechniker']
     Venue NA
     Year 1992
     Abstract Oracle Corporation UK Ltd, UK 298 'Project planning in a concurrent engineering environment' A  Systems Ltd, UK CAD/CAM TOOLS 310 "Electronics product design best practice - an International  I Bettles The Smallpiece Trust, UK 322 'A configurable factory cell controller1 R
     Url https://ieeexplore.ieee.org/iel3/1194/4429/x0265295.pdf


     Search term "Best+practice"+OR+"General+guidelines"+"Concurrent+Engineering"+"Factory"
     Title Focus on implementation: a framework for lean product development
     Author ['L Wang', 'XG Ming', 'FB Kong', 'D Li']
     Venue Journal of Manufacturing …
     Year 2012
     Abstract weaknesses in terms of the realistic aspect and feasibility, and combines more existing best practice from industry  system consisting of five major principles: “value focus”, “entrepreneur system designer”, “set‐based concurrent engineering”, “cadence, flow  Start in the factory
     Url https://www.emerald.com/insight/content/doi/10.1108/17410381211196267/full/html


     Search term "Best+practice"+OR+"General+guidelines"+"Concurrent+Engineering"+"Factory"
     Title Modelling in product and supply chain design: literature survey and case study
     Author ['P Appelqvist', 'JM Lehtonen', 'J Kokkonen']
     Venue Journal of Manufacturing …
     Year 2004
     Abstract Patria's use of modelling as a tool to support concurrent engineering provides an example of  S., Choong, NF, Aye, KM and Luo, M. (2001), “Virtual factory: an integrated  Abramovici, M. (2002), “Best practice implementation strategies for maximizing the benefits for PDM/PLM
     Url https://www.emerald.com/insight/content/doi/10.1108/17410380410555916/full/html


     Search term "Best+practice"+OR+"General+guidelines"+"Concurrent+Engineering"+"Factory"
     Title Agile value chains for manufacturing–implications for performance measures
     Author ['CJ Backhouse', 'ND Burns']
     Venue International Journal of Agile …
     Year 1999
     Abstract Thus the dilemma that Handy describes is one whereby we either aim for best practice and manage through trust or we face up to the  (Eds), Concurrent Engineering: What's Working  211‐29. Suda, H. (1989), “Future factory system formulated in Japan”, Technology Japan, Vol
     Url https://www.emerald.com/insight/content/doi/10.1108/14654659910280893/full/html


     Search term "Best+practice"+OR+"General+guidelines"+"Concurrent+Engineering"+"Factory"
     Title Concurrent engineering-processes and techniques for the agile manufacturing enterprise
     Author ['SS Medhat', 'JL Rook']
     Venue NA
     Year 1997
     Abstract less ZOO-600% higher 20-115% higher 5th International Conference on FACTORY 2000, 2-4  developed standards t.hat could facilitate the implementation of a concurrent engineering environment  is a technique that goes way beyond the articulation of best practice axioms for
     Url https://digital-library.theiet.org/content/conferences/10.1049/cp_19970114


     Search term "Best+practice"+OR+"General+guidelines"+"Concurrent+Engineering"+"Factory"
     Title Lean construction
     Author ['L Koskela']
     Venue Proceedings of the National Construction and …
     Year 1994
     Abstract In Time (JIT) - Total Quality Management ('I'QM) - Time Based Competition - Concurrent Engineering - Process Redesign  up by external information, which can be tapped through benchmarking with best practice  with mass production: half the human effort in the factory, half
     Url https://search.informit.com.au/documentSummary;dn=339189904208159;res=IELENG


     Search term "Best+practice"+OR+"General+guidelines"+"Concurrent+Engineering"+"Factory"
     Title Factory templates: A decision support framework for manufacturing processes management
     Author ['A Azevedo', 'A Almeida', 'Á Caldas']
     Venue 6th Iberian Conference on …
     Year 2011
     Abstract and manage documents, best practice techniques, processes and knowledge, as well as goals, requirements and concurrent engineering pr The dynamic strand must incorporate exercises, internal and external disturbances a performance evaluations of the real factory in com
     Url https://ieeexplore.ieee.org/abstract/document/5974180/


     Search term "Best+practice"+OR+"General+guidelines"+"Concurrent+Engineering"+"Factory"
     Title Process-waste reduction in the construction supply chain using proactive information network
     Author ['S Moon', 'S Han', 'PR Zekavat']
     Venue … Engineering
     Year 2017
     Abstract Concurrent Engineering 2016 25:2, 123-135. Download Citation. If you have the appropriate software installed, you can download article citation data to the citation manager of your choice  Concurrent Engineering 2016 25:2, 123-135. Share. Share
     Url https://journals.sagepub.com/doi/abs/10.1177/1063293X16667451


     Search term "Best+practice"+OR+"General+guidelines"+"Concurrent+Engineering"+"Factory"
     Title Overview on potentials and limitations of existing learning factory concept variations
     Author ['M Tisch', 'E Abele', 'J Metternich']
     Venue Learning Factories
     Year 2019
     Abstract variety of planning and simulation tasks, 49 like factory planning, layout planning, concurrent engineering, front-loading  The ESB Logistics Learning Factory is described by Prof. Vera Hummel, Fabian Ranz, and Jan Schumacher in the Best Practice Example 5. Open image in
     Url https://link.springer.com/chapter/10.1007/978-3-319-92261-4_9


     Search term "Best+practice"+OR+"General+guidelines"+"Concurrent+Engineering"+"Factory"
     Title Implementation strategies for design for manufacture methodologies
     Author ['KG Swift', 'NJ Brown']
     Venue Proceedings of the Institution of …
     Year 2003
     Abstract its product introduction process, enhance its production processes and adopt best-practice manufacturing methods  teams were created, ranging from design and purchasing through to factory tooling  teams were trained in and utilized a range of concurrent engineering tools and
     Url https://journals.sagepub.com/doi/abs/10.1243/09544050360673198


     Search term "Best+practice"+OR+"General+guidelines"+"Concurrent+Engineering"+"Factory"
     Title Managing new product design and development: an Anglo‐German study
     Author ['C Voss', 'K Blackmon', 'P Hanson']
     Venue Business Strategy …
     Year 1996
     Abstract Autumn 1996 Page 4. 4 Chris Voss, Kate Blackmon, Philip Hanson and Tim Claxton Figure 5 CONCURRENT ENGINEERING Poor Middle Good or best practice l ~ i ~ ~ ~ l i ~ 0 10 20 30 40 50 60 70 80 90 100 Figure 6 ENGINEERING AND MANUFACTURING SYSTEMS
     Url https://onlinelibrary.wiley.com/doi/abs/10.1111/j.1467-8616.1996.tb00127.x


     Search term "Best+practice"+OR+"General+guidelines"+"Concurrent+Engineering"+"Factory"
     Title Early and efficient quality assurance of risky technical parameters in a mechatronic design process
     Author ['S Biffi', 'A Lüder', 'N Schmidt']
     Venue IECON 2014-40th Annual …
     Year 2014
     Abstract design processes in automation sys- tems engineering projects require concurrent engineering of var  in research and development projects as well as in best- practice guidelines from  8]. Engineering processes have been detailed exploiting the general guidelines from research
     Url https://ieeexplore.ieee.org/abstract/document/7048864/


     Search term "Best+practice"+OR+"General+guidelines"+"Concurrent+Engineering"+"Factory"
     Title Research on theories and methodologies of integrated product development
     Author ['Y Yang', 'S Yu', 'D Chen', 'W Wang']
     Venue 2010 IEEE 11th International …
     Year 2010
     Abstract The framework is the essence of IPD representing the best practice on many  stage rely on modem information technology, appropriately use concurrent engineering ensure product  Development at Design and Manufacturing Company", Advanced Factory Automatio, 1994.10
     Url https://ieeexplore.ieee.org/abstract/document/5681985/


     Search term "Best+practice"+OR+"General+guidelines"+"Concurrent+Engineering"+"Factory"
     Title State of the art of serious games for business and industry
     Author ['JCKH Riedel', 'JB Hauge']
     Venue 2011 17th International Conference …
     Year 2011
     Abstract However, most real life business processes are like concurrent engineering, ie they involve both  Supply chain management 4. Product development and production 5. Factory planning 6  simulating human behaviour and social interaction with computers, the best practice can be
     Url https://ieeexplore.ieee.org/abstract/document/6041266/


     Search term "Best+practice"+OR+"General+guidelines"+"Concurrent+Engineering"+"Factory"
     Title The SURUGA Gateway: An Advanced CPS Equipping Smart Factory
     Author ['G JIN', 'A NAKATSUKA']
     Venue Innovation and Supply …
     Year 2019
     Abstract The literature review shows that smart factory requires synchronization of material flow and operation flow [7  improved KPI of the company, and also be selected one of best practice in Japan  the design stage in several phases and car- rying out concurrent engineering (CE), and
     Url https://www.jstage.jst.go.jp/article/iscm/13/2/13_21/_article/-char/ja/


     Search term "Best+practice"+OR+"General+guidelines"+"Concurrent+Engineering"+"Factory"
     Title Manufacturability analysis of early product designs
     Author ['DG Bramall', 'KR McKay', 'BC Rogers']
     Venue … Journal of Computer …
     Year 2003
     Abstract Whilst much attention has been paid to the system workflows in concurrent engineering, commercial meth  means that they should be willing to provide models of their factory including details  is used here to measure how well a process plan meets best practice performance with
     Url https://www.tandfonline.com/doi/abs/10.1080/0951192031000115822


     Search term "Best+practice"+OR+"General+guidelines"+"Concurrent+Engineering"+"Factory"
     Title Dimensional control as an integral part of next-generation aircraft development
     Author ['D Jeffreys', 'PG Leaney']
     Venue Proceedings of the Institution of …
     Year 2000
     Abstract This can lead to the existence of the `hidden' factory where components and subassemblies 831  2 JeÄreys, D. Assessing current best practice in dimensional management techniques for aircraft build  In Design for X–Concurrent Engineering Imperatives (Ed
     Url https://journals.sagepub.com/doi/abs/10.1243/0954405001517900


     Search term "Best+practice"+OR+"General+guidelines"+"Concurrent+Engineering"+"Factory"
     Title Application of Digital Manufacturing in Global Automotive Industry: A
     Author ['KSBCA Swapnil', 'S Kulkarni']
     Venue NA
     Year NA
     Abstract 6: Concurrent Engineering using Digital Mfg  Simulation Integrates the Definitions of the Product, Processes, Factory, and Resources into a Comprehensive  Scanner Working closely with Linkoping University and LK Scandinavia, Nikon developed best practice guides including
     Url http://www.academia.edu/download/52042399/IJSRDV4I110561.pdf

