Showing papers for search query "Case+Study"+OR+"Case+Studies"+"Continuous"+"DevOps"

     Search term "Case+Study"+OR+"Case+Studies"+"Continuous"+"DevOps"
     Title Building lean continuous integration and delivery pipelines by applying DevOps principles: a case study at Varidesk
     Author ['V Debroy', 'S Miller', 'L Brimble']
     Venue Proceedings of the 2018 26th ACM Joint …
     Year 2018
     Abstract Continuous Integration (CI) and Continuous Delivery (CD) are widely considered to be best practices in software development. Studies have shown however, that adopting these practices can be challenging and there are many barriers that engineers
     Url https://dl.acm.org/doi/abs/10.1145/3236024.3275528


     Search term "Case+Study"+OR+"Case+Studies"+"Continuous"+"DevOps"
     Title DevOps adoption benefits and challenges in practice: a case study
     Author ['L Riungu-Kalliosaari', 'S Mäkinen', 'LE Lwakatare']
     Venue … Conference on Product …
     Year 2016
     Abstract We conducted a qualitative multiple-case study and interviewed the representatives of  DevOps was seen to encourage collaboration between departments which boosts communication  Continuous releases enable a more experimental approach and rapid feedback collection
     Url https://link.springer.com/chapter/10.1007/978-3-319-49094-6_44


     Search term "Case+Study"+OR+"Case+Studies"+"Continuous"+"DevOps"
     Title DevOps capabilities, practices, and challenges: Insights from a case study
     Author ['M Senapathi', 'J Buchan', 'H Osman']
     Venue Proceedings of the 22nd …
     Year 2018
     Abstract blog posts and industrial surveys [6, 7]. Beyond very few case studies [8], the  implementation and practices of DevOps and their effectiveness in supporting continuous software development  this research, we investigate these issues based on an in-depth exploratory case study
     Url https://dl.acm.org/doi/abs/10.1145/3210459.3210465


     Search term "Case+Study"+OR+"Case+Studies"+"Continuous"+"DevOps"
     Title DevOps in practice: A multiple case study of five companies
     Author ['LE Lwakatare', 'T Kilamo', 'T Karvonen', 'T Sauvola']
     Venue Information and …
     Year 2019
     Abstract Similarly, continuous monitoring through log aggregation and monitoring tools has become an integral part of  Furthermore, the case study approach fit to the purpose of our study, which is to  later on performing a cross-case synthesis, often used in multiple case studies [51], [52
     Url https://www.sciencedirect.com/science/article/pii/S0950584917302793


     Search term "Case+Study"+OR+"Case+Studies"+"Continuous"+"DevOps"
     Title Understanding DevOps & bridging the gap from continuous integration to continuous delivery
     Author ['M Virmani']
     Venue Fifth International Conference on the Innovative …
     Year 2015
     Abstract all aspects of Devops applicable to various phases of SDLC and specifically talks about business need, ways to move from continuous integration to continuous delivery and its benefits. Continuous delivery transformation in this paper is explained with a real life case study that
     Url https://ieeexplore.ieee.org/abstract/document/7173368/


     Search term "Case+Study"+OR+"Case+Studies"+"Continuous"+"DevOps"
     Title Challenges in adopting continuous delivery and DevOps in a globally distributed product team: a case study of a healthcare organization
     Author ['RK Gupta', 'M Venkatachalapathy']
     Venue 2019 ACM/IEEE 14th …
     Year 2019
     Abstract This paper presents our experiences in a project of a software engineering team spread across three countries that successfully established continuous delivery, DevOps and short release cycles with agile scrum. We had the challenge to find a way from established
     Url https://ieeexplore.ieee.org/abstract/document/8807506/


     Search term "Case+Study"+OR+"Case+Studies"+"Continuous"+"DevOps"
     Title Including performance benchmarks into continuous integration to enable DevOps
     Author ['J Waller', 'NC Ehmke', 'W Hasselbring']
     Venue ACM SIGSOFT Software …
     Year 2015
     Abstract This approach contributes to the current efforts of the DevOps movement by presenting a case study of executing and analyzing regression benchmarks in continuous integration setups. Further- more, we provide a vision for
     Url https://dl.acm.org/doi/abs/10.1145/2735399.2735416


     Search term "Case+Study"+OR+"Case+Studies"+"Continuous"+"DevOps"
     Title Adopting DevOps in the real world: A theory, a model, and a case study
     Author ['WP Luz', 'G Pinto', 'R Bonifácio']
     Venue Journal of Systems and Software
     Year 2019
     Abstract proposed a model (ie, a workflow for DevOps adoption) and evaluated it through a case study at a  With DevOps we supply the need for freedom and have more power to execute some tasks  is the best option, but considering that it is not always feasible, the continuous use of
     Url https://www.sciencedirect.com/science/article/pii/S0164121219301517


     Search term "Case+Study"+OR+"Case+Studies"+"Continuous"+"DevOps"
     Title Exploiting devops practices for dependable and secure continuous delivery pipelines
     Author ['TF Düllmann', 'C Paule']
     Venue … on Rapid Continuous …
     Year 2018
     Abstract paper, we outline our envisioned roadmap and preliminary results from an ongoing industrial case study  that can be executed in a continuous integration process and applied them in case studies  [4] conducted a security risk analysis of public continuous integration services
     Url https://ieeexplore.ieee.org/abstract/document/8452104/


     Search term "Case+Study"+OR+"Case+Studies"+"Continuous"+"DevOps"
     Title Architecting for devops and continuous deployment
     Author ['M Shahin']
     Venue Proceedings of the ASWEC 2015 24th Australasian …
     Year 2015
     Abstract [2] Bass, L., Weber, I., and Zhu, L. 2015. DevOps: A Software Architect's Perspective  The Highways and Country Roads to Continuous Deployment. IEEE Software 32, 2, 64-72  Research Protocol for a Case Study of Crowdsourcing Software Development. Technical Report
     Url https://dl.acm.org/doi/abs/10.1145/2811681.2824996


     Search term "Case+Study"+OR+"Case+Studies"+"Continuous"+"DevOps"
     Title Towards DevOps in the embedded systems domain: Why is it so hard?
     Author ['LE Lwakatare', 'T Karvonen', 'T Sauvola']
     Venue 2016 49th hawaii …
     Year 2016
     Abstract data for continuous product improvements [9]— would offer opportunities to shorten the development cycle in the embedded systems domain. In this paper, we investigate what stands in the way of DevOps adoption in embedded systems. Based on a multiple- case study, we
     Url https://ieeexplore.ieee.org/abstract/document/7427859/


     Search term "Case+Study"+OR+"Case+Studies"+"Continuous"+"DevOps"
     Title Dependency management in large-scale agile: a case study of DevOps teams
     Author ['V Stray', 'NB Moe', 'A Aasheim']
     Venue Proceeding of the 52nd Hawaii …
     Year 2019
     Abstract To sum up, DevOps highlight principles such as: 1) Knowledge sharing by breaking  deployment and test, 3) Embracing shared responsibility and 4) Ensuring continuous software development  We conducted a case study to investigate the research question since a case study
     Url https://sintef.brage.unit.no/sintef-xmlui/handle/11250/2644833


     Search term "Case+Study"+OR+"Case+Studies"+"Continuous"+"DevOps"
     Title Non-intrusive anomaly detection with streaming performance metrics and logs for DevOps in public clouds: a case study in AWS
     Author ['D Sun', 'M Fu', 'L Zhu', 'G Li', 'Q Lu']
     Venue IEEE transactions on Emerging …
     Year 2016
     Abstract Logs for DevOps in Public Clouds: A Case Study in AWS  In DevOps, continuous delivery/deployment is an important technique to maintain high availability and operability, but non-intrusive anomaly detection is challenged by continu- ous delivery/deployment
     Url https://ieeexplore.ieee.org/abstract/document/7389388/


     Search term "Case+Study"+OR+"Case+Studies"+"Continuous"+"DevOps"
     Title An Agile Framework for ITS Management In Organizations: A Case Study Based on DevOps
     Author ['S Abdelkebir', 'Y Maleh', 'M Belaissaoui']
     Venue Proceedings of the 2nd …
     Year 2017
     Abstract A Case Study Based on DevOps  Patrick Debois invented the word DevOps during the organization of the first DevOps days in Ghent, Belgium, in  And reporting through a Quality Management System (QMS) and Project Management and a Continuous Service Improvement
     Url https://dl.acm.org/doi/abs/10.1145/3167486.3167556


     Search term "Case+Study"+OR+"Case+Studies"+"Continuous"+"DevOps"
     Title Continuous architecting with microservices and DevOps: a systematic mapping study
     Author ['D Taibi', 'V Lenarduzzi', 'C Pahl']
     Venue … on Cloud Computing and Services Science
     Year 2018
     Abstract aim to characterize the different microservice architectural styles reported in the literature both as proposals and case studies on implementations  [S36] report on a case study of a  style with principles and patterns to the relevance of the style as a continuous architecting solution
     Url https://link.springer.com/chapter/10.1007/978-3-030-29193-8_7


     Search term "Case+Study"+OR+"Case+Studies"+"Continuous"+"DevOps"
     Title Productivity gains of DevOps adoption in an IT team: a case study
     Author ['MA Silva', 'JP Faustino', 'R Pereira', 'M Mira da Silva']
     Venue NA
     Year 2018
     Abstract Getting Faster Answers at Yahoo Answers Case [17] Continuous release and deployment Continuous testing  in four stages (Table 3). The remaining document is organized according the Case Study phases presented  Table 3. Case Studies Stages adapted from [13] and [28]
     Url https://aisel.aisnet.org/isd2014/proceedings2018/ISDevelopment/8/


     Search term "Case+Study"+OR+"Case+Studies"+"Continuous"+"DevOps"
     Title On the Role of Software Architecture in DevOps Transformation: An Industrial Case Study
     Author ['M Shahin', 'MA Babar']
     Venue arXiv preprint arXiv:2003.06108
     Year 2020
     Abstract CCS CONCEPTS • Software and its engineering ➝ Software development process management KEYWORDS DevOps, Software Architecture, Continuous Delivery, Case Study ACM Reference format: Mojtaba Shahin and M. Ali Babar. 2020
     Url https://arxiv.org/abs/2003.06108


     Search term "Case+Study"+OR+"Case+Studies"+"Continuous"+"DevOps"
     Title The DevOps Reference Architecture Evaluation: A Design Science Research Case Study
     Author ['GB Ghantous', 'A Gill']
     Venue … Conference on Smart Internet of Things …
     Year 2020
     Abstract is commonly used for software engineering oriented DSR research artifact evaluation [6]. Software engineering case studies adopt a  “Adopting DevOps in the Real World: A Theory, a Model, and a Case Study.” Journal of  [20] Chang, Carl K. “Agile, Continuous Integration, and
     Url https://ieeexplore.ieee.org/abstract/document/9192390/


     Search term "Case+Study"+OR+"Case+Studies"+"Continuous"+"DevOps"
     Title A case analysis of enabling continuous software deployment through knowledge management
     Author ['R Colomo-Palacios', 'E Fernandes']
     Venue International Journal of …
     Year 2018
     Abstract Keywords. Knowledge management. Continuous deployment. Continuous software engineering. DevOps. Case study. 1. Introduction. In order to preserve their competitive advantage, software producers need to deliver products and new features to customers as fast as they can
     Url https://www.sciencedirect.com/science/article/pii/S0268401217308782


     Search term "Case+Study"+OR+"Case+Studies"+"Continuous"+"DevOps"
     Title Towards continuous software reliability testing in DevOps
     Author ['R Pietrantuono', 'A Bertolino']
     Venue 2019 IEEE/ACM 14th …
     Year 2019
     Abstract the approach under a true workload (not synthet- ically generated as in the case study developed here) as well as more case studies  Syn- thesizing practitioners' perceptions and practices,” in 2016 IEEE/ACM International Workshop on Continuous Software Evolution and
     Url https://ieeexplore.ieee.org/abstract/document/8822025/


     Search term "Case+Study"+OR+"Case+Studies"+"Continuous"+"DevOps"
     Title CMMI guided process improvement for DevOps projects: an exploratory case study
     Author ['G Rong', 'H Zhang', 'D Shao']
     Venue … of the International Conference on Software …
     Year 2016
     Abstract Based on evidence we collected in the case study, we managed to characterize the maturity/capability of the  and Technological Enablers[23], and ar- gue that the Capabilities is the main DevOps aspect, which includes capabilities such as continuous planning, collabo
     Url https://dl.acm.org/doi/abs/10.1145/2904354.2904372


     Search term "Case+Study"+OR+"Case+Studies"+"Continuous"+"DevOps"
     Title Vulnerabilities in Continuous Delivery Pipelines? A Case Study
     Author ['C Paule', 'TF Düllmann']
     Venue 2019 IEEE International …
     Year 2019
     Abstract threats/ tesla-and-jenkins-servers-fall-victim-to-cryptominers [5] V. Gruhn, C. Hannebauer, and C. John, “Security of public continuous integration services  [6] P. Runeson, M. Host, A. Rainer, and B. Regnell, Case Study Research in  [8] C. Paule, “Securing DevOps – Detection of
     Url https://ieeexplore.ieee.org/abstract/document/8712374/


     Search term "Case+Study"+OR+"Case+Studies"+"Continuous"+"DevOps"
     Title DevOps: A software architect's perspective
     Author ['L Bass', 'I Weber', 'L Zhu']
     Venue NA
     Year 2015
     Abstract three case studies. Organizations that have implemented DevOps practices tell us some of their Page 18. tricks. Chapter 11 discusses how to maintain two datacenters for the purpose of business continuity; Chapter 12 presents the specifics of a continuous deployment pipeline
     Url https://books.google.com/books?hl=en&lr=&id=fcwkCQAAQBAJ&oi=fnd&pg=PT13&dq=%22Case+Study%22+OR+%22Case+Studies%22+%22Continuous%22+%22DevOps%22&ots=KSttpbLOWi&sig=grRkW1u1sS_TIXzGXQ2jcFwC4E0


     Search term "Case+Study"+OR+"Case+Studies"+"Continuous"+"DevOps"
     Title What We Know About Software Architecture Styles in Continuous Delivery and DevOps?
     Author ['M Daneva', 'R Bolscher']
     Venue International Conference on Software …
     Year 2019
     Abstract These authors report on their proposal for a continuous integration and delivery architecture framework and its  Third, the finding that the case study approach was the one being used by most authors (see Table 2) matches the intuitive assumption that case studies are best
     Url https://link.springer.com/chapter/10.1007/978-3-030-52991-8_2


     Search term "Case+Study"+OR+"Case+Studies"+"Continuous"+"DevOps"
     Title From agile to DevOps: Smart skills and collaborations
     Author ['A Hemon', 'B Lyonnet', 'F Rowe', 'B Fitzgerald']
     Venue Information Systems Frontiers
     Year 2020
     Abstract We suggest three different stages in the agile to DevOps transition: agile, continuous integration, and continuous delivery. Based on an in-depth case study in an organization with several years' experience in DevOps, we identify a fundamental disruption in the soft skills that
     Url https://link.springer.com/article/10.1007/s10796-019-09905-1


     Search term "Case+Study"+OR+"Case+Studies"+"Continuous"+"DevOps"
     Title Job satisfaction factors and risks perception: an embedded case study of DevOps and agile teams
     Author ['A Hemon', 'L Monnier-Senicourt', 'F Rowe']
     Venue NA
     Year 2018
     Abstract case study of DevOps and Agile Teams. While Agile can be seen as an accelerator to develop software, it suffers from bottlenecks between development and operations. DevOps overcome agile bottlenecks providing better, quicker and safer deliveries through continuous
     Url https://aisel.aisnet.org/icis2018/management/Presentations/13/


     Search term "Case+Study"+OR+"Case+Studies"+"Continuous"+"DevOps"
     Title DevOps in practice: an exploratory case study
     Author ['J Díaz', 'R Almaraz', 'J Pérez', 'J Garbajosa']
     Venue Proceedings of the 19th …
     Year 2018
     Abstract Finally, as data gathered in case studies is mainly qualitative, and it is typically less precise  Finally, Table 1 shows the subjects participating in the case study: 11 (multinational) software-intensive companies  These teams implement continuous integration and continuous delivery
     Url https://dl.acm.org/doi/abs/10.1145/3234152.3234199


     Search term "Case+Study"+OR+"Case+Studies"+"Continuous"+"DevOps"
     Title A large agile organization on its journey towards DevOps
     Author ['K Kuusinen', 'V Balakumar', 'SC Jepsen']
     Venue 2018 44th Euromicro …
     Year 2018
     Abstract Dimensions of devops. In International Conference on Agile Software Development (pp. 212- 217)  Climbing the" Stairway to Heaven"--A Mulitiple-Case Study Exploring Barriers in the Transition from Agile Development towards Continuous Deployment of Software
     Url https://ieeexplore.ieee.org/abstract/document/8498186/


     Search term "Case+Study"+OR+"Case+Studies"+"Continuous"+"DevOps"
     Title Integrating DevOps within IT Organizations-Key Pattern of a Case Study
     Author ['A Wiedemann', 'M Wiesche', 'H Gewald']
     Venue … 2018-Der Einfluss der …
     Year 2018
     Abstract The advantage of case studies is that they can zoom in on real-life situations and test or develop theoretical views in  We pre- sent an overview of two key patterns that we identified with the help of our case study  [FS14] Fitzgerald, B., Stol, K.-J.: Continuous Software Engineering
     Url https://dl.gi.de/handle/20.500.12116/18909


     Search term "Case+Study"+OR+"Case+Studies"+"Continuous"+"DevOps"
     Title DevOps automation and Agile methodology
     Author ['SM Mohammad']
     Venue … Journal of Creative Research Thoughts (IJCRT) …
     Year 2017
     Abstract However, DevOps is also associated with agile as well as continuous software development delivery  There are three different phases of the agile transition to DevOps: agile, ongoing  Based on a comprehensive case study done in an enterprise with a long background of
     Url https://papers.ssrn.com/sol3/papers.cfm?abstract_id=3655581


     Search term "Case+Study"+OR+"Case+Studies"+"Continuous"+"DevOps"
     Title DevOps
     Author ['C Ebert', 'G Gallardo', 'J Hernantes', 'N Serrano']
     Venue Ieee Software
     Year 2016
     Abstract (For an example, see the sidebar “A DevOps Case Study.”) A key lesson for all these companies has been not to under- estimate the  So, the IT operations and development teams must closely collaborate to achieve the continuous process pro- moted by the DevOps team
     Url https://ieeexplore.ieee.org/abstract/document/7458761/


     Search term "Case+Study"+OR+"Case+Studies"+"Continuous"+"DevOps"
     Title Implementing the Planning Process within DevOps Teams to Achieve Continuous Innovation
     Author ['A Wiedemann', 'M Wiesche', 'H Gewald', 'H Krcmar']
     Venue NA
     Year 2019
     Abstract We conducted an exploratory case study to answer our research question. Case studies offer a great variety of techniques for data collection [33] for the DevOps teams  and customer view (Biz) are implemented and how the DevOps concept fosters continuous innovation
     Url https://aisel.aisnet.org/hicss-52/st/agile_development/9/


     Search term "Case+Study"+OR+"Case+Studies"+"Continuous"+"DevOps"
     Title Continuous Security Testing: A Case Study on Integrating Dynamic Security Testing Tools in CI/CD Pipelines
     Author ['T Rangnau', 'R Buijtenen', 'F Fransen']
     Venue 2020 IEEE 24th …
     Year 2020
     Abstract In this paper we conduct a case study where we apply three different testing techniques in  The setup of the case studies is described in Section III, whereas Section IV depicts  B. CI/CD Pipelines Continuous Integration (CI) and Continuous Delivery (CD) are software engineering
     Url https://ieeexplore.ieee.org/abstract/document/9233212/


     Search term "Case+Study"+OR+"Case+Studies"+"Continuous"+"DevOps"
     Title Enabling continuous integration in a formal methods setting
     Author ['LD Couto', 'PWV Tran-Jørgensen', 'RS Nilsson']
     Venue International Journal on …
     Year 2019
     Abstract 10), we believe the contributions presented in this paper enable VDM and Overture to be more effectively used under a DevOps paradigm (Sect. 11). The contributions were also a key enabler for continuous validation, which was a requirement for our industrial case study
     Url https://link.springer.com/content/pdf/10.1007/s10009-019-00546-y.pdf


     Search term "Case+Study"+OR+"Case+Studies"+"Continuous"+"DevOps"
     Title Software Release Management Evolution-Comparative Analysis across Agile and DevOps Continuous Delivery
     Author ['SI Mohamed']
     Venue … Journal of Advanced Engineering Research and …
     Year 2016
     Abstract The proposed framework case study proved the value gained against other traditional approaches especially with  Continuous integration and automation for devops  as-a-service on business models of leading software vendors: Experiences from three exploratory case studies
     Url https://www.academia.edu/download/52363095/Paper_7_-_Software_Release_Management_Evolution-Comparative_Analysis_across_Agile_and_DevOpsContinuous_Delivery-IJAERS.pdf


     Search term "Case+Study"+OR+"Case+Studies"+"Continuous"+"DevOps"
     Title Software analytics in continuous delivery: a case study on success factors
     Author ['H Huijgens', 'D Spadini', 'D Stevens', 'N Visser']
     Venue Proceedings of the 12th …
     Year 2018
     Abstract Economics, Software Analytics, DevOps, Continuous De- livery, Experience Report, ING ACM Reference Format: Hennie Huijgens, Davide Spadini, Dick Stevens, Niels Visser, and Arie van Deursen. 2018. Software Analytics in Continuous Delivery: A Case Study on Success
     Url https://dl.acm.org/doi/abs/10.1145/3239235.3240505


     Search term "Case+Study"+OR+"Case+Studies"+"Continuous"+"DevOps"
     Title Implementing continuous integration in a small company: A case study
     Author ['K Rejström']
     Venue NA
     Year 2016
     Abstract any of the keywords: continuous integration, continuous delivery, continuous deployment, release engineering, devops, rapid release were evaluated. For the case studies a similar approach was tried, were the keywords case study, case-study, company, organization, small
     Url https://aaltodoc.aalto.fi/handle/123456789/23360


     Search term "Case+Study"+OR+"Case+Studies"+"Continuous"+"DevOps"
     Title DevOps improvements for reduced cycle times with integrated test optimizations for continuous integration
     Author ['D Marijan', 'M Liaaen', 'S Sen']
     Venue 2018 IEEE 42nd Annual …
     Year 2018
     Abstract REFERENCES [1] Economic Benefits of HP Future Smart Agile Transformation, Evidence and case studies (continuousdelivery.com)  [8] D. Marijan, A. Gotlieb, S. Sen, Test Case Prioritization for Continuous Regression Testing: An Industrial Case Study, IEEE ICSM, 2013
     Url https://ieeexplore.ieee.org/abstract/document/8377636/


     Search term "Case+Study"+OR+"Case+Studies"+"Continuous"+"DevOps"
     Title The intersection of continuous deployment and architecting process: practitioners' perspectives
     Author ['M Shahin', 'MA Babar', 'L Zhu']
     Venue Proceedings of the 10th ACM/IEEE …
     Year 2016
     Abstract DevOps supports frequently and reliably releasing new features and products– thus subsuming Continuous Deployment (CD) practice  Method: We carried out a case study involving interviews with 16 software practitioners
     Url https://dl.acm.org/doi/abs/10.1145/2961111.2962587


     Search term "Case+Study"+OR+"Case+Studies"+"Continuous"+"DevOps"
     Title SKI: A New Agile Framework that Supports DevOps, Continuous Delivery, and Lean Hypothesis Testing
     Author ['J Saltz', 'A Sutherland']
     Venue … of the 53rd …
     Year 2020
     Abstract Page 1. SKI: A New Agile Framework that supports DevOps, Continuous Delivery, and Lean Hypothesis Testing  Abstract This paper explores the need for a new process framework that can effectively support DevOps and Continuous Delivery teams
     Url https://scholarspace.manoa.hawaii.edu/handle/10125/64503


     Search term "Case+Study"+OR+"Case+Studies"+"Continuous"+"DevOps"
     Title Mining Questions Asked about Continuous Software Engineering: A Case Study of Stack Overflow
     Author ['M Zahedi', 'RN Rajapakse', 'MA Babar']
     Venue Proceedings of the Evaluation …
     Year 2020
     Abstract 2020. Mining Questions Asked about Continuous Software Engineering: A Case Study of Stack Overflow  Tags # Questions continuous-integration 9471 continuous-deployment 1695 continuous-delivery 390 continuous-testing 44 continuous-build 4 Devops 2541 Devops
     Url https://dl.acm.org/doi/abs/10.1145/3383219.3383224


     Search term "Case+Study"+OR+"Case+Studies"+"Continuous"+"DevOps"
     Title Continuous software engineering and beyond: trends and challenges
     Author ['B Fitzgerald', 'KJ Stol']
     Venue … 1st International Workshop on Rapid Continuous …
     Year 2014
     Abstract [9] presented a case study of the  The need for the Continuous * concept is evident when one considers the emergence of phenomena such as Enterprise Agile, Beyond Budgeting, DevOps, Lean Start-Ups and many other concepts from Lean Thinking in general
     Url https://dl.acm.org/doi/abs/10.1145/2593812.2593813


     Search term "Case+Study"+OR+"Case+Studies"+"Continuous"+"DevOps"
     Title Software development using DevOps tools and CD pipelines, A case study
     Author ['O Jokinen']
     Venue NA
     Year 2020
     Abstract Krancher, O., Luther, P., Jost, M. 2018 Unrelated to study Managing quality assurance challenges of Devops through analytics Ahmad  JO, Kleebaum, A., Paech, B., Bruegge, B. 2018 Unrelated to study Software analytics in continuous delivery: A case study on success
     Url https://helda.helsinki.fi/handle/10138/313590


     Search term "Case+Study"+OR+"Case+Studies"+"Continuous"+"DevOps"
     Title Continuous delivery sounds great, but will it work here?
     Author ['J Humble']
     Venue Communications of the ACM
     Year 2018
     Abstract After three years of work, the HP LaserJet Firmware division changed the economics of the software delivery process by adopting continuous deliv- ery, comprehensive  For more on this case study, see Leading the Transformation: Applying Agile and DevOps Principles at
     Url https://dl.acm.org/doi/fullHtml/10.1145/3173553


     Search term "Case+Study"+OR+"Case+Studies"+"Continuous"+"DevOps"
     Title A software architecture framework for quality-aware DevOps
     Author ['E Di Nitto', 'P Jamshidi', 'M Guerriero', 'I Spais']
     Venue … Quality-Aware DevOps
     Year 2016
     Abstract We illustrate our framework in a case-study in the Big Data domain. CCS Concepts •Software and its engineering → Software notations and tools; Designing software; System description lan- guages;  This is be- cause DevOps advocates continuous improvement and
     Url https://dl.acm.org/doi/abs/10.1145/2945408.2945411


     Search term "Case+Study"+OR+"Case+Studies"+"Continuous"+"DevOps"
     Title Effective DevOps as a Key to Efficient Large Scale Agile Software Development-Industry Case Study
     Author ['A Ivanova', 'P Ivanov']
     Venue NA
     Year NA
     Abstract This paper demonstrates the latest approach to DevOps with the help of an industry case study on the development and commissioning of new automated build  The case study shows how the company is solving problems related to continuous integration, continuous
     Url https://www.ceeol.com/search/article-detail?id=726880


     Search term "Case+Study"+OR+"Case+Studies"+"Continuous"+"DevOps"
     Title Implementation of a DevOps pipeline for serverless applications
     Author ['V Ivanov', 'K Smolander']
     Venue International Conference on Product-Focused …
     Year 2018
     Abstract https://www.agileconnection.com/article/pros-and-cons-serverless-devops-solution. Accessed 03 Jun 2018. 33. Ståhl, D., Bosch, J.: Experienced benefits of continuous integration in industry software product development: A case study
     Url https://link.springer.com/chapter/10.1007/978-3-030-03673-7_4


     Search term "Case+Study"+OR+"Case+Studies"+"Continuous"+"DevOps"
     Title Management challenges for DevOps adoption within UK SMEs
     Author ['S Jones', 'J Noppen', 'F Lettice']
     Venue … Workshop on quality-aware devops
     Year 2016
     Abstract 3]. However, our work differs given it is not just focused around continuous deployment, as it  Both case studies will be analysed and compared against each other, as well as key  understand the social and cognitive aspects of DevOps adoption within our case study organisation
     Url https://dl.acm.org/doi/abs/10.1145/2945408.2945410


     Search term "Case+Study"+OR+"Case+Studies"+"Continuous"+"DevOps"
     Title A New Form of Collaboration in IT Teams-Exploring the DevOps Phenomenon.
     Author ['A Wiedemann']
     Venue PACIS
     Year 2017
     Abstract For the case studies, over 40 companies from different industries were contacted via e-mail and telephone, the premise was that they  A positive feedback from five firms was achieved, they agreed to participate in the case study  We do with the service continuous delivery, and
     Url https://aisel.aisnet.org/cgi/viewcontent.cgi?article=1206&context=pacis2017


     Search term "Case+Study"+OR+"Case+Studies"+"Continuous"+"DevOps"
     Title Conceptualizing the transition from agile to DevOps: A maturity model for a smarter IS function
     Author ['A Hemon', 'B Lyonnet', 'F Rowe', 'B Fitzgerald']
     Venue … on Transfer and Diffusion of IT
     Year 2018
     Abstract We propose a maturity model for this agile to DevOps transition with three levels: agile, continuous integration, continuous delivery. Based on an in-depth case study in an organisation which has several years' experience of DevOps, we identify a fundamental disruption in the
     Url https://link.springer.com/chapter/10.1007/978-3-030-04315-5_15

