Showing papers for search query "Case+Study"+OR+"Case+Studies"+"Concurrent+Engineering"

     Search term "Case+Study"+OR+"Case+Studies"+"Concurrent+Engineering"
     Title Customizing concurrent engineering processes: five case studies
     Author ['ML Swink', 'JC Sandvig', 'VA Mabert']
     Venue Journal of Product Innovation …
     Year 1996
     Abstract Once hailed as the salvation of US manufacturing competitiveness, concurrent engineering (CE) offers the potential for faster development of higher quality, more producible products. Unlike traditional, serial approaches to new product development (NPD), CE emphasizes
     Url https://www.sciencedirect.com/science/article/pii/0737678296000276


     Search term "Case+Study"+OR+"Case+Studies"+"Concurrent+Engineering"
     Title Collaborative engineering: A case study of Concurrent Engineering in a wider context
     Author ['SSA Willaert', 'R De Graaf', 'S Minderhoud']
     Venue Journal of Engineering and …
     Year 1998
     Abstract Concurrent Engineering (CE) is considered to be important for any engineering company wishing to survive in the present market. The continuing market pressure for reducing costs, improving quality and reducing time to market throughout the product life cycle is threatening
     Url https://www.sciencedirect.com/science/article/pii/S092347489700026X


     Search term "Case+Study"+OR+"Case+Studies"+"Concurrent+Engineering"
     Title Understanding concurrent engineering implementation: a case-study approach
     Author ['NJ Brookes', 'CJ Backhouse']
     Venue International Journal of Production …
     Year 1998
     Abstract Concurrent engineering is a widely recognized approach to improving product introduction and it is therefore key that its implementation is understood. This paper augments the existing understanding of concurrent engineering implementations by using a case-study
     Url https://www.tandfonline.com/doi/abs/10.1080/002075498192274


     Search term "Case+Study"+OR+"Case+Studies"+"Concurrent+Engineering"
     Title Operationalizing the concept of concurrent engineering: a case study from the US auto industry
     Author ['CJ Haddad']
     Venue IEEE Transactions on Engineering Management
     Year 1996
     Abstract This paper presents the results of case study research conducted at a major US automotive firm. Four waves of qualitative data were collected to identify the organizational and technological changes needed to implement concurrent engineering practices. The desire to
     Url https://ieeexplore.ieee.org/abstract/document/509978/


     Search term "Case+Study"+OR+"Case+Studies"+"Concurrent+Engineering"
     Title The transformation of product development process into lean environment using set-based concurrent engineering: A case study from an aerospace industry
     Author ['A Al-Ashaab', 'M Golob', 'UM Attia', 'M Khan']
     Venue … Engineering
     Year 2013
     Abstract This article presents a transformation process towards lean product development in an aerospace industry. This transformation was achieved in two main stages: the first was to integrate the principles of set-based concurrent engineering into an existing product
     Url https://journals.sagepub.com/doi/abs/10.1177/1063293X13495220


     Search term "Case+Study"+OR+"Case+Studies"+"Concurrent+Engineering"
     Title Concurrent Engineering: What's working where
     Author ['CJ Backhouse', 'NJ Brookes']
     Venue NA
     Year 1996
     Abstract In each chapter companies that have employed similar approaches to Concurrent Engineering are compared. The case studies range from multinationals, such as Rolls-Royce, IBM and Marconi, through to smaller enterprises
     Url https://books.google.com/books?hl=en&lr=&id=QzRhe0MM_EkC&oi=fnd&pg=PR11&dq=%22Case+Study%22+OR+%22Case+Studies%22+%22Concurrent+Engineering%22&ots=pR_Yvs8_ZS&sig=9hCM0TazvAcjj1paMEWeGs1uKbs


     Search term "Case+Study"+OR+"Case+Studies"+"Concurrent+Engineering"
     Title Designing a composite material pressure vessel for manufacture: a case study in concurrent engineering
     Author ['H KARANDIKAR', 'F MISTREE']
     Venue Engineering Optimization
     Year 1992
     Abstract Modeling and gaining an understanding of the interaction between information from design and manufacture is an important step in the development of techniques and methods for concurrent engineering. We find that there is a need for a test problem to study and
     Url https://www.tandfonline.com/doi/abs/10.1080/03052159208941024


     Search term "Case+Study"+OR+"Case+Studies"+"Concurrent+Engineering"
     Title Inter-organizational concurrent engineering: A case study in PCB manufacturing
     Author ['R de Graaf', 'L Kornelius']
     Venue Computers in industry
     Year 1996
     Abstract Concurrent Engineering (CE) is mostly applied within an organization. Due to the focus at core competencies, suppliers need to be involved. Focusing on core competencies requires manufacturers to involve suppliers in the development of complex products, especially in
     Url https://www.sciencedirect.com/science/article/pii/0166361596000206


     Search term "Case+Study"+OR+"Case+Studies"+"Concurrent+Engineering"
     Title Concurrent engineering at Airbus–a case study
     Author ['R Haas', 'M Sinha']
     Venue International journal of manufacturing …
     Year 2004
     Abstract Global competition, short innovation cycles and cost pressure force companies to constantly increase the efficiency of their internal processes. The article starts with an introduction to the term Concurrent Engineering, gives an overview of the aircraft development process and
     Url https://www.inderscienceonline.com/doi/abs/10.1504/IJMTM.2004.005388


     Search term "Case+Study"+OR+"Case+Studies"+"Concurrent+Engineering"
     Title Managing concurrent engineering across company borders: a case study
     Author ['K Rouibah']
     Venue 36th Annual Hawaii International Conference on …
     Year 2003
     Abstract Concurrent engineering (CE) requires designers to share information that can be incomplete or contradictory early during product development (PD). Information share is even more important when it crosses company borders to include customers and suppliers in the
     Url https://ieeexplore.ieee.org/abstract/document/1173647/


     Search term "Case+Study"+OR+"Case+Studies"+"Concurrent+Engineering"
     Title Concurrent engineering: A prototyping case study
     Author ['J Akella', 'A Dutoit', 'DP Siewiorek']
     Venue The Third International Workshop …
     Year 1992
     Abstract Vuman is a wearable portable computer used for navigation through electronic blueprints. Thirty working units of Vuman were designed and manufactured from system concept using a concurrent engineering design environment. The authors describe the steps in prototyping
     Url https://www.computer.org/csdl/proceedings-article/iwrsp/1992/00243911/12OmNywxlLS


     Search term "Case+Study"+OR+"Case+Studies"+"Concurrent+Engineering"
     Title Collaborative Engineering: an Airbus case study
     Author ['F Mas', 'JL Menéndez', 'M Oliva', 'J Ríos']
     Venue Procedia Engineering
     Year 2013
     Abstract Collaborative Engineering: an Airbus case study Mas, F ª, Menéndez, JL ª, Oliva, M. ª, Ríos, J. b,* ª AIRBUS, Av. García Morato s/n, 41011, Sevilla, Spain  Airbus designs and industrializes aircrafts under Concurrent Engineering techniques since decades with success
     Url https://www.academia.edu/download/46939380/Collaborative_Engineering_An_Airbus_Case20160701-1491-1j7yuok.pdf


     Search term "Case+Study"+OR+"Case+Studies"+"Concurrent+Engineering"
     Title The making of Boeing 777: a case study in concurrent engineering
     Author ['KJ Sharma', 'B Bowonder']
     Venue International journal of …
     Year 2004
     Abstract This is a case study on the concurrent engineering experience of Boeing 777. A new generation of aircraft was designed, developed and inducted in a record time. A variety of new technological and organisational enablers have been used to reduce costs and cycle
     Url https://www.inderscienceonline.com/doi/abs/10.1504/IJMTM.2004.005389


     Search term "Case+Study"+OR+"Case+Studies"+"Concurrent+Engineering"
     Title The decision process in Set-based Concurrent Engineering-An industrial case study
     Author ['D Raudberget']
     Venue DS 60: Proceedings of DESIGN 2010, the 11th …
     Year 2010
     Abstract Decision-making and selection of different design alternatives is a central activity in product development. This paper compares the decision process of Set-Based Concurrent Engineering to Pugh's method of controlled convergence in an industrial case study. The
     Url https://www.designsociety.org/publication/29439/the_decision_process_in_set-based_concurrent_engineering-an_industrial_case_study


     Search term "Case+Study"+OR+"Case+Studies"+"Concurrent+Engineering"
     Title Successful implementation of concurrent engineering products and processes
     Author ['SG Shina']
     Venue NA
     Year 1993
     Abstract In many instances, the case study represents the company's first experi- ence with concurrent  from their own experi- ences as they participated in the concurrent engineering effort. Both product and process development projects are outlined, and the case studies rep- resent
     Url https://books.google.com/books?hl=en&lr=&id=1DjXr7JefGAC&oi=fnd&pg=PR11&dq=%22Case+Study%22+OR+%22Case+Studies%22+%22Concurrent+Engineering%22&ots=ozo7xOPcUx&sig=0yq2sSwBxs0fmhRgQ6gkUxasHVs


     Search term "Case+Study"+OR+"Case+Studies"+"Concurrent+Engineering"
     Title Case study. Narcissus: visualising information
     Author ['RJ Hendley', 'NS Drew', 'AM Wood']
     Venue … of Visualization 1995 …
     Year 1995
     Abstract Page 1. Case Study Narcissus: Visualising Information R. J.Hendley  efficiently. The paradigmatic example is the World Wide Web, but .other domains include software systems, information systems and concurrent engineering. One approach
     Url https://ieeexplore.ieee.org/abstract/document/528691/


     Search term "Case+Study"+OR+"Case+Studies"+"Concurrent+Engineering"
     Title Concurrent engineering case studies applying QFD models
     Author ['Y Tsuda']
     Venue Concurrent Engineering
     Year 1997
     Abstract This paper extends the previous work in which two QFD models, a" 2-storied quality chart" and a" Parallel flow quality chart," were proposed as tools for concurrent engineering product development driven by a matrix organization. This paper compares these two
     Url https://journals.sagepub.com/doi/abs/10.1177/1063293X9700500406


     Search term "Case+Study"+OR+"Case+Studies"+"Concurrent+Engineering"
     Title Using RTL-to-C++ translation for large SoC concurrent engineering: A case study
     Author ['W Stoye', 'D Greaves', 'N Richards']
     Venue Electronics Systems and …
     Year 2003
     Abstract GlobespanVirata develops complex SoC devices primarily for digital subscriber link (DSL) applications. These SoC devices generally consist of a highly flexible communications processor with multiple CPU cores on-chip, external interfaces, RAMS and often integrated
     Url https://www.cl.cam.ac.uk/~djg11/pubs/Using-VTOC-for-Large-SoC-Concurrent-Engineering-A-Real-World-Case-Study.pdf


     Search term "Case+Study"+OR+"Case+Studies"+"Concurrent+Engineering"
     Title Implementing concurrent engineering: case studies from Eastern Australia
     Author ['TW Burns', 'E Szczerbicki']
     Venue Concurrent Engineering
     Year 1997
     Abstract Concurrent Engineering (CE) addresses the major technological issues of the change from sequential to simultaneous engineering It is a systematic approach that enables cooperative work among all groups that plan, design, produce, maintain and support the product over its
     Url https://journals.sagepub.com/doi/abs/10.1177/1063293X9700500208


     Search term "Case+Study"+OR+"Case+Studies"+"Concurrent+Engineering"
     Title Managing concurrent engineering with early supplier involvement: a case study
     Author ['K Rouibah', 'KR Caskey']
     Venue International Journal of Computer …
     Year 2005
     Abstract Concurrent engineering (CE) works best when designers share information early during product development. This information can be incomplete or contradictory. Information sharing is even more important when it crosses company borders to include customers and
     Url https://www.tandfonline.com/doi/abs/10.1080/09511920500064797


     Search term "Case+Study"+OR+"Case+Studies"+"Concurrent+Engineering"
     Title Organisational structures to support concurrent engineering in construction
     Author ['CJ Anumba', 'C Baugh', 'MMA Khalfan']
     Venue Industrial management & data …
     Year 2002
     Abstract Conclusions from the case studies  References. Brookes, NJ and Backhouse, CJ (1997), “Understanding concurrent engineering implementation: a case‐study approach”, International Journal of Production Research, Vol. 36 No. 11, pp. 3035‐54
     Url https://www.emerald.com/insight/content/doi/10.1108/02635570210428294/full/html


     Search term "Case+Study"+OR+"Case+Studies"+"Concurrent+Engineering"
     Title Project management in the concurrent engineering environment
     Author ['K Sulankivi', 'A Lakka', 'M Luedke']
     Venue NA
     Year 2002
     Abstract multi-partner projects when using electronic data exchange and the concurrent engineering (CE) environment  In the European case studies, direct cost benefits were approximately double as compared to  In the American case study, cost benefits were even 20-fold as compared
     Url https://cris.vtt.fi/en/publications/project-management-in-the-concurrent-engineering-environment


     Search term "Case+Study"+OR+"Case+Studies"+"Concurrent+Engineering"
     Title Concurrent engineering: automation, tools, and techniques
     Author ['A Kusiak']
     Venue NA
     Year 1992
     Abstract 20. An Approach to Parametric Machine Design and Negotiation in Concurrent Engineering 509 Srikanth M. Kannapan and Kurt M. Marshek 21. Concurrent Design: A Case Study 535 Daniel P. Schrage Index 583 Page 23. CHAPTER
     Url https://books.google.com/books?hl=en&lr=&id=D0wPwKhZlIYC&oi=fnd&pg=PA1&dq=%22Case+Study%22+OR+%22Case+Studies%22+%22Concurrent+Engineering%22&ots=_K3uUYTpX_&sig=BqS-U2LaBz7fHjQ234J8NF3CRZA


     Search term "Case+Study"+OR+"Case+Studies"+"Concurrent+Engineering"
     Title A case study of virtual team working in the European automotive industry
     Author ['A May', 'C Carter']
     Venue International Journal of Industrial Ergonomics
     Year 2001
     Abstract This paper presents a case study based on some of the results of the Team-based European Automotive Manufacture (TEAM) project  This paper addresses the technical and human factors infrastructural aspects of concurrent engineering, within a real context
     Url https://www.sciencedirect.com/science/article/pii/S0169814100000482


     Search term "Case+Study"+OR+"Case+Studies"+"Concurrent+Engineering"
     Title Concurrent engineering implementation assessment: a case study in an Indonesian manufacturing company
     Author ['PD Karningsih', 'D Anggrahini', "MI Syafi'i"]
     Venue Procedia Manufacturing
     Year 2015
     Abstract Concurrent Engineering or Simultaneous Engineering has been utilized by companies since 1980s as an approach to design a new product in integrative manner. It replaces traditional product development method which is a serial process with little
     Url https://www.sciencedirect.com/science/article/pii/S2351978915011488


     Search term "Case+Study"+OR+"Case+Studies"+"Concurrent+Engineering"
     Title Personnel planning in concurrent engineering: A case study
     Author ['J Stahl', 'H Luczak']
     Venue … Factors and Ergonomics in Manufacturing & …
     Year 2000
     Abstract Personnel planning is traditionally one of the last activities in the process of bringing a product to the market. This can lead to a lack of necessary knowledge, skills, and abilities (KSA) on the shop floor often causing delays at the start of production. In Concurrent
     Url https://onlinelibrary.wiley.com/doi/abs/10.1002/(SICI)1520-6564(200024)10:1%3C23::AID-HFM2%3E3.0.CO;2-S


     Search term "Case+Study"+OR+"Case+Studies"+"Concurrent+Engineering"
     Title Organizing for concurrent engineering: an integration mechanism framework
     Author ['V Paashuis', 'H Boer']
     Venue Integrated manufacturing systems
     Year 1997
     Abstract Looks into the use of concurrent engineering (CE) in new product development (NPD) processes  Bases the examples on in‐depth case studies in these companies of, on average  Together, the integration mechanisms and the case study examples of their implementation form
     Url https://www.emerald.com/insight/content/doi/10.1108/09576069710165765/full/html


     Search term "Case+Study"+OR+"Case+Studies"+"Concurrent+Engineering"
     Title Concurrent design happens at the interfaces
     Author ['S Finger', 'S Konda', 'E Subrahmanian']
     Venue AI EDAM
     Year 1995
     Abstract In this paper we argue that concurrent engineering requires both technical and organizational solutions, and we  In this paper we present two case studies of concurrent design in practice that have  Comparing natural and abstract categories: A case study from computer science
     Url https://www.cambridge.org/core/journals/ai-edam/article/concurrent-design-happens-at-the-interfaces/9399D57F3C683DEC0E504776B6210894


     Search term "Case+Study"+OR+"Case+Studies"+"Concurrent+Engineering"
     Title From sashimi to zen‐in: the evolution of concurrent engineering at Fuji Xerox
     Author ['K Umemoto', 'A Endo', 'M Machado']
     Venue Journal of Knowledge …
     Year 2004
     Abstract Another implication from this case study is that concurrent engineering needs social capital, ie trust‐based know‐who networks, or knowledge in itself, as suggested by Tsuda's comment: “the key to knowledge integration is knowing who knows what and how much”
     Url https://www.emerald.com/insight/content/doi/10.1108/13673270410548504/full/html


     Search term "Case+Study"+OR+"Case+Studies"+"Concurrent+Engineering"
     Title Axiomatic design as support for decision-making in a design for manufacturing context: A case study
     Author ['AM Gonçalves-Coelho', 'AJF Mourao']
     Venue International journal of production …
     Year 2007
     Abstract 4. Download : Download full-size image. Fig. 4. The decomposition process in concurrent engineering  The present case study shows that AD stimulates group collaboration in order to find out the most cost-effective solution for the specified FRs
     Url https://www.sciencedirect.com/science/article/pii/S0925527306002702


     Search term "Case+Study"+OR+"Case+Studies"+"Concurrent+Engineering"
     Title Implementing concurrent engineering
     Author ['R Badham', 'P Couchman']
     Venue Human Factors and …
     Year 2000
     Abstract Case Study Findings: Key Implementation Issues An overall finding from the case studies was that firms often underestimated the diffi- culties of implementing  Concurrent engineering is a particularly problematic cross-functional initiative as it involves, for its full implemen- tation
     Url https://onlinelibrary.wiley.com/doi/abs/10.1002/1520-6564(200022)10:3%3C237::AID-HFM2%3E3.0.CO;2-D


     Search term "Case+Study"+OR+"Case+Studies"+"Concurrent+Engineering"
     Title Design for manufacturability and concurrent engineering for product development
     Author ['AM Belay']
     Venue World Academy of Science, Engineering and …
     Year 2009
     Abstract see and analyze different product development methods specifically on Design for Manufacturability and Concurrent Engineering  Methodologies that are followed to do this research are case studies  In the case study it is found that by implementing these new methods and by
     Url https://pdfs.semanticscholar.org/95e8/9ae2cb857545c0420916f2445723352cae7c.pdf


     Search term "Case+Study"+OR+"Case+Studies"+"Concurrent+Engineering"
     Title Concurrent engineering approach in the development of composite products: A review
     Author ['SM Sapuan', 'MR Mansor']
     Venue Materials & Design
     Year 2014
     Abstract They studied this issue by taking the design of components from composites as a case study. They  environment. Sapuan [22] developed a concurrent engineering design system for polymer composite automotive pedal box system
     Url https://www.sciencedirect.com/science/article/pii/S0261306914000880


     Search term "Case+Study"+OR+"Case+Studies"+"Concurrent+Engineering"
     Title Harnessing non-structured information and knowledge and Know-How capitalisation in integrated engineering: Case study at Aerospatiale Matra
     Author ['M Gardoni', 'M Spadoni']
     Venue Concurrent Engineering
     Year 2000
     Abstract Concurrent Engineering (CE) approaches heavily rely on efficient and reliable communications among people involved in the design, engineering, industrialisation and even manufacturing of products. One important aspect of Concurrent Engineering concerns
     Url https://journals.sagepub.com/doi/abs/10.1177/1063293X0000800403


     Search term "Case+Study"+OR+"Case+Studies"+"Concurrent+Engineering"
     Title Reverse engineering in the design of turbine blades–a case study in applying the MAMDP
     Author ['LC Chen', 'GCI Lin']
     Venue Robotics and Computer-Integrated Manufacturing
     Year 2000
     Abstract This paper presents a case study on the reverse engineering of turbine blades used in nuclear power generators  Moreover, under this limitation, modern concurrent engineering concepts are difficult to implement to obtain optimal product design
     Url https://www.sciencedirect.com/science/article/pii/S0736584599000447


     Search term "Case+Study"+OR+"Case+Studies"+"Concurrent+Engineering"
     Title Case Studies for Concurrent Engineering Concept in Shipbuilding Industry.
     Author ['K Hiekata', 'M Grau', 'J Stjepandić']
     Venue ISPE CE
     Year 2014
     Abstract In shipbuilding process, design information is generated in each phase to shape products and operations. For each process the design activities are carried out with a high level of concurrency supported by various computer software systems, though quality of products
     Url https://books.google.com/books?hl=en&lr=&id=J5zYBAAAQBAJ&oi=fnd&pg=PA102&dq=%22Case+Study%22+OR+%22Case+Studies%22+%22Concurrent+Engineering%22&ots=WYWFir3UOD&sig=cSFs3_TvlNlo6uu7URvwHjm0GMk


     Search term "Case+Study"+OR+"Case+Studies"+"Concurrent+Engineering"
     Title The Set-based Concurrent Engineering application: a process of identifying the potential benefits in the Surface Jet Pump case study
     Author ['MIIB Mohd Maulana', 'A Al-Ashaab', 'JW Flisiak', 'ZC Araci']
     Venue NA
     Year 2017
     Abstract The Set-Based Concurrent Engineering (SBCE) is the methodology that can improve the efficiencies and effectiveness of product development. It is found that the SBCE approach provided a suitable knowledge environment to support decision making throughout the
     Url https://dspace.lib.cranfield.ac.uk/handle/1826/11949


     Search term "Case+Study"+OR+"Case+Studies"+"Concurrent+Engineering"
     Title A kaizen based approach for cellular manufacturing system design: A case study
     Author ['JC Chen', 'J Dugger', 'B Hammer']
     Venue NA
     Year 2001
     Abstract A Kaizen Based Approach for Cellular Manufacturing System Design: A Case Study  This approach is similar to concurrent engineering; however, the distinction between concurrent engineering and Kaizen is that the latter calls for the creation of a team that includes cross
     Url https://scholar.lib.vt.edu/ejournals/JOTS/Summer-Fall-2001/chen.html


     Search term "Case+Study"+OR+"Case+Studies"+"Concurrent+Engineering"
     Title Assessing the suitability of current briefing practices in construction within a concurrent engineering framework
     Author ['JM Kamara', 'CJ Anumba', 'NFO Evbuomwan']
     Venue International journal of project …
     Year 2001
     Abstract Need for change in construction, Goals and principles of concurrent engineering  Table 2. Details of organisations involved in case studies. Organisation, Type of business, Number of employees, Annual turnover, Project/property portfolio, Basis of case study
     Url https://www.sciencedirect.com/science/article/pii/S0263786300000156


     Search term "Case+Study"+OR+"Case+Studies"+"Concurrent+Engineering"
     Title Case-based conceptual design information server for concurrent engineering
     Author ['WH Wood III', 'AM Agogino']
     Venue Computer-Aided Design
     Year 1996
     Abstract On-line engineering texts augment the case studies, providing theoretic background underlying the  departure from former corporate design practice to- ward concurrent engineering principles  Toys highlighted in the Mattel case study represent efforts to integrate concurrent
     Url https://www.sciencedirect.com/science/article/pii/0010448595000550


     Search term "Case+Study"+OR+"Case+Studies"+"Concurrent+Engineering"
     Title A DFX and concurrent engineering model for the establishment of a new department in a university
     Author ['CC Yang', 'SH Chen', 'JY Shiau']
     Venue International Journal of Production …
     Year 2007
     Abstract The natural focus of concurrent engineering (CE) and design for X (DFX), as commonly used by manufacturing industry, is on product design or  A case study is then presented in which a department of leisure management at a university is established using the model described
     Url https://www.sciencedirect.com/science/article/pii/S0925527306002210


     Search term "Case+Study"+OR+"Case+Studies"+"Concurrent+Engineering"
     Title Standardization of the finite element analysis data-exchange in aeronautics concurrent engineering
     Author ['S Charles', 'B Eynard']
     Venue J. Comput. Inf …
     Year 2005
     Abstract and the ''COSCAL'' task of European project ENHANCE—ENHanced AeroNautical Concurrent Engineering 4. The main  3 we present the specific scenario of the business case study carried out by  Finally, the main issues of the case-studies will be summarized and conclusions
     Url https://asmedigitalcollection.asme.org/computingengineering/article-abstract/5/1/63/449185


     Search term "Case+Study"+OR+"Case+Studies"+"Concurrent+Engineering"
     Title Risk analysis models and risk degree determination in new product development: A case study
     Author ['HG Choi', 'J Ahn']
     Venue Journal of Engineering and Technology Management
     Year 2010
     Abstract Especially, RMF suggests a risk analysis model under a concurrent engineering (CE) environment  In this case study, the risk analysis model is used to determine CL on a CE basis, and the model quantifies the influence of a risk factor to the development project as an impact
     Url https://www.sciencedirect.com/science/article/pii/S092347481000007X


     Search term "Case+Study"+OR+"Case+Studies"+"Concurrent+Engineering"
     Title A concurrent engineering approach to chemical process design
     Author ['PM Herder', 'MPC Weijnen']
     Venue International Journal of Production Economics
     Year 2000
     Abstract In the case study section of this paper, more specific examples of external factors will be given. 3. The hierarchical approach  Using these terms might prevent much confusion that surrounds concurrent engineering in the chemical engineering disciplines  6. Case studies
     Url https://www.sciencedirect.com/science/article/pii/S0925527399000687


     Search term "Case+Study"+OR+"Case+Studies"+"Concurrent+Engineering"
     Title Assessing success factors for implementing CE a case study in Hong Kong electronics industry by AHP
     Author ['VMR Tummala', 'KS Chin', 'SH Ho']
     Venue International Journal of Production …
     Year 1997
     Abstract Assessing success factors for implementing CE A case study in Hong Kong electronics industry by AHP  concurrent engineering. Page 3  These benefits and costs of CE implementation are sup- ported and reported by a number of case studies as shown in Table 1
     Url https://www.sciencedirect.com/science/article/pii/S0925527397000169


     Search term "Case+Study"+OR+"Case+Studies"+"Concurrent+Engineering"
     Title A systems approach to service development in a concurrent engineering environment
     Author ['CC Yang']
     Venue The Service Industries Journal
     Year 2007
     Abstract They conducted three detailed case studies, and then developed a planning-process model for  Alam and Perry 2002 adopted a rigorous qualitative case-study methodology to examine the  A Systems Approach to Service Development in a Concurrent Engineering Environment
     Url https://www.tandfonline.com/doi/abs/10.1080/02642060701411807


     Search term "Case+Study"+OR+"Case+Studies"+"Concurrent+Engineering"
     Title Enabling set-based concurrent engineering in traditional product development
     Author ['DS Raudberget']
     Venue DS 68-1: Proceedings of the 18th International …
     Year 2011
     Abstract Keywords: Set-based Concurrent Engineering, morphological chart, case study, design method, computer support 1 INTRODUCTION  Page 12. [10] Raudberget, D., The decision process in Set-based Concurrent Engineering- An industrial case study
     Url https://www.designsociety.org/download-publication/30406/enabling_set-based_concurrent_engineering_in_traditional_product_development


     Search term "Case+Study"+OR+"Case+Studies"+"Concurrent+Engineering"
     Title Balancing concurrent engineering environmental factors for improved product development performance
     Author ['SK Hong', 'MJ Schniederjans']
     Venue International Journal of Production …
     Year 2000
     Abstract Strategy for concurrent engineering When a product moves through its life cycle, the dominant  The two Nebraska companies selected for the case study are referred to as Company  These companies were adjudged suitable for case studies because they are both large enough
     Url https://www.tandfonline.com/doi/abs/10.1080/002075400188591


     Search term "Case+Study"+OR+"Case+Studies"+"Concurrent+Engineering"
     Title Generic Framework for Conceptual Design Using Concurrent Engineering Strategy. A Case Study: Advanced Material Application Product Development of Metal …
     Author ['N Fatchurrohman', 'S Sulaiman', 'SM Sapuan']
     Venue Advanced Materials …
     Year 2013
     Abstract One of the keys to success for product competition in the market depends on the effectiveness of its product development. This article presents a generic framework of product development which focuses on the conceptual design. The framework is developed
     Url https://www.scientific.net/AMR.626.99


     Search term "Case+Study"+OR+"Case+Studies"+"Concurrent+Engineering"
     Title Concurrent engineering in the development of an intermediate jet trainer–a case study
     Author ['Y Kumar', 'P Jayasimha']
     Venue International journal of …
     Year 2004
     Abstract The design and flying of the first prototype of a jet trainer typically takes four to five years. Using the principles of concurrent engineering, the cycle time was reduced and the jet trainer was test flown in 20 months from metal cutting and 44 months from go-ahead. The
     Url https://www.inderscienceonline.com/doi/abs/10.1504/IJMTM.2004.005420

