Showing papers for search query "Case+Study"+OR+"Case+Studies"+"Concurrent+Engineering"+"Formal+methods"

     Search term "Case+Study"+OR+"Case+Studies"+"Concurrent+Engineering"+"Formal+methods"
     Title Concurrent engineering: practices and prospects
     Author ['JP Pennell', 'RI Winner']
     Venue … Technology for the 1990s and Beyond'
     Year 1989
     Abstract of activities that support concurrent engineering: The study team identified three complementary classes  that integrates separately developed software; and use of formal methods including application  Most case studies show that companies form teams which include marketing
     Url https://ieeexplore.ieee.org/abstract/document/64049/


     Search term "Case+Study"+OR+"Case+Studies"+"Concurrent+Engineering"+"Formal+methods"
     Title Concurrent engineering: concepts, implementation and practice
     Author ['CS Syan', 'U Menon']
     Venue NA
     Year 2012
     Abstract List of contributors Acknowledgements Introduction PART ONE Concurrent Engineering: Concepts, Definitions and Issues 1 Introduction to concurrent engineering C. S. Syan Concurrent engineering case studies: lessons from Ford Motor Company experience J. V. Chelsom
     Url https://books.google.com/books?hl=ru&lr=&id=XmbxCAAAQBAJ&oi=fnd&pg=PR14&dq=%22Case+Study%22+OR+%22Case+Studies%22+%22Concurrent+Engineering%22+%22Formal+methods%22&ots=hhgeOFWxxa&sig=Vvhw8KjqfxEhiSfQw23xoGjQXO0


     Search term "Case+Study"+OR+"Case+Studies"+"Concurrent+Engineering"+"Formal+methods"
     Title The role of concurrent engineering in weapons system acquisition
     Author ['RI Winner', 'JP Pennell', 'HE Bertrand']
     Venue NA
     Year 1988
     Abstract [Not Found]
     Url [Not Found]


     Search term "Case+Study"+OR+"Case+Studies"+"Concurrent+Engineering"+"Formal+methods"
     Title Concurrent engineering assessment: a proposed framework
     Author ['J Poolton', 'I Barclay']
     Venue Proceedings of the Institution of …
     Year 1996
     Abstract areas, which was supported by the researcher's experiences of working in the case study firm  Formal methods 1. Quality function deployment 2. Project management software 3. Design simulation 4  CONCURRENT ENGINEERING ASSESSMENT: A PROPOSED FRAMEWORK
     Url https://journals.sagepub.com/doi/abs/10.1243/PIME_PROC_1996_210_124_02


     Search term "Case+Study"+OR+"Case+Studies"+"Concurrent+Engineering"+"Formal+methods"
     Title Concurrent Engineering: an overview for Autotestcon
     Author ['JP Pennell', 'RI Winner', 'HE Bertrand']
     Venue … Automatic Testing in …
     Year 1989
     Abstract emerged from the discus- sion of methods and technologies, particularly from the discussion of formal methods, is that  5. BENEFlTS During the study, we found evidence that application of concurrent engineering methods, as described in the case studies, achieved improved
     Url https://ieeexplore.ieee.org/abstract/document/81104/


     Search term "Case+Study"+OR+"Case+Studies"+"Concurrent+Engineering"+"Formal+methods"
     Title Change management in concurrent engineering from a parameter perspective
     Author ['K Rouibah', 'KR Caskey']
     Venue Computers in Industry
     Year 2003
     Abstract Concurrent engineering can, therefore, avoid the difficulties of sequential design and can react more  Industrial case studies conducted recently in manufacturing industries [3], [17], [18], [19], have reported  The case study of Pikosz and Malmqvist [15] has revealed that usage of
     Url https://www.sciencedirect.com/science/article/pii/S0166361502001380


     Search term "Case+Study"+OR+"Case+Studies"+"Concurrent+Engineering"+"Formal+methods"
     Title A practical approach to support the selection and application of tools for concurrent engineering
     Author ['KD Thoben', 'M Krömker', 'U Reetz']
     Venue ICED'97, 11th …
     Year 1997
     Abstract The selection of formal methods and tools is driven by different factors  Case studies • Supplier of the tool  suggests possible tools for a specific problem, • provides the user with detailed information on the tools, • shows the tools' role for Concurrent Engineering by classifying it
     Url https://www.researchgate.net/profile/Klaus-Dieter_Thoben/publication/228738501_A_practical_approach_to_support_the_selection_and_application_of_tools_for_concurrent_engineering/links/00b49525d7bea28a99000000/A-practical-approach-to-support-the-selection-and-application-of-tools-for-concurrent-engineering.pdf


     Search term "Case+Study"+OR+"Case+Studies"+"Concurrent+Engineering"+"Formal+methods"
     Title Concurrent engineering: from concept to implementation
     Author ['KS Pawar', 'H Driva', 'KD Thoben']
     Venue A paper presented at …
     Year 1996
     Abstract How CE? Literature is replete with case studies in terms of how to do CE, with examples often being prescriptive in nature  [Hurs94] Hurst D (1994), 'The introduction of concurrent engineering in an Irish engineering company - a case study', EIASM conference on New
     Url https://www.researchgate.net/profile/Kulwant_Pawar/publication/268427376_Concurrent_Engineering_From_Concept_to_Implementation/links/551fb9400cf2f9c1304dff0e/Concurrent-Engineering-From-Concept-to-Implementation.pdf


     Search term "Case+Study"+OR+"Case+Studies"+"Concurrent+Engineering"+"Formal+methods"
     Title Computer based initiatives for implementing and sustaining concurrent engineering
     Author ['KS Pawar', 'B Haque', 'F Weber']
     Venue Concurrent Engineering
     Year 2002
     Abstract 3.1 Tool Selection Tool The implementation and operation of CE can be significantly supported by the application of formal methods, techniques and tools  CE Case Studies Economics Time Quality  Concurrent Engineering in the Extended Enterprise Temporary Partnership
     Url https://journals.sagepub.com/doi/abs/10.1177/1063293X02010001731


     Search term "Case+Study"+OR+"Case+Studies"+"Concurrent+Engineering"+"Formal+methods"
     Title Concurrent resource allocation (CRA): A heuristic for multi-project scheduling with resource constraints in concurrent engineering
     Author ['S Kara', 'B Kayis', 'H Kaebernick']
     Venue Concurrent Engineering
     Year 2001
     Abstract project scheduling heuristic are demonstrated by applying them to a case study gathered from an  have evolved from the tradi- tional sequential process into Concurrent Engineering (CE), where  Prasad [15] de- tailed the formal methods of sharing within (interteam) and between
     Url https://journals.sagepub.com/doi/abs/10.1177/1063293X0100900107


     Search term "Case+Study"+OR+"Case+Studies"+"Concurrent+Engineering"+"Formal+methods"
     Title Cross-functional teams and concurrent engineering: contributions to the development of product design through multidisciplinary integration using CAD systems
     Author ['JM Fernandes', 'CR Vaz']
     Venue Product …
     Year 2004
     Abstract The method applied in the development of this research was a case study of a methodological strategy employed at an auto parts manufacturer  SWINK, M.; SANDVIG, J.; MABERT, VA (199 ) - Customizing concurrent engineering processes: Five case studies
     Url https://app.periodikos.com.br/journal/pmd/article/586fc513f7636eea018b45a4


     Search term "Case+Study"+OR+"Case+Studies"+"Concurrent+Engineering"+"Formal+methods"
     Title Applying CE-methods in small and medium sized enterprises
     Author ['R Stach', 'B Bredehorst', 'F Weber', 'O Peters']
     Venue Proceedings of the …
     Year 2001
     Abstract methods. The paper presents different case studies about the introduction of methods in SMEs in the CE domain  projects. Keywords Concurrent Engineering, Concurrent Enterprising, Methods & Tools, Case Study, Survey 1 Introduction Many
     Url https://www.researchgate.net/profile/Frithjof_Weber/publication/2874300_Applying_CE-Methods_in_Small_and_Medium_Sized_Enterprises/links/00b49528159f832ef7000000.pdf


     Search term "Case+Study"+OR+"Case+Studies"+"Concurrent+Engineering"+"Formal+methods"
     Title Integrating usability with concurrent engineering in mobile phone development
     Author ['P Ketola']
     Venue NA
     Year 2002
     Abstract The main result of this case study is to amend and supplement Concurrent Engineering with usability engineering activities, reported in the form of Usability Engineering Guidelines. They enable effective and efficient usability
     Url https://trepo.tuni.fi/bitstream/handle/10024/67204/951-44-5382-4.pdf?sequence=1


     Search term "Case+Study"+OR+"Case+Studies"+"Concurrent+Engineering"+"Formal+methods"
     Title Achieving integration through managing concurrent engineering
     Author ['KS Pawar', 'JCKH Riedel']
     Venue International Journal of production …
     Year 1994
     Abstract eleven case studies [2,3] which were designed to illuminate issues identified as interesting by the survey. These latter will be used in this paper to “enliven” some of the theoret- ical points made and to demonstrate the successful application of concurrent engineering techniques
     Url https://www.academia.edu/download/54218906/0925-5273_2894_2990162-720170823-2578-lvlnno.pdf


     Search term "Case+Study"+OR+"Case+Studies"+"Concurrent+Engineering"+"Formal+methods"
     Title 3-Dimensional concurrent engineering: an illustration of its information entailments
     Author ['AS Thomas', 'A McKay']
     Venue International Journal of …
     Year 2006
     Abstract Gruninger et al. (1997) highlight problems associated with a lack of formal methods and argue for rigour in describing processes  Page 15. 3-Dimensional concurrent engineering 461 In this case study, there is a description of one process-X's product realisation process
     Url https://www.inderscienceonline.com/doi/abs/10.1504/IJPD.2006.014861


     Search term "Case+Study"+OR+"Case+Studies"+"Concurrent+Engineering"+"Formal+methods"
     Title Case study: Application of Design for Automated Assembly methods in the development of an electronic product from early design to design freeze
     Author ['O Roulet-Dubonnet', 'RK Sandøy', 'KØ Schulte']
     Venue Procedia CIRP
     Year 2018
     Abstract The top sheet is from the current case study, while the lower is from a different  The project itself was set up to push the limits of concurrent engineering by starting very  It is important to combine formal methods with less formal methods, such as brainstorming, to compensate for
     Url https://www.sciencedirect.com/science/article/pii/S2212827118300817


     Search term "Case+Study"+OR+"Case+Studies"+"Concurrent+Engineering"+"Formal+methods"
     Title Constraint-Based Co-operative Problem-Solving: A Case Study from Concurrent Engineering
     Author ['J Bowen']
     Venue Proceedings CP-2001 Workshop on Cooperative …
     Year 2001
     Abstract The concepts are illustrated in this paper by a case study application from  of Constraints in Cooperative Product Develop- ment,” Technical Note, Concurrent Engineering Research Center  Formal Methods in Artificial Intelligence, New York: Cambridge Uni- versity Press.
     Url http://citeseerx.ist.psu.edu/viewdoc/download?doi=10.1.1.200.8691&rep=rep1&type=pdf


     Search term "Case+Study"+OR+"Case+Studies"+"Concurrent+Engineering"+"Formal+methods"
     Title Implementing concurrent engineering in small manufacturing enterprises
     Author ['JM Usher']
     Venue Engineering Management Journal
     Year 1996
     Abstract Exhibit 1. Steps to implement concurrent engineering  directly through the use of short courses or indirectly using in-house reviews of case studies reported in  Formal methods for describing and documenting the processes and their relationships include the use of methods such
     Url https://www.tandfonline.com/doi/abs/10.1080/10429247.1996.11414877


     Search term "Case+Study"+OR+"Case+Studies"+"Concurrent+Engineering"+"Formal+methods"
     Title Project planning in a concurrent engineering environment
     Author ['A Matin', 'S Evans']
     Venue 1992 Third International Conference on …
     Year 1992
     Abstract been growing, with conferences devoted to this theme becoming common and the number of documented case studies growing (45)  Tools in Concurrent Engineering can be classified broadly under three categories  CAD, while the final category can be termed Formal Methods
     Url https://ieeexplore.ieee.org/abstract/document/171895/


     Search term "Case+Study"+OR+"Case+Studies"+"Concurrent+Engineering"+"Formal+methods"
     Title Implementation of concurrent engineering in the suppliers to the automotive industry
     Author ['JX Gao', 'BM Manson', 'P Kyratsis']
     Venue Journal of Materials Processing …
     Year 2000
     Abstract Extensive use of formal methods is crucial as well  The case studies used demonstrate how the adoption of CE can vary from one company to another  The practical approach to concurrent engineering (PACE) consortium developed a generic framework based on step by step
     Url https://www.sciencedirect.com/science/article/pii/S0924013600006695


     Search term "Case+Study"+OR+"Case+Studies"+"Concurrent+Engineering"+"Formal+methods"
     Title Role of manufacturing logistics in Indian automobile industries--a case study
     Author ['JS Gnanasekaran']
     Venue International Journal of …
     Year 2008
     Abstract Formal methods decompose a problem based on its mathematical representation  The data collected for this case study as shown in Table 1. The resulting clusters  The principle of concurrent engineering is accomplished through the intensive teamwork between product design
     Url https://go.gale.com/ps/i.do?id=GALE%7CA215925186&sid=googleScholar&v=2.1&it=r&linkaccess=abs&issn=09734562&p=AONE&sw=w


     Search term "Case+Study"+OR+"Case+Studies"+"Concurrent+Engineering"+"Formal+methods"
     Title Towards A Formal Software Development in a Concurrent Engineering Environment: A Space System Case
     Author ['MCB Alves', 'CF Leal']
     Venue Concurrent Engineering Approaches for Sustainable …
     Year 2013
     Abstract and common understanding about the effectiveness of the spectrum of formal methods combined with  validation, and verification, reinforc- ing the adoption of a formal concurrent engineering paradigm  A case study of a flight software system was presented where the use of re
     Url https://link.springer.com/chapter/10.1007/978-1-4471-4426-7_93


     Search term "Case+Study"+OR+"Case+Studies"+"Concurrent+Engineering"+"Formal+methods"
     Title Composite materials: Concurrent engineering approach
     Author ['SM Sapuan']
     Venue NA
     Year 2017
     Abstract Preface The essence of concurrent engineering (CE) is the consideration of manufactur- ing and other related issues early in the design stage of  Many case studies and examples given in this book are related to the design and development of products of composites with the
     Url https://books.google.com/books?hl=ru&lr=&id=S8z8DAAAQBAJ&oi=fnd&pg=PP1&dq=%22Case+Study%22+OR+%22Case+Studies%22+%22Concurrent+Engineering%22+%22Formal+methods%22&ots=LhRstU_8mb&sig=OTMU0R4IoExwyymdNq8A4qqXeaQ


     Search term "Case+Study"+OR+"Case+Studies"+"Concurrent+Engineering"+"Formal+methods"
     Title The PACE tool selection–selecting methods and tools for concurrent engineering
     Author ['U Reetz', 'M Kromker', 'F Weber']
     Venue … to Concurrent Engineering) …
     Year 1997
     Abstract Required resources Case studies Additional information about the method Table 2: Tool Selector information about formal methods  shows the tools' role for Concurrent Engineering by classifying it with the PACE conceptual model (cf. page 13 in these proceedings)
     Url https://www.researchgate.net/profile/Frithjof_Weber/publication/228366134_The_PACE_tool_selection-selecting_methods_and_tools_for_concurrent_engineering/links/00b49528159f7a70bb000000/The-PACE-tool-selection-selecting-methods-and-tools-for-concurrent-engineering.pdf


     Search term "Case+Study"+OR+"Case+Studies"+"Concurrent+Engineering"+"Formal+methods"
     Title Product-portfolio management: A framework based on Methods, Organization, and Strategy
     Author ['D Jugend', 'SL da Silva']
     Venue Concurrent Engineering
     Year 2014
     Abstract Journal, New Content, Announcements. Concurrent Engineering, Contents  Product-portfolio management: A framework based on Methods, Organization, and Strategy. Daniel Jugend and Sérgio Luis da Silva. Concurrent Engineering 2013 22:1, 17-28. Download Citation
     Url https://journals.sagepub.com/doi/abs/10.1177/1063293x13508660


     Search term "Case+Study"+OR+"Case+Studies"+"Concurrent+Engineering"+"Formal+methods"
     Title Improvement management tools in the construction industry: case study of Mexico
     Author ['DJ Delgado-Hernandez', 'CC Cruz-Cruz']
     Venue Journal of …
     Year 2017
     Abstract Industry: Case Study of Mexico  Formal Methods Quality function deployment (QFD) Methodology to develop products that truly satisfy client expectations Theory of  Concurrent engineering (CE) Philosophy based on the use of a multidisciplinary team to design and launch
     Url https://ascelibrary.org/doi/abs/10.1061/(ASCE)CO.1943-7862.0001229


     Search term "Case+Study"+OR+"Case+Studies"+"Concurrent+Engineering"+"Formal+methods"
     Title Co-engineering in aeronautics? the a320 forward section case study
     Author ['F Bouissiere', 'C Cuiller', 'PE Dereux']
     Venue Proc. of the 9th …
     Year 2018
     Abstract S., Bouissiere, F., Cuiller, C., Dereux, P.-E., Kersuzan, S.: Towards thinking manufacturing and design together: An aeronautical case study, ER2017, Spain  [13] Pardessus, T.: Concurrent engineering development and  15] Delmas, R., Polacsek, T.: Formal methods for exchange
     Url https://www.erts2018.org/uploads/program/ERTS_2018_paper_76.pdf


     Search term "Case+Study"+OR+"Case+Studies"+"Concurrent+Engineering"+"Formal+methods"
     Title Advanced team work education within the concurrent engineering paradigm
     Author ['I Dumitrache', 'P Svasta']
     Venue … . Concurrent Engineering …
     Year 2001
     Abstract A case study for education in the field of electronic packaging would be also  disciplinary team-work E Cost modeling, simulations and manufacturability Concurrent engineering methodology, tool  approach for advanced design of complex products E Formal methods like
     Url https://ieeexplore.ieee.org/abstract/document/930997/


     Search term "Case+Study"+OR+"Case+Studies"+"Concurrent+Engineering"+"Formal+methods"
     Title Introducing System Engineering in a Tender Environment; Traffic Control Test Centre Case Study
     Author ['IGJC Ransijn', 'WJW Geurts', 'IFL Buve', 'CMGPS BV']
     Venue EuSEC 2000
     Year 2000
     Abstract This paper contains a case study, which shows that system engineering can be successfully  written down correctly the first time, we used the method of concurrent engineering  REFERENCES WJW Geurts, J. Tretmans, K. Wijbrans, " Formal Methods and Testing; BOS project
     Url https://books.google.com/books?hl=ru&lr=&id=0RvIMfcILm8C&oi=fnd&pg=PA31&dq=%22Case+Study%22+OR+%22Case+Studies%22+%22Concurrent+Engineering%22+%22Formal+methods%22&ots=wZrlrTmYcK&sig=kEKKvY2sQNLjQLy-rLMHqNy363g


     Search term "Case+Study"+OR+"Case+Studies"+"Concurrent+Engineering"+"Formal+methods"
     Title Concurrent specification in the co-design of reactive engineering systems
     Author ['A Garg', 'PK Chawdhry']
     Venue Journal of Engineering Design
     Year 1998
     Abstract Examples of formal methods include algebras, grammars, axiomatic methods, net theory, temporal  ASME Press) [3] YEH, RT (1992) Notes on concurrent engineering, IEEE Transactions  GARG, A. (1994) A Methodology for Product SpeciŽcationĐA Case Study (Newcastle upon
     Url https://www.tandfonline.com/doi/abs/10.1080/095448298261642


     Search term "Case+Study"+OR+"Case+Studies"+"Concurrent+Engineering"+"Formal+methods"
     Title An implementation of a framework for cooperative engineering
     Author ['GM Gonçalves', 'PS Dias', 'A Santos', 'JB de Sousa']
     Venue IFAC Proceedings …
     Year 2005
     Abstract CE concerns the application of Concurrent Engineering to the concurrent design and development of  In this case study, the framework was mapped onto a platform to support  Lee, and A. Sangiovanni-Vincentelli, Design of Embedded Systems: Formal Methods, Validation and
     Url https://www.sciencedirect.com/science/article/pii/S1474667016375358


     Search term "Case+Study"+OR+"Case+Studies"+"Concurrent+Engineering"+"Formal+methods"
     Title A Structured Methodology for Implementing
     Author ['J Burns', 'I Barclay', 'J Poolton']
     Venue Concurrent Engineering: What's …
     Year 1996
     Abstract Case study: A structured methodology 179 industry, Temco has a highly developed portfolio of  little development in this area was needed for the new concurrent engineering environment  as a new NPD process was being introduced, various other formal methods were evaluated
     Url https://books.google.com/books?hl=ru&lr=&id=QzRhe0MM_EkC&oi=fnd&pg=PA163&dq=%22Case+Study%22+OR+%22Case+Studies%22+%22Concurrent+Engineering%22+%22Formal+methods%22&ots=pR_Yvu9U_T&sig=KLjJAf7DZ2C6aEgxCyajrVCKYp8


     Search term "Case+Study"+OR+"Case+Studies"+"Concurrent+Engineering"+"Formal+methods"
     Title Concurrent Engineering: A New Paradigm
     Author ['TE Neel']
     Venue NA
     Year 1991
     Abstract process, concurrent engineering achieves long term benefits by greatly reducing schedules, unit and life-cycle costs, and by significantly increasing system quality. By simplifying the business and engineering process and by judicious application of formal methods and
     Url https://apps.dtic.mil/sti/citations/ADA237994


     Search term "Case+Study"+OR+"Case+Studies"+"Concurrent+Engineering"+"Formal+methods"
     Title Contingent approach to the application of concurrent engineering to the product introduction process
     Author ['CJ Backhouse', 'NJ Brookes', 'ND Burns']
     Venue IEE Proceedings-Science …
     Year 1995
     Abstract A cursory glance at published case studies demonstrates that both the industrial and academic  The original hypothe- sis behind the research, that concurrent engineering is contingent, would  Examples of these components are formal methods for planning and control of projects
     Url https://digital-library.theiet.org/content/journals/10.1049/ip-smt_19952094


     Search term "Case+Study"+OR+"Case+Studies"+"Concurrent+Engineering"+"Formal+methods"
     Title Fuzzy Selection of Concurrent Engineering Implementation Tactics
     Author ['F Lettice', 'A Matin', 'S Evans']
     Venue Proceedings of the Thirtieth International …
     Year 1993
     Abstract hardware. The final category is that of formal methods. This includes  highest utility. There are not as yet enough successful Concurrent Engineering case studies available for any statistically significant probabilities to be used. Since
     Url https://link.springer.com/chapter/10.1007/978-1-349-13255-3_44


     Search term "Case+Study"+OR+"Case+Studies"+"Concurrent+Engineering"+"Formal+methods"
     Title Formal Methods for Production Chain Management
     Author ['HA Gabbar']
     Venue Modern Formal Methods and Applications
     Year 2006
     Abstract 3.4 Case Study Production Chain For example, table 3-5 shows operating procedures, which are represented using EFL, to move produced product from UP1 to UP2  45 Modern Formal Methods and Applications  In Concurrent Engineering, A Global Perspective, Virginia, Aug
     Url https://link.springer.com/chapter/10.1007/1-4020-4223-X_3


     Search term "Case+Study"+OR+"Case+Studies"+"Concurrent+Engineering"+"Formal+methods"
     Title Towards an integrated approach to “Design for X”: an agenda for decision-based DFX research
     Author ['R Holt', 'C Barnes']
     Venue Research in Engineering Design
     Year 2010
     Abstract Concurrent engineering requires that designers take a holistic view of the product, integrating all important phases of the product lifecycle, and all  However, few DfX methods provide formal support for the synthesis of designs: after all, there are few formal methods for gen
     Url https://link.springer.com/content/pdf/10.1007/s00163-009-0081-6.pdf


     Search term "Case+Study"+OR+"Case+Studies"+"Concurrent+Engineering"+"Formal+methods"
     Title Quality management case studies in the UK construction industry
     Author ['DJ Delgado-Hernandez', 'E Aspinwall']
     Venue Total Quality Management
     Year 2008
     Abstract QFD) (Martins & Aspinwall, 2001), the Theory of Inventive Problem Solving (TRIZ) (Shulyak, 1997) and Concurrent Engineering (CE) (Abdalla  Quality management case studies in the UK construction industry  Having analysed each case study in turn, some salient points emerge
     Url https://www.tandfonline.com/doi/abs/10.1080/14783360802224545


     Search term "Case+Study"+OR+"Case+Studies"+"Concurrent+Engineering"+"Formal+methods"
     Title Use of Concurrent Engineering Centers as a Tool for Life Cycle Governance of Complex System Design, Development, Test, and Operations
     Author ['WN Felder']
     Venue Complex Systems Engineering: Theory and Practice
     Year 2018
     Abstract value of CECs for improving life cycle governance of complex systems would be to briefly review the case studies from prior  S., et al.,“The Transformation of Product Development Process into Lean Environment Using Set-Based Concurrent Engineering: A Case Study from an
     Url https://arc.aiaa.org/doi/pdfplus/10.2514/4.105654#page=234


     Search term "Case+Study"+OR+"Case+Studies"+"Concurrent+Engineering"+"Formal+methods"
     Title Difficulties arising from dysfunctional information systems in manufacturing SMEs–case studies
     Author ['JG Thoburn', 'S Arunachalam']
     Venue International Journal of …
     Year 1999
     Abstract shown in Table II, against which the ISs of the case study companies can be  consideration is given to three broad issues arising from the case studies: potential implications  and Rook, JL (1997), “Concurrent engineering – processes and techniques for the Agile Manufacturing
     Url https://www.emerald.com/insight/content/doi/10.1108/14654659910280947/full/html


     Search term "Case+Study"+OR+"Case+Studies"+"Concurrent+Engineering"+"Formal+methods"
     Title The Industrial Use of a Formal Method in a Gas Turbine Engine Electronic Control System
     Author ['J Blow', 'A Galloway', 'JA McDermid']
     Venue Proceedings of the …
     Year 2000
     Abstract some departments of Rolls-Royce have investigated the use of discrete formal methods in the  Control software is developed within a multi-level concurrent engineering process [3] where airframe  time that the requirements notation has been used on a large scale case study
     Url https://www.researchgate.net/profile/Andy_Galloway3/publication/266414482_The_Industrial_Use_of_a_Formal_Method_in_a_Gas_Turbine_Engine_Electronic_Control_System_Extended_Abstract/links/5698a05708aea2d743761165/The-Industrial-Use-of-a-Formal-Method-in-a-Gas-Turbine-Engine-Electronic-Control-System-Extended-Abstract.pdf


     Search term "Case+Study"+OR+"Case+Studies"+"Concurrent+Engineering"+"Formal+methods"
     Title Development of a knowledge platform on concurrent engineering
     Author ['KS Pawar']
     Venue … Co-Operative Working in Concurrent Engineering
     Year 1994
     Abstract It is the use of Computer Based Support Initiatives and Formal Methods within the context of  CE in practice Product Life Cycle New product development Case studies - categorise firms into sectors: eg  (1) Pennel JP G Winner RI (1989) Concurrent Engineering: Practices and
     Url https://ieeexplore.ieee.org/abstract/document/383565/


     Search term "Case+Study"+OR+"Case+Studies"+"Concurrent+Engineering"+"Formal+methods"
     Title Formal Methods for Process Systems Engineering
     Author ['HA Gabbar']
     Venue Modern Formal Methods and Applications
     Year 2006
     Abstract Batch plant is used as a case study where master recipe is synthesized using  Case studies are used from chemical batch plant to show the proposed synthesis  Proceedings of the Second International Conference on Concurrent Engineering, Research and Application, Virginia
     Url https://link.springer.com/chapter/10.1007/1-4020-4223-X_2


     Search term "Case+Study"+OR+"Case+Studies"+"Concurrent+Engineering"+"Formal+methods"
     Title Criteria-Driven Approach in Automotive Software Development–Integrating Concepts of Formal Methods with Testing
     Author ['T Tohdo']
     Venue NA
     Year 2017
     Abstract Driven Approach in Automotive Software Development – Integrating Concepts of Formal Methods with Testing  a case study using real product artefacts; and section 6 provides a short  is that system developments in the automotive industry are essentially concurrent engineering
     Url https://www.sae.org/publications/technical-papers/content/2017-01-0003/


     Search term "Case+Study"+OR+"Case+Studies"+"Concurrent+Engineering"+"Formal+methods"
     Title Skills, knowledge and training of design and manufacturing personnel in concurrent engineering teams.
     Author ['KJ Ghiara']
     Venue NA
     Year 1993
     Abstract Page 2. .Acills, Knowledge and Training of Design and Manufacturing Personnel in Concurrent Engineering Teams by KARL J. GHIARA, B. Tech. (Mech  Consequently, these .€' :ne ﬁrms can reap the maximum potential beneﬁts concurrent engineering has to offer. iv Page 7
     Url https://curve.carleton.ca/system/files/etd/35c08442-0449-414f-84c4-986d572b2256/etd_pdf/a13f3152fdc428b87f8cf3dbb1e11c18/ghiara-skillsknowledgeandtrainingofdesignandmanufacturing.pdf


     Search term "Case+Study"+OR+"Case+Studies"+"Concurrent+Engineering"+"Formal+methods"
     Title Viewpoints: A framework for integrating multiple perspectives in system development
     Author ['A Finkelstein', 'J Kramer', 'B Nuseibeh']
     Venue … Journal of Software …
     Year 1992
     Abstract 2. Fostering concurrent engineering of cyber-physical systems a proposal for an ontological context framework. Marian Daun, Jennifer Brings  2009. Selective backtracking of model changes. Iris Groher and Alexander Egyed. 1 Jan 2009. An industrial case study in reconstructing
     Url https://www.worldscientific.com/doi/abs/10.1142/S0218194092000038


     Search term "Case+Study"+OR+"Case+Studies"+"Concurrent+Engineering"+"Formal+methods"
     Title Manufacturing and supplier roles in product development
     Author ['D Maffin', 'P Braiden']
     Venue International Journal of Production Economics
     Year 2001
     Abstract Simultaneous (or concurrent) engineering is a critical philosophy of best practice in product development  It was also observed amongst the case studies that there were less opportunities for  In the case study projects, when there was no production process change involved
     Url https://www.sciencedirect.com/science/article/pii/S0925527300000232


     Search term "Case+Study"+OR+"Case+Studies"+"Concurrent+Engineering"+"Formal+methods"
     Title Dimensions of formality: A case study for MKM in software engineering
     Author ['A Kohlhase', 'M Kohlhase', 'C Lange']
     Venue International Conference on …
     Year 2010
     Abstract One of the FormalSafe case studies is based on the documents of the SAMS project  Dimensions of Formality: A Case Study for MKM in Software Engineering  we have studied the applicability of MKM technologies in Soft- ware Engineering beyond “Formal Methods” (based on
     Url https://link.springer.com/chapter/10.1007/978-3-642-14128-7_31


     Search term "Case+Study"+OR+"Case+Studies"+"Concurrent+Engineering"+"Formal+methods"
     Title Experience with formal methods techniques at the Jet Propulsion Laboratory from a quality assurance perspective
     Author ['J Kelly', 'R Covington']
     Venue 9th Computing in Aerospace Conference
     Year 1993
     Abstract The concurrent engineering  Case Studies In this section, we present a case study of how FM was used in a forward engineering scenario for the study of the floating point math for the MIL- STD-1750A microprocessor, and in a reverse engineering sense for a generic spacecraft
     Url https://arc.aiaa.org/doi/pdf/10.2514/6.1993-4518


     Search term "Case+Study"+OR+"Case+Studies"+"Concurrent+Engineering"+"Formal+methods"
     Title Restructuring requirements specifications for managing inconsistency and change: A case study
     Author ['A Russo', 'B Nuseibeh', 'J Kramer']
     Venue Proceedings of IEEE …
     Year 1998
     Abstract Independent Validation & Verification (IV&V) group, who used a different approach based on modelling informal specifications using formal methods such as  The approach we used in this case study combined informal inspections with some automated support using Prolog
     Url https://ieeexplore.ieee.org/abstract/document/667808/

