Showing papers for search query "Case+Study"+OR+"Case+Studies"+"Cyber-physical+system"+OR+"Industrial+control+system"+OR+"ICS"+OR+"SCADA"+OR+"Distributed+control+system"+OR+"DCS"+"Traceability"

     Search term "Case+Study"+OR+"Case+Studies"+"Cyber-physical+system"+OR+"Industrial+control+system"+OR+"ICS"+OR+"SCADA"+OR+"Distributed+control+system"+OR+"DCS"+"Traceability"
     Title An intelligent value stream-based approach to collaboration of food traceability cyber physical system by fog computing
     Author ['RY Chen']
     Venue Food Control
     Year 2017
     Abstract traceability procedure or a specific, high-warranty traceability procedure, A medium-sized enterprise case-study operating in  2.2. Cyber physical system  IPv6, RFID, Micro Electro Mechanical Systems (MEMS) and advanced control technologies for SCADA (supervisory control
     Url https://www.sciencedirect.com/science/article/pii/S0956713516303565


     Search term "Case+Study"+OR+"Case+Studies"+"Cyber-physical+system"+OR+"Industrial+control+system"+OR+"ICS"+OR+"SCADA"+OR+"Distributed+control+system"+OR+"DCS"+"Traceability"
     Title An RFID application in the food supply chain: A case study of convenience stores in Taiwan
     Author ['IH Hong', 'JF Dang', 'YH Tsai', 'CS Liu', 'WT Lee']
     Venue Journal of food …
     Year 2011
     Abstract Since the procurement cost of the RFID hardware is simply transferred to the members installing the traceability system, the financial analysis in this paper  The upper part of Table 4 shows the types of information collected from the stores and DCs in our case study, based on
     Url https://www.sciencedirect.com/science/article/pii/S026087741100210X


     Search term "Case+Study"+OR+"Case+Studies"+"Cyber-physical+system"+OR+"Industrial+control+system"+OR+"ICS"+OR+"SCADA"+OR+"Distributed+control+system"+OR+"DCS"+"Traceability"
     Title Model-based documentation of dynamicity constraints for collaborative cyber-physical system architectures: Findings from an industrial case study
     Author ['J Brings', 'M Daun', 'T Bandyszak', 'V Stricker']
     Venue Journal of Systems …
     Year 2019
     Abstract Model-based documentation of dynamicity constraints for collaborative cyber-physical system architectures: Findings from an industrial case study  be associated to the particular morphologies they are applicable to in order to ensure traceability and comprehensibility
     Url https://www.sciencedirect.com/science/article/pii/S1383762118303527


     Search term "Case+Study"+OR+"Case+Studies"+"Cyber-physical+system"+OR+"Industrial+control+system"+OR+"ICS"+OR+"SCADA"+OR+"Distributed+control+system"+OR+"DCS"+"Traceability"
     Title Intelligent Predictive Food Traceability Cyber Physical System in Agriculture Food Supply Chain
     Author ['RY Chen']
     Venue IOP Conf. Series: Journal of Physics: Conf. Series
     Year 2018
     Abstract Section 3 presents the proposed approach to develop novel intelligent predictive food traceability cyber physical system. It consists of predictive algorithm for food traceability efficiency. Section 4 presents the case study and numerical example for agriculture food product
     Url https://iopscience.iop.org/article/10.1088/1742-6596/1026/1/012017/pdf;Intelligent


     Search term "Case+Study"+OR+"Case+Studies"+"Cyber-physical+system"+OR+"Industrial+control+system"+OR+"ICS"+OR+"SCADA"+OR+"Distributed+control+system"+OR+"DCS"+"Traceability"
     Title Towards practical software traceability
     Author ['HU Asun ion']
     Venue Companion of the 30th international conference on …
     Year 2008
     Abstract Is it easy to trace artifacts across different tools and different groups? We will compare the gathered responses with existing industry case studies such as [17]  <http://sourcerer.ics.uci.edu/>  Implementing Requirements Traceability: A Case Study. In Proc. of the 1995 Intl
     Url https://dl.acm.org/doi/abs/10.1145/1370175.1370228


     Search term "Case+Study"+OR+"Case+Studies"+"Cyber-physical+system"+OR+"Industrial+control+system"+OR+"ICS"+OR+"SCADA"+OR+"Distributed+control+system"+OR+"DCS"+"Traceability"
     Title Towards Enhancement of Fault Traceability Among Multiple Hazard Analyses in Cyber-Physical Systems
     Author ['D Horn', 'N Ali', 'JE Hong']
     Venue 2019 IEEE 43rd Annual Computer …
     Year 2019
     Abstract relationships existing within traditional FTA, FMEA, and ETA hazard analysis contents in a cyber-physical system to support  CASE STUDIES In this section, we evaluate our proposed approach to know how it manages and controls the faults via a real case study, an Automatic
     Url https://ieeexplore.ieee.org/abstract/document/8754309/


     Search term "Case+Study"+OR+"Case+Studies"+"Cyber-physical+system"+OR+"Industrial+control+system"+OR+"ICS"+OR+"SCADA"+OR+"Distributed+control+system"+OR+"DCS"+"Traceability"
     Title A framework for traceability and transparency in the dairy supply chain networks
     Author ['RR Pant', 'G Prakash', 'JA Farooquie']
     Venue Procedia-Social and …
     Year 2015
     Abstract This paper follows a case study approach and presents findings from three types of dairy  small dairy processors (CSDP) in line with the present dairy cooperative society (DCS)  organized processors of dairy products in terms of quality, transparency, traceability and information
     Url https://cyberleninka.org/article/n/993918.pdf


     Search term "Case+Study"+OR+"Case+Studies"+"Cyber-physical+system"+OR+"Industrial+control+system"+OR+"ICS"+OR+"SCADA"+OR+"Distributed+control+system"+OR+"DCS"+"Traceability"
     Title Tracking and traceability solution using a novel material handling system
     Author ['A Mousavi', 'M Sarhadi', 'S Fawcett', 'S Bowles']
     Venue Innovative Food Science …
     Year 2005
     Abstract Modelling effective material tracking systems, a case study in wireless technology, Industrial  be able to maintain high standards of operational fluency whilst maintaining 100% traceability  US2002057956&ID=US2002057956A1+I+&PG=1]) and the associated SCADA system in
     Url https://www.sciencedirect.com/science/article/pii/S1466856404001055


     Search term "Case+Study"+OR+"Case+Studies"+"Cyber-physical+system"+OR+"Industrial+control+system"+OR+"ICS"+OR+"SCADA"+OR+"Distributed+control+system"+OR+"DCS"+"Traceability"
     Title The Digitalization of Manufacturing: A Case Study
     Author ['CR Mendes', 'FS Bortoli', 'C da Costa']
     Venue International Journal of …
     Year 2020
     Abstract This research presents a case study of the digitalization of a manufacturing didactic cell located at IFSP- Federal Institute of São Paulo, Brazil  Another important aspect obtained as a result of the implementation of the SCADA system, was the traceability of the production
     Url https://www.academia.edu/download/63651914/13IJAERS-06202014-TheDigitalization20200616-96909-1jhjf5q.pdf


     Search term "Case+Study"+OR+"Case+Studies"+"Cyber-physical+system"+OR+"Industrial+control+system"+OR+"ICS"+OR+"SCADA"+OR+"Distributed+control+system"+OR+"DCS"+"Traceability"
     Title A blockchain enabled Cyber-Physical System architecture for Industry 4.0 manufacturing systems
     Author ['J Lee', 'M Azamfar', 'J Singh']
     Venue Manufacturing Letters
     Year 2019
     Abstract Cyber-Physical System. Industry 4.0. Blockchain technology. Artificial Intelligence. Cloud computing. Big data. Peer to  communication in the electrical grid system [16], food supply chain traceability system [17  2 presents a PHM case study illustrating how each function of BCPS is
     Url https://www.sciencedirect.com/science/article/pii/S2213846319300264


     Search term "Case+Study"+OR+"Case+Studies"+"Cyber-physical+system"+OR+"Industrial+control+system"+OR+"ICS"+OR+"SCADA"+OR+"Distributed+control+system"+OR+"DCS"+"Traceability"
     Title Software traceability with topic modeling
     Author ['HU Asuncion', 'AU Asuncion']
     Venue 2010 ACM/IEEE 32nd …
     Year 2010
     Abstract For a brief demo of topic modeling on news articles, see: http://asuncion.ics.uci.edu  the ArchStudio software project and we perform a feature comparison between our traceability tools and  6.1 Case study on ArchStudio We conducted a case study on the ArchStudio 4 system [15
     Url https://ieeexplore.ieee.org/abstract/document/6062077/


     Search term "Case+Study"+OR+"Case+Studies"+"Cyber-physical+system"+OR+"Industrial+control+system"+OR+"ICS"+OR+"SCADA"+OR+"Distributed+control+system"+OR+"DCS"+"Traceability"
     Title Towards a traceability system based on cloud and fog computing
     Author ['M Mededjel', 'G Belalem', 'A Neki']
     Venue Multiagent and Grid Systems
     Year 2017
     Abstract Section 4 presents a case study in which the proposed approach is used to handle food contamination problem  a novel intelligent approach to optimize the complexity of the value stream- based food traceability system, using CPS (cyber physical system), EPCglobal, VSM
     Url https://content.iospress.com/articles/multiagent-and-grid-systems/mgs261


     Search term "Case+Study"+OR+"Case+Studies"+"Cyber-physical+system"+OR+"Industrial+control+system"+OR+"ICS"+OR+"SCADA"+OR+"Distributed+control+system"+OR+"DCS"+"Traceability"
     Title ICS/SCADA Device Recognition: A Hybrid Communication-Patterns and Passive-Fingerprinting Approach
     Author ['AT Al Ghazo', 'R Kumar']
     Venue 2019 IFIP/IEEE Symposium on …
     Year 2019
     Abstract The Industrial Control System (ICS) and Super- visory Control and Data Acquisition (SCADA) systems are the  demonstrate the applicability of our algorithm to a real- world cyber-physical system (CPS), a water treatment system was chosen as a case-study (Figure 6
     Url https://ieeexplore.ieee.org/abstract/document/8717907/


     Search term "Case+Study"+OR+"Case+Studies"+"Cyber-physical+system"+OR+"Industrial+control+system"+OR+"ICS"+OR+"SCADA"+OR+"Distributed+control+system"+OR+"DCS"+"Traceability"
     Title Cyber physical system (CPS)-based industry 4.0: A survey
     Author ['Y Lu']
     Venue Journal of Industrial Integration and Management
     Year 2017
     Abstract PC Olveczky [2015] Designing and verifying distributed cyber-physical systems using multirate PALS: An airplane turning control system case study  Crossref, Google Scholar; Bai, ZY and XY Huang [2012] Design and implementation of a cyber physical system for building smart
     Url https://www.worldscientific.com/doi/abs/10.1142/S2424862217500142


     Search term "Case+Study"+OR+"Case+Studies"+"Cyber-physical+system"+OR+"Industrial+control+system"+OR+"ICS"+OR+"SCADA"+OR+"Distributed+control+system"+OR+"DCS"+"Traceability"
     Title A study on an Improved Model for Requirements Traceability
     Author ['CH Kim', 'JB Kim']
     Venue Journal of Digital Contents Society
     Year 2012
     Abstract The traceability has been studied in a specific method as using a traceability table or SOA related to the requirement management  for adequacy of requirements reflection in the development process of information system for the government office through a previous case study
     Url https://www.koreascience.or.kr/article/JAKO201224963703576.page


     Search term "Case+Study"+OR+"Case+Studies"+"Cyber-physical+system"+OR+"Industrial+control+system"+OR+"ICS"+OR+"SCADA"+OR+"Distributed+control+system"+OR+"DCS"+"Traceability"
     Title Cyber physical system-enabled synchronization mechanism for pick-and-sort ecommerce order fulfilment
     Author ['XTR Kong', 'X Yang', 'KL Peng', 'CZ Li']
     Venue Computers in Industry
     Year 2020
     Abstract The proposed mechanism is verified and evaluated using a case study in Section 5. The paper is summarized with  Industrial cyber physical system  Expectations towards research in the implementation of CPPS are outlined and some case studies are introduced by Monostori et
     Url https://www.sciencedirect.com/science/article/pii/S016636151931070X


     Search term "Case+Study"+OR+"Case+Studies"+"Cyber-physical+system"+OR+"Industrial+control+system"+OR+"ICS"+OR+"SCADA"+OR+"Distributed+control+system"+OR+"DCS"+"Traceability"
     Title SysML as a common integration platform for co-simulations: example of a cyber physical system design methodology in green heating ventilation and air conditioning …
     Author ['A Sadovykh', 'A Bagnato', 'I Quadri', 'AED Mady']
     Venue Proceedings of the 12th …
     Year 2016
     Abstract We apply the approach to a heating, ventilation and air conditioning case study and show how  lead to issues due to poor model tuning and a lack of requirements traceability  In Cyber-Physical System (CPS) modelling, one possible approach to design is to use domain- specific
     Url https://dl.acm.org/doi/abs/10.1145/3022211.3022212


     Search term "Case+Study"+OR+"Case+Studies"+"Cyber-physical+system"+OR+"Industrial+control+system"+OR+"ICS"+OR+"SCADA"+OR+"Distributed+control+system"+OR+"DCS"+"Traceability"
     Title An end-to-end industrial software traceability tool
     Author ['HU Asuncion', 'F François', 'RN Taylor']
     Venue Proceedings of the the 6th joint …
     Year 2007
     Abstract Research University of California, Irvine Irvine, California 92697 +1-949-824-6429 taylor@ics.uci.edu  4, 8, 21, 24], none focuses on achieving end-to- end software traceability across various  The case study on a US DoD project [24] conducted more than a decade ago is the
     Url https://dl.acm.org/doi/abs/10.1145/1287624.1287642


     Search term "Case+Study"+OR+"Case+Studies"+"Cyber-physical+system"+OR+"Industrial+control+system"+OR+"ICS"+OR+"SCADA"+OR+"Distributed+control+system"+OR+"DCS"+"Traceability"
     Title A Case Study of MBSE Method Used in the EMU Train Design
     Author ['C Bo', 'S ZHANG', 'W Baoming']
     Venue 2018 International Conference …
     Year 2018
     Abstract A Case Study of MBSE Method Used in the EMU  of EMU train design with MBSE approach in China, taking the door control system(DCS) as an  The SysML model is adopted to ensure the traceability through the system requirements, designing, simulation and verification
     Url https://ieeexplore.ieee.org/abstract/document/8641645/


     Search term "Case+Study"+OR+"Case+Studies"+"Cyber-physical+system"+OR+"Industrial+control+system"+OR+"ICS"+OR+"SCADA"+OR+"Distributed+control+system"+OR+"DCS"+"Traceability"
     Title Agricultural cyber-physical system enabled for remote management of solar-powered precision irrigation
     Author ['A Selmani', 'H Oubehar', 'M Outanoute']
     Venue Biosystems …
     Year 2019
     Abstract Fig. 1. Architecture of the typical agriculture cyber-physical system. The remote  conditions. 2.3. Case study. The  activities. Such traceability allows deep analysis of the performance and effectiveness of the decision level. Furthermore
     Url https://www.sciencedirect.com/science/article/pii/S1537511017311455


     Search term "Case+Study"+OR+"Case+Studies"+"Cyber-physical+system"+OR+"Industrial+control+system"+OR+"ICS"+OR+"SCADA"+OR+"Distributed+control+system"+OR+"DCS"+"Traceability"
     Title Technological clusters as a hub for the innovation: from the theoretical model to an Italian regional case study in the agrifood sector
     Author ['D Bentivoglio', 'E Giampietri']
     Venue Italian Review of …
     Year 2017
     Abstract This paper aims at sharing the experience of ClAM, presenting the above mentioned survey as a case study; in particular, the investigated agrifood SMEs were asked to elicit and describe their need for innovation through an e  ics as: food traceability, certification, nutrition
     Url https://oajournals.fupress.net/index.php/rea/article/download/9921/9918


     Search term "Case+Study"+OR+"Case+Studies"+"Cyber-physical+system"+OR+"Industrial+control+system"+OR+"ICS"+OR+"SCADA"+OR+"Distributed+control+system"+OR+"DCS"+"Traceability"
     Title Design and simulation of a SCADA system using SysML and Simulink
     Author ['D Gezer', 'HO Unver', 'Y Tascioglu']
     Venue 2013 International …
     Year 2013
     Abstract This paper describes a methodology and a case study through which system architecture and dynamic models  Keywords-System Modeling Language (SysML); SCADA system  project gets larger, it becomes more difficult to deal with coordination and traceability of the
     Url https://ieeexplore.ieee.org/abstract/document/6749909/


     Search term "Case+Study"+OR+"Case+Studies"+"Cyber-physical+system"+OR+"Industrial+control+system"+OR+"ICS"+OR+"SCADA"+OR+"Distributed+control+system"+OR+"DCS"+"Traceability"
     Title Smallholder group certification in Uganda-Analysis of internal control systems in two organic export companies
     Author ['S Preißel', 'M Reckling']
     Venue NA
     Year 2010
     Abstract Therefore, this paper reports a qualitative case study comprising 34 expert interviews in two organic fresh-produce export companies in  2.4 Description of the Case Studies  time that farmers register with more than one organic company at a time and are thus part of several ICS
     Url https://kobra.uni-kassel.de/handle/123456789/2010082734312


     Search term "Case+Study"+OR+"Case+Studies"+"Cyber-physical+system"+OR+"Industrial+control+system"+OR+"ICS"+OR+"SCADA"+OR+"Distributed+control+system"+OR+"DCS"+"Traceability"
     Title Controlling requirements evolution: An avionics case study
     Author ['S Anderson', 'M Felici']
     Venue … Conference on Computer Safety, Reliability, and …
     Year 2000
     Abstract validate the results in different case studies – validate the  Due to the high safety level of the case study, the agreement with the industrial partner does not allow  W. Lam, Achieving Requirements Reuse: A Domain-Specific Approach from Avion- ics, The Journal of Systems and
     Url https://link.springer.com/chapter/10.1007/3-540-40891-6_31


     Search term "Case+Study"+OR+"Case+Studies"+"Cyber-physical+system"+OR+"Industrial+control+system"+OR+"ICS"+OR+"SCADA"+OR+"Distributed+control+system"+OR+"DCS"+"Traceability"
     Title A case study of CPNS intelligence: provenance reasoning over tracing cross contamination in food supply chain
     Author ['S Yan', 'Y Zhu', 'Q Zhang', 'Q Wang']
     Venue 2012 32nd international …
     Year 2012
     Abstract A Cyber-Physical System(CPS) is a system featur- ing a tight combination and coordination of  an increasing concern over the world, assurance in the quality and traceability in food  In this paper, a case study of CPNS intelligence is presented to provide solutions for
     Url https://ieeexplore.ieee.org/abstract/document/6258176/


     Search term "Case+Study"+OR+"Case+Studies"+"Cyber-physical+system"+OR+"Industrial+control+system"+OR+"ICS"+OR+"SCADA"+OR+"Distributed+control+system"+OR+"DCS"+"Traceability"
     Title Traceability of Information Flow Requirements in Cyber-Physical Systems Engineering.
     Author ['C Gerking']
     Venue DS@ MoDELS
     Year 2016
     Abstract the application of real- time model checking techniques in a cyber-physical system context  On the prac- tical side, traceability enables systems engineers to receive feedback as  To evaluate our contributions, we conduct case studies on the engineering of highly interconnected
     Url https://pdfs.semanticscholar.org/ed05/c45f64fa511f92c76345ed13e032a6d9abb7.pdf


     Search term "Case+Study"+OR+"Case+Studies"+"Cyber-physical+system"+OR+"Industrial+control+system"+OR+"ICS"+OR+"SCADA"+OR+"Distributed+control+system"+OR+"DCS"+"Traceability"
     Title Research on horizontal system model for food factories: A case study of process cheese manufacturer
     Author ['T Matsumoto', 'Y Chen', 'A Nakatsuka', 'Q Wang']
     Venue International Journal of …
     Year 2020
     Abstract Finally, through the case study and numerical comparison on cost and labor hours, we verify  and Sweden, which cover the structure of “smart factory” with CPS (cyber physical system) for proactive  at an early stage and need to be verified through experiments and case studies
     Url https://www.sciencedirect.com/science/article/pii/S0925527320300049


     Search term "Case+Study"+OR+"Case+Studies"+"Cyber-physical+system"+OR+"Industrial+control+system"+OR+"ICS"+OR+"SCADA"+OR+"Distributed+control+system"+OR+"DCS"+"Traceability"
     Title Application of value stream mapping (VSM) in gear manufacturing process: A case study
     Author ['S Zahoor', 'K Case', 'Z Saeed', 'H Ijaz', 'S Muzaffar']
     Venue NA
     Year 2018
     Abstract Since the end of 20th century, Lean Manufacturing has been recognized as an important approach in competitive industrial environments to improving productivity by reducing process cycle time. To remain competitive in the market, organizations are compelled to find
     Url https://repository.lboro.ac.uk/articles/Application_of_value_stream_mapping_VSM_in_gear_manufacturing_process_A_case_study/9555545/1


     Search term "Case+Study"+OR+"Case+Studies"+"Cyber-physical+system"+OR+"Industrial+control+system"+OR+"ICS"+OR+"SCADA"+OR+"Distributed+control+system"+OR+"DCS"+"Traceability"
     Title A proactive material handling method for CPS enabled shop-floor
     Author ['W Wang', 'Y Zhang', 'RY Zhong']
     Venue Robotics and Computer-Integrated …
     Year 2020
     Abstract Cyber physical system (CPS) enables companies to keep high traceability and controllability in  Finally, a case study from Southern China is used to validate the proposed method and results show that the proposed CPS-PMH can largely reduce the total non-value-added
     Url https://www.sciencedirect.com/science/article/pii/S0736584518306343


     Search term "Case+Study"+OR+"Case+Studies"+"Cyber-physical+system"+OR+"Industrial+control+system"+OR+"ICS"+OR+"SCADA"+OR+"Distributed+control+system"+OR+"DCS"+"Traceability"
     Title A case study assessment of the operational performance of a multiple fresh produce distribution centre in the UK
     Author ['I Manikas', 'LA Terry']
     Venue British Food Journal
     Year 2009
     Abstract Ioannis Manikas and Leon A. Terry (2009) "A case study assessment of the operational performance of a  with a closely monitored audit trail, and quality assurance and efficient traceability methods are  The DCs are not considered as key players of the fresh produce supply chain
     Url https://www.emerald.com/insight/content/doi/10.1108/00070700910957276/full/html


     Search term "Case+Study"+OR+"Case+Studies"+"Cyber-physical+system"+OR+"Industrial+control+system"+OR+"ICS"+OR+"SCADA"+OR+"Distributed+control+system"+OR+"DCS"+"Traceability"
     Title An IoT-enabled Real-time Logistics System for A Third Party Company: A Case Study
     Author ['W Wu', 'C Cheung', 'SY Lo', 'RY Zhong', 'GQ Huang']
     Venue Procedia Manufacturing
     Year 2020
     Abstract A practical case study of developing the solution for nationally distributed warehouses synchronization  To tackle the problem, we proposed an IoT-enabled cyber-physical system for more  no paper usage during operations and enhanced visibility and traceability throughout the
     Url https://www.sciencedirect.com/science/article/pii/S2351978920316425


     Search term "Case+Study"+OR+"Case+Studies"+"Cyber-physical+system"+OR+"Industrial+control+system"+OR+"ICS"+OR+"SCADA"+OR+"Distributed+control+system"+OR+"DCS"+"Traceability"
     Title End-to-end cell therapy automation: an immunotherapy case study
     Author ['JB Morrissey', 'Y Shi', 'N Trainor']
     Venue BioProcess International
     Year 2017
     Abstract Based on the results of this T-cell case study review, the automation of unit operations has the poten- tial to  tages of automation seem par- ticularly compelling due to the significant complexities ozf small batch GMP compliance, econom- ics, patient traceability, and early
     Url https://pdfs.semanticscholar.org/af50/32de610d93ef83074d61106649ac28c25b34.pdf#page=10


     Search term "Case+Study"+OR+"Case+Studies"+"Cyber-physical+system"+OR+"Industrial+control+system"+OR+"ICS"+OR+"SCADA"+OR+"Distributed+control+system"+OR+"DCS"+"Traceability"
     Title Data modeling for batch processes data with application to winemaking
     Author ['OR Natale', 'L Glielmo', 'F Vasca']
     Venue … of the 41st IEEE Conference on …
     Year 2002
     Abstract The model can be used to handle production data and their flow by allowing the traceability of the entire product history  A case study concerning the winemaking production process showing the usefulness of the model when in- tegrated in a SCADA system is presented
     Url https://ieeexplore.ieee.org/abstract/document/1185010/


     Search term "Case+Study"+OR+"Case+Studies"+"Cyber-physical+system"+OR+"Industrial+control+system"+OR+"ICS"+OR+"SCADA"+OR+"Distributed+control+system"+OR+"DCS"+"Traceability"
     Title A case study assessment of the operational performance of a multiple fresh produce distribution centre in the UK
     Author ['I Manikas', 'LA Terry']
     Venue British Food Journal
     Year 2010
     Abstract that products are handled and treated safely, with a closely monitored audit trail, and quality assurance and efficient traceability methods are  It is essential for the DCs survival in business to develop new and more efficient ways in handling produce  A case study assessment
     Url https://www.ingentaconnect.com/content/mcb/070/2010/00000112/00000006/art00008


     Search term "Case+Study"+OR+"Case+Studies"+"Cyber-physical+system"+OR+"Industrial+control+system"+OR+"ICS"+OR+"SCADA"+OR+"Distributed+control+system"+OR+"DCS"+"Traceability"
     Title Traceability and information technology in the meat supply chain: implications for firm organization and market structure
     Author ['BL Buhr']
     Venue Journal of Food Distribution Research
     Year 2003
     Abstract The paper integrates the theory of firm organization and integration with case-study observations from  provides a summary of the characteris- tics of the firms included in the case studies  to examine alternative forms of governance structures for sup- ply-chain traceability, and to
     Url https://ageconsearch.umn.edu/record/27057/


     Search term "Case+Study"+OR+"Case+Studies"+"Cyber-physical+system"+OR+"Industrial+control+system"+OR+"ICS"+OR+"SCADA"+OR+"Distributed+control+system"+OR+"DCS"+"Traceability"
     Title Iterative and Participative Axiomatic Design Process in complex mechanical assemblies: case study on fusion engineering
     Author ['G Di Gironimo', 'A Lanzotti', 'D Marzullo']
     Venue International Journal on …
     Year 2015
     Abstract Full integration of documentation as well as traceability throughout the development lifecycle should be  conceptual phase stop when this document is completed, all FRs and ICs are well  4 Results of IPADeP application to a fusion engineering case study: conceptual design of
     Url https://link.springer.com/article/10.1007/s12008-015-0270-7


     Search term "Case+Study"+OR+"Case+Studies"+"Cyber-physical+system"+OR+"Industrial+control+system"+OR+"ICS"+OR+"SCADA"+OR+"Distributed+control+system"+OR+"DCS"+"Traceability"
     Title Key comparison reference values (KCRV) ad their importance to take final conclusions and decisions
     Author ['', 'MA Getrouw', 'PP Borges', 'ICS Fraga', 'ICS Carvalho']
     Venue NA
     Year 2009
     Abstract Having three gage blocks key comparisons as case studies, the main purpose of this paper is to present the considerations done on  including the regulatory and accreditation communities, thus reducing technical barriers to trade arising from lack of traceability and equivalence
     Url http://repositorio.bom.org.br:8080/jspui/handle/123456789/1471


     Search term "Case+Study"+OR+"Case+Studies"+"Cyber-physical+system"+OR+"Industrial+control+system"+OR+"ICS"+OR+"SCADA"+OR+"Distributed+control+system"+OR+"DCS"+"Traceability"
     Title On the nature of links between requirements and architectures: case studies on user story utilization in agile development
     Author ['S Molenaar', 'S Brinkkemper', 'A Menkveld']
     Venue Technical Report …
     Year 2019
     Abstract Multiple case studies will analyze real-world artifacts in order to precisely define the  be supported, especially in the context of impact forecasting and automated requirements traceability  require a fully imple- mented system with existing development artifacts as a case study
     Url https://dspace.library.uu.nl/handle/1874/390069


     Search term "Case+Study"+OR+"Case+Studies"+"Cyber-physical+system"+OR+"Industrial+control+system"+OR+"ICS"+OR+"SCADA"+OR+"Distributed+control+system"+OR+"DCS"+"Traceability"
     Title Industry 4.0 From the Supply Chain Perspective: Case Study in the Food Sector
     Author ['A Boza', 'F Alarcón', 'D Perez']
     Venue … in Industry 4.0 for …
     Year 2019
     Abstract Some studies about IoT applications in the food or agricultural sectors than can help to understand better the case study described at the end of this paper  About food traceability, Chen (2017) proposes a food traceability cyber physical system by fog computing
     Url https://www.igi-global.com/chapter/industry-40-from-the-supply-chain-perspective/210490


     Search term "Case+Study"+OR+"Case+Studies"+"Cyber-physical+system"+OR+"Industrial+control+system"+OR+"ICS"+OR+"SCADA"+OR+"Distributed+control+system"+OR+"DCS"+"Traceability"
     Title Smart Lean Manufacturing in the Context of Industry 4.0: A Case Study
     Author ['M Ramadan', 'B Salah']
     Venue Int. J. IME
     Year 2019
     Abstract 4.0: A Case Study M. Ramadan, B. Salah T  automatically creating value stream maps. In the same context, [22] present a novel intelligent value stream-based food traceability cyber physical system approach integrated with enterprise architectures
     Url https://pdfs.semanticscholar.org/4b79/32a682be46bf9e01d87f6f0633345319c8e3.pdf


     Search term "Case+Study"+OR+"Case+Studies"+"Cyber-physical+system"+OR+"Industrial+control+system"+OR+"ICS"+OR+"SCADA"+OR+"Distributed+control+system"+OR+"DCS"+"Traceability"
     Title Application of Value Stream Mapping to Improve Financial Performance of a Production Floor: a Case Study
     Author ['S Talapatra', 'J Shefa']
     Venue … of the International Conference on Industrial …
     Year 2019
     Abstract This research was conducted based upon a real life case study conducted on a furniture industry which is in  5 Chen 2017 They presented an approach to enhance the efficiency of food traceability system by integrating value stream mapping and cyber physical system by fog
     Url http://ieomsociety.org/ieom2019/papers/234.pdf


     Search term "Case+Study"+OR+"Case+Studies"+"Cyber-physical+system"+OR+"Industrial+control+system"+OR+"ICS"+OR+"SCADA"+OR+"Distributed+control+system"+OR+"DCS"+"Traceability"
     Title A tool integration language to formalize co-simulation tool-chains for Cyber-Physical System (CPS)
     Author ['L Jinzhi', 'M Törngren', 'DJ Chen', 'J Wang']
     Venue 1st Workshop on Formal …
     Year 2017
     Abstract Jinzhi, L., Törngren, M., Chen, DJ., Wang, J. (2017) A Tool Integration Language to Formalize Co-simulation Tool-chains for Cyber-physical System (CPS). In  The industrial case studies illustrate how the TIL works. From the case study analysis, we summarize that
     Url https://www.diva-portal.org/smash/record.jsf?pid=diva2:1128746


     Search term "Case+Study"+OR+"Case+Studies"+"Cyber-physical+system"+OR+"Industrial+control+system"+OR+"ICS"+OR+"SCADA"+OR+"Distributed+control+system"+OR+"DCS"+"Traceability"
     Title Collaborating to boost sustainable cocoa production in Indonesia: case study
     Author ['MB Sopov', 'R Reuver']
     Venue NA
     Year 2017
     Abstract This case study has been developed in the framework of the Seas of Change initiative  of Rikolto with farmers and farmer groups facilitates improvements in quality, traceability, labelling, and  a good quality of the product and adoption of the required internal control system (ICS)
     Url https://library.wur.nl/WebQuery/wurpubs/fulltext/467396


     Search term "Case+Study"+OR+"Case+Studies"+"Cyber-physical+system"+OR+"Industrial+control+system"+OR+"ICS"+OR+"SCADA"+OR+"Distributed+control+system"+OR+"DCS"+"Traceability"
     Title A tool integration language to formalize co-simulation tool-chains for cyber-physical system (CPS)
     Author ['J Lu', 'M Törngren', 'DJ Chen', 'J Wang']
     Venue International Conference on …
     Year 2017
     Abstract Cite as. A Tool Integration Language to Formalize Co-simulation Tool-Chains for Cyber-Physical System (CPS)  tool-chains. The industrial case studies illustrate how the TIL works. From the case study analysis, we summarize that
     Url https://link.springer.com/chapter/10.1007/978-3-319-74781-1_27


     Search term "Case+Study"+OR+"Case+Studies"+"Cyber-physical+system"+OR+"Industrial+control+system"+OR+"ICS"+OR+"SCADA"+OR+"Distributed+control+system"+OR+"DCS"+"Traceability"
     Title Conformance testing of geographic information. A case study on the Land Parcel Identification System.
     Author ['K Toth', 'A Kucas']
     Venue Comput. Environ. Urban Syst.
     Year 2018
     Abstract A case study on the Land  Traceability also shows the information flows, which reinforces semantic consistency and the completeness of the test cases and contributes to the  The reliability of ICS depends on repeatability of the results, which is especially important for LPIS
     Url https://www.researchgate.net/profile/Katalin_Toth10/publication/323669434_Conformance_testing_of_geographic_information_A_case_study_on_the_Land_Parcel_Identification_System/links/5b03e5cba6fdccf9e4f7c5d3/Conformance-testing-of-geographic-information-A-case-study-on-the-Land-Parcel-Identification-System.pdf


     Search term "Case+Study"+OR+"Case+Studies"+"Cyber-physical+system"+OR+"Industrial+control+system"+OR+"ICS"+OR+"SCADA"+OR+"Distributed+control+system"+OR+"DCS"+"Traceability"
     Title On the generation of requirements specifications from software engineering models: A systematic literature review
     Author ['J Nicolás', 'A Toval']
     Venue Information and Software Technology
     Year 2009
     Abstract From lower to higher: (ACS) The study is shown through academic case studies or even through examples. In some cases these are drawn from literature; (ICS) The study has been put into practice in an industrial case study; (IP) The study can be considered as part of the
     Url https://www.sciencedirect.com/science/article/pii/S0950584909000378


     Search term "Case+Study"+OR+"Case+Studies"+"Cyber-physical+system"+OR+"Industrial+control+system"+OR+"ICS"+OR+"SCADA"+OR+"Distributed+control+system"+OR+"DCS"+"Traceability"
     Title Sustainable supply chain management practices and dynamic capabilities in the food industry: A critical analysis of the literature
     Author ['P Beske', 'A Land', 'S Seuring']
     Venue International journal of production economics
     Year 2014
     Abstract The results show that sustainability practices and DCs in the supply chain are used among others to enhance traceability and tracking and to fulfill customer demands. Further research is needed to extend the operationalization of the existing conceptual frameworks
     Url https://www.sciencedirect.com/science/article/pii/S0925527313005859


     Search term "Case+Study"+OR+"Case+Studies"+"Cyber-physical+system"+OR+"Industrial+control+system"+OR+"ICS"+OR+"SCADA"+OR+"Distributed+control+system"+OR+"DCS"+"Traceability"
     Title Systems of systems engineering for particle accelerator based research facilities: A case study on engineering machine protection
     Author ['T Friedrich', 'C Hilbes', 'A Nordt']
     Venue 2017 Annual IEEE International …
     Year 2017
     Abstract The ICS division constitutes a research environment that is representative for contemporary practice  In our case study, we emphasize the generalizable, transferable aspects of utilising Systems-of  concerns related to the MP goals, and provide the anchor points for traceability
     Url https://ieeexplore.ieee.org/abstract/document/7934806/


     Search term "Case+Study"+OR+"Case+Studies"+"Cyber-physical+system"+OR+"Industrial+control+system"+OR+"ICS"+OR+"SCADA"+OR+"Distributed+control+system"+OR+"DCS"+"Traceability"
     Title Quantitative aspects of requirements evolution
     Author ['S Anderson', 'M Felici']
     Venue Proceedings 26th Annual International …
     Year 2002
     Abstract of Edinburgh JCMB, The Kings Buildings, Mayfield Road Edinburgh EH9 3JZ, United Kingdom {soa, mas}@dcs.ed.ac  The initial empirical investigation [1, 2, 3] of the avion- ics case study is based on analyses of data repositories con- structed to demonstrate traceability
     Url https://ieeexplore.ieee.org/abstract/document/1044529/


     Search term "Case+Study"+OR+"Case+Studies"+"Cyber-physical+system"+OR+"Industrial+control+system"+OR+"ICS"+OR+"SCADA"+OR+"Distributed+control+system"+OR+"DCS"+"Traceability"
     Title 5G ready optical fog-assisted cyber-physical system for IoT applications
     Author ['KD Singh', 'SK Sood']
     Venue IET Cyber-Physical Systems: Theory & …
     Year 2020
     Abstract Cloud services supported by the cyber-physical system (CPS) have been emerged as a  In order to validate the architecture, a case study was presented for IoT services  and advantages of the proposed framework were provided with two case studies that addressed
     Url https://ieeexplore.ieee.org/abstract/document/9133669/

