Showing papers for search query "Case+Study"+OR+"Case+Studies"+"DevOps"+"Regulated+Domain"

     Search term "Case+Study"+OR+"Case+Studies"+"DevOps"+"Regulated+Domain"
     Title The journeys
     Author ['B Fitzgerald', 'KJ Stol', 'S Minör', 'H Cosmo']
     Venue Scaling a Software Business
     Year 2017
     Abstract This scenario has been based on case studies of different companies that have made this journey, to scale with Open Source  This case study is about the manufacturer who embraced a powerful engineering movement and created an Open Source strategy that, although there
     Url https://link.springer.com/chapter/10.1007/978-3-319-53116-8_2


     Search term "Case+Study"+OR+"Case+Studies"+"DevOps"+"Regulated+Domain"
     Title To what extent the medical device software regulations can be achieved with agile software development methods? XP—DSDM—Scrum
     Author ['Ö Özcan-Top', 'F McCaffery']
     Venue The Journal of Supercomputing
     Year 2019
     Abstract Lean Development, Feature Driven Development, and DevOps are the other agile methods that were referred in the papers  With this definition of Stories in XP, we could say it is not a suitable format for a regulated domain
     Url https://link.springer.com/article/10.1007/s11227-019-02793-x


     Search term "Case+Study"+OR+"Case+Studies"+"DevOps"+"Regulated+Domain"
     Title Towards Continuous Delivery for Domain Experts: Using MDE to Integrate Non-Programmers into a Software Delivery Pipeline
     Author ['H Nehls', 'D Ratiu']
     Venue … ACM/IEEE 22nd International Conference on …
     Year 2019
     Abstract d) Regulated Domain: Every tool of our eco-system shall comply to the predefined development process  [4] T. Laukkarinen, K. Kuusinen, and T. Mikkonen, “Devops in regulated  D. Ratiu, and A. van Deursen, “Lessons learned from developing mbeddr: a case study in language
     Url https://ieeexplore.ieee.org/abstract/document/8904815/


     Search term "Case+Study"+OR+"Case+Studies"+"DevOps"+"Regulated+Domain"
     Title Data driven decision making in Industrial Control Systems
     Author ['A Bäck']
     Venue NA
     Year 2019
     Abstract Here I mean Big Data, IoT, Analytics and DevOps needed for going from a technology driven organization and more to a data driven organization  Safety is a very regulated domain and as such has a very conservative view on how development shall take place
     Url https://www.theseus.fi/bitstream/handle/10024/266700/Back_Andreas.pdf?sequence=2


     Search term "Case+Study"+OR+"Case+Studies"+"DevOps"+"Regulated+Domain"
     Title GAME: Global agile model for enterprises
     Author ['MA Razzak']
     Venue NA
     Year 2020
     Abstract 134 7.3.1 Elaborating GAME's Roadmaps . . . . . 134 7.3.2 Scaling Agile in the Regulated Domain . . . . . 134 7.3.3 Role based Decision Support Process Improvement Repos- itory . . . . . 135 7.3.4 Gamification
     Url https://ulir.ul.ie/handle/10344/9282

