Showing papers for search query "Case+Study"+OR+"Case+Studies"+"Factory"+"Regulated+Environment"

     Search term "Case+Study"+OR+"Case+Studies"+"Factory"+"Regulated+Environment"
     Title Environmental audit of sugar factory: a case study of Kumbhi Kasari sugar factory, Kuditre, Kolhapur
     Author ['TB Rao', 'SG Chonde', 'PR Bhosale', 'AS Jadhav']
     Venue Univers J Environ Res …
     Year 2011
     Abstract Environmental Audit of Sugar Factory: A Case Study of Kumbhi Kasari Sugar Factory, Kuditre  Therefore conducting 'Environmental Audit' in a sugar factory is no longer an option but a sound precaution and a proactive measure in today's heavily regulated environment
     Url http://citeseerx.ist.psu.edu/viewdoc/download?doi=10.1.1.206.5166&rep=rep1&type=pdf


     Search term "Case+Study"+OR+"Case+Studies"+"Factory"+"Regulated+Environment"
     Title … Strategic Decision-Making Strategies for Plant Managers in Pharmaceutical and Medical Device Manufacturing in Modern Day Puerto Rico: A Qualitative Case Study
     Author ['CI Jerez']
     Venue NA
     Year 2020
     Abstract IN PHARMACEUTICAL AND MEDICAL DEVICE MANUFACTURING IN MODERN DAY PUERTO RICO: A QUALITATIVE CASE STUDY by Cherisa Jerez  August 2020 Page 2. Abstract This qualitative, collective case study covers the experience of strategic decision making in a
     Url https://digitalcommons.liberty.edu/doctoral/2553/


     Search term "Case+Study"+OR+"Case+Studies"+"Factory"+"Regulated+Environment"
     Title Integrating ERP to accelerate business process agility: A case study and critical research review in Indian pharmaceutical industry
     Author ['D Kalbande', 'C Shah', 'A Nigam']
     Venue 2012 International …
     Year 2012
     Abstract Agility: A Case Study and Critical Research Review in Indian Pharmaceutical Industry  This calls for a highly regulated environment while automating the working of the industry  Packing material Requisition No Purchase Return Figure 1. Work flow of a pharmaceutical factory VI
     Url https://ieeexplore.ieee.org/abstract/document/6398116/


     Search term "Case+Study"+OR+"Case+Studies"+"Factory"+"Regulated+Environment"
     Title The Lived Experience of Smokers Working in Smoking Regulated Environments
     Author ['SL Konen']
     Venue NA
     Year 2010
     Abstract given to smoker who may be struggling to adapt to their regulated environment. Gaining  Case Study Tom is a 42-year-old factory worker who smokes two packs of cigarettes per day. He attends a meeting at work where he learns that a smoking ban will take affect on all
     Url https://minds.wisconsin.edu/handle/1793/47120


     Search term "Case+Study"+OR+"Case+Studies"+"Factory"+"Regulated+Environment"
     Title Basic Laboratory Methods in a Regulated Environment
     Author ['F KELSEY', 'RTOP REGULATIONS']
     Venue NA
     Year NA
     Abstract ACTIVITIES Prepare: 1. Prepare for this activity by performing the Kelsey case study activity in class or by reading the case study  21 Basic Laboratory Methods in a Regulated Environment CLASSROOM ACTIVITY: QUALITY CONTROL IN THE M&M FACTORY
     Url https://www.bio-link.org/home2/sites/files/all_activities_in_one_file.pdf


     Search term "Case+Study"+OR+"Case+Studies"+"Factory"+"Regulated+Environment"
     Title Disruptive Change in Today's Innovation: A Case Study Analysis of OptimalPlus
     Author ['DD Green']
     Venue Manag Econ Res J
     Year 2019
     Abstract Given the application of case studies in the classroom, students and instructors can move beyond  Case study typically follows this pattern: (a) identify the critical issues in the case, (b  With connectivity of factory testers to product engineering teams, there is “optimal performance
     Url https://merj.scholasticahq.com/article/7788.pdf


     Search term "Case+Study"+OR+"Case+Studies"+"Factory"+"Regulated+Environment"
     Title Confronting the brutal facts
     Author ['B Annabel']
     Venue Australian Journal of Pharmacy
     Year 2006
     Abstract Or at least revert to a script factory with no additional service or advice  Case Study 5: City Suburban—Neighbourhood/strip location—very price competitive market • Turnover year ended 30 June 2006 $4,098,104  Real pharmacies—five case studies* Page 3
     Url http://www.pitcherpharmacy.com.au/sites/default/files/downloads/AJP%20-%202006%20August%20BAN.pdf


     Search term "Case+Study"+OR+"Case+Studies"+"Factory"+"Regulated+Environment"
     Title Off-site Modular Construction as a Method of Improving Construction Quality and Safety
     Author ['CO Egege']
     Venue NA
     Year 2018
     Abstract Redirecting most of the construction activities from an open site to a regulated factory condition streamlines the time spent by workers  CASE-STUDY EXAMPLES All of the case-studies examined in this paper are all winners in various categories of the MBI Awards of Distinction
     Url http://www.ijscer.com/uploadfile/2018/0807/20180807112708620.pdf


     Search term "Case+Study"+OR+"Case+Studies"+"Factory"+"Regulated+Environment"
     Title The impact of the privatization programme on the company's performance: A case study of sopyrwa in Rwanda
     Author ['J Nsengiyumwa']
     Venue NA
     Year 2005
     Abstract The main conclusion of this case study was that so far, the privatisation of OPYRWA has not yet  Nations Industrial Development Programme US= United States (of America) USD= United States Dollar lJSINEX=Usine d'Extraction du Pyrthre (Pyrethrum Processing Factory) \ !0
     Url http://erepository.uonbi.ac.ke/handle/11295/17272


     Search term "Case+Study"+OR+"Case+Studies"+"Factory"+"Regulated+Environment"
     Title Transformational Change and the Implications of Food Safety: A Case Study of a Greek Chocolate Manufacturer
     Author ['S Pandi', 'D Watson']
     Venue Acta Scientific Nutritional Health
     Year 2018
     Abstract and the Implications of Food Safety: A Case Study of a Greek Chocolate Manufacturer”. Acta Scientific Nutritional Health 2.7 (2018): 16-24. Page 3. The story of Max Perry had begun in 1990, when the owner of the company, started to work for a small factory that produced
     Url http://sure.sunderland.ac.uk/id/eprint/9634/1/Transformational%20change%20and%20the%20implications%20of%20food%20safety%20%20a%20case%20study%20of%20a%20Greek%20chocolate%20manufacturer.pdf


     Search term "Case+Study"+OR+"Case+Studies"+"Factory"+"Regulated+Environment"
     Title Popular Luxury in Southeastern Europe in the Long Eighteenth Century: A Case-Study of Italian Ceramics and Ottoman Greek Clients
     Author ['A Yagou']
     Venue Journal of Early Modern History
     Year 2020
     Abstract FAQ. Search Close Search Advanced Search Help. Popular Luxury in Southeastern Europe in the Long Eighteenth Century: A Case-Study of Italian Ceramics and Ottoman Greek Clients. In: Journal of Early Modern History. Author
     Url https://brill.com/view/journals/jemh/24/4-5/article-p407_6.xml


     Search term "Case+Study"+OR+"Case+Studies"+"Factory"+"Regulated+Environment"
     Title Modelling the electrical energy profile of a batch manufacturing pharmaceutical facility
     Author ['K Mulrennan', 'M Awad', 'J Donovan']
     Venue International Journal of …
     Year 2020
     Abstract A product energy cost is derived for the case study factory, which enables energy wastage and  recorded hand-written hard copy batch manufacturing records from the case study facility  process steps and facilitate the observation of standards in a highly regulated environment
     Url https://link.springer.com/article/10.1007/s41060-020-00217-1


     Search term "Case+Study"+OR+"Case+Studies"+"Factory"+"Regulated+Environment"
     Title Mechanical Engineering Design: Going over the Analysis-Synthesis Mountain to Seed Creativity
     Author ['K Kanyarusoke']
     Venue New Innovations in Engineering Education and …
     Year 2019
     Abstract formulation, which in turn, precipitates a synthesis of machines, mechanisms and constituent elements to satisfy the needs in a regulated environment. The regulation obeys laws of science but is mostly, 'Humanities'—constrained. Creativity and innovation case studies are given
     Url https://www.intechopen.com/books/new-innovations-in-engineering-education-and-naval-engineering/mechanical-engineering-design-going-over-the-analysis-synthesis-mountain-to-seed-creativity


     Search term "Case+Study"+OR+"Case+Studies"+"Factory"+"Regulated+Environment"
     Title Accounting and structural reforms: A case study of Egyptian electricity
     Author ['C Alawattage', 'LA Alsaid']
     Venue Critical Perspectives on Accounting
     Year 2018
     Abstract Full length article. Accounting and structural reforms: A case study of Egyptian electricity  Their 2005 case study of Fiji's Public Rental Board explicated this tension, but their recent study (2015) of Fijian Telecom privatization furthered this from a different angle
     Url https://www.sciencedirect.com/science/article/pii/S1045235417300874


     Search term "Case+Study"+OR+"Case+Studies"+"Factory"+"Regulated+Environment"
     Title Implementation of Software Tools for Paperless Processes Oriented in Lean Manufacturing Applied Specifically in the Biotechnology Industry
     Author ['M Fernández Rentas']
     Venue Manufacturing Competitiveness;
     Year 2019
     Abstract Key Terms ⎯ GDP (Good Documentation Practices), GMP (Good Manufacturing Practices), FDA (Regulated Environment), Lean Manufacturing  Doing Case Study Research: A Practical Guide for Beginning Researchers (2nd ed.), New York: Teachers  [4] H. Meyer, Factory of the
     Url http://prcrepository.org/xmlui/bitstream/handle/20.500.12475/309/SP-19_Articulo%20Final_Maribert%20Fernandez.pdf?sequence=1&isAllowed=y


     Search term "Case+Study"+OR+"Case+Studies"+"Factory"+"Regulated+Environment"
     Title A case study of positioning and support of an engineering product in an industrial environment
     Author ['ID Booysen']
     Venue NA
     Year 2000
     Abstract competitors. As such the purpose of this research is then to present aspects of positioning and support of an engineering product via a case study in an integrated fashion. Page 4  qualified people in their factory service centers on the development aspects of the
     Url https://ujcontent.uj.ac.za/vital/access/services/Download/uj:7031/CONTENT1


     Search term "Case+Study"+OR+"Case+Studies"+"Factory"+"Regulated+Environment"
     Title Social architecture: an emergency management case study
     Author ['AQ Gill', 'SL Alam', 'J Eustace']
     Venue Australasian Journal of …
     Year 2015
     Abstract A number of case studies on the use of social media in crisis management have been reported, such as the 2011 Canberra Mitchell factory fire (Eustace and  and demonstrates its use in the context of an Australian emergency management agency case study
     Url http://journal.acs.org.au/index.php/ajis/article/view/979


     Search term "Case+Study"+OR+"Case+Studies"+"Factory"+"Regulated+Environment"
     Title Exploring information technology governance and control of web site content: a comparative case study
     Author ['S Héroux', 'A Fortin']
     Venue Journal of Management & Governance
     Year 2013
     Abstract According to Yin (2003), a case study is an appropriate research method to use for describing existing phenomena  The organization operates in a highly regulated environment  According to Nolan and McFarlan's (2005) IT modes, SERV1 is in factory mode since it needs highly
     Url https://link.springer.com/article/10.1007/s10997-011-9200-7


     Search term "Case+Study"+OR+"Case+Studies"+"Factory"+"Regulated+Environment"
     Title … OWNED ENTERPRISES AS H SHARE COMPANIES ON THE HONG KONG STOCK EXCHANGE WITH A CASE STUDY ON SHANGHAI PETROCHEMICAL
     Author ['朱翠娟']
     Venue NA
     Year 1998
     Abstract problems are also discussed. Finally, we conclude our discussion with the case study on Shanghai Petrochemical as a typical representative of SOE who listed in the Hong Kong Stock Exchange as H share  29 Strict listing requirement and highly regulated Environment 29
     Url https://core.ac.uk/download/pdf/48532584.pdf


     Search term "Case+Study"+OR+"Case+Studies"+"Factory"+"Regulated+Environment"
     Title Agile enterprise architecture: a case of a cloud technology-enabled government enterprise transformation
     Author ['AQ Gill', 'S Smith', 'G Beydoun', 'V Sugumaran']
     Venue NA
     Year 2014
     Abstract However, this paper lays a foundation for further future case studies in this important area of architecture  Despite one case study limitation, one of the main research contributions of this paper is the  It includes defining the cloud-enabled interaction, factory and facility architectures
     Url http://ro.uow.edu.au/cgi/viewcontent.cgi?article=5101&context=eispapers


     Search term "Case+Study"+OR+"Case+Studies"+"Factory"+"Regulated+Environment"
     Title Avoiding pitfalls with chemometrics and PAT in the pharmaceutical and biotech industries
     Author ['SJ Doherty', 'AJ Lange']
     Venue TrAC Trends in Analytical Chemistry
     Year 2006
     Abstract and debated, with details and justification provided in illustrative case studies or successful  Historically, the regulated environment has hampered the use of chemometrics in the pharmaceutical industry  one points to changes that have no assignable cause, factory personnel
     Url https://www.sciencedirect.com/science/article/pii/S0165993606002196


     Search term "Case+Study"+OR+"Case+Studies"+"Factory"+"Regulated+Environment"
     Title Demonstrating a new paradigm in sustainable manufacturing
     Author ['S Buchholz']
     Venue Verfügbar: http://www. f3factory. com/scripts …
     Year 2015
     Abstract phase of the project, the schedule for demonstrating the seven industrial case studies is nearing  a detailed impact analysis to be completed for each industrial case study demonstrated in  With access to EU stakeholders beyond the F³ Factory consortium, the INVITE Research
     Url https://pdfs.semanticscholar.org/6fee/655cee1865118e9332444370dddf28080ce5.pdf


     Search term "Case+Study"+OR+"Case+Studies"+"Factory"+"Regulated+Environment"
     Title Productivity Improvement Of Production Floor Using Line Balancing: a Case Study at a Manufacturing Company
     Author ['S Rao', 'B Nepal', 'OP Yadav']
     Venue Proceedings of the International …
     Year 2015
     Abstract Smith gives an analysis of a pin factory where the time and physical movement of the workers  The case study adopted and implemented the Standard Work principles  that it is applicable only to automotive manufacturers and cannot work in an intensely regulated environment
     Url http://search.proquest.com/openview/4633ebc98606f6ada3cd27ca02c47c2a/1?pq-origsite=gscholar&cbl=2037614


     Search term "Case+Study"+OR+"Case+Studies"+"Factory"+"Regulated+Environment"
     Title Traditional versus activity-based product costing methods: A field study in a defense electronics manufacturing company
     Author ['JK Myers', 'C Le Moyne']
     Venue NA
     Year NA
     Abstract [Not Found]
     Url [Not Found]


     Search term "Case+Study"+OR+"Case+Studies"+"Factory"+"Regulated+Environment"
     Title Towards a new approach to modelling pharmaceutical supply chains in a changing technological landscape
     Author ['E Settanni', 'J Srai']
     Venue NA
     Year 2018
     Abstract planning and control of unit operations, the benefits of local optimisation and factory 'polishing' may  An example is the application of case study research to investigate the levels of supply  design due to a tradition of make-to-stock operations in a heavily regulated environment
     Url https://www.repository.cam.ac.uk/handle/1810/284869


     Search term "Case+Study"+OR+"Case+Studies"+"Factory"+"Regulated+Environment"
     Title The future is digital: in silico tissue engineering
     Author ['L Geris', 'T Lambrechts', 'A Carlier']
     Venue Current Opinion in …
     Year 2018
     Abstract Using skeletal tissue engineering as a case study, we discuss a number of models at  in modern manufacturing technologies [1]. Industry 4.0 creates a 'smart factory' and within such  Closer to the bedside, in the regulated environment of regenerative medicine applications, large
     Url https://www.sciencedirect.com/science/article/pii/S2468451118300102


     Search term "Case+Study"+OR+"Case+Studies"+"Factory"+"Regulated+Environment"
     Title Investigating the concepts of legality and legitimacy in sustainable urban development: a case study of land use planning in Maputo, Mozambique
     Author ['P Jenkins']
     Venue Human Settlement Development-Volume IV
     Year 2009
     Abstract and for many private sector actors, which have difficulty operating in the non-regulated environment  of Legality and Legitimacy in Sustainable Urban Development: A Case Study of Land  project (a major forest development and associated wood products factory which included
     Url https://books.google.com/books?hl=en&lr=&id=MZ5pCwAAQBAJ&oi=fnd&pg=PA163&dq=%22Case+Study%22+OR+%22Case+Studies%22+%22Factory%22+%22Regulated+Environment%22&ots=PiqptyjMES&sig=oPbtL6cOfrNEYoJrQ7NTx_U2lbk


     Search term "Case+Study"+OR+"Case+Studies"+"Factory"+"Regulated+Environment"
     Title Zebras in Russia! Where next?
     Author ['R Pollay']
     Venue Tobacco control
     Year 2003
     Abstract This also provides a case study of a recent new product launch in Russia  during the early 1990s has led to oversupply, some price wars, and factory closures  Oriented toward global, not just local, possibilities and anticipating functioning in a highly regulated environment
     Url https://www.ncbi.nlm.nih.gov/pmc/articles/PMC1759076/


     Search term "Case+Study"+OR+"Case+Studies"+"Factory"+"Regulated+Environment"
     Title Corporate social responsibility on the verge of becoming an institutionalized norm? Case study: The Varner-Group's CSR work in India
     Author ['K Kåsin', 'IK Skogseth']
     Venue NA
     Year 2014
     Abstract In April 2013, more than 1100 factory workers died in a textile house collapse in Bangladesh. The Rana Plaza factory supplied clothes for several multinational companies (MNC)  (2011) has argued that the value of the case study has been forgotten. Case studies provide an
     Url https://nmbu.brage.unit.no/nmbu-xmlui/handle/11250/217338


     Search term "Case+Study"+OR+"Case+Studies"+"Factory"+"Regulated+Environment"
     Title Implementation of new technology in a regulated environment
     Author ['RA Garber']
     Venue NA
     Year 2004
     Abstract ideas developed in this thesis were tested in an industrial setting, and several case studies are included  19 2.5 Literature Review of Industry — A Case Study  Therefore, it is conceivable that the FDA may audit a factory less often and with greater
     Url https://dspace.mit.edu/handle/1721.1/34740


     Search term "Case+Study"+OR+"Case+Studies"+"Factory"+"Regulated+Environment"
     Title Gender segregation in the hidden labor force: Looking at the relationship between the formal and informal economies
     Author ['KA Snyder']
     Venue Gender Realities
     Year 2005
     Abstract to home-based work while men work fewer hours at higher-paying factory jobs (Ghvamshahidi  be more vulnerable to working in the informal economy as found in a case study of South  By synthesizing case studies on the informal economy, I find that two unique features of the
     Url https://www.emerald.com/insight/content/doi/10.1016/S1529-2126(05)09001-6/full/html


     Search term "Case+Study"+OR+"Case+Studies"+"Factory"+"Regulated+Environment"
     Title Retail geography and intelligent network planning
     Author ['M Birkin', 'G Clarke', 'MP Clarke']
     Venue NA
     Year 2002
     Abstract Manufacturer 8.7 Conclusion NETWORK REPRESENTATION PLANNING ..] Introduction .2 Case Study 1: Automotive Network Optimization .3 Case Study 2: Financial  go to all the employees of GMAP who have, at various times, contributed to the case studies presented here
     Url https://books.google.com/books?hl=en&lr=&id=AuTug1QR3DYC&oi=fnd&pg=PP15&dq=%22Case+Study%22+OR+%22Case+Studies%22+%22Factory%22+%22Regulated+Environment%22&ots=Ok8XkU5Tk5&sig=lghHDUSOSRwq3j3B7WLBVGMDg_k


     Search term "Case+Study"+OR+"Case+Studies"+"Factory"+"Regulated+Environment"
     Title Challenges of Agile Practices Implementation in the Medical Device Software Development Methodologies
     Author ['M Kostic']
     Venue European Project Management Journal
     Year 2017
     Abstract at the University of Maryland at College Parkhave created a framework entitled “The Experience Factory” (Basili and  In a case study presented by Manhart and Schneider (2004) the possibility of transferring the operations of  Adopting Agile in an FDA regulated environment
     Url http://media.epmj.org/2017/12/7-2-4-Milos-Kostic.pdf


     Search term "Case+Study"+OR+"Case+Studies"+"Factory"+"Regulated+Environment"
     Title Management, technology and work in commercial broadcasting, c. 1979–98
     Author ['A McKinlay', 'B Quinn']
     Venue New Technology, Work and Employment
     Year 1999
     Abstract Over-crewing was inherent in the regulated environment 'but at that time management liked that because they didn't have to think about anything': 'the management building  We'll treat this as a factory, drive it like a factory: a medium for making money (Interview, STV Producer C
     Url https://onlinelibrary.wiley.com/doi/abs/10.1111/1468-005X.00049


     Search term "Case+Study"+OR+"Case+Studies"+"Factory"+"Regulated+Environment"
     Title Ethical sourcing in small and medium-sized fashion enterprises-A case study
     Author ['E Wagner']
     Venue NA
     Year 2015
     Abstract concentrated on multinational companies which were producing clothes cheaply in the factory (The Economist  It is likely that case studies create novel theory (Eisenhardt 1989, p. 546  However, one weakness of the case study approach is that, given the often complex empirical
     Url https://www.diva-portal.org/smash/record.jsf?pid=diva2:817801


     Search term "Case+Study"+OR+"Case+Studies"+"Factory"+"Regulated+Environment"
     Title SUPPLY CHAIN
     Author ['E SETTANNI', 'JS SRAI']
     Venue NA
     Year NA
     Abstract supporting the planning and control of unit operations, the benefits of local optimisation and factory 'polishing' may  An example is the application of case study research to investigate the levels of supply chain visibility needed  stock operations in a heavily regulated environment
     Url https://www.researchgate.net/profile/Ettore_Settanni/publication/329327940_Towards_a_new_approach_to_modelling_pharmaceutical_supply_chains_in_a_changing_technological_landscape/links/5c01a740a6fdcc1b8d4d023c/Towards-a-new-approach-to-modelling-pharmaceutical-supply-chains-in-a-changing-technological-landscape.pdf


     Search term "Case+Study"+OR+"Case+Studies"+"Factory"+"Regulated+Environment"
     Title Innovative Building Skins: Double Glass Wall Ventilated Façade
     Author ['C Headquarters', 'R Tower', 'J Melvin', 'CL Hall', 'SJ Center']
     Venue NA
     Year 2007
     Abstract of Carrier's air conditioning, building skin was crucial in providing a well-ventilated, thermally-regulated environment  double glass façade is produced in unitized panels at the factory and installed  can be seen in Levine Hall of the UPenn building (listed in case study below); the
     Url https://www.academia.edu/download/158296/Barkkume_Ventilated_Double_Facade.pdf


     Search term "Case+Study"+OR+"Case+Studies"+"Factory"+"Regulated+Environment"
     Title IT-enabled change: evaluating an improvisational perspective
     Author ['RD Macredie', 'C Sandom']
     Venue European Journal of Information Systems
     Year 1999
     Abstract The case study site The case study site chosen for this study was called Dex (the actual name of the site has been disguised  People working in such military settings as Dex generally do so within a strictly regulated environment with relatively little room for improvisation, creating
     Url https://link.springer.com/article/10.1057/palgrave.ejis.3000337


     Search term "Case+Study"+OR+"Case+Studies"+"Factory"+"Regulated+Environment"
     Title City systems, urban history, and economic modernity
     Author ['G Fields']
     Venue Berkeley Planning Journal
     Year 1999
     Abstract frequently suffer from the same weaknesses that plague other intensive case studies: the potential  1On intensive and extensive case study research in the social sciences see Sayer (1992  medieval urbanism, and how it served as the prerequisite for factory-based urbanization
     Url https://www.peoi.org/Courses/Coursesen/urban/Resources/Urbanization%20and%20the%20Transition%20from%20Agrarian%20to%20Industrial%20Society.pdf


     Search term "Case+Study"+OR+"Case+Studies"+"Factory"+"Regulated+Environment"
     Title 14. WORKING THROUGH THE MARGINS
     Author ['T PATTON']
     Venue Professional Practice Discourse Marginalia
     Year 2016
     Abstract In this chapter I use the Australian secondary school system where I work, as a case study  schools continue to reflect these industrial age roots, being organised along industrial or factory-model lines  This industrial model of schooling exists in a highly regulated environment
     Url https://books.google.com/books?hl=en&lr=&id=c7q4DAAAQBAJ&oi=fnd&pg=PA115&dq=%22Case+Study%22+OR+%22Case+Studies%22+%22Factory%22+%22Regulated+Environment%22&ots=_6OXVTBVKQ&sig=qDCRdPTJkFv0dO3vkDRHvBCtStg


     Search term "Case+Study"+OR+"Case+Studies"+"Factory"+"Regulated+Environment"
     Title Bangkok: the ecology and design of an aqua-city
     Author ['D Thaitakoo', 'B McGrath', 'S Srithanyarat']
     Venue Resilience in ecology …
     Year 2013
     Abstract new ways of seeing the world, new ecosystem science and the case study of Bangkok  in narrow rows chequered with a grey pattern of new housing and factory estates (Fig  This human ecology created a self-regulated environment, based on the resilience of the landscape's
     Url https://link.springer.com/chapter/10.1007/978-94-007-5341-9_26


     Search term "Case+Study"+OR+"Case+Studies"+"Factory"+"Regulated+Environment"
     Title Planned industrial districts in Chicago: firms, networks, and boundaries
     Author ['R Lewis']
     Venue Journal of Planning History
     Year 2004
     Abstract Using Chicago as a case study, this article examines the early history of the planned  and prac- tices (such as land use covenants, traffic planning, factory design, financial  interfirm relations that could not be replicated elsewhere.13 The district's regulated environment gave firms
     Url https://journals.sagepub.com/doi/abs/10.1177/1538513203261520


     Search term "Case+Study"+OR+"Case+Studies"+"Factory"+"Regulated+Environment"
     Title The shirt factory narratives: Case studies in gendered literacies
     Author ['PD Otto']
     Venue NA
     Year 2009
     Abstract My research adopts Brandt's case-study approach to focus on women's relationships with other  principles of feminist research as they apply to the shirt factory narratives  45. combining interviews, historical ethnography, life history, discourse analysis, and case studies it applies
     Url http://search.proquest.com/openview/827cc73f0cc22f566f6134db4a87b257/1?pq-origsite=gscholar&cbl=18750&diss=y


     Search term "Case+Study"+OR+"Case+Studies"+"Factory"+"Regulated+Environment"
     Title From Social Influence to Cyber Influence. The role of new technologies in the influence operations conducted in the digital environment
     Author ['A STOICA']
     Venue NA
     Year NA
     Abstract As numerous case studies proved it, the mix between digital groups, governmental structures and  interesting online group linked to the Internet Research Agency troll factory is AgitPolk  The AgitPolk case study is helpful in understanding pragmatically how the traditional Soviet
     Url https://ijcd.ici.ro/documents/2020-vol1-issue1/IJCD-art4.pdf


     Search term "Case+Study"+OR+"Case+Studies"+"Factory"+"Regulated+Environment"
     Title Splicing, transcription, and chromatin: a menage a trois
     Author ['E Allemand', 'E Batsche', 'C Muchardt']
     Venue Current opinion in genetics & …
     Year 2008
     Abstract splicing takes place in the molecular network of the 'gene expression factory' is still  Chromatin is a highly regulated environment and its association with the pre-mRNA would  of multiprotein complexes: the yeast and the human spliceosome as case studies. Methods Enzymol
     Url https://www.sciencedirect.com/science/article/pii/S0959437X08000105


     Search term "Case+Study"+OR+"Case+Studies"+"Factory"+"Regulated+Environment"
     Title Modern instrument design in assisting with compliance to regulatory standards
     Author ['JP Hammond']
     Venue Analytical Spectroscopy Library
     Year 1995
     Abstract Factory Acceptance Tests are used to demonstrate that an instrument is capable of  Validation Forum, Version 1.0, Issue A. 3 Wienberg S., Case Studies in System  Data Integrity from Sample Preparation to Report: Automation in a regulated environment, Conference Proceedings
     Url https://www.sciencedirect.com/science/article/pii/S0926434506800180


     Search term "Case+Study"+OR+"Case+Studies"+"Factory"+"Regulated+Environment"
     Title Working through the margins: Liberating school education practice and discourse
     Author ['T Patton']
     Venue Professional Practice Discourse Marginalia
     Year 2016
     Abstract In this chapter I use the Australian secondary school system where I work, as a case study  schools continue to reflect these industrial age roots, being organised along industrial or factory-model lines  This industrial model of schooling exists in a highly regulated environment
     Url https://brill.com/view/book/edcoll/9789463006002/BP000015.xml


     Search term "Case+Study"+OR+"Case+Studies"+"Factory"+"Regulated+Environment"
     Title Case Study on Technological Innovation of Korean Firms
     Author ['YH Bae', 'S Song', 'MJ Um', 'DH Lee', 'M Hobday']
     Venue 연구보고
     Year 2002
     Abstract Page 1. 연구보고 2002-11 Case Study on Technological Innovation of Korean Firms Yong-Ho Bae/ Sungsoo Song/ Mi-Jung Um  process, its characteristics and technology accumulation mechanism. Chapter 3-Chapter 6 consists of case studies; Samsung Electronics'
     Url https://pdfs.semanticscholar.org/1c5c/b6a612c86aa4c088ce408402baf65e79f2f1.pdf


     Search term "Case+Study"+OR+"Case+Studies"+"Factory"+"Regulated+Environment"
     Title Transferring a lean production concept from Germany to the United States: The impact of labor laws and training systems
     Author ['D Friel']
     Venue Academy of Management Perspectives
     Year 2005
     Abstract It finds that the heavily regulated environment in Germany proved conducive to the success of this program there  10 The data for the case study were collected during visits this author made to the factories  occurred in the summer of 1996 while the trip to the US factory took place
     Url https://journals.aom.org/doi/abs/10.5465/ame.2005.16962752


     Search term "Case+Study"+OR+"Case+Studies"+"Factory"+"Regulated+Environment"
     Title Leading change through your creative class
     Author ['L Choain', 'T Malzy']
     Venue Journal of Organizational Change Management
     Year 2019
     Abstract The case study, which is still in progress, has been implemented in a non-conventional  This combination works well in the regulated environment, where change is generally slow and incremental  a drama-free exit, the firm itself must become a talent factory, renowned amongst
     Url https://www.emerald.com/insight/content/doi/10.1108/JOCM-04-2017-0118/full/html

