Showing papers for search query "Case+Study"+OR+"Case+Studies"+"Cyber-physical+system"+OR+"Industrial+control+system"+OR+"ICS"+OR+"SCADA"+OR+"Distributed+control+system"+OR+"DCS"+"FDA+Requirement"

     Search term "Case+Study"+OR+"Case+Studies"+"Cyber-physical+system"+OR+"Industrial+control+system"+OR+"ICS"+OR+"SCADA"+OR+"Distributed+control+system"+OR+"DCS"+"FDA+Requirement"
     Title Design Qualification in Practice-from Strategy to Report
     Author ['Y Chvaicer']
     Venue PHARMACEUTICAL …
     Year 2005
     Abstract [Not Found]
     Url [Not Found]


     Search term "Case+Study"+OR+"Case+Studies"+"Cyber-physical+system"+OR+"Industrial+control+system"+OR+"ICS"+OR+"SCADA"+OR+"Distributed+control+system"+OR+"DCS"+"FDA+Requirement"
     Title The development of total quality management in Thai manufacturing SMEs
     Author ['J Tannock', 'L Krasachol']
     Venue International Journal of …
     Year 2002
     Abstract In addition, it was already getting support from the NSTDA ICS unit (Industrial Consultant  Evolution of quality awards and self‐assessment practices in Europe: a case study for considering  Yusof, SM and Aspinwall, E. (2001, “Case studies on the implementation of TQM in the
     Url https://www.emerald.com/insight/content/doi/10.1108/02656710210421562/full/html


     Search term "Case+Study"+OR+"Case+Studies"+"Cyber-physical+system"+OR+"Industrial+control+system"+OR+"ICS"+OR+"SCADA"+OR+"Distributed+control+system"+OR+"DCS"+"FDA+Requirement"
     Title The medicalization of society: On the transformation of human conditions into treatable disorders
     Author ['P Conrad']
     Venue NA
     Year 2007
     Abstract Early crit- ics warned that medical social control would likely replace otherforms of social control (Pitts, 1968, Zola, 1972), and while  From a sociological perspective, case studies of medicalization have created a new understanding of the social process involved in the cultural
     Url https://books.google.com/books?hl=en&lr=&id=cAE5hlP5YkAC&oi=fnd&pg=PR9&dq=%22Case+Study%22+OR+%22Case+Studies%22+%22Cyber-physical+system%22+OR+%22Industrial+control+system%22+OR+%22ICS%22+OR+%22SCADA%22+OR+%22Distributed+control+system%22+OR+%22DCS%22+%22FDA+Requirement%22&ots=6pSaaM4q7I&sig=yOwckJD3n001kWAsXtd-oMKtoMA


     Search term "Case+Study"+OR+"Case+Studies"+"Cyber-physical+system"+OR+"Industrial+control+system"+OR+"ICS"+OR+"SCADA"+OR+"Distributed+control+system"+OR+"DCS"+"FDA+Requirement"
     Title FDA v. ephedra: is it time to lift the ban?
     Author ['KR Pyle']
     Venue Food and drug law journal
     Year 2006
     Abstract Health and Education Act (DSHEA).7 The district court deemed this standard "improper," and also stated that "FDA's requirement that ephedrine  Ephedra Alkaloids and Reiterates Its Advice That Consumers Stop Using These Products, http://www.fda.gov/bbs/top ics/NEWS 2004
     Url https://www.jstor.org/stable/26660900


     Search term "Case+Study"+OR+"Case+Studies"+"Cyber-physical+system"+OR+"Industrial+control+system"+OR+"ICS"+OR+"SCADA"+OR+"Distributed+control+system"+OR+"DCS"+"FDA+Requirement"
     Title Pilot pharmacoeconomic analysis of serum-derived bovine immunoglobulin use in IBD
     Author ['I Shafran', 'HE Young', 'D Wei', 'P Burgunder']
     Venue Am J Pharm …
     Year 2016
     Abstract practice due to positive pre- clinical results,20,21 as well as findings from case studies of patients with  of SBI use in IBS-D17 and HIV populations,19 as well as other IBD case study information regarding  2). Of the 21 patients with IBD, 9 had no history of use of biolog- ics prior to
     Url https://www.researchgate.net/profile/Ira_Shafran/post/Anyone_have_ideas_about_the_causes_of_Crohns_disease/attachment/59d63bea79197b8077998eaa/AS:413370525208576@1475566621192/download/Shafran-pilot+pharmacoeconomic+analys+of+SBI+use+in+IBD+++%282016%29.pdf


     Search term "Case+Study"+OR+"Case+Studies"+"Cyber-physical+system"+OR+"Industrial+control+system"+OR+"ICS"+OR+"SCADA"+OR+"Distributed+control+system"+OR+"DCS"+"FDA+Requirement"
     Title Biomedicalization: Technoscientific transformations of health, illness, and US biomedicine
     Author ['AE Clarke', 'JK Shim', 'L Mamo', 'JR Fosket']
     Venue American sociological …
     Year 2003
     Abstract Page 1. BIOMEDICALIZATION: TECHNOSCIENTIFIC TRANSFORMATIONS OF HEALTH, ILLNESS, AND US BIOMEDICINE ADELE E. CLARKE University of California, San Francisco LAURA MAMO University of Maryland, College Park
     Url https://www.jstor.org/stable/1519765


     Search term "Case+Study"+OR+"Case+Studies"+"Cyber-physical+system"+OR+"Industrial+control+system"+OR+"ICS"+OR+"SCADA"+OR+"Distributed+control+system"+OR+"DCS"+"FDA+Requirement"
     Title 17 Sensory Evaluation in Fruit Product Development
     Author ['D dos Santos Garruti', 'H Virginia']
     Venue Advances in Fruit …
     Year 2012
     Abstract 425 17.4 Developing a Tropical Fruit Nectar: A Case Study  Greenhoff and MacFie (1994) explain the two distinct ways of dealing with the data, including case studies: internal preference map (MDPREF), which achieves a multidimensional representation of
     Url https://books.google.com/books?hl=en&lr=&id=EaXo2wLGVjsC&oi=fnd&pg=PA415&dq=%22Case+Study%22+OR+%22Case+Studies%22+%22Cyber-physical+system%22+OR+%22Industrial+control+system%22+OR+%22ICS%22+OR+%22SCADA%22+OR+%22Distributed+control+system%22+OR+%22DCS%22+%22FDA+Requirement%22&ots=Fmr-ns8-xi&sig=cIP1H9piDUhox5CweGxCO8xsVno


     Search term "Case+Study"+OR+"Case+Studies"+"Cyber-physical+system"+OR+"Industrial+control+system"+OR+"ICS"+OR+"SCADA"+OR+"Distributed+control+system"+OR+"DCS"+"FDA+Requirement"
     Title NIST-EEEL
     Author ['EI Assessment']
     Venue Economic Analysis
     Year 2000
     Abstract 1.4 Case Study Overview .....1-7  of industry. Case studies are used to examine economic outcomes associated with selected  This trend in miniaturization has increased the functionality of semiconductor ICs
     Url https://www.nist.gov/system/files/documents/tpo/No-14-PR-00-3-Fiberoptic.pdf


     Search term "Case+Study"+OR+"Case+Studies"+"Cyber-physical+system"+OR+"Industrial+control+system"+OR+"ICS"+OR+"SCADA"+OR+"Distributed+control+system"+OR+"DCS"+"FDA+Requirement"
     Title Sarindr Bhumiratana, Nafissa Yakubova and Nina Tandon
     Author ['E Cimetta', 'M Lamprecht']
     Venue … Medicine Technology: On-a-Chip Applications …
     Year 2016
     Abstract [Not Found]
     Url [Not Found]


     Search term "Case+Study"+OR+"Case+Studies"+"Cyber-physical+system"+OR+"Industrial+control+system"+OR+"ICS"+OR+"SCADA"+OR+"Distributed+control+system"+OR+"DCS"+"FDA+Requirement"
     Title Adapting high hydrostatic pressure (HPP) for food processing operations
     Author ['T Koutchma']
     Venue NA
     Year 2014
     Abstract [Not Found]
     Url [Not Found]


     Search term "Case+Study"+OR+"Case+Studies"+"Cyber-physical+system"+OR+"Industrial+control+system"+OR+"ICS"+OR+"SCADA"+OR+"Distributed+control+system"+OR+"DCS"+"FDA+Requirement"
     Title HEALTH, ILLNESS, AND US BIOMEDICINE
     Author ['AE CLARKE', 'JR FISHMAN']
     Venue NA
     Year NA
     Abstract Page 1. BIOMEDICALIZATION: TECHNOSCIENTIFIC TRANSFORMATIONS OF HEALTH, ILLNESS, AND US BIOMEDICINE ADELE E. CLARKE University of California, San Francisco LAURA MAMO University of Maryland, College Park
     Url https://www.jstor.org/stable/1519765?origin=crossref&seq=1


     Search term "Case+Study"+OR+"Case+Studies"+"Cyber-physical+system"+OR+"Industrial+control+system"+OR+"ICS"+OR+"SCADA"+OR+"Distributed+control+system"+OR+"DCS"+"FDA+Requirement"
     Title Cybersecurity and medical devices
     Author ['DM Barnes']
     Venue NA
     Year 2016
     Abstract Finally, in January 2016, the Department of Homeland Page 11. 5 Security Industrial Control Systems Cyber Emergency Response Team (ICS-CERT) issued an advisory for multiple Hospira products that contain a buffer overflow vulnerability that can allow
     Url http://search.proquest.com/openview/0dee5c618d4d553fc776c0a9e579af2f/1?pq-origsite=gscholar&cbl=18750&diss=y


     Search term "Case+Study"+OR+"Case+Studies"+"Cyber-physical+system"+OR+"Industrial+control+system"+OR+"ICS"+OR+"SCADA"+OR+"Distributed+control+system"+OR+"DCS"+"FDA+Requirement"
     Title Killing us sweetly: How to take industry out of the FDA
     Author ['J Iuliano']
     Venue J. Food L. & Pol'y
     Year 2010
     Abstract By using artificial sweeteners as a case study, the article shows why the FDA must be reformed."' This sec- tion will make it clear that the FDA's close ties to pharmaceutical companies and the agency's blind reliance on industry-funded sci- ence are threatening consumer safety
     Url https://heinonline.org/hol-cgi-bin/get_pdf.cgi?handle=hein.journals/jfool6&section=5


     Search term "Case+Study"+OR+"Case+Studies"+"Cyber-physical+system"+OR+"Industrial+control+system"+OR+"ICS"+OR+"SCADA"+OR+"Distributed+control+system"+OR+"DCS"+"FDA+Requirement"
     Title Design of Electromechanical Products: A Systems Approach
     Author ['A Jamnia']
     Venue NA
     Year 2016
     Abstract [Not Found]
     Url [Not Found]


     Search term "Case+Study"+OR+"Case+Studies"+"Cyber-physical+system"+OR+"Industrial+control+system"+OR+"ICS"+OR+"SCADA"+OR+"Distributed+control+system"+OR+"DCS"+"FDA+Requirement"
     Title Complementary and alternative medicine
     Author ['RA Roush']
     Venue NA
     Year 2016
     Abstract complementary medicine. From the basics of vitamins and herbs, through various modalities, therapies, and case studies, it is a must-read book for ev- eryone who is curious about the mind, body, and spirit connection. If you
     Url https://books.google.com/books?hl=en&lr=&id=nAwfDAAAQBAJ&oi=fnd&pg=PP1&dq=%22Case+Study%22+OR+%22Case+Studies%22+%22Cyber-physical+system%22+OR+%22Industrial+control+system%22+OR+%22ICS%22+OR+%22SCADA%22+OR+%22Distributed+control+system%22+OR+%22DCS%22+%22FDA+Requirement%22&ots=LxSBemH0kZ&sig=koaaR786-ToQR6U8xdo3PbmwDa8


     Search term "Case+Study"+OR+"Case+Studies"+"Cyber-physical+system"+OR+"Industrial+control+system"+OR+"ICS"+OR+"SCADA"+OR+"Distributed+control+system"+OR+"DCS"+"FDA+Requirement"
     Title Cost-contained regulatory compliance: for the pharmaceutical, biologics, and medical device industries
     Author ['S Weinberg']
     Venue NA
     Year 2011
     Abstract responsibility and focus. And how do these strategies work in the field? Chapter 10 consists of a number of case studies, drawn from all three industries (medical device, biologics, and pharmaceuticals). In real situations (disguised
     Url https://books.google.com/books?hl=en&lr=&id=qAZri2M0yTEC&oi=fnd&pg=PR1&dq=%22Case+Study%22+OR+%22Case+Studies%22+%22Cyber-physical+system%22+OR+%22Industrial+control+system%22+OR+%22ICS%22+OR+%22SCADA%22+OR+%22Distributed+control+system%22+OR+%22DCS%22+%22FDA+Requirement%22&ots=Eccixqduao&sig=z-G7VeXjhpJ0ir06R-EURGCqsaY


     Search term "Case+Study"+OR+"Case+Studies"+"Cyber-physical+system"+OR+"Industrial+control+system"+OR+"ICS"+OR+"SCADA"+OR+"Distributed+control+system"+OR+"DCS"+"FDA+Requirement"
     Title The Vaccine Debate
     Author ['T Davidson']
     Venue NA
     Year 2018
     Abstract [Not Found]
     Url [Not Found]


     Search term "Case+Study"+OR+"Case+Studies"+"Cyber-physical+system"+OR+"Industrial+control+system"+OR+"ICS"+OR+"SCADA"+OR+"Distributed+control+system"+OR+"DCS"+"FDA+Requirement"
     Title Itmay seem counterintuitive at first that an anxious patient would consider suicide. However, a major survey found that over 70% of individuals with a lifetime history of …
     Author ['LN Antar', 'E Hollander']
     Venue The American Psychiatric Publishing …
     Year 2012
     Abstract Page 150. CHAPTE R 7 Anxiety Disorders Laura N. Antar, MD, Ph. D. Eric Hollander, MD Itmay seem counterintuitive at first that an anxious patient would consider suicide. However, a major survey found that over 70% of individuals
     Url https://books.google.com/books?hl=en&lr=&id=H8tigTjBCRkC&oi=fnd&pg=PA123&dq=%22Case+Study%22+OR+%22Case+Studies%22+%22Cyber-physical+system%22+OR+%22Industrial+control+system%22+OR+%22ICS%22+OR+%22SCADA%22+OR+%22Distributed+control+system%22+OR+%22DCS%22+%22FDA+Requirement%22&ots=eV_tzbgM3g&sig=uf3utuEyE-Q5tfhAN7GoxiZTEks


     Search term "Case+Study"+OR+"Case+Studies"+"Cyber-physical+system"+OR+"Industrial+control+system"+OR+"ICS"+OR+"SCADA"+OR+"Distributed+control+system"+OR+"DCS"+"FDA+Requirement"
     Title Mesenchymal Stromal Cells: Translational Pathways to Clinical Adoption
     Author ['H Peiman', 'S Viswanathan']
     Venue NA
     Year 2016
     Abstract [Not Found]
     Url [Not Found]


     Search term "Case+Study"+OR+"Case+Studies"+"Cyber-physical+system"+OR+"Industrial+control+system"+OR+"ICS"+OR+"SCADA"+OR+"Distributed+control+system"+OR+"DCS"+"FDA+Requirement"
     Title Georgia Tech Alumni Magazine [Vol. 68, No. 4, 1993]
     Author ['Georgia Tech Alumni Association']
     Venue NA
     Year 1993
     Abstract analyses. Participates in proposal preparations. Requires BS CHE; EE or ME and 3-5 years experience in process instrumentation and control engineering, DCS Engineering, and/or Process Control Sales/Marketing. Total experience
     Url https://smartech.gatech.edu/bitstream/handle/1853/51162/GT_Alumni_Mag_68_4.pdf


     Search term "Case+Study"+OR+"Case+Studies"+"Cyber-physical+system"+OR+"Industrial+control+system"+OR+"ICS"+OR+"SCADA"+OR+"Distributed+control+system"+OR+"DCS"+"FDA+Requirement"
     Title THE COST OF NOVELTY
     Author ['WN Price']
     Venue Columbia Law Review
     Year 2020
     Abstract Page 1. 769 ESSAY THE COST OF NOVELTY W. Nicholson Price II* Patent law tries to spur the development of new and better innova- tive technology. But it focuses much more on “new” than “better”—and it turns out that “new” carries real social costs
     Url https://www.jstor.org/stable/26910477

