Showing papers for search query "Case+Study"+OR+"Case+Studies"+"Regulated+Domain"+"Regulated+Environment"

     Search term "Case+Study"+OR+"Case+Studies"+"Regulated+Domain"+"Regulated+Environment"
     Title Bringing IS innovation in a highly-regulated environment: a collective action perspective
     Author ['B Rukanova', 'HZ Henriksen', 'E Van Stijn']
     Venue Research …
     Year 2009
     Abstract The case study is conducted in an interpretative, processual tradition (Markus and Robey  question in this paper is how to bring IS innovation in a highly regulated environment  and national administrations) to try to bring innovation in the highly-regulated domain of international
     Url https://www.researchgate.net/profile/Helle_Henriksen/publication/46433719_Bringing_is_innovation_in_a_highly-regulated_environment_a_collective_action_perspective/links/54f092ea0cf24eb87940f9f8.pdf


     Search term "Case+Study"+OR+"Case+Studies"+"Regulated+Domain"+"Regulated+Environment"
     Title Agile challenges within regulated healthcare environments
     Author ['M Jamot', 'M Pettersson']
     Venue NA
     Year 2016
     Abstract and uncertainties facing practition- ers working with, or wanting to adopt an agile methodology within the regulated domain  12 3.2.1 Case study participants  to be agile in the pharmaceutical industry and also a lack of material such as published case studies, experiences and
     Url https://odr.chalmers.se/handle/20.500.12380/238429


     Search term "Case+Study"+OR+"Case+Studies"+"Regulated+Domain"+"Regulated+Environment"
     Title Visualizing the effects of requirements evolution
     Author ['S Saito', 'Y Iimura', 'H Tashiro', 'AK Massey']
     Venue Proceedings of the 38th …
     Year 2016
     Abstract We describe how to use the REC for impact analysis on requirements changes and our analysis procedures. Section 4 details the case study results  In the regulated domain, some rules from the proposed regulations are likely to change when the final regulations are released
     Url https://dl.acm.org/doi/abs/10.1145/2889160.2889237


     Search term "Case+Study"+OR+"Case+Studies"+"Regulated+Domain"+"Regulated+Environment"
     Title Custodians of the game: ethical considerations for football governing bodies in regulating concussion management
     Author ['A Greenhow', 'J East']
     Venue Neuroethics
     Year 2015
     Abstract A case study of the NFL responses to con- cussion in the sport of American football  in positions of control and authority over their sports, operating within a self- regulated environment  establish a public interest element within the largely private and self-regulated domain and to
     Url https://link.springer.com/content/pdf/10.1007/s12152-014-9216-1.pdf


     Search term "Case+Study"+OR+"Case+Studies"+"Regulated+Domain"+"Regulated+Environment"
     Title The application of a lean software development methodology within the regulated domain of medical device software
     Author ['O Cawley']
     Venue NA
     Year 2013
     Abstract the Regulated Domain of  332 Appendix G – Case Study Interview Guide  within the MD domain, this research developed a framework for conceptualising the challenges and opportunities of applying lean/agile philosophies and practices within such a regulated environment
     Url https://www.researchgate.net/profile/Oisin_Cawley/publication/291823790_The_Application_of_a_Lean_Software_Development_Methodology_within_the_Regulated_Domain_of_Medical_Device_Software/links/56a6561308ae6c437c1aeae8.pdf


     Search term "Case+Study"+OR+"Case+Studies"+"Regulated+Domain"+"Regulated+Environment"
     Title Building a research data management service for the London school of hygiene & tropical medicine
     Author ['A Cox', 'G Knight']
     Venue Program: electronic library and information systems
     Year 2015
     Abstract This paper presents a case study of work performed at the London School of Hygiene &  However, the regulated domain and diverse countries in which they perform work presents challenges – a  et al., 2009) would be applied to produce three-four case studies on researchers
     Url https://www.emerald.com/insight/content/doi/10.1108/PROG-01-2015-0011/full/html


     Search term "Case+Study"+OR+"Case+Studies"+"Regulated+Domain"+"Regulated+Environment"
     Title Adoption of agile methods in automotive software development
     Author ['K Berger']
     Venue NA
     Year 2020
     Abstract reduce the software release cycle time. Nevertheless, the automotive domain is characterized as a strictly regulated environment, which limits the usage of agile software development methods. This study explores how automotive
     Url http://essay.utwente.nl/81865/


     Search term "Case+Study"+OR+"Case+Studies"+"Regulated+Domain"+"Regulated+Environment"
     Title Trials and Tribulations of the Global Software Engineering Process: Evolving with Your Organisation
     Author ['O Cawley']
     Venue Managing Software Process Evolution
     Year 2016
     Abstract 6.2.4 The G-SC Case Study  Cawley, O.: The application of a lean software development methodology within the regulated domain of medical device  Cawley, O., Richardson, I.: Lessons in global software development – local to global transition within a regulated environment
     Url https://link.springer.com/chapter/10.1007/978-3-319-31545-4_6


     Search term "Case+Study"+OR+"Case+Studies"+"Regulated+Domain"+"Regulated+Environment"
     Title Innersourcing
     Author ['PJ Ågerfalk', 'B Fitzgerald', 'KJ Stol']
     Venue Software Sourcing in the Age of Open
     Year 2015
     Abstract The first case study of inner source presented in this chapter is an initiative at Philips  by a more elaborate description and examples from the literature, and illustrated with two case studies  Given the regulated domain, documentation on design and tests have to be delivered
     Url https://link.springer.com/chapter/10.1007/978-3-319-17266-8_3


     Search term "Case+Study"+OR+"Case+Studies"+"Regulated+Domain"+"Regulated+Environment"
     Title Key factors for adopting inner source
     Author ['KJ Stol', 'P Avgeriou', 'MA Babar', 'Y Lucas']
     Venue ACM Transactions on …
     Year 2014
     Abstract In the second phase, we applied the framework in three industry case studies. We deemed a multiple case study methodology appropriate, since it provides real-world cases that illustrate how the various themes identified in the framework “come to life.” Details of the case study
     Url https://dl.acm.org/doi/abs/10.1145/2533685


     Search term "Case+Study"+OR+"Case+Studies"+"Regulated+Domain"+"Regulated+Environment"
     Title My home your workplace: the impact of health and safety regulation on care homes for older adults
     Author ['T Kelly']
     Venue NA
     Year 2010
     Abstract 1 At the time of the fieldwork none of the case study homes were registered for people with dementia, although many of the homes did have residents diagnosed with this condition. Page 12  5. To what extent are 'homely values' allowed to flourish in the regulated domain of the
     Url http://irep.ntu.ac.uk/id/eprint/332/


     Search term "Case+Study"+OR+"Case+Studies"+"Regulated+Domain"+"Regulated+Environment"
     Title Key Factors for Adopting Inner Source
     Author ['S KLAAS-JAN', 'P AVGERIOU', 'MALI BABAR']
     Venue NA
     Year NA
     Abstract In the second phase, we applied the framework in three industry case studies. We deemed a multiple case study methodology appropriate, since it provides real-world cases that illustrate how the various themes identified in the framework “come to life.” Details of the case study
     Url https://citeseerx.ist.psu.edu/viewdoc/download?doi=10.1.1.721.4011&rep=rep1&type=pdf


     Search term "Case+Study"+OR+"Case+Studies"+"Regulated+Domain"+"Regulated+Environment"
     Title Organising Procurement Operations-Evaluation of the Product Coordinator role
     Author ['P Lorenzo', 'A Pekopoulos']
     Venue NA
     Year 2014
     Abstract Further, it allows NTE having a better understanding of the regulated environment specific to  The oil and gas business is a highly regulated domain and is subject to  with the Analytical framework, Methodology, Empirical findings, Benchmarking case study, Analysis, Conclusion
     Url https://pdfs.semanticscholar.org/b6e0/907b1a0c220fe6f4bc7dede779ce0c6ffdd1.pdf


     Search term "Case+Study"+OR+"Case+Studies"+"Regulated+Domain"+"Regulated+Environment"
     Title PLAY IN DIGITAL MEDIA ART
     Author ['LJ Wilson']
     Venue NA
     Year NA
     Abstract type of interaction will be the aim of Chapter Four. This chapter and the following will ground the discussion in specific case studies. Chapter four will articulate the nature of play with digital media - in a McLuhanesque sense - as partly defined by the structure of the media itself
     Url https://research-repository.uwa.edu.au/files/3228859/Wilson_Laetitia_J_2010.pdf

