Showing papers for search query "Case+Study"+OR+"Case+Studies"+"Cyber-physical+system"+OR+"Industrial+control+system"+OR+"ICS"+OR+"SCADA"+OR+"Distributed+control+system"+OR+"DCS"+"Regulated+Environment"

     Search term "Case+Study"+OR+"Case+Studies"+"Cyber-physical+system"+OR+"Industrial+control+system"+OR+"ICS"+OR+"SCADA"+OR+"Distributed+control+system"+OR+"DCS"+"Regulated+Environment"
     Title " Crashing the schedule" in DCS validation pharmaceutical projects with Lean Six Sigma and project management techniques: case study and discussion
     Author ['M Cupryk', 'D Takahata']
     Venue Journal of Validation …
     Year 2007
     Abstract the Right Tools The subject of this case study is a Distributed Control System (DCS) validation project  The scope of the project was DCS unit- and system-level testing, including approximately: 0  has been customized from the PMBOK and adapted to the case study presented in
     Url http://search.proquest.com/openview/ad7dc0eecfeadd497d19342c1701f4c8/1?pq-origsite=gscholar&cbl=29232


     Search term "Case+Study"+OR+"Case+Studies"+"Cyber-physical+system"+OR+"Industrial+control+system"+OR+"ICS"+OR+"SCADA"+OR+"Distributed+control+system"+OR+"DCS"+"Regulated+Environment"
     Title New considerations for distribution network planning and design
     Author ['TM Taylor', 'HL Willis', 'MV Engel']
     Venue NA
     Year 1997
     Abstract 6.1.2 TABLE 1 - Comparisons of DistCo's and ResCo's in De-Regulated Environment M ms Primary  imbalance and 63% annual LF, accounting for all costs Figure 2: Case Study of Feeder  Computation of dynamic equipment ratings should be integrated into the DMS or SCADA
     Url https://digital-library.theiet.org/content/conferences/10.1049/cp_19970615


     Search term "Case+Study"+OR+"Case+Studies"+"Cyber-physical+system"+OR+"Industrial+control+system"+OR+"ICS"+OR+"SCADA"+OR+"Distributed+control+system"+OR+"DCS"+"Regulated+Environment"
     Title Digital Pearl Harbor: A Case Study in Industry Vulnerability to Cyber Attack
     Author ['E Purchase', 'F Caldwell']
     Venue Guarding Your Business
     Year 2004
     Abstract A CASE STUDY IN INDUSTRY VULNERABILITY TO CYBER ATTACK  Most utilities don't put SCADA and operational control systems security under the same hat as IT security  In a regulated environment, they could easily pass on the cost of enhanced security to consumers
     Url https://link.springer.com/chapter/10.1007/0-306-48638-5_4


     Search term "Case+Study"+OR+"Case+Studies"+"Cyber-physical+system"+OR+"Industrial+control+system"+OR+"ICS"+OR+"SCADA"+OR+"Distributed+control+system"+OR+"DCS"+"Regulated+Environment"
     Title The effect of ISO 9001: 2008 certification on process quality: a case study of Kenya Power and Lighting Company
     Author ['JK Mulela']
     Venue NA
     Year 2013
     Abstract Page 1. THE EFFECT OF ISO 9001:2008 CERTIFICATION ON PROCESS QUALITY: A CASE STUDY OF KENYA POWER AND LIGHTING  BPR - Business Process Re-engineering DCS - Design and Construction  GOK - Government of Kenya ICS - Integrated Customer Service
     Url http://erepository.uonbi.ac.ke/handle/11295/63247


     Search term "Case+Study"+OR+"Case+Studies"+"Cyber-physical+system"+OR+"Industrial+control+system"+OR+"ICS"+OR+"SCADA"+OR+"Distributed+control+system"+OR+"DCS"+"Regulated+Environment"
     Title Short-term load forecasting based on ANN applied to electrical distribution substations
     Author ['PJ Santos', 'AG Martins', 'AJ Pires']
     Venue … Conference, 2004. UPEC …
     Year 2004
     Abstract The presence of a de-regulated environment reinforces the need of forecast, particularly in distribution  In this case study, moderate temperature values are accompanied by also moderate humidity conditions  PI., pr, ...p a..., The signal was collected in the SCADA systems, with
     Url https://ieeexplore.ieee.org/abstract/document/1492040/


     Search term "Case+Study"+OR+"Case+Studies"+"Cyber-physical+system"+OR+"Industrial+control+system"+OR+"ICS"+OR+"SCADA"+OR+"Distributed+control+system"+OR+"DCS"+"Regulated+Environment"
     Title Imminent Prospects of Mobile Mediated Learning Interaction in Traditional Classroom: A Survey 2013-19
     Author ['S Deb', 'B Debnath', 'P Kumari']
     Venue 2019 IEEE Tenth International …
     Year 2019
     Abstract are in various way encourageable in accessing global learning platform in a self regulated environment  Lovászová, Michalicková, Cápay(2015) Science Education Conceptual frame- work(survey) Case Study Tablets and Smart- phones in informat- ics education * Tablet
     Url https://ieeexplore.ieee.org/abstract/document/8983697/


     Search term "Case+Study"+OR+"Case+Studies"+"Cyber-physical+system"+OR+"Industrial+control+system"+OR+"ICS"+OR+"SCADA"+OR+"Distributed+control+system"+OR+"DCS"+"Regulated+Environment"
     Title Islanding operation of distributed generators in active distribution networks
     Author ['SP Chowdhury', 'S Chowdhury', 'CF Ten']
     Venue 2008 43rd …
     Year 2008
     Abstract currently enabling the improved control of geographically distributed DGs through advanced SCADA [2]. RH  islanding operation of DGs has been show cased through several case studies for all  Case Study- 1 The study is performed on System-1. Simple islanding takes place at
     Url https://ieeexplore.ieee.org/abstract/document/4651556/


     Search term "Case+Study"+OR+"Case+Studies"+"Cyber-physical+system"+OR+"Industrial+control+system"+OR+"ICS"+OR+"SCADA"+OR+"Distributed+control+system"+OR+"DCS"+"Regulated+Environment"
     Title Market solution in ERCOT balancing energy market
     Author ['J Yu', 'J Mickey']
     Venue IEEE Power Engineering Society Summer …
     Year 2002
     Abstract A case study has been conducted using the proposed Market Solution identification method and the Market Clearing Price recalculation method  In a regulated environment, regulation measures are used to eliminate monopoly prices  ERCOT (ISO) TDSP SCADA
     Url https://ieeexplore.ieee.org/abstract/document/1043594/


     Search term "Case+Study"+OR+"Case+Studies"+"Cyber-physical+system"+OR+"Industrial+control+system"+OR+"ICS"+OR+"SCADA"+OR+"Distributed+control+system"+OR+"DCS"+"Regulated+Environment"
     Title Ownership and performance in competitive environments: A comparison of the performance of private, mixed, and state-owned enterprises
     Author ['AE Boardman', 'AR Vining']
     Venue the Journal of Law and …
     Year 1989
     Abstract 223 (1977); John P. Pal- mer, John Quinn, & Ray Resendes, A Case Study of Public Enterprise: Gray Coach Lines Ltd., in Crown  More recently, see Scott E. Atkinson & Robert Halvorsen, The Relative Efficiency of Public and Private Firms in a Regulated Environment: The Case
     Url https://www.journals.uchicago.edu/doi/pdfplus/10.1086/467167


     Search term "Case+Study"+OR+"Case+Studies"+"Cyber-physical+system"+OR+"Industrial+control+system"+OR+"ICS"+OR+"SCADA"+OR+"Distributed+control+system"+OR+"DCS"+"Regulated+Environment"
     Title Avoiding pitfalls with chemometrics and PAT in the pharmaceutical and biotech industries
     Author ['SJ Doherty', 'AJ Lange']
     Venue TrAC Trends in Analytical Chemistry
     Year 2006
     Abstract and debated, with details and justification provided in illustrative case studies or successful  It is very common for process data to reside in a distributed control system (DCS), analytical data to  Historically, the regulated environment has hampered the use of chemometrics in the
     Url https://www.sciencedirect.com/science/article/pii/S0165993606002196


     Search term "Case+Study"+OR+"Case+Studies"+"Cyber-physical+system"+OR+"Industrial+control+system"+OR+"ICS"+OR+"SCADA"+OR+"Distributed+control+system"+OR+"DCS"+"Regulated+Environment"
     Title Impact of voltage reduction on electric utility cost recovery and retail rates in a state or publicly regulated environment
     Author ['J McCann', 'D Bobbitt', 'G Shirek']
     Venue 2013 IEEE Rural Electric …
     Year 2013
     Abstract Voltage Reduction (CVR) financial impacts to utility cost recovery methodology in a state regulated environment  system, but does not plan to integrate them into the SCADA system and  These values are much less than what has been experienced on typical utility case studies
     Url https://ieeexplore.ieee.org/abstract/document/6681850/


     Search term "Case+Study"+OR+"Case+Studies"+"Cyber-physical+system"+OR+"Industrial+control+system"+OR+"ICS"+OR+"SCADA"+OR+"Distributed+control+system"+OR+"DCS"+"Regulated+Environment"
     Title BIOPHARMACEUTICS AND PHARMACEUTICAL TECHNOLOGY
     Author ['H Haas', 'D Fritz', 'M Meng', 'AL Popa', 'I Esparza', 'LM Kranz']
     Venue Conference Book
     Year 2014
     Abstract Different mechanisms of cellular uptake in DCs and other cells may play a  data are generated by conventional manually operated tests in the appropriately regulated environment  Several case studies suggest that “faster action”, ie faster occurrence of therapeutically relevant
     Url https://www.dphg.de/fileadmin/downloads/dphg2014_conferencebook_final.pdf#page=79


     Search term "Case+Study"+OR+"Case+Studies"+"Cyber-physical+system"+OR+"Industrial+control+system"+OR+"ICS"+OR+"SCADA"+OR+"Distributed+control+system"+OR+"DCS"+"Regulated+Environment"
     Title The Global Vision and Path for Greener and Smarter Distribution Grid
     Author ['SSM Venkata']
     Venue NA
     Year 2009
     Abstract did not get adequate attention under the regulated environment compared to generation and transmission  Page 31. © 2009 Copyright SS Venkata 31 Practical Case Study: Fault Location  in a programmable controller that feeds in data to master SCADA and can do protection
     Url http://www.egr.msu.edu/~mitraj/misc/Venkata_smart_dist_grid.pdf


     Search term "Case+Study"+OR+"Case+Studies"+"Cyber-physical+system"+OR+"Industrial+control+system"+OR+"ICS"+OR+"SCADA"+OR+"Distributed+control+system"+OR+"DCS"+"Regulated+Environment"
     Title Recent Advances and Opportunities for Improving Critical Realism-Based Case Study Research in IS
     Author ['DE Wynn Jr', 'CK Williams']
     Venue Journal of the Association for Information …
     Year 2020
     Abstract CR-based case studies seek to capitalize on the intensive nature of case study methodologies to identify and validate the causes of a given phenomenon, where causation in this context is expressed in terms of the CR philosophy
     Url https://aisel.aisnet.org/jais/vol21/iss1/8/


     Search term "Case+Study"+OR+"Case+Studies"+"Cyber-physical+system"+OR+"Industrial+control+system"+OR+"ICS"+OR+"SCADA"+OR+"Distributed+control+system"+OR+"DCS"+"Regulated+Environment"
     Title Supporting regulatory dynamics in open MAS
     Author ['C Felicíssimo', 'R Choren', 'JP Briot']
     Venue Proceedings of the …
     Year 2006
     Abstract Environment Laws are applied to all agents from the regulated environment. Organization Laws are ap- plied to all agents from the regulated organization  We presented a case study based on a flexible solution to support regulatory dynam- ics in open multi-agent systems
     Url http://www-oasis.lip6.fr/~briot/cv/coin2006CAROLCameraReady.pdf


     Search term "Case+Study"+OR+"Case+Studies"+"Cyber-physical+system"+OR+"Industrial+control+system"+OR+"ICS"+OR+"SCADA"+OR+"Distributed+control+system"+OR+"DCS"+"Regulated+Environment"
     Title The functioning of inter-modal competition in the transportation market: Evidence from the entry of low-cost airlines in Germany
     Author ['G Friebel', 'M Niffka']
     Venue Review of Network Economics
     Year 2009
     Abstract In such a situation, it is useful to investigate case studies in order to learn more about the  As pointed out, an airline network operator is not subject to the same ICs, which gives them  Our case study shows that inter-modal competition has more bite than what is usually considered
     Url https://www.degruyter.com/view/journals/rne/8/2/article-rne.2009.8.2.1176.xml.xml


     Search term "Case+Study"+OR+"Case+Studies"+"Cyber-physical+system"+OR+"Industrial+control+system"+OR+"ICS"+OR+"SCADA"+OR+"Distributed+control+system"+OR+"DCS"+"Regulated+Environment"
     Title Design and operating experience with fast acting load shedding scheme in the Entergy system to prevent voltage collapse
     Author ['S Kolluri', 'K Tinnium', 'M Stephens']
     Venue 2000 IEEE Power …
     Year 2000
     Abstract This scheme is fully automated and utilizes the SCADA system to perform load shedding without any manual intervention  KTinnium. “Voltage Stability Analysis. A Case Study.” IEEE Tutorial on Voltage Stability and Reactive Power Margin, San Diego, CA, July 13. 1998
     Url https://ieeexplore.ieee.org/abstract/document/850199/


     Search term "Case+Study"+OR+"Case+Studies"+"Cyber-physical+system"+OR+"Industrial+control+system"+OR+"ICS"+OR+"SCADA"+OR+"Distributed+control+system"+OR+"DCS"+"Regulated+Environment"
     Title The literature on privatization
     Author ['S Yeaple', 'W Moskowitz']
     Venue NA
     Year 1995
     Abstract Page 1. THE LITERATURE ON PRIVATIZATION by Stephen Yeaple and Warren Moskowitz Federal Reserve Bank of New York Research Paper No. 9514 June 1995 This paper is being circulated for purposes of discusmon and comment only
     Url https://www.newyorkfed.org/medialibrary/media/research/staff_reports/research_papers/9514.pdf


     Search term "Case+Study"+OR+"Case+Studies"+"Cyber-physical+system"+OR+"Industrial+control+system"+OR+"ICS"+OR+"SCADA"+OR+"Distributed+control+system"+OR+"DCS"+"Regulated+Environment"
     Title Entry of low-cost airlines in Germany: some lessons for the economics of railroads and intermodal competition
     Author ['J Antes', 'G Friebel', 'M Niffka', 'D Rompf']
     Venue Northwestern University, Evanston, IL
     Year 2004
     Abstract In such a situation, it is useful to investigate case studies in order to learn more about the  As pointed out, an airline network operator is not subject to the same ICs, which gives them more  Our case study shows that inter modal competition has more bite than what is usually
     Url http://idei.fr/sites/default/files/medias/doc/conf/rai/papers_2004/niffka_friebel.pdf


     Search term "Case+Study"+OR+"Case+Studies"+"Cyber-physical+system"+OR+"Industrial+control+system"+OR+"ICS"+OR+"SCADA"+OR+"Distributed+control+system"+OR+"DCS"+"Regulated+Environment"
     Title STUDY OF BUS PRIORITY SYSTEMS IN LESS DEVELOPED COUNTRIES John CRACKNELL (1) Philip CORNWELL (1)
     Author ['G GARDNER']
     Venue Mobilité et transports dans les villes en …
     Year 1992
     Abstract [Not Found]
     Url [Not Found]


     Search term "Case+Study"+OR+"Case+Studies"+"Cyber-physical+system"+OR+"Industrial+control+system"+OR+"ICS"+OR+"SCADA"+OR+"Distributed+control+system"+OR+"DCS"+"Regulated+Environment"
     Title Transforming a large medical organization towards speed and flow
     Author ['T Jachmann']
     Venue 2019 IEEE/ACM 1st International Workshop on …
     Year 2019
     Abstract This practical case study details the concrete set of activities, insights, and “lessons learned” that were  This is difficult in a regulated environment where a release with new features always means re  This is not that simple if we are talking about a cyber-physical system of systems
     Url https://ieeexplore.ieee.org/abstract/document/8823882/


     Search term "Case+Study"+OR+"Case+Studies"+"Cyber-physical+system"+OR+"Industrial+control+system"+OR+"ICS"+OR+"SCADA"+OR+"Distributed+control+system"+OR+"DCS"+"Regulated+Environment"
     Title Power system restructuring and deregulation: trading, performance and information technology
     Author ['LL Lai']
     Venue NA
     Year 2001
     Abstract 3 SCADA Master Station  454 12.9 Case Study 2: Power Trading Application  but without excessive specialisation, to avoid a purely qualitative treatment by including some analytical and numerical methods, and to offer, whenever possible, real case studies, worked examples
     Url https://books.google.com/books?hl=en&lr=&id=FwtNfInjUzkC&oi=fnd&pg=PR15&dq=%22Case+Study%22+OR+%22Case+Studies%22+%22Cyber-physical+system%22+OR+%22Industrial+control+system%22+OR+%22ICS%22+OR+%22SCADA%22+OR+%22Distributed+control+system%22+OR+%22DCS%22+%22Regulated+Environment%22&ots=aqDjbobYWU&sig=qpTVH5xDbInnJt0rvtFsqJtw544


     Search term "Case+Study"+OR+"Case+Studies"+"Cyber-physical+system"+OR+"Industrial+control+system"+OR+"ICS"+OR+"SCADA"+OR+"Distributed+control+system"+OR+"DCS"+"Regulated+Environment"
     Title … OF ELECTRONIC DOCUMENT MANAGEMENT SYSTEMS IMPROVES FILE MANAGEMENT IN ORGANIZATIONS (A CASE STUDY OF KENYA LITERATURE …
     Author ['C MASITA M']
     Venue NA
     Year 2018
     Abstract MANAGEMENT SYSTEMS IMPROVES FILE MANAGEMENT IN ORGANIZATIONS (A CASE STUDY OF KENYA LITERATURE BUREAU) CHRISTINE M. MASITA  filing system. It is a case study of the Kenya Literature Bureau (KLB) and its current filing system
     Url http://repository.mua.ac.ke/bitstream/handle/67.2020.89/588/CHRISTINE%20MASITA%27S%20FINAL%20PROJECT%20COPY%20final%20%281%29%20FOR%20PRINTING.pdf?sequence=1&isAllowed=y


     Search term "Case+Study"+OR+"Case+Studies"+"Cyber-physical+system"+OR+"Industrial+control+system"+OR+"ICS"+OR+"SCADA"+OR+"Distributed+control+system"+OR+"DCS"+"Regulated+Environment"
     Title Engaging factor in changing the relationship of social contract
     Author ['C Edirisinghe', 'R Nakatsu', 'J Widodo']
     Venue ICT, SOCIETY AND HUMAN …
     Year 2013
     Abstract Considering the earlier outlined regulated environment in Singapore, it was justifiable  Singapore socio-political blogosphere as a case study presented considerably challenging due to  Paper presented at the ICS PhD Conference Communication Technologies of Empowerment
     Url https://www.researchgate.net/profile/Piet_Kommers/publication/323277643_ICT_EC_2013/links/5a8b9df4aca272017e63ad5e/ICT-EC-2013.pdf#page=64


     Search term "Case+Study"+OR+"Case+Studies"+"Cyber-physical+system"+OR+"Industrial+control+system"+OR+"ICS"+OR+"SCADA"+OR+"Distributed+control+system"+OR+"DCS"+"Regulated+Environment"
     Title Using gaming simulation to understand deregulation dynamics
     Author ['G Backus', 'J Amlin']
     Venue Simulation & Gaming
     Year 2005
     Abstract Electric utilities spent many decades in a protected, regulated environment  21 gaming simulations, participants came to understand the phenomena, the dynam- ics, and the required  The workshops provide an excellent case study in psychology and organizational management
     Url https://journals.sagepub.com/doi/abs/10.1177/1046878104272664


     Search term "Case+Study"+OR+"Case+Studies"+"Cyber-physical+system"+OR+"Industrial+control+system"+OR+"ICS"+OR+"SCADA"+OR+"Distributed+control+system"+OR+"DCS"+"Regulated+Environment"
     Title Conference Report: The 3rd EBF Focus Meeting:'Hatching'–emerging technologies approaching the regulated bioanalysis laboratory
     Author ['J Dijksman', 'N Henderson', 'B Ingelse', 'H Mulder']
     Venue Bioanalysis
     Year 2012
     Abstract is becoming increasingly reluctant to adopt new technologies in a regulated environment  Development of ICS (cytokine staining assay) involves the following points: acquire  Jan Detmers (Chimera Biotec GmbH) presented case studies on ultra-sensitive immunoanalytics based
     Url https://www.future-science.com/doi/abs/10.4155/BIO.12.273


     Search term "Case+Study"+OR+"Case+Studies"+"Cyber-physical+system"+OR+"Industrial+control+system"+OR+"ICS"+OR+"SCADA"+OR+"Distributed+control+system"+OR+"DCS"+"Regulated+Environment"
     Title The ANSI ISA S88. 01 Standard: A Case Study of its Application in the Pharmaceutical Industry
     Author ['M Mangiarotti', 'M Rizzi']
     Venue PHARMACEUTICAL ENGINEERING
     Year 2003
     Abstract of robust back-up structures, eg, single devices could be manually operated (forced) by means of the SCADA system  Case Study of ANSI ISA S88.01  He worked as automation project engineer in various application fields such as mechan- ics, food, petrochemical; and in the
     Url https://www.abtturbo.com/sites/default/files/attachments/public/Jan-Feb-2003.pdf


     Search term "Case+Study"+OR+"Case+Studies"+"Cyber-physical+system"+OR+"Industrial+control+system"+OR+"ICS"+OR+"SCADA"+OR+"Distributed+control+system"+OR+"DCS"+"Regulated+Environment"
     Title Voltage stability assessment in the deregulated electricity markets
     Author ['H Sui', 'J Zhao', 'WJ Lee']
     Venue 2008 Third International Conference on …
     Year 2008
     Abstract operation is minimized without violating any system or individual unit constraints and other environmental or security constraints[8]. Unlike regulated environment where the SCADA/EMS system  CASE STUDY The proposed solution technique was applied in two systems
     Url https://ieeexplore.ieee.org/abstract/document/4523636/


     Search term "Case+Study"+OR+"Case+Studies"+"Cyber-physical+system"+OR+"Industrial+control+system"+OR+"ICS"+OR+"SCADA"+OR+"Distributed+control+system"+OR+"DCS"+"Regulated+Environment"
     Title National health expenditure limits: the case for a global budget process
     Author ['CE Bishop', 'SS Wallack']
     Venue The Milbank Quarterly
     Year 1996
     Abstract theme in the Clinton health reform proposal, it was to take p highly regulated environment  In the second section, we present observations from three case studies of expenditure limit systems  The German system relies on professional eth- ics to assure that physicians will make
     Url https://www.jstor.org/stable/3350305


     Search term "Case+Study"+OR+"Case+Studies"+"Cyber-physical+system"+OR+"Industrial+control+system"+OR+"ICS"+OR+"SCADA"+OR+"Distributed+control+system"+OR+"DCS"+"Regulated+Environment"
     Title Upgrading, Downgrading, Linking, Innovating: Microfinance Development Strategies-A Systems Perspective
     Author ['HD Seibel']
     Venue NA
     Year 1997
     Abstract intermediation through institutional specialization and narrow collateral requirements. (iv) A supervisory infrastructure was deemed unnecessary in a tightly regulated environment. (v) Governments repressed the growth of the
     Url https://www.econstor.eu/handle/10419/23668


     Search term "Case+Study"+OR+"Case+Studies"+"Cyber-physical+system"+OR+"Industrial+control+system"+OR+"ICS"+OR+"SCADA"+OR+"Distributed+control+system"+OR+"DCS"+"Regulated+Environment"
     Title Disruptive Change in Today's Innovation: A Case Study Analysis of OptimalPlus
     Author ['DD Green']
     Venue Manag Econ Res J
     Year 2019
     Abstract Given the application of case studies in the classroom, students and instructors can move beyond theoretical  Case study typically follows this pattern: (a) identify the critical issues in the case, (b) identify the  this year with $321 billion in sales due to Big Data analyt- ics utilization
     Url https://merj.scholasticahq.com/article/7788.pdf


     Search term "Case+Study"+OR+"Case+Studies"+"Cyber-physical+system"+OR+"Industrial+control+system"+OR+"ICS"+OR+"SCADA"+OR+"Distributed+control+system"+OR+"DCS"+"Regulated+Environment"
     Title Brazilian energy auctions analysis based on evolutionary algorithms
     Author ['CMB Castro', 'ALM Marcato', 'ICS Silva']
     Venue 2009 IEEE …
     Year 2009
     Abstract Evolutionary Algorithms CMB Castro; ALM Marcato, Senior Member, IEEE, ICS Silva Jr; BH Dias, Member, IEEE, GE Silva Jr; EJ Oliveira  This fact can be observed in Figure 1, which illustrates those types of contracts at the regulated environment [7]  IV. CASE STUDY
     Url https://ieeexplore.ieee.org/abstract/document/5282209/


     Search term "Case+Study"+OR+"Case+Studies"+"Cyber-physical+system"+OR+"Industrial+control+system"+OR+"ICS"+OR+"SCADA"+OR+"Distributed+control+system"+OR+"DCS"+"Regulated+Environment"
     Title A framework for establishing critical infrastructure resilience goals
     Author ['AR Berkeley', 'M Wallace', 'C COO']
     Venue Final Report and Recommendations by …
     Year 2010
     Abstract The Council is using a case study approach of selected sectors to accomplish this request. This document contains the first case studies of the electricity and nuclear sectors and proposes a framework for setting resilience goals within all critical infrastructure sectors
     Url https://www.dhs.gov/xlibrary/assets/niac/niac-a-framework-for-establishing-critical-infrastructure-resilience-goals-2010-10-19.pdf


     Search term "Case+Study"+OR+"Case+Studies"+"Cyber-physical+system"+OR+"Industrial+control+system"+OR+"ICS"+OR+"SCADA"+OR+"Distributed+control+system"+OR+"DCS"+"Regulated+Environment"
     Title Designing the input vector to ANN-based models for short-term load forecast in electricity distribution systems
     Author ['PJ Santos', 'AG Martins', 'AJ Pires']
     Venue … Journal of Electrical Power & Energy …
     Year 2007
     Abstract make different operators face a scenario of a completely or partially de-regulated environment  of IV design, presenting a methodological proposal, tested against a real-life case study, which aims  the gaps caused by failures occurred in the acquisition system (SCADA) operation
     Url https://www.sciencedirect.com/science/article/pii/S0142061506001670


     Search term "Case+Study"+OR+"Case+Studies"+"Cyber-physical+system"+OR+"Industrial+control+system"+OR+"ICS"+OR+"SCADA"+OR+"Distributed+control+system"+OR+"DCS"+"Regulated+Environment"
     Title Short term load forecasting using gaussian process models
     Author ['J Lourenço', 'P Santos']
     Venue Proceedings of Instituto de Engenharia de …
     Year 2010
     Abstract to fill the gaps caused by failures occurring in the acquisition system (SCADA) operation  In this case study, and for all the different loadsituations during several periods, the GP  short-term methodologies in the distribution sector, particularly in a de-regulated environment, has a
     Url https://www.researchgate.net/profile/Joao_Lourenco8/publication/228360072_Short_Term_Load_Forecasting_Using_Gaussian_Process_Models/links/02e7e52665db6acbcb000000.pdf


     Search term "Case+Study"+OR+"Case+Studies"+"Cyber-physical+system"+OR+"Industrial+control+system"+OR+"ICS"+OR+"SCADA"+OR+"Distributed+control+system"+OR+"DCS"+"Regulated+Environment"
     Title STUDY OF JOHN CRACKNELL
     Author ['ING GARDNER', 'O UNIT', 'END CROWTHORNE']
     Venue NA
     Year NA
     Abstract The options in both LDCs and DCs centre on families of light rail transit (LRT) and what we term here `Busway Transit"  6. THE SAO PAULO CASE STUDY  One o'f the case studies was of the Avenida 9 de Julho/Avenida Santo Amaro Busway in Sao Paulo (Figure 1)
     Url http://transport-links.com/wp-content/uploads/2019/11/1_673_PA1238_1990.pdf


     Search term "Case+Study"+OR+"Case+Studies"+"Cyber-physical+system"+OR+"Industrial+control+system"+OR+"ICS"+OR+"SCADA"+OR+"Distributed+control+system"+OR+"DCS"+"Regulated+Environment"
     Title Risk and reliability assessment for electrical distribution systems and impacts of regulations with examples from Sweden
     Author ['CJ Wallnerström', 'L Bertling']
     Venue International Journal of Systems Assurance …
     Year 2010
     Abstract In a regulated environment, sufficient capacity was more or less guaranteed from political  Licentiate Thesis, KTH, Stockholm, Sweden, TRITA-ICS-0501Google Scholar. Lindskoug S (2006  systems using condition monitoring systems—life cycle cost analysis for two case studies
     Url https://link.springer.com/article/10.1007/s13198-010-0017-6


     Search term "Case+Study"+OR+"Case+Studies"+"Cyber-physical+system"+OR+"Industrial+control+system"+OR+"ICS"+OR+"SCADA"+OR+"Distributed+control+system"+OR+"DCS"+"Regulated+Environment"
     Title The establishment, operation and subsequent closure of the Bougainville copper mine: A case study in international management
     Author ['GR Tonks']
     Venue NA
     Year 2001
     Abstract The focus of this academic attention however, has been primarily concerned with MNEs from developed countries (DCs) which establish operations in other industrialised economies  Province, was investigated. Using a single case study approach, inductive and
     Url https://eprints.utas.edu.au/22070/1/whole_TonksGraemeRichard2001_thesis.pdf


     Search term "Case+Study"+OR+"Case+Studies"+"Cyber-physical+system"+OR+"Industrial+control+system"+OR+"ICS"+OR+"SCADA"+OR+"Distributed+control+system"+OR+"DCS"+"Regulated+Environment"
     Title New energy delivery models for communities: how utilities can transform their delivery models to meet the needs of their stakeholders, short and long term
     Author ['RJ Sarfi', 'JR Shafer', 'LA Gemoets']
     Venue … and Management. 2018. Vol. 3. Iss. 2
     Year 2018
     Abstract Advanced Metering Infrastructures (AMI), including meter data management (MDM); s Distribution Automation (DA)/SCADA  As the case studies of these Transactive Energy continues to grow, coupled with the  For a utility in a regulated environment reduction of top line sales of 5
     Url http://elar.urfu.ru/handle/10995/61879


     Search term "Case+Study"+OR+"Case+Studies"+"Cyber-physical+system"+OR+"Industrial+control+system"+OR+"ICS"+OR+"SCADA"+OR+"Distributed+control+system"+OR+"DCS"+"Regulated+Environment"
     Title Night market: A platform for creating new entrepreneurs
     Author ['O Chin', 'M Harun']
     Venue NA
     Year NA
     Abstract [Not Found]
     Url [Not Found]


     Search term "Case+Study"+OR+"Case+Studies"+"Cyber-physical+system"+OR+"Industrial+control+system"+OR+"ICS"+OR+"SCADA"+OR+"Distributed+control+system"+OR+"DCS"+"Regulated+Environment"
     Title Towards a proactive social contract: Examining blogosphere for engaging factors
     Author ['C Edirisinghe', 'R Nakatsu', 'J Widodo']
     Venue Proceedings of International …
     Year 2013
     Abstract That regulated environment  To conclude this paper, Singapore socio-political blogosphere as a case study presented considerably challenge due to the decidedly regulated media environment  in ICS PhD Conference Communication Technologies of Empowerment, Leeds, UK
     Url https://dl.acm.org/doi/abs/10.1145/2523429.2523456


     Search term "Case+Study"+OR+"Case+Studies"+"Cyber-physical+system"+OR+"Industrial+control+system"+OR+"ICS"+OR+"SCADA"+OR+"Distributed+control+system"+OR+"DCS"+"Regulated+Environment"
     Title Bridging the academic practitioner gap in conference and events management: Running events with students
     Author ['G Moscardo', 'A Norris']
     Venue Journal of Convention & Event Tourism
     Year 2005
     Abstract For the academ- ics, practitioners can provide feedback to enhance teaching practice  Law- rence and McCabe (2001) also presented a case study based on using a  government in- volvement in business, Australian tourism businesses operate in heavily regulated environment
     Url https://www.tandfonline.com/doi/abs/10.1300/J452v06n03_04


     Search term "Case+Study"+OR+"Case+Studies"+"Cyber-physical+system"+OR+"Industrial+control+system"+OR+"ICS"+OR+"SCADA"+OR+"Distributed+control+system"+OR+"DCS"+"Regulated+Environment"
     Title The government as a shareholder: A case from the United States
     Author ['SR Kole', 'JH Mulherin']
     Venue The Journal of Law and Economics
     Year 1997
     Abstract 3 Alchian, at 136 (cited in note 2). 4 See, for example, Scott E. Atkinson and Robert Halvorsen, The Relative Efficiency of Public and Private Firms in a Regulated Environment: The Case of US Electric Utilities, 29 J Public Econ 281 (1986); Douglas W. Caves and Laurits
     Url https://www.journals.uchicago.edu/doi/abs/10.1086/467364


     Search term "Case+Study"+OR+"Case+Studies"+"Cyber-physical+system"+OR+"Industrial+control+system"+OR+"ICS"+OR+"SCADA"+OR+"Distributed+control+system"+OR+"DCS"+"Regulated+Environment"
     Title Analysis of a cultural change in a Spanish telecommunications firm
     Author ['E Claver', 'JL Gascó', 'J Llopis', 'EA López']
     Venue Business Process …
     Year 2000
     Abstract This was not an easy challenge for an organization which had been operating in a stable regulated environment for many years and had developed a strong bureaucratic culture in which all its employees had a job for life guaranteed
     Url https://www.emerald.com/insight/content/doi/10.1108/14637150010345514/full/html


     Search term "Case+Study"+OR+"Case+Studies"+"Cyber-physical+system"+OR+"Industrial+control+system"+OR+"ICS"+OR+"SCADA"+OR+"Distributed+control+system"+OR+"DCS"+"Regulated+Environment"
     Title Using Electronic Voting Systems with ResponseWare to Improve Student Learning and Enhance the Student Learning Experience-Final Report
     Author ['M De Vos']
     Venue Retrieved August
     Year 2018
     Abstract at the Plymouth E-learning Conference 2010 ∗ Conference paper at 11th ICS Subject Centre  Providing a self-regulated environment is one approach to achieve some of these goals  Notes: A collection of applications and case studies from a variety of disciplines forming a useful
     Url https://www.researchgate.net/profile/Marina_De_Vos/publication/267250288_Using_Electronic_Voting_Systems_with_ResponseWare_to_Improve_Student_Learning_and_Enhance_the_Student_Learning_Experience_-Final_Report/links/548048930cf25b80dd709d34.pdf


     Search term "Case+Study"+OR+"Case+Studies"+"Cyber-physical+system"+OR+"Industrial+control+system"+OR+"ICS"+OR+"SCADA"+OR+"Distributed+control+system"+OR+"DCS"+"Regulated+Environment"
     Title Casino gambling as local growth generation: playing the economic development game in reverse?
     Author ['D Felsenstein', 'L Littlepage', 'D Klacik']
     Venue Journal of Urban Affairs
     Year 1999
     Abstract do not bid away more than they expect to gain, the dynam- ics of the  In the case of the gambling indus- try, creating a regulated environment means that government takes on  in accordance with the chronological framework in Table 1. Data for both case studies were developed
     Url https://onlinelibrary.wiley.com/doi/abs/10.1111/0735-2166.00028


     Search term "Case+Study"+OR+"Case+Studies"+"Cyber-physical+system"+OR+"Industrial+control+system"+OR+"ICS"+OR+"SCADA"+OR+"Distributed+control+system"+OR+"DCS"+"Regulated+Environment"
     Title Business responses to climate change regulation in Canada and Germany: Lessons for MNCs from emerging economies
     Author ['B Eberlein', 'D Matten']
     Venue Journal of Business Ethics
     Year 2009
     Abstract eighth and final section concludes by offering lessons from the comparative case study for MNCS  There are, however, only few contributions in the specific business eth- ics literature  self-regulation, the ethical status of different regulatory approaches and case studies looking at
     Url https://link.springer.com/content/pdf/10.1007/s10551-009-0194-x.pdf


     Search term "Case+Study"+OR+"Case+Studies"+"Cyber-physical+system"+OR+"Industrial+control+system"+OR+"ICS"+OR+"SCADA"+OR+"Distributed+control+system"+OR+"DCS"+"Regulated+Environment"
     Title Development of Safety-Critical Software Systems Using Open Source Software--A Systematic Map
     Author ['SM Sulaman', 'A Orucevic-Alagic', 'M Borg']
     Venue 2014 40th …
     Year 2014
     Abstract The above mentioned issues and the regulated environment where safety-critical software is  both articles with the term “case study” and the term “case-study” are found  discussed using the control system EPICS (Experimental Physics and Industrial Control System), and one
     Url https://ieeexplore.ieee.org/abstract/document/6928784/


     Search term "Case+Study"+OR+"Case+Studies"+"Cyber-physical+system"+OR+"Industrial+control+system"+OR+"ICS"+OR+"SCADA"+OR+"Distributed+control+system"+OR+"DCS"+"Regulated+Environment"
     Title Introduction: The evolution of the incubator concept
     Author ['DJ Smith', 'M Zhang']
     Venue The International Journal of …
     Year 2012
     Abstract Multiple case studies, three in the USA and three in France, are guided by a  Set in an Austrian university science incubator (USI), the case study by Battisti and McAdam  Contextualized as such, the outcome of collaborative projects between academ- ics and technical SMEs
     Url https://journals.sagepub.com/doi/abs/10.5367/ijei.2012.0096


     Search term "Case+Study"+OR+"Case+Studies"+"Cyber-physical+system"+OR+"Industrial+control+system"+OR+"ICS"+OR+"SCADA"+OR+"Distributed+control+system"+OR+"DCS"+"Regulated+Environment"
     Title Operation of a benchtop bioreactor
     Author ['KM Obom', 'A Magno', 'PJ Cummings']
     Venue JoVE (Journal of Visualized …
     Year 2013
     Abstract Fermentors are used to increase culture yield and productivity of bioengineered cells. After screening multiple microbial or animal...
     Url https://www.jove.com/video/50582/operation-of-a-benchtop-bioreactor

