Showing papers for search query "Case+Study"+OR+"Case+Studies"+"Concurrent+Engineering"+"Regulated+Domain"

     Search term "Case+Study"+OR+"Case+Studies"+"Concurrent+Engineering"+"Regulated+Domain"
     Title Exploring the Effectiveness of Normative i* Modelling: Results from a Case Study on Food Chain Traceability
     Author ['A Siena', 'N Maiden', 'J Lockerbie', 'K Karlsen']
     Venue International Conference …
     Year 2008
     Abstract of this extension through its application to a large-scale case study – introducing new  RESCUE [6] supports a concurrent engineering process in which different modelling and analysis processes  3(a) depicts a typical scenario that occurs while exploring a regulated domain
     Url https://link.springer.com/chapter/10.1007/978-3-540-69534-9_15


     Search term "Case+Study"+OR+"Case+Studies"+"Concurrent+Engineering"+"Regulated+Domain"
     Title Release Planning in a Hybrid Project Environment
     Author ['K Marner', 'S Theobald', 'S Wagner']
     Venue Advances in Agile and User-Centred …
     Year 2019
     Abstract The automotive domain is a strongly regulated domain  [17] evaluates the methods that are used by companies to plan for new software releases. [18] presents a case study where the agile release planning process in a scaled Scrum environment was evaluated
     Url https://link.springer.com/chapter/10.1007/978-3-030-37534-8_2


     Search term "Case+Study"+OR+"Case+Studies"+"Concurrent+Engineering"+"Regulated+Domain"
     Title Innovation in Sustainable Construction: Eco-Cities and Social Housing in France and Denmark
     Author ['E Boxenbaum', 'S Georg', 'GG de Linde', 'S Reijonen']
     Venue NA
     Year 2010
     Abstract Cross-national and case study comparisons are  highly regulated domain that has become institutionalized over the past 40-50 years, for which reason we  studies. The selected case studies were chosen according to two criteria: their innovation potential and their
     Url https://halshs.archives-ouvertes.fr/halshs-00743393/

