Showing papers for search query "Case+Study"+OR+"Case+Studies"+"Concurrent+Engineering"+"Medical"

     Search term "Case+Study"+OR+"Case+Studies"+"Concurrent+Engineering"+"Medical"
     Title Organizational characteristics in concurrent engineering: Evidence from Brazilian small and medium enterprises in the medical device industry
     Author ['GH de Sousa Mendes']
     Venue … Engineering
     Year 2015
     Abstract Organizational characteristics in concurrent engineering: Evidence from Brazilian small and medium enterprises in the medical device industry. Glauco Henrique de Sousa Mendes and José Carlos de Toledo. Concurrent Engineering 2015 23:2, 135-144. Download Citation
     Url https://journals.sagepub.com/doi/abs/10.1177/1063293x15569512


     Search term "Case+Study"+OR+"Case+Studies"+"Concurrent+Engineering"+"Medical"
     Title Requirements management: an enabler for concurrent engineering in the automotive industry
     Author ['CIV Kerr', 'R Roy', 'PJ Sackett']
     Venue International Journal of Production …
     Year 2006
     Abstract Enterprise. To realize an all-inclusive concurrent engineering process, tools for the upstream design activities are needed  chain. A prototype system is presented and illustrated through a case study from the automotive industry
     Url https://www.tandfonline.com/doi/abs/10.1080/00207540500445263


     Search term "Case+Study"+OR+"Case+Studies"+"Concurrent+Engineering"+"Medical"
     Title The careflow architecture. a case study in medical transcription
     Author ['V Jagannathan']
     Venue IEEE Internet Computing
     Year 2001
     Abstract A Case Study in Medical Transcription The Careflow architecture uses Java and CORBA to streamline  In 1991, the West Virginia University Concurrent Engineering Research Center established the Advanced Research Test- bed in Medical Informatics (Artemis) to
     Url https://ieeexplore.ieee.org/abstract/document/935178/


     Search term "Case+Study"+OR+"Case+Studies"+"Concurrent+Engineering"+"Medical"
     Title Concurrent engineering in the 21st century
     Author ['J Stjepandić', 'N Wognum', 'WJC Verhagen']
     Venue … , developments and challenges
     Year 2015
     Abstract Dr. Nel Wognum received her Master's degree in Medical Informatics from Leiden University and her Ph  Her field of interest has since long been the interaction between various dimensions, disciplines, and functions, as in Concurrent Engineering
     Url https://link.springer.com/content/pdf/10.1007/978-3-319-13776-6.pdf


     Search term "Case+Study"+OR+"Case+Studies"+"Concurrent+Engineering"+"Medical"
     Title Risk management in medical product development process using traditional FMEA and fuzzy linguistic approach: a case study
     Author ['MS Kirkire', 'SB Rane', 'JR Jadhav']
     Venue Journal of Industrial Engineering …
     Year 2015
     Abstract 2012). This paper discusses case study of MPD process. The objectives of study are: to get an insight into MPD process  They used both fuzzy theory and Markov processes on concurrent engineering basis. Kayis et al  1990–2013. Google scholar. Medical product. Springer link
     Url https://link.springer.com/article/10.1007/s40092-015-0113-y


     Search term "Case+Study"+OR+"Case+Studies"+"Concurrent+Engineering"+"Medical"
     Title Engineering modeling and design
     Author ['WL Chapman', 'AT Bahill', 'AW Wymore']
     Venue NA
     Year 1992
     Abstract (3) Start with the first case study (Chapter 5  in the theoretical material only as it is needed, or (4) present the two case studies in parallel  in the fields of modeling physi- ological systems, eye-hand-head coordination, validating expert systems, concurrent engineering, and systems
     Url https://books.google.com/books?hl=en&lr=&id=kzQnSqeMxeIC&oi=fnd&pg=PP9&dq=%22Case+Study%22+OR+%22Case+Studies%22+%22Concurrent+Engineering%22+%22Medical%22&ots=a2RLaKS_Fq&sig=qC4XMsFz_j2Wf1lPhNfJW0uCwIY


     Search term "Case+Study"+OR+"Case+Studies"+"Concurrent+Engineering"+"Medical"
     Title Concurrent engineering in practice: a brief review
     Author ['KJ Sharma']
     Venue International journal of manufacturing …
     Year 2004
     Abstract Some work has been done to show how concurrent engineering can be applied to the production of medical devices  3, No. 4, pp.193–202. 23 Willaert, SSA, DeGraft, R. and Minderhood, S. (1998) 'Collaborative engineering: a case study of concurrent engineering in a wider
     Url https://www.inderscienceonline.com/doi/abs/10.1504/IJMTM.2004.005408


     Search term "Case+Study"+OR+"Case+Studies"+"Concurrent+Engineering"+"Medical"
     Title Employing the concurrent design philosophy in developing an engineering design science programme
     Author ['PM Wild', 'C Bradley']
     Venue International Journal of Mechanical …
     Year 1998
     Abstract Through the application of these techniques to design projects and case studies, the student will become comfortable with concurrent engineering as a 'way of thinking'  Case studies provide a controllable teaching vehicle because the outcome of the case study is known to
     Url https://journals.sagepub.com/doi/abs/10.1177/030641909802600106


     Search term "Case+Study"+OR+"Case+Studies"+"Concurrent+Engineering"+"Medical"
     Title A Preliminary Case Study of Anal Retractor Usability in Anorectal Surgery
     Author ['NAA Osman']
     Venue 3rd Kuala Lumpur International Conference on …
     Year 2007
     Abstract a b Page 3. A Preliminary Case Study of Anal Retractor Usability in Anorectal Surgery 545  III. CONCLUSIONS Total design process or concurrent engineering is an in- creasingly important aspect when medical instrument is designed
     Url https://link.springer.com/chapter/10.1007/978-3-540-68017-8_136


     Search term "Case+Study"+OR+"Case+Studies"+"Concurrent+Engineering"+"Medical"
     Title Quantifying the robustness of process manufacturing concept-A medical product case study.
     Author ['SM Boorla', 'ME Troldtoft', 'T Eifler']
     Venue Advances in Production …
     Year 2017
     Abstract Quantifying the robustness of process manufacturing concept – A medical product case study  In discrete manufacturing products, concurrent engineering practices are the standard, meaning the product and manufacturing concepts are defined at the same time, which
     Url https://www.researchgate.net/profile/Srinivasa_Murthy_Boorla/publication/317265995_Quantifying_the_robustness_of_process_manufacturing_concept_-_A_medical_product_case_study/links/593534710f7e9beee7d21255/Quantifying-the-robustness-of-process-manufacturing-concept-A-medical-product-case-study.pdf


     Search term "Case+Study"+OR+"Case+Studies"+"Concurrent+Engineering"+"Medical"
     Title A prosthesis design based on genetic algorithms in the concurrent engineering context
     Author ['OC Junior', 'M Rudek', 'T Greboge']
     Venue Improving Complex Systems Today
     Year 2011
     Abstract The work covers the main steps of the proposed methodology and presents the progress of research in prosthesis modelling through a case study of a skull problem. 2 Proposed Method  Concurrent Engineering Methods  Medical procedures to surgery planning
     Url https://link.springer.com/chapter/10.1007/978-0-85729-799-0_28


     Search term "Case+Study"+OR+"Case+Studies"+"Concurrent+Engineering"+"Medical"
     Title Interpreting feature viewpoints for concurrent engineering
     Author ['Z Fu', 'AYC Nee']
     Venue NA
     Year 1994
     Abstract Citation: Fu, Z.,Nee, AYC (1994). Interpreting feature viewpoints for concurrent engineering  A case study of applying this method to the conversion from design features based representation into representations suitable for machining process planning is reported
     Url https://scholarbank.nus.edu.sg/handle/10635/75023


     Search term "Case+Study"+OR+"Case+Studies"+"Concurrent+Engineering"+"Medical"
     Title Good practices systematization for medical equipment development and certification process: A Brazilian case study
     Author ['KCD Lobato', 'APSS Almeida', 'RMA Almeida']
     Venue Health Policy and …
     Year 2019
     Abstract Concurrent engineering  collected from the interviews are reported in [32], and Table 4 presents a summary comparing the activities performed by each company based on the case study with the  Table 4. Comparison of the case studies based on the proposed systematization
     Url https://www.sciencedirect.com/science/article/pii/S2211883719300358


     Search term "Case+Study"+OR+"Case+Studies"+"Concurrent+Engineering"+"Medical"
     Title Evoke: A value-driven concept selection method for early system design
     Author ['M Bertoni', 'A Bertoni', 'O Isaksson']
     Venue Journal of Systems Science and …
     Year 2018
     Abstract & Sopelana, A. (2013). The transformation of product development process into lean environment using set-based concurrent engineering: a case study from an aerospace industry. Concurrent Engineering: Research and Applications
     Url https://link.springer.com/article/10.1007/s11518-016-5324-2


     Search term "Case+Study"+OR+"Case+Studies"+"Concurrent+Engineering"+"Medical"
     Title Patent-based creativity method for early design stages: case study in locking systems for medical applications
     Author ['D Ríos-Zapata', 'R Duarte', 'J Pailhès']
     Venue International Journal on …
     Year 2017
     Abstract Nevertheless, during the last decades, since the introduction of the concept of concurrent engineering, collaborative work in design has started to  are related to the application of the design process and method into the development of a medical device subsystem  4 Case study
     Url https://link.springer.com/article/10.1007/s12008-016-0352-1


     Search term "Case+Study"+OR+"Case+Studies"+"Concurrent+Engineering"+"Medical"
     Title Integrative Technology and Inspection Planning—A Case Study in Medical Industry
     Author ['F Klocke', 'J Müller', 'P Mattfeld']
     Venue Journal of …
     Year 2018
     Abstract Integrative Technology and Inspection Planning—A Case Study in Medical Industry  Klocke, F., Müller, J., Mattfeld, P., Kukulies, J., and Schmitt, RH (February 15, 2018). "Integrative Technology and Inspection Planning—A Case Study in Medical Industry." ASME. J. Manuf. Sci
     Url https://asmedigitalcollection.asme.org/manufacturingscience/article-abstract/140/5/051002/366540


     Search term "Case+Study"+OR+"Case+Studies"+"Concurrent+Engineering"+"Medical"
     Title Medical devices design based on EBD: a case study
     Author ['S Tan', 'Y Zeng', 'A Montazami']
     Venue Biomedical Engineering
     Year 2011
     Abstract The presented case study shows how EBD is applied to a medical device design problem, which shows that the EBD provides an effective and  Concurrent Engineering, 2006. 14(3): p. 219–230.CrossRefGoogle Scholar. 4. Long, PH, Medical devices in orthopedic applications
     Url https://link.springer.com/chapter/10.1007/978-1-4614-0116-2_1


     Search term "Case+Study"+OR+"Case+Studies"+"Concurrent+Engineering"+"Medical"
     Title Concurrent process coordination of new product development by Living Labs–an exploratory case study
     Author ['BR Katzy', 'GH Baltes', 'J Gard']
     Venue International Journal of …
     Year 2012
     Abstract Case studies from the electronic and software industry indicate that product development can require  In the 1980s, concurrent engineering (CE) emerged as a new coordination approach to  Case study design is particularly beneficial because it enables to investigate a complex
     Url https://www.inderscienceonline.com/doi/abs/10.1504/IJPD.2012.051156


     Search term "Case+Study"+OR+"Case+Studies"+"Concurrent+Engineering"+"Medical"
     Title Ontology-based approach in hybrid engineering knowledge representation for stamping die design
     Author ['M Ruschitzka', 'A Suchodolski', 'J Wróbel']
     Venue … in Concurrent Engineering
     Year 2010
     Abstract Part of the Advanced Concurrent Engineering book series  of a tool to support stamping die design for an automotive supplier as a case study is presented  of shared conceptualization [5] eg artificial intelligence, the Semantic Web, software engineering, medical informatics and
     Url https://link.springer.com/chapter/10.1007/978-0-85729-024-3_22


     Search term "Case+Study"+OR+"Case+Studies"+"Concurrent+Engineering"+"Medical"
     Title An innovative cost modelling system to support lean product and process development
     Author ['A Wasim', 'E Shehab', 'H Abdalla', 'A Al-Ashaab']
     Venue … International Journal of …
     Year 2013
     Abstract lean product and process development enablers, namely: Set- based concurrent engineering, knowledge-based  industries from the aerospace, automotive, tele- communication, medical and domestic  The developed system was finally validated using an industrial case study
     Url https://link.springer.com/article/10.1007/s00170-012-4158-4


     Search term "Case+Study"+OR+"Case+Studies"+"Concurrent+Engineering"+"Medical"
     Title A concurrent engineering approach to develop BioMEMS employed in a deep brain stimulator integrated with a drug delivery system
     Author ['A Cutajar', 'PJ Farrugia', 'O Casha', 'P Vella']
     Venue NA
     Year 2017
     Abstract develop bio-medical micro-electro-mechanical-systems (BioMEMS). The concurrent engineering model is based on the IPD model phases, which are presented and for- mulated by the Integration DEFinition (IDEF) model- ling language. To evaluate the IPD model, a case study
     Url https://www.um.edu.mt/library/oar/handle/123456789/24167


     Search term "Case+Study"+OR+"Case+Studies"+"Concurrent+Engineering"+"Medical"
     Title Concurrent Engineering, Knowledge Management, and Product Innovation
     Author ['A Deshpande']
     Venue Journal of Operations and Strategic Planning
     Year 2018
     Abstract Format, Tips on citation download. Download Citation. Download article citation data for: Concurrent Engineering, Knowledge Management, and Product Innovation. Anant Deshpande. Journal of Operations and Strategic Planning 2019 1:2, 204-231. Download Citation
     Url https://journals.sagepub.com/doi/abs/10.1177/2516600X18816204


     Search term "Case+Study"+OR+"Case+Studies"+"Concurrent+Engineering"+"Medical"
     Title Hybrid approach in prototyping functional medical safety devices: A case study
     Author ['YW Yee', 'JYM Shyan']
     Venue Virtual and Physical Prototyping
     Year 2008
     Abstract A concurrent engineering approach for the development of medical devices  Snapping algorithm and heterogeneous bio-tissues modeling for medical surgical simulation and product prototyping  role of rapid prototyping in the product development process: A case study on the
     Url https://www.tandfonline.com/doi/abs/10.1080/17452750801942498


     Search term "Case+Study"+OR+"Case+Studies"+"Concurrent+Engineering"+"Medical"
     Title Barriers to effective product development within SMEs in the medical manufacturing sector
     Author ['A Walters', 'N Thomas', 'R Brown']
     Venue MANUFACTURING …
     Year 2001
     Abstract was the overall product development process and the interviews and case studies focussed particularly  A typical case study is provided by several of the plastic moulding  Controlling the Design and Engineering Functions in a Concurrent Engineering Environment within an SME
     Url http://www.academia.edu/download/3469528/Barriers_to_Effective_Product_Development_Within_SMEs_In_the_Medical_Manufacturing_Sector.pdf#page=113


     Search term "Case+Study"+OR+"Case+Studies"+"Concurrent+Engineering"+"Medical"
     Title A Geometric Modelling in the CAD System from the Medical Images to Support Prosthesis Design
     Author ['O Canciglieri', 'M Rudek', 'T Francesconi']
     Venue … Concurrent Engineering
     Year 2010
     Abstract A Geometric Modelling in the CAD System from the Medical Images to Support Prosthesis Design  Part of the Advanced Concurrent Engineering book series (ACENG)  Initial case study experiments have been undertaken to validate the research concepts by making dimensional
     Url https://link.springer.com/chapter/10.1007/978-0-85729-024-3_46


     Search term "Case+Study"+OR+"Case+Studies"+"Concurrent+Engineering"+"Medical"
     Title Assessing integrated project delivery: a comparative analysis of IPD and alliance contracting procurement routes
     Author ['P Raisbeck', 'R Millie', 'A Maher']
     Venue Management
     Year 2010
     Abstract By contrast, in earlier Alliancing case studies Information Systems tended to be seen simply as  L (2009) Building the Future, Article Sutter Medical Center Castro Valley: Case Study of an  Koskela, L (2007) Foundations of concurrent engineering in Chimay J. Anumba, John M
     Url https://www.researchgate.net/profile/Peter_Raisbeck/publication/265948536_Assessing_integrated_project_delivery_A_comparative_analysis_of_ipd_and_alliance_contracting_procurement_routes/links/56eb091108aeb65d75939752.pdf


     Search term "Case+Study"+OR+"Case+Studies"+"Concurrent+Engineering"+"Medical"
     Title New World Situation: New Directions in Concurrent Engineering: Proceedings of the 17th ISPE International Conference on Concurrent Engineering
     Author ['J Pokojski', 'S Fukuda', 'J Salwiński']
     Venue NA
     Year 2010
     Abstract Contents xix Co-innovation and the Value-time Curve: A Case Study on the Dassault  Mandolini EDP A Geometric Modelling in the CAD System from the Medical Images to  Miguel de Souza and, Development of White Goods Parts in a Concurrent Engineering nvironment ased
     Url https://books.google.com/books?hl=en&lr=&id=cDgLnNZ_ZlEC&oi=fnd&pg=PR4&dq=%22Case+Study%22+OR+%22Case+Studies%22+%22Concurrent+Engineering%22+%22Medical%22&ots=14Tjr5iHF4&sig=raJSc2gqB3s1npc336qq7WfviPQ


     Search term "Case+Study"+OR+"Case+Studies"+"Concurrent+Engineering"+"Medical"
     Title Concurrent Research and Decentralized Decision Making as an Accelerator from Idea to Business–Case Turku Finland
     Author ['T Reunanen', 'E Kontio', 'J Lahtiranta']
     Venue International Conference on Applied …
     Year 2020
     Abstract of product development process into lean environment using set-based concurrent engineering: a case study from an  Valle, S., Vázquez-Bustelo, D.: Concurrent engineering performance: Incremental versus radical innovation. Int  SFS-EN ISO 13845:2016 Medical devices
     Url https://link.springer.com/chapter/10.1007/978-3-030-50791-6_26


     Search term "Case+Study"+OR+"Case+Studies"+"Concurrent+Engineering"+"Medical"
     Title The non-technical side of manufacturing change: Australian case studies
     Author ['CP Killen']
     Venue Innovation in Technology Management. The Key to …
     Year 1997
     Abstract CASE STUDIES The  CASE 1: Medical Equipment - CAD/CAM/CAE implementation. Medical Equipment is a small manufacturer and exporter of medical products. About  issues. CASE 2: Electronics - Concurrent Engineering implementation
     Url https://ieeexplore.ieee.org/abstract/document/653554/


     Search term "Case+Study"+OR+"Case+Studies"+"Concurrent+Engineering"+"Medical"
     Title Anthropometric study by diagnosing and antagonizing the feel factor of 'Ideal Fabric'with 'Reference Fabric'for frugal engineering of foundation garments
     Author ['KVP Singh', 'A Chatterjee', 'A Das']
     Venue … . of 5th Int. Conf. on 3D …
     Year 2014
     Abstract of human body for amity multitasking, rapid prototyping for 3D personal avatar of apparels and medical textiles Antagonistic case study of 'Feel  analysis of clothing appearance, body measurement and garment fit with point cloud data and concurrent engineering [11,12
     Url http://www.3dbodyscanning.org/cap/papers/2014/14414_48singh.pdf


     Search term "Case+Study"+OR+"Case+Studies"+"Concurrent+Engineering"+"Medical"
     Title MATCH Guide on Product Development Processes in the Medical Device Industry
     Author ['D Dixon', 'J Eatock', 'B Meenan', 'T Young', 'J Anderson']
     Venue NA
     Year NA
     Abstract [Not Found]
     Url [Not Found]


     Search term "Case+Study"+OR+"Case+Studies"+"Concurrent+Engineering"+"Medical"
     Title Set-based design: case study on innovative hospital design
     Author ['K Parrish', 'JM Wong', 'ID Tommelein']
     Venue Annual Conference of …
     Year 2008
     Abstract CASE STUDY BACKGROUND The California Pacific Medical Center's (CPMC) Cathedral Hill project is a new 600-bed hospital in San Francisco, California, budgeted at $1.7 billion (Figure 1). The hospital is 93,000 m2 (1,000,000 ft2) with 555 parking stalls with a total of 13
     Url https://www.academia.edu/download/31335784/Parrish_Wong_Tommelein_Stojadinovic_2008_Set_based_design_case_study_on_innovative_hospital_design.pdf


     Search term "Case+Study"+OR+"Case+Studies"+"Concurrent+Engineering"+"Medical"
     Title Additive layered manufacturing: State-of-the-art applications in product innovation
     Author ['MB Mawale', 'AM Kuthe']
     Venue … Engineering
     Year 2016
     Abstract Additive layered manufacturing: State-of-the-art applications in product innovation. Mahesh B Mawale, Abhaykumar M Kuthe, and Sandeep W Dahake. Concurrent Engineering 2016 24:1, 94-102. Download Citation  Concurrent Engineering 2016 24:1, 94-102. Share. Share
     Url https://journals.sagepub.com/doi/abs/10.1177/1063293X15613111


     Search term "Case+Study"+OR+"Case+Studies"+"Concurrent+Engineering"+"Medical"
     Title A Statistical Comparison of the Implementation of Concurrent Engineering in Jordanian Industry
     Author ['MD Al-Tahat', "M Ala'a", 'IS Jalham']
     Venue Open Journal of Statistics
     Year 2019
     Abstract A sample with a proper size is selected; the sample covers the following industries: therapeutic industries and medical supplies, plastic and rubber industries, chemical  [12], Moges, A. (2007) Concurrent Engineering and Implementation a Case Study IN Addis
     Url https://www.scirp.org/journal/paperinformation.aspx?paperid=93482


     Search term "Case+Study"+OR+"Case+Studies"+"Concurrent+Engineering"+"Medical"
     Title A new approach for teaching and learning about engineering process failure risk analysis with IE case studies
     Author ['PG Ranky']
     Venue Proceedings of the ASEE, American Society of …
     Year 2003
     Abstract Session 2457 A New Approach for Teaching and Learning About Engineering Process Failure Risk Analysis with IE Case Studies Paul G. Ranky  [10] Ranky, P G.: An Object Oriented Virtual Concurrent Engineering Model and Product Demonstrator Case Study, Japan-USA
     Url https://peer.asee.org/12282.pdf


     Search term "Case+Study"+OR+"Case+Studies"+"Concurrent+Engineering"+"Medical"
     Title A mechatronics approach to rapid product development: a case study
     Author ['O Diegel', 'S Singamneni']
     Venue 2008 15th International …
     Year 2008
     Abstract 1.1I Introduction Thoughthis more "inclusive" form of concurrent engineering is not included in the scope of this paper, it too is demonstrated Traditional project management tends to focus on the areas in the case study. of Cost, Time, and Quality (which is usually defined by the
     Url https://ieeexplore.ieee.org/abstract/document/4749596/


     Search term "Case+Study"+OR+"Case+Studies"+"Concurrent+Engineering"+"Medical"
     Title Factors affecting virtual team works collaboration: A case study in the Jordanian Royal Medical Services
     Author ['FA Alhawary']
     Venue Journal of Information & Knowledge Management
     Year 2012
     Abstract Page 1. Factors A®ecting Virtual Team Works Collaboration: A Case Study in the Jordanian Royal Medical Services  Factors A®ecting Virtual Team Works Collaboration: A Case Study in the Jordanian Royal Medical Services 1250020-3 Page 4
     Url https://www.worldscientific.com/doi/abs/10.1142/S0219649212500207


     Search term "Case+Study"+OR+"Case+Studies"+"Concurrent+Engineering"+"Medical"
     Title A Prosthesis Design Based on Genetic Algorithms in the Concurrent Engineering Context
     Author ['OC Juniora', 'M Rudeka', 'T Grebogeb']
     Venue NA
     Year NA
     Abstract The work covers the main steps of the proposed methodology and presents the progress of research in prosthesis modelling through a case study of a skull problem. 2 Proposed Method  Concurrent Engineering Methods  Medical procedures to surgery planning
     Url https://www.researchgate.net/profile/Osiris_Canciglieri_Jr/publication/251348691_A_Prosthesis_Design_Based_on_Genetic_Algorithms_in_the_Concurrent_Engineering_Context/links/5582da6208ae6cf036c2f98d.pdf


     Search term "Case+Study"+OR+"Case+Studies"+"Concurrent+Engineering"+"Medical"
     Title Tailoring concurrent engineering to small companies
     Author ['A Fleming']
     Venue NA
     Year 2000
     Abstract and Rimmer Brothers, a small medical device manufacturer. During this time the author and other associates have introduced to the company a new approach to product design based on the principles of Concurrent Engineering (CE). A review of CE case studies reveals how its
     Url http://eprints.mdx.ac.uk/13450/


     Search term "Case+Study"+OR+"Case+Studies"+"Concurrent+Engineering"+"Medical"
     Title Concurrent Engineering
     Author ['D Gillett']
     Venue Manufacturing Engineer
     Year 1993
     Abstract The case study once again underlines the need for SPC data to be on-line and  Concurrent engineering's (CE) objective is to develop high quality products and bring them to the  and problems being explained in detail with the use of examples and case studies which enhance
     Url https://ieeexplore.ieee.org/abstract/document/4911077/


     Search term "Case+Study"+OR+"Case+Studies"+"Concurrent+Engineering"+"Medical"
     Title Methodological Proposal to Determine a Suitable Implant for a Single Dental Failure Through CAD Geometric Modelling.
     Author ['AL Szejka', 'JA Pereira', 'M Rudek', 'OC Júnior']
     Venue ISPE CE
     Year 2013
     Abstract This article presents two case studies of single dental failure located between two  Concurrent Engineering, Product Engineering, Dental Implant, Expert Systems, Product Development  The medical image processing and concurrent engineering allied to computer aided design
     Url https://books.google.com/books?hl=en&lr=&id=7bzDAQAAQBAJ&oi=fnd&pg=PA303&dq=%22Case+Study%22+OR+%22Case+Studies%22+%22Concurrent+Engineering%22+%22Medical%22&ots=l79N28Je1V&sig=tXGQlbhBfFZmlsNaY8qvBkIzJXE


     Search term "Case+Study"+OR+"Case+Studies"+"Concurrent+Engineering"+"Medical"
     Title Redesigning the design process through interactive simulation: a case study of life-cycle engineering in jet engine conceptual design
     Author ['W Kerley', 'DC Wynn', 'C Eckert']
     Venue International Journal of …
     Year 2011
     Abstract the problems of redesigning the conceptual stages of a complex, concurrent engineering design process  PJ (2011) 'Redesigning the design process through interactive simulation: a case study of life  400 papers, he has written a number of books on medical equipment design
     Url https://www.inderscienceonline.com/doi/abs/10.1504/IJSOM.2011.041988


     Search term "Case+Study"+OR+"Case+Studies"+"Concurrent+Engineering"+"Medical"
     Title Research on Human Resource Management for Implementation of Concurrent Engineering
     Author ['C Guoquan']
     Venue COMPUTER INTEGRATED MANUFACTURING …
     Year 1999
     Abstract The School of Economics & Management ,Tsinghua University, Beijing 100084,China). Based on the case studies in Chinese  No 316 Military Hospital, Beijing 100093);Study on Process Control System of Medical Service Quality on Concurrent Engineering[J];Hospital
     Url http://en.cnki.com.cn/Article_en/CJFDTotal-JSJJ199905000.htm


     Search term "Case+Study"+OR+"Case+Studies"+"Concurrent+Engineering"+"Medical"
     Title Design for manufacturing (DFM)—a case study of repetitive measures
     Author ['G Paul', 'F Wagner']
     Venue NA
     Year 2011
     Abstract The concept focuses on a concurrent engineering process between the manufacturing engineering and product development systems, while current product realization cycles  A case study for DFM application in an automotive powertrain engineering environment is presented
     Url https://researchonline.jcu.edu.au/48235/


     Search term "Case+Study"+OR+"Case+Studies"+"Concurrent+Engineering"+"Medical"
     Title Cooperative Design, Visualization, and Engineering: 16th International Conference, CDVE 2019, Mallorca, Spain, October 6–9, 2019, Proceedings
     Author ['Y Luo']
     Venue NA
     Year 2019
     Abstract One paper discusses the spacecraft interface and data management in concurrent engineering sessions which is a key process in designing new space crafts  Recently, remote medical monitoring is an active research and development field all over the world
     Url https://books.google.com/books?hl=en&lr=&id=xhuzDwAAQBAJ&oi=fnd&pg=PR5&dq=%22Case+Study%22+OR+%22Case+Studies%22+%22Concurrent+Engineering%22+%22Medical%22&ots=FSxOqwldtG&sig=0Ks4dyZZEQXRiHsaki03eN9x0H4


     Search term "Case+Study"+OR+"Case+Studies"+"Concurrent+Engineering"+"Medical"
     Title On integration of additive manufacturing during the design and development of a rehabilitation robot: a case study
     Author ['KE Madden', 'AD Deshpande']
     Venue Journal of …
     Year 2015
     Abstract On Integration of Additive Manufacturing During the Design and Development of a Rehabilitation Robot: A Case Study  Case Study: A Hand Exoskeleton. We present a case study on the index finger module of a hand exoskeleton (Fig
     Url https://asmedigitalcollection.asme.org/mechanicaldesign/article/474848/On-Integration-of-Additive-Manufacturing-During


     Search term "Case+Study"+OR+"Case+Studies"+"Concurrent+Engineering"+"Medical"
     Title New product development to achieve customer values: A case study approach
     Author ['WP Lewis']
     Venue Strategic Management of the Manufacturing Value …
     Year 1998
     Abstract Figure 1 is based on Case Study (A), an ETO product; it has been  1996) A Structured Methodology for Imple- menting Concurrent Engineering, in Concurrent Engineering: What's Working  Lewis, WP (1996) Case studies of engineering design in small to medium size enterprises
     Url https://link.springer.com/chapter/10.1007/978-0-387-35321-0_14


     Search term "Case+Study"+OR+"Case+Studies"+"Concurrent+Engineering"+"Medical"
     Title Fuzzy Selection of Concurrent Engineering Implementation Tactics
     Author ['F Lettice', 'A Matin', 'S Evans']
     Venue Proceedings of the Thirtieth International …
     Year 1993
     Abstract There are not as yet enough successful Concurrent Engineering case studies available for any statistically significant probabilities to be used  In the field of medical diagnosis, for example, fuzzy logic has been used rather extensively
     Url https://link.springer.com/chapter/10.1007/978-1-349-13255-3_44


     Search term "Case+Study"+OR+"Case+Studies"+"Concurrent+Engineering"+"Medical"
     Title Challenges in Globally Distributed Design Teams: A Case Study
     Author ['CC Hayes']
     Venue International Design Engineering …
     Year 2007
     Abstract In the case study described, the most apparent consequence of insufficient collaboration between design and manufacturing engineers was  Medical Expertise  which it will be made is referred to as concurrent product/process engineering [5], or simply concurrent engineering
     Url https://asmedigitalcollection.asme.org/IDETC-CIE/proceedings-abstract/IDETC-CIE2007/48051/709/329591


     Search term "Case+Study"+OR+"Case+Studies"+"Concurrent+Engineering"+"Medical"
     Title Tablet and wearable computers for integrated design and construction
     Author ['G Elvin']
     Venue Construction Research Congress: Wind of Change …
     Year 2003
     Abstract Case studies were used to define critical variables in design-construction communication, and  task-level bottleneck is resolved can the benefits of concurrent engineering be achieved  In this study, structured interviews, case study field observations, and controlled experiments
     Url https://ascelibrary.org/doi/abs/10.1061/40671(2003)127

