Showing papers for search query "Case+Study"+OR+"Case+Studies"+"DevOps"

     Search term "Case+Study"+OR+"Case+Studies"+"DevOps"
     Title DevOps adoption benefits and challenges in practice: a case study
     Author ['L Riungu-Kalliosaari', 'S Mäkinen', 'LE Lwakatare']
     Venue … Conference on Product …
     Year 2016
     Abstract DevOps is an approach in which traditional software engineering roles are merged and communication is enhanced to improve the production release frequency and maintain software quality. There seem to be benefits in adopting DevOps but practical industry
     Url https://link.springer.com/chapter/10.1007/978-3-319-49094-6_44


     Search term "Case+Study"+OR+"Case+Studies"+"DevOps"
     Title DevOps in practice: A multiple case study of five companies
     Author ['LE Lwakatare', 'T Kilamo', 'T Karvonen', 'T Sauvola']
     Venue Information and …
     Year 2019
     Abstract Context: DevOps is considered important in the ability to frequently and reliably update a system in operational state. DevOps presumes cross-functional collaboration and automation between software development and operations. DevOps adoption and
     Url https://www.sciencedirect.com/science/article/pii/S0950584917302793


     Search term "Case+Study"+OR+"Case+Studies"+"DevOps"
     Title DevOps capabilities, practices, and challenges: Insights from a case study
     Author ['M Senapathi', 'J Buchan', 'H Osman']
     Venue Proceedings of the 22nd …
     Year 2018
     Abstract DevOps is a set of principles and practices to improve collaboration between development and IT Operations. Against the backdrop of the growing adoption of DevOps in a variety of software development domains, this paper describes empirical research into factors
     Url https://dl.acm.org/doi/abs/10.1145/3210459.3210465


     Search term "Case+Study"+OR+"Case+Studies"+"DevOps"
     Title Adopting DevOps in the real world: A theory, a model, and a case study
     Author ['WP Luz', 'G Pinto', 'R Bonifácio']
     Venue Journal of Systems and Software
     Year 2019
     Abstract DevOps is a set of practices and cultural values that aims to reduce the barriers between development and operations teams. Due to its increasing interest and imprecise definitions, existing research works have tried to characterize DevOps. Nevertheless, little is known
     Url https://www.sciencedirect.com/science/article/pii/S0164121219301517


     Search term "Case+Study"+OR+"Case+Studies"+"DevOps"
     Title Dependency management in large-scale agile: a case study of DevOps teams
     Author ['V Stray', 'NB Moe', 'A Aasheim']
     Venue Proceeding of the 52nd Hawaii …
     Year 2019
     Abstract Managing dependencies between teams and within teams is critical when running large-scale agile projects. In large-scale software development, work is carried out simultaneously by many developers and development teams. Results are delivered frequently and
     Url https://sintef.brage.unit.no/sintef-xmlui/handle/11250/2644833


     Search term "Case+Study"+OR+"Case+Studies"+"DevOps"
     Title Integrated solution for timely delivery of customer change requests: A case study of using devops approach
     Author ['Y Liu', 'C Li', 'W Liu']
     Venue International Journal of u-and e-Service, Science and …
     Year 2014
     Abstract Numerous past studies have indicated a strong linkage between customer satisfaction and business performance exhibited through timely responses and delivery of customer requests. As the enterprise software industry is shifting to capabilities such as timely delivery
     Url https://www.earticle.net/Article/A231088


     Search term "Case+Study"+OR+"Case+Studies"+"DevOps"
     Title Non-intrusive anomaly detection with streaming performance metrics and logs for DevOps in public clouds: a case study in AWS
     Author ['D Sun', 'M Fu', 'L Zhu', 'G Li', 'Q Lu']
     Venue IEEE transactions on Emerging …
     Year 2016
     Abstract Public clouds are a style of computing platforms, where scalable and elastic Information Technology-enabled capabilities are provided as a service to external customers using Internet technologies. Using public cloud services can reduce costs and increase the
     Url https://ieeexplore.ieee.org/abstract/document/7389388/


     Search term "Case+Study"+OR+"Case+Studies"+"DevOps"
     Title CMMI guided process improvement for DevOps projects: an exploratory case study
     Author ['G Rong', 'H Zhang', 'D Shao']
     Venue … of the International Conference on Software …
     Year 2016
     Abstract Very recently, an increasing number of software companies adopted DevOps to adapt themselves to the ever-changing business environment. While it is important to mature adoption of the DevOps for these companies, no dedicated maturity models for DevOps
     Url https://dl.acm.org/doi/abs/10.1145/2904354.2904372


     Search term "Case+Study"+OR+"Case+Studies"+"DevOps"
     Title An Agile Framework for ITS Management In Organizations: A Case Study Based on DevOps
     Author ['S Abdelkebir', 'Y Maleh', 'M Belaissaoui']
     Venue Proceedings of the 2nd …
     Year 2017
     Abstract Agility means the capability to swiftly and efficiently respond to internal and environmental organization changes. For IT, it is the ability to provide new services and IT solutions to support the innovative business processes. In the ever-changing business world of today
     Url https://dl.acm.org/doi/abs/10.1145/3167486.3167556


     Search term "Case+Study"+OR+"Case+Studies"+"DevOps"
     Title Building lean continuous integration and delivery pipelines by applying DevOps principles: a case study at Varidesk
     Author ['V Debroy', 'S Miller', 'L Brimble']
     Venue Proceedings of the 2018 26th ACM Joint …
     Year 2018
     Abstract Continuous Integration (CI) and Continuous Delivery (CD) are widely considered to be best practices in software development. Studies have shown however, that adopting these practices can be challenging and there are many barriers that engineers
     Url https://dl.acm.org/doi/abs/10.1145/3236024.3275528


     Search term "Case+Study"+OR+"Case+Studies"+"DevOps"
     Title Productivity gains of DevOps adoption in an IT team: a case study
     Author ['MA Silva', 'JP Faustino', 'R Pereira', 'M Mira da Silva']
     Venue NA
     Year 2018
     Abstract The main purpose of this research is to determine the productivity gains from the merge of two traditional IT teams: Development and Operations into a single DevOps team implementing 6 DevOps capabilities. In this research the authors go through the existing
     Url https://aisel.aisnet.org/isd2014/proceedings2018/ISDevelopment/8/


     Search term "Case+Study"+OR+"Case+Studies"+"DevOps"
     Title DevOps in practice: an exploratory case study
     Author ['J Díaz', 'R Almaraz', 'J Pérez', 'J Garbajosa']
     Venue Proceedings of the 19th …
     Year 2018
     Abstract DevOps is a cultural movement and technical solution that plays a fundamental role for software-intensive organizations whose business greatly depends on how efficient development and operation are. DevOps is relatively recent, and thus little is known about
     Url https://dl.acm.org/doi/abs/10.1145/3234152.3234199


     Search term "Case+Study"+OR+"Case+Studies"+"DevOps"
     Title On the Role of Software Architecture in DevOps Transformation: An Industrial Case Study
     Author ['M Shahin', 'MA Babar']
     Venue arXiv preprint arXiv:2003.06108
     Year 2020
     Abstract Development and Operations (DevOps), a particular type of Continuous Software Engineering, has become a popular Software System Engineering paradigm. Software architecture is critical in succeeding with DevOps. However, there is little evidence-based
     Url https://arxiv.org/abs/2003.06108


     Search term "Case+Study"+OR+"Case+Studies"+"DevOps"
     Title DevOps
     Author ['C Ebert', 'G Gallardo', 'J Hernantes', 'N Serrano']
     Venue Ieee Software
     Year 2016
     Abstract (For an example, see the sidebar “A DevOps Case Study.”) A key lesson for all these companies has been not to under- estimate the culture shift. All Dev- Ops projects face four major re- lated challenges  Contact him at nserrano@ tecnun.es. A DEVOPS CASE STUDY
     Url https://ieeexplore.ieee.org/abstract/document/7458761/


     Search term "Case+Study"+OR+"Case+Studies"+"DevOps"
     Title A case study in enabling DevOps using Docker
     Author ['R Sandoval']
     Venue NA
     Year 2015
     Abstract There are varying definitions for DevOps, but at its core, it is a software engineering methodology. The concept of DevOps was born from the need to create synergy between the people who develop software (Dev), and the operations people who manage production
     Url https://repositories.lib.utexas.edu/handle/2152/32322


     Search term "Case+Study"+OR+"Case+Studies"+"DevOps"
     Title It governance mechanisms for devops teams-how incumbent companies achieve competitive advantages
     Author ['A Wiedemann']
     Venue Proceedings of the 51st hawaii international …
     Year 2018
     Abstract We looked for people who had experience with DevOps. For the case studies, over 40 teams from different firms within different industries were contacted via e-mail and telephone. Six companies agreed to participate in the case study
     Url http://128.171.57.22/handle/10125/50506


     Search term "Case+Study"+OR+"Case+Studies"+"DevOps"
     Title Integrating DevOps within IT Organizations-Key Pattern of a Case Study
     Author ['A Wiedemann', 'M Wiesche', 'H Gewald']
     Venue … 2018-Der Einfluss der …
     Year 2018
     Abstract Team-oriented, service-centric approaches for software delivery processes are becoming more and more popular. One approach that has appeared on the scene in the last decade is called DevOps. To date, little is known about how cross-functional product-oriented teams
     Url https://dl.gi.de/handle/20.500.12116/18909


     Search term "Case+Study"+OR+"Case+Studies"+"DevOps"
     Title The DevOps Reference Architecture Evaluation: A Design Science Research Case Study
     Author ['GB Ghantous', 'A Gill']
     Venue … Conference on Smart Internet of Things …
     Year 2020
     Abstract There is a growing interest to adopt vendor-driven DevOps tools in organizations. However, it is not clear which tools to use in a reference architecture which enables the deployment of the emerging IoT applications to multi-cloud environments. A research-based and vendor
     Url https://ieeexplore.ieee.org/abstract/document/9192390/


     Search term "Case+Study"+OR+"Case+Studies"+"DevOps"
     Title Challenges in adopting continuous delivery and DevOps in a globally distributed product team: a case study of a healthcare organization
     Author ['RK Gupta', 'M Venkatachalapathy']
     Venue 2019 ACM/IEEE 14th …
     Year 2019
     Abstract This paper presents our experiences in a project of a software engineering team spread across three countries that successfully established continuous delivery, DevOps and short release cycles with agile scrum. We had the challenge to find a way from established
     Url https://ieeexplore.ieee.org/abstract/document/8807506/


     Search term "Case+Study"+OR+"Case+Studies"+"DevOps"
     Title Management challenges for DevOps adoption within UK SMEs
     Author ['S Jones', 'J Noppen', 'F Lettice']
     Venue … Workshop on quality-aware devops
     Year 2016
     Abstract Both case studies will be analysed and compared against each other, as well as key findings from a systematic review of the growing De- vOps literature  We seek to better understand the social and cognitive aspects of DevOps adoption within our case study organisation
     Url https://dl.acm.org/doi/abs/10.1145/2945408.2945410


     Search term "Case+Study"+OR+"Case+Studies"+"DevOps"
     Title DevOps: A software architect's perspective
     Author ['L Bass', 'I Weber', 'L Zhu']
     Venue NA
     Year 2015
     Abstract For Further Reading CHAPTER 10 Business Considerations 10.1 Introduction 10.2 Business Case 10.3 Measurements and Compliance to DevOps Practices 10.4 Points of Interaction Between Dev and Ops 10.5 Summary 10.6 For Further Reading PART FOUR CASE STUDIES
     Url https://books.google.com/books?hl=es&lr=&id=fcwkCQAAQBAJ&oi=fnd&pg=PT13&dq=%22Case+Study%22+OR+%22Case+Studies%22+%22DevOps%22&ots=KSttpaIVVa&sig=0IHc2FNUnjrY_NPJwId7qMQFHew


     Search term "Case+Study"+OR+"Case+Studies"+"DevOps"
     Title From agile to DevOps: Smart skills and collaborations
     Author ['A Hemon', 'B Lyonnet', 'F Rowe', 'B Fitzgerald']
     Venue Information Systems Frontiers
     Year 2020
     Abstract Based on an in-depth case study in an organization with several years' experience in DevOps, we identify a fundamental disruption in the soft skills that software teams are expected to possess, and in the patterns of collaboration among teams
     Url https://link.springer.com/article/10.1007/s10796-019-09905-1


     Search term "Case+Study"+OR+"Case+Studies"+"DevOps"
     Title Streamlining DevOps automation for Cloud applications using TOSCA as standardized metamodel
     Author ['J Wettinger', 'U Breitenbücher', 'O Kopp']
     Venue Future Generation …
     Year 2016
     Abstract Integrated, standards-driven modeling & runtime framework based on TOSCA. • Discovery, transformation, and APIfication of DevOps artifacts. • Enrichment and deployment of application topologies. • Evaluation of artifact transformation and comprehensive case study. Abstract
     Url https://www.sciencedirect.com/science/article/pii/S0167739X15002496


     Search term "Case+Study"+OR+"Case+Studies"+"DevOps"
     Title Towards DevOps in the embedded systems domain: Why is it so hard?
     Author ['LE Lwakatare', 'T Karvonen', 'T Sauvola']
     Venue 2016 49th hawaii …
     Year 2016
     Abstract In this paper, we investigate what stands in the way of DevOps adoption in embedded systems. Based on a multiple- case study, we identify key obstacles for the adoption of DevOps in four Finnish companies operating in embedded systems domain
     Url https://ieeexplore.ieee.org/abstract/document/7427859/


     Search term "Case+Study"+OR+"Case+Studies"+"DevOps"
     Title A Control-Alignment Model for Product Orientation in DevOps Teams–A Multinational Case Study
     Author ['A Wiedemann', 'M Wiesche', 'JB Thatcher', 'H Gewald']
     Venue NA
     Year 2019
     Abstract Changes in IT organization and technology environments make it necessary to adapt and review how mission critical IT functions align with firm strategy. IT functions increasingly use cross-functional teams to manage the lifecycle of digital solutions. As cross
     Url https://aisel.aisnet.org/icis2019/behavior_is/behavior_is/30/


     Search term "Case+Study"+OR+"Case+Studies"+"DevOps"
     Title DevOps Maturity Diagnosis–A Case Study in Two Public Organizations
     Author ['PJA Gimenez', 'G Santos']
     Venue XVI Brazilian Symposium on Information …
     Year 2020
     Abstract Organizations have been applying practices and elements of DevOps culture in the last decade to approximate development and operation teams. Many software development processes address problems associated with keeping the desired stability in organizational
     Url https://dl.acm.org/doi/abs/10.1145/3411564.3411608


     Search term "Case+Study"+OR+"Case+Studies"+"DevOps"
     Title Building an Open-Source Cross-Cloud DevOps Stack for a CRM Enterprise Application: A Case Study
     Author ['S Schork', 'F Zahid', 'D Pradhan', 'S Kicin']
     Venue … Conference on Open …
     Year 2019
     Abstract Open Source software solutions play a critical role for the SMEs by enabling easy access to reusable software. Also, with the rapid growth in the popularity of the cloud technologies, computational demands of SMEs are cost-efficiently met by the public clouds as users can
     Url https://link.springer.com/chapter/10.1007/978-3-030-20883-7_1


     Search term "Case+Study"+OR+"Case+Studies"+"DevOps"
     Title Microservices architecture in DevOps
     Author ['M Waseem', 'P Liang']
     Venue 2017 24th Asia-Pacific Software …
     Year 2017
     Abstract We plan to use exploratory case studies for getting a better understanding and seeking insight of MSA in DevOps. Through case studies, we can bring multiple sources of evidence against small number of instances [11]. The other reason for using the case study is the nature of
     Url https://ieeexplore.ieee.org/abstract/document/8312518/


     Search term "Case+Study"+OR+"Case+Studies"+"DevOps"
     Title Architecting for devops and continuous deployment
     Author ['M Shahin']
     Venue Proceedings of the ASWEC 2015 24th Australasian …
     Year 2015
     Abstract Since this research has broad and high-level goals and there is little empirically gathered knowledge about architecting for DevOps/CD, we find an exploratory case study using interviews as data collection method appropriate
     Url https://dl.acm.org/doi/abs/10.1145/2811681.2824996


     Search term "Case+Study"+OR+"Case+Studies"+"DevOps"
     Title Accelerating Software Delivery in the context of Requirements Analysis and Breakdown for DevOps: A multiple-case study
     Author ['F Debbiche', 'M Wrang', 'K Sinkala']
     Venue NA
     Year 2019
     Abstract Requirements analysis and breakdown in agile context has numerous challenges that is yet to be addressed. The incorporation of DevOps in agile settings inherited agile re-quirements engineering related challenges. Thus, it is paramount to explore what strategies are used in
     Url https://gupea.ub.gu.se/handle/2077/62542


     Search term "Case+Study"+OR+"Case+Studies"+"DevOps"
     Title Job satisfaction factors and risks perception: an embedded case study of DevOps and agile teams
     Author ['A Hemon', 'L Monnier-Senicourt', 'F Rowe']
     Venue NA
     Year 2018
     Abstract While Agile can be seen as an accelerator to develop software, it suffers from bottlenecks between development and operations. DevOps overcome agile bottlenecks providing better, quicker and safer deliveries through continuous delivery and deployment, improving end-to
     Url https://aisel.aisnet.org/icis2018/management/Presentations/13/


     Search term "Case+Study"+OR+"Case+Studies"+"DevOps"
     Title Transformation of Consulting for Software-Defined Businesses: Lessons from a DevOps Case Study in a German IT Company
     Author ['R Alt', 'G Auth', 'C Kögler']
     Venue Advances in Consulting Research
     Year 2019
     Abstract Digital transformation is occurring across all industries and leads to the presence of information technology (IT) in business processes, products/services and business models. Consulting companies are important enablers in this transformation and contribute
     Url https://link.springer.com/chapter/10.1007/978-3-319-95999-3_19


     Search term "Case+Study"+OR+"Case+Studies"+"DevOps"
     Title DevOps: An explorative case study on the challenges and opportunities in implementing Infrastructure as code
     Author ['M Basher']
     Venue NA
     Year 2019
     Abstract Over the last few years, DevOps has gained much attention in the IT development field. It is a new way of thinking of how developers and operators work, which aim to integrate the development, testing, and operation work efficiently. DevOps breaks down communication
     Url https://www.diva-portal.org/smash/record.jsf?pid=diva2:1331526


     Search term "Case+Study"+OR+"Case+Studies"+"DevOps"
     Title Qualitative Case Study Software Security in DevOps
     Author ['N Marini-Wear']
     Venue NA
     Year 2019
     Abstract This historical textual analysis qualitative case study examines how Netflix is successful in producing secure applications using a DevOps pipeline. DevOps, as defined by Vehent (2018) is a process which allows continuous software improvements through rapid
     Url http://search.proquest.com/openview/f96b07fa15e220464c790ff0b03fef83/1?pq-origsite=gscholar&cbl=18750&diss=y


     Search term "Case+Study"+OR+"Case+Studies"+"DevOps"
     Title DevOps in Practice–A Preliminary Analysis of Two Multinational Companies
     Author ['A Villegas', 'A de Antona']
     Venue Product-Focused Software Process …
     Year 2019
     Abstract This paper presents the preliminary analysis of an exploratory case study  conditions, depending on the environment [9]. The analysis of these two case studies may help  software performance) when two companies of the software industry made a DevOps transformation, how
     Url https://books.google.com/books?hl=es&lr=&id=XMy-DwAAQBAJ&oi=fnd&pg=PA323&dq=%22Case+Study%22+OR+%22Case+Studies%22+%22DevOps%22&ots=DmuMvyhhv1&sig=BZTCyESk4VduwgC1H-UaBiigN4Y


     Search term "Case+Study"+OR+"Case+Studies"+"DevOps"
     Title Software development using DevOps tools and CD pipelines, A case study
     Author ['O Jokinen']
     Venue NA
     Year 2020
     Abstract The objective of this study is to get insight on the usage of automated build and deployment pipelines by software development teams at Avaintec Oy in the context of DevOps methodologies. Automated deployments are used widely in today's software development
     Url https://helda.helsinki.fi/handle/10138/313590


     Search term "Case+Study"+OR+"Case+Studies"+"DevOps"
     Title Profile your chains, not functions: Automated network service profiling in devops environments
     Author ['M Peuster', 'H Karl']
     Venue 2017 IEEE Conference on Network Function …
     Year 2017
     Abstract proprietary VNFs. None of the presented solutions focuses on the impact of SFC reconfiguration, eg, re-odering, as it is done in our case study. A highly automated DevOps environment is not explicitly considered by existing work. NFV
     Url https://ieeexplore.ieee.org/abstract/document/8169826/


     Search term "Case+Study"+OR+"Case+Studies"+"DevOps"
     Title Standards-based DevOps automation and integration using TOSCA
     Author ['J Wettinger', 'U Breitenbücher']
     Venue 2014 IEEE/ACM 7th …
     Year 2014
     Abstract We validate the presented approach by a prototype implementation, show its practical feasibility by a detailed case study, and evaluate its performance. Keywords—DevOps; Deployment Automation; Transformation; TOSCA; Chef; Juju; Cloud Standards; Cloud Computing
     Url https://ieeexplore.ieee.org/abstract/document/7027481/


     Search term "Case+Study"+OR+"Case+Studies"+"DevOps"
     Title Security by design in Azure DevOps pipelines, a case study at SpendLab technology
     Author ['J van Son', 'J Visser', 'E Poll']
     Venue NA
     Year 2020
     Abstract This research investigates the impact of adding security tools in CI pipelines on “security by design” in software development. There are multiple ways of improving security by design in CI pipelines, and there is existing research in this area. However, not much research is done
     Url https://www.cs.ru.nl/bachelors-theses/2020/Jesse_van_Son___4601262___Security_by_design_in_Azure_DevOps_pipelines_-_a_case_study_at_SpendLab_technology_-_redacted.pdf


     Search term "Case+Study"+OR+"Case+Studies"+"DevOps"
     Title Performance issues? Hey DevOps, mind the uncertainty
     Author ['C Trubiani', 'P Jamshidi', 'J Cito', 'W Shang']
     Venue IEEE …
     Year 2018
     Abstract Case Study We conducted a controlled experi- ment as a case study to illustrate the effects on uncertainty caused by the DevOps decisions depicted in the previous section. The goal of this case study was to demonstrate the performance impact of various DevOps decisions
     Url https://ieeexplore.ieee.org/abstract/document/8501933/


     Search term "Case+Study"+OR+"Case+Studies"+"DevOps"
     Title Understanding DevOps & bridging the gap from continuous integration to continuous delivery
     Author ['M Virmani']
     Venue Fifth International Conference on the Innovative …
     Year 2015
     Abstract Continuous delivery transformation in this paper is explained with a real life case study that how infrastructure can be maintained just in form of code (IAAC). Finally this paper touches upon various considerations one must evaluate before adopting DevOps and what kind of
     Url https://ieeexplore.ieee.org/abstract/document/7173368/


     Search term "Case+Study"+OR+"Case+Studies"+"DevOps"
     Title Effective DevOps: building a culture of collaboration, affinity, and tooling at scale
     Author ['J Davis', 'R Daniels']
     Venue NA
     Year 2016
     Abstract Devops 238 Growing or Shrinking the Organization Strategically with Devops 238 Considerations  246 Growing Your Teams: Hiring as Scaling 247 Retention 250 Case Studies: Growing and  Versus Ad Hoc Teams 279 Build Out Leadership 280 Case Study: Government Digital
     Url https://books.google.com/books?hl=es&lr=&id=6e5FDAAAQBAJ&oi=fnd&pg=PP1&dq=%22Case+Study%22+OR+%22Case+Studies%22+%22DevOps%22&ots=-Y7ce9SS02&sig=EWcouxNmZDJUFhglekz4Od2IXpY


     Search term "Case+Study"+OR+"Case+Studies"+"DevOps"
     Title Productivity gains of DevOps adoption: a case study
     Author ['MÂR Silva']
     Venue NA
     Year 2018
     Abstract The main purpose of this research is to assess the productivity gains from the merge of two traditional IT teams: Development and Operations into a single DevOps team implementing 6 DevOps capabilities This research was conducted using the Case Study methodology, the
     Url https://repositorio.iscte-iul.pt/handle/10071/18293


     Search term "Case+Study"+OR+"Case+Studies"+"DevOps"
     Title Including performance benchmarks into continuous integration to enable DevOps
     Author ['J Waller', 'NC Ehmke', 'W Hasselbring']
     Venue ACM SIGSOFT Software …
     Year 2015
     Abstract This approach contributes to the current efforts of the DevOps movement by presenting a case study of executing and analyzing regression benchmarks in continuous integration setups. Further- more, we provide a vision for
     Url https://dl.acm.org/doi/abs/10.1145/2735399.2735416


     Search term "Case+Study"+OR+"Case+Studies"+"DevOps"
     Title A New Form of Collaboration in IT Teams-Exploring the DevOps Phenomenon.
     Author ['A Wiedemann']
     Venue PACIS
     Year 2017
     Abstract For the case studies, over 40 companies from different industries were contacted via e-mail and telephone, the premise was that they have already implemented a DevOps team. A positive feedback from five firms was achieved, they agreed to participate in the case study
     Url https://aisel.aisnet.org/cgi/viewcontent.cgi?article=1206&context=pacis2017


     Search term "Case+Study"+OR+"Case+Studies"+"DevOps"
     Title Fallacies and Pitfalls on the Road to DevOps: A Longitudinal Industrial Study
     Author ['A Caprarelli', 'E Di Nitto', 'DA Tamburri']
     Venue International Workshop on Software …
     Year 2019
     Abstract In terms of our own future work, we aim at investigating whether the tools we implemented and deployed as part of the case-study DevOps pipeline actually brought about an improvement of (1) the metrics typically used to appraise the performances of the pipeline as well as (2
     Url https://link.springer.com/chapter/10.1007/978-3-030-39306-9_15


     Search term "Case+Study"+OR+"Case+Studies"+"DevOps"
     Title DevOps competences and maturity for software producing organizations
     Author ['R de Feijter', 'S Overbeek', 'R van Vliet', 'E Jagroep']
     Venue … , Business-Process and …
     Year 2018
     Abstract The case study served as a means to justify the application of the capabilities and the constructed DevOps maturity model  5 Measuring of DevOps Maturity. A case study was carried out at Centric to justify the capabilities and DevOps maturity model in practice. As said in Sect
     Url https://link.springer.com/chapter/10.1007/978-3-319-91704-7_16


     Search term "Case+Study"+OR+"Case+Studies"+"DevOps"
     Title Implementing DevOps in legacy systems
     Author ['AB Albuquerque', 'VL Cruz']
     Venue Proceedings of the Computational Methods in …
     Year 2018
     Abstract 3 A Case Study Implementing DevOps in Legacy System  As a result of the bibliographic review and the case study, a process to introduce legacy systems into DevOps was defined aiming to assist other institutions that work with software development and legacy systems
     Url https://link.springer.com/chapter/10.1007/978-3-030-00184-1_14


     Search term "Case+Study"+OR+"Case+Studies"+"DevOps"
     Title Building an Open-Source Cross-Cloud DevOps Stack for a CRM Enterprise Application: A Case Study
     Author ['A Schwichtenberg']
     Venue Open Source Systems: 15th IFIP WG 2.13 …
     Year 2019
     Abstract Open Source software solutions play a critical role for the SMEs by enabling easy access to reusable software. Also, with the rapid growth in the popularity of the cloud technologies, computational demands of SMEs are cost-efficiently met by the public clouds as users can
     Url https://books.google.com/books?hl=es&lr=&id=vdyZDwAAQBAJ&oi=fnd&pg=PA3&dq=%22Case+Study%22+OR+%22Case+Studies%22+%22DevOps%22&ots=3_IQXuuZs_&sig=n0s5RHijH-mhhoFaMx2ZADPCT9U


     Search term "Case+Study"+OR+"Case+Studies"+"DevOps"
     Title Introducing DevOps automation tools in a systems integrator organization: a case study
     Author ['A CAPRARELLI']
     Venue NA
     Year 2019
     Abstract Agile practices such as CI, CD and movements like DevOps are now more than ever relevant in the software industry. The software market, the business needs and the end users require always faster and faster releases and are not willing anymore to wait months
     Url https://www.politesi.polimi.it/handle/10589/147918

