Showing papers for search query "Case+Study"+OR+"Case+Studies"+"Concurrent+Engineering"+"Traceability"

     Search term "Case+Study"+OR+"Case+Studies"+"Concurrent+Engineering"+"Traceability"
     Title Exploring the Effectiveness of Normative i* Modelling: Results from a Case Study on Food Chain Traceability
     Author ['A Siena', 'N Maiden', 'J Lockerbie', 'K Karlsen']
     Venue International Conference …
     Year 2008
     Abstract of this extension through its application to a large-scale case study – introducing new  framework; section 4 reports the models obtained for the food traceability information system  RESCUE [6] supports a concurrent engineering process in which different modelling and analysis
     Url https://link.springer.com/chapter/10.1007/978-3-540-69534-9_15


     Search term "Case+Study"+OR+"Case+Studies"+"Concurrent+Engineering"+"Traceability"
     Title Documentation and management of product knowledge in a system for automated variant design: a case study
     Author ['F Elgh', 'M Cederfeldt']
     Venue … Situation: New Directions in Concurrent Engineering
     Year 2010
     Abstract 1.4k Downloads. Part of the Advanced Concurrent Engineering book series (ACENG)  The results are based on the experiences from a case study at a company with long experience of  Design automation Documentation Traceability Case study. Download conference paper PDF
     Url https://link.springer.com/chapter/10.1007/978-0-85729-024-3_23


     Search term "Case+Study"+OR+"Case+Studies"+"Concurrent+Engineering"+"Traceability"
     Title Linking and versioning support for AutomationML: A model-driven engineering perspective
     Author ['S Biffl', 'E Mätzler', 'M Wimmer', 'A Lüder']
     Venue 2015 IEEE 13th …
     Year 2015
     Abstract by means of a unified format which may be also exploited in concurrent engineering processes  into model representations and to define the corresponding elements in the real-world case study  to transform all reference examples as well as the real-world case studies from the
     Url https://ieeexplore.ieee.org/abstract/document/7281784/


     Search term "Case+Study"+OR+"Case+Studies"+"Concurrent+Engineering"+"Traceability"
     Title On traceability for safety critical systems engineering
     Author ['P Mason']
     Venue 12th Asia-Pacific Software Engineering Conference …
     Year 2005
     Abstract MATra has been applied to case studies from the aerospace and rail industries, including commercial specifications for Fuel  [5] M. Klein, Capturing Design Rationale In Concurrent Engineering Teams, IEEE Computer  [12] R. Collins & J. Dent, A Practical Case Study of Reliability
     Url https://ieeexplore.ieee.org/abstract/document/1607162/


     Search term "Case+Study"+OR+"Case+Studies"+"Concurrent+Engineering"+"Traceability"
     Title QFD Application on Developing R&D Project Proposal for the Brazilian Electricity Sector: A Case Study-System Assets Monitoring and Control for Power …
     Author ['JA Pereira', 'OC Júnior', 'JP De Lima', 'SB Da Silva']
     Venue ISPE CE
     Year 2013
     Abstract The research strategy used in this work was a Case Study with qualitative  They use all the systemic functionality for identification, control and assets traceability  6. Customer Requirements The qualitative research, under the Concurrent Engineering approach, was performed
     Url https://books.google.com/books?hl=en&lr=&id=7bzDAQAAQBAJ&oi=fnd&pg=PA293&dq=%22Case+Study%22+OR+%22Case+Studies%22+%22Concurrent+Engineering%22+%22Traceability%22&ots=l79N28Ib1Y&sig=VD89XutPNEvUHQTCFQXdCJx5CoA


     Search term "Case+Study"+OR+"Case+Studies"+"Concurrent+Engineering"+"Traceability"
     Title Development of a design environment for integrated concurrent engineering in academia
     Author ['S Nolet']
     Venue NA
     Year 2000
     Abstract Design, Implement and Operate initiative (CDIO) was the intention to develop a Design Environment for Integrated Concurrent Engineering (DE- ICE) to  A use case study and a product matrix were utilized to identify design implementations, from which three architecture variants
     Url https://dspace.mit.edu/bitstream/handle/1721.1/82212/49887435-MIT.pdf?sequence=2


     Search term "Case+Study"+OR+"Case+Studies"+"Concurrent+Engineering"+"Traceability"
     Title System concurrent engineering of a mobile TT&C ground station for an unmanned aerial vehicle
     Author ['G Loureiro', 'A de Oliveira Moraes']
     Venue Product …
     Year 2010
     Abstract We have concluded that the impact, traceability and hierarchy links promote the anticipation of the life cycle process requirements to the early stages  The mobile TT&C ground station 4. system concurrent engineering This section presents the results obtained in the case study
     Url https://app.periodikos.com.br/journal/pmd/article/586fc522f7636eea018b45fd


     Search term "Case+Study"+OR+"Case+Studies"+"Concurrent+Engineering"+"Traceability"
     Title A Case Study on Implementing Design Automation: Identified Issues and Solution for Documentation.
     Author ['M Poorkiany', 'J Johansson', 'F Elgh']
     Venue ISPE CE
     Year 2013
     Abstract 20th ISPE International Conference on Concurrent Engineering C. Bil et al.(Eds.) 324 © 2013 The  doi: 10.3233/978-1-61499-302-5-324 A Case Study on Implementing Design  paper is on documentation and the importance of reuse, design rationale and traceability is discussed
     Url https://books.google.com/books?hl=en&lr=&id=7bzDAQAAQBAJ&oi=fnd&pg=PA324&dq=%22Case+Study%22+OR+%22Case+Studies%22+%22Concurrent+Engineering%22+%22Traceability%22&ots=l79N28Ib1Y&sig=3OU4U7BdXfOzjRqJ_MRxn3uW-9g


     Search term "Case+Study"+OR+"Case+Studies"+"Concurrent+Engineering"+"Traceability"
     Title Information structures for traceability for dependable avionic systems
     Author ['S Pearson', 'A Saeed']
     Venue Department of Computing Science …
     Year 1997
     Abstract context. To examine the effectiveness of the procedure and guide further work a case study based on an high-integrity flight control subsystem is employed  looks at traceability focusing on concurrent engineering and proposes implementing trace
     Url https://pdfs.semanticscholar.org/6541/cec400c40391e36b29e99cd4ef3a9ecd2566.pdf


     Search term "Case+Study"+OR+"Case+Studies"+"Concurrent+Engineering"+"Traceability"
     Title Improving change management in software development: Integrating traceability and software configuration management
     Author ['K Mohan', 'P Xu', 'L Cao', 'B Ramesh']
     Venue Decision Support Systems
     Year 2008
     Abstract system components management), tool support (eg, workspace management, concurrent engineering control and  the challenges faced and the knowledge needs identified through this case study  29] argument that 'reference models are condensed from case studies' and are
     Url https://www.sciencedirect.com/science/article/pii/S0167923608000523


     Search term "Case+Study"+OR+"Case+Studies"+"Concurrent+Engineering"+"Traceability"
     Title Assessing the suitability of current briefing practices in construction within a concurrent engineering framework
     Author ['JM Kamara', 'CJ Anumba', 'NFO Evbuomwan']
     Venue International journal of project …
     Year 2001
     Abstract Need for change in construction, Goals and principles of concurrent engineering  Table 2. Details of organisations involved in case studies. Organisation, Type of business, Number of employees, Annual turnover, Project/property portfolio, Basis of case study
     Url https://www.sciencedirect.com/science/article/pii/S0263786300000156


     Search term "Case+Study"+OR+"Case+Studies"+"Concurrent+Engineering"+"Traceability"
     Title PLM-based approach for Assembly Process Engineering
     Author ['F Demoly', 'S Gomes', 'B Eynard']
     Venue International Journal of …
     Year 2010
     Abstract A racing car ground-link system from an experimental case study is introduced to  else, designers typically follow several main steps when applying a concurrent engineering process  the customers' requirements to the product assembly sequences, the traceability between the
     Url https://www.inderscienceonline.com/doi/abs/10.1504/IJMR.2010.035811


     Search term "Case+Study"+OR+"Case+Studies"+"Concurrent+Engineering"+"Traceability"
     Title 5.3. 2 SPECIFICATION DEVELOPMENT WITHIN THE IPT: A CASE STUDY OF THE F‐22
     Author ['A Meyer']
     Venue INCOSE International Symposium
     Year 1995
     Abstract SPECIFICATION DEVELOPMENT WITHIN THE IPT: A CASE STUDY OF THE F-22  Over the period of 1991 - 1995 the tools of concurrent engineering philosophy and  Because of increased significance of specification development and requirements traceability on the F-22
     Url https://onlinelibrary.wiley.com/doi/abs/10.1002/j.2334-5837.1995.tb01903.x


     Search term "Case+Study"+OR+"Case+Studies"+"Concurrent+Engineering"+"Traceability"
     Title Managing variability with traceability in product and service families
     Author ['K Mohan', 'B Ramesh']
     Venue Proceedings of the 35th annual Hawaii …
     Year 2002
     Abstract illustrate the trace and design decision capture using sample scenarios from our case study  The framework is based on reference models for traceability developed in the context  in a variety of domains including new product development, concurrent engineering and software
     Url https://ieeexplore.ieee.org/abstract/document/993995/


     Search term "Case+Study"+OR+"Case+Studies"+"Concurrent+Engineering"+"Traceability"
     Title System concurrent engineering of a Star Sensor
     Author ['G Loureiro', 'M Fialho', 'A Rabello']
     Venue 22nd Annual INCOSE …
     Year 2012
     Abstract Key conclusions are that the impact, traceability and hierarchy links promote the anticipation of the life cycle process  star sensor as a case study. The system concurrent engineering approach is stakeholder driven whereas traditional approaches are customer or user driven
     Url https://www.researchgate.net/profile/Marcio_Fialho2/publication/285403484_1133_System_concurrent_engineering_of_a_Star_Sensor/links/5b83f7a54585151fd135df54/1133-System-concurrent-engineering-of-a-Star-Sensor.pdf


     Search term "Case+Study"+OR+"Case+Studies"+"Concurrent+Engineering"+"Traceability"
     Title Requirements traceability: Theory and practice
     Author ['B Ramesh', 'C Stubbs', 'T Powers', 'M Edwards']
     Venue Annals of software …
     Year 1997
     Abstract In this section, we present several observations from the case study that could  Howell (1992), “A Methodology for Requirements Specification and Traceability for Large  Fiksel, JD (1994), “New Requirements Management Software Supports Concurrent Engineering,” In CimFlex
     Url https://link.springer.com/article/10.1023/A:1018969401055


     Search term "Case+Study"+OR+"Case+Studies"+"Concurrent+Engineering"+"Traceability"
     Title Concurrent engineering reflections on minimizing contamination in processing fresh meat and fish
     Author ['A Temba']
     Venue NA
     Year 2013
     Abstract 10 improve product quality and lower operational costs, concurrent engineering model could  Nature of the Study I employed an exploratory qualitative multiple case study research design (Singleton & Straits, 2005). Exploratory qualitative case studies are appropriate when
     Url http://search.proquest.com/openview/06f38a67fd282985575d7d0fe56a133e/1?pq-origsite=gscholar&cbl=18750&diss=y


     Search term "Case+Study"+OR+"Case+Studies"+"Concurrent+Engineering"+"Traceability"
     Title On Traceability for Concurrent Engineering Environments
     Author ['P Mason', 'K Cosh']
     Venue NA
     Year NA
     Abstract Figure 15 puts the case study in context; on the right are PDS Elements, linked by  [5, 6]. MATra has been applied to a range of case studies supplied by  5. References [1] R. Balamuralikrishna, R. Athinarayanan & X. Song, The Relevance of Concurrent engineering in Industrail
     Url https://www.actapress.com/PDFViewer.aspx?paperId=17239


     Search term "Case+Study"+OR+"Case+Studies"+"Concurrent+Engineering"+"Traceability"
     Title 11.3. 3 System concurrent engineering of a Star Sensor
     Author ['G Loureiro', 'MAA Fialho']
     Venue INCOSE International …
     Year 2012
     Abstract Key conclusions are that the impact, traceability and hierarchy links promote the  is different from traditional approaches, using an autonomous star sensor as a case study. The system concurrent engineering approach is stakeholder driven whereas traditional approaches are
     Url https://onlinelibrary.wiley.com/doi/abs/10.1002/j.2334-5837.2012.tb01427.x


     Search term "Case+Study"+OR+"Case+Studies"+"Concurrent+Engineering"+"Traceability"
     Title Organizing Concurrent Engineering Through ICT Platforms
     Author ['LR Bautzer']
     Venue NA
     Year NA
     Abstract about these topics and how the outcomes of the negotiations strengthen the concurrent engineering capabilities addressing  Figure n° 1 Scope of the two case studies The first case study concerns the blueprinting process of a PLM platform supporting information sharing across
     Url https://www.merit.unu.edu/training/theses/BAUTZER.pdf


     Search term "Case+Study"+OR+"Case+Studies"+"Concurrent+Engineering"+"Traceability"
     Title Introducing TRAILS: A tool supporting traceability, integration and visualisation of engineering knowledge for product service systems development
     Author ['T Wolfenstetter', 'MR Basirati', 'M Böhm']
     Venue Journal of Systems and …
     Year 2018
     Abstract Based on this agenda, we name our software tool TRAILS, Traceability, model Integration and Life  within the engineering domains involved as well as expert interviews, PSS case studies and modelling  features of our tool in Section 5. In Section 6, a case study demonstrates the
     Url https://www.sciencedirect.com/science/article/pii/S0164121218301365


     Search term "Case+Study"+OR+"Case+Studies"+"Concurrent+Engineering"+"Traceability"
     Title Introducing System Engineering in a Tender Environment; Traffic Control Test Centre Case Study
     Author ['IGJC Ransijn', 'WJW Geurts', 'IFL Buve', 'CMGPS BV']
     Venue EuSEC 2000
     Year 2000
     Abstract This paper contains a case study, which shows that system engineering can be successfully  The CMG team used a tailored system engineering approach, using concurrent engineering as process  Traceability of requirements and design is needed to formulate the quality of the
     Url https://books.google.com/books?hl=en&lr=&id=0RvIMfcILm8C&oi=fnd&pg=PA31&dq=%22Case+Study%22+OR+%22Case+Studies%22+%22Concurrent+Engineering%22+%22Traceability%22&ots=wZrlrTl_aM&sig=LMjc8fMni_wnNsxS21LSXijRUuU


     Search term "Case+Study"+OR+"Case+Studies"+"Concurrent+Engineering"+"Traceability"
     Title The use of early design tools in engineering processes: a comparative case study
     Author ['F Segonds', 'M Iraqi-Houssaini', 'L Roucoules', 'P Veron']
     Venue NA
     Year 2010
     Abstract This case study is supported by a design process which describes the various technical  and role of intermediate representations (IR) in the design process: Case studies in car  Analysis of cost estimating processes used within a concurrent engineering environment throughout a
     Url https://hal.archives-ouvertes.fr/hal-00781995/


     Search term "Case+Study"+OR+"Case+Studies"+"Concurrent+Engineering"+"Traceability"
     Title Traceability-based knowledge integration in group decision and negotiation activities
     Author ['K Mohan', 'B Ramesh']
     Venue Decision Support Systems
     Year 2007
     Abstract approach by highlighting the use of our prototype system in the context of the case study discussed in  reference models have been applied in a variety of domains including new product development, concurrent engineering, and software  2. Knowledge traceability framework
     Url https://www.sciencedirect.com/science/article/pii/S0167923605000916


     Search term "Case+Study"+OR+"Case+Studies"+"Concurrent+Engineering"+"Traceability"
     Title Meta-modelling Approach to Traceability and Consistency for Complex Safety Critical Systems Engineering
     Author ['P Mason']
     Venue CURRENT APPLIED SCIENCE AND TECHNOLOGY
     Year 2005
     Abstract 2005 Meta-modelling Approach to Traceability and Consistency for Complex Safety Critical Systems Engineering Paul Mason Computing Science Program, Shinawatra University, Pathumthani, Thailand Baul Chinatra ac ili Keywords : Traceability, safety-critical systems, CASE
     Url https://li01.tci-thaijo.org/index.php/cast/article/view/160493


     Search term "Case+Study"+OR+"Case+Studies"+"Concurrent+Engineering"+"Traceability"
     Title Automated engineer-to-order systems–a task-oriented approach to enable traceability of design rationale
     Author ['F Elgh']
     Venue International Journal of Agile Systems and …
     Year 2014
     Abstract of generating and managing documentation such as engineering calculations and simulations combined with the principles of traceability from the  on the development of models and tools which are introduced, evaluated, refined and validated by an industrial case study in joint
     Url https://www.inderscienceonline.com/doi/abs/10.1504/IJASM.2014.065358


     Search term "Case+Study"+OR+"Case+Studies"+"Concurrent+Engineering"+"Traceability"
     Title Ensuring safe and consistent coengineering of cyber‐physical production systems: A case study
     Author ['M Tröls', 'A Mashkoor', 'A Demuth']
     Venue Journal of Software …
     Year NA
     Abstract However, concurrent engineering becomes quite challenging in domains where different engineering artifacts from  of mechatronical systems with leading research on software traceability and consistency  to their development process but also to serve as a case study for the
     Url https://onlinelibrary.wiley.com/doi/abs/10.1002/smr.2308


     Search term "Case+Study"+OR+"Case+Studies"+"Concurrent+Engineering"+"Traceability"
     Title Systems engineering
     Author ['A Biahmou']
     Venue Concurrent Engineering in the 21st Century
     Year 2015
     Abstract Instead, a concurrent engineering approach is to be followed, ensuring a traceability between all the models and phases involved [69]  9.6 Case Studies  based on SE principles, therefore its facet as a valuable result of SE has been highlighted in a case study originally provided
     Url https://link.springer.com/chapter/10.1007/978-3-319-13776-6_9


     Search term "Case+Study"+OR+"Case+Studies"+"Concurrent+Engineering"+"Traceability"
     Title Organizational characteristics in concurrent engineering: Evidence from Brazilian small and medium enterprises in the medical device industry
     Author ['GH de Sousa Mendes']
     Venue … Engineering
     Year 2015
     Abstract Concurrent Engineering  Organizational characteristics in concurrent engineering: Evidence from Brazilian small and medium enterprises in the medical device industry. Glauco Henrique de Sousa Mendes and José Carlos de Toledo. Concurrent Engineering 2015 23:2, 135-144
     Url https://journals.sagepub.com/doi/abs/10.1177/1063293x15569512


     Search term "Case+Study"+OR+"Case+Studies"+"Concurrent+Engineering"+"Traceability"
     Title Experiences on Traceability and Consistency Checking across Engineering Tools in an Automation Solution Company
     Author ['A Demuth', 'R Kretschmer', 'M Tröls', 'G Kanakis']
     Venue Software Engineering …
     Year 2018
     Abstract These links (ie, traceability [An01]) then provide the basis for consistency checking among the artifacts of these two tools  Further details about the case study are provided in an experience report [De16] we published previously at the International Conference on Software
     Url https://dl.gi.de/handle/20.500.12116/21146


     Search term "Case+Study"+OR+"Case+Studies"+"Concurrent+Engineering"+"Traceability"
     Title Model-based concurrent systems design for safety
     Author ['JY Park', 'YW Park']
     Venue Concurrent Engineering
     Year 2004
     Abstract The proposed method can provide the insight and traceability among requirements, functions, components, and the potential hazards  The description of an integrated model is presented in Section 3. Section 4 describes a case study on a commercial  2.1 Concurrent Engineering
     Url https://journals.sagepub.com/doi/abs/10.1177/1063293X04042468


     Search term "Case+Study"+OR+"Case+Studies"+"Concurrent+Engineering"+"Traceability"
     Title Communication through Digital Engineering Processes in an Aircraft Program
     Author ['KS Bhanumathi', 'B Haridas']
     Venue International Journal of Advanced …
     Year 2013
     Abstract ATA standards and Configuration standards such as EIA 636/849A from the TLAR as above and makes for TRACEABILITY to TLAR  37-45 [17] KJ Sharma, B. Bowonder, 6 (3–4) (2004) ,"The making of Boeing 777: a case study in concurrent engineering", International Journal
     Url http://www.academia.edu/download/38698783/22.pdf


     Search term "Case+Study"+OR+"Case+Studies"+"Concurrent+Engineering"+"Traceability"
     Title Integrating Traceability and Software Configuration Management: Improving Change Management in Software Development
     Author ['K Mohan', 'P Xu', 'L Cao', 'B Ramesh']
     Venue NA
     Year NA
     Abstract [Not Found]
     Url [Not Found]


     Search term "Case+Study"+OR+"Case+Studies"+"Concurrent+Engineering"+"Traceability"
     Title Towards an implementation of the chromosome model-focusing the design specification
     Author ['J Malmqvist', 'P Schachinger']
     Venue Proceedings of ICED
     Year 1997
     Abstract A case study of an expansion tank is used to illustrate to use of the system  this kind of integrated product model is an important basis for concurrent engineering by providing  This system also enables traceability from requirements to functions, and from functions to components
     Url https://www.researchgate.net/profile/Johan_Malmqvist/publication/2318403_Towards_An_Implementation_Of_The_Chromosome_Model_-_Focusing_The_Design_Specification/links/0046351ed8ae0df564000000/Towards-An-Implementation-Of-The-Chromosome-Model-Focusing-The-Design-Specification.pdf


     Search term "Case+Study"+OR+"Case+Studies"+"Concurrent+Engineering"+"Traceability"
     Title A collaboration-centred approach to manage engineering knowledge: a case study of an engineering SME
     Author ['C Beylier', 'F Pourroy', 'F Villeneuve']
     Venue Journal of Engineering …
     Year 2009
     Abstract For example, research work in collaborative design and concurrent engineering has led to the development of a number  (2002b) present a traceability approach whereby  A collaboration-centred approach to manage engineering knowledge: a case study of an engineering SME
     Url https://www.tandfonline.com/doi/abs/10.1080/09544820801898482


     Search term "Case+Study"+OR+"Case+Studies"+"Concurrent+Engineering"+"Traceability"
     Title Sustainability integration in luxury fashion supply chains: an empirical investigation of leather and textiles in Italy
     Author ['H Karaosman']
     Venue NA
     Year 2018
     Abstract from a natural resource-based view perspective, a multiple case study method was  and supply chain levels in accordance with the three dimensional concurrent engineering framework  Supply chain-level practices encompassed traceability and supplier audits but only to a
     Url https://www.politesi.polimi.it/handle/10589/137164


     Search term "Case+Study"+OR+"Case+Studies"+"Concurrent+Engineering"+"Traceability"
     Title Semantic integration of product data models for the verification of product requirements
     Author ['R Woll', 'H Hayka', 'R Stark', 'C Geissler']
     Venue Concurrent Engineering …
     Year 2013
     Abstract The presented implementation case study was the first step in the implementa- tion of the iProd framework  In order to complete the integration between product parts, requirements and tests, further case studies will be  Concurrent Engineering: Research and Applications , pp
     Url https://link.springer.com/chapter/10.1007/978-1-4471-4426-7_14


     Search term "Case+Study"+OR+"Case+Studies"+"Concurrent+Engineering"+"Traceability"
     Title Requirements engineering
     Author ['S Wiesner', 'M Peruzzini', 'JB Hauge']
     Venue Concurrent Engineering in …
     Year 2015
     Abstract to be the first to react on market trends, methodologies like concurrent engineering (CE) have  This section presents two case studies demonstrating typical usage of the described RE methodologies  The case study focuses on the application of RE techniques to support such
     Url https://link.springer.com/chapter/10.1007/978-3-319-13776-6_5


     Search term "Case+Study"+OR+"Case+Studies"+"Concurrent+Engineering"+"Traceability"
     Title Architectural task allocation in distributed environment: A traceability perspective
     Author ['S Imtiaz']
     Venue 2012 34th International Conference on Software …
     Year 2012
     Abstract Figure 1: Case Study Design IV  We propose to use the traceability information between views along with other external factors not depicted in architecture for task allocation between  [2] PJ Componation and J. Byrd, “Cluster analysis to structure concurrent engineering teams”
     Url https://ieeexplore.ieee.org/abstract/document/6227048/


     Search term "Case+Study"+OR+"Case+Studies"+"Concurrent+Engineering"+"Traceability"
     Title Tool support for implementation and analysis of traceability structures
     Author ['S Riddle', 'A Saeed']
     Venue INCOSE International Symposium
     Year 1999
     Abstract Application of the structures to case studies provided by BAe has resulted in the further development of the structures, by including some  Support for the case study was provided by British Aerospace  Klein, M. “Capturing Design Rationale in Concurrent Engineering Teams”
     Url https://onlinelibrary.wiley.com/doi/abs/10.1002/j.2334-5837.1999.tb00339.x


     Search term "Case+Study"+OR+"Case+Studies"+"Concurrent+Engineering"+"Traceability"
     Title Computer Support of Conceptual and Detail Design: Case Study
     Author ['J Pokojski', 'K Oleksiński']
     Venue Machine Dynamics …
     Year 2017
     Abstract Tytuł artykułu, Computer Support of Conceptual and Detail Design : Case Study  Traceability and management of dispersed product knowledge during design and manufacturing  In New World Situation: New Directions in Concurrent Engineering, pages 287–297. Springer. 15
     Url http://yadda.icm.edu.pl/baztech/element/bwmeta1.element.baztech-155360b1-210d-467f-a6b7-da1c6fe243ce


     Search term "Case+Study"+OR+"Case+Studies"+"Concurrent+Engineering"+"Traceability"
     Title Engineering change process: state of the art, a case study and proposition of an impact analysis method
     Author ['MZ Ouertani', 'LG Yesilbas', 'L Lossent']
     Venue NA
     Year 2004
     Abstract 1 ENGINEERING CHANGE PROCESS: STATE OF THE ART, A CASE STUDY AND PROPOSITION OF AN IMPACT ANALYSIS  Concerning traceability we quote the work of Cohen [17] which  2] K. ROUIBAH, KR CASKEY, “Change management in concurrent engineering from
     Url https://hal.archives-ouvertes.fr/hal-00122459/


     Search term "Case+Study"+OR+"Case+Studies"+"Concurrent+Engineering"+"Traceability"
     Title Supporting dynamic group decision and negotiation processes: A traceability augmented peer-to-peer network approach
     Author ['K Mohan', 'P Xu', 'B Ramesh']
     Venue Information & management
     Year 2006
     Abstract We augmented the P2P architecture with traceability to provide a way of integrating distributed knowledge. We implemented this approach in a prototype system that used a P2P networking tool. Using a case study of software development outsourcing, we showed how our
     Url https://www.sciencedirect.com/science/article/pii/S0378720606000449


     Search term "Case+Study"+OR+"Case+Studies"+"Concurrent+Engineering"+"Traceability"
     Title Effective Task Allocation in Distributed Environment: A Traceability Perspective
     Author ['S Imtiaz', 'N Ikram']
     Venue International Conference on Software …
     Year 2011
     Abstract Meta Model) X-Query Case Study Research Tool M-Trace  There is a need to identify/model the traceability links which would be specifically required for task  17-17, 2007 [2] PJ Componation and J. Byrd, “Utilizing cluster analysis to structure concurrent engineering teams,” IEEE
     Url https://www.researchgate.net/profile/Salma_Imtiaz/publication/269035398_Effective_Task_Allocation_in_Distributed_Environments_A_Traceability_Perspective/links/547da1d10cf2cfe203c21f7b/Effective-Task-Allocation-in-Distributed-Environments-A-Traceability-Perspective.pdf


     Search term "Case+Study"+OR+"Case+Studies"+"Concurrent+Engineering"+"Traceability"
     Title 4.3. 2 SAFER‐A Case Study The Lessons Learned on a Flight Test Project
     Author ['CW Hess', 'I Hooks']
     Venue INCOSE International Symposium
     Year 1995
     Abstract SAFER - A Case Study  The ability to do the concurrent engineering was made possible by the coordination of all parties, and the documentation and acceptance of responsibilities by all organizations  This is possible because the engineering unit included materials traceability
     Url https://onlinelibrary.wiley.com/doi/abs/10.1002/j.2334-5837.1995.tb01896.x


     Search term "Case+Study"+OR+"Case+Studies"+"Concurrent+Engineering"+"Traceability"
     Title On systems engineering deployment and requirements evolution
     Author ['M Messaadia', 'MH El-Jamal']
     Venue … Conference on Systems …
     Year 2005
     Abstract Page 2. 2. Case studies on PLM and maintenance  Prentice Hall, 1998 [10] MH ELJAMAL, AEK Sahraoui, Customising Systems Engineering Concepts: Case Study on concurrent engineering Context, ECEC2005, TOULOUSE, FRANCE [11] D. Zowghi, N. Nurmuliani, 2002, A
     Url https://ieeexplore.ieee.org/abstract/document/1562888/


     Search term "Case+Study"+OR+"Case+Studies"+"Concurrent+Engineering"+"Traceability"
     Title Information technology model for product lifecycle engineering
     Author ['KS Bhanumathi', 'B Haridas']
     Venue Computer Science & Information …
     Year 2013
     Abstract The Indian scenario is marred by poor traceability of engineering data during production and maintenance of the aircraft, the authors  4, 2005, pp 37-45 12 [16] KJ Sharma, B. Bowonder, "The making of Boeing 777: a case study in concurrent engineering", International Journal
     Url https://www.academia.edu/download/38886624/csit3652.pdf


     Search term "Case+Study"+OR+"Case+Studies"+"Concurrent+Engineering"+"Traceability"
     Title EVALUATION OF PRODUCT DEVELOPMENT: A COMPARATIVE CASE STUDY
     Author ['N Koehler', 'P Močibov', 'T Naumann']
     Venue DS 92: Proceedings of …
     Year 2018
     Abstract All in all, the case study presented a solid contribution on aligning design  Königs, SF, Beier, G., Figge, A. and Stark, R. (2012), “Traceability in Systems  in Correlations between Factors Influenceing Communication in Complex Product Development”, Concurrent Engineering, Vol
     Url https://www.designsociety.org/publication/40494/EVALUATION+OF+PRODUCT+DEVELOPMENT%3A+A+COMPARATIVE+CASE+STUDY


     Search term "Case+Study"+OR+"Case+Studies"+"Concurrent+Engineering"+"Traceability"
     Title Requirements traceability issues: generic model, methodology and formal basis
     Author ['AEK Sahraoui']
     Venue International Journal of Information Technology & …
     Year 2005
     Abstract The fourth part is focussed on a generic model for requirements traceability. The fifth part presents the methodology and its application to a case study. Finally, the sixth part is devoted to an approach for formal basis for traceability. 2. Systems Engineering Framework 2.1
     Url https://www.worldscientific.com/doi/abs/10.1142/S0219622005001386


     Search term "Case+Study"+OR+"Case+Studies"+"Concurrent+Engineering"+"Traceability"
     Title 1.4. 3 Traceability for the Development and Assessment of Safe Avionic Systems
     Author ['S Pearson', 'S Riddle', 'A Saeed']
     Venue INCOSE International …
     Year 1998
     Abstract Section 4 discusses the application of the approach to the case study  The traceability structures used for recording development information are an extension of the information structures  Application of the structures to case studies provided by BAe has resulted in the further
     Url https://onlinelibrary.wiley.com/doi/abs/10.1002/j.2334-5837.1998.tb00066.x

