Showing papers for search query "Case+Study"+OR+"Case+Studies"+"DevOps"+"Factory"

     Search term "Case+Study"+OR+"Case+Studies"+"DevOps"+"Factory"
     Title Towards DevOps in the embedded systems domain: Why is it so hard?
     Author ['LE Lwakatare', 'T Karvonen', 'T Sauvola']
     Venue 2016 49th hawaii …
     Year 2016
     Abstract Prior to data collection, a case study protocol with an interview guide was developed and  features are valuable to the customer [1]. In SaaS applications with DevOps practices, virtualization  has passed CI [1]. In the embedded systems domain, customer/factory acceptance tests
     Url https://ieeexplore.ieee.org/abstract/document/7427859/


     Search term "Case+Study"+OR+"Case+Studies"+"DevOps"+"Factory"
     Title Feedback from operations to software development—a devops perspective on runtime metrics and logs
     Author ['J Cito', 'J Wettinger', 'LE Lwakatare', 'M Borg']
     Venue International Workshop on …
     Year 2018
     Abstract over the needs on a feedback pipeline that we extracted from our case studies  We see DevOps as the cross-functional synergy between the software development organization and  For that, we present three case study organizations that have different needs on their
     Url https://link.springer.com/chapter/10.1007/978-3-030-06019-0_14


     Search term "Case+Study"+OR+"Case+Studies"+"DevOps"+"Factory"
     Title Devops for digital leaders: Reignite business with a modern devops-enabled software factory
     Author ['A Ravichandran', 'K Taylor', 'P Waterhouse']
     Venue NA
     Year 2016
     Abstract invariably ask for two things: docu- mented best practices and actual case studies that they  By leveraging DevOps workflows and supporting automation, the Dutch bank transitioned from release  9“ING Bank Case Study,” CA World'14 Presentation copyright CA Technologies
     Url http://library.oapen.org/bitstream/handle/20.500.12657/28172/1001822.pdf?sequence=1


     Search term "Case+Study"+OR+"Case+Studies"+"DevOps"+"Factory"
     Title Business model innovation using modern DevOps
     Author ['DK Koilada']
     Venue 2019 IEEE Technology & Engineering …
     Year 2019
     Abstract To illustrate further on the case study, let's revisit the multi-tenancy Unified Communications systems architecture  Kieran Taylor, Peter Waterhouse (2016) "DevOps for Digital Leaders: Reignite Business with a Modern DevOps- Enabled Software Factory":CA Press, pp
     Url https://ieeexplore.ieee.org/abstract/document/8813557/


     Search term "Case+Study"+OR+"Case+Studies"+"DevOps"+"Factory"
     Title Teaching DevOps at the Graduate Level
     Author ['B Benni', 'P Collet', 'G Molines', 'S Mosser']
     Venue … Workshop on Software …
     Year 2018
     Abstract DevOps: mutation testing: 15%; intermediate demonstration: 15%; final presentation: 15%; project (code and report): 15%; final exam: 40%. 4 Case Studies. We describe  years. 4.1 Reference Case Study: The Cookie Factory (TCF). The
     Url https://link.springer.com/chapter/10.1007/978-3-030-06019-0_5


     Search term "Case+Study"+OR+"Case+Studies"+"DevOps"+"Factory"
     Title Teaching DevOps at the Graduate Level
     Author ['AM Pinna-Déry']
     Venue … : First International Workshop, DEVOPS 2018 …
     Year 2019
     Abstract DevOps: mutation testing: 15%; intermediate demonstration: 15%; final pre- sentation: 15%; project (code  4 Case Studies We describe here the main reference case study, showing its features  4.1 Reference Case Study: The Cookie Factory (TCF) The Cookie Factory5 is an
     Url https://books.google.com/books?hl=en&lr=&id=EVmEDwAAQBAJ&oi=fnd&pg=PA60&dq=%22Case+Study%22+OR+%22Case+Studies%22+%22DevOps%22+%22Factory%22&ots=18tc8zsbSh&sig=SCnIRbKIKeS3wAiHIfV2y98oo5k


     Search term "Case+Study"+OR+"Case+Studies"+"DevOps"+"Factory"
     Title Adopting DevOps in Agile: Challenges and Solutions
     Author ['C Wang', 'C Liu']
     Venue NA
     Year 2018
     Abstract Riungu-Kalliosaari et al. [13] did a case study to re- search the DevOps benefits and challenges but they didn't give the solutions. Bang et al. [8] researched how knowledge, skills, and abilities support DevOps and analyze with Scrum
     Url https://www.diva-portal.org/smash/record.jsf?pid=diva2:1228684


     Search term "Case+Study"+OR+"Case+Studies"+"DevOps"+"Factory"
     Title Understanding DevOps: From its Enablers to Impact on IT Performance
     Author ['GS Cogo']
     Venue NA
     Year 2019
     Abstract DevOps came to exist. The term “software factory” was coined in Japan to label development facilities or formal approaches to programming (Cusumano 1989). Factories in other industries  DevOps in a sense builds upon years of the evolution of the software factory concept into
     Url https://ttu-ir.tdl.org/handle/2346/85394


     Search term "Case+Study"+OR+"Case+Studies"+"DevOps"+"Factory"
     Title Agile Development Process in The Software Factory of the Future
     Author ['Z Dragičević', 'S Bošnjak']
     Venue International Scientific Conference …
     Year 2020
     Abstract in focus from processes and people towards integration technologies, cloud, and DevOps/CD practices  of what an agile development process looks like in a software factory of the  In this paper, for better understanding, multiple case study has described software development
     Url https://sm.ef.uns.ac.rs/index.php/proceedings/article/view/43


     Search term "Case+Study"+OR+"Case+Studies"+"DevOps"+"Factory"
     Title Leading Devops practice and principle adoption
     Author ['K Maroukian', 'SR Gulliver']
     Venue arXiv preprint arXiv:2008.10515
     Year 2020
     Abstract aimed at an inclusive work environment where each and every one factory employee partnered  The extension of the findings can be further evaluated under the lens of a case study  participating practitioners, indicate a clear list of specific agile, lean and DevOps practices and
     Url https://arxiv.org/abs/2008.10515


     Search term "Case+Study"+OR+"Case+Studies"+"DevOps"+"Factory"
     Title Building a Digitally Enabled Future: An Insurance Industry Case Study on Digitalization
     Author ['J Weingarth', 'J Hagenschulte', 'N Schmidt', 'M Balser']
     Venue Digitalization Cases
     Year 2019
     Abstract Building a Digitally Enabled Future: An Insurance Industry Case Study on Digitalization  The main advantage of this structure is the possibility to scale the factory over time  With the shutdown of more legacy systems and the introduction of DevOps, INSUR expects that many of the
     Url https://link.springer.com/chapter/10.1007/978-3-319-95273-4_13


     Search term "Case+Study"+OR+"Case+Studies"+"DevOps"+"Factory"
     Title SLA-based continuous security assurance in multi-cloud DevOps
     Author ['E Rios', 'M Rak', 'E Iturbe', 'W Mallouli']
     Venue NA
     Year 2017
     Abstract The focus of this case study is on data integrity, confidentiality, localization and access control of different services within the application. Page 14. 14 The DevOps Teams in both case studies followed the different steps of MUSA workflow to design the composite application
     Url http://dsp.tecnalia.com/handle/11556/677


     Search term "Case+Study"+OR+"Case+Studies"+"DevOps"+"Factory"
     Title Manage
     Author ['A Ravichandran', 'K Taylor', 'P Waterhouse']
     Venue DevOps for Digital Leaders
     Year 2016
     Abstract Case Study: ANZ Bank  As software releases grow in volume, variety, and velocity, agile operations will emerge as a key DevOps enabler. It's a collaborative discipline where practitioners work across the software factory to help business achieve the best outcomes from a high
     Url https://link.springer.com/chapter/10.1007/978-1-4842-1842-6_7


     Search term "Case+Study"+OR+"Case+Studies"+"DevOps"+"Factory"
     Title ResDevOps: a software engineering framework for achieving long-lasting complex systems
     Author ['A Furfaro', 'T Gallo', 'A Garro', 'D Sacca']
     Venue 2016 IEEE 24th …
     Year 2016
     Abstract A description and an application case study in the context of one of the biggest industrial research co- funded projects developed at the University of Calabria, has been  To manage the Enterprise ResDevOps Software Engineering Factory To manage the DevOps infrastructure
     Url https://ieeexplore.ieee.org/abstract/document/7765530/


     Search term "Case+Study"+OR+"Case+Studies"+"DevOps"+"Factory"
     Title Case Studies on How the Internet of Things (Iot) Helps Firms Optimize Their Digital Performance and How Iot Will Have a Large Economic Impact in the Future …
     Author ['RB Cohen']
     Venue Available at SSRN 2775301
     Year 2016
     Abstract Overview of Presentation ▶ Using several case studies and quantitative analysis, this talk offers  with analytics for big data lakes. Firms also begin to deliver software updates through enhanced workflows, such as DevOps and  Result is “to cut factory flow time by 33
     Url https://papers.ssrn.com/Sol3/papers.cfm?abstract_id=2775301


     Search term "Case+Study"+OR+"Case+Studies"+"DevOps"+"Factory"
     Title Prioritizing corrective maintenance activities for android applications: An industrial case study on android crash reports
     Author ['V Lenarduzzi', 'AC Stan', 'D Taibi', 'G Venters']
     Venue … Conference on Software …
     Year 2018
     Abstract introduced recently and are usually collocated in the operational side of the DevOps pipeline [19  This case study is based on the analysis of the SASAbus Android application, available on the  recommended to start keeping track of the data with the Agile Experience Factory [5]
     Url https://link.springer.com/chapter/10.1007/978-3-319-71440-0_8


     Search term "Case+Study"+OR+"Case+Studies"+"DevOps"+"Factory"
     Title A State Report of DevOps Tooling
     Author ['Z LI', 'S LI', 'S GU', 'HE ZHANG', 'TG WANG']
     Venue NA
     Year NA
     Abstract [Not Found]
     Url [Not Found]


     Search term "Case+Study"+OR+"Case+Studies"+"DevOps"+"Factory"
     Title IoT-based Systems Actuation Conflicts Management Towards DevOps: A Systematic Mapping Study.
     Author ['S Lavirotte', 'G Rocher', 'JY Tigli', 'T Gonnin']
     Venue IoTBDS
     Year 2020
     Abstract layers ranging from hu- mans (Smart Health), houses (Smart Home) to cities (Smart City) and industry (Smart Factory)  updates throughout their life cycle (which is one of the main reason for promoting the DevOps approach)  Feature-oriented modelling in bip: A case study
     Url http://stephane.lavirotte.com/research/biblio/iotbds2020.pdf


     Search term "Case+Study"+OR+"Case+Studies"+"DevOps"+"Factory"
     Title The DevOps Handbook:: How to Create World-Class Agility, Reliability, and Security in Technology Organizations
     Author ['G Kim', 'J Humble', 'P Debois', 'J Willis']
     Venue NA
     Year 2016
     Abstract You can copy, modify, distribute, and perform case study 18F, even for commercial purposes, all without asking permission  as a valuable resource for many people in different ways: a guide for planning and executing DevOps transformations; a set of case studies to research
     Url https://books.google.com/books?hl=en&lr=&id=ui8hDgAAQBAJ&oi=fnd&pg=PT7&dq=%22Case+Study%22+OR+%22Case+Studies%22+%22DevOps%22+%22Factory%22&ots=Wv6heiPvVR&sig=uVYDAOQnlbmQgv6NW178Opc-pFk


     Search term "Case+Study"+OR+"Case+Studies"+"DevOps"+"Factory"
     Title Social Innovation Business Through Value Co-creation with Customers Powered by Lumada: A Case Study of Hitachi Ltd.
     Author ['M Akatsu']
     Venue … with New ICT in the Asia-Pacific: Case Studies
     Year NA
     Abstract Business Innovation with New ICT in the Asia-Pacific: Case Studies pp 59-83 | Cite as  Innovation Business Through Value Co-creation with Customers Powered by Lumada: A Case Study of Hitachi  DevOps is a set of practices intended to reduce the time between committing a
     Url https://link.springer.com/chapter/10.1007/978-981-15-7658-4_4


     Search term "Case+Study"+OR+"Case+Studies"+"DevOps"+"Factory"
     Title Towards the Digital Factory: A Microservices-Based Middleware for Real-to-Digital Synchronization
     Author ['M Ciavotta', 'G Dal Maso', 'D Rovere', 'R Tsvetanov']
     Venue Microservices
     Year 2020
     Abstract Under these circumstances, although the ultimate goal is to demonstrate the feasibility of a new manufacturing paradigm that integrates CPS, digital twins, and microservices along the whole factory life cycle, the case study is limited to the early design stage
     Url https://link.springer.com/chapter/10.1007/978-3-030-31646-4_11


     Search term "Case+Study"+OR+"Case+Studies"+"DevOps"+"Factory"
     Title Build
     Author ['A Ravichandran', 'K Taylor', 'P Waterhouse']
     Venue DevOps for Digital Leaders
     Year 2016
     Abstract Case Study: IceMobile  In the next chapter, we'll continue our exploration of the DevOps-enabled software factory by examining all the testing constraints  1. Full story: http://www.ca.com/content/ dam/ca/us/files/case-studies/icemobile-cuts-rollout-times-with-ca-api-gateway.PDF. 2
     Url https://link.springer.com/chapter/10.1007/978-1-4842-1842-6_4


     Search term "Case+Study"+OR+"Case+Studies"+"DevOps"+"Factory"
     Title A systematic mapping study of infrastructure as code research
     Author ['A Rahman', 'R Mahdavi-Hezaveh', 'L Williams']
     Venue Information and Software …
     Year 2019
     Abstract Practitioners consider IaC as a fundamental pillar to implement DevOps practices, which helps them to rapidly deliver software and services to end-users  We also observe prior research has performed systematic mapping studies in DevOps and microservice
     Url https://www.sciencedirect.com/science/article/pii/S0950584918302507


     Search term "Case+Study"+OR+"Case+Studies"+"DevOps"+"Factory"
     Title Towards practice and principle adoption through continuous DevOps leadership
     Author ['K Maroukian']
     Venue NA
     Year NA
     Abstract Combining Lean Thinking and Agile Methods for Software Development A Case Study of a Finnish Provider of Wireless Embedded Systems, Proceedings of  DevOps for Digital Leaders, Reignite Business with a Modern DevOps-Enabled Software Factory, Winchester
     Url https://www.researchgate.net/profile/Krikor_Maroukian/publication/343788178_Towards_practice_and_principle_adoption_through_continuous_DevOps_leadership/links/5f3f8e96299bf13404da30a3/Towards-practice-and-principle-adoption-through-continuous-DevOps-leadership.pdf


     Search term "Case+Study"+OR+"Case+Studies"+"DevOps"+"Factory"
     Title DevOps Automation Advances IT Sectors with the Strategy of Release Management
     Author ['SM Mohammad']
     Venue International Journal of Computer Trends and …
     Year 2019
     Abstract Dordrecht: Springer. [11] G raham , D . , & F ewster, M . (2012). “Experiences of test automation: Case studies of software test automation”  “DevOps for digital leaders: Reignite Business with a modern DevOps-enabled software factory  production: a case study”
     Url https://papers.ssrn.com/sol3/papers.cfm?abstract_id=3628988


     Search term "Case+Study"+OR+"Case+Studies"+"DevOps"+"Factory"
     Title The RIGHT model for continuous experimentation
     Author ['F Fagerholm', 'AS Guinea', 'H Mäenpää']
     Venue Journal of Systems and …
     Year 2017
     Abstract Previous works have presented case studies that exhibit different aspects concerning continuous experimentation  2013) present a case study on the  The Software Factory (Fagerholm et al., 2013) can serve as infrastructure for the model proposed, as it is a software development
     Url https://www.sciencedirect.com/science/article/pii/S0164121216300024


     Search term "Case+Study"+OR+"Case+Studies"+"DevOps"+"Factory"
     Title Towards Self-Protective Multi-Cloud Applications: MUSA–a Holistic Framework to Support the Security-Intelligent Lifecycle Management of Multi-Cloud Applications
     Author ['E Rios', 'E Iturbe', 'L Orue-Echevarria', 'M Rak', 'V Casola']
     Venue NA
     Year 2015
     Abstract In the following, we summarize the research challenges faced in both case studies  The major challenges for MUSA in this case study are the following: (i) Enhance security  to master the security- intelligent lifecycle of multi-cloud applications based on novel DevOps and security
     Url http://dsp.tecnalia.com/handle/11556/275


     Search term "Case+Study"+OR+"Case+Studies"+"DevOps"+"Factory"
     Title Designing a metrics model for DevOps at Philips IT
     Author ['S Kruis']
     Venue NA
     Year 2014
     Abstract IT an initial model is designed, which is validated and adapted several times in a single case-study  The next paragraphs describe metrics that have been used in areas related to DevOps  They used a collection of case studies and gathered all metrics used in these cases
     Url https://pure.tue.nl/ws/portalfiles/portal/47007244/785841-1.pdf


     Search term "Case+Study"+OR+"Case+Studies"+"DevOps"+"Factory"
     Title Cloud enterprise resource planning development model based on software factory approach
     Author ['AJ Dzulkafli']
     Venue NA
     Year 2018
     Abstract Figure 6.10 CEF Model Implementation Survey Result for Case Study 3..... 254 Figure 6.11 Case Studies Overall Results by Issues ..... 257 Page 20. xviii List of Abbreviations CEF Cloud ERP Factory IaaS Infrastructure as a Service
     Url http://etd.uum.edu.my/6904/


     Search term "Case+Study"+OR+"Case+Studies"+"DevOps"+"Factory"
     Title CLOUD ENTERPRISE RESOURCE PLANNING DEVELOPMENT MODEL BASED ON SOFTWARE FACTORY APPROACH
     Author ['D ABD JALIL']
     Venue NA
     Year NA
     Abstract Figure 6.10 CEF Model Implementation Survey Result for Case Study 3..... 254 Figure 6.11 Case Studies Overall Results by Issues ..... 257 Page 20. xviii List of Abbreviations CEF Cloud ERP Factory IaaS Infrastructure as a Service
     Url https://core.ac.uk/download/pdf/268143526.pdf


     Search term "Case+Study"+OR+"Case+Studies"+"DevOps"+"Factory"
     Title Streamlining DevOps automation for Cloud applications
     Author ['SM Mohammad']
     Venue … Journal of Creative Research Thoughts (IJCRT) …
     Year 2018
     Abstract Kanban came from the Toyota factory floor efficiency improvements [2]. Kanban sets out that the progress of  [24] Jones, C.,2016, “A Proposal for Integrating DevOps into Software  H.,2012, "The impact of silo mentality on team identity: An organizational case study." SA Journal of
     Url https://papers.ssrn.com/sol3/papers.cfm?abstract_id=3655574


     Search term "Case+Study"+OR+"Case+Studies"+"DevOps"+"Factory"
     Title Where are the gaps? A systematic mapping study of infrastructure as code research
     Author ['A Rahman', 'R Mahdavi-Hezaveh', 'L Williams']
     Venue arXiv preprint arXiv …
     Year 2018
     Abstract Practitioners consider IaC as a fundamental pillar to implement DevOps practices, which helps  in IaC research. As defects and security flaws can have serious consequences for the deployment and development environments in DevOps, along with other top
     Url https://arxiv.org/abs/1807.04872


     Search term "Case+Study"+OR+"Case+Studies"+"DevOps"+"Factory"
     Title Production-Aware Analysis of Multi-disciplinary Systems Engineering Processes.
     Author ['L Kathrein', 'A Lüder', 'K Meixner', 'D Winkler', 'S Biffl']
     Venue ICEIS (2)
     Year 2019
     Abstract Technische Universität Wien, Favoritenstraße 9-11, Vienna, Austria 2Institute of Factory Automation, Otto  We evaluate the contribution in a case study at a large production systems  operation-aware processes and methods such as SCRUM (Schwaber, 2002), DevOps (Zhu
     Url https://www.scitepress.org/Papers/2019/76180/76180.pdf


     Search term "Case+Study"+OR+"Case+Studies"+"DevOps"+"Factory"
     Title DevOps: IT Development in the Era of Digitalization
     Author ['L Pérez Hoyos']
     Venue NA
     Year 2018
     Abstract ESCUELA DE INGENIERIAS INDUSTRIALES Grado en Ingeniería de Organización Industrial DevOps: IT Development in the Era of Digitalization Autor: Pérez Hoyos, Laura  insb. Informationssysteme in Industrie und Handel DevOps: IT Development in the Era of Digitalization
     Url https://uvadoc.uva.es/handle/10324/31469


     Search term "Case+Study"+OR+"Case+Studies"+"DevOps"+"Factory"
     Title Research Directions for Developing and Operating Artificial Intelligence Models in Trustworthy Autonomous Systems
     Author ['S Martínez-Fernández', 'X Franch', 'A Jedlitschka']
     Venue arXiv preprint arXiv …
     Year 2020
     Abstract domains: from smart mobility (autonomous driving) and Industry 4.0 (autonomous factory robots) to  We are convinced that the presented holistic DevOps lifecycle bringing together the  [ABB19] Saleema Amershi et al.: Software engineering for machine learning: a case study
     Url https://arxiv.org/abs/2003.05434


     Search term "Case+Study"+OR+"Case+Studies"+"DevOps"+"Factory"
     Title Exploring the link between leadership and Devops practice and principle adoption
     Author ['K Maroukian', 'S Gulliver']
     Venue Advanced Computing: An …
     Year 2020
     Abstract It is crucial to gain an insight into what Agile is not and Microsoft's DevOps Resource Center defines it as follows  extended organizational considerations to human psychology which aimed at an inclusive work environment where each and every one factory employee partnered
     Url http://centaur.reading.ac.uk/92769/


     Search term "Case+Study"+OR+"Case+Studies"+"DevOps"+"Factory"
     Title Impact of task priority on software supply chain: a simulation approach
     Author ['M Kumar', 'OS Vaidya', 'RK Srivastava']
     Venue South Asian Journal of …
     Year 2020
     Abstract produced from delivering similar software. Along with Development Operations (DevOps), the concepts of software factory bring in enormous value in terms of enhanced and continuous value delivery. DevOps is a set of practices
     Url https://www.emerald.com/insight/content/doi/10.1108/SAJBS-03-2020-0069/full/html


     Search term "Case+Study"+OR+"Case+Studies"+"DevOps"+"Factory"
     Title A Taxonomy of Software Delivery Performance Profiles: Investigating the Effects of DevOps Practices
     Author ['N Forsgren', 'MA Rothenberger', 'J Humble', 'JB Thatcher']
     Venue NA
     Year 2020
     Abstract “How Many Parts to Make at Once,” Factory, The Magazine of Management (10), pp. 135–136  “Why Enterprises Must Adopt Devops to Enable  An Empirical Case Study of Mozilla Firefox,” in IEEE International Working Conference on Mining Software Repositories, pp. 179–188
     Url https://aisel.aisnet.org/amcis2020/systems_analysis_design/systems_analysis_design/8/


     Search term "Case+Study"+OR+"Case+Studies"+"DevOps"+"Factory"
     Title Business Strategy of Top Indian Company: L&T InfoTech
     Author ['R Revathi', 'PS Aithal']
     Venue International Journal of Case Studies in …
     Year 2018
     Abstract Keywords: L&T InfoTech, Case study, Welcome to possible, Business strategy of IT Company  Integrated Services, IT consulting : Application & Infrastructure Optimization, DevOps, Information Strategy  like MADP and EMM Platform implementation, mobile App factory, front- end
     Url https://papers.ssrn.com/sol3/papers.cfm?abstract_id=3207346


     Search term "Case+Study"+OR+"Case+Studies"+"DevOps"+"Factory"
     Title Improving the Quality Validation of the ETL Process using Test Automation
     Author ['D Staegemann', 'M Volk', 'N Jamous', 'R Venkatesh']
     Venue NA
     Year 2020
     Abstract this approach, the team takes roughly 920 hours to perform a factory acceptance test  can test automation be effectively integrated into an organization's existing DevOps automation chain  In a case study, examining the national standard reference data program of Korea (Lee
     Url https://aisel.aisnet.org/amcis2020/strategic_uses_it/strategic_uses_it/11/


     Search term "Case+Study"+OR+"Case+Studies"+"DevOps"+"Factory"
     Title Perceived benefits of declarative software deployment: an exploratory case study
     Author ['O Sonninen']
     Venue NA
     Year 2020
     Abstract line by line. GitOps is flavor if DevOps that promotes usage of declarative deployment so ev  are perceived beneficial in practice. Research was conducted as an exploratory case study to gather experiences from declara- tive deployment
     Url https://lutpub.lut.fi/handle/10024/161089


     Search term "Case+Study"+OR+"Case+Studies"+"DevOps"+"Factory"
     Title IMPLEMENTING CLOUD BASED BIG DATA PLATFORMS: A CASE USING MICROSOFT AZURE
     Author ['K Stendal', 'S Westin']
     Venue Norsk konferanse for organisasjoners bruk at IT
     Year 2018
     Abstract was already in Stage 0 and prepared for moving to Stage 1. Hence, since Microsoft advertised Data Factory as the orchestration tool, it is fair to expect new version(s) of Data Factory to be  Case Study Research  A DevOps framework to shorten delivery time for cloud applications
     Url http://ojs.bibsys.no/index.php/Nokobit/article/view/545


     Search term "Case+Study"+OR+"Case+Studies"+"DevOps"+"Factory"
     Title Towards Self-Protective Multi-Cloud Applications
     Author ['E Rios', 'E Iturbe', 'L Orue-Echevarria', 'M Rak', 'V Casola']
     Venue NA
     Year 2015
     Abstract In the following, we summarize the research challenges faced in both case studies  The major challenges for MUSA in this case study are the following: (i) Enhance security  to master the security- intelligent lifecycle of multi-cloud applications based on novel DevOps and security
     Url https://www.scitepress.org/papers/2015/54929/54929.pdf


     Search term "Case+Study"+OR+"Case+Studies"+"DevOps"+"Factory"
     Title Case Study of Building a High-Performance Team: Endpoint Engineering Experiment
     Author ['M Naazer Ashraf']
     Venue Proceedings of the 2019 ACM SIGUCCS Annual …
     Year 2019
     Abstract But if there is one thing that the Toyota case study should teach us, it is that  The lessons learned from the Toyota case studies prove that it is the system that is important and not  N., Humble, J., Kim, G., “A Scientific Approach to IT Performance,” https://www.devops-research.com
     Url https://dl.acm.org/doi/abs/10.1145/3347709.3347836


     Search term "Case+Study"+OR+"Case+Studies"+"DevOps"+"Factory"
     Title Continuous Deployment for Complex Software Intensive Industrial Systems
     Author ['Z Haider']
     Venue NA
     Year 2017
     Abstract presented multiple case studies to identify the issues in transitioning towards a continuous deployment  Another multiple case study which is focused on adoption of DevOps has been carried  The generic approach adopted in our case study, though representative of a majority of
     Url https://www.diva-portal.org/smash/record.jsf?pid=diva2:1145127


     Search term "Case+Study"+OR+"Case+Studies"+"DevOps"+"Factory"
     Title The DevOps adoption playbook: a guide to adopting DevOps in a multi-speed IT enterprise
     Author ['S Sharma']
     Venue NA
     Year 2017
     Abstract 307 Appendix Case Study: Example DevOps Adoption Roadmap  329 ftoc.indd 12/30/16 Page xxi Page 22. Contents xxii Appendix Case Study: Example DevOps Adoption Roadmap
     Url https://books.google.com/books?hl=en&lr=&id=leXWDQAAQBAJ&oi=fnd&pg=PR23&dq=%22Case+Study%22+OR+%22Case+Studies%22+%22DevOps%22+%22Factory%22&ots=j1ziaz1w-g&sig=APhBqKqwVyFATF0H3S9xSxIM8Pw


     Search term "Case+Study"+OR+"Case+Studies"+"DevOps"+"Factory"
     Title ICSA-C 2019
     Author ['M Gotin', 'F Loesch', 'R Reussner', 'S Kotstein', 'C Decker']
     Venue NA
     Year NA
     Abstract Vulnerabilities in Continuous Delivery Pipelines? A Case Study 102 Christina  Berlin) Industrial DevOps 123  University) Using View-Based Architecture Descriptions to Aid in Automated Runtime Planning for a Smart Factory 202
     Url https://ieeexplore.ieee.org/abstract/document/8712349/


     Search term "Case+Study"+OR+"Case+Studies"+"DevOps"+"Factory"
     Title Introducing automated verification and validation for virtualized network functions and services
     Author ['M Peuster', 'S Schneider', 'M Zhao']
     Venue IEEE …
     Year 2019
     Abstract They will allow application of agile methods and DevOps concepts in the networking domain [2]. However, the softwarization of  It also presents a case study that validates the applicability and usefulness of our approach and demonstrates how a multi  IT Cloud NFVI NFVI Factory
     Url https://ieeexplore.ieee.org/abstract/document/8713807/


     Search term "Case+Study"+OR+"Case+Studies"+"DevOps"+"Factory"
     Title Transitioning towards continuous development within an established business organization
     Author ['A Virtanen']
     Venue NA
     Year 2017
     Abstract Further information is gathered through three case studies of other companies that have successfully undergone a transition towards continuous development and DevOps. Keywords: devops, agile, lean, cloud computing, continuous development Page 3. AALTO YLIOPISTO
     Url https://aaltodoc.aalto.fi/handle/123456789/29144


     Search term "Case+Study"+OR+"Case+Studies"+"DevOps"+"Factory"
     Title DevOps in the Ascendency
     Author ['A Ravichandran', 'K Taylor', 'P Waterhouse']
     Venue DevOps for Digital Leaders
     Year 2016
     Abstract and night to develop the car, build the parts, and send the parts, the IT team, and the crew cleaning the factory  the DevOps Jigsaw,” Freeform Dynamics, copyright 2015: http://rewrite.ca.com/us/ articles/devops/assembling-the-devops-jigsaw.html  ING Bank Case Study,” CA World
     Url https://link.springer.com/chapter/10.1007/978-1-4842-1842-6_1

