Showing papers for search query "Concurrent+Engineering"+"Factory"

     Search term "Concurrent+Engineering"+"Factory"
     Title Modelling manufacturing capability to support concurrent engineering
     Author ['A Molina', 'T lan Andrew Ellis']
     Venue … Engineering
     Year 1995
     Abstract and strategies The Manufacturing Model has four levels based on a de-facto standard (i e , Factory, Shop, Cell  of a prototype research system called the Model Oriented Simultaneous Engineering System (MOSES) which aims to support concurrent engineering more effectively
     Url https://journals.sagepub.com/doi/abs/10.1177/1063293X9500300105


     Search term "Concurrent+Engineering"+"Factory"
     Title The historical roots of concurrent engineering fundamentals
     Author ['RP Smith']
     Venue IEEE Transactions on Engineering Management
     Year 1997
     Abstract reduced. More machine hours are made available for other tasks, and thus the capacity of the factory is virtually increased  95]. Page 7. SMITH: HISTORICAL ROOTS OF CONCURRENT ENGINEERING FUNDAMENTALS 73
     Url https://ieeexplore.ieee.org/abstract/document/552809/


     Search term "Concurrent+Engineering"+"Factory"
     Title Digital Factory Wizard: an integrated system for concurrent digital engineering in product lifecycle management
     Author ['GY Kim', 'JY Lee', 'HS Kang', 'SD Noh']
     Venue International Journal of …
     Year 2010
     Abstract In this article, to achieve integrated and concurrent engineering in a PLM environment, a solution, digital factory wizard (DFW), is proposed, which enables interoperability between heterogeneous systems and integrated management information and also provides
     Url https://www.tandfonline.com/doi/abs/10.1080/0951192X.2010.511653


     Search term "Concurrent+Engineering"+"Factory"
     Title The learning factory—A new approach to integrating design and manufacturing into the engineering curriculum
     Author ['JS Lamancusa', 'JE Jorgensen']
     Venue Journal of engineering …
     Year 1997
     Abstract A. Penn State Accomplishments The Learning Factory project at Penn State can boast of several major achievements: • Four new MEEP-developed courses have been instituted at Penn State (Product Dissection, Concurrent Engineering, Entrepreneurship, Process Quality
     Url https://onlinelibrary.wiley.com/doi/abs/10.1002/j.2168-9830.1997.tb00272.x


     Search term "Concurrent+Engineering"+"Factory"
     Title Production engineering-oriented virtual factory: a planning cell-based approach to manufacturing systems design
     Author ['Z Wenbin', 'Y Juanqi', 'M Dengzhe', 'J Ye']
     Venue The International Journal …
     Year 2006
     Abstract The manufacturing sys- tems design process based on a planning cell is reengineered according to the concept of concurrent engineering. The process modeling of a production engineering-oriented virtual factory is proposed at generic and particular levels
     Url https://link.springer.com/content/pdf/10.1007/s00170-004-2453-4.pdf


     Search term "Concurrent+Engineering"+"Factory"
     Title Concurrent engineering in real and virtual tool production
     Author ['J Duhovnik', 'J Tavčar']
     Venue Concurrent Engineering
     Year 1999
     Abstract time was reduced by 32%. Key Words: concurrent engineering, enterprise modeling, virtual, toolmaker factory, product data management&mdash;PDM, enterprise resource planning&mdash;ERP, process chain. 1. Introduction
     Url https://journals.sagepub.com/doi/abs/10.1177/1063293X9900700107


     Search term "Concurrent+Engineering"+"Factory"
     Title Concurrent engineering: concepts, implementation and practice
     Author ['CS Syan', 'U Menon']
     Venue NA
     Year 2012
     Abstract better quality and shorter product develop- ment lead times is now widely acknowledged and the realization that the concurrent engineering approach offers  manufacturing department with about as much warning and involvement as if it had been thrown over the factory wall, it
     Url https://books.google.com/books?hl=fr&lr=&id=XmbxCAAAQBAJ&oi=fnd&pg=PR14&dq=%22Concurrent+Engineering%22+%22Factory%22&ots=hhgeOD_ut5&sig=BpRW87M7AjneZLQx6zvCZRTuURM


     Search term "Concurrent+Engineering"+"Factory"
     Title A comparison of approaches to concurrent engineering
     Author ['S Dowlatshahi']
     Venue The International Journal of Advanced Manufacturing …
     Year 1994
     Abstract Processes, pp. 2-3, McGraw-Hill, New York, 1989. 7. R. Miller, "Concept engineering: factory automation's missing front end", Manufacturing Systems, pp. 44-46, May 1988. 8  Mellon, 1988. Approaches to Concurrent Engineering 113 9
     Url https://link.springer.com/content/pdf/10.1007/BF01750417.pdf


     Search term "Concurrent+Engineering"+"Factory"
     Title Design for manufacturability & concurrent engineering: How to design for low cost, design in high quality, design for lean manufacture, and design quickly for …
     Author ['DM Anderson']
     Venue NA
     Year 2003
     Abstract of DFM 16 References 17 2. CONCURRENT ENGINEERING 19 2.1 Concurrent Engineering Design Teams 19 2.2 Concurrent Engineering of Tooling  Quality 185 6.10 Rational Selection of Lowest Cost Supplier 186 6.11 Low-bidding 188 6.12 Maximizing Factory Efficiency 195
     Url https://books.google.com/books?hl=fr&lr=&id=9st-HiYJhwcC&oi=fnd&pg=PA1&dq=%22Concurrent+Engineering%22+%22Factory%22&ots=a4RqNelZMT&sig=9K8J4RYVsFgIs3TZflYs3KpOrnM


     Search term "Concurrent+Engineering"+"Factory"
     Title VFF: virtual factory framework
     Author ['M Sacco', 'P Pedrazzoli', 'W Terkaj']
     Venue 2010 IEEE International …
     Year 2010
     Abstract of software tools supporting product engineering and manufacturing during the various stages of product and factory Iifecycles. These are designed focusing on specific tasks, thus missing to satisfY the requirements of networked collaboration and concurrent engineering for the
     Url https://ieeexplore.ieee.org/abstract/document/7477041/


     Search term "Concurrent+Engineering"+"Factory"
     Title Mediating effects of computer-aided design usage: From concurrent engineering to product development performance
     Author ['CL Tan', 'MA Vonderembse']
     Venue Journal of Operations Management
     Year 2006
     Abstract Journal of Operations Management. Volume 24, Issue 5, September 2006, Pages 494-510. Journal of Operations Management. Mediating effects of computer-aided design usage: From concurrent engineering to product development performance  2.1.1. Concurrent engineering
     Url https://www.sciencedirect.com/science/article/pii/S0272696305001518


     Search term "Concurrent+Engineering"+"Factory"
     Title Concurrent engineering through product data standards
     Author ['GP Carver', 'HM Bloom']
     Venue Control and Dynamic Systems
     Year 1992
     Abstract Page 1. CONCURRENT ENGINEERING THROUGH PRODUCT DATA STANDARDS GARY P. CARVER HOWARD M. BLOOM Factory Automation Systems Division Manufacturing Engineering Laboratory National Institute of Standards and Technology Gaithersburg,MD 20899
     Url https://www.sciencedirect.com/science/article/pii/B9780120127450500097


     Search term "Concurrent+Engineering"+"Factory"
     Title Product design in a concurrent engineering environment: an optimization approach
     Author ['S Dowlatshahi']
     Venue The International Journal of Production Research
     Year 1992
     Abstract Page 13. Product design in concurrent engineering 1815 Model MII The constraint related to the manufacturing cost is formulated as ' follows: k=I,2, .. ,p (7) Constraint (7)ensures that the manufacturing cost of parts does not exceed the factory cost of the unit product
     Url https://www.tandfonline.com/doi/abs/10.1080/00207549208948123


     Search term "Concurrent+Engineering"+"Factory"
     Title CAE for the manufacturing engineer: the role of process simulation in concurrent engineering
     Author ['KC Maddux', 'SC Jain']
     Venue MATERIAL AND MANUFACTURING …
     Year 1986
     Abstract manufacturing engineering area. With the appropriate shared CAE tools, concurrent engineering will be easier to implement. With the  the shop floor. Manufacturing process simulation tools have a key role in the Factory of the Future. Many of
     Url https://www.tandfonline.com/doi/abs/10.1080/10426918608953170


     Search term "Concurrent+Engineering"+"Factory"
     Title HRD's role in concurrent engineering
     Author ['RE Anderson']
     Venue Training & Development
     Year 1993
     Abstract In the mid-1980s, Deere introduced several concurrent-engineering efforts. A major one, in Deere's Harvester Works division, aimed at speeding the development of the 9000 Series Combine. Sixty manufacturing engineers moved out of the factory and into the Product
     Url https://go.gale.com/ps/i.do?id=GALE%7CA14377637&sid=googleScholar&v=2.1&it=r&linkaccess=abs&issn=10559760&p=AONE&sw=w


     Search term "Concurrent+Engineering"+"Factory"
     Title Agent-based product design and planning for distributed concurrent engineering
     Author ['J Sun', 'YF Zhang', 'AYC Nee']
     Venue Proceedings 2000 ICRA …
     Year 2000
     Abstract As an agent-based concurrent engineering system, the proposed architecture has been developed for the integration of design, process planning  To achieve this, a distributed database technique is adopted, establishing an individual database for a local factory, which is then
     Url https://ieeexplore.ieee.org/abstract/document/845140/


     Search term "Concurrent+Engineering"+"Factory"
     Title Concurrent engineering
     Author ['G Sohlenius']
     Venue CIRP annals
     Year 1992
     Abstract Page 1. Concurrent Engineering G. Sohlenius (l), Royal Institute of Technology, Stockholm  Flexible Automation, Design for Manufacture, Customized Order Controlled Manufacturing, Just in Time Production are still important elements within Concurrent Engineering
     Url https://www.sciencedirect.com/science/article/pii/S000785060763251X


     Search term "Concurrent+Engineering"+"Factory"
     Title CE4: concurrent engineering of product, process, facility, and organization
     Author ['JC Kunz', 'GT Luiten', 'MA Fischer', 'Y Jin']
     Venue … Engineering
     Year 1996
     Abstract on the design of a product and its manufacturing process [1]. In many industries, time to market for a new product depends increasingly on the time to develop the factory and the time to manage the concurrent engineering of the product, pro- cess, factory, and organization
     Url https://journals.sagepub.com/doi/abs/10.1177/1063293X9600400208


     Search term "Concurrent+Engineering"+"Factory"
     Title Collaborative engineering: A case study of Concurrent Engineering in a wider context
     Author ['SSA Willaert', 'R De Graaf', 'S Minderhoud']
     Venue Journal of Engineering and …
     Year 1998
     Abstract 1. Introduction. Many articles have recently been published concerning Concurrent Engineering (CE), but they fail to put CE in a wider context  A wide range of suppliers capable of supplying sophisticated components; • Firm-specific and factory-specific incremental innovation; •
     Url https://www.sciencedirect.com/science/article/pii/S092347489700026X


     Search term "Concurrent+Engineering"+"Factory"
     Title Achieving integration through managing concurrent engineering
     Author ['KS Pawar', 'JCKH Riedel']
     Venue International Journal of production …
     Year 1994
     Abstract to “enliven” some of the theoret- ical points made and to demonstrate the successful application of concurrent engineering techniques  may be tried includes project management scheduling packages and simulation languages to evaluate the performance of the current factory
     Url https://www.academia.edu/download/54218906/0925-5273_2894_2990162-720170823-2578-lvlnno.pdf


     Search term "Concurrent+Engineering"+"Factory"
     Title The learning factory–10 years of impact at penn state
     Author ['JS Lamancusa', 'TW Simpson']
     Venue International Conference on Engineering …
     Year 2004
     Abstract capstone design course. The Product Dissection, Concurrent Engineering, and Entrepreneurship courses were developed by the Learning Factory team specifically for this purpose. The Engineering Entrepreneurship course
     Url http://citeseerx.ist.psu.edu/viewdoc/download?doi=10.1.1.138.4341&rep=rep1&type=pdf


     Search term "Concurrent+Engineering"+"Factory"
     Title Concurrent engineering: automation, tools, and techniques
     Author ['A Kusiak']
     Venue NA
     Year 1992
     Abstract This new approach also influences the vision of the factory of the future because all life-cycle phases of the products now are becoming a direct responsibility of the manufacturing enterprise. Concurrent engineering refers to the practice of incorporating various values of a
     Url https://books.google.com/books?hl=fr&lr=&id=D0wPwKhZlIYC&oi=fnd&pg=PA1&dq=%22Concurrent+Engineering%22+%22Factory%22&ots=_K3uUYXoPY&sig=o8OzHVTGKWvEjpFgZrwX7LL1-uE


     Search term "Concurrent+Engineering"+"Factory"
     Title Concurrent Engineering: an overview for Autotestcon
     Author ['JP Pennell', 'RI Winner', 'HE Bertrand']
     Venue … Automatic Testing in …
     Year 1989
     Abstract reported include 60 percent reduction in product development time, elimination of two thirds of the inspectors in one factory, and several million dollars annual savings in chemical and soldering processes. The methods and technologies of concurrent engineering are outlined
     Url https://ieeexplore.ieee.org/abstract/document/81104/


     Search term "Concurrent+Engineering"+"Factory"
     Title Concurrent engineering: new rules for world-class companies
     Author ['SG Shina']
     Venue IEEE Spectrum
     Year 1991
     Abstract In es- sence, "bookkeeping" facilities arrange large quantiies of information in a way that enhances the concurrent engineering team's ability to use it and to cross over functional boundaries  gave factory workers seven powesEul tools to enhance their p ~ ~ d ~ ~ ~ i ~ and
     Url https://ieeexplore.ieee.org/abstract/document/83462/


     Search term "Concurrent+Engineering"+"Factory"
     Title Foundations of concurrent engineering
     Author ['L Koskela']
     Venue Concurrent Engineering in construction projects
     Year 2007
     Abstract May–June, pp. 139–144. Page 44. Foundations of CE 29 Reinertsen, DG (1997), Managing the Design Factory, The Free Press, New York, 267 p. Rolstadås, A.(1995),'Planning and control of concurrent engineering projects',
     Url https://books.google.com/books?hl=fr&lr=&id=gSp9AgAAQBAJ&oi=fnd&pg=PA12&dq=%22Concurrent+Engineering%22+%22Factory%22&ots=bT199_q8Hg&sig=1-SALC3gqoqoYSj5lSDn3mbSgbY


     Search term "Concurrent+Engineering"+"Factory"
     Title The role of concurrent engineering in weapons system acquisition
     Author ['RI Winner', 'JP Pennell', 'HE Bertrand']
     Venue NA
     Year 1988
     Abstract [Not Found]
     Url [Not Found]


     Search term "Concurrent+Engineering"+"Factory"
     Title Design for manufacturability: how to use concurrent engineering to rapidly develop low-cost, high-quality products for lean production
     Author ['DM Anderson']
     Venue NA
     Year 2020
     Abstract Page 2. Design for Manufacturability How to Use Concurrent Engineering to Rapidly Develop Low-Cost, High-Quality Products for Lean Production Second Edition David M. Anderson Page 3  |Concurrent engineering. | BISAC: BUSINESS & ECONOMICS / Quality Control
     Url https://books.google.com/books?hl=fr&lr=&id=h7fjDwAAQBAJ&oi=fnd&pg=PT23&dq=%22Concurrent+Engineering%22+%22Factory%22&ots=GMYYZ8oiVz&sig=yt_BuEoG6g0OdzaG2qObS-7KyLE


     Search term "Concurrent+Engineering"+"Factory"
     Title Application of concurrent engineering in manufacturing industry
     Author ['TT Pullan', 'M Bhasi', 'G Madhu']
     Venue International Journal of Computer …
     Year 2010
     Abstract It only focuses on the information of design for manufacturability on the factory level. The two manufacturing capability models to support concurrent engineering are capable of representing the resource capability on the workstation level (Noel and Brissaud 2003 Noel, F. and
     Url https://www.tandfonline.com/doi/abs/10.1080/09511921003643152


     Search term "Concurrent+Engineering"+"Factory"
     Title An integrated simulation method to support virtual factory engineering
     Author ['W Zhai', 'X Fan', 'J Yan', 'P Zhu']
     Venue International Journal of CAD/CAM
     Year 2002
     Abstract 1). Concurrent engineering takes an important role in reduction the time of factory design and implementation and improvement of the efficiency of factory operation. Every stage of the VFE lifecycle is involved in concurrent engineering
     Url https://www.koreascience.or.kr/article/JAKO200219463923919.page


     Search term "Concurrent+Engineering"+"Factory"
     Title World-class concurrent engineering
     Author ['DP Clausing']
     Venue Concurrent Engineering: Tools and Technologies for …
     Year 1993
     Abstract EJ Haug (ed.), Concurrent Engineering: Tools and Technologies for Mechanical System Design © Springer-Verlag Berlin Heidelberg 1993  enough to ensure that the product will provide customer satisfaction even when subject to the real conditions of the factory and customer
     Url https://link.springer.com/chapter/10.1007/978-3-642-78119-3_1


     Search term "Concurrent+Engineering"+"Factory"
     Title Concurrent engineering at Boeing Helicopters
     Author ['B Chiesi', 'T Parasida', 'E Walliser']
     Venue NA
     Year NA
     Abstract [Not Found]
     Url [Not Found]


     Search term "Concurrent+Engineering"+"Factory"
     Title Development of a concurrent engineering education environment
     Author ['H Rozenfeld', 'CBM De Oliveira']
     Venue International Journal of …
     Year 2000
     Abstract To this end, concurrent engineering (CE) has been used as the philosophy that supports the product development business process. This paper presents the concurrent engineering education environment developed at the FIM (Model Integrated Factory, USP Sa˜o Carlos)
     Url https://www.tandfonline.com/doi/abs/10.1080/09511920050195913


     Search term "Concurrent+Engineering"+"Factory"
     Title The Learning Factory-Integrating design, manufacturing and business realities into engineering curricula-a sixth year report card
     Author ['JS Lamancusa', 'JE Jorgensen', 'JL Zayas-Castro']
     Venue International Conference …
     Year 2001
     Abstract by ME, Concurrent Engineering taught by IE. ChemE offers courses in pharmaceutical operations, polymers processing, and manufacturing processes. Courses emphasize practice-based hands-on experiences, stimulate innovation and combine the use of the Learning Factory
     Url http://citeseerx.ist.psu.edu/viewdoc/download?doi=10.1.1.135.2604&rep=rep1&type=pdf


     Search term "Concurrent+Engineering"+"Factory"
     Title A quantitative approach to the process modeling and planning in concurrent engineering
     Author ['HS Yan', 'Z Wang', 'M Jiang']
     Venue Concurrent Engineering
     Year 2002
     Abstract Received 6 March 2001 Abstract: This paper deals with the quantitative modeling and planning of the product development process in concurrent engineering (CE)  The computational result of an example from an automobile factory shows the effectiveness of the algorithm
     Url https://journals.sagepub.com/doi/abs/10.1177/1063293x02010002053


     Search term "Concurrent+Engineering"+"Factory"
     Title Assessing organizational readiness for implementing concurrent engineering practices and collaborative technologies
     Author ['HM Karandikar', 'ME Fotta', 'M Lawson']
     Venue … Second Workshop on …
     Year 1993
     Abstract Page 1. Assessing Organizational Readiness for Implementing Concurrent Engineering Practices and Collaborative Technologies HM Karandikar M. E. Fotta M. Lawson R. T. Wood Concurrent Engineering Research Center West Virginia University Morgantown, WV 26506
     Url https://ieeexplore.ieee.org/abstract/document/263060/


     Search term "Concurrent+Engineering"+"Factory"
     Title Concurrent engineering: shortening lead times, raising quality, and lowering costs
     Author ['JR Hartley']
     Venue NA
     Year 2017
     Abstract Page 2. Concurrent Engineering Page 3. _) Taylor & Francis / Taylor & Francis Group http://taylorandfrancis.com Page 4. Concurrent Engineering Shortening Lead Times, Raising Quality, and Lowering Costs John R. Hartley productiviſiºness Page 5
     Url https://books.google.com/books?hl=fr&lr=&id=SGVQDwAAQBAJ&oi=fnd&pg=PP1&dq=%22Concurrent+Engineering%22+%22Factory%22&ots=zj2sonmwRt&sig=HY4mAVDEkDsrcOVsiUBPpcMgn2k


     Search term "Concurrent+Engineering"+"Factory"
     Title Concurrent engineering and its consequences
     Author ['X Koufteros', 'M Vonderembse', 'W Doll']
     Venue Journal of operations management
     Year 2001
     Abstract Concurrent engineering is the early involvement of a cross-functional team to simultaneously plan product, process, and manufacturing activities (Hartley, 1992  These mismatches are often caused by the designer's mis-perceptions of factory capabilities (Langowitz, 1988)
     Url https://www.sciencedirect.com/science/article/pii/S0272696300000486


     Search term "Concurrent+Engineering"+"Factory"
     Title Development of a readiness assessment model for concurrent engineering in construction
     Author ['MMA Khalfan', 'CJ Anumba', 'PM Carrillo']
     Venue … : An International Journal
     Year 2001
     Abstract 5 No. 2, June, pp.155‐62. Martin A. and Evans S. (1992), “Project planning in a concurrent engineering environment”, Proceedings of 3rd International Conference on Factory 2000, York, July, pp.298‐303. Muya, M., Price, ADF
     Url https://www.emerald.com/insight/content/doi/10.1108/14635770110396638/full/html


     Search term "Concurrent+Engineering"+"Factory"
     Title Concurrent engineering tools: Are the human issues being ignored?
     Author ['N King', 'A Majchrzak']
     Venue IEEE Transactions on engineering …
     Year 1996
     Abstract For example, the objective of the concurrent engineering environment (CEE) CE tool is to integrate organization-wide code libraries and data  standardized information to be usefully applied is the limited use of standardized databases of physical attributes of factory floor layouts
     Url https://ieeexplore.ieee.org/abstract/document/509984/


     Search term "Concurrent+Engineering"+"Factory"
     Title Tasks Organization in Concurrent Engineering [J]
     Author ['DMCJG Wei']
     Venue SYSTEMS ENGINEERING---THEORY & PRACTICE
     Year 1996
     Abstract YANG Yantao1,LIU Cunxiang2,ZHANG Baoshan3 (1.Yellow River Conservancy Technical Institute,Kaifeng 475004;2. Henan Agricultural University,Zhengzhou 450002;3.Tangshan Metallurgy Mining Machinery Factory,Tangshan 063027,China);Concurrent Engineering and
     Url http://en.cnki.com.cn/Article_en/CJFDTotal-XTLL608.011.htm


     Search term "Concurrent+Engineering"+"Factory"
     Title Concurrent engineering in the 21st century
     Author ['J Stjepandić', 'N Wognum', 'WJC Verhagen']
     Venue … , developments and challenges
     Year 2015
     Abstract com. His current research is focused on systems engi- neering, modular design, and digital factory  Her field of interest has since long been the interaction between various dimensions, disciplines, and functions, as in Concurrent Engineering
     Url https://link.springer.com/content/pdf/10.1007/978-3-319-13776-6.pdf


     Search term "Concurrent+Engineering"+"Factory"
     Title Product development and concurrent engineering
     Author ['CH Loch', 'C Terwiesch']
     Venue Innovations in competitive manufacturing
     Year 2000
     Abstract Pisano, G. (1997). The Development Factory. Harvard Business School Press, Boston. Smith, R. (1997). "The Historical Roots of Concurrent Engineering Fundamentals." IEEE Transactions on Engineering Management, 44, 67-78. Smith, RP and SD Eppinger (1997)
     Url https://link.springer.com/chapter/10.1007/978-1-4615-1705-4_22


     Search term "Concurrent+Engineering"+"Factory"
     Title The relevance of concurrent engineering in industrial technology programs
     Author ['D Radha Balamuralikrishna']
     Venue Journal of …
     Year 2000
     Abstract He recently received the “Faculty of the Year” award from NIU's College of Engineering and Engineering Technology. Introduction Concurrent engineering has become a common phrase heard on factory floors and mentioned in the literature during the decade of the 1990s
     Url https://pdfs.semanticscholar.org/bffc/74ab55fb45259bb743b24930b43a9dc85086.pdf


     Search term "Concurrent+Engineering"+"Factory"
     Title Withdrawal of team autonomy during concurrent engineering
     Author ['D Gerwin', 'L Moffat']
     Venue Management Science
     Year 1997
     Abstract 43, No. 9, September T997 Page 3. GERWIN AND MOFFAT Withdrawal of Team /lutonmuu During Concurrent Engineering management  Klein (1991) studied a factory, operating under socio—technical principles, that subse- quently introduced Iust-ln-Time (IIT) methods
     Url https://pubsonline.informs.org/doi/abs/10.1287/mnsc.43.9.1275


     Search term "Concurrent+Engineering"+"Factory"
     Title Concurrent engineering in product development
     Author ['RA Sprague', 'KJ Singh', 'RT Wood']
     Venue IEEE Design & Test of …
     Year 1991
     Abstract execu- tive commitment, for managing inter- locking team activities,and for teaching skills in implementing and practicing concurrent engineering I planning a microfactory to provide a flexible manufacturing outlet for the CE testbed aswell as a "teaching factory" I interviewing
     Url https://ieeexplore.ieee.org/abstract/document/75658/


     Search term "Concurrent+Engineering"+"Factory"
     Title An Internet-enabled integrated system for co-design and concurrent engineering
     Author ['WD Li', 'JYH Fuh', 'YS Wong']
     Venue Computers in Industry
     Year 2004
     Abstract Table 2. Related work of distributed concurrent engineering for design and manufacturing  The collaborative server can dynamically generate working sessions based on a Java RMI 'object factory' mechanism, and provides references to these sessions for clients to request and
     Url https://www.sciencedirect.com/science/article/pii/S016636150400017X


     Search term "Concurrent+Engineering"+"Factory"
     Title Process capability modelling in an integrated concurrent engineering system—the feature-oriented capability module
     Author ['JC Naish']
     Venue Journal of Materials Processing Technology
     Year 1996
     Abstract The database provides sufficient detail for actual tool and machine facilities in a factory to be described  I. Introduction More advanced models of cutting process capabilities are required as CAD and CAPP systems are integrated into concurrent engineering systems
     Url https://www.sciencedirect.com/science/article/pii/0924013696024764


     Search term "Concurrent+Engineering"+"Factory"
     Title Concurrent engineering and design for manufacture of electronics products
     Author ['SG Shina']
     Venue NA
     Year 2012
     Abstract the use of the tools of structured analysis to describe the different processes and information flow inherent in a complex electronics factory  In this chapter, the methods and techniques of concurrent engineering will be presented as a prelude to more in-depth discussions in the
     Url https://books.google.com/books?hl=fr&lr=&id=8OTvBwAAQBAJ&oi=fnd&pg=PR7&dq=%22Concurrent+Engineering%22+%22Factory%22&ots=A16fU53viU&sig=aCz7WtIby2N51VwyxMpIAiKSl7E


     Search term "Concurrent+Engineering"+"Factory"
     Title Concurrent engineering: a partnership approach
     Author ['RP Smith', 'RR Barton', 'CA Nowack']
     Venue ASEE Annual …
     Year 1996
     Abstract First, MEEP objectives call for a curriculum that is practice-based, using the Learning Factory (a hands-on design/prototyping/ manufacturing laboratory) at each institution to  Third, the curriculum should provide a comprehensive coverage of concurrent engineering topics
     Url http://citeseerx.ist.psu.edu/viewdoc/download?doi=10.1.1.8.9447&rep=rep1&type=pdf


     Search term "Concurrent+Engineering"+"Factory"
     Title Concurrent engineering: practices and prospects
     Author ['JP Pennell', 'RI Winner']
     Venue … Technology for the 1990s and Beyond'
     Year 1989
     Abstract When these companies pursued a vigorous quality program to improve their competitive capabilities, they often found that concurrent engineering was a  cost savings result from reductions in scrap and rework (the elimination of the so-called “hidden factory”), reduced warranty
     Url https://ieeexplore.ieee.org/abstract/document/64049/

