Showing papers for search query "Continuous"+"Cyber-physical+system"+OR+"Industrial+control+system"+OR+"ICS"+OR+"SCADA"+OR+"Distributed+control+system"+OR+"DCS"+"Regulated+Domain"

     Search term "Continuous"+"Cyber-physical+system"+OR+"Industrial+control+system"+OR+"ICS"+OR+"SCADA"+OR+"Distributed+control+system"+OR+"DCS"+"Regulated+Domain"
     Title The dynamics of Turing patterns for morphogen-regulated growing domains with cellular response delays
     Author ['SS Lee', 'EA Gaffney', 'RE Baker']
     Venue Bulletin of mathematical biology
     Year 2011
     Abstract The potential for increased disruption and sensitivity arising from the prospect of delays between signal and effect in morphogen-regulated domain growth is unex- plored, though such dynamics is immediately apparent from the cell proliferation biology
     Url https://link.springer.com/content/pdf/10.1007/s11538-011-9634-8.pdf


     Search term "Continuous"+"Cyber-physical+system"+OR+"Industrial+control+system"+OR+"ICS"+OR+"SCADA"+OR+"Distributed+control+system"+OR+"DCS"+"Regulated+Domain"
     Title A review on the role of blockchain technology in the healthcare domain
     Author ['HD Zubaydi', 'YW Chong', 'K Ko', 'SM Hanshi']
     Venue Electronics
     Year 2019
     Abstract This is because healthcare is a regulated domain that involved patient's privacy. In this paper, problems related to implementation of blockchain technology in healthcare application and the challenges related to consensus algorithms are addressed
     Url https://www.mdpi.com/2079-9292/8/6/679


     Search term "Continuous"+"Cyber-physical+system"+OR+"Industrial+control+system"+OR+"ICS"+OR+"SCADA"+OR+"Distributed+control+system"+OR+"DCS"+"Regulated+Domain"
     Title Letter spirit(part two): modeling creativity in a visual domain
     Author ['JA Rehling']
     Venue NA
     Year 2001
     Abstract ity, the more general object of primary interest. But even typeface design, as much as it is a relatively controlled and regulated domain, involves a daunting amount of complexity and of niggling, potentially microscopic detail. In principle, there is no
     Url http://goosie.cogsci.indiana.edu/farg/rehling/lspirit/thesis/thesis.pdf


     Search term "Continuous"+"Cyber-physical+system"+OR+"Industrial+control+system"+OR+"ICS"+OR+"SCADA"+OR+"Distributed+control+system"+OR+"DCS"+"Regulated+Domain"
     Title Apical membrane turnover is accelerated near cell–cell contacts in an embryonic epithelium
     Author ['RD Fink', 'MS Cooper']
     Venue Developmental biology
     Year 1996
     Abstract the killifish Fundulus heteroclitus, epiboly takes about 24 ics over a period of several days  These Cells at the margin of the spreading enveloping layer of- ten show pronounced membrane turnover near their leading continuous increases in membrane turnover across certain
     Url https://www.sciencedirect.com/science/article/pii/S0012160696900640


     Search term "Continuous"+"Cyber-physical+system"+OR+"Industrial+control+system"+OR+"ICS"+OR+"SCADA"+OR+"Distributed+control+system"+OR+"DCS"+"Regulated+Domain"
     Title Resilience in information stewardship
     Author ['CID Pym', 'JWI Gheyas']
     Venue RN
     Year 2014
     Abstract Page 1. UCL DEPARTMENT OF COMPUTER SCIENCE Research Note RN/14/16 Resilience in Information Stewardship 11 December 2014 Christos Ioannidis David Pym Julian Williams Iffat Gheyas Abstract Information security
     Url http://citeseerx.ist.psu.edu/viewdoc/download?doi=10.1.1.727.7772&rep=rep1&type=pdf


     Search term "Continuous"+"Cyber-physical+system"+OR+"Industrial+control+system"+OR+"ICS"+OR+"SCADA"+OR+"Distributed+control+system"+OR+"DCS"+"Regulated+Domain"
     Title Resilience in information stewardship
     Author ['C Ioannidis', 'D Pym', 'J Williams', 'I Gheyas']
     Venue European Journal of Operational …
     Year 2019
     Abstract JavaScript is disabled on your browser. Please enable JavaScript to use all the features on this page. Skip to main content Skip to article
     Url https://www.sciencedirect.com/science/article/pii/S0377221718308737


     Search term "Continuous"+"Cyber-physical+system"+OR+"Industrial+control+system"+OR+"ICS"+OR+"SCADA"+OR+"Distributed+control+system"+OR+"DCS"+"Regulated+Domain"
     Title Hard macrocells for DC/DC converter in automotive embedded mechatronic systems
     Author ['S Saponara', 'L Fanucci', 'E Biagi', 'R Serventi']
     Venue EURASIP Journal on …
     Year 2017
     Abstract FET, using a transformer for galvanic isolation between the 48 V DC domain and the output regulated domain  a very accurate supply, and the power consumption is mainly low due to continuous charging/discharging  Safety has a primary role in the design of automotive ICs
     Url https://link.springer.com/article/10.1186/s13639-016-0044-8


     Search term "Continuous"+"Cyber-physical+system"+OR+"Industrial+control+system"+OR+"ICS"+OR+"SCADA"+OR+"Distributed+control+system"+OR+"DCS"+"Regulated+Domain"
     Title Faulkner and the Discourses of Culture
     Author ['C Hannon']
     Venue NA
     Year 2012
     Abstract Page 1. FAULKNER AND THE DISCOURSES CULTURE Charles Harmon Page 2. PAULKNER AND THE DISCOURSES % CULTURE ~ Charles Hannon Page 3. SOUTHERN LITERARY STUDIES Fred Hobson, Editor Page 4. This page intentionally left blank Page 5
     Url https://books.google.com/books?hl=en&lr=&id=MnAotqvgaI4C&oi=fnd&pg=PP2&dq=%22Continuous%22+%22Cyber-physical+system%22+OR+%22Industrial+control+system%22+OR+%22ICS%22+OR+%22SCADA%22+OR+%22Distributed+control+system%22+OR+%22DCS%22+%22Regulated+Domain%22&ots=qrFGiv-QCa&sig=FlZGbLwE42noC-Dv8X6LP21DTAQ


     Search term "Continuous"+"Cyber-physical+system"+OR+"Industrial+control+system"+OR+"ICS"+OR+"SCADA"+OR+"Distributed+control+system"+OR+"DCS"+"Regulated+Domain"
     Title Telemedicine: licensing and other legal issues
     Author ['G Siegal']
     Venue Otolaryngologic Clinics of North America
     Year 2011
     Abstract networks. 4 x4Terry, NP Physician and patients who “friend or tweet”: constructing a legal framework for social networking in a highly regulated domain. Indiana Law Rev. 2010; 43: 266 Google ScholarSee all References. Jump
     Url https://www.oto.theclinics.com/article/S0030-6665(11)00145-9/abstract


     Search term "Continuous"+"Cyber-physical+system"+OR+"Industrial+control+system"+OR+"ICS"+OR+"SCADA"+OR+"Distributed+control+system"+OR+"DCS"+"Regulated+Domain"
     Title Focus on extracellular vesicles: physiological role and signalling properties of extracellular membrane vesicles
     Author ['N Iraci', 'T Leonardi', 'F Gessler', 'B Vega']
     Venue International journal of …
     Year 2016
     Abstract Furthermore, B cell-derived exosomes specifically interacted with the membrane of follicular dendritic cells (DCs) derived from human tonsils, further supporting their active secretion in vivo [94,95]. Exosomes from DCs were
     Url https://www.mdpi.com/1422-0067/17/2/171


     Search term "Continuous"+"Cyber-physical+system"+OR+"Industrial+control+system"+OR+"ICS"+OR+"SCADA"+OR+"Distributed+control+system"+OR+"DCS"+"Regulated+Domain"
     Title Market structure and hospital-insurer bargaining in the Netherlands
     Author ['R Halbersma', 'M Mikkers', 'E Motchenkova', 'I Seinen']
     Venue NA
     Year 2007
     Abstract In 2005, competition has been introduced in some segments in the health care sector (for example some parts of the hospital care and physiotherapy). The Dutch government is also planning to introduce more incentive-based mecha- nisms in the currently regulated domain
     Url https://papers.ssrn.com/sol3/papers.cfm?abstract_id=963107


     Search term "Continuous"+"Cyber-physical+system"+OR+"Industrial+control+system"+OR+"ICS"+OR+"SCADA"+OR+"Distributed+control+system"+OR+"DCS"+"Regulated+Domain"
     Title Topics, Topicality and the New Topos
     Author ['M Heim']
     Venue Philosophy Today
     Year 1981
     Abstract prob- lem of the principium indimdm over against the entire law-regulated domain of objectively  Top- ics are existential spaces where opinions we hold are more than "held," where  how our current topicality can be interpretedly reflectively as historically continuous with impulses
     Url https://www.pdcnet.org/philtoday/content/philtoday_1981_0025_0002_0131_0138


     Search term "Continuous"+"Cyber-physical+system"+OR+"Industrial+control+system"+OR+"ICS"+OR+"SCADA"+OR+"Distributed+control+system"+OR+"DCS"+"Regulated+Domain"
     Title Agent organization framework for coordinated multi-robot soccer
     Author ['GYR Schropp']
     Venue NA
     Year 2014
     Abstract Page 1. Utrecht University University of Edinburgh Msc Thesis Cognitive Artificial Intelligence Agent Organization Framework for Coordinated Multi-Robot Soccer Author: Gwendolijn Schropp 3345319 Supervisors: Prof. Dr. John-Jules Meyer (UU) Dr. Subramanian
     Url https://dspace.library.uu.nl/handle/1874/294948


     Search term "Continuous"+"Cyber-physical+system"+OR+"Industrial+control+system"+OR+"ICS"+OR+"SCADA"+OR+"Distributed+control+system"+OR+"DCS"+"Regulated+Domain"
     Title High Voltage and Power
     Author ['G Ricotti', 'G Maggioni']
     Venue More than Moore
     Year 2009
     Abstract constitutes the “end of life” of nixies (mechanical failure excepted) but a continuous reduction of  4.12 and 4.13, two examples of HV ICs are shown, designed on a junction-isolated  some examples of new systems that have migrated in the electrical or regulated domain and their
     Url https://link.springer.com/chapter/10.1007/978-0-387-75593-9_4


     Search term "Continuous"+"Cyber-physical+system"+OR+"Industrial+control+system"+OR+"ICS"+OR+"SCADA"+OR+"Distributed+control+system"+OR+"DCS"+"Regulated+Domain"
     Title Data driven decision making in Industrial Control Systems
     Author ['A Bäck']
     Venue NA
     Year 2019
     Abstract Title: Data driven decision making in Industrial Control System Date 12.12.2019 Number of pages 58 Summary  Language: English Keywords: ICS, Data, Digitalisation, DevOps Page 4. iii  Develop a forward proof architecture that allows continuous deployment and innovation
     Url https://www.theseus.fi/bitstream/handle/10024/266700/Back_Andreas.pdf?sequence=2


     Search term "Continuous"+"Cyber-physical+system"+OR+"Industrial+control+system"+OR+"ICS"+OR+"SCADA"+OR+"Distributed+control+system"+OR+"DCS"+"Regulated+Domain"
     Title THE IDEA OF A WALL
     Author ['J Currie']
     Venue … Victorian Schoolrooms: Childhood and Education in …
     Year 2013
     Abstract schoolroom. In Robson's illustration, the linear and orderly arrangement of desks, ordained by both teacher and architect, reflects a contemporary spatial practice, reinforcing the schoolroom's orderly and regulated domain. For
     Url https://books.google.com/books?hl=en&lr=&id=ti7fAQAAQBAJ&oi=fnd&pg=PA11&dq=%22Continuous%22+%22Cyber-physical+system%22+OR+%22Industrial+control+system%22+OR+%22ICS%22+OR+%22SCADA%22+OR+%22Distributed+control+system%22+OR+%22DCS%22+%22Regulated+Domain%22&ots=6Pa3panit8&sig=0OMSTsgn5xehFtEtrStnTM4ZcdI


     Search term "Continuous"+"Cyber-physical+system"+OR+"Industrial+control+system"+OR+"ICS"+OR+"SCADA"+OR+"Distributed+control+system"+OR+"DCS"+"Regulated+Domain"
     Title D1. 4–Model Validation
     Author ['A Pollini', 'AT DBL', 'W Shim', 'M De Gramatica', 'U Turhan']
     Venue NA
     Year NA
     Abstract Defender's main actions are: - Implement the five security control areas (governance and people, policy, processes, procedures, technical controls), - Execute continuous monitoring, periodic analysis, audit and update - Deploy incident response1 The costs have been
     Url http://seconomicsproject.eu/sites/default/files/seconomics/public/content-files/deliverables/D1.4_Model_Validation_v2.0.pdf


     Search term "Continuous"+"Cyber-physical+system"+OR+"Industrial+control+system"+OR+"ICS"+OR+"SCADA"+OR+"Distributed+control+system"+OR+"DCS"+"Regulated+Domain"
     Title Data Driven User Experience for Personalizing Hearing Health Care
     Author ['B Johansen', 'JE Larsen', 'MK Petersen', 'P Bækgaard']
     Venue NA
     Year 2019
     Abstract Thanks, Søren Kar- maric Riis and Francois Patou, for letting me work with you and teaching me about cochlear implants. The stay with Oticon Medical to broaden my horizons in medical implants, programming in Python and working with data analyt- ics
     Url https://orbit.dtu.dk/files/219275599/Afhandling_Benjamin_Johansen.pdf


     Search term "Continuous"+"Cyber-physical+system"+OR+"Industrial+control+system"+OR+"ICS"+OR+"SCADA"+OR+"Distributed+control+system"+OR+"DCS"+"Regulated+Domain"
     Title Brain-Computer Interface Technologies
     Author ['C Clément']
     Venue NA
     Year 2019
     Abstract by a traumatism receive help from other sections of the brain. The way our synapses interleave is in a continuous evolution, and we ignore the rules governing these changes. For a long time, we could not do much more than
     Url https://link.springer.com/content/pdf/10.1007/978-3-030-27852-6.pdf


     Search term "Continuous"+"Cyber-physical+system"+OR+"Industrial+control+system"+OR+"ICS"+OR+"SCADA"+OR+"Distributed+control+system"+OR+"DCS"+"Regulated+Domain"
     Title Low Power Mixed Signal Sensor Design Techniques and Applications
     Author ['SN Wooters']
     Venue NA
     Year 2011
     Abstract The unregulated blocks include a rectifier, storage capacitor, joule monitor, voltage/current reference, and voltage regulator circuit to provide power to the regulated domain. The regulated domain has a demodulator, transmitter, micro- controller, and sensors 47
     Url http://search.proquest.com/openview/4518902e6ef31bfec2f6e2cb0bea0c19/1?pq-origsite=gscholar&cbl=18750&diss=y


     Search term "Continuous"+"Cyber-physical+system"+OR+"Industrial+control+system"+OR+"ICS"+OR+"SCADA"+OR+"Distributed+control+system"+OR+"DCS"+"Regulated+Domain"
     Title Advanced Smartgrids for Distribution System Operators
     Author ['M Boillot']
     Venue NA
     Year 2014
     Abstract 81 4.1. Smart meters are key tools for the deployment of smart grids . . . . . 81 4.2. A continuous improvement and innovation approach . . . . . 82 4.2.1. From manual to remote reading for mass market customers
     Url https://books.google.com/books?hl=en&lr=&id=Fj6sBgAAQBAJ&oi=fnd&pg=PA145&dq=%22Continuous%22+%22Cyber-physical+system%22+OR+%22Industrial+control+system%22+OR+%22ICS%22+OR+%22SCADA%22+OR+%22Distributed+control+system%22+OR+%22DCS%22+%22Regulated+Domain%22&ots=itvDcqnbVe&sig=DkJfBpOwFv8Qk4lJMCugQClIsaI


     Search term "Continuous"+"Cyber-physical+system"+OR+"Industrial+control+system"+OR+"ICS"+OR+"SCADA"+OR+"Distributed+control+system"+OR+"DCS"+"Regulated+Domain"
     Title More than Moore: creating high value micro/nanoelectronics systems
     Author ['GQ Zhang', 'A Van Roosmalen']
     Venue NA
     Year 2010
     Abstract new types of electronics products with more than digital function, short-time-to-market for new product creation, and continuous cost reduction  van Roosmalen Moore's law characterized by extreme miniaturization and extreme cost reduc- tion is not only valid for ICs; for backend
     Url https://books.google.com/books?hl=en&lr=&id=RtgC2Ak80r8C&oi=fnd&pg=PA1&dq=%22Continuous%22+%22Cyber-physical+system%22+OR+%22Industrial+control+system%22+OR+%22ICS%22+OR+%22SCADA%22+OR+%22Distributed+control+system%22+OR+%22DCS%22+%22Regulated+Domain%22&ots=Mb1CgLDPNl&sig=HIEBK4EhDzDs6-gCpa6KY2fV8g4


     Search term "Continuous"+"Cyber-physical+system"+OR+"Industrial+control+system"+OR+"ICS"+OR+"SCADA"+OR+"Distributed+control+system"+OR+"DCS"+"Regulated+Domain"
     Title Flexibility in Metal–Organic Frameworks: A Basic Understanding
     Author ['N Aljammal', 'C Jabbour', 'S Chaemchuen', 'T Juzsakova']
     Venue Catalysts
     Year 2019
     Abstract Much has been written about the fundamental aspects of the metal–organic frameworks (MOFs). Still, details concerning the MOFs with structural flexibility are not comprehensively understood. However, a dramatic increase in research activities concerning rigid MOFs over the years
     Url https://www.mdpi.com/2073-4344/9/6/512


     Search term "Continuous"+"Cyber-physical+system"+OR+"Industrial+control+system"+OR+"ICS"+OR+"SCADA"+OR+"Distributed+control+system"+OR+"DCS"+"Regulated+Domain"
     Title Interlocking Safety Cases for Unmanned Autonomous Systems in Shared Airspaces
     Author ['M Vierhauser', 'S Bayley', 'J Wyngaard']
     Venue IEEE Transactions …
     Year 2019
     Abstract meant to complement existing safety practices and could, for exam- ple, be used as part of a formal review process in a regulated domain  Event-driven enhanced monitoring (continuous) Based on results from V2 and/or on changes in our current operating mode, enhance our
     Url https://ieeexplore.ieee.org/abstract/document/8674543/


     Search term "Continuous"+"Cyber-physical+system"+OR+"Industrial+control+system"+OR+"ICS"+OR+"SCADA"+OR+"Distributed+control+system"+OR+"DCS"+"Regulated+Domain"
     Title Advanced Smart Grids for Distribution System Operators
     Author ['N Hadjsaïd', 'JC Sabonnadière']
     Venue NA
     Year NA
     Abstract A continuous improvement and innovation approach  CO2 carbon dioxide CSI commercially sensitive information DBPSK differential binary PSK DCs data concentrators  interruption duration index SAIFI system average interruption frequency index SCADA supervisory control
     Url https://onlinelibrary.wiley.com/doi/pdf/10.1002/9781119054030


     Search term "Continuous"+"Cyber-physical+system"+OR+"Industrial+control+system"+OR+"ICS"+OR+"SCADA"+OR+"Distributed+control+system"+OR+"DCS"+"Regulated+Domain"
     Title The European Court of Human Rights and the politics of international law
     Author ['MR Madsen']
     Venue Research Handbook on the Politics of International …
     Year 2017
     Abstract when exercised in a more legalized domain than in a less regulated domain  dimension to the understanding of the evolution of IL and international courts (ICs) briefly discussed  prove themselves to reticent governments in order to secure the insti- tutions' continuous operation
     Url https://www.elgaronline.com/view/edcoll/9781783473977/9781783473977.00018.xml


     Search term "Continuous"+"Cyber-physical+system"+OR+"Industrial+control+system"+OR+"ICS"+OR+"SCADA"+OR+"Distributed+control+system"+OR+"DCS"+"Regulated+Domain"
     Title Software requirements for a nuclear plant operator advisor, the SIPO case study
     Author ["EMA D'Angelo"]
     Venue NA
     Year 1999
     Abstract Page 4. First, 1 would like to express my sincere gratitude and appreciation to Professor John Mylopoulos for his continuous support and interest  Page 12. PREFACE Page 13. ln process indusines, where a senes of continuous actions or steps are design to achieve a predeter
     Url https://tspace.library.utoronto.ca/bitstream/1807/11629/1/mq29237.pdf


     Search term "Continuous"+"Cyber-physical+system"+OR+"Industrial+control+system"+OR+"ICS"+OR+"SCADA"+OR+"Distributed+control+system"+OR+"DCS"+"Regulated+Domain"
     Title January 15, 2009
     Author ['A Boer']
     Venue NA
     Year 2009
     Abstract Tax legislation is for instance changed every year, leading to continuous adaptation of relevant computer applications for next year and the years after that, while the legislation of the present year and previous years is still being applied
     Url http://www.leibnizcenter.org/wp-content/uploads/2012/04/lt-sl-sw-aboer2009.pdf


     Search term "Continuous"+"Cyber-physical+system"+OR+"Industrial+control+system"+OR+"ICS"+OR+"SCADA"+OR+"Distributed+control+system"+OR+"DCS"+"Regulated+Domain"
     Title Regulatory strategies for selected member states (Denmark, Germany, Netherlands, Spain, the UK)
     Author ['FDJ Nieuwenhout', 'J Jansen', 'A van der Welle', 'L Olmos']
     Venue NA
     Year 2010
     Abstract However, a major part of the benefits of smarter grids will be outside the regulated domain, affecting the relation between customers and  by further upgrades of protection devices and the implementation of new software and hardware (ie power electron- ics-based) technologies
     Url https://www.ecn.nl/publicaties/PdfFetch.aspx?nr=ECN-O--10-007


     Search term "Continuous"+"Cyber-physical+system"+OR+"Industrial+control+system"+OR+"ICS"+OR+"SCADA"+OR+"Distributed+control+system"+OR+"DCS"+"Regulated+Domain"
     Title Changing Images Of Science
     Author ['G Markus']
     Venue Culture, Science, Society
     Year 2011
     Abstract Crawler SEO Page 7. Changing Images of Science • 137 theoretike and is divided (see Metaphysics, VI, 1026a18 and XI, 1064b1) into mathemat- ics, physics and theology; the latter often called philosophy (metaphysics). In later
     Url https://brill.com/view/book/9789004203495/Bej.9789004202405.i-666_008.xml


     Search term "Continuous"+"Cyber-physical+system"+OR+"Industrial+control+system"+OR+"ICS"+OR+"SCADA"+OR+"Distributed+control+system"+OR+"DCS"+"Regulated+Domain"
     Title India's Participatory Model: The Right to Information in Election Law
     Author ['M Mate']
     Venue Geo. Wash. Int'l L. Rev.
     Year 2015
     Abstract In contrast to the regulated domain of democratic processes in this second track, Habermas argues that the communicative processes of opinion-formation in the public sphere must necessa- rily be unregulated and autonomous of both the state and the mar- ket.4 1 Habermas
     Url https://heinonline.org/hol-cgi-bin/get_pdf.cgi?handle=hein.journals/gwilr48&section=15


     Search term "Continuous"+"Cyber-physical+system"+OR+"Industrial+control+system"+OR+"ICS"+OR+"SCADA"+OR+"Distributed+control+system"+OR+"DCS"+"Regulated+Domain"
     Title Reliability on the Move: Safety and reliability in transportation
     Author ['GB Guy', 'BA Sayers']
     Venue NA
     Year 1989
     Abstract Page 1. Safet Reliability Society RELIABILITY ON THE MOVE SAFETYAND RELIABILITY IN TRANSPORTATION Edited by GB GUY ELSEVIER APPLIED SCIENCE Page 2. Page 3. This One NATH-DQO-TY72 Page 4. - - -- - Page 5
     Url https://books.google.com/books?hl=en&lr=&id=iZt0eGgP0OEC&oi=fnd&pg=PR9&dq=%22Continuous%22+%22Cyber-physical+system%22+OR+%22Industrial+control+system%22+OR+%22ICS%22+OR+%22SCADA%22+OR+%22Distributed+control+system%22+OR+%22DCS%22+%22Regulated+Domain%22&ots=yw1fG4xnH_&sig=eZfSnWVPoARNRgxdPKQfAgZHkPc

