Showing papers for search query "Continuous"+"Factory"+"Formal+methods"

     Search term "Continuous"+"Factory"+"Formal+methods"
     Title Combining SDL Patterns with Continuous Quality Improvement: An Experience Factory Tailored to SDL Patterns
     Author ['B Geppert', 'F Rößler', 'RL Feldmann']
     Venue Proc. of the 1st …
     Year 1998
     Abstract Keywords SDL patterns, continuous quality improvement, Experience Factory, SDL methodology, software reuse 1 INTRODUCTION  Instead of formalizing reuse concepts, we aim to support reusability within the formal methods area
     Url http://www.sdl-forum.org/Events/SAM1998/geppert.pdf


     Search term "Continuous"+"Factory"+"Formal+methods"
     Title The Invention of Glazed Curtain Wall in 1903-The Steiff Toy Factory
     Author ['A Fissabre', 'B Niethammer']
     Venue … Cottbus, Germany, 20th-24th May 2009
     Year 2009
     Abstract the Steiff toy factory in the east Württembergian town of Giengen. Typical of this building is the continuous use of glass as a dominant building material. The construction, as simple as consistent in its type, anticipates attempts of new constructive and formal methods in industrial
     Url https://structurae.net/en/literature/conference-paper/invention-of-glazed-curtain-wall-in-1903-the-steiff-toy-factory


     Search term "Continuous"+"Factory"+"Formal+methods"
     Title Formal methods and their role in the certification of critical systems
     Author ['J Rushby']
     Venue Safety and reliability of software based systems
     Year 1997
     Abstract In order to describe why formal methods can be worthwhile, I begin by explaining why the  version dissimilar (or diverse) software-but this is not a fully satis- factory solution  In physical systems, there is usually a (piecewise) continuous relationship between inppts and outputs
     Url https://link.springer.com/chapter/10.1007/978-1-4471-0921-1_1


     Search term "Continuous"+"Factory"+"Formal+methods"
     Title Formal methods for the specification and design of real-time safety critical systems
     Author ['JS Ostroff']
     Venue Journal of Systems and Software
     Year 1992
     Abstract This article surveys formal methods for specifying, design- ing, and verifying real-time systems so as  turn in time, the robot might collide with another object on the factory floor  Time is continuous, monotonic, and divergent, whereas pro- gram variables generally do not have such
     Url https://www.sciencedirect.com/science/article/pii/016412129290045L


     Search term "Continuous"+"Factory"+"Formal+methods"
     Title Improving automation software dependability: A role for formal methods?
     Author ['TL Johnson']
     Venue Control engineering practice
     Year 2007
     Abstract Factory-level regression test suites will probably become a reality  to executable code produced at the end of the design process, most of the formal methods are based  Similarly, hybrid systems (having both continuous and discrete states) can be subjected to formal verification
     Url https://www.sciencedirect.com/science/article/pii/S0967066106001249


     Search term "Continuous"+"Factory"+"Formal+methods"
     Title Implementing an Internet-Enabled Software Experience Factory: Work in Progress
     Author ['R Webby', 'C Seaman', 'M Mendonca', 'VR Basili', 'YM Kim']
     Venue Proc. of the ICSE
     Year 1999
     Abstract Many companies already have informal or semi-formal methods of recording and sharing experiences about  The experience factory approach aims to establish an organizational infrastructure to facilitate systematic and continuous organizational learning through
     Url http://citeseerx.ist.psu.edu/viewdoc/download?doi=10.1.1.24.9126&rep=rep1&type=pdf


     Search term "Continuous"+"Factory"+"Formal+methods"
     Title Evidential and Continuous Integration of Software Verification Tools
     Author ['TA Beyene', 'H Ruess']
     Venue International Symposium on Formal Methods
     Year 2018
     Abstract FM 2018: Formal Methods pp 679-685 | Cite as. Evidential and Continuous Integration of Software Verification Tools  systems and air traffic management systems, ISO 26262 [11] in the automative domain, and IEC 61508 for industrial domains including factory automation and
     Url https://link.springer.com/chapter/10.1007/978-3-319-95582-7_45


     Search term "Continuous"+"Factory"+"Formal+methods"
     Title Continuous improvement in action applying quality principles to software
     Author ['SP Dawson']
     Venue INFORMATION SYSTEM MANAGEMENT
     Year 1994
     Abstract The original manufacturing and contracted development group had little experi- ence in formal methods  of pro- duction data, and provide implementation sup- port for the factory operations  managers supporting the pro;- ect actively promote a culture of continuous pro- cess
     Url https://www.tandfonline.com/doi/abs/10.1080/10580539408964617


     Search term "Continuous"+"Factory"+"Formal+methods"
     Title The industrial use of formal methods
     Author ['M Thomas']
     Venue Microprocessors and Microsystems
     Year 1993
     Abstract causes a coiled spring to stretch, then it is reasonable to assume continuous behaviour within  was formally specified in VVSL and (in June 1992) has passed factory acceptance  and several others in production or recently issued, recommend the use of formal methods for safety
     Url https://www.sciencedirect.com/science/article/pii/014193319390091K


     Search term "Continuous"+"Factory"+"Formal+methods"
     Title Formal methods in manufacturing
     Author ['J Campos', 'C Seatzu', 'X Xie']
     Venue NA
     Year 2018
     Abstract Performance evaluation and control of manufacturing systems using fluid (ie, continuous) Petri nets are  been a member of the IEEE IES Technical Committee on Factory Automation, cochair of  and Controls, guest editor of the special section on formal methods in manufacturing
     Url https://books.google.com/books?hl=en&lr=&id=7oPNBQAAQBAJ&oi=fnd&pg=PP1&dq=%22Continuous%22+%22Factory%22+%22Formal+methods%22&ots=uLc1VhgIqY&sig=CfrWMmrL4JWaXx_3Yt4P_pm238Y


     Search term "Continuous"+"Factory"+"Formal+methods"
     Title A reference activity model for smart factory design and improvement
     Author ['K Jung', 'SS Choi', 'B Kulvatunyou', 'H Cho']
     Venue Production planning & …
     Year 2017
     Abstract Lastly, a new method or technology may require restructuring of information to be used for production. This activity applies only to the case where a new manufacturing process is required. It is also important for continuous improvement of the factory
     Url https://www.tandfonline.com/doi/abs/10.1080/09537287.2016.1237686


     Search term "Continuous"+"Factory"+"Formal+methods"
     Title Support for teaching formal methods
     Author ['VL Almstrum', 'CN Dean', 'D Goelman']
     Venue Working group reports …
     Year 2001
     Abstract as a mathematics prerequisite (which was and is the role of continuous mathematics)  tools and include ACL2, HOL, Larch Prover, PVS, 7_JEVES, Concurrency Factory, Murphy, SVM  and WetStone Technologies, Report: State of the Art in Formal Methods, (Communicated by
     Url https://dl.acm.org/doi/abs/10.1145/571968.571970


     Search term "Continuous"+"Factory"+"Formal+methods"
     Title Object oriented and formal methods for AUV development
     Author ['J Champeau', 'P Dhaussy', 'R Moitie']
     Venue OCEANS 2000 MTS …
     Year 2000
     Abstract “Formal methods for broadband and multimedia systems“. In Computer Networks and ISDN Systems. Elsevier, 1998. B.Geppert, F.Rossler, RL Feldmann, and S.-Vorwieger. “Combining SDL patterns with continuous quality improvement: An experience factory tailored to SDL
     Url https://ieeexplore.ieee.org/abstract/document/881236/


     Search term "Continuous"+"Factory"+"Formal+methods"
     Title An integrated framework for continuous improvement on user satisfaction of information systems
     Author ['YL Lee', 'SL Hwang', 'EMY Wang']
     Venue Industrial Management & Data …
     Year 2006
     Abstract The ability to conveniently capture structured data also paves the way for continuous improvement of  applications is akin to conducting time and motion study in the factory, which is a  such as model comparison method proposed in this research or formal methods mentions in
     Url https://www.emerald.com/insight/content/doi/10.1108/02635570610661633/full/html


     Search term "Continuous"+"Factory"+"Formal+methods"
     Title Kinetic models in industrial biotechnology–improving cell factory performance
     Author ['J Almquist', 'M Cvijovic', 'V Hatzimanikatis', 'J Nielsen']
     Venue Metabolic …
     Year 2014
     Abstract [Not Found]
     Url https://www.sciencedirect.com/science/article/pii/S109671761400041X


     Search term "Continuous"+"Factory"+"Formal+methods"
     Title Software quality improvement by using an experience factory
     Author ['F Houdek']
     Venue Software Metrics
     Year 1997
     Abstract The usage of formal methods and techniques can not be very useful here  Necessary for systematic reuse is a continuous process of leaming, capturing, and packaging of experience as weil as  The con- cept of the Experience Factory defines such a framework by deviding up an
     Url https://link.springer.com/chapter/10.1007/978-3-322-99929-0_11


     Search term "Continuous"+"Factory"+"Formal+methods"
     Title A verification-supported evolution approach to assist software application engineers in industrial factory automation
     Author ['S Ulewicz', 'M Ulbrich', 'A Weigl', 'M Kirsten']
     Venue … on Assembly and …
     Year 2016
     Abstract M. Ulbrich, A. Weigl, M. Kirsten and B. Beckert are with the Karlsruhe Institute of Technology, Institute of Theoretical Informatics (e-mail: {ulbrich; weigl; kirsten; beckert}@kit.edu). In factory automation engineering, quality assurance by formal methods is not common yet
     Url https://ieeexplore.ieee.org/abstract/document/7750714/


     Search term "Continuous"+"Factory"+"Formal+methods"
     Title Formal methods in designing critical cyber-physical systems
     Author ['M Askarpour', 'C Ghezzi', 'D Mandrioli', 'M Rossi']
     Venue … to Formal Methods and …
     Year 2019
     Abstract to its complementary properties—such as space, time, safety, security, fault tolerance, continuous adaptation, communication  regarding the modeling of CPSs and discuss the value of formal methods in resolving  two case studies—a smart city and a smart factory—designed and
     Url https://link.springer.com/chapter/10.1007/978-3-030-30985-5_8


     Search term "Continuous"+"Factory"+"Formal+methods"
     Title Formal methods for reconfigurable assembly systems
     Author ['T Ribeiro', 'G Gonçalves']
     Venue … on Emerging Technologies & Factory …
     Year 2010
     Abstract Formal methods for reconfigurable assembly systems  The XPRESS project defined a new concept of intelli- gent factory to improve the flexibility of the manucfactur- ing  Modern Industries have a continuous need to satisfy their markets at better costs in order to keep competi- tive
     Url https://ieeexplore.ieee.org/abstract/document/5641248/


     Search term "Continuous"+"Factory"+"Formal+methods"
     Title A survey of static formal methods for building dependable industrial automation systems
     Author ['R Sinha', 'S Patil', 'L Gomes']
     Venue IEEE Transactions on …
     Year 2019
     Abstract Continuous validation and analysis are required as require- ments get refined during the development of the system. Re- quirements traceability is useful as it allows linking require- ments as they evolve [30]. Formal methods can help find con- sistencies between requirements
     Url https://ieeexplore.ieee.org/abstract/document/8678839/


     Search term "Continuous"+"Factory"+"Formal+methods"
     Title Guest editorial special section on formal methods in manufacturing
     Author ['J Campos']
     Venue IEEE Transactions on Industrial Informatics
     Year 2010
     Abstract the discrete evolution is modeled using interpreted Petri nets while the continuous part of  The methodology has been tested in a real factory where the system is currently in  Vissers, M. van Sinderen, and LF Pires, “What makes industries believe in formal methods,” in Protocol
     Url https://ieeexplore.ieee.org/abstract/document/5416325/


     Search term "Continuous"+"Factory"+"Formal+methods"
     Title Formal Methods.
     Author ['M Hinchey', 'JP Bowen', 'E Vassev']
     Venue NA
     Year 2010
     Abstract have been developed, such as Spin, Emc, Cwb, Tav, Mec, Jack, Concurrency Factory, etc  of the development pro- cess we improve the quality of the software, even if formal methods are not  Therefore, both initial and continuous cost estimations [18] are strongly recommended
     Url https://books.google.com/books?hl=en&lr=&id=-8yGDwAAQBAJ&oi=fnd&pg=PA308&dq=%22Continuous%22+%22Factory%22+%22Formal+methods%22&ots=5E4yLSxlLp&sig=_MQacmaQPlgIjp8xhYq0aLoA8mo


     Search term "Continuous"+"Factory"+"Formal+methods"
     Title The Integrated Corporate Information Network iCoiN: A Comprehensive, Web-based Experience Factory
     Author ['B Decker', 'A Jedlitschka']
     Venue International Workshop on Learning Software …
     Year 2001
     Abstract in this area: The Lessons Learned repository EF (for Experience Factory) and the  The Maintenance Component uses the continuous stream of experiences from the CoP Base to (a  However, compared to those formal methods, structured text cannot be checked automatically for
     Url https://link.springer.com/chapter/10.1007/3-540-44814-4_17


     Search term "Continuous"+"Factory"+"Formal+methods"
     Title Design of safe PLC programs by using Petri nets and formal methods
     Author ['EI Gergely', 'L Coroiu', 'A Gacsadi']
     Venue Recent Advances in Automation & …
     Year 2010
     Abstract automation in all areas from single machines to manufacturing plants and continuous processes  NY Lee and JY Choi, Development of RTOS for PLC using formal methods, Lecture  the 13th IEEE International Conference on Emerging Technologies and Factory Automation (ETF
     Url https://www.academia.edu/download/51320578/Design_of_safe_PLC_programs_by_using_Pet20170112-20346-1yjfaqp.pdf


     Search term "Continuous"+"Factory"+"Formal+methods"
     Title An integrating approach for developing distributed software systems-combining formal methods, software reuse, and the experience base
     Author ['RL Feldmann', 'B Geppert']
     Venue Proceedings Fifth IEEE …
     Year 1999
     Abstract An Integrating Approach for Developing Distributed Software Systems –Combining Formal Methods, Software Reuse, and the Experience Base– Raimund L. Feldmann University of Kaiserslautern Dept  3. Extending the SDL-pattern approach to allow continuous improvement
     Url https://ieeexplore.ieee.org/abstract/document/802850/


     Search term "Continuous"+"Factory"+"Formal+methods"
     Title The state-of-the-art in formal methods
     Author ['M Barjaktarovic', 'M Nassiff']
     Venue … for Rome Research Site, Formal Methods …
     Year 1998
     Abstract Use of formal methods also improves product quality, but this argument might not elicit enthusiastic response from the management unless it is  For example, auto-manufacturing industry loses $3,000-4,000 every minute of factory downtime; Intel lost over $400 million on the
     Url http://www.cs.utexas.edu/users/csed/formal-methods/docs/StateFM.pdf


     Search term "Continuous"+"Factory"+"Formal+methods"
     Title Software reuse: From library to factory
     Author ['ML Griss']
     Venue IBM systems journal
     Year 1993
     Abstract well- designed parts following a careful process within a reuse-based software factory  life cycle, especially front-end activities such as analysis and design • Formal methods that ensure  take the time to integrate each appropriate method into a continuous improvement process
     Url https://ieeexplore.ieee.org/abstract/document/5387334/


     Search term "Continuous"+"Factory"+"Formal+methods"
     Title A comparative study of formal methods for state based systems
     Author ['YH Lee', 'G Gannod', 'K Ghata', 'E Wong']
     Venue NA
     Year 2002
     Abstract [Not Found]
     Url [Not Found]


     Search term "Continuous"+"Factory"+"Formal+methods"
     Title Formal methods and the specification and design of computer integrated manufacturing systems
     Author ['P Scharbach']
     Venue … . Int. Conf. on the Development of …
     Year 1984
     Abstract [Not Found]
     Url [Not Found]


     Search term "Continuous"+"Factory"+"Formal+methods"
     Title A LOTOS based tutorial on formal methods for object-oriented distributed systems
     Author ['H Bowman']
     Venue New Generation Computing
     Year 1998
     Abstract Page 15. A LOTOS Based Tutorial on Formal Methods for Object-Oriented Distributed Systems 357  5.2 Specifying Multimedia Systems It is typically argued that the incorporation of multimedia enforces three new requirements on distributed systems 6) :- Continuous interaction
     Url https://link.springer.com/content/pdf/10.1007/BF03037429.pdf


     Search term "Continuous"+"Factory"+"Formal+methods"
     Title Use of probabilities and formal methods to control system criticality levels
     Author ['J Singh', 'Z Guo', 'L Santinelli', 'G Infantes', 'D Doose']
     Venue NA
     Year NA
     Abstract We note that the MDP modeling can interface with any probabilistic schedulability analysis, with or without formal methods, and for  on Emerging Technologies and Factory Automation (ETFA), 2011  Continuous time markov chain modeling for probabilistic schedulability analysis
     Url https://www.ece.ucf.edu/~zsguo/pubs/conference_workshop/rtsops2018b.pdf


     Search term "Continuous"+"Factory"+"Formal+methods"
     Title An AI-based methodology for factory design
     Author ['EL Fisher']
     Venue AI Magazine
     Year 1986
     Abstract Once designed, the factory is subjected to a continuous cycle of redesign that is only com- plete when the factory has  Knowledge-based systems (KSs) that perform or aid the factory design process seemingly support the increased use of formal methods by synthesizing
     Url https://www.aaai.org/ojs/index.php/aimagazine/article/view/560


     Search term "Continuous"+"Factory"+"Formal+methods"
     Title Expanding the role of formal methods in CSCW
     Author ['C JOHNSON']
     Venue Computer Supported Co-operative Work
     Year 1999
     Abstract Page 235. 9 Expanding the Role of Formal Methods in CSCW CHRIS JOHNSON University of Glasgow ABSTRACT Before we can build CSCW systems it is important to have a clear idea of the requirements that they must satisfy  1 Why Use Formal Methods In CSCW Systems
     Url http://www.academia.edu/download/30913450/computer_supported_co-operative_work.pdf#page=235


     Search term "Continuous"+"Factory"+"Formal+methods"
     Title The bourgeois gentleman, engineering and formal methods
     Author ['T Lecomte']
     Venue International Symposium on Formal Methods
     Year 2019
     Abstract It relies on a software factory that automatically transforms function into binary code that runs on  teaching formal methods is eased as students are able to see their model running in and  to reach 100 % for not-so-complicated software functions, support for continuous values (as
     Url https://link.springer.com/chapter/10.1007/978-3-030-54994-7_2


     Search term "Continuous"+"Factory"+"Formal+methods"
     Title The changing face of standardization: A place for formal methods?
     Author ['D Duce', 'D Duke', 'G Faconti', 'I Herman']
     Venue Formal aspects of computing
     Year 1999
     Abstract Although PREMO was developed through the traditional route, our experiences with formal methods with PREMO have identified a number of  of PREMO explored the use of Object-Z to describe event-based synchronization and discrete and continuous presentations [DDH94]
     Url https://link.springer.com/content/pdf/10.1007/s001650050033.pdf


     Search term "Continuous"+"Factory"+"Formal+methods"
     Title Real-Time SCADA Attack Detection by Means of Formal Methods
     Author ['F Mercaldo', 'F Martinelli']
     Venue 2019 IEEE 28th …
     Year 2019
     Abstract of 2012 IEEE 17th International Conference on Emerging Technologies & Factory Automation (ETFA  R. Kohavi, and M. Sahami, “Supervised and unsupervised discretization of continuous features,” in  from time series data, an approach based on formal methods,” Methods, vol
     Url https://ieeexplore.ieee.org/abstract/document/8795430/


     Search term "Continuous"+"Factory"+"Formal+methods"
     Title A proposal of an example and experiments repository to foster industrial adoption of formal methods
     Author ['R Schlick', 'M Felderer', 'I Majzik', 'R Nardone']
     Venue … of Formal Methods
     Year 2018
     Abstract For formal methods using different formalisms, portability is very hard to achieve  Related attributes are the application type (industrial or academic, widely used benchmark or only a candidate), application area (communication networks, factory automation, railway control etc
     Url https://link.springer.com/chapter/10.1007/978-3-030-03427-6_20


     Search term "Continuous"+"Factory"+"Formal+methods"
     Title Automatic and continuous software architecture validation
     Author ['M Goldstein', 'I Segall']
     Venue 2015 IEEE/ACM 37th IEEE International …
     Year 2015
     Abstract patterns are cyclic dependencies and violations of design patterns such as the Factory pattern  system, such as Maven or Ant, in order to achieve true continuous validation, eg  Another direction of future work is that of leveraging formal methods for software architecture, such as
     Url https://ieeexplore.ieee.org/abstract/document/7202950/


     Search term "Continuous"+"Factory"+"Formal+methods"
     Title Formal Methods in Designing Critical Cyber-Physical Systems
     Author ['C Tsigkanos']
     Venue From Software Engineering to Formal Methods …
     Year 2019
     Abstract tary properties—such as space, time, safety, security, fault tolerance, continuous adaptation, communication  regarding the modeling of CPSs and discuss the value of formal methods in resolving  then describes two case studies—a smart city and a smart factory—designed and
     Url https://books.google.com/books?hl=en&lr=&id=Fv20DwAAQBAJ&oi=fnd&pg=PA110&dq=%22Continuous%22+%22Factory%22+%22Formal+methods%22&ots=U74KCrdNvA&sig=0pRWPymju6Tcp9gY4ZDyDH4Pj48


     Search term "Continuous"+"Factory"+"Formal+methods"
     Title Implementing smart factory of industrie 4.0: an outlook
     Author ['S Wang', 'J Wan', 'D Li', 'C Zhang']
     Venue International journal of …
     Year 2016
     Abstract Tips on citation download. Download Citation. Download article citation data for: Implementing Smart Factory of Industrie 4.0: An Outlook. Shiyong Wang, Jiafu Wan, Di Li, and Chunhua Zhang. International Journal of Distributed Sensor Networks 2016 12:1. Download Citation
     Url https://journals.sagepub.com/doi/abs/10.1155/2016/3159805


     Search term "Continuous"+"Factory"+"Formal+methods"
     Title The visual factory: building participation through shared information
     Author ['M Greif']
     Venue NA
     Year 1991
     Abstract THE VISUAL FACTORY 7 Continuous Updating A Voluntary Approach to Updating Insufficient Time Maintaining a Dialogue Management by Wandering Around Ensuring Integration of Team Projects Making Progress Visible Two Components of Improvement Rendering the
     Url https://books.google.com/books?hl=en&lr=&id=SpFk6FJdtXQC&oi=fnd&pg=PR13&dq=%22Continuous%22+%22Factory%22+%22Formal+methods%22&ots=YOdScme85V&sig=LQR8Cvi1czdM0R6HBUKpJXTkF5E


     Search term "Continuous"+"Factory"+"Formal+methods"
     Title Formal methods for validation and test point prioritization in railway signaling logic
     Author ['S Ghosh', 'A Das', 'N Basak', 'P Dasgupta']
     Venue IEEE Transactions on …
     Year 2016
     Abstract The PET tool uses formal methods to prioritize the tests that are more relevant to the modified yard  D V. TEST POINT PRIORITIZATION In current practice, the application logic is tested at two levels, broadly known as factory acceptance test (FAT) and site acceptance test (SAT)
     Url https://ieeexplore.ieee.org/abstract/document/7529152/


     Search term "Continuous"+"Factory"+"Formal+methods"
     Title A COMPETITION ON FORMAL METHODS FOR ROBOTICS
     Author ['SC LIVINGSTON', 'V RAMAN']
     Venue NA
     Year 2016
     Abstract There are many useful computations known for polytopes [3]. The discrete notions of temporal logic are related to the real-valued spaces of continuous dynamical systems as  A COMPETITION ON FORMAL METHODS FOR ROBOTICS  8. Problem domain: Factory cart clearing
     Url https://fmrchallenge.org/norm/releases/fmrchallenge-v0.0.4.pdf


     Search term "Continuous"+"Factory"+"Formal+methods"
     Title Continuous-discrete interactions in chemical processing plants
     Author ['S Engell', 'S Kowalewski', 'C Schulz']
     Venue Proceedings of the …
     Year 2000
     Abstract started vigorously and the contents of the reactor were spilled within the factory and in  transition systems are used, which re- sult from coarse discretizations of the continuous variables  that there is a potential for improving the current practice by applying formal methods in the
     Url https://ieeexplore.ieee.org/abstract/document/871308/


     Search term "Continuous"+"Factory"+"Formal+methods"
     Title Formal methods and safety critical systems in practice
     Author ['V Stavridou', 'A Boothroyd', 'P Bradley', 'B Dutertre']
     Venue High Integrity …
     Year 1996
     Abstract amongst companies in the sector, indicating the kinds of methods used as well as the levels of involvement in formal methods technology  The variables can be either discrete or continuous, re ect physical quantities (such as impact pressure, mach number, wing position) or give
     Url http://www.csl.sri.com/users/bruno/publis/high-integrity.pdf


     Search term "Continuous"+"Factory"+"Formal+methods"
     Title Breaking the Software Development Roadblock: Continuous Software Enhancement By Design Maintenance
     Author ['I Baxter']
     Venue Software Design and Productivity Workshop …
     Year 2001
     Abstract Finally, the engineering process must be viewed as continuous product enhancement by incremental  A standard response to this question from much of the formal methods community is  express a problem involving the specification of discrete control for factory automation in
     Url http://semanticdesigns.com/Company/Publications/ira_baxter_breaking_the_software_development.pdf


     Search term "Continuous"+"Factory"+"Formal+methods"
     Title Leveraging Applications of Formal Methods, Verification and Validation: 5th International Symposium, ISoLA 2012, Heraklion, Crete, Greece, October 15-18 …
     Author ['T Margaria', 'B Steffen']
     Venue NA
     Year 2012
     Abstract Lochau, I. Schäfer) • Bioscientific Data Processing and Modeling (J. Kok, A.-L. Lamprecht, F. Verbeek, M. Wilkinson) • Formal Methods for the  papers to be presented, the Local Organization Chair, Petros Stratis, and the Easyconference team for their continuous precious support
     Url https://books.google.com/books?hl=en&lr=&id=iUG6BQAAQBAJ&oi=fnd&pg=PR3&dq=%22Continuous%22+%22Factory%22+%22Formal+methods%22&ots=rblAAlqOdb&sig=CsilXi0A0hBP7UnSFYMh6pKuEBc


     Search term "Continuous"+"Factory"+"Formal+methods"
     Title Petri nets and integrality relaxations: A view of continuous Petri net models
     Author ['M Silva', 'L Recalde']
     Venue IEEE Transactions on Systems, Man, and …
     Year 2002
     Abstract 4, NOVEMBER 2002 Petri Nets and Integrality Relaxations: A View of Continuous Petri Net Models Manuel Silva and Laura Recalde  For instance, a first-order continuization transformsa discrete and stochastic model, into a continuous and de- terministic “approximated” model
     Url https://ieeexplore.ieee.org/abstract/document/1176881/


     Search term "Continuous"+"Factory"+"Formal+methods"
     Title Formal Methods for Industrial Critical Systems
     Author ['MH ter Beek', 'D Nickovic']
     Venue NA
     Year NA
     Abstract regular signaling and interlocking interfaces to integrate into existing systems while benefiting from the continuous supervision of  IEEE (2017) Applying Formal Methods in Industrial Railway Applications at Thales xv  As an example, take a factory floor plan with several corridors
     Url https://link.springer.com/content/pdf/10.1007/978-3-030-58298-2.pdf


     Search term "Continuous"+"Factory"+"Formal+methods"
     Title Formal Methods for Industrial Critical Systems (FMICS 2000)
     Author ['H Garavel', 'S Gnesi', 'I Schieferdecker']
     Venue NA
     Year 2003
     Abstract and interlocking interfaces to integrate into existing systems while benefiting from the continuous supervision of  Applying Formal Methods in Industrial Railway Applications at Thales xv using a formal model in B [1  As an example, take a factory floor plan with several corridors
     Url https://books.google.com/books?hl=en&lr=&id=Ef75DwAAQBAJ&oi=fnd&pg=PR7&dq=%22Continuous%22+%22Factory%22+%22Formal+methods%22&ots=eDMPCGSOio&sig=JBiwFNYD2UWInpyU0L77FLf5Bqg

