Showing papers for search query "Continuous"+"Factory"+"PLC"+OR+"FPGA"

     Search term "Continuous"+"Factory"+"PLC"+OR+"FPGA"
     Title Implementation of Machinery Failure Mode and Effect Analysis in Amhara Pipe Factory PLC, Bahir Dar, Ethiopia
     Author ['YM Degu', 'RS Moorthy']
     Venue American Journal of Engineering …
     Year 2014
     Abstract Owing to the fact that Amhara Pipe Factory PLC is continuous pipe production industry and that the current problems in UPVC pipe production unit are more machine-centric, MFMEA was selected among the three major types of FMEA for implementation. Page 3
     Url https://www.researchgate.net/profile/Yonas_Degu/publication/331684771_Implementation_of_Machinery_Failure_Mode_and_Effect_Analysis_in_Amhara_Pipe_Factory/links/5c87e3ea45851564fad9b329/Implementation-of-Machinery-Failure-Mode-and-Effect-Analysis-in-Amhara-Pipe-Factory.pdf


     Search term "Continuous"+"Factory"+"PLC"+OR+"FPGA"
     Title Development of a B-factory monolithic active pixel detector-the continuous acquisition pixel prototypes
     Author ['M Barbero', 'G Varner', 'A Bozek']
     Venue IEEE Symposium …
     Year 2004
     Abstract Development of a B-Factory Monolithic Active Pixel Detector –The Continuous Acquisition Pixel Prototypes  These results make MAPS a very promising technology for a Super-B Factory upgrade. VII. REFERENCES  21mm CAP3 (~120 kpix) PIXRO1 FPGA e- e+ End view
     Url https://ieeexplore.ieee.org/abstract/document/1462394/


     Search term "Continuous"+"Factory"+"PLC"+OR+"FPGA"
     Title The application of siemens PLC the system of floating and choosing to measure and control in Handan Xixuan factory [J]
     Author ['L LI', 'Y BAI', 'Z YANG']
     Venue Automation & Instrumentation
     Year 2009
     Abstract floating and choosing to measure and control in Han Dan Xi Xuan factory has already  of electricity equipmentses are aging and the machine electricity incidents are continuous,the examining  choose manufacture with the coal section hospital of Peking of Siemens PLC float to
     Url http://en.cnki.com.cn/Article_en/CJFDTotal-ZDYY200904029.htm


     Search term "Continuous"+"Factory"+"PLC"+OR+"FPGA"
     Title The PLC Control Program of the Continuous Sintering Furnace
     Author ['H Zhang', 'S Cao']
     Venue Industrial Heating
     Year 2008
     Abstract Shandong Jinan, 250307 China);Actuality AND Evolution Objective OF MIM Continuous Sintering Furnace[J  Kaicheng Electrical Equipment Co.,Ltd.,Tangshan 063020,China; 3.Factory of Water and  of Tiefa Coal Group,Diaobingshan 112700,China);The Usage of PLC in Central
     Url http://en.cnki.com.cn/Article_en/CJFDTotal-GYJR200802013.htm


     Search term "Continuous"+"Factory"+"PLC"+OR+"FPGA"
     Title Scalable cloud based semantic code analysis to support continuous integration of industrial PLC code
     Author ['S Bougouffa', 'S Diehm', 'M Schwarz']
     Venue 2017 IEEE 15th …
     Year 2017
     Abstract quality officers and managers and efficient use of the analysis data in a continuous integration system  Analysis Framework for Evaluating PLC Software: An  industrial controller code,” in 19th IEEE International Conference on Emerging Technology and Factory Automation (ETFA
     Url https://ieeexplore.ieee.org/abstract/document/8104843/


     Search term "Continuous"+"Factory"+"PLC"+OR+"FPGA"
     Title IMPACT OF QUALITY MANAGEMENT SYSTEM PRACTICES ON FIRM PERFORMANCE-THE CASE OF AMHARA PIPE FACTORY PLC
     Author ['G FIKIR']
     Venue NA
     Year 2018
     Abstract was to look into the impact of quality management system practices (continuous improvement, customer focus, top management commitment) on firm performance (productivity, effectiveness, customer satisfaction, employee satisfaction): the case of Amhara Pipe Factory PLC
     Url https://ir.bdu.edu.et/handle/123456789/9022


     Search term "Continuous"+"Factory"+"PLC"+OR+"FPGA"
     Title Assessing the Effectiveness of Kaizen Implementation in Wonji Sugar Factory plc
     Author ['T Hailegiorgis']
     Venue NA
     Year 2015
     Abstract IMPLEMENTATION IN WONJI SUGAR FACTORY PLC  improvements of employees' behavior and working environment, the technical and social outcomes, productivity improvement and the social system outcomes with continuous improvement, in Wonji Sugar Factory, one of
     Url http://www.repository.smuc.edu.et/handle/123456789/1700


     Search term "Continuous"+"Factory"+"PLC"+OR+"FPGA"
     Title Application of programmable logic controller to build-up an intelligent industry 4.0 platform
     Author ['JY Chen', 'KC Tai', 'GC Chen']
     Venue Procedia CIRP
     Year 2017
     Abstract D. Continuous Innovation Transformation and development of the fourth Industrial Revolution will continue  with data sharing systems and help decision- making processes for factory managers. PLC with inbuilt PROFINET was therefore used as a standard for developing major
     Url https://www.sciencedirect.com/science/article/pii/S2212827117302627


     Search term "Continuous"+"Factory"+"PLC"+OR+"FPGA"
     Title Design and implementation of a kind of continuous interpolator based on FPGA
     Author ['J Liu', 'S LIU', 'Q Wu', 'G ZHOU']
     Venue Bulletin of Science and Technology
     Year 2010
     Abstract of Aeronautics and Astronautics,Nanjing 210016,China);An Interpolator for Continuous Short-segments  Design of Glass Engraving Machine Controller Based on ARM and FPGA[J];Machine Tool  3 Radio Factory;STUDY OF INTERPOLATION SOFTWARE ON POINT
     Url http://en.cnki.com.cn/Article_en/CJFDTotal-KJTB201005002.htm


     Search term "Continuous"+"Factory"+"PLC"+OR+"FPGA"
     Title Development of PLC-based software for increasing the dependability of production automation systems
     Author ['D Schütz', 'A Wannagat', 'C Legat']
     Venue IEEE Transactions on …
     Year 2012
     Abstract quirements R3 (plant and process constraints) and R4 (sensors precisions affecting factory functions), have  First, the decision logic cannot be executed in each PLC cycle but only when  hypothesis testing in the hydraulic press, the measurements of the continuous sensors have
     Url https://ieeexplore.ieee.org/abstract/document/6359925/


     Search term "Continuous"+"Factory"+"PLC"+OR+"FPGA"
     Title Embedded web PLC: a new advances in industrial control and automation
     Author ['B Mahato', 'T Maity', 'J Antony']
     Venue 2015 Second International …
     Year 2015
     Abstract Continuous Update checkbox with cycle count and refresh button  Embedding the Web server in the PLC ensures the timely flow of information requires on the factory floor. Triangle's Nano-10 PLC has only 10 I/O, but is a full-function PLC
     Url https://ieeexplore.ieee.org/abstract/document/7306669/


     Search term "Continuous"+"Factory"+"PLC"+OR+"FPGA"
     Title A synchronized visual-inertial sensor system with FPGA pre-processing for accurate real-time SLAM
     Author ['J Nikolic', 'J Rehder', 'M Burri', 'P Gohl']
     Venue … on robotics and …
     Year 2014
     Abstract can be conveniently duplicated for four cameras without exceeding the area of the FPGA  As a factory calibrated IMU is employed in the setup, the remaining quantities that  continuous-time, which also includes a continuous-time rep- resentation of respective derivatives (velocity
     Url https://ieeexplore.ieee.org/abstract/document/6906892/


     Search term "Continuous"+"Factory"+"PLC"+OR+"FPGA"
     Title Bunch-by-bunch feedback for the photon factory storage ring
     Author ['W Cheng', 'T Obina', 'T Honda', 'M Izawa', 'M Tadano']
     Venue EPAC
     Year 2006
     Abstract The Photon Factory (PF) ring will start the top-up operation or the continuous injection in  The transverse feedback system has been installed along with the straight-sections upgrade, this system uses a FPGA based feedback processor board developed at the SPring
     Url https://accelconf.web.cern.ch/AccelConf/e06/PAPERS/THPCH093.PDF


     Search term "Continuous"+"Factory"+"PLC"+OR+"FPGA"
     Title Research and Application of PLC Software Redundancy in Continuous Supply of N_2 [J]
     Author ['X ZHANG', 'M YUAN']
     Venue Computer and Modernization
     Year 2012
     Abstract Redundancy in the Electrical Protection[J];Programmable Controller & Factory Automation;2006- 02  100011);Redundancy Control System and Engineering Application Based On PLC[A];[C  Rolling Plant,Handan,056015);Welder Tracking System for Continuous Galvanizing Line
     Url http://en.cnki.com.cn/Article_en/CJFDTotal-JYXH201202018.htm


     Search term "Continuous"+"Factory"+"PLC"+OR+"FPGA"
     Title PLC-based speed control of DC motor
     Author ['ASEDZ El']
     Venue 2006 CES/IEEE 5th International Power …
     Year 2006
     Abstract to a variable voltage dc source for the armature of the dc motor [2,3,4]. A Programmable Logic Controller (PLC) is an industrially hardened computer- based unit that performs discrete or continuous control functions in a variety of processing plant and factory environments
     Url https://ieeexplore.ieee.org/abstract/document/4778111/


     Search term "Continuous"+"Factory"+"PLC"+OR+"FPGA"
     Title Trend of process automation and factory automation
     Author ['S Shin']
     Venue 2006 SICE-ICASE International Joint Conference
     Year 2006
     Abstract One is PA (Process Automation) and another is FA (Factory Automation). The former is continuous process for industries of steel, chemical, petroleum, and so on  The controller for FA is PLC (Programmable Logic Controller), which treats ON/OFF signal mainly and its origin is a
     Url https://ieeexplore.ieee.org/abstract/document/4108815/


     Search term "Continuous"+"Factory"+"PLC"+OR+"FPGA"
     Title Software factory for industrial automation: focus on the PLC software quality
     Author ['D Chalon', 'W Ait-Cheik-Bihi']
     Venue NA
     Year NA
     Abstract 4. Software Factory architecture In this section, we present the architecture of one possible software factory designed for PLC applications. As shown in Figure 6, the software factory contains a version control system and a continuous integration server
     Url https://www.researchgate.net/profile/Wafaa_Ait-Cheik-Bihi2/publication/277609165_Software_factory_for_industrial_automation_focus_on_the_PLC_software_quality_wins_1st_Prize_in_Automation_40/links/556eb29808aeccd7773f734c.pdf


     Search term "Continuous"+"Factory"+"PLC"+OR+"FPGA"
     Title SmartFactory—Towards a factory-of-things
     Author ['D Zuehlke']
     Venue Annual reviews in control
     Year 2010
     Abstract As customers in this field are not looking for revolutions but instead for a continuous evolution with predictable behavior and steady improvements the factory-of-things  likely, a good intermediate interface between the different architectures can be realized at the PLC level
     Url https://www.sciencedirect.com/science/article/pii/S1367578810000143


     Search term "Continuous"+"Factory"+"PLC"+OR+"FPGA"
     Title A classification of PLC models and applications
     Author ['A Mader']
     Venue Discrete Event Systems
     Year 2000
     Abstract critical, where costs quickly get out of hand, eg for shutting down a factory, or replication  The main difference to conventional systems is the operation mode: PLC programs are executed in  that makes PLCs suitable for control tasks and interaction with a continuous environment
     Url https://link.springer.com/chapter/10.1007/978-1-4615-4493-7_24


     Search term "Continuous"+"Factory"+"PLC"+OR+"FPGA"
     Title Virtual factory framework: an innovative approach to support the planning and optimization of the next generation factories
     Author ['A Azevedo', 'RP Francisco', 'J Bastos']
     Venue IFAC Proceedings Volumes
     Year 2010
     Abstract The Product Life-Cycle (PLC) approach is essential to achieve sustainability by expanding the focus from the production site to the entire factory  Among the topics that the VFF will address in order to sustain continuous factory optimization are
     Url https://www.sciencedirect.com/science/article/pii/S1474667016309211


     Search term "Continuous"+"Factory"+"PLC"+OR+"FPGA"
     Title Application of PLC in the Control System of the High Accuracy to Shear According to Length Enacted [J]
     Author ['LI Dian-ya', 'SHI Jian-qing']
     Venue Machine Building & Automation
     Year 2007
     Abstract 9, ;PLC在轧钢厂加热炉上料系统中的应用[J];MACHINERY & ELECTRONICS;2000-01  Application and Development of Photograph Ruling of the 3# Square Blank Continuous Cast Machine of the Great Convertor[J];Programmable Controller & Factory Automation;2005
     Url http://en.cnki.com.cn/Article_en/CJFDTotal-ZZHD200704043.htm


     Search term "Continuous"+"Factory"+"PLC"+OR+"FPGA"
     Title THE EFFECTIVENESS OF WAREHOUSE MANAGEMENT IN THE CASE OF (3F) FINFINE FURNITURE FACTORY PLC
     Author ['D Shimels']
     Venue NA
     Year 2018
     Abstract FinFine Furniture Factory plc. The company has one main finished and three raw material warehouses, which  of forklift truck. Warehousing systems have seen a continuous growth throughout the history, they have been moving
     Url http://repository.smuc.edu.et/handle/123456789/4539


     Search term "Continuous"+"Factory"+"PLC"+OR+"FPGA"
     Title A Study on Virtual Factory System Modeling for the Continuous Process by Applying Descrete Event Algorithm
     Author ['HS Song']
     Venue Proceedings of the Korea Information Processing …
     Year 2013
     Abstract A Study on Virtual Factory System Modeling for the Continuous Process by Applying Descrete Event Algorithm  실제 설비는 PLC 에서 보내는 Input 제어 값을 받아 설비가 움직임 가상설비는 특정 Input 신호가 들어오 면 그 신호 값에 맞춰 모터를 제어해서 설비를 움직 이고 센서에
     Url https://www.koreascience.or.kr/article/CFKO201335553772028.page


     Search term "Continuous"+"Factory"+"PLC"+OR+"FPGA"
     Title Valve Control System Design for Continuous Transonic Wind Tunnel
     Author ['C Dan', 'Z Yongshuang', 'L Zhuangsheng']
     Venue … Measurement & Control
     Year 2012
     Abstract Valve Control System Design for Continuous Transonic Wind Tunnel  9, Liu Yunshou State Yunnan Fuel No.1 Factory 674 Branch,Xuanwei Yunnan,655412  Guizhou University,Guiyang 550003,China);Study and Realization of Communication Technology between PLC and PC
     Url http://en.cnki.com.cn/Article_en/CJFDTotal-JZCK201206028.htm


     Search term "Continuous"+"Factory"+"PLC"+OR+"FPGA"
     Title A water pumping control system with a programmable logic controller (PLC) and industrial wireless modules for industrial plants—An experimental setup
     Author ['R Bayindir', 'Y Cetinceviz']
     Venue ISA transactions
     Year 2011
     Abstract the adoption of wireless solutions at the sensor level offers other advantages: continuous, high-resolution  [1] A. Ali, M. Al_Soud, E. Abdallah, S. AddallahWater pumping system with PLC and frequency  of the 7th IEEE international workshop on factory communication systems
     Url https://www.sciencedirect.com/science/article/pii/S0019057810000935


     Search term "Continuous"+"Factory"+"PLC"+OR+"FPGA"
     Title Description of PLC application in modular machine tool [J]
     Author ['YRW Zheng']
     Venue Programmable Controller & Factory Automation
     Year 2008
     Abstract Yuan Rishou Wang Zheng. In order to explore and discuss the way of continuous development for tradi- tional installation and manufacture industry,with the research objective of PLC and modular machine tool,describing the current applicable situation of PLC on the modular
     Url http://en.cnki.com.cn/Article_en/CJFDTotal-KBCK200806013.htm


     Search term "Continuous"+"Factory"+"PLC"+OR+"FPGA"
     Title The Application of PLC in Purified Water Factory
     Author ['W Jianjun', 'L Yanli', 'X Chao']
     Venue Automation in Petro-Chemical Industry
     Year 2011
     Abstract system is the important task in the PLC application.The PLC control system in purified water factory is introduced  9, YANG Xiong, XUE Shu-wen, LIU Yang-song (Yangtze University, Jingzhou 434023);Design of PLC Control System Used in Continuous Driving-rotation
     Url http://en.cnki.com.cn/Article_en/CJFDTotal-LYHG201102012.htm


     Search term "Continuous"+"Factory"+"PLC"+OR+"FPGA"
     Title Continuous Stirred Tank Reactor Based Blender Controlled Application using PLC
     Author ['MM Bharathi', 'C Selvakumar']
     Venue NA
     Year NA
     Abstract It should be noted in a PLC ladder programming that continuous path is required for  for automation of electromechanical processes, such as control of machinery on factory assembly lines  Unlike general-purpose computers, the PLC is designed for multiple inputs and output
     Url http://citeseerx.ist.psu.edu/viewdoc/download?doi=10.1.1.674.1552&rep=rep1&type=pdf


     Search term "Continuous"+"Factory"+"PLC"+OR+"FPGA"
     Title Product lifecycle management, digital factory and virtual commissioning: analysis of these concepts as a new tool of lean thinking
     Author ['F Silva', 'CJ Gamarra', 'AH Araujo Jr']
     Venue Proc. Int. Conf. on …
     Year 2015
     Abstract Nevertheless, to treat all these steps a continuous process is a new approach  In the concepts of Digital Factory and conventional engineering, PLC's and robots are programmed after all mechanical and electrical parts of the cell are already installed
     Url http://ieomsociety.org/ieom_2015/papers/199.pdf


     Search term "Continuous"+"Factory"+"PLC"+OR+"FPGA"
     Title Through the eye of the PLC: semantic security monitoring for industrial processes
     Author ['D Hadžiosmanović', 'R Sommer', 'E Zambon']
     Venue Proceedings of the 30th …
     Year 2014
     Abstract Table 3: Testing model capabilities Deviating variables across different types of series (mean %/ st.dev) Constant Attribute Continuous PLC 1a 0.5/0.29 19.05/0.2 57.49/5.78 PLC 1b 0.31/0.04 19.80/1.4 44.64/5.41 PLC 1c 0.14/0.02 19.55/4.0 37.58/2.98 PLC 2a 0.64/0.0 26.92
     Url https://dl.acm.org/doi/abs/10.1145/2664243.2664277


     Search term "Continuous"+"Factory"+"PLC"+OR+"FPGA"
     Title Application of automatic control technology of drilling machine based on PLC
     Author ['N Guangqing']
     Venue Acta Technica Csav
     Year 2017
     Abstract annual growth rate of PLC controllers was maintained at 20∼30% [1]. With the continuous improvement of factory automation and the expansion of PLC controller market capacity base, the growth rate of PLC in in- dustrial developed countries has slowed down in recent years
     Url http://journal.it.cas.cz/62(2017)-1B/Paper%2048%20Ning%20Guangqing.pdf


     Search term "Continuous"+"Factory"+"PLC"+OR+"FPGA"
     Title The Application and Analysis of PLC in Dryly Eliminating Lime System in Electric Factory
     Author ['WWXW CHUANBAO']
     Venue NA
     Year 2006
     Abstract with Frequency converter PLC Automatic Control System of Tap Water Factory[J];Control  China) Huang Qiaoliang Pang Kewang Chen Yuliang;The Application of PLC in Jiangbin  ling;Numerical simulation of send-tanks' pressure drop characteristics in continuous dilute phase
     Url http://en.cnki.com.cn/Article_en/CJFDTotal-WJSJ200634018.htm


     Search term "Continuous"+"Factory"+"PLC"+OR+"FPGA"
     Title Human Resource Development Mechanisms With Special Reference To Addis Pharmaceutical Factory Plc (Apf) Eastern Zone
     Author ['DB Asgedom']
     Venue NA
     Year NA
     Abstract [Not Found]
     Url [Not Found]


     Search term "Continuous"+"Factory"+"PLC"+OR+"FPGA"
     Title Tasco chromatographic separator [at] Twin Falls factory.
     Author ['KP Chertudi']
     Venue Technical Conference-British Sugar plc.
     Year 1990
     Abstract The Steffen process, previously used for desugarization of molasses at Twin Falls beet sugar factory, Idaho, USA, led to much recycling of non-sugars and colour, and to high raffinose concentrations at the sugar end. It was replaced by a continuous chromatographic separation
     Url https://www.cabdirect.org/cabdirect/abstract/19910303523


     Search term "Continuous"+"Factory"+"PLC"+OR+"FPGA"
     Title In-line and on-line rheology measurement
     Author ['I Roberts']
     Venue Instrumentation and sensors for the food industry
     Year 2001
     Abstract [Not Found]
     Url [Not Found]


     Search term "Continuous"+"Factory"+"PLC"+OR+"FPGA"
     Title ASSESSMENT OF JOB SATISFACTION: THE CASE OF ADDIS PHARMACEUTICAL FACTORY PLC
     Author ['M TESHALE']
     Venue NA
     Year 2016
     Abstract Prof) for his guidance, continuous support and contribution to enrich the content of this paper. I would like to thank all the study participants and my special thanks goes to Ato Kebede Berhane, Marketing and Sales Manager at Addis Pharmaceutical Factory PLC
     Url http://repository.smuc.edu.et/handle/123456789/1661


     Search term "Continuous"+"Factory"+"PLC"+OR+"FPGA"
     Title Designing an FPGA-based RFID reader
     Author ['N Roy', 'A Trivedi', 'J Wong']
     Venue XCell Journal
     Year 2006
     Abstract Designing an FPGA-Based RFID Reader Designing an FPGA-Based RFID Reader  Class 1 tags are nominally factory pro- grammed, but could be field download- able  During the receive cycle, the reader transmits a continuous wave (un-modulat- ed) carrier to power the tag
     Url http://www.analog.com/media/en/technical-documentation/technical-articles/designing_an_fpga-based_rfid_reader.pdf


     Search term "Continuous"+"Factory"+"PLC"+OR+"FPGA"
     Title Smart factory of industry 4.0: Key technologies, application case, and challenges
     Author ['B Chen', 'J Wan', 'L Shu', 'P Li', 'M Mukherjee', 'B Yin']
     Venue IEEE Access
     Year 2017
     Abstract Specifically, they proposed an open architecture for reconfigurable applications based on a Field Programmable Gate Array (FPGA) and utilized an  information and feeds it back to the decision-making production system in real-time, thus the smart factory has more efficient  PLC
     Url https://ieeexplore.ieee.org/abstract/document/8207346/


     Search term "Continuous"+"Factory"+"PLC"+OR+"FPGA"
     Title Implementation of Automatic Production Line Based on PLC and Factory in Simulator
     Author ['HA Hassab_alrasoul']
     Venue NA
     Year 2018
     Abstract chapter three talk about PSIM simulator is a program that simulates a factory production  [1] Inputs to, and outputs from, a PLC are necessary to monitor and control a process. Both inputs and outputs can be categorized into two basic types: logical or continuous
     Url http://dspace1.ust.edu.sd:8080/xmlui/handle/123456789/353


     Search term "Continuous"+"Factory"+"PLC"+OR+"FPGA"
     Title Control System of Continual Sintering Furnace Based on PLC and VB
     Author ['H ZHANG', 'S CAO']
     Venue Industrial Heating
     Year 2008
     Abstract Shandong Jinan, 250307 China);Actuality AND Evolution Objective OF MIM Continuous Sintering Furnace[J  Kaicheng Electrical Equipment Co.,Ltd.,Tangshan 063020,China; 3.Factory of Water and  of Tiefa Coal Group,Diaobingshan 112700,China);The Usage of PLC in Central
     Url http://en.cnki.com.cn/Article_en/CJFDTotal-GYJR200804016.htm


     Search term "Continuous"+"Factory"+"PLC"+OR+"FPGA"
     Title Automatic transfer switch (ATS) using programmable logic controller (PLC)
     Author ['H Ashour']
     Venue Proceedings of the IEEE International Conference …
     Year 2004
     Abstract 3. Practical Considerations Automatic transfer switches are used to serve a continuous power for the  CA Chung, “A cost-effective approach for the development of an integrated PC-PLC-robot system  Jul., 2001, pp 1140-1 151 [SI R. Walter, “A concept of factory automation”, IEEE
     Url https://ieeexplore.ieee.org/abstract/document/1364495/


     Search term "Continuous"+"Factory"+"PLC"+OR+"FPGA"
     Title Stainless Steel Continuous Annealing Line Based on VIPA 300V Series PLC
     Author ['X Xingfu']
     Venue Programmable Controller & Factory Automation
     Year 2008
     Abstract This paper introduces the application of VIPA PLC on stainless steel continu-ous annealing line in metallurgy industry. As the control system compatible with Siemens PLC, VIPA's products are highly competitive, it's cost-effective and ease of use has been gradually
     Url http://en.cnki.com.cn/Article_en/CJFDTotal-KBCK200808021.htm


     Search term "Continuous"+"Factory"+"PLC"+OR+"FPGA"
     Title Continuous productive urban landscapes
     Author ['A Viljoen', 'J Howe']
     Venue NA
     Year 2012
     Abstract One Carrot and City: The Concept of CPULs 1 1 New space for old space: An urban vision 3 Katrin Bohn and André Viljoen Continuous Productive Urban  Yesterday's factory sites, shopping malls, and housing estates are collapsing and standing idle for a decade or two or three
     Url https://books.google.com/books?hl=en&lr=&id=2qwrBgAAQBAJ&oi=fnd&pg=PR1&dq=%22Continuous%22+%22Factory%22+%22PLC%22+OR+%22FPGA%22&ots=lULI6Ln9Mf&sig=OhIj59ZDl2b9caOb77ynXnqNKH0


     Search term "Continuous"+"Factory"+"PLC"+OR+"FPGA"
     Title The Profiled Bar Hot Continuous Rolling Control System Based on PLC and PROFIBUS
     Author ['ZHFKS HAIWEN']
     Venue Microcomputer Information
     Year 2007
     Abstract a kind of control system is put forward,which satisfies the hot continuous rolling operation  The control scheme based on S7-300 PLC and PROFIBUS is given,and the  University of Chemical Technology, Beijing 100029, China;2.Research and Experimental Factory of Jilin
     Url http://en.cnki.com.cn/Article_en/CJFDTotal-WJSJ200734023.htm


     Search term "Continuous"+"Factory"+"PLC"+OR+"FPGA"
     Title THE IMPACT OF FARM PRODICTIVITY ON FACTORY CAPACITY UTILIZATION OF EAST AFRICAN AGRI BUSINESS PLC
     Author ['B TADESSE']
     Venue NA
     Year 2015
     Abstract 7 2.6 Mass Production ----- 8 2.7 Continuous Production ----- 8  processing factory efficiency of East African Agri Business Plc and ultimately on the
     Url http://www.repository.smuc.edu.et/handle/123456789/1643


     Search term "Continuous"+"Factory"+"PLC"+OR+"FPGA"
     Title A Modular Architecture for PLC based Manufacturing Line
     Author ['쏘멤']
     Venue NA
     Year NA
     Abstract level modeling and simulation, we can improve the fidelity between high level factory model and  In addition, generation of PLC program based on different scenario will be helpful to  Paper is focused on robot programming, and integrating discrete and continuous state sets
     Url http://www.papersearch.net/google_link/fulltext.asp?file_name=03511435.pdf


     Search term "Continuous"+"Factory"+"PLC"+OR+"FPGA"
     Title Automated PLC software generation based on standardized digital process information
     Author ['M Bergert', 'C Diedrich', 'J Kiefer']
     Venue … Technologies and Factory …
     Year 2007
     Abstract Its aim is the holistic planning, eva- luation, and continuous improvement of all relevant structures, processes, and resources of the real factory in close  Error-causing misunderstandings – especially regarding the later PLC software generation – are the logical consequences
     Url https://ieeexplore.ieee.org/abstract/document/4416789/


     Search term "Continuous"+"Factory"+"PLC"+OR+"FPGA"
     Title Recent developments on PC+ PLC based control systems for Beer Brewery Process Automation Applications
     Author ['M Ogawa', 'Y Henmi']
     Venue 2006 SICE-ICASE International Joint …
     Year 2006
     Abstract In addition, continuous and flexible revamp and renewal projects are crucial because of consumers  The transmission purpose for each network is defined in as follows; Factory LAN: -between PC-PC (SCADA-VIEW) Process LAN: - between PC-PLC Control LAN
     Url https://ieeexplore.ieee.org/abstract/document/4109113/


     Search term "Continuous"+"Factory"+"PLC"+OR+"FPGA"
     Title Improving the Performance of the Pump Station in Pipe Line Transportation System Using PLC Controller and Remote Monitoring
     Author ['HA Hussein', 'AJ Aleeby', 'ZM Mahdi']
     Venue MS&E
     Year 2020
     Abstract In industries, analysis and control of pressure and flow rate control is very difficult, this leads to factory closings and heavy maintenance through PLC and SCADA implementation. Automatic control plays an important role in the continuous operation of the system
     Url https://iopscience.iop.org/article/10.1088/1757-899X/765/1/012050/meta


     Search term "Continuous"+"Factory"+"PLC"+OR+"FPGA"
     Title The innovative warehouse activities of Gyermelyi Holding Plc. pasta factory
     Author ['D Egressy', 'K Lados', 'D Csáki', 'G Rácz']
     Venue Studia Mundi–Economica
     Year 2015
     Abstract In the Hungarian market this unique innovation was exclusively realized by one pasta factory, the Gyermelyi Holding Plc. Since they became a Public Limited Company in 1971, due to their continuous investments and developments, they have integrated their activities
     Url http://real.mtak.hu/38886/

