Showing papers for search query "Concurrent+Engineering"+"Cyber-physical+system"+OR+"Industrial+control+system"+OR+"ICS"+OR+"SCADA"+OR+"Distributed+control+system"+OR+"DCS"+"Traceability"

     Search term "Concurrent+Engineering"+"Cyber-physical+system"+OR+"Industrial+control+system"+OR+"ICS"+OR+"SCADA"+OR+"Distributed+control+system"+OR+"DCS"+"Traceability"
     Title Computer support for cooperative teams: applications in concurrent engineering
     Author ['S Wilbur']
     Venue … on Current Developments in Concurrent Engineering …
     Year 1994
     Abstract Wilbur @ dcs.qmw.ac.uk 1 Introduction  4 Towards Integration Integration is a constant theme in concurrent engineering  These support a variety of tasks, combining functi0n.s such as document creation with requirements traceability and simulation
     Url https://ieeexplore.ieee.org/abstract/document/369690/


     Search term "Concurrent+Engineering"+"Cyber-physical+system"+OR+"Industrial+control+system"+OR+"ICS"+OR+"SCADA"+OR+"Distributed+control+system"+OR+"DCS"+"Traceability"
     Title The Relationship Between Computer-Aided Acquisition and Logistics Support (CALS) and Concurrent Engineering
     Author ['JD Wood', 'RI Winner']
     Venue NA
     Year 1989
     Abstract N THE RELATIONSHIP BETWEEN COMPUTER-AIDED ACQUISITION AND LOGISTICS SUPPORT (CALS) AND CONCURRENT ENGINEERING Jonathan D. Wood Robert 1. Winner DTIC ELECTEf  AND CONCURRENT ENGINEERING Jonathan D. Wood Robert I. Winner
     Url https://apps.dtic.mil/dtic/tr/fulltext/u2/a222714.pdf


     Search term "Concurrent+Engineering"+"Cyber-physical+system"+OR+"Industrial+control+system"+OR+"ICS"+OR+"SCADA"+OR+"Distributed+control+system"+OR+"DCS"+"Traceability"
     Title Concurrent engineering teams. Volume 2: Annotated bibliography
     Author ['KJ Richter', 'DA Dierolf']
     Venue NA
     Year 1990
     Abstract [Not Found]
     Url [Not Found]


     Search term "Concurrent+Engineering"+"Cyber-physical+system"+OR+"Industrial+control+system"+OR+"ICS"+OR+"SCADA"+OR+"Distributed+control+system"+OR+"DCS"+"Traceability"
     Title CONCURRENT ENGINEERING: Research and Appliccions
     Author ['E Rondeau', 'Z Idelmerfaa', 'J Richard']
     Venue NA
     Year NA
     Abstract engineering for man- ufacturing integrated systems” is to study the design process of a manufacturing system in a concurrent engineering con- text  This allows to ensure traceability of the design process  tor 7 with “automatics” skill is the key-member of automat- ics CG
     Url https://www.researchgate.net/profile/Eric_Rondeau2/publication/242934602_Identification_of_Group_Organization_During_a_Design_Process_by_Means_of_Cooperation_Graphs/links/55ae11ff08aee079921e63e1.pdf


     Search term "Concurrent+Engineering"+"Cyber-physical+system"+OR+"Industrial+control+system"+OR+"ICS"+OR+"SCADA"+OR+"Distributed+control+system"+OR+"DCS"+"Traceability"
     Title DYNAMITE: Dynamic task nets for software process management
     Author ['P Heimann', 'G Joeris', 'CA Krapp']
     Venue Proceedings of IEEE …
     Year 1996
     Abstract 2. Concurrent engineering: In order to shorten de- velopment cycles, concurrent engineering [18] pro- poses methods to increase concurrency in the de- velopment process  In this way, traceability of change processes is supported
     Url https://ieeexplore.ieee.org/abstract/document/493428/


     Search term "Concurrent+Engineering"+"Cyber-physical+system"+OR+"Industrial+control+system"+OR+"ICS"+OR+"SCADA"+OR+"Distributed+control+system"+OR+"DCS"+"Traceability"
     Title Functional requirements for reconfigurable and flexible cyber-physical system
     Author ['F Boschi', 'C Zanetti', 'G Tavola']
     Venue IECON 2016-42nd …
     Year 2016
     Abstract 2 5C architecture for implementation of Cyber-Physical System [12] Smart connection  100% Traceability and identification of single products up to the supply chain  Wiesner, S., Peruzzini, M., Hauge, JB, & Thoben, “Requirements Engineering,” in Concurrent Engineering in the
     Url https://ieeexplore.ieee.org/abstract/document/7794018/


     Search term "Concurrent+Engineering"+"Cyber-physical+system"+OR+"Industrial+control+system"+OR+"ICS"+OR+"SCADA"+OR+"Distributed+control+system"+OR+"DCS"+"Traceability"
     Title Integration of design data: interconnection is not enough
     Author ['KE Durk', 'BL Piggott']
     Venue … Engineering in Concurrent Engineering
     Year 1990
     Abstract The true promise of Concurrent Engineering lies not in just passing data around, but in  By knowledge, we mean such information as design intent, rationale, alternatives, traceability, and lessons  For example, an electrical designer sees signal paths and ICs, while the thermal
     Url https://ieeexplore.ieee.org/abstract/document/245511/


     Search term "Concurrent+Engineering"+"Cyber-physical+system"+OR+"Industrial+control+system"+OR+"ICS"+OR+"SCADA"+OR+"Distributed+control+system"+OR+"DCS"+"Traceability"
     Title New methods for rapid architecture selection and conceptual design
     Author ['HL McManus', 'DE Hastings']
     Venue Journal of Spacecraft and …
     Year 2004
     Abstract This architecture selec- tion tool was linked to advanced integrated concurrent engineering (ICE) methods  design methods emerg- ing in aerospace and closely related fields will be reviewed, along with fundamental background work relevant to the research top- ics covered in
     Url https://arc.aiaa.org/doi/pdf/10.2514/1.9203


     Search term "Concurrent+Engineering"+"Cyber-physical+system"+OR+"Industrial+control+system"+OR+"ICS"+OR+"SCADA"+OR+"Distributed+control+system"+OR+"DCS"+"Traceability"
     Title Viewpoints: A framework for integrating multiple perspectives in system development
     Author ['A Finkelstein', 'J Kramer', 'B Nuseibeh']
     Venue … Journal of Software …
     Year 1992
     Abstract 2. View-Centric Context Modeling to Foster the Engineering of Cyber-Physical System Networks. Bastian Tenbergen, Marian Daun, Patricia  2. Fostering concurrent engineering of cyber-physical systems a proposal for an ontological context framework. Marian Daun, Jennifer
     Url https://www.worldscientific.com/doi/abs/10.1142/S0218194092000038


     Search term "Concurrent+Engineering"+"Cyber-physical+system"+OR+"Industrial+control+system"+OR+"ICS"+OR+"SCADA"+OR+"Distributed+control+system"+OR+"DCS"+"Traceability"
     Title Requirements traceability in simulation driven mechanical engineering
     Author ['P Tikka']
     Venue NA
     Year 2016
     Abstract Page 1. PETRI TIKKA REQUIREMENTS TRACEABILITY IN SIMULATION DRIVEN ME- CHANICAL ENGINEERING  Keywords: Requirements, Traceability, Systems Engineering, Simulation, Me- chanical engineering, Impact analysis, Surrogate object method
     Url https://trepo.tuni.fi/handle/123456789/23903


     Search term "Concurrent+Engineering"+"Cyber-physical+system"+OR+"Industrial+control+system"+OR+"ICS"+OR+"SCADA"+OR+"Distributed+control+system"+OR+"DCS"+"Traceability"
     Title From industrial robotics towards intelligent robotic systems
     Author ['AM Stanescu', 'A Nita', 'MA Moisescu']
     Venue 2008 4th International …
     Year 2008
     Abstract of automation objectives to be achieved within a Distributed (geographically) Concurrent Engineering C3 (Create  Interoperability eServices Utility [ISU] 2. Dual Embedded system integration [SCADA and SoA/KP] 3.Pollutant Life Cycle Information Traceability 4.Collaborative
     Url https://ieeexplore.ieee.org/abstract/document/4670441/


     Search term "Concurrent+Engineering"+"Cyber-physical+system"+OR+"Industrial+control+system"+OR+"ICS"+OR+"SCADA"+OR+"Distributed+control+system"+OR+"DCS"+"Traceability"
     Title System development—the challenges of re-useability
     Author ['JM Kirby']
     Venue Microprocessors and Microsystems
     Year 1995
     Abstract technology such as datalinks, conference calls and videoconferencing; the values of concurrent engineering within the  Status reporter uses the Get-DCS-Bite in-progress operation of DCS Card)  Traceability needs to be visible for certification purposes and needs to cope well
     Url https://www.sciencedirect.com/science/article/pii/0141933196892775


     Search term "Concurrent+Engineering"+"Cyber-physical+system"+OR+"Industrial+control+system"+OR+"ICS"+OR+"SCADA"+OR+"Distributed+control+system"+OR+"DCS"+"Traceability"
     Title Concurrent fine-grained versioning of UML models
     Author ['A De Lucia', 'F Fasano', 'G Scanniello']
     Venue 2009 13th European …
     Year 2009
     Abstract Event noti- fications are also propagated through the traceability layer of ADAMS to the artifacts impacted directly or indirectly by the  archive containing the semantic information in an XMI doc- ument, the syntax information in PGML (Precision Graph- ics Markup Language) [26
     Url https://ieeexplore.ieee.org/abstract/document/4812742/


     Search term "Concurrent+Engineering"+"Cyber-physical+system"+OR+"Industrial+control+system"+OR+"ICS"+OR+"SCADA"+OR+"Distributed+control+system"+OR+"DCS"+"Traceability"
     Title Identification of group organization during a design process by means of cooperation graphs
     Author ['E Rondeau', 'Z Idelmerfaa']
     Venue … Engineering
     Year 1999
     Abstract Today, Concurrent Engineering is seen as a methodology of considerable interest in the manufacturing engineering community [ 1 ]. It aims at accelerating a product design pro- cess requiring different activities and at achieving better product quality [2]. In order to achieve the
     Url https://journals.sagepub.com/doi/abs/10.1177/1063293X9900700302


     Search term "Concurrent+Engineering"+"Cyber-physical+system"+OR+"Industrial+control+system"+OR+"ICS"+OR+"SCADA"+OR+"Distributed+control+system"+OR+"DCS"+"Traceability"
     Title Artificial expertise in systems engineering (aerospace systems)
     Author ['DT Iorgulescu', 'DF Giere']
     Venue IEEE/AIAA 10th Digital …
     Year 1991
     Abstract the potential of producing order from chaos and enabling concurrent engineering processes  system requirement tools because it provides relationships between requirements traceability/hierarchy and  GUIDANCE/ CONTROL PROPULSION 4-W ~oy"N~~Ics ft NAVIGATION
     Url https://ieeexplore.ieee.org/abstract/document/177200/


     Search term "Concurrent+Engineering"+"Cyber-physical+system"+OR+"Industrial+control+system"+OR+"ICS"+OR+"SCADA"+OR+"Distributed+control+system"+OR+"DCS"+"Traceability"
     Title Value-based software engineering: Seven key elements and ethical considerations
     Author ['BW Boehm']
     Venue Value-based software engineering
     Year 2006
     Abstract code. Concurrent engineering is also preferable when system requirements are more emergent from usage or prototyping than prespecifiable  preferable. Traceability tools such as those in Chapter 14 can help with change impact analysis
     Url https://link.springer.com/content/pdf/10.1007/3-540-29263-2_6.pdf


     Search term "Concurrent+Engineering"+"Cyber-physical+system"+OR+"Industrial+control+system"+OR+"ICS"+OR+"SCADA"+OR+"Distributed+control+system"+OR+"DCS"+"Traceability"
     Title Systems engineering approach for the conjoint design of mechatronic products and their manufacturing systems
     Author ['F Mhenni', 'O Penas', 'M Hammadi']
     Venue 2018 Annual IEEE …
     Year 2018
     Abstract A cyber-physical system (CPS) can be considered as a network of cyber components  changes are likely to occur during the design process, traceability allows to  Unlike traditional serial approaches to new product de- velopment (NPD), concurrent engineering (CE) emphasizes
     Url https://ieeexplore.ieee.org/abstract/document/8369560/


     Search term "Concurrent+Engineering"+"Cyber-physical+system"+OR+"Industrial+control+system"+OR+"ICS"+OR+"SCADA"+OR+"Distributed+control+system"+OR+"DCS"+"Traceability"
     Title Trends in manufacturing control
     Author ['PJM van Bommel']
     Venue International Working Conference on the Design of …
     Year 1996
     Abstract of production in the overall business • Leading to concurrent engineering, extensive work  Manufacturing Execution 1: • Engineering Data Analysis: • Supervisory (Cell) Control (SCADA)  perfonnance registration Work-In-Progress tracking traceability Manufacturing Execution
     Url https://link.springer.com/chapter/10.1007/978-0-387-35063-9_4


     Search term "Concurrent+Engineering"+"Cyber-physical+system"+OR+"Industrial+control+system"+OR+"ICS"+OR+"SCADA"+OR+"Distributed+control+system"+OR+"DCS"+"Traceability"
     Title Modelling collaborative knowledge to support engineering design project manager
     Author ['V Robin', 'B Rose', 'P Girard']
     Venue Computers in industry
     Year 2007
     Abstract disappointing, and now many projects are developing a new approach as DCS [29] for  It becomes necessary to ensure the traceability of such knowledge in a way  Engineering Design, ICED2005, Melbourne (2005). Google Scholar. [8] G. Sohlenius. Concurrent Engineering, vol
     Url https://www.sciencedirect.com/science/article/pii/S0166361506001576


     Search term "Concurrent+Engineering"+"Cyber-physical+system"+OR+"Industrial+control+system"+OR+"ICS"+OR+"SCADA"+OR+"Distributed+control+system"+OR+"DCS"+"Traceability"
     Title CAPABILITY APPRAISAL OF THE LEVEL OF DIGITALIZATION IN ORGANIZATIONS (CALDO)
     Author ['L MANGANE']
     Venue NA
     Year NA
     Abstract MBSE, connected Workflows, MDO, CADM, concurrent engineering, impact analysis, object-level traceability, hybrid models Connected Robots (SCADA), HIL, SIL, ALM, co-engineering of tools and products, generalized ERP, IACS
     Url http://www.academia.edu/download/58580792/AEGATS2018_06_L._MANGANE_P.pdf


     Search term "Concurrent+Engineering"+"Cyber-physical+system"+OR+"Industrial+control+system"+OR+"ICS"+OR+"SCADA"+OR+"Distributed+control+system"+OR+"DCS"+"Traceability"
     Title Model-driven development of industrial process control applications
     Author ['D Hästbacka', 'T Vepsäläinen', 'S Kuikka']
     Venue Journal of Systems and Software
     Year 2011
     Abstract They include proprietary distributed control system (DCS) platforms, advanced programmable logic controller  and sustainability sector, engineering offices and industrial control system vendors  requirements originating from preceding and concurrent engineering activities for
     Url https://www.sciencedirect.com/science/article/pii/S0164121211000458


     Search term "Concurrent+Engineering"+"Cyber-physical+system"+OR+"Industrial+control+system"+OR+"ICS"+OR+"SCADA"+OR+"Distributed+control+system"+OR+"DCS"+"Traceability"
     Title A Framework for Cyber-physical System Tool-chain Development: A Service-oriented and Model-based Systems Engineering Approach
     Author ['L Jinzhi']
     Venue NA
     Year 2019
     Abstract A Tool Integration Language to Formalize Co-simulation Tool-chains for Cyber-physical System (CPS)”, Workshop on  and configuration managements of technical resources, as well as traceability, improve support for large-scale concurrent engineering by contributing
     Url https://www.diva-portal.org/smash/record.jsf?pid=diva2:1316044


     Search term "Concurrent+Engineering"+"Cyber-physical+system"+OR+"Industrial+control+system"+OR+"ICS"+OR+"SCADA"+OR+"Distributed+control+system"+OR+"DCS"+"Traceability"
     Title Managing supply chain risks in multi-site, multi-partner engineering projects
     Author ['S Kara', 'B Kayis', 'E Gomez']
     Venue Communications of the IBIMA
     Year 2008
     Abstract An example is given in Figure 2. The use of cause/effect relationships allowed the traceability of the  ics  information adequacy, volume/mix requirement change STRATEGY Centralisation of production/distribution facilities, choice of partners, concurrent engineering, cost focus
     Url http://ibimapublishing.com/articles/CIBIMA/2008/148537/148537.pdf


     Search term "Concurrent+Engineering"+"Cyber-physical+system"+OR+"Industrial+control+system"+OR+"ICS"+OR+"SCADA"+OR+"Distributed+control+system"+OR+"DCS"+"Traceability"
     Title Automotive software development and management
     Author ['A Shaout', 'M Arora', 'S Awad']
     Venue 2010 International Computer …
     Year 2010
     Abstract part, the novel function may itself be realized as a distributed control system  OF MODELS Stakeholder/Role Concern Analysis Model Characterist ics Electrical EeU  Benefits Unified Structure & Concurrent Engineering Product Lifecycle Management (PLM) tools represent a key
     Url https://ieeexplore.ieee.org/abstract/document/5720417/


     Search term "Concurrent+Engineering"+"Cyber-physical+system"+OR+"Industrial+control+system"+OR+"ICS"+OR+"SCADA"+OR+"Distributed+control+system"+OR+"DCS"+"Traceability"
     Title Control of quality
     Author ['RL Lints']
     Venue Factory Operations: Planning and Instructional …
     Year 2005
     Abstract The utilization of a multidisciplined review team, working in a concurrent engineering environment, has proven to be an effective means of accomplishing this goal, and the preliminary phase of design development is not too early for implementation
     Url http://citeseerx.ist.psu.edu/viewdoc/download?doi=10.1.1.468.5227&rep=rep1&type=pdf#page=274


     Search term "Concurrent+Engineering"+"Cyber-physical+system"+OR+"Industrial+control+system"+OR+"ICS"+OR+"SCADA"+OR+"Distributed+control+system"+OR+"DCS"+"Traceability"
     Title Knowledge-based multi-level aggregation for decision aid in the machining industry
     Author ['M Ritou', 'F Belkadi', 'Z Yahouni', 'C Da Cunha', 'F Laroche']
     Venue CIRP Annals
     Year 2019
     Abstract 3c) enables the configuration of the reporting parameters, notably by selecting the traceability objective, the scope  Concurrent Engineering, 16 (1) (2008), pp  180-191. Google Scholar. [11] D. Mourtzis, E. VlachouA Cloud-based Cyber-physical System for Adaptive Shop-floor
     Url https://www.sciencedirect.com/science/article/pii/S0007850619300101


     Search term "Concurrent+Engineering"+"Cyber-physical+system"+OR+"Industrial+control+system"+OR+"ICS"+OR+"SCADA"+OR+"Distributed+control+system"+OR+"DCS"+"Traceability"
     Title INTEGRATING SYSTEM ENGINEERING INTO THE SOFTWARE AND HARDWARE DESIGN PROCESS
     Author ['DJ Mori']
     Venue INCOSE International Symposium
     Year 1994
     Abstract both the vertical traceability of a hierarchy, and the horizontal traceability between the  and requirements through the lowest level possible between RDD and DCS/CAE  359—366 Malcolm, Nadine and McKennon, Jane ”Integrating the Concurrent Engineering Tool Set; Issues
     Url https://onlinelibrary.wiley.com/doi/abs/10.1002/j.2334-5837.1994.tb01733.x


     Search term "Concurrent+Engineering"+"Cyber-physical+system"+OR+"Industrial+control+system"+OR+"ICS"+OR+"SCADA"+OR+"Distributed+control+system"+OR+"DCS"+"Traceability"
     Title View-Centric Context Modeling to Foster the Engineering of Cyber-Physical System Networks
     Author ['B Tenbergen', 'M Daun', 'PA Obe']
     Venue 2018 IEEE International …
     Year 2018
     Abstract III. DEFINING CONTEXT VIEWS IN THE ENGINEERING OF CYBER-PHYSICAL SYSTEM NETWORKS While frameworks incorporating IEEE 42010-type views and  We argue that this (a) supports documenting important rationales and thereby ensuring traceability regarding the
     Url https://ieeexplore.ieee.org/abstract/document/8417154/


     Search term "Concurrent+Engineering"+"Cyber-physical+system"+OR+"Industrial+control+system"+OR+"ICS"+OR+"SCADA"+OR+"Distributed+control+system"+OR+"DCS"+"Traceability"
     Title Gateway: Volume 4, Number 4
     Author ['M Helander', 'JA Stern', 'J Whitestone', 'LJ Bernier']
     Venue NA
     Year 1993
     Abstract [Not Found]
     Url [Not Found]


     Search term "Concurrent+Engineering"+"Cyber-physical+system"+OR+"Industrial+control+system"+OR+"ICS"+OR+"SCADA"+OR+"Distributed+control+system"+OR+"DCS"+"Traceability"
     Title Cost engineering's role in total quality management
     Author ['FD Postula']
     Venue AACE International Transactions
     Year 1990
     Abstract and Development in Information Technology (ESPRIT II) and will enable use of shared databases along with concurrent engineering of developing  General Dynam- ics was the first defense contractor to implement a formal, structured quality improvement program (QIP) in
     Url http://search.proquest.com/openview/abf60f844fcb9c572e7e8338a27129aa/1?pq-origsite=gscholar&cbl=27161


     Search term "Concurrent+Engineering"+"Cyber-physical+system"+OR+"Industrial+control+system"+OR+"ICS"+OR+"SCADA"+OR+"Distributed+control+system"+OR+"DCS"+"Traceability"
     Title Design as evolution and reuse
     Author ['G Arango', 'E Schoen', 'R Pettengill']
     Venue … ] Proceedings Advances in …
     Year 1993
     Abstract On occasion it may be as difficult as proving theorems in physics or mathemat- ics. The high cost of recovering critical knowledge moti- vates our formalizing it for reuse  Structured rationales may be viewed as graphs with special properties that facilitate information traceability
     Url https://ieeexplore.ieee.org/abstract/document/291722/


     Search term "Concurrent+Engineering"+"Cyber-physical+system"+OR+"Industrial+control+system"+OR+"ICS"+OR+"SCADA"+OR+"Distributed+control+system"+OR+"DCS"+"Traceability"
     Title Agility Measures: Engineering Agile Systems
     Author ['HT Goranson']
     Venue NA
     Year 1997
     Abstract [Not Found]
     Url [Not Found]


     Search term "Concurrent+Engineering"+"Cyber-physical+system"+OR+"Industrial+control+system"+OR+"ICS"+OR+"SCADA"+OR+"Distributed+control+system"+OR+"DCS"+"Traceability"
     Title Design processes of mechatronic systems
     Author ['M Bricogne', 'J Le Duigou', 'B Eynard']
     Venue Mechatronic Futures
     Year 2016
     Abstract Therefore, there is a need for concurrent engineering approaches with an integrated strategy  Nevertheless, large-scale systems, traceability and safety and distributed environment imply the impossibility to use  birth to a type of system referred to as a cyber-physical system (CPS
     Url https://link.springer.com/chapter/10.1007/978-3-319-32156-1_6


     Search term "Concurrent+Engineering"+"Cyber-physical+system"+OR+"Industrial+control+system"+OR+"ICS"+OR+"SCADA"+OR+"Distributed+control+system"+OR+"DCS"+"Traceability"
     Title Process Automation and Quality Management in Multi-Disciplinary Engineering Environments
     Author ['D Winkler', 'S Biffl']
     Venue NA
     Year NA
     Abstract [Not Found]
     Url [Not Found]


     Search term "Concurrent+Engineering"+"Cyber-physical+system"+OR+"Industrial+control+system"+OR+"ICS"+OR+"SCADA"+OR+"Distributed+control+system"+OR+"DCS"+"Traceability"
     Title Digital Transformation of Engineering Information for Projects and Operation & Maintenance
     Author ['R Howarth']
     Venue NA
     Year 2019
     Abstract Our data-centric concurrent engineering process provides visibility across projects, inconsistency reports to resolve  It creates a foundation of information with traceability and accountability for care  twin with real-time sensor data from Distributed Control Systems (DCS) and data
     Url http://archives.datapages.com/data/ipa_pdf/2019/IPA19-F-34.pdf


     Search term "Concurrent+Engineering"+"Cyber-physical+system"+OR+"Industrial+control+system"+OR+"ICS"+OR+"SCADA"+OR+"Distributed+control+system"+OR+"DCS"+"Traceability"
     Title Practice and trends in control engineering
     Author ['C Maffezzoni', 'G Magnani']
     Venue Colloquium on Automatic Control
     Year 1996
     Abstract and control variables in real time to build up a low-cost distributed control system ("mini DCS  has in mind a specific control system vendor for the instrumentation (especially for DCS and PLC  of using it to standardize the whole Project life-cycle and to guarantee traceability of the
     Url https://link.springer.com/chapter/10.1007/BFb0043578


     Search term "Concurrent+Engineering"+"Cyber-physical+system"+OR+"Industrial+control+system"+OR+"ICS"+OR+"SCADA"+OR+"Distributed+control+system"+OR+"DCS"+"Traceability"
     Title ProSim/RA—software process simulation in support of risk assessment
     Author ['D Pfahl']
     Venue Value-based software engineering
     Year 2006
     Abstract Since 1991 many new SPS applications in software engineering have been pub- lished, focusing on more specific topics within software project and process man- agement, such as multi-project management (Lee and Miller, 2004), concurrent engineering (Powell et al., 1999
     Url https://link.springer.com/chapter/10.1007/3-540-29263-2_13


     Search term "Concurrent+Engineering"+"Cyber-physical+system"+OR+"Industrial+control+system"+OR+"ICS"+OR+"SCADA"+OR+"Distributed+control+system"+OR+"DCS"+"Traceability"
     Title Naval Design, Knowledge-Based Complexity, and Emergent Design Failures
     Author ['CPF Shields', 'DJ Singer']
     Venue Naval Engineers Journal
     Year 2017
     Abstract Thus, understanding these dynam- ics requires that the underlying knowledge-based  Requirements traceability can provide information about changing requirements and associated internal  activities using Set-Based Design implement a Concurrent Engineering approach
     Url https://www.ingentaconnect.com/content/asne/nej/2017/00000129/00000004/art00020


     Search term "Concurrent+Engineering"+"Cyber-physical+system"+OR+"Industrial+control+system"+OR+"ICS"+OR+"SCADA"+OR+"Distributed+control+system"+OR+"DCS"+"Traceability"
     Title Ensuring safe and consistent coengineering of cyber‐physical production systems: A case study
     Author ['M Tröls', 'A Mashkoor', 'A Demuth']
     Venue Journal of Software …
     Year NA
     Abstract However, concurrent engineering becomes quite challenging in domains where different engineering  For example, developing a cyber‐physical system typically requires software engineers, hardware  we describe a solution that enables traceability, consistency checking, and
     Url https://onlinelibrary.wiley.com/doi/abs/10.1002/smr.2308


     Search term "Concurrent+Engineering"+"Cyber-physical+system"+OR+"Industrial+control+system"+OR+"ICS"+OR+"SCADA"+OR+"Distributed+control+system"+OR+"DCS"+"Traceability"
     Title A framework for optimising product performance through feedback and reuse of in-service experience
     Author ['J Igba', 'K Alemzadeh', 'PM Gibbons']
     Venue Robotics and Computer …
     Year 2015
     Abstract strategies such as, lean manufacturing, just-in-time, concurrent engineering, cellular manufacturing  as prognostics, diagnostics and health management, through CMS and SCADA technologies  with complex organisational interaction and has poor data traceability – making it
     Url https://www.sciencedirect.com/science/article/pii/S0736584515000022


     Search term "Concurrent+Engineering"+"Cyber-physical+system"+OR+"Industrial+control+system"+OR+"ICS"+OR+"SCADA"+OR+"Distributed+control+system"+OR+"DCS"+"Traceability"
     Title RAMCAD (Reliability, Availability and Maintainability in Computer-Aided Design)
     Author ['WJ Dawson', 'PJ Glor', 'MA Klement', 'JC McManus']
     Venue NA
     Year 1992
     Abstract [Not Found]
     Url [Not Found]


     Search term "Concurrent+Engineering"+"Cyber-physical+system"+OR+"Industrial+control+system"+OR+"ICS"+OR+"SCADA"+OR+"Distributed+control+system"+OR+"DCS"+"Traceability"
     Title The Engineering Challenge: To Retain Technical Excellence In The Changing Aerospace Environment
     Author ['JP Frignac']
     Venue NA
     Year 1997
     Abstract performance retention Accurate "life prediction" and continuing life extensions Traceability at the  full 3-D model- ing; improved computer tools; truly Concurrent Engineering capable CADAM  expertise, prod- uct knowledge, Integrated Product Team dynam- ics, leadership skills
     Url https://www.sae.org/publications/technical-papers/content/971249/


     Search term "Concurrent+Engineering"+"Cyber-physical+system"+OR+"Industrial+control+system"+OR+"ICS"+OR+"SCADA"+OR+"Distributed+control+system"+OR+"DCS"+"Traceability"
     Title An advanced CMII-based engineering change management framework: the integration of PLM and ERP perspectives
     Author ['WH Wu', 'LC Fang', 'WY Wang', 'MC Yu']
     Venue International Journal of …
     Year 2014
     Abstract in which the implementation part of an engineering change (EC) emphasises 'Concurrent Engineering'  ECMS) to reduce the high failure rate and design cycle duration for ICs  business analysis, outsourcing to suppliers' process, release product change and product traceability
     Url https://www.tandfonline.com/doi/abs/10.1080/00207543.2014.911987


     Search term "Concurrent+Engineering"+"Cyber-physical+system"+OR+"Industrial+control+system"+OR+"ICS"+OR+"SCADA"+OR+"Distributed+control+system"+OR+"DCS"+"Traceability"
     Title CIRP encyclopedia of production engineering
     Author ['S Chatti', 'L Laperrière', 'G Reinhart', 'T Tolio']
     Venue NA
     Year 2019
     Abstract Positioning Quality Quality Assurance Resolution Reversal Scanning Electron Microscope Scanning Tunneling Microscope Topography Traceability  a multidisciplinary engineering team responsible for the design and implementation of the distributed control system (DCS) of a
     Url https://core.ac.uk/download/pdf/220119149.pdf


     Search term "Concurrent+Engineering"+"Cyber-physical+system"+OR+"Industrial+control+system"+OR+"ICS"+OR+"SCADA"+OR+"Distributed+control+system"+OR+"DCS"+"Traceability"
     Title Enterprise integration and interoperability in manufacturing systems: Trends and issues
     Author ['H Panetto', 'A Molina']
     Venue Computers in industry
     Year 2008
     Abstract production management (such as ERP—enterprise resource planning) and manufacturing floor control supervisory control and data acquisition (SCADA)  objects according to the Holonic Manufacturing System (HMS) paradigm, in order to ensure the traceability of customized
     Url https://www.sciencedirect.com/science/article/pii/S0166361508000353


     Search term "Concurrent+Engineering"+"Cyber-physical+system"+OR+"Industrial+control+system"+OR+"ICS"+OR+"SCADA"+OR+"Distributed+control+system"+OR+"DCS"+"Traceability"
     Title The past, present and future of EEE components for space application; COTS-the next generation
     Author ['J Wall', 'N Sinnadurai']
     Venue … of the 1998 IEEE International Frequency …
     Year 1998
     Abstract Some form of traceability for semiconductors is, probably, essential if radiation characterisation is unavoidable  In 1985 an exercise on 30000 ICs was undertaken by BellCore16 following the discovery that repeated Bum-In always found failures
     Url https://ieeexplore.ieee.org/abstract/document/717933/


     Search term "Concurrent+Engineering"+"Cyber-physical+system"+OR+"Industrial+control+system"+OR+"ICS"+OR+"SCADA"+OR+"Distributed+control+system"+OR+"DCS"+"Traceability"
     Title Overview of the integrated modular engine study at the AF Space and Missile Center
     Author ['J Fitzsimmons']
     Venue Space Programs and Technologies Conference and …
     Year 1993
     Abstract is part of Air Force Space and Missile System Center DCS, Developmental Planning's  QFD methodology is a structured process nith full traceability and complete user involvement  a concurrent engineering team was established with representatives from all the engineering and
     Url https://arc.aiaa.org/doi/pdf/10.2514/6.1993-4762


     Search term "Concurrent+Engineering"+"Cyber-physical+system"+OR+"Industrial+control+system"+OR+"ICS"+OR+"SCADA"+OR+"Distributed+control+system"+OR+"DCS"+"Traceability"
     Title Design structure matrix extensions and innovations: a survey and new opportunities
     Author ['TR Browning']
     Venue IEEE Transactions on Engineering Management
     Year 2015
     Abstract Page 1. IEEE TRANSACTIONS ON ENGINEERING MANAGEMENT, VOL. 63, NO. 1, FEBRUARY 2016 27 Design Structure Matrix Extensions and Innovations: A Survey and New Opportunities Tyson R. Browning Abstract—The
     Url https://ieeexplore.ieee.org/abstract/document/7332930/


     Search term "Concurrent+Engineering"+"Cyber-physical+system"+OR+"Industrial+control+system"+OR+"ICS"+OR+"SCADA"+OR+"Distributed+control+system"+OR+"DCS"+"Traceability"
     Title What every engineer should know about software engineering
     Author ['PA Laplante']
     Venue NA
     Year 2007
     Abstract and Finance, Jae K. Shim and Norman Henteleff What Every Engineer Should Know About Project Management: Second Edition, Revised and Expanded, Arnold M. Ruskin and W. Eugene Estes What Every Engineer Should Know About Concurrent Engineering, Thomas A
     Url https://books.google.com/books?hl=bg&lr=&id=pFHYk0KWAEgC&oi=fnd&pg=PP1&dq=%22Concurrent+Engineering%22+%22Cyber-physical+system%22+OR+%22Industrial+control+system%22+OR+%22ICS%22+OR+%22SCADA%22+OR+%22Distributed+control+system%22+OR+%22DCS%22+%22Traceability%22&ots=bu5_TKDUgf&sig=8X8EIYgNudQ2LJdEOD5OhWRtddg


     Search term "Concurrent+Engineering"+"Cyber-physical+system"+OR+"Industrial+control+system"+OR+"ICS"+OR+"SCADA"+OR+"Distributed+control+system"+OR+"DCS"+"Traceability"
     Title Compass Final Report: Europa Tunnelbot
     Author ['S Oleson', 'JM Newman', 'A Dombard']
     Venue NA
     Year 2019
     Abstract surface. Penetrating the ice down to the ocean while sampling for biomarkers and communicating back to the surface were the focus of three Compass concurrent engineering team designs. Page 9. NASA/TP—2019-220054 3
     Url https://ntrs.nasa.gov/search.jsp?R=20190026714

