Showing papers for search query "Continuous"+"Formal+methods"+"Regulated+Domain"

     Search term "Continuous"+"Formal+methods"+"Regulated+Domain"
     Title The application of a lean software development methodology within the regulated domain of medical device software
     Author ['O Cawley']
     Venue NA
     Year 2013
     Abstract Development Methodology within the Regulated Domain of Medical Device Software Oisín Cawley  Flow - The progressive achievement of tasks and/or information as it proceeds along the value stream, flow challenges us to reorganize the Value Stream to be continuous
     Url https://www.researchgate.net/profile/Oisin_Cawley/publication/291823790_The_Application_of_a_Lean_Software_Development_Methodology_within_the_Regulated_Domain_of_Medical_Device_Software/links/56a6561308ae6c437c1aeae8.pdf


     Search term "Continuous"+"Formal+methods"+"Regulated+Domain"
     Title XBRL-driven business process improvement: A simulation study in the accounting domain
     Author ['M Kloos', 'J Hulstijn', 'M Seck', 'M Janssen']
     Venue … Engineering and Formal Methods
     Year 2013
     Abstract SEFM 2013: Software Engineering and Formal Methods pp 288-305 | Cite as  There are also continuous improvements schemes like Lean [7], which tries to identify and reduce 'wastage  Accounting is somewhat special in the sense that it concerns a highly regulated domain
     Url https://link.springer.com/chapter/10.1007/978-3-319-05032-4_21


     Search term "Continuous"+"Formal+methods"+"Regulated+Domain"
     Title Opening up the verification and validation of safety-critical software
     Author ['H Hungar', 'M Behrens']
     Venue Software Engineering 2013-Workshopband
     Year 2013
     Abstract Thus, it will need continuous service  Our paper is concerned mainly with this third step: What does V&V within an open devel- opment mean, and how could it be implemented in the regulated domain of safety-critical railway  with Lots on Formal Methods / Software Verification
     Url https://dl.gi.de/handle/20.500.12116/17400


     Search term "Continuous"+"Formal+methods"+"Regulated+Domain"
     Title Do we teach the right thing? A comparison of GSE education and practice
     Author ['S Beecham', 'J Noll', 'T Clear']
     Venue 2017 IEEE 12th International …
     Year 2017
     Abstract software or- ganisations willing to provide project experiences for students within a regulated domain  covered by other courses in the curriculum, for instance a formal methods course  level challenges relating to organisational distance eg ”dealing with continuous changes of
     Url https://ieeexplore.ieee.org/abstract/document/7976682/


     Search term "Continuous"+"Formal+methods"+"Regulated+Domain"
     Title Monitoring with Parameters
     Author ['P Faymonville']
     Venue NA
     Year 2019
     Abstract Monitoring as a Formal Method In the larger context of formal methods, runtime  Since autonomous UAS fly in a dynamic, physical environment with continuous observations of real  Further, we characterize the potential impact of runtime monitoring for this regulated domain
     Url https://publikationen.sulb.uni-saarland.de/handle/20.500.11880/27458


     Search term "Continuous"+"Formal+methods"+"Regulated+Domain"
     Title Interlocking Safety Cases for Unmanned Autonomous Systems in Shared Airspaces
     Author ['M Vierhauser', 'S Bayley', 'J Wyngaard']
     Venue IEEE Transactions …
     Year 2019
     Abstract meant to complement existing safety practices and could, for exam- ple, be used as part of a formal review process in a regulated domain  Event-driven enhanced monitoring (continuous) Based on results from V2 and/or on changes in our current operating mode, enhance our
     Url https://ieeexplore.ieee.org/abstract/document/8674543/


     Search term "Continuous"+"Formal+methods"+"Regulated+Domain"
     Title Evaluation of CESAR: Pilot Applications
     Author ['G Fenu', 'E Armengaud', 'O Bridal', 'S De Martino']
     Venue CESAR-Cost-efficient …
     Year 2013
     Abstract of three levels, each one describing different uses of the ERTMS as a train control system, going from track to train communications (described in Level 1) up to the continuous communication between  During the project, formal methods for this have been developed and tested
     Url https://link.springer.com/chapter/10.1007/978-3-7091-1387-5_9


     Search term "Continuous"+"Formal+methods"+"Regulated+Domain"
     Title Software requirements for a nuclear plant operator advisor, the SIPO case study
     Author ["EMA D'Angelo"]
     Venue NA
     Year 1999
     Abstract Page 4. First, 1 would like to express my sincere gratitude and appreciation to Professor John Mylopoulos for his continuous support and interest  Page 12. PREFACE Page 13. ln process indusines, where a senes of continuous actions or steps are design to achieve a predeter
     Url https://tspace.library.utoronto.ca/bitstream/1807/11629/1/mq29237.pdf


     Search term "Continuous"+"Formal+methods"+"Regulated+Domain"
     Title Reliability on the Move: Safety and reliability in transportation
     Author ['GB Guy', 'BA Sayers']
     Venue NA
     Year 1989
     Abstract CONTENTS Preface List of Contributors Hazard Analysis-A Standardised Approach K. Geary Application of Formal Methods to Railway Signalling WJ Cullyer, JW Wise Fault Tolerance for Railway Signalling-VOTRICS in Practice G. Wirthumer, H. Lutnik An AI/Real Time Solution
     Url https://books.google.com/books?hl=de&lr=&id=iZt0eGgP0OEC&oi=fnd&pg=PR9&dq=%22Continuous%22+%22Formal+methods%22+%22Regulated+Domain%22&ots=yw1fG4xnDX&sig=1OHoMeNDP52godDFYZttSbK1lz0

