Showing papers for search query "Continuous"+"Hardware+simulation"+"Traceability"

     Search term "Continuous"+"Hardware+simulation"+"Traceability"
     Title Method and system for generating electronic hardware simulation models
     Author ['DA Fura']
     Venue US Patent 5,953,519
     Year 1999
     Abstract US5953519A - Method and system for generating electronic hardware simulation models - Google Patents. Method and system for generating electronic hardware simulation models. Download PDF Info. Publication number US5953519A
     Url https://patents.google.com/patent/US5953519A/en


     Search term "Continuous"+"Hardware+simulation"+"Traceability"
     Title Testing tool comprising an automated multidimensional traceability matrix for implementing and validating complex software systems
     Author ['BM Blackwell', 'LR Guzman Jr', 'JP Collen']
     Venue US Patent …
     Year 2009
     Abstract US7490319B2 - Testing tool comprising an automated multidimensional traceability matrix for implementing and validating complex software systems - Google Patents. Testing tool comprising an automated multidimensional
     Url https://patents.google.com/patent/US7490319B2/en


     Search term "Continuous"+"Hardware+simulation"+"Traceability"
     Title Requirements and systems engineering for complex systems
     Author ['F Kirschke-Biller', 'C Ebert']
     Venue 18. Internationales Stuttgarter Symposium
     Year 2018
     Abstract Systems Engineering supports the continuous development of requirements up to val- idation  and simulation, and the model-based system technology and hardware simulation – Collaboration in  practices for reusing hardware and software items, lightweight traceability for end
     Url https://link.springer.com/chapter/10.1007/978-3-658-21194-3_38


     Search term "Continuous"+"Hardware+simulation"+"Traceability"
     Title Hardware certification for real-time safety-critical systems: State of the art
     Author ['AJ Kornecki', 'J Zalewski']
     Venue Annual Reviews in Control
     Year 2010
     Abstract Phase 3 is a step to put the recommendations of Phase 2 into practice. Finally, the role of Phase 4 is to provide the continuous process of DO-254 compliance for making any new parts that might need such compliance  Using traceability metrics from the project inception. •
     Url https://www.sciencedirect.com/science/article/pii/S1367578810000167


     Search term "Continuous"+"Hardware+simulation"+"Traceability"
     Title A life cycle for modeling and simulation
     Author ['O Balci']
     Venue Simulation
     Year 2012
     Abstract 1. Discrete M&S 1. Logic 2. Continuous M&S 2. Differential equations 3. Monte Carlo M&S  15. Hardware + Simulation 16  4. Associating functional requirements with a UC enables better life-cycle traceability: functional requirement $ use case $ class in design $ class in code
     Url https://journals.sagepub.com/doi/abs/10.1177/0037549712438469


     Search term "Continuous"+"Hardware+simulation"+"Traceability"
     Title Extending UML from software to systems
     Author ['S Friedenthal', 'R Burkhart']
     Venue Proceedings Of The INCOSE 2003 …
     Year 2003
     Abstract Supports information flows between components • Does not preclude continuous time varying properties  attributes) • Requirements (eg req'ts types, traceability) • Verification (eg test cases, verification results)  specific models (ie software, hardware, simulation and analysis, etc)
     Url http://syseng.omg.org/Extending-UML-From-SW-to-Systems-INCOSE-2003.pdf


     Search term "Continuous"+"Hardware+simulation"+"Traceability"
     Title A Modeling Specification Methodology to Support Simulation of Distributed Heterogeneous Power Systems
     Author ['K Mueller', 'L Johnson']
     Venue 7th International Energy Conversion Engineering …
     Year NA
     Abstract different engineering domains in a simulation, the need to include continuous and discrete time  This allows for the hardware simulation models to correlate to existing hardware test and  Requirements To assure uniformity, clarity and to facilitate system level traceability (such as
     Url https://arc.aiaa.org/doi/pdf/10.2514/6.2009-4562


     Search term "Continuous"+"Hardware+simulation"+"Traceability"
     Title Collaborative Modeling and Simulation for Cyber-Physical Systems
     Author ['PG Larsen', 'J Fitzgerald', 'J Woodcock']
     Venue Trustworthy Cyber …
     Year 2016
     Abstract finite control graphs describe discrete behaviors and differential equations describe continuous behav- iors  SysML—FMI model generation Heterogeneous systems models Feedback Testing Code/ hardware simulation Strong traceability configuration management
     Url https://books.google.com/books?hl=en&lr=&id=eScNDgAAQBAJ&oi=fnd&pg=PA177&dq=%22Continuous%22+%22Hardware+simulation%22+%22Traceability%22&ots=iGI54ULmKT&sig=amf-BJW5tUXPnCEI9LMkHC2Oa6g


     Search term "Continuous"+"Hardware+simulation"+"Traceability"
     Title Hardware-in-the-loop simulation for real-time software verification of an autonomous underwater robot
     Author ['P Sarhadi', 'RNA Niachari', 'MP Rad']
     Venue International Journal of …
     Year 2016
     Abstract 2009; Ronsheng and Satina, 2010). In the supervision process of software projects, main targets such as traceability, consistency, maintainability, reliability, etc. should be considered (Pressman, 2009). Because of the valence
     Url https://www.emerald.com/insight/content/doi/10.1108/IJIUS-12-2015-0016/full/html


     Search term "Continuous"+"Hardware+simulation"+"Traceability"
     Title Development and verification of complex hybrid systems using synthesizable monitors
     Author ['A Abel', 'A Adir', 'T Blochwitz', 'L Greenberg']
     Venue Haifa Verification …
     Year 2013
     Abstract The traceability in- formation could then be used to produce coverage reports for the higher  Let X and Y be two continuous signals in the system with inaccuracy parameters εX  then uses an existing synthesizer from PSL to C (originally used for hardware simulation monitors) to
     Url https://link.springer.com/chapter/10.1007/978-3-319-03077-7_13


     Search term "Continuous"+"Hardware+simulation"+"Traceability"
     Title 5G wireless systems
     Author ['Y Yang', 'J Xu', 'G Shi', 'CX Wang']
     Venue NA
     Year 2018
     Abstract Page 1. Wireless Networks Yang Yang Jing Xu Guang Shi Cheng-Xiang Wang 5G Wireless Systems Simulation and Evaluation Techniques Page 2. Wireless Networks Series editor Xuemin Sherman Shen University of Waterloo, Waterloo, Ontario, Canada Page 3
     Url https://link.springer.com/content/pdf/10.1007/978-3-319-61869-2.pdf


     Search term "Continuous"+"Hardware+simulation"+"Traceability"
     Title Reconfigurable measurement system utilizing a programmable hardware element and fixed hardware resources
     Author ['BK Odom', 'JE Peck', 'HA Andrade', 'CP Butler']
     Venue US Patent …
     Year 2006
     Abstract US7085670B2 - Reconfigurable measurement system utilizing a programmable hardware element and fixed hardware resources - Google Patents. Reconfigurable measurement system utilizing a programmable hardware element and fixed hardware resources. Download PDF
     Url https://patents.google.com/patent/US7085670B2/en


     Search term "Continuous"+"Hardware+simulation"+"Traceability"
     Title Flexible testing platform for employment of RFID-enabled multi-agent system on flexible assembly line
     Author ['AV Barenji', 'RV Barenji', 'M Hashemipour']
     Venue Advances in Engineering …
     Year 2016
     Abstract Furthermore, the visibility and traceability of manufacturing items such as works in progress (WIPs) are so weak that high WIP inventory levels are common  Hardware simulation agent module: This belongs to the CPN model of the system and is used to analyze the FAL behavior
     Url https://www.sciencedirect.com/science/article/pii/S0965997815001349


     Search term "Continuous"+"Hardware+simulation"+"Traceability"
     Title Agile Systems Integration Process
     Author ['JD Winningham', 'DJ Coe']
     Venue Proceedings of the …
     Year 2015
     Abstract Thus complex missile systems may have started with some legacy hardware, simulation models of threats  Storyboard • Derived Requirements o High-level use cases o Non-functional requirements • Traceability  at the onset of the project was to use continuous integration which
     Url http://search.proquest.com/openview/f4c2a3fdd27bff8cc92d2df637055dd0/1?pq-origsite=gscholar&cbl=1976352


     Search term "Continuous"+"Hardware+simulation"+"Traceability"
     Title An approach based on SysML and SystemC to simulate complex systems
     Author ['A Abdulhameed', 'A Hammad']
     Venue … on Model-Driven …
     Year 2014
     Abstract that focuses on the design and manipulation of models it is even an area of active research in expansion which goal is the continuous and systematic  When creating a target item from a source element, ATL retains a traceability link between the two ele- ments, this link is used to
     Url https://ieeexplore.ieee.org/abstract/document/7018517/


     Search term "Continuous"+"Hardware+simulation"+"Traceability"
     Title Integrated Tool Chain for Model-Based Design of Cyber-Physical Systems
     Author ['P Gorm-Larsen', 'C Thule', 'K Lausdahl']
     Venue The 14th Overture …
     Year 2016
     Abstract to models of control software, but there are situations in which executable implementations of models of continuous systems are  10: Traceability links around architecture modelling of the line follower robot Fig  12: Excerpt of water tank valve controller and hardware simulation
     Url https://tidsskrift.dk/ece/article/download/24731/21669#page=69


     Search term "Continuous"+"Hardware+simulation"+"Traceability"
     Title Graphical development and deployment of parallel floating-point math functionality on a system with heterogeneous hardware components
     Author ['JL Kodosky', 'HA Andrade', 'BK Odom', 'CP Butler']
     Venue US Patent …
     Year 2016
     Abstract US9235395B2 - Graphical development and deployment of parallel floating-point math functionality on a system with heterogeneous hardware components - Google Patents. Graphical development and deployment of parallel
     Url https://patents.google.com/patent/US9235395B2/en


     Search term "Continuous"+"Hardware+simulation"+"Traceability"
     Title Onboard software
     Author ['SI Cofán', 'A Formella']
     Venue Cubesat Handbook
     Year NA
     Abstract The capabilities of flight software are constantly increasing due to this continuous evolution of technology [1]. As a result, software has acquired fundamental  In this stage of the project, it should be noted that traceability is a relevant aspect to be considered, because tracing the
     Url https://www.sciencedirect.com/science/article/pii/B9780128178843000126


     Search term "Continuous"+"Hardware+simulation"+"Traceability"
     Title Simulators and emulators for WSNs
     Author ['HMA Fahmy']
     Venue Wireless sensor networks
     Year 2016
     Abstract 2005). 6.3.1 Simulating the Advance of Time. For representative simulation, continuous systems and discrete systems are to be comprehensibly differentiated  In general C-events relate to the start of some activity. 6.3.1.4 The Continuous Simulation Approach
     Url https://link.springer.com/chapter/10.1007/978-981-10-0412-4_6


     Search term "Continuous"+"Hardware+simulation"+"Traceability"
     Title A real-time harmonic detector design to improve power quality in power systems
     Author ['AY Omishat']
     Venue NA
     Year 2017
     Abstract theoretical values of the harmonics. The digital hardware simulation results of the proposed real-time harmonic detection system matched the theoretical simulations from MATLAB. Page 4. iv  estimates. HDL Coder offers traceability between your Simulink model and the
     Url https://digital.maag.ysu.edu:8443/xmlui/bitstream/handle/1989/12343/b22354645.pdf?sequence=2


     Search term "Continuous"+"Hardware+simulation"+"Traceability"
     Title The Digital Design and Verification of Overall Power System for Spacecraft
     Author ['N Xia', 'Q Du', 'Z Liu', 'X Zhang', 'Y Chen']
     Venue International Conference in …
     Year 2019
     Abstract With the continuous development of China's aerospace industry, the difficulty of flight  system, improved knowledge acquisition and knowledge reuse, provide better traceability of information  popularization in circuit principle design, PCB design and hardware simulation [6]. At
     Url https://link.springer.com/chapter/10.1007/978-981-13-9409-6_192


     Search term "Continuous"+"Hardware+simulation"+"Traceability"
     Title Design and verification of Guidance, Navigation and Control systems for space applications
     Author ['S Corpino', 'S Chiesa', 'EF Fossati']
     Venue NA
     Year 2014
     Abstract Simulation is used during the engineering process and can be classified from fully numerical (ie all the equipment and conditions are reproduced as virtual model) to fully integrated hardware simulation (where the system is represented by real hardware and software modules
     Url https://core.ac.uk/download/pdf/234900652.pdf


     Search term "Continuous"+"Hardware+simulation"+"Traceability"
     Title Self-reconfiguration of industrial mobile robots
     Author ['S Angerer', 'R Pooley', 'R Aylett']
     Venue … Conference on Self-Adaptive and Self …
     Year 2010
     Abstract MobComm instead,uses an alleviated level of emergence for a continuous,dependable system  S,ETUP,The experimental setup can be segmented into a hardware,simulation and a  General ,advances of a simulated hardware like a better traceability or,evaluation possibilities
     Url https://www.computer.org/csdl/proceedings-article/saso/2010/4232a064/12OmNqzcvBI


     Search term "Continuous"+"Hardware+simulation"+"Traceability"
     Title Raspberry Pi based Surveillance System with FPGA based Hardware Accelerator for Video Enhancement
     Author ['S Pandit']
     Venue NA
     Year 2018
     Abstract Page 1. Raspberry Pi based Surveillance System with FPGA based Hardware Accelerator for Video Enhancement Project report submitted in partial fulfilment of the requirements for the degree of Bachelor of Technology BY Sujay Pandit (1410110446) Under Supervision of
     Url https://www.researchgate.net/profile/Sujay_Pandit/publication/330358936_Raspberry_Pi_based_Surveillance_System_with_FPGA_based_Hardware_Accelerator_for_Video_Enhancement/links/5c3c3a95458515a4c724861a/Raspberry-Pi-based-Surveillance-System-with-FPGA-based-Hardware-Accelerator-for-Video-Enhancement.pdf


     Search term "Continuous"+"Hardware+simulation"+"Traceability"
     Title Airborne Electronic Hardware Design Assurance: A Practitioner's Guide to RTCA/DO-254
     Author ['R Fulton', 'R Vandermolen']
     Venue NA
     Year 2017
     Abstract 184 Baseline Traceability  2 Airborne Electronic Hardware Design Assurance a high level of documentation and traceability that, while inconvenient on the sur- face, has repeatedly proven its worth over the long-term life of a design
     Url https://books.google.com/books?hl=en&lr=&id=ZQMvDwAAQBAJ&oi=fnd&pg=PP1&dq=%22Continuous%22+%22Hardware+simulation%22+%22Traceability%22&ots=Dqra5HFlFF&sig=ZadyedOHzSl9-tCg-kAtPIRh-1U


     Search term "Continuous"+"Hardware+simulation"+"Traceability"
     Title Systems and methods for generating optimized hardware descriptions for models
     Author ['Y Gu', 'G Venkataramani', 'R Kokku']
     Venue US Patent 9,817,931
     Year 2017
     Abstract US9817931B1 - Systems and methods for generating optimized hardware descriptions for models - Google Patents. Systems and methods for generating optimized hardware descriptions for models. Download PDF Info. Publication
     Url https://patents.google.com/patent/US9817931B1/en


     Search term "Continuous"+"Hardware+simulation"+"Traceability"
     Title Better Software. Faster!: Best Practices in Virtual Prototyping
     Author ['T De Schutter']
     Venue NA
     Year 2014
     Abstract For example, bottlenecks can emerge if desires for more frequent software builds and continuous integration are paired with inadequate  on system integrators to mandate augmented lifecycle management practices and to require higher levels of traceability for compliance
     Url https://books.google.com/books?hl=en&lr=&id=0VHKAwAAQBAJ&oi=fnd&pg=PP1&dq=%22Continuous%22+%22Hardware+simulation%22+%22Traceability%22&ots=cw6VubLxe0&sig=Fqtzf7P_UhSyYHCGQDL6fn_bZVs


     Search term "Continuous"+"Hardware+simulation"+"Traceability"
     Title Airflow Simulation Tool for Intelligent Air Quality Monitoring System
     Author ['P Kronström']
     Venue NA
     Year 2016
     Abstract Page 1. Aalto University School of Electrical Engineering Department of Electrical Engineering and Automation Peter Kronström Airflow Simulation Tool for Intelligent Air Quality Monitoring System Master's Thesis Espoo, August 1, 2016 Supervisor: Ville Kyrki, D.Sc
     Url https://aaltodoc.aalto.fi/handle/123456789/21620


     Search term "Continuous"+"Hardware+simulation"+"Traceability"
     Title Model level power consumption optimization in hardware description generation
     Author ['P Biswas', 'Z Zhao', 'W Chen', 'Y Gu']
     Venue US Patent 9,355,000
     Year 2016
     Abstract US9355000B1 - Model level power consumption optimization in hardware description generation - Google Patents. Model level power consumption optimization in hardware description generation. Download PDF Info. Publication
     Url https://patents.google.com/patent/US9355000B1/en


     Search term "Continuous"+"Hardware+simulation"+"Traceability"
     Title Candidate Technologies and Evaluation Challenges for 5G
     Author ['Y Yang', 'J Xu', 'G Shi', 'CX Wang']
     Venue 5G Wireless Systems
     Year 2018
     Abstract firefighting, environmental monitoring, lighting control, health care, food traceability, floriculture, water  asynchronous fast access and efficient use of non-continuous spectrum  time calculation, and thus improving the calculation accuracy through hardware simulation; in addition
     Url https://link.springer.com/chapter/10.1007/978-3-319-61869-2_1


     Search term "Continuous"+"Hardware+simulation"+"Traceability"
     Title Development and Deployment of Parallel Floating-Point Math Functionality on a System with Heterogeneous Hardware Components
     Author ['JL Kodosky', 'HA Andrade', 'BK Odom']
     Venue US Patent App. 14 …
     Year 2014
     Abstract US20140359590A1 - Development and Deployment of Parallel Floating-Point Math Functionality on a System with Heterogeneous Hardware Components - Google Patents. Development and Deployment of Parallel Floating
     Url https://patents.google.com/patent/US20140359590A1/en


     Search term "Continuous"+"Hardware+simulation"+"Traceability"
     Title Cryogenic current comparators for larger beamlines
     Author ['P Seidel', 'V Tympel', 'R Neubert', 'J Golm']
     Venue IEEE Transactions …
     Year 2018
     Abstract problem should moreover include the possibility to calibrate the electrical cur- rent with traceability to national  rent and can couple to the sensor even in case of a continuous beam  In a hardware simulation - a measurement performed on a core with reduced diameter but same
     Url https://ieeexplore.ieee.org/abstract/document/8315482/


     Search term "Continuous"+"Hardware+simulation"+"Traceability"
     Title Systems and methods for tracing performance information from hardware realizations to models
     Author ['Y Gu']
     Venue US Patent 10,261,760
     Year 2019
     Abstract US10261760B1 - Systems and methods for tracing performance information from hardware realizations to models - Google Patents. Systems and methods for tracing performance information from hardware realizations to models. Download PDF Info
     Url https://patents.google.com/patent/US10261760B1/en


     Search term "Continuous"+"Hardware+simulation"+"Traceability"
     Title Graphical development and deployment of parallel floating-point math functionality on a system with heterogeneous hardware components
     Author ['JL Kodosky', 'HA Andrade', 'BK Odom', 'CP Butler']
     Venue US Patent …
     Year 2018
     Abstract US9904523B2 - Graphical development and deployment of parallel floating-point math functionality on a system with heterogeneous hardware components - Google Patents. Graphical development and deployment of parallel
     Url https://patents.google.com/patent/US9904523B2/en


     Search term "Continuous"+"Hardware+simulation"+"Traceability"
     Title Systems and methods for estimating performance characteristics of hardware implementations of executable models
     Author ['G Venkataramani', 'Y Gu', 'R Kokku']
     Venue US Patent 10,078,717
     Year 2018
     Abstract The simulation engine 114 may generate execution instructions for the model 118, and execute, eg, compile and run or interpret, the model 118, using one or more of the solvers 124 a-c. Exemplary solvers include one or more fixed-step continuous solvers, which may utilize
     Url https://patents.google.com/patent/US10078717B1/en


     Search term "Continuous"+"Hardware+simulation"+"Traceability"
     Title Problems of instrumental support for the development of distributed embedded real-time systems
     Author ['AG Bakhmurov', 'RL Smelyansky']
     Venue Programming and Computer Software
     Year 2013
     Abstract models of different types within the framework of the DRTES model: continuous and discrete  The SCADE envi ronment has no tools for hardware simulation  needs; (*) management of requirements, including the specification of the requirement traceability matrix; (*) formulation
     Url https://link.springer.com/article/10.1134/S0361768813050022


     Search term "Continuous"+"Hardware+simulation"+"Traceability"
     Title Power is overrated, go for friendliness! expressiveness, faithfulness, and usability in modeling: the actor experience
     Author ['M Sirjani']
     Venue Principles of Modeling
     Year 2018
     Abstract Moreover, friendliness can give us a good traceability, from the model to the system  WSANs can provide low-cost continuous monitoring  We showed that despite the high level of abstraction the results are consistent with hardware simulation results in the literature, so, the
     Url https://link.springer.com/chapter/10.1007/978-3-319-95246-8_25


     Search term "Continuous"+"Hardware+simulation"+"Traceability"
     Title Shared Variable Analyser For Hardware Descriptions
     Author ['J Sharp']
     Venue NA
     Year 2013
     Abstract And of course, my eternal gratitude to them for putting up with my status as a student for nearly nine years.My thanks to my dear friend Chris Culnane for listening to my continuous rants and providing me with a rational view on the expectations on life as a PhD student
     Url http://search.proquest.com/openview/779aecb3e035273688c49dc9e9816ee4/1?pq-origsite=gscholar&cbl=51922&diss=y


     Search term "Continuous"+"Hardware+simulation"+"Traceability"
     Title Advances in Streamlining Software Delivery on the Web and its Relations to Embedded Systems
     Author ['K Hirvikoski']
     Venue NA
     Year 2015
     Abstract Many practises have formed to support this deployment pipeline, notably Continuous Integration, Deployment and Experimentation  13 3 Deployment Pipeline 14 3.1 From Development to Production . . . . . 15 3.2 Continuous Integration
     Url https://helda.helsinki.fi/handle/10138/156665


     Search term "Continuous"+"Hardware+simulation"+"Traceability"
     Title Semiconductor development in Ireland: reducing'development stress' caused by digital hardware and embedded software team interaction
     Author ['IJ Griffin']
     Venue NA
     Year 2010
     Abstract Fab Silicon wafer fabrication facility Hardware Simulation Modelling of the hardware at different levels of abstraction (functional, gate level, etc.) for the purposes of hardware verification  160 7.5.1 Automate FPGA Design Traceability through Version Tracking
     Url http://193.1.102.107/handle/10344/386


     Search term "Continuous"+"Hardware+simulation"+"Traceability"
     Title Automated testing and control of networked devices
     Author ['KJ Poisson', 'JS Trottier', 'J Beverley', 'V Vobruba']
     Venue US Patent …
     Year 2009
     Abstract times at step 1006. The schedule may also operate in a continuous dynamic mode by monitoring the condition of devices in the test network to determine issues which may impact scheduling of future test plans. If the network
     Url https://patents.google.com/patent/US7631227B2/en


     Search term "Continuous"+"Hardware+simulation"+"Traceability"
     Title software/FPGA co-design for Edge-computing: Promoting object-oriented design
     Author ['XS Le']
     Venue NA
     Year 2017
     Abstract Firstly† I would like to express my sincere gratitude to my advisors Prof• Noury Bouraqadi and Prof• Loic Lagadec for the continuous support of my Ph•D study and related research† for their patience† mo‡ tivation† and immense knowledge• Their guidance helped me in all the
     Url https://tel.archives-ouvertes.fr/tel-01661569/


     Search term "Continuous"+"Hardware+simulation"+"Traceability"
     Title D 5.1. 111: Suitability of PV testing methods for arctic conditions; existing methods and development needs
     Author ['A Löf', 'R Pasonen', 'ML Pykälä']
     Venue NA
     Year 2014
     Abstract 23 4.1.5 Wind speed and direction measurements ..... 24 4.2 Hardware simulation testing environment ..... 25 4.2.1 Magna-Power Electronics DC power supply
     Url http://sgemfinalreport.fi/files/D5.1.111.pdf


     Search term "Continuous"+"Hardware+simulation"+"Traceability"
     Title Message-based modeling
     Author ['HT Simsek', 'V Raghavan', 'R Mani']
     Venue US Patent 9,594,608
     Year 2017
     Abstract US9594608B2 - Message-based modeling - Google Patents. Message-based modeling. Download PDF Info. Publication number US9594608B2. US9594608B2 US14/335,159 US201414335159A US9594608B2 US 9594608
     Url https://patents.google.com/patent/US9594608B2/en


     Search term "Continuous"+"Hardware+simulation"+"Traceability"
     Title Optical testing and verification methods for the James Webb Space Telescope Integrated Science Instrument Module element
     Author ['SR Antonille', 'CL Miskey', 'RG Ohl']
     Venue … , and Verification X
     Year 2016
     Abstract SPIE Digital Library Proceedings.
     Url https://www.spiedigitallibrary.org/conference-proceedings-of-spie/9951/995105/Optical-testing-and-verification-methods-for-the-James-Webb-Space/10.1117/12.2238838.full?webSyncID=ed268bea-d49a-2853-1ab0-d3a6b03c97c0&sessionGUID=09b6bcd7-46b8-0d8e-8abe-eaed6ae05c11


     Search term "Continuous"+"Hardware+simulation"+"Traceability"
     Title Multi-domain unified debugger
     Author ['PJ Mosterman', 'M Yunt', 'M Yeddanapudi']
     Venue US Patent …
     Year 2009
     Abstract creating accurate, detailed models. These models are typically hybrid dynamic systems that span a variety of domains, including continuous dynamics and discrete behavior, physical connections, and event-driven states. To add to
     Url https://patents.google.com/patent/US7496895B1/en


     Search term "Continuous"+"Hardware+simulation"+"Traceability"
     Title The design-methods comparison project
     Author ['AT Bahill', 'M Alford', 'K Bharathan']
     Venue … on Systems, Man …
     Year 1998
     Abstract The system engineer maintains the functional and the design engineer maintains the physical, with the translation map showing traceability  This means that bottom-up development can easily be integrated into top-down or horizontal structures with complete traceability
     Url https://ieeexplore.ieee.org/abstract/document/661092/


     Search term "Continuous"+"Hardware+simulation"+"Traceability"
     Title The Software First System Development Methodology
     Author ['D Preston', 'E Fedchak']
     Venue NA
     Year 1989
     Abstract [Not Found]
     Url [Not Found]


     Search term "Continuous"+"Hardware+simulation"+"Traceability"
     Title System and method for using execution contexts in block diagram modeling
     Author ['JE Ciolfi', 'R Mani', 'DP Orofino', 'M Shakeri']
     Venue US Patent …
     Year 2010
     Abstract US7809545B2 - System and method for using execution contexts in block diagram modeling - Google Patents. System and method for using execution contexts in block diagram modeling. Download PDF Info. Publication number
     Url https://patents.google.com/patent/US7809545B2/en


     Search term "Continuous"+"Hardware+simulation"+"Traceability"
     Title Glossary, Acronyms, Abbreviations: Space transportation system and associated payloads
     Author ['AM Koller Jr']
     Venue NA
     Year NA
     Abstract [Not Found]
     Url [Not Found]

