Showing papers for search query "Concurrent+Engineering"+"Continuous"+"Medical"

     Search term "Concurrent+Engineering"+"Continuous"+"Medical"
     Title Concurrent engineering: new rules for world-class companies
     Author ['SG Shina']
     Venue IEEE Spectrum
     Year 1991
     Abstract Typical charts, shown here for an actual line of elec- tronic medical instruments and normalized for a component count or  to find the critical ones The following terms also appear frequently in dis- cussions of concurrent engineering: CONTINUOUS PRlWSS IMCRBTEMEMT
     Url https://ieeexplore.ieee.org/abstract/document/83462/


     Search term "Concurrent+Engineering"+"Continuous"+"Medical"
     Title A concurrent engineering approach for the development of medical devices
     Author ['SK Das', 'JB Almonor']
     Venue International Journal of Computer Integrated …
     Year 2000
     Abstract Concurrent engineering for medical devices  The medical group in the team will provide medical and ethical oversight, and ensure the efficacy of  Current developments in informa- tion technology permit the continuous documenta- tion of engineering change order, and should
     Url https://www.tandfonline.com/doi/abs/10.1080/095119200129984


     Search term "Concurrent+Engineering"+"Continuous"+"Medical"
     Title Concurrent engineering design tool and method
     Author ['DH Sebastian']
     Venue US Patent 5,552,995
     Year 1996
     Abstract US5552995A - Concurrent engineering design tool and method - Google Patents. Concurrent engineering design tool and method. Download PDF Info. Publication number US5552995A. US5552995A US08/158,125 US15812593A
     Url https://patents.google.com/patent/US5552995A/en


     Search term "Concurrent+Engineering"+"Continuous"+"Medical"
     Title Organizational characteristics in concurrent engineering: Evidence from Brazilian small and medium enterprises in the medical device industry
     Author ['GH de Sousa Mendes']
     Venue … Engineering
     Year 2015
     Abstract Organizational characteristics in concurrent engineering: Evidence from Brazilian small and medium enterprises in the medical device industry. Glauco Henrique de Sousa Mendes and José Carlos de Toledo. Concurrent Engineering 2015 23:2, 135-144. Download Citation
     Url https://journals.sagepub.com/doi/abs/10.1177/1063293x15569512


     Search term "Concurrent+Engineering"+"Continuous"+"Medical"
     Title Concurrent engineering performance: Incremental versus radical innovation
     Author ['S Valle', 'D Vázquez-Bustelo']
     Venue International Journal of Production Economics
     Year 2009
     Abstract The aim is to avoid continuous setbacks and the other problems that arise with the traditional approach  2.3. The basic elements of concurrent engineering  and apparatus (ISIC 31), radio, television and communication equipment and apparatus (ISIC 32), medical, precision and
     Url https://www.sciencedirect.com/science/article/pii/S0925527309000413


     Search term "Concurrent+Engineering"+"Continuous"+"Medical"
     Title New product development in multi-location RD organization: A concurrent engineering approach
     Author ['TO Kowang', 'A Rasli']
     Venue African Journal of Business …
     Year 2011
     Abstract efficiency concurrent new product development engineering process in multi-located research and development organizations were driven by “application of concurrent engineering tools”, followed by “top-down concurrent engineering approach” and “continuous improvement”
     Url https://academicjournals.org/journal/AJBM/article-abstract/5D070FD23834


     Search term "Concurrent+Engineering"+"Continuous"+"Medical"
     Title Concurrent engineering and design for manufacture of electronics products
     Author ['SG Shina']
     Venue NA
     Year 2012
     Abstract from world-class companies, which moved companies towards a strategy of achieving worldwide competitive position in the manufacture of high-quality products through concurrent engineering (CE) and design for manufacture (DFM), continuous process improvements (CPI
     Url https://books.google.com/books?hl=en&lr=&id=8OTvBwAAQBAJ&oi=fnd&pg=PR7&dq=%22Concurrent+Engineering%22+%22Continuous%22+%22Medical%22&ots=A16fU64ppV&sig=sus_WyiSLVveTq9F5mC7Gr1vrFA


     Search term "Concurrent+Engineering"+"Continuous"+"Medical"
     Title Design for manufacturability & concurrent engineering: How to design for low cost, design in high quality, design for lean manufacture, and design quickly for …
     Author ['DM Anderson']
     Venue NA
     Year 2003
     Abstract 262 Cost as a Function of Process, 265 Figure 10-1: Parts Within Spec, but Many at Tolerance Extreme, 282 Figure 10-2: Continuous Improvement Curve  Engineers are generally not taught DFM or concurrent engineering in college - only how to design for functionality
     Url https://books.google.com/books?hl=en&lr=&id=9st-HiYJhwcC&oi=fnd&pg=PA1&dq=%22Concurrent+Engineering%22+%22Continuous%22+%22Medical%22&ots=a4RqNfmTUW&sig=Iv2TVEHy0WEwVelNcDBJ6efWFNU


     Search term "Concurrent+Engineering"+"Continuous"+"Medical"
     Title Concurrent engineering design tool and method
     Author ['D Sebastian', 'S Pratt', 'S Muthuswamy', 'DJ Kniep']
     Venue US Patent …
     Year 1998
     Abstract US5822206A - Concurrent engineering design tool and method - Google Patents. Concurrent engineering design tool and method. Download PDF Info. Publication number US5822206A. US5822206A US08/706,385 US70638596A
     Url https://patents.google.com/patent/US5822206A/en


     Search term "Concurrent+Engineering"+"Continuous"+"Medical"
     Title Concurrent engineering design: Integrating the best practices for process improvement
     Author ['LCG Miller']
     Venue NA
     Year 1993
     Abstract Page 1. CONCURRENT ENGINEERING DESIGN Integrating the Best Practices for Process Improvement Landon CG Miller s Society of Manufacturing V j£ Engineers Page 2  Page 7. Foreword This book introduces Concurrent Engineering Design to all parts of the organization
     Url https://books.google.com/books?hl=en&lr=&id=PGuyaBc7214C&oi=fnd&pg=PA1&dq=%22Concurrent+Engineering%22+%22Continuous%22+%22Medical%22&ots=kdXhPGAgkt&sig=x6R9oDOEGXa2i3lljawXWBHj9Dc


     Search term "Concurrent+Engineering"+"Continuous"+"Medical"
     Title Design for manufacturability: how to use concurrent engineering to rapidly develop low-cost, high-quality products for lean production
     Author ['DM Anderson']
     Venue NA
     Year 2020
     Abstract Page 2. Design for Manufacturability How to Use Concurrent Engineering to Rapidly Develop Low-Cost, High-Quality Products for Lean Production Second Edition David M. Anderson Page 3  |Concurrent engineering. | BISAC: BUSINESS & ECONOMICS / Quality Control
     Url https://books.google.com/books?hl=en&lr=&id=h7fjDwAAQBAJ&oi=fnd&pg=PT23&dq=%22Concurrent+Engineering%22+%22Continuous%22+%22Medical%22&ots=GMYYZ9pc1z&sig=ippQ7MzsUpfHd9d7EA7YAwUf-kI


     Search term "Concurrent+Engineering"+"Continuous"+"Medical"
     Title Integrating usability with concurrent engineering in mobile phone development
     Author ['P Ketola']
     Venue NA
     Year 2002
     Abstract CE Concurrent Engineering CEP Concurrent Engineering Process CPU Central Processing Unit CS Customer Satisfaction GPRS General packet radio  Mobile phone manufacturers have continuous challenge in having sufficient human-centred design (HCD) activities as part of
     Url https://trepo.tuni.fi/bitstream/handle/10024/67204/951-44-5382-4.pdf?sequence=1


     Search term "Concurrent+Engineering"+"Continuous"+"Medical"
     Title The role of product safety and liability in concurrent engineering
     Author ['S Dowlatshahi']
     Venue Computers & Industrial Engineering
     Year 2001
     Abstract Owen and Montgomery (1980) estimated that the annual cost associated with medical care and  These links add to the complexity of the concurrent engineering process, while also providing an  7, Brake pad (lining), Displaced lining, Continuous application of brake may result in
     Url https://www.sciencedirect.com/science/article/pii/S0360835201000547


     Search term "Concurrent+Engineering"+"Continuous"+"Medical"
     Title Concurrent engineering design tool and method
     Author ['DH Sebastian', 'S Pratt', 'S Muthuswamy']
     Venue US Patent App. 08 …
     Year 2000
     Abstract USRE36602E - Concurrent engineering design tool and method - Google Patents. Concurrent engineering design tool and method. Download PDF Info. Publication number USRE36602E. USRE36602E US08/882,838 US88283897A
     Url https://patents.google.com/patent/USRE36602E/en


     Search term "Concurrent+Engineering"+"Continuous"+"Medical"
     Title A simple visualization tool to support concurrent engineering design
     Author ['SC Lu', 'AB Rebello', 'RA Miller', 'GL Kinzel']
     Venue Computer-Aided Design
     Year 1997
     Abstract support concurrent engineering design: SC Lu et al. Figure 2 2-D example showing the procedure to extract the heavy section using the Voxel model and distance transform Distance is defined in terms of metrics. Euclidean distance is commonly used in continuous space and
     Url https://www.sciencedirect.com/science/article/pii/S0010448597000158


     Search term "Concurrent+Engineering"+"Continuous"+"Medical"
     Title Composite materials: Concurrent engineering approach
     Author ['SM Sapuan']
     Venue NA
     Year 2017
     Abstract Composite Materials Page 3. Page 4. Composite Materials Concurrent Engineering Approach SM Sapuan Page 5  As new research and experience broaden our understanding, changes in research methods, professional practices, or medical treat- ment may become necessary
     Url https://books.google.com/books?hl=en&lr=&id=S8z8DAAAQBAJ&oi=fnd&pg=PP1&dq=%22Concurrent+Engineering%22+%22Continuous%22+%22Medical%22&ots=LhRstT27lg&sig=JTE6dsoGWyem6FIzeWnOMlXHE6U


     Search term "Concurrent+Engineering"+"Continuous"+"Medical"
     Title Information integration for concurrent engineering (IICE) compendium of methods report
     Author ['RJ Mayer', 'JW Crump', 'R Fernandes', 'A Keen']
     Venue NA
     Year 1995
     Abstract [Not Found]
     Url [Not Found]


     Search term "Concurrent+Engineering"+"Continuous"+"Medical"
     Title Pragmatic concurrent engineering: Emotion, experience and engineering
     Author ['S Fukuda']
     Venue Improving Complex Systems Today
     Year 2011
     Abstract Today, our path may be continuous, but the changes are sharp  Pragmatic Concurrent Engineering 479  in the final product may be not good from the standpoint of the producer, but we should remember that our feeling of health is not identical with medical doctor's definition of
     Url https://link.springer.com/chapter/10.1007/978-0-85729-799-0_56


     Search term "Concurrent+Engineering"+"Continuous"+"Medical"
     Title CSCW based architecture of concurrent engineering systems
     Author ['W Xu', 'H Tian', 'Y Xiao', 'Q Wu']
     Venue Proceedings of the IEEE …
     Year 1996
     Abstract automation and information management systems, medical treatment systems, remote education, cooperative scientific research, etc  The industrial insight on the DoD concurrent engineering program  [3]Richard H. Walklet Continuous Improvement and Simultaneous
     Url https://ieeexplore.ieee.org/abstract/document/601601/


     Search term "Concurrent+Engineering"+"Continuous"+"Medical"
     Title Complex systems concurrent engineering
     Author ['G Loureiro', 'R Curran']
     Venue NA
     Year 2007
     Abstract Contents Neural Network and Model-Predictive Control for Continuous Neutralization Reactor  Semantics-based Reconciliation of Divergent Replicas in Advanced Concurrent Engineering Environments  Influencing New Products Success in Small Brazilian Medical and Hospital
     Url https://link.springer.com/content/pdf/10.1007/978-1-84628-976-7.pdf


     Search term "Concurrent+Engineering"+"Continuous"+"Medical"
     Title Optimization of the optomechanical interface employing diamond machining in a concurrent engineering environment
     Author ['DJ Erickson', 'RA Johnston']
     Venue Optomechanical Design: A …
     Year 1992
     Abstract 5.1. Concurrent engineering: the cornerstone  For long-wave IR systems made from SPDT-compatible materials, there is no incentive to constrain the optical design to conies, nor is there a need to constrain the optical surface to be continuous
     Url https://www.spiedigitallibrary.org/conference-proceedings-of-spie/10265/102650F/Optimization-of-the-optomechanical-interface-employing-diamond-machining-in-a/10.1117/12.61112.short


     Search term "Concurrent+Engineering"+"Continuous"+"Medical"
     Title Concurrent engineering infrastructure. Tools, technologies and methods in British industry
     Author ['PJ Veness', 'G Chidolue', 'SS Medhat']
     Venue Engineering Management Journal
     Year 1996
     Abstract has shown that 84% of the companies surveyed are involved with concurrent engineering, but none  club for breaking one of the main tenets of CE, continuous improve- ment  Data Management at Bournemouth University with an industrial background in medical electronics and
     Url https://digital-library.theiet.org/content/journals/10.1049/em_19960313


     Search term "Concurrent+Engineering"+"Continuous"+"Medical"
     Title A proposal of body movement-based interaction towards remote collaboration for concurrent engineering
     Author ['T Ito']
     Venue International Journal of Agile Systems and …
     Year 2014
     Abstract A proposal of body movement-based interaction towards remote collaboration for concurrent engineering  His research interests cover the field of collaborative engineering, human interfaces, medical engineering, dental engineering, process simulation study for manufacturing
     Url https://www.inderscienceonline.com/doi/abs/10.1504/IJASM.2014.065349


     Search term "Concurrent+Engineering"+"Continuous"+"Medical"
     Title CONSIDERING QUALITY IN A CROSS-DISCIPLINE REHABILITATION ENGINEERING SERVICE
     Author ['GD Logan']
     Venue Proceedings of the RESNA'94 Annual Conference …
     Year 1994
     Abstract in manufacturing industries: Quality Function Deployment, Concurrent Engineering, Continuous Process Improvement  Concurrent Engineering (CE) Concurrent Engineering describes the concept of integrated  client assessment sessions (which operated on a medical model at
     Url https://files.eric.ed.gov/fulltext/ED431281.pdf#page=51


     Search term "Concurrent+Engineering"+"Continuous"+"Medical"
     Title The role of uncertainty reduction in concurrent engineering: an analytical model and an empirical test
     Author ['C Terwiesch', 'CH Loch']
     Venue NA
     Year 1996
     Abstract [Not Found]
     Url [Not Found]


     Search term "Concurrent+Engineering"+"Continuous"+"Medical"
     Title Implementing Concurrent Engineering Through Rapid Prototyping and Manufacturing-An NSF-Funded Project
     Author ['L Sullivan', 'W Erevelles', 'G Lai']
     Venue age
     Year 1997
     Abstract Other imperatives in concurrent engineering include strong leadership, continuous interaction among  their students with integrated curricula and an experience in concurrent engineering education  After she completed her undergraduate degree in Pre Medical Engineering at
     Url https://peer.asee.org/implementing-concurrent-engineering-through-rapid-prototyping-and-manufacturing-an-nsf-funded-project.pdf


     Search term "Concurrent+Engineering"+"Continuous"+"Medical"
     Title On manufacturing system development in the context of concurrent engineering
     Author ['D Aganovic']
     Venue NA
     Year 2004
     Abstract Concurrent Engineering A Doctoral thesis by  Page 4. Page 5. ABSTRACT This thesis presents an extension of the contemporary engineering de- sign theory towards a unified view on simultaneous development of products and manufacturing systems, ie concurrent engineering
     Url https://www.diva-portal.org/smash/record.jsf?pid=diva2:9661


     Search term "Concurrent+Engineering"+"Continuous"+"Medical"
     Title Concurrent engineering approach to plastic optics design
     Author ['JT Mäkinen']
     Venue NA
     Year 2010
     Abstract optics can be found in, eg, the built-in camera and display backlight modules of mobile phones, medical diagnostic systems  An even better description of the design process is probably a continuous helix that produces new generations of  2. Concurrent engineering and design
     Url https://www.vttresearch.com/sites/default/files/pdf/publications/2010/P753.pdf


     Search term "Concurrent+Engineering"+"Continuous"+"Medical"
     Title Medical-device manufacturing--not so unique anymore
     Author ['M Litsikas']
     Venue Quality
     Year 1997
     Abstract are realizing the benefits of quality initiatives, including total-quality management (TQM) and concurrent engineering, that other industries  Baxter manufactures a variety of medical-device products  Promote operational excellence through a process of continuous improvement
     Url http://search.proquest.com/openview/9f7a4f5a653714dad1e711be60168d60/1?pq-origsite=gscholar&cbl=35812


     Search term "Concurrent+Engineering"+"Continuous"+"Medical"
     Title Lean value creation in the product development process with the principle of set based concurrent engineering
     Author ['T Cai', 'T Freiheit']
     Venue International Design Engineering …
     Year 2011
     Abstract Leading companies in industry have successfully applied Set- Based Concurrent Engineering (SBCE) for lean PDP  should collaborate together to create value, the generation of value should benefit them directly or indirectly as a motivation to power the continuous flow of value
     Url https://asmedigitalcollection.asme.org/IDETC-CIE/proceedings-abstract/IDETC-CIE2011/54860/85/354174


     Search term "Concurrent+Engineering"+"Continuous"+"Medical"
     Title The framework of agent-based concurrent engineering oriented distributed QFD system
     Author ['Z Yu', 'L Xiu', 'L Wenhuang', 'R Shouju']
     Venue SMC'03 Conference …
     Year 2003
     Abstract he parallel and coupling, they must he completed cooperatively with the continuous exchange of  the entire QFD system and the problem-solving methodologies required for concurrent engineering  of the 6th Annual IEEE Symposium on Computer-Based Medical Systems Jun
     Url https://ieeexplore.ieee.org/abstract/document/1244428/


     Search term "Concurrent+Engineering"+"Continuous"+"Medical"
     Title Ergonomics oriented to processes becomes a tool for continuous improvement
     Author ['RL Getty', 'J Getty']
     Venue International Journal of Occupational Safety and …
     Year 1999
     Abstract 1994 (International Organization for Standardization [ISO], 1994), Concurrent Engineering, Business Reengineering  integration of operations management, safety engineering, medical management, and  The parallel between the continuous improvement process delineated by
     Url https://www.tandfonline.com/doi/abs/10.1080/10803548.1999.11076417


     Search term "Concurrent+Engineering"+"Continuous"+"Medical"
     Title Concurrent engineering and design for manufacture in the medical device industry
     Author ['MA Mathelier']
     Venue NA
     Year 1994
     Abstract Managing the proposed change in a medical device company will require careful planning to ensure success. The  implication of Concurrent Engineering. An example would be a longer initial  question. Another illustration would be the measurement and continuous
     Url https://digitalcommons.njit.edu/theses/1648/


     Search term "Concurrent+Engineering"+"Continuous"+"Medical"
     Title Awareness of industries toward implementing Concurrent Engineering (CE) culture Case Study: Jordanian Industries
     Author ['MD AL-Tahat', "M Ala'a"]
     Venue 7th Annual Conference on Industrial …
     Year 2017
     Abstract Concurrent Engineering CE is considered to be important for any organization wishing  information technology tools, artificial intelligence constraint networks system, continuous feedback uses  industrial sector are categorized; (1) therapeutic industries and medical supplies, (2
     Url http://ieomsociety.org/ieom2017/papers/345.pdf


     Search term "Concurrent+Engineering"+"Continuous"+"Medical"
     Title The application of an integrated product development process to the design of medical equipment
     Author ['OC Junior', 'MLM Okumura', 'RIM Young']
     Venue Concurrent Engineering in the …
     Year 2015
     Abstract Open image in new window Fig. 25.2. Fig. 25.2 Concurrent engineering in the integrated product development process of medical equipment. 25.3.1 Medical Equipment Users  The technological level of medical equipment is in a continuous advancement due to the integration
     Url https://link.springer.com/chapter/10.1007/978-3-319-13776-6_25


     Search term "Concurrent+Engineering"+"Continuous"+"Medical"
     Title Design and Manufacture of Molded Micro Products Using Concurrent Engineering
     Author ['DM Marhöfer']
     Venue NA
     Year 2016
     Abstract Downloaded from orbit.dtu.dk on: Mar 29, 2019 Design and Manufacture of Molded Micro Products Using Concurrent Engineering Marhöfer, David Maximilian Publication date: 2016  of Molded Micro Products Using Concurrent Engineering Maximilian Marhöfer 2016
     Url https://core.ac.uk/download/pdf/189888203.pdf


     Search term "Concurrent+Engineering"+"Continuous"+"Medical"
     Title A Statistical Comparison of the Implementation of Concurrent Engineering in Jordanian Industry
     Author ['MD Al-Tahat', "M Ala'a", 'IS Jalham']
     Venue Open Journal of Statistics
     Year 2019
     Abstract a constant work-in-process (CONWIP) control mechanism using continuous-time Markov  Concurrent Engineering is supposed to involve six-construct latent listed in Table 1. These  the sample covers the following industries: therapeutic industries and medical supplies, plastic
     Url https://www.scirp.org/journal/paperinformation.aspx?paperid=93482


     Search term "Concurrent+Engineering"+"Continuous"+"Medical"
     Title Concurrent engineering of a next-generation freeform telescope: metrology and test
     Author ['T Noste', 'CJ Evans', 'JA Miller']
     Venue Advanced Optics for …
     Year 2019
     Abstract Concurrent engineering concepts were applied to the design, manufacture and measurement of freeform telescope optics  To check this strategy a drift test was conducted taking continuous measurements at each radius for the time it would take for a complete rotation and
     Url https://www.spiedigitallibrary.org/conference-proceedings-of-spie/10998/109980Y/Concurrent-engineering-of-a-next-generation-freeform-telescope--metrology/10.1117/12.2519162.short


     Search term "Concurrent+Engineering"+"Continuous"+"Medical"
     Title Achieving stretch goals: best practices in manufacturing for the new millennium
     Author ['J Golovin']
     Venue NA
     Year 1997
     Abstract [Not Found]
     Url [Not Found]


     Search term "Concurrent+Engineering"+"Continuous"+"Medical"
     Title DECISION TECHNOLOGY SYSTEMS, CONCURRENT ENGINEERING AND SUPPLY CHAIN MANAGEMENT IN LIFE SUPPORT
     Author ['GA Forgionne']
     Venue Systems Engineering and management for …
     Year 2009
     Abstract tools, or (b) possess sufficient domain knowledge to fully understand the medical situation, propose  that emphasizes the prevention of problems, interest group satisfaction, and continuous improvement in  Strategic information systems and concurrent engineering in life support
     Url https://books.google.com/books?hl=en&lr=&id=bL11CwAAQBAJ&oi=fnd&pg=PA243&dq=%22Concurrent+Engineering%22+%22Continuous%22+%22Medical%22&ots=PM6hnB9PdC&sig=yeTgdjkW3Duxe8A8PRYY1Rr2JKs


     Search term "Concurrent+Engineering"+"Continuous"+"Medical"
     Title Concurrent engineering reflections on minimizing contamination in processing fresh meat and fish
     Author ['A Temba']
     Venue NA
     Year 2013
     Abstract 41 Concurrent Engineering Reflection ..... 42  role in protecting public health while ensuring safety in the use of biological products, medical devices, cosmetics, drugs, and especially in monitoring the food supply chain
     Url http://search.proquest.com/openview/06f38a67fd282985575d7d0fe56a133e/1?pq-origsite=gscholar&cbl=18750&diss=y


     Search term "Concurrent+Engineering"+"Continuous"+"Medical"
     Title A concurrent engineering approach to develop BioMEMS employed in a deep brain stimulator integrated with a drug delivery system
     Author ['A Cutajar', 'PJ Farrugia', 'O Casha', 'P Vella']
     Venue NA
     Year 2017
     Abstract road map to the product development team members in order to take a concurrent engineering approach to  Once activated, the device sends continuous electrical pulses to the targeted brain areas  Da Silva (2013) states that this medical procedure is better than thalamotomy or
     Url https://www.um.edu.mt/library/oar/handle/123456789/24167


     Search term "Concurrent+Engineering"+"Continuous"+"Medical"
     Title An Intelligent Negotiation Based Framework to Support Concurrent Engineering Principles in the Engineering Design of Process Plant
     Author ['J Harrington']
     Venue NA
     Year 1996
     Abstract J HARRINGTON An Intelligent Negotiation Based Framework to Support Concurrent Engineering Principles in the Engineering Design of Process Plant Supervisor: H Soltan October 1996  result in design re-work or compromise. Concurrent engineering has been proposed as a
     Url https://dspace.lib.cranfield.ac.uk/handle/1826/4667


     Search term "Concurrent+Engineering"+"Continuous"+"Medical"
     Title Copper‐mediated controlled radical polymerization in continuous flow processes: Synergy between polymer reaction engineering and innovative chemistry
     Author ['N Chan', 'MF Cunningham']
     Venue Journal of Polymer …
     Year 2013
     Abstract many advantages over other forms of CRP, this novel chemistry still requires concurrent engineering solutions for successful commercial application. In this highlight, the evolution of atom‐transfer radical polymerization chemistry and development in continuous processes is
     Url https://onlinelibrary.wiley.com/doi/abs/10.1002/pola.26711


     Search term "Concurrent+Engineering"+"Continuous"+"Medical"
     Title Concurrent engineering teams. Volume 2: Annotated bibliography
     Author ['KJ Richter', 'DA Dierolf']
     Venue NA
     Year 1990
     Abstract [Not Found]
     Url [Not Found]


     Search term "Concurrent+Engineering"+"Continuous"+"Medical"
     Title Concurrent engineering research center
     Author ['JR Callahan']
     Venue NA
     Year 1995
     Abstract 9 3M Continuous Fiber Metal Matrix Composite (CFMMC) Model  and a wealth of papers in the area of concurrent engineering to meet the needs  medical information infrastructure in place, a patient will be able to visit any health care provider with access to the network, and the
     Url https://ntrs.nasa.gov/search.jsp?R=19950019966


     Search term "Concurrent+Engineering"+"Continuous"+"Medical"
     Title CONCURRENT ENGINEERING TECHNOLOGIES
     Author ['V Jagannathan', 'YV Reddy', 'KJ Cleetus', 'K Srinivas']
     Venue NA
     Year NA
     Abstract whether the team is a group of engineers designing a new engine or a group of physicians planning a medical procedure. This is now widely recognized, as can be seen by the numerous national initiatives emphasizing teamwork such as Concurrent Engineering (CE)1, Total
     Url http://160592857366.free.fr/joe/ebooks/Mechanical%20Engineering%20Books%20Collection/HAND%20BOOKS_MECHANICAL/Kutz,%20Myer%20-%20Mechanical%20Engineer%B4s%20Handbook%202nd%20Ed%20%5BWiley%201998%5D/30079_12.pdf


     Search term "Concurrent+Engineering"+"Continuous"+"Medical"
     Title Exploring the relationship between New Product Development, Concurrent Engineering, and Project Management to improve product development
     Author ['AL Miranda']
     Venue NA
     Year 2007
     Abstract automotive, process science and technology, transportation, construction, medical services, electronics  involvement Design review Lessons learned Benchmarking Continuous improvement Metrics  tools have been classified under the name Concurrent Engineering (eg, Market
     Url http://search.proquest.com/openview/055ea34041a054d6a75a58e0bb3e350b/1?pq-origsite=gscholar&cbl=2026366&diss=y


     Search term "Concurrent+Engineering"+"Continuous"+"Medical"
     Title AOntology-BASED APPROACH TO SUPPORT THE IMPLEMENTATION OF CONCURRENT ENGINEERING IN THE INNOVATION PROCESS
     Author ['DIEM Barahona']
     Venue NA
     Year 2003
     Abstract 1.1 Main objective and hypotheses..... 4 2 Implementing Concurrent Engineering in the Innovation Process7 2.1 Continuous improvement in the supplier-customer network ..... 10
     Url http://www.semtalk.com/pub/Master_Thesis_Edgardo_Moreira.pdf


     Search term "Concurrent+Engineering"+"Continuous"+"Medical"
     Title Design Requirements Iterative Process (DRIP) Tool Demonstration Concurrent Engineering of Design, Requirements and Knowledge
     Author ['J Müller', 'PL Narasimhan', 'S Gopalswamy']
     Venue ACM SIGAda Ada Letters
     Year 2017
     Abstract motive, aerospace, medical devices, and consumer devices  But all these constraints have a similar formulation, enabling a combined analysis, or concurrent engineering of requirements, design and knowledge  is a piecewise continuous function in its arguments
     Url https://dl.acm.org/doi/abs/10.1145/3092893.3092905

