Showing papers for search query "Concurrent+Engineering"+"DevOps"+"Factory"

     Search term "Concurrent+Engineering"+"DevOps"+"Factory"
     Title ResDevOps: a software engineering framework for achieving long-lasting complex systems
     Author ['A Furfaro', 'T Gallo', 'A Garro', 'D Sacca']
     Venue 2016 IEEE 24th …
     Year 2016
     Abstract research and innovation process, which provides an asynchronous, additional input to the agile process inside a chain of concurrent engineering collaboration  To manage the Enterprise ResDevOps Software Engineering Factory To manage the DevOps infrastructure
     Url https://ieeexplore.ieee.org/abstract/document/7765530/


     Search term "Concurrent+Engineering"+"DevOps"+"Factory"
     Title Complex Aerospace Systems Engineering Education
     Author ['AJ Chaput']
     Venue Complex Systems Engineering: Theory and Practice
     Year 2018
     Abstract in, 260 f UT complex aerospace system engineering design course, 261 f Adaptive Vehicle Make (AVM), 253 ADS-B. See Automated Dependent Surveillance System— Broadcast (ADS-B) Aerospace systems, 235–236 complexity, 1–2, 235–236 concurrent engineering in, 221
     Url https://arc.aiaa.org/doi/pdf/10.2514/4.105654#page=270


     Search term "Concurrent+Engineering"+"DevOps"+"Factory"
     Title Towards Lean Thinking in Software Engineering
     Author ['A Janes', 'G Succi']
     Venue Lean Software Development in Action
     Year 2014
     Abstract It is used to guide multi-stakeholder concurrent engineering of software-intensive systems  DevOps [31  We classified instruments like the Balanced Scorecard, the Experience Factory, GQM, GQM + Strategies, and the PSP to the knowledge category, ie, as methods that focus on
     Url https://link.springer.com/chapter/10.1007/978-3-642-00503-9_3


     Search term "Concurrent+Engineering"+"DevOps"+"Factory"
     Title System and method for automatically detecting, reporting, and tracking conflicts in a change management system
     Author ['RK Magnuson', 'SJ Siwek', 'K Lam', 'RR Sahoo']
     Venue US Patent …
     Year 2012
     Abstract US8219541B2 - System and method for automatically detecting, reporting, and tracking conflicts in a change management system - Google Patents. System and method for automatically detecting, reporting, and tracking conflicts in a change management system. Download PDF
     Url https://patents.google.com/patent/US8219541B2/en


     Search term "Concurrent+Engineering"+"DevOps"+"Factory"
     Title Development of a software platform for integration of autonomous guided vehicles in Industry 4.0 envrionments with respective to logistics
     Author ['G Haindl']
     Venue NA
     Year 2020
     Abstract 53 5. 1.2 Set Based ConCurrent Engineering..... 53 5.1.3 DeVOpS ApproaCh  machine – to - machine communication in a highly automated environment that is dependent upon machine vision to identify a wide range of objects within the factory
     Url https://repositum.tuwien.at/handle/20.500.12708/15105


     Search term "Concurrent+Engineering"+"DevOps"+"Factory"
     Title Practical DataOps: Delivering Agile Data Science at Scale
     Author ['H Atwal']
     Venue NA
     Year 2019
     Abstract Page 10. x DevOps for Data Analytics ..... 174  Page 12. xii Chapter 10: The Dataops Factory ..... 249 The First Steps
     Url https://link.springer.com/content/pdf/10.1007/978-1-4842-5104-1.pdf


     Search term "Concurrent+Engineering"+"DevOps"+"Factory"
     Title Lifecycle Data Management Prototype
     Author ['V Damjanovic-Behrendt', 'S Stern', 'N Dürk']
     Venue Proceedings of the …
     Year 2019
     Abstract production and logistics networks”. The term CPPS is often used as a synonym for the Smart Factory, emphasizing the scalable and modular structure of Smart Manufacturing applications [12]. Further advancements of CPSs
     Url https://iot4cps.at/wp-content/uploads/2019/07/IoT4CPS_D5.5.1_V1.0.pdf


     Search term "Concurrent+Engineering"+"DevOps"+"Factory"
     Title An open source approach to the design and implementation of Digital Twins for Smart Manufacturing
     Author ['V Damjanovic-Behrendt', 'W Behrendt']
     Venue International Journal of …
     Year 2019
     Abstract 1999; Koren and Shpitalni 2010), (iii) the Smart Factory initiative proposed in Zuehlke (2010) and (iv) the Ubiquitous Factory concept from Yoon, Shin, and Suh (2012)  New virtual models of real factory settings, known as DTs, are expected to be designed to
     Url https://www.tandfonline.com/doi/abs/10.1080/0951192X.2019.1599436


     Search term "Concurrent+Engineering"+"DevOps"+"Factory"
     Title Modern Process Trends
     Author ['R Turner', 'W Abba', 'MR Elliott', 'G Tolentino', 'J Tian']
     Venue NA
     Year NA
     Abstract [Not Found]
     Url [Not Found]


     Search term "Concurrent+Engineering"+"DevOps"+"Factory"
     Title Agile methods on large projects in large organizations
     Author ['B Hobbs', 'Y Petit']
     Venue Project Management Journal
     Year 2017
     Abstract further improvements in software development could be inspired by organization-oriented business concepts, such as concurrent engineering, multi-project  unit managers, portfolio managers, busi- ness analysts, product owners, technical leads, and one software factory director
     Url https://journals.sagepub.com/doi/abs/10.1177/875697281704800301


     Search term "Concurrent+Engineering"+"DevOps"+"Factory"
     Title Lean leadership in major projects: from “predict and provide” to “predict and prevent”
     Author ['M Holweg', 'H Maylor']
     Venue International Journal of Operations & …
     Year 2018
     Abstract limited. In this regard, past research has demonstrated how lean has branched out beyond the factory, into service and the public sector over the past decade (see eg Hines et al., (2004))  3.4 Agile development and DevOps. The
     Url https://www.emerald.com/insight/content/doi/10.1108/IJOPM-02-2017-0100/full/html?fullSc=1&mbSc=1&fullSc=1


     Search term "Concurrent+Engineering"+"DevOps"+"Factory"
     Title An enterprise architecture framework for digital transformation
     Author ['DF Rozo Carreño']
     Venue NA
     Year 2020
     Abstract Page 1. Business Information Technology An Enterprise Architecture Framework for Digital Transformation Master Thesis Validation case: The European IT division initiative for Data and Analytics at Apollo Verdestein BV Daniel F. Rozo Supervisors: DR. IR. MJ VAN SINDEREN
     Url http://essay.utwente.nl/82824/


     Search term "Concurrent+Engineering"+"DevOps"+"Factory"
     Title Reengineering business information systems to support business continuity
     Author ['N Bajgoric']
     Venue … Journal of Business Continuity and Risk …
     Year 2018
     Abstract Research, European Journal of Operational Research, International Journal of Agile Management Systems, Journal of Concurrent Engineering, International Journal of  based simulation technique could be utilised in order to establish the business continuity plan for a factory
     Url https://www.inderscienceonline.com/doi/abs/10.1504/IJBCRM.2018.090581


     Search term "Concurrent+Engineering"+"DevOps"+"Factory"
     Title Adaptation of Software Development Micro-teams in Complex Work Environments
     Author ['GM SARIYILDIZ']
     Venue NA
     Year 2019
     Abstract firms began to use process improvement methods in the office and administration, supply chain, accounting, and software development phases beyond the factory floor. The system provides organizations with many advantages such as more efficient business
     Url http://acikerisim.ybu.edu.tr:8080/xmlui/handle/123456789/1260


     Search term "Concurrent+Engineering"+"DevOps"+"Factory"
     Title Supply Chain Risks in Critical Infrastructure
     Author ['C Jones', 'R Ashmore', 'M Standish', 'L Peters', 'K Goertzel']
     Venue NA
     Year NA
     Abstract [Not Found]
     Url [Not Found]

