Showing papers for search query "Continuous"+"Formal+methods"+"Regulated+Environment"

     Search term "Continuous"+"Formal+methods"+"Regulated+Environment"
     Title Continuous software engineering and beyond: trends and challenges
     Author ['B Fitzgerald', 'KJ Stol']
     Venue … 1st International Workshop on Rapid Continuous …
     Year 2014
     Abstract Continuous verification seeks to employ verification activities including formal methods and inspec  3.2.3 Continuous Compliance and Continuous Security Agile methods were initially seen as  [22] discuss the tailoring of the Scrum method for a regulated environment, R-Scrum
     Url https://dl.acm.org/doi/abs/10.1145/2593812.2593813


     Search term "Continuous"+"Formal+methods"+"Regulated+Environment"
     Title Continuous software engineering: A roadmap and agenda
     Author ['B Fitzgerald', 'KJ Stol']
     Venue Journal of Systems and Software
     Year 2017
     Abstract Journal of Systems and Software. Volume 123, January 2017, Pages 176-189. Journal of Systems and Software. Continuous software engineering: A roadmap and agenda  We identify a roadmap of related continuous activities that we call Continuous * . •
     Url https://www.sciencedirect.com/science/article/pii/S0164121215001430


     Search term "Continuous"+"Formal+methods"+"Regulated+Environment"
     Title Software System Architecture Development in a Regulated Environment
     Author ['M Tarvainen']
     Venue NA
     Year 2018
     Abstract Page 2. Abstract Author Title Number of Pages Date Mika Tarvainen Software System Architecture Development in a Regulated Environment 62 pages + 4 appendices 15 November 2018 Degree Master of Engineering  1 2 Background 3 2.1 The Regulated Environment 3
     Url https://www.theseus.fi/handle/10024/155106


     Search term "Continuous"+"Formal+methods"+"Regulated+Environment"
     Title Agile processes and formal methods in railway systems
     Author ['GO Spagnolo']
     Venue NA
     Year 2016
     Abstract well in that regulated environment. In [10], authors suggest that agile soft  formal methods to address the problem of deadlock avoidance in our CBTC subsystem prototype. INTRODUCTION v Page 7  metro. These systems provide a continuous automatic train protection as well
     Url https://flore.unifi.it/bitstream/2158/1026872/1/Tesi_Phd_Spagnolo.pdf


     Search term "Continuous"+"Formal+methods"+"Regulated+Environment"
     Title ARES: An Agile Requirements Specification Process for Regulated Environments
     Author ['J Marques', 'AM da Cunha']
     Venue International Journal of Software …
     Year 2019
     Abstract This work explains that agile methods can provide bene¯ts, but points out the main di±culties in regulated environment  The possibility of integrating Scrum with the use of formal methods was explored in the work presented by Wolf [40]
     Url https://www.worldscientific.com/doi/abs/10.1142/S021819401950044X


     Search term "Continuous"+"Formal+methods"+"Regulated+Environment"
     Title AN ANALYSIS OF SOFTWARE REQUIREMENTS SPECIFICATION CHARACTERISTICS IN REGULATED ENVIRONMENTS
     Author ['J Marques', 'S Yelisetty']
     Venue NA
     Year NA
     Abstract requirements [1]. The development of safety-critical systems is usually part of a regulated environment  331 [21]), object-oriented technology (RTCA DO-332 [22]) and formal methods (RTCA DO  to its subsequent deployment and use, and to periods of continuous refinement and
     Url https://www.academia.edu/download/61416163/10619ijsea0120191203-123971-eytknk.pdf


     Search term "Continuous"+"Formal+methods"+"Regulated+Environment"
     Title Review of Formal Agile Methods as Cost-Effective Airworthiness Certification Processes
     Author ['MA Blooshi', 'S Jafer', 'K Patel']
     Venue Journal of Aerospace Information Systems
     Year 2018
     Abstract However, critical systems need upfront design, exhaustive documentation, and continuous integration, which  the advantages of using the combination of Agile and formal methods in software  and how it was customized to tackle challenges enforced by a regulated environment
     Url https://arc.aiaa.org/doi/abs/10.2514/1.I010601


     Search term "Continuous"+"Formal+methods"+"Regulated+Environment"
     Title ARRL: A criterion for compositional safety and systems engineering: A normative approach to specifying components
     Author ['E Verhulst', 'BHC Sputh']
     Venue 2013 IEEE international symposium …
     Year 2013
     Abstract For example SIL-4 imposes redundancy and positions the use of formal methods as highly  faults Redundancy at micro- level, formal correctness Material Mainly continuous or linear  and aviation sectors are certified in conjunction with a regulated environment and infrastructure
     Url https://ieeexplore.ieee.org/abstract/document/6688861/


     Search term "Continuous"+"Formal+methods"+"Regulated+Environment"
     Title From Safety Integrity Level to Assured Reliability and Resilience Level for Compositional Safety Critical Systems
     Author ['E Verhulst', 'JL de la Vara', 'BHC Sputh']
     Venue … Conference on Simulation …
     Year 2013
     Abstract SIL-4 imposes redundancy and positions the use of formal methods as highly  Material Mainly continuous or linear properties Permanent or systemic faults Adding robustness safety  and aviation sectors are certified in conjunction with a regulated environment and infrastructure
     Url http://citeseerx.ist.psu.edu/viewdoc/download?doi=10.1.1.448.7527&rep=rep1&type=pdf


     Search term "Continuous"+"Formal+methods"+"Regulated+Environment"
     Title Safety-critical systems and agile development: a mapping study
     Author ['R Kasauli', 'E Knauss', 'B Kanagwa']
     Venue 2018 44th Euromicro …
     Year 2018
     Abstract Assurance, Fitting Safety into Scrum, S-Scrum, Documentation, Safety Story/Epic, Continuous Safety-Builds, Continuous Delivery  of agile, documentation, traceability, regulatory compliance, up front planning, managing multiple releases, formal methods, requirements analysis
     Url https://ieeexplore.ieee.org/abstract/document/8498249/


     Search term "Continuous"+"Formal+methods"+"Regulated+Environment"
     Title Environmental scanning for the hospitality industry
     Author ['A Reichel', 'JF Preble']
     Venue Hospitality Education and Research …
     Year 1984
     Abstract Airlines once operated in a highly regulated environment characterized by slow rates of change  2. Collecting information on selected EFs using informal and formal methods and human and documentary  He further suggests that data be collected on a continuous basis to allow
     Url https://journals.sagepub.com/doi/abs/10.1177/109634808400900105


     Search term "Continuous"+"Formal+methods"+"Regulated+Environment"
     Title ARRL: a criterion for composable safety and systems engineering
     Author ['E Verhulst', 'BHC Sputh']
     Venue NA
     Year 2013
     Abstract continuous)  For example, SIL-4 imposes redundancy and positions the use of formal methods as highly recommended  Page 6. • The railway and aviation sectors are certified in conjunction with a regulated environment and infrastructure that contributes to the overall safety
     Url https://hal.archives-ouvertes.fr/hal-00848521/


     Search term "Continuous"+"Formal+methods"+"Regulated+Environment"
     Title The application of a lean software development methodology within the regulated domain of medical device software
     Author ['O Cawley']
     Venue NA
     Year 2013
     Abstract a framework for conceptualising the challenges and opportunities of applying lean/agile philosophies and practices within such a regulated environment  or information as it proceeds along the value stream, flow challenges us to reorganize the Value Stream to be continuous
     Url https://www.researchgate.net/profile/Oisin_Cawley/publication/291823790_The_Application_of_a_Lean_Software_Development_Methodology_within_the_Regulated_Domain_of_Medical_Device_Software/links/56a6561308ae6c437c1aeae8.pdf


     Search term "Continuous"+"Formal+methods"+"Regulated+Environment"
     Title Information and Communication Technologies in Education, Research, and Industrial Applications
     Author ['N Bassiliades', 'V Ermolayev', 'HG Fill', 'V Yakovyna']
     Venue NA
     Year 2018
     Abstract industrial engineering settings (3) The development and application of formal methods for: software  based on a probabilistic model, for generating pedagogical interventions in a self-regulated environment  are very grateful to all the authors for their continuous commitment
     Url https://link.springer.com/content/pdf/10.1007/978-3-319-76168-8.pdf


     Search term "Continuous"+"Formal+methods"+"Regulated+Environment"
     Title The economics of lawmaking
     Author ['F Parisi', 'V Fon']
     Venue NA
     Year 2009
     Abstract We consider some characterizing features of our sources of law and examine them with the aid of the formal methods of economic analysis  recovered if the enacted rule proves to be ineffective or undesirable at a later time) and exogenous changes in the regulated environment
     Url https://books.google.com/books?hl=en&lr=&id=hURRDAAAQBAJ&oi=fnd&pg=PR7&dq=%22Continuous%22+%22Formal+methods%22+%22Regulated+Environment%22&ots=dE0q8CoXLN&sig=9CW9DRWAQXZtr55fLX6p3qCkZgU


     Search term "Continuous"+"Formal+methods"+"Regulated+Environment"
     Title Managing and measuring social enterprises
     Author ['R Paton']
     Venue NA
     Year 2003
     Abstract Page 1. Managing and Measuring Social Enterprises ROB PATON Page 2. Page 3. Managing and Measuring Social Enterprises This one 5956-L29-X2PT Page 4. Page 5. Managing and Measuring Social Enterprises ROB PATON SAGE Publications London
     Url https://books.google.com/books?hl=en&lr=&id=e9vKZhyuAosC&oi=fnd&pg=PP9&dq=%22Continuous%22+%22Formal+methods%22+%22Regulated+Environment%22&ots=-Olb0-mWEb&sig=1xcm_JL9S205IZr4p_pQiAAdFU0


     Search term "Continuous"+"Formal+methods"+"Regulated+Environment"
     Title A conceptual model of agile software development in a safety-critical context: A systematic literature review
     Author ['LT Heeager', 'PA Nielsen']
     Venue Information and Software Technology
     Year 2018
     Abstract JavaScript is disabled on your browser. Please enable JavaScript to use all the features on this page. Skip to main content Skip to article
     Url https://www.sciencedirect.com/science/article/pii/S0950584918301125


     Search term "Continuous"+"Formal+methods"+"Regulated+Environment"
     Title Requirements Engineering Challenges of Supporting Agile Teams in System Development
     Author ['R KASAULI']
     Venue NA
     Year 2018
     Abstract [C] R. Kasauli, E. Knauss, A. Nilsson, S. Klug “Adding Value Every Sprint: A Case Study on Large-Scale Continuous Requirements Engineering” In 3rd Workshop on Continuous Requirements Engineering, REFSQ Workshops, 2017
     Url https://research.chalmers.se/en/publication/506108


     Search term "Continuous"+"Formal+methods"+"Regulated+Environment"
     Title Requirements Engineering Challenges of Supporting Agile Teams in System Development
     Author ['RK Namisanvu']
     Venue NA
     Year 2018
     Abstract [C] R. Kasauli, E. Knauss, A. Nilsson, S. Klug “Adding Value Every Sprint: A Case Study on Large-Scale Continuous Requirements Engineering” In 3rd Workshop on Continuous Requirements Engineering, REFSQ Workshops, 2017
     Url https://core.ac.uk/download/pdf/198050954.pdf


     Search term "Continuous"+"Formal+methods"+"Regulated+Environment"
     Title Antifragility: systems engineering at its best
     Author ['E Verhulst', 'B Sputh', 'P Van Schaik']
     Venue Journal of Reliable Intelligent …
     Year 2015
     Abstract corresponding Risk Reduction Factors that depend on the usage pattern (infrequent versus continuous)  SIL-4 imposes redundancy and positions the use of formal methods as highly  aviation sectors are certified in con- junction with a regulated environment and infrastructure
     Url https://link.springer.com/content/pdf/10.1007/s40860-015-0013-3.pdf


     Search term "Continuous"+"Formal+methods"+"Regulated+Environment"
     Title Designing normative theories of ethical reasoning: Formal framework, methodology, and tool support
     Author ['C Benzmüller', 'X Parent', 'L van der Torre']
     Venue arXiv preprint arXiv:1903.10187
     Year 2019
     Abstract by representing examples, ethico-legal domain theories, deontic logics and logic combinations in a computational system we enable predictions and their assessment, and ap- ply formal methods  Like humans, intelligent systems evolve in a highly regulated environment
     Url https://arxiv.org/abs/1903.10187


     Search term "Continuous"+"Formal+methods"+"Regulated+Environment"
     Title A critical assessment of the design issues in e‐commerce systems development
     Author ['SA Ehikioya', 'E Guillemot']
     Venue Engineering Reports
     Year 2020
     Abstract able to cope with big data; and (h) the continuous need toward accelerating open source software innovation. The position held by Koussouris and Di Nitto41 supports the various views expressed in the literature1, 2, 9, 21, 43 canvassing for the use of formal methods in the
     Url https://onlinelibrary.wiley.com/doi/abs/10.1002/eng2.12155


     Search term "Continuous"+"Formal+methods"+"Regulated+Environment"
     Title A new approach to the development and maintenance of industrial sequence logic
     Author ['P Hopkinson']
     Venue NA
     Year 1998
     Abstract 185 10.4 MODEL-BASED AND FORMAL METHODS APPROACHES  control system programming languages such as sequential function chart (for sequence logic) and function block diagram (for continuous control). However, the
     Url https://repository.lboro.ac.uk/articles/A_new_approach_to_the_development_and_maintenance_of_industrial_sequence_logic/9520988/1


     Search term "Continuous"+"Formal+methods"+"Regulated+Environment"
     Title Designing normative theories for ethical and legal reasoning: LogiKEy framework, methodology, and tool support
     Author ['C Benzmüller', 'X Parent', 'L van der Torre']
     Venue Artificial Intelligence
     Year 2020
     Abstract Continuous improvements of these off-the-shelf provers, without further ado, leverage the reasoning  in a computational system we enable predictions and their assessment, and apply formal methods  Like humans, intelligent systems evolve in a highly regulated environment
     Url https://www.sciencedirect.com/science/article/pii/S0004370219301110


     Search term "Continuous"+"Formal+methods"+"Regulated+Environment"
     Title Requirements Engineering that Balances Agility of Teams and System-level Information Needs at Scale
     Author ['R KASAULI']
     Venue NA
     Year 2020
     Abstract [b] R. Kasauli, E. Knauss, A. Nilsson, S. Klug. “Adding Value Every Sprint: A Case Study on Large-Scale Continuous Requirements Engineering” In 3rd Workshop on Continuous Requirements Engineering, REFSQ Workshops, Essen, Germany, February 26–March 2, 2017
     Url https://research.chalmers.se/en/publication/517099


     Search term "Continuous"+"Formal+methods"+"Regulated+Environment"
     Title Assured Reliability and Resilience Level
     Author ['D Sea']
     Venue NA
     Year 2015
     Abstract Risk Reduction Factors that depend on the usage pattern (infrequent versus continuous)  For example SIL-‐4 imposes redundancy and positions the use of formal methods as highly  and aviation sectors are certified in conjunction with a regulated environment and infrastructure
     Url https://www.researchgate.net/profile/Eric_Verhulst/publication/281397297_ARRL_Assured_Reliability_and_Resilience_Level/links/55ed669808ae21d099c74f9a/ARRL-Assured-Reliability-and-Resilience-Level.pdf


     Search term "Continuous"+"Formal+methods"+"Regulated+Environment"
     Title Um Mapeamento Sistemático sobre Engenharia de Requisitos de Safety na Indústria Abordando Metodologias Ágeis.
     Author ['IFA Costa', 'CTLLS Schuenemann']
     Venue NA
     Year NA
     Abstract Adopting agile in an fda regulated environment. In Proc  [VW17] S. Vost and S. Wagner. Keeping continuous deliveries safe. In Proc. of 39th Int  In Formal Methods in Software Engineering: Rigorous and Agile Approaches (FormSERA), pages 23–29, Zurich, Switzerland, 2012
     Url https://www.cin.ufpe.br/~tg/2018-2/TG_SI/ifac.pdf


     Search term "Continuous"+"Formal+methods"+"Regulated+Environment"
     Title Smart contract development: Challenges and opportunities
     Author ['W Zou', 'D Lo', 'PS Kochhar', 'XBD Le', 'X Xia']
     Venue IEEE Transactions …
     Year 2019
     Abstract on Computer and Communications Security (CCS) and International Symposium On Leveraging Applications of Formal Methods, Verification and  an open-source permissioned blockchain platform that is explicitly designed to account for the highly regulated environment of the
     Url https://ieeexplore.ieee.org/abstract/document/8847638/


     Search term "Continuous"+"Formal+methods"+"Regulated+Environment"
     Title Integration of Software Safety Assurance Principles with an Agile Development Method
     Author ['O Doss']
     Venue NA
     Year 2016
     Abstract Page 1. INTEGRATION OF SOFTWARE SAFETY ASSURANCE PRINCIPLES WITH AN AGILE DEVELOPMENT METHOD Osama Doss MSc by Research University of York Computer Science May 2016 Page 2. 2 Abstract Agile
     Url http://etheses.whiterose.ac.uk/15368/


     Search term "Continuous"+"Formal+methods"+"Regulated+Environment"
     Title A Conceptual Model of Agile Software Development in a Safety-Critical Context: A Systematic Literature
     Author ['LT Heeager', 'PA Nielsen']
     Venue NA
     Year NA
     Abstract Page 1. A Conceptual Model of Agile Software Development in a Safety-Critical Context: A Systematic Literature Review Lise Tordrup Heeager Department of Management Aarhus University, Denmark lith@mgmt.au.dk Peter Axel Nielsen
     Url https://www.researchgate.net/profile/Peter_Nielsen3/publication/325746419_A_Conceptual_Model_of_Agile_Software_Development_in_a_Safety-Critical_Context_A_Systematic_Literature_Review/links/5b217661aca272277fa95f5a/A-Conceptual-Model-of-Agile-Software-Development-in-a-Safety-Critical-Context-A-Systematic-Literature-Review.pdf


     Search term "Continuous"+"Formal+methods"+"Regulated+Environment"
     Title A conceptual model of agile software development in a safety-critical
     Author ['L Tordrup Heeager', 'PA Nielsen']
     Venue Information and Software Technology
     Year NA
     Abstract Page 1. General Rights Copyright and moral rights for the publications made accessible in the public portal are retained by the authors and/or other copyright owners and it is a condition of accessing publications that users recognize
     Url https://pure.au.dk/portal/files/169238783/Heeager_2018_A_conceptual_model_of_agile.pdf


     Search term "Continuous"+"Formal+methods"+"Regulated+Environment"
     Title The moral responsibilities of online service providers
     Author ['M Taddeo', 'L Floridi']
     Venue The responsibilities of online service providers
     Year 2017
     Abstract The direction of the continuous arrows signifies dependence relation between different topics, eg freedom of speech depends on the specification of  On the contrary, it maintains that, in a market-regulated environment, companies will devote their attention to the quality of the
     Url https://link.springer.com/chapter/10.1007/978-3-319-47852-4_2


     Search term "Continuous"+"Formal+methods"+"Regulated+Environment"
     Title Advances in Streamlining Software Delivery on the Web and its Relations to Embedded Systems
     Author ['K Hirvikoski']
     Venue NA
     Year 2015
     Abstract Many practises have formed to support this deployment pipeline, notably Continuous Integration, Deployment and Experimentation  13 3 Deployment Pipeline 14 3.1 From Development to Production . . . . . 15 3.2 Continuous Integration
     Url https://helda.helsinki.fi/handle/10138/156665


     Search term "Continuous"+"Formal+methods"+"Regulated+Environment"
     Title Designing Normative Theories of Ethical Reasoning: Expressive Framework, Methodology, and Tool Support
     Author ['C Benzmüllera', 'X Parenta', 'L van der Torrea']
     Venue NA
     Year NA
     Abstract Continuous improvements of these off-the-shelf provers, without further ado, leverage the reasoning  in a computational system we enable predictions and their assessment, and ap- ply formal methods  Like humans, intelligent systems evolve in a highly regulated environment
     Url https://www.researchgate.net/profile/Christoph_Benzmueller/publication/331986665_Designing_Normative_Theories_of_Ethical_Reasoning_Formal_Framework_Methodology_and_Tool_Support/links/5d4c1ead4585153e5946651f/Designing-Normative-Theories-of-Ethical-Reasoning-Formal-Framework-Methodology-and-Tool-Support.pdf


     Search term "Continuous"+"Formal+methods"+"Regulated+Environment"
     Title Autonomous systems in aviation: between product liability and innovation
     Author ['I Emanuilov']
     Venue SESAR Innovation Days 2017
     Year 2017
     Abstract In principle, this should mean that for the new risks emerging with the technology's continuous development, manufacturers should be covered by the state of the art defence  d) Development of new verification approaches where testing is replaced by formal methods.1
     Url https://lirias.kuleuven.be/1712018?limo=0


     Search term "Continuous"+"Formal+methods"+"Regulated+Environment"
     Title Dangerous intercourse: race, gender and interracial relations in the American colonial Philippines, 1898-1946
     Author ['MT Winkelmann']
     Venue NA
     Year 2015
     Abstract immigration and the framing of contemporary issues of sexual tourism, exploitation and child abandonment as post WWII phenomena elides the long and continuous relationship of the US and the Philippines rooted in imperial occupation
     Url https://www.ideals.illinois.edu/handle/2142/78757


     Search term "Continuous"+"Formal+methods"+"Regulated+Environment"
     Title Medical Device Plug-and-Play Interoperability Standards and Technology Leadership
     Author ['JM Goldman', 'SF Whitehead']
     Venue NA
     Year 2010
     Abstract [Not Found]
     Url [Not Found]


     Search term "Continuous"+"Formal+methods"+"Regulated+Environment"
     Title Quality assurance for delivering mobile applications that enable healthier and more productive lives
     Author ['H Yemane']
     Venue NA
     Year 2014
     Abstract might occur under sub-optimal operating conditions. Continuous Deployment: this practice focuses on decreasing the amount of time between  (Agile Alliance, 2013). Continuous deployment results in the team creating working
     Url http://search.proquest.com/openview/dcefac074763f04928390de0092c5e00/1?pq-origsite=gscholar&cbl=18750&diss=y


     Search term "Continuous"+"Formal+methods"+"Regulated+Environment"
     Title The debate on the moral responsibilities of online service providers
     Author ['M Taddeo', 'L Floridi']
     Venue Science and Engineering Ethics
     Year 2016
     Abstract On the contrary, it maintains that, in a market-regulated environment, companies will devote their attention to the quality of the search Freedom of speech Information filtering Privacy  The dotted arrows indicate conflicting topics, while the continuous arrows link consistent topics
     Url https://link.springer.com/content/pdf/10.1007/s11948-015-9734-1.pdf


     Search term "Continuous"+"Formal+methods"+"Regulated+Environment"
     Title An empirical investigation of information technology adoption behaviour in banks in Bahrain
     Author ['MAA Ghuloom']
     Venue NA
     Year 1997
     Abstract These effects are enabled by the continuously decreasing cost of IT on one hand, and on the other, by the continuous increase in the efficiency of these technologies. The main  the redistribution of power, function, and control. With continuous improvement in IT
     Url http://theses.gla.ac.uk/id/eprint/71778


     Search term "Continuous"+"Formal+methods"+"Regulated+Environment"
     Title Organization, management, and expert systems: models of automated reasoning
     Author ['M Masuch']
     Venue NA
     Year 2018
     Abstract Typically, however, these formal methods do not portray the characteristic responses of the management to policy problems based on the organization's internal culture or ideology; such decision making is usually specific to an organization, and intertwined with its history
     Url https://books.google.com/books?hl=en&lr=&id=o5ZsDwAAQBAJ&oi=fnd&pg=PP5&dq=%22Continuous%22+%22Formal+methods%22+%22Regulated+Environment%22&ots=ruacqeqAWb&sig=i1VN96sC1LF-sUxq49c1APDc3Ls


     Search term "Continuous"+"Formal+methods"+"Regulated+Environment"
     Title Meshing agile and plan-driven development in safety-critical software: a case study
     Author ['LT Heeager', 'PA Nielsen']
     Venue Empirical Software Engineering
     Year 2020
     Abstract Firstly, agile processes are open to continuous change of the requirements, whereas in safety-critical software development, changing the requirements is discouraged (Notander et al  (2018) have proposed automated, risk-based continuous testing (including safety tests)
     Url https://link.springer.com/content/pdf/10.1007/s10664-020-09804-z.pdf


     Search term "Continuous"+"Formal+methods"+"Regulated+Environment"
     Title Knowledge-based web services for context adaptation.
     Author ['KL Lawson']
     Venue NA
     Year 2005
     Abstract Evolutionary Computing in Service-Oriented Architectures.....36 Chapter 3 Contextual Systems Engineering in a QoS-regulated Environment.....42  investigates, the programme is a continuous thread of system prototype to analysis; from
     Url https://discovery.ucl.ac.uk/id/eprint/1444447/


     Search term "Continuous"+"Formal+methods"+"Regulated+Environment"
     Title A context framework for ambient intelligence
     Author ['A Dogac', 'GB Laleci', 'Y Kabak']
     Venue Building the Knowledge Economy …
     Year 2003
     Abstract Page 143. Section 4.3: Knowledge Management—Case Studies 925 2.2 Intra-Organizational Knowledge Networks Within organizations, the need for continuous access to knowledge has spurred the development of various knowledge initiatives
     Url https://books.google.com/books?hl=en&lr=&id=TzUYxvwW51EC&oi=fnd&pg=PA913&dq=%22Continuous%22+%22Formal+methods%22+%22Regulated+Environment%22&ots=FktRgRhfXH&sig=gyywj8MOnie8E4gA7hPm1BV8b9c


     Search term "Continuous"+"Formal+methods"+"Regulated+Environment"
     Title A software risk management capability model for medical device software
     Author ['J Burton']
     Venue NA
     Year 2008
     Abstract 1993) The SEI points out that risk management must be continuous, hence the CRM part of the framework  traditional “planer” analysis. 2.2.3 Formal Methods – CMMI ® and SPICE™ 2.2.3.a CMMI ® Overview and Software Risk Management
     Url http://193.1.102.107/handle/10344/1204


     Search term "Continuous"+"Formal+methods"+"Regulated+Environment"
     Title The Medical Device Industry: Developments in Software Risk Management
     Author ['J Burton']
     Venue NA
     Year 2009
     Abstract 1993) The SEI points out that risk management must be continuous, hence the CRM part of the framework  Formal Methods – CMMI® and SPICE™ CMMI® Overview and Software Risk Management As discussed earlier, the Department of Defence recognised a key risk in
     Url https://books.google.com/books?hl=en&lr=&id=tvIYBwAAQBAJ&oi=fnd&pg=PR5&dq=%22Continuous%22+%22Formal+methods%22+%22Regulated+Environment%22&ots=pW07DA9uKo&sig=OKsClBL7J11RP9TNtviDp98FClk


     Search term "Continuous"+"Formal+methods"+"Regulated+Environment"
     Title Growth Challenges for Small and Medium-sized Enterprises: A UK-US Comparative Study
     Author ['K Hill']
     Venue NA
     Year 2008
     Abstract Page 1. URN 09/683 Kingston University London and BABSON COLLEGE, Mass. Growth Challenges for Small and Medium-sized Enterprises: A UK-US Comparative Study Report for HM Treasury and BERR by Small Business
     Url https://www.researchgate.net/profile/Robert_Blackburn/publication/38177086_Growth_challenges_for_small_and_medium-sized_enterprises_a_UK-US_comparative_study/links/54525f9b0cf2cf51647a3fb7.pdf


     Search term "Continuous"+"Formal+methods"+"Regulated+Environment"
     Title The Role of Risk Allocation in Minimizing Disputes in Construction Contracts
     Author ['GO Odunusi']
     Venue NA
     Year 2014
     Abstract Page 1. The Role of Risk Allocation in Minimizing Disputes in Construction Contracts تﻻوﺎﻘﻣﻟا دوﻘﻋ ﻲﻓ تﺎﻋزﺎﻧﻣﻟا لﯾﻟﻘﺗ ﻲﻓ رطﺎﺧﻣﻟا ﻊﯾوﺗ رود By: Ganiyu Olawale Odunusi ID: 120030 Dissertation submitted in partial fulfillment of the requirements for the degree of MSc. Project Management
     Url https://bspace.buid.ac.ae/handle/1234/629


     Search term "Continuous"+"Formal+methods"+"Regulated+Environment"
     Title Information security policies in HIPAA and SOX environments in California: An investigation of challenges, design processes, and implementation strategies
     Author ['JA Ohwobete']
     Venue NA
     Year 2009
     Abstract and study, natural phenomena. Among well accepted quantitative methods in the social sciences are survey methods, laboratory experiments, formal methods (eg, econometrics) and numerical methods, including mathematical modeling
     Url http://search.proquest.com/openview/ed9dafed55a1fa9b8396c90025199737/1?pq-origsite=gscholar&cbl=18750&diss=y


     Search term "Continuous"+"Formal+methods"+"Regulated+Environment"
     Title The hazards of unmanned air vehicle integration into unsegregated airspace
     Author ['AR Evans']
     Venue The University of York, York
     Year 2006
     Abstract FAA99])...48 Table 3.2.1(i) - Airworthiness Failure Condition Severities for 'Guard Dog (drawn from Table 2.2.1(i))63 Table 3.2.4(i) – Example of 'Loss of Function' for pseudo-continuous function.....68 Table 3.2
     Url http://citeseerx.ist.psu.edu/viewdoc/download?doi=10.1.1.156.7458&rep=rep1&type=pdf

