Showing papers for search query "Continuous"+"Case+Study"+OR+"Case+Studies"

     Search term "Continuous"+"Case+Study"+OR+"Case+Studies"
     Title Learning with continuous classes
     Author ['JR Quinlan']
     Venue 5th Australian joint conference on artificial …
     Year 1992
     Abstract LEARNING WITH CONTINUOUS CLASSES JR QUINLAN Basser Department of Computer Science, University of Sydney Sydney, Australia 2006 ABSTRACT: Some empirical learning tasks are  Four case studies are presented in which M5 is compared to other methods
     Url https://www.worldscientific.com/doi/pdf/10.1142/9789814536271#page=356


     Search term "Continuous"+"Case+Study"+OR+"Case+Studies"
     Title Dichotomizing continuous predictors in multiple regression: a bad idea
     Author ['P Royston', 'DG Altman', 'W Sauerbrei']
     Venue Statistics in medicine
     Year 2006
     Abstract In addition, the use of a data-derived 'optimal' cutpoint leads to serious bias. We illustrate the impact of dichotomization of continuous predictor variables using as a detailed case study a randomized trial in primary biliary cirrhosis
     Url https://onlinelibrary.wiley.com/doi/abs/10.1002/sim.2331


     Search term "Continuous"+"Case+Study"+OR+"Case+Studies"
     Title An evolutionary model of continuous improvement behaviour
     Author ['J Bessant', 'S Caffyn', 'M Gallagher']
     Venue Technovation
     Year 2001
     Abstract This paper draws on research into CI behaviours under the CIRCA programme — Continuous Improvement Research for  and access to firms in the network, the programme was able to develop case studies of over  Table 1. Main characteristics of the case study research sample
     Url https://www.sciencedirect.com/science/article/pii/S0166497200000237


     Search term "Continuous"+"Case+Study"+OR+"Case+Studies"
     Title Reversal of focal" misery-perfusion syndrome" by extra-intracranial arterial bypass in hemodynamic cerebral ischemia. A case study with 15O positron emission …
     Author ['JC Baron', 'MG Bousser', 'A Rey', 'A Guillard', 'D Comar']
     Venue Stroke
     Year 1981
     Abstract A Case Study with "0 Positron Emission Tomography  SUMMARY Tomogrephic images of cerebral blood flow (CBF) and oxygen extraction fraction (OEF) using the UO continuous inhalation technique, and positron emission tomography, were obtained from a patient with
     Url https://www.ahajournals.org/doi/abs/10.1161/01.str.12.4.454


     Search term "Continuous"+"Case+Study"+OR+"Case+Studies"
     Title Analyzing the benefits of lean manufacturing and value stream mapping via simulation: A process sector case study
     Author ['FA Abdulmalek', 'J Rajgopal']
     Venue International Journal of production economics
     Year 2007
     Abstract stream mapping via simulation: A process sector case study. Author links open overlay panelFawaz A.Abdulmalek a JayantRajgopal b. Show more  Abstract. The “lean” approach has been applied more frequently in discrete manufacturing than in the continuous/process sector
     Url https://www.sciencedirect.com/science/article/pii/S0925527306002258


     Search term "Continuous"+"Case+Study"+OR+"Case+Studies"
     Title Professional learning communities: Communities of continuous inquiry and improvement.
     Author ['SM Hord']
     Venue NA
     Year 1997
     Abstract To develop a community of learners, pull interested, willing people together; engage them in constructing a shared vision; develop trust and relationships; and nurture a program of continuous learning. A review of a synthesis of five case studies (Louis and Kruse 1995) identifies
     Url https://eric.ed.gov/?id=ED410659


     Search term "Continuous"+"Case+Study"+OR+"Case+Studies"
     Title Case study research and theory building
     Author ['LM Dooley']
     Venue Advances in developing human resources
     Year 2002
     Abstract Moreover, it should not be assumed that there is clarity on the processes of case writing, case studies, or case study research  This form of reiteration and continuous refinement, more commonly referred to as the multiple case study, occurs over an extended period of time
     Url https://journals.sagepub.com/doi/abs/10.1177/1523422302043007


     Search term "Continuous"+"Case+Study"+OR+"Case+Studies"
     Title Understanding DevOps & bridging the gap from continuous integration to continuous delivery
     Author ['M Virmani']
     Venue Fifth International Conference on the Innovative …
     Year 2015
     Abstract continuous delivery and its benefits. Continuous delivery transformation in this paper is explained with a real life case study that how infrastructure can be maintained just in form of code (IAAC). Finally this paper touches upon
     Url https://ieeexplore.ieee.org/abstract/document/7173368/


     Search term "Continuous"+"Case+Study"+OR+"Case+Studies"
     Title High-involvement innovation through continuous improvement
     Author ['J Bessant', 'S Caffyn']
     Venue International Journal of Technology …
     Year 1997
     Abstract a framework model for the development of CI which draws upon extensive case study work  led us to embark on a major five-year research programme — Continuous Improvement Research  of around 100 firms with which we share experience and do 'snapshot' case studies
     Url https://www.inderscienceonline.com/doi/abs/10.1504/IJTM.1997.001705


     Search term "Continuous"+"Case+Study"+OR+"Case+Studies"
     Title Designing a performance measurement system: A case study
     Author ['C Lohman', 'L Fortuin', 'M Wouters']
     Venue European journal of operational research
     Year 2004
     Abstract consistent mix of both designs and surveys being used more extensively compared to case studies  with emphasis on elements with a value that reaches beyond the proper case study  of parallel initiatives for PM, the role of standardized metrics, the continuous improvement of
     Url https://www.sciencedirect.com/science/article/pii/S0377221702009189


     Search term "Continuous"+"Case+Study"+OR+"Case+Studies"
     Title Imipramine-Induced Heart Block A Longitudinal Case Study
     Author ['SJ Kantor', 'JT Bigger', 'AH Glassman', 'DL Macken']
     Venue JAMA
     Year 1975
     Abstract A Longitudinal Case Study  Methods During the first two weeks of hospital- ization, no psychoactive medication was given while a number of base-line tests were performed, including two standard 12-lead ECGs and two continuous 24-hour recordings of the ECG
     Url https://jamanetwork.com/journals/jama/article-abstract/360509


     Search term "Continuous"+"Case+Study"+OR+"Case+Studies"
     Title Process management: a guide for the design of business processes
     Author ['J Becker', 'M Kugeler', 'M Rosemann']
     Venue NA
     Year 2013
     Abstract 8 1.5 The case study – DeTe Immobilien..... 9 1.5.1 Corporate culture  230 8.6 Checklist.. 231 Continuous Process Management Stefan Neumann, Christian Probst, Clemens Wernsmann
     Url https://books.google.com/books?hl=en&lr=&id=J9LzBwAAQBAJ&oi=fnd&pg=PR5&dq=%22Continuous%22+%22Case+Study%22+OR+%22Case+Studies%22&ots=lTqD-WIjRU&sig=mz8lm5fNDUmHmzDnxCEcSrhhO48


     Search term "Continuous"+"Case+Study"+OR+"Case+Studies"
     Title About regression-kriging: From equations to case studies
     Author ['T Hengl', 'GBM Heuvelink', 'DG Rossiter']
     Venue Computers & geosciences
     Year 2007
     Abstract The case studies use land surface parameters derived from combined Shuttle Radar Topography Mission and contour-based digital elevation models  These are used to improve mapping of two continuous variables (soil organic matter content and mean annual land surface
     Url https://www.sciencedirect.com/science/article/pii/S0098300407001008


     Search term "Continuous"+"Case+Study"+OR+"Case+Studies"
     Title Tracking control of mobile robots: A case study in backstepping
     Author ['ZP JIANGdagger', 'H Nijmeijer']
     Venue Automatica
     Year 1997
     Abstract Volume 33, Issue 7, July 1997, Pages 1393-1399. Automatica. Tracking Control of Mobile Robots: A Case Study in Backstepping  A function γ: R + → R + is of class K if γ is strictly increasing, continuous and γ(0) = 0. It is of class K ∞ if furthermore γ(x) goes to ∞ as x goes to ∞
     Url https://www.sciencedirect.com/science/article/pii/S0005109897000551


     Search term "Continuous"+"Case+Study"+OR+"Case+Studies"
     Title Continuous classification in soil survey: spatial correlation, confusion and boundaries
     Author ['PA Burrough', 'PFM van Gaans', 'R Hootsmans']
     Venue Geoderma
     Year 1997
     Abstract To examine the expectation that changing the paradigm from 'double crisp' to 'double continuous' automatically yields spatially contiguous classes, we have con- ducted the following simulation experiment, followed by two real case studies. 6.1. The simulation experiment Fig
     Url https://www.sciencedirect.com/science/article/pii/S0016706197000189


     Search term "Continuous"+"Case+Study"+OR+"Case+Studies"
     Title Evaluating a growth model for forest management using continuous forest inventory data
     Author ['P Soares', 'M Tomé', 'JP Skovsgaard']
     Venue Forest Ecology and …
     Year 1995
     Abstract A case study with the PBRAVO growth model for maritime pine (Pinus pinaster Ait.) in the Leiria forest, Portugal, illustrates the utility of selected criteria and graphical techniques. Based on theoretical examinations and tests with data from continuous forest inventories, we
     Url https://www.sciencedirect.com/science/article/pii/037811279406105R


     Search term "Continuous"+"Case+Study"+OR+"Case+Studies"
     Title Local infiltration analgesia: a technique for the control of acute postoperative pain following knee and hip surgery: a case study of 325 patients
     Author ['DR Kerr', 'L Kohan']
     Venue Acta orthopaedica
     Year 2008
     Abstract analgesia: a technique for the control of acute postoperative pain following knee and hip surgery: A case study of 325  Currently, continuous wound infiltration with local anesthetics through wound catheters and continuous nerve block techniques may perhaps be considered to
     Url https://www.tandfonline.com/doi/abs/10.1080/17453670710014950


     Search term "Continuous"+"Case+Study"+OR+"Case+Studies"
     Title Farmers' adoption of soil and water conservation technology: a case study of the Bokole and Toni sub-watersheds, southern Ethiopia
     Author ['K Wolka', 'M Negash']
     Venue Journal of Science & Development
     Year 2014
     Abstract Farmers' adoption of soil and water conservation technology: a case study of the Bokole and Toni sub-watersheds, southern Ethiopia  Intense and continuous cultivation on sloping land, without supplementary use of soil amendments and conservation technologies, poses a
     Url https://pdfs.semanticscholar.org/d131/1f25d943c90b952f9ed1a40e1bffe0859983.pdf


     Search term "Continuous"+"Case+Study"+OR+"Case+Studies"
     Title Gemba Kaizen: A commonsense approach to a continuous improvement strategy
     Author ['E Sporer', 'MA Little']
     Venue NA
     Year 2012
     Abstract Cite. Gemba Kaizen picks up where Kaizen left off, introducing real-world application of continuous process improvement methods in production and service businesses. The second edition is fully revised with brand-new case studies, updated chapters, and current references
     Url https://nekf.pw/23-33-21.pdf


     Search term "Continuous"+"Case+Study"+OR+"Case+Studies"
     Title Hunger in the Gwembe valley: A case study of Mweemba chieftaincy, 1905-1987
     Author ['BS Siamwiza']
     Venue NA
     Year 2011
     Abstract Title, Hunger in the Gwembe valley: A case study of Mweemba chieftaincy, 1905-1987  out that the people of Mweemba were unable to produce a surplus because of ecological constraints of land shortage which resulted into loss of soil fertility due to continuous cultivation, poor
     Url https://oatd.org/oatd/record?record=oai\:dspace.unza.zm\:123456789\%2F727


     Search term "Continuous"+"Case+Study"+OR+"Case+Studies"
     Title Discrete analysis of continuous behaviour in real-time concurrent systems
     Author ['J Ouaknine']
     Venue NA
     Year 2000
     Abstract Manna, and Pnueli's. This prob- ably constitutes the most important and significant application of our work to continuous-time system verification. A small railway level crossing case study is presented to illustrate our findings
     Url http://people.mpi-sws.org/~joel/publications/thesis.pdf


     Search term "Continuous"+"Case+Study"+OR+"Case+Studies"
     Title Taguchi methods: a hands-on approach
     Author ['GS Peace']
     Venue NA
     Year 1993
     Abstract [Not Found]
     Url [Not Found]


     Search term "Continuous"+"Case+Study"+OR+"Case+Studies"
     Title Effect of epidural stimulation of the lumbosacral spinal cord on voluntary movement, standing, and assisted stepping after motor complete paraplegia: a case study
     Author ['S Harkema', 'Y Gerasimenko', 'J Hodes', 'J Burdick']
     Venue The Lancet
     Year 2011
     Abstract From a neurobiological and clinical perspective, that this supraspinal control was manifested only in the presence of continuous tonic epidural  This case study supports the proof of principle that human beings have conserved spinal locomotor circuitry, as found in other
     Url https://www.sciencedirect.com/science/article/pii/S0140673611605473


     Search term "Continuous"+"Case+Study"+OR+"Case+Studies"
     Title Robust engineering: learn how to boost quality while reducing costs & time to market
     Author ['G Taguchi', 'S Chowdhury', 'S Taguchi']
     Venue NA
     Year 2000
     Abstract [Not Found]
     Url [Not Found]


     Search term "Continuous"+"Case+Study"+OR+"Case+Studies"
     Title Gridding with continuous curvature splines in tension
     Author ['WHF Smith', 'P Wessel']
     Venue Geophysics
     Year 1990
     Abstract Issue 3. Gridding with continuous curvature splines in tension. Authors  earth sciences. The method interpolates the data to be gridded with a surface having continuous second derivatives and minimal total squared curvature. The
     Url https://library.seg.org/doi/abs/10.1190/1.1442837


     Search term "Continuous"+"Case+Study"+OR+"Case+Studies"
     Title High performance simulation in quasi-continuous manufacturing plants
     Author ['L Chen', 'M Pidd']
     Venue … of the Winter Simulation Conference, 2005.
     Year 2005
     Abstract REFERENCES Akatsuka, T., N. Furumastu, and H. Nishitani. 1997. Mod- eling and simulation of combined continuous and dis- crete systems: case study of spinning process. Journal of Chemistry Engineering of Japan 30 (5): 867-874. Barton, PI, and CC Pantelides. 1994
     Url https://ieeexplore.ieee.org/abstract/document/1574399/


     Search term "Continuous"+"Case+Study"+OR+"Case+Studies"
     Title Optimal caliper widths for propensity‐score matching when estimating differences in means and differences in proportions in observational studies
     Author ['PC Austin']
     Venue Pharmaceutical statistics
     Year 2011
     Abstract Finally, as with the risk differences for binary outcomes, one observes that the range of the empirical type I error rates across the spectrum of γ decreased as the number of continuous covariates decreased. 4. CASE STUDY. 4.1. Data sources
     Url https://onlinelibrary.wiley.com/doi/abs/10.1002/pst.433


     Search term "Continuous"+"Case+Study"+OR+"Case+Studies"
     Title Strategic marketing
     Author ['DW Cravens', 'N Piercy']
     Venue NA
     Year 2006
     Abstract Discussion Questions Case Study: “The Legal Business” Guidelines for the Assignments and Project. 3 Continuous Learning about Markets: Market Orientation and Organizational Learning, MIS, Marketing Research, Issues in Collecting and Using information. Chapter 5
     Url http://www.academia.edu/download/47094280/MAR402_Course_Outline_F2010-11.pdf


     Search term "Continuous"+"Case+Study"+OR+"Case+Studies"
     Title Enforcement leverage when penalties are restricted
     Author ['W Harrington']
     Venue Journal of Public Economics
     Year 1988
     Abstract 1. Introduction In the United States, empirical studies of the enforcement of continuous compliance with environmental regulations, especially air and water  of the time.' The evidence for the apparently low level of enforcement activity is found in a number of case studies of state
     Url https://www.sciencedirect.com/science/article/pii/0047272788900035


     Search term "Continuous"+"Case+Study"+OR+"Case+Studies"
     Title Linear Systems Theory
     Author ['BM Chen', 'Z Lin', 'Y Shamash']
     Venue NA
     Year 2004
     Abstract systems for desired closed-loop performance, stability, and robustness. All results and case studies are presented in both continuous- and discrete-time settings. Exercises, as well as MATLAB-based computational and design
     Url https://www.infona.pl/resource/bwmeta1.element.springer-6742cae4-75a2-3a7c-bfde-25ec32fd2bcd


     Search term "Continuous"+"Case+Study"+OR+"Case+Studies"
     Title Regression modeling strategies: with applications to linear models, logistic and ordinal regression, and survival analysis
     Author ['FE Harrell Jr']
     Venue NA
     Year 2015
     Abstract Emphasis is given to detailed case studies for these methods as well as for data  Ex- cept for the case study on survival of Titanic passengers, all examples are from  to use the most efficient and accurate modeling techniques, to avoid categorizing continuous variables, and to not
     Url https://books.google.com/books?hl=en&lr=&id=94RgCgAAQBAJ&oi=fnd&pg=PR7&dq=%22Continuous%22+%22Case+Study%22+OR+%22Case+Studies%22&ots=ZBl8Qq5R4p&sig=S8W1-6kvyNy6gSUcGeZILNCqhGY


     Search term "Continuous"+"Case+Study"+OR+"Case+Studies"
     Title Global optimization in action: continuous and Lipschitz optimization: algorithms, implementations and applications
     Author ['JD Pintér']
     Venue NA
     Year 2013
     Abstract viii 2.1 2.2 2.3 2.4 2.5 2.6 2.7 PART TWO Partition Strategies in Global Optimization: The Continuous and the Lipschitzian Case  Pollution 4.12.1 Introduction 4.12.2 Risk Assessment and Management: Principles, Models, Solution Methods 4.12.3 An Illustrative Case Study 4.12.4
     Url https://books.google.com/books?hl=en&lr=&id=uv7lBwAAQBAJ&oi=fnd&pg=PR18&dq=%22Continuous%22+%22Case+Study%22+OR+%22Case+Studies%22&ots=fhgGQaEmoJ&sig=tSOXXXtDIxKyPbKIEfIzXY-mn4k


     Search term "Continuous"+"Case+Study"+OR+"Case+Studies"
     Title Meta-analyses involving cross-over trials: methodological issues
     Author ['DR Elbourne', 'DG Altman', 'JPT Higgins']
     Venue International journal …
     Year 2002
     Abstract Methods The characteristics of these trials are outlined, with detailed examples of methods for analysis for both continuous and binary data. These case studies are then extended into the context of a meta-analysis. The Cochrane
     Url https://academic.oup.com/ije/article-abstract/31/1/140/655940


     Search term "Continuous"+"Case+Study"+OR+"Case+Studies"
     Title The ALARM monitoring system: A case study with two probabilistic inference techniques for belief networks
     Author ['IA Beinlich', 'HJ Suermondt', 'RM Chavez', 'GF Cooper']
     Venue AIME 89
     Year 1989
     Abstract Page 1. The ALARM Monitoring System: A Case Study with two Probabilistic Inference Techniques for BeUef Networks  All continuous variables are represented catagOrically with sets of discrete intervals dividing the value range. Depending on the necessary level of detail
     Url https://link.springer.com/chapter/10.1007/978-3-642-93437-7_28


     Search term "Continuous"+"Case+Study"+OR+"Case+Studies"
     Title Innovation and Practice of Continuous Auditing1
     Author ['DY Chan', 'MA Vasarhelyi']
     Venue Continuous Auditing
     Year 2018
     Abstract Vasarhelyi & Kuenkaikaew (2010) Vasarhelyi MA , Kuenkaikaew S . Continuous auditing and continuous control monitoring: case studies from leading organizations: Rutgers Business School, Rutgers Accounting Research Center; 2010. Vasarhelyi, Alles, & Kogan (2004).
     Url https://www.emerald.com/insight/content/doi/10.1108/978-1-78743-413-420181013/full/html?skipTracking=true&utm_source=TrendMD&utm_medium=cpc&utm_campaign=Rutgers_Studies_in_Accounting_Analytics_TrendMD_1


     Search term "Continuous"+"Case+Study"+OR+"Case+Studies"
     Title Control system design
     Author ['GC Goodwin', 'SF Graebe', 'ME Salgado']
     Venue NA
     Year 2001
     Abstract 3.10 Linearization 52 3.11 Case Studies 57 3.12 Summary  17.1 Preview 483 17.2 Linear Continuous Time State Space Models 483 17.3 Similarity Transformations  21.6 Converting MIMO Problems to SISO Problems 643 21.7 Industrial Case Study (Strip Flatness Control) 644
     Url http://repository.fue.edu.eg/xmlui/bitstream/handle/123456789/3881/2490.pdf?sequence=1


     Search term "Continuous"+"Case+Study"+OR+"Case+Studies"
     Title A case study: surface chemistry and surface structure of catalytic aluminas, as studied by vibrational spectroscopy of adsorbed species
     Author ['C Morterra', 'G Magnacca']
     Venue Catalysis Today
     Year 1996
     Abstract A case study: surface chemistry and surface structure of catalytic  On a crystallo- graphic ground, the irreversible thermal transi- tion from low- to high-temperature transition aluminas has been reported to be a continuous process [8], ie, a mere transition of the order- disorder
     Url https://www.sciencedirect.com/science/article/pii/0920586195001638


     Search term "Continuous"+"Case+Study"+OR+"Case+Studies"
     Title Point estimate schemes to solve the probabilistic power flow
     Author ['JM Morales', 'J Perez-Ruiz']
     Venue IEEE Transactions on power …
     Year 2007
     Abstract These case studies take into account both continuous variables (with normal distribu- tion) and discrete variables  By comparing the results of the two case studies of different size, the effect of the  that the number of input random variables included in the 14-bus case study is 23
     Url https://ieeexplore.ieee.org/abstract/document/4349110/


     Search term "Continuous"+"Case+Study"+OR+"Case+Studies"
     Title Pricing financial instruments: The finite difference method
     Author ['D Tavella', 'C Randall']
     Venue NA
     Year 2000
     Abstract [Not Found]
     Url [Not Found]


     Search term "Continuous"+"Case+Study"+OR+"Case+Studies"
     Title Assessing the impact of continuous quality improvement on clinical practice: what it will take to accelerate progress
     Author ['SM Shortell', 'CL Bennett', 'GR Byck']
     Venue The Milbank Quarterly
     Year 1998
     Abstract Page 1. Assessing the Impact of Continuous Quality Improvement on Clinical Practice  593 Page 2. care sector for inspiration and guidance. The approach they have most often, and visibly, adopted is “continuous quality improvement” (CQI) or “total quality management” (TQM)
     Url https://onlinelibrary.wiley.com/doi/abs/10.1111/1468-0009.00107


     Search term "Continuous"+"Case+Study"+OR+"Case+Studies"
     Title Introduction to random signals and applied Kalman filtering: with MATLAB exercises
     Author ['RG Brown', 'PYC Hwang']
     Venue NA
     Year 2012
     Abstract Page 1. For additional product details, please visit https://www.wiley.com/en-us Introduction to Random Signals and Applied Kalman Filtering with Matlab Exercises, 4th Edition Robert Grover Brown, Patrick YC Hwang
     Url https://pdfs.semanticscholar.org/a31f/85dcd4880a259b8ad8abd02b964f63d62783.pdf


     Search term "Continuous"+"Case+Study"+OR+"Case+Studies"
     Title Reinventing the workplace: How business and employees can both win
     Author ['DI Levine']
     Venue NA
     Year 1995
     Abstract [Not Found]
     Url [Not Found]


     Search term "Continuous"+"Case+Study"+OR+"Case+Studies"
     Title From School to Work. A Comparative Study of Educational Qualifications and Occupational Destinations.
     Author ['Y Shavit', 'W Muller']
     Venue NA
     Year 1998
     Abstract in Japan" (Hiroshi Ishida);"From High School and College to Work in Japan: Meritocracy through Institutional and Semi-Institutional Linkages" (Takehiko Kariya); "Education and Early Occupation in the Netherlands around 1990: Categorical and Continuous Scales and the
     Url https://eric.ed.gov/?id=ED419142


     Search term "Continuous"+"Case+Study"+OR+"Case+Studies"
     Title Multiobjective optimization using evolutionary algorithms—a comparative case study
     Author ['E Zitzler', 'L Thiele']
     Venue International conference on parallel problem solving …
     Year 1998
     Abstract Algorithms A Comparative Case Study Eckart Zitzler and Lothar Thiele  Nevertheless, in the case the trade-off surface is continuous or contains many points, the distribution of the nondominated solutions achieved is also an important aspect
     Url https://link.springer.com/chapter/10.1007/BFb0056872


     Search term "Continuous"+"Case+Study"+OR+"Case+Studies"
     Title A review of wind speed probability distributions used in wind energy analysis: Case studies in the Canary Islands
     Author ['JA Carta', 'P Ramirez', 'S Velazquez']
     Venue Renewable and sustainable energy …
     Year 2009
     Abstract Elsevier. Renewable and Sustainable Energy Reviews. Volume 13, Issue 5, June 2009, Pages 933-955. Renewable and Sustainable Energy Reviews. A review of wind speed probability distributions used in wind energy analysis: Case studies in the Canary Islands
     Url https://www.sciencedirect.com/science/article/pii/S1364032108000889


     Search term "Continuous"+"Case+Study"+OR+"Case+Studies"
     Title Nonlinear process control
     Author ['MA Henson', 'DE Seborg']
     Venue NA
     Year 1997
     Abstract 72 2.8.2 Optimal Input Sequences for Linear Modeling . . . . . 73 2.8.3 Input Sequence Design Issues for Nonlinear Modeling 75 29 Case Study: High Purity Distillation Process  117 3.2.7 Example – Continuous Fermentor  194 4.6 Case Studies
     Url http://www.cse.sc.edu/~gatzke/cache/npc-Chapter1-scan.pdf


     Search term "Continuous"+"Case+Study"+OR+"Case+Studies"
     Title Improving Performance: How To Manage the White Space on the Organization Chart. The Jossey-Bass Management Series.
     Author ['GA Rummler', 'AP Brache']
     Venue NA
     Year 1995
     Abstract redesign. Chapter 12 focuses on measuring performance and designing a performance management system. Chapter 13 describes how to use measurement as the basis for the continuous management of processes. Chapter
     Url https://eric.ed.gov/?id=ED389912


     Search term "Continuous"+"Case+Study"+OR+"Case+Studies"
     Title Continuous improvement as an ideal in health care
     Author ['DM Berwick']
     Venue NA
     Year 1989
     Abstract Imagine two assembly lines, monitored by two foremen. Foreman 1 walks the line, watching carefully. "I can see you all," he warns. "I have the means to measure your work, and I will do so. I will f...
     Url https://www.nejm.org/doi/pdf/10.1056/NEJM198901053200110


     Search term "Continuous"+"Case+Study"+OR+"Case+Studies"
     Title Hidden Markov models for time series: an introduction using R
     Author ['W Zucchini', 'IL MacDonald', 'R Langrock']
     Venue NA
     Year 2017
     Abstract Studies: Strategies for Bayesian Modeling and Sensitivity Analysis Michael J. Daniels and Joseph W. Hogan (2008) Hidden Markov Models for Time Series: An Introduction Using R Walter Zucchini and Iain L. MacDonald (2009) ROC Curves for Continuous Data Wojtek J
     Url https://books.google.com/books?hl=en&lr=&id=KlWzDAAAQBAJ&oi=fnd&pg=PR11&dq=%22Continuous%22+%22Case+Study%22+OR+%22Case+Studies%22&ots=pu4eV6Zl9X&sig=gnj9SQ7vloJrBp6BSTm4qcAL7rc


     Search term "Continuous"+"Case+Study"+OR+"Case+Studies"
     Title Systematic combining: an abductive approach to case research
     Author ['A Dubois', 'LE Gadde']
     Venue Journal of business research
     Year 2002
     Abstract described in the foregoing section is the process of a 5-year case study (Dubois, 1994  The main characteristic of this approach is a continuous movement between an empirical world  This way of conducting case studies is further described with regard to the practical problems of
     Url https://www.sciencedirect.com/science/article/pii/S0148296300001958

