Showing papers for search query "Continuous"+"Concurrent+Engineering"

     Search term "Continuous"+"Concurrent+Engineering"
     Title A continuous verification process in concurrent engineering
     Author ['V Schaus', 'PM Fischer', 'D Lüdtke', 'M Tiede']
     Venue AIAA SPACE 2013 …
     Year 2013
     Abstract This paper presents how a continuous mission verification process similar than in software engineering can be applied in early spacecraft design and Concurrent Engineering. Following the Model-based Systems Engineering paradigm, all engineers contribute to one
     Url https://arc.aiaa.org/doi/pdf/10.2514/6.2013-5429


     Search term "Continuous"+"Concurrent+Engineering"
     Title Concurrent engineering: new rules for world-class companies
     Author ['SG Shina']
     Venue IEEE Spectrum
     Year 1991
     Abstract is im- posing, but the design team can use it to study a seemingly incomprehensible array of causes and dependencies to find the critical ones The following terms also appear frequently in dis- cussions of concurrent engineering: CONTINUOUS PRlWSS IMCRBTEMEMT
     Url https://ieeexplore.ieee.org/abstract/document/83462/


     Search term "Continuous"+"Concurrent+Engineering"
     Title Concurrent engineering fundamentals
     Author ['B Prasad']
     Venue NA
     Year 1996
     Abstract Concurrent Engineering Fundamentals is a book that brings both breadth and depth to the issue  Key performance factors, including quality, time to market, and I cost are given appropriate attention as is the important issue of continuous improvement and re- I engineering
     Url https://www.researchgate.net/profile/Brian_Prasad/publication/243773799_Concurrent_Engineering_Fundamentals_Volume_II_Integrated_Product_Development/links/5425cc030cf238c6ea7782bd.pdf


     Search term "Continuous"+"Concurrent+Engineering"
     Title The role of concurrent engineering in weapons system acquisition
     Author ['RI Winner', 'JP Pennell', 'HE Bertrand']
     Venue NA
     Year 1988
     Abstract [Not Found]
     Url [Not Found]


     Search term "Continuous"+"Concurrent+Engineering"
     Title Initiation and growth of splitting in continuous fibre–reinforced composites under static and fatigue loading: A concurrent engineering approach for life
     Author ['K Tohgo', 'H lshii', 'Y Hirako']
     Venue International Journal of …
     Year 1994
     Abstract Unidirectional fibre–reinforced composites exhibit a high degree of anisotropy in strength. Crack initiation and growth from a pre–existing notch under static or fatigue loading almost always occur along the fibre direction; this phenomenon is known as splitting. In this paper
     Url https://www.inderscienceonline.com/doi/abs/10.1504/IJMPT.1994.036415


     Search term "Continuous"+"Concurrent+Engineering"
     Title Creativity engineering for continuous and discontinuous innovation
     Author ['JJY Lin']
     Venue 2006 Technology Management for the Global Future …
     Year 2006
     Abstract extended from the current practice of CD CD 0 C- CD a~ concurrent engineering, can be used to achieve the goal for both continuous and discontinuous innovation. I. INTRODUCTION Since the smiling-curve concept has been
     Url https://ieeexplore.ieee.org/abstract/document/4077455/


     Search term "Continuous"+"Concurrent+Engineering"
     Title Implementing concurrent engineering in small manufacturing enterprises
     Author ['JM Usher']
     Venue Engineering Management Journal
     Year 1996
     Abstract engineering, including information on its purpose, the need for its implementation, and its benefits. The implementation strategy developed is applicable to manufacturers of any size. This strategy is presented as a cyclic approach centered around the concept of continuous
     Url https://www.tandfonline.com/doi/abs/10.1080/10429247.1996.11414877


     Search term "Continuous"+"Concurrent+Engineering"
     Title An overview of concurrent engineering
     Author ['DR Hoffman']
     Venue … International Symposium on Product Quality and …
     Year 1998
     Abstract Continuous improvement of product-development practices is essential to compete successfully in a global market. 6. CONCURRENT ENGINEERING IMPLEMENTATION Some aspects of CE have been in use for many years within industry
     Url https://ieeexplore.ieee.org/abstract/document/653529/


     Search term "Continuous"+"Concurrent+Engineering"
     Title Concurrent engineering for global manufacturing
     Author ['HS Abdalla']
     Venue International Journal of Production Economics
     Year 1999
     Abstract approach to the design of mechanical components where constraints associated with design attributes of a concurrent engineering environment was  and Fox [8] developed a system that surrounds designers with experts and advisors that provide continuous feedback based on
     Url https://www.sciencedirect.com/science/article/pii/S0925527398001522


     Search term "Continuous"+"Concurrent+Engineering"
     Title A concurrent decomposition approach for mixed discrete/continuous variables
     Author ['CL Bloebaum', 'HW Chi']
     Venue NA
     Year NA
     Abstract [Not Found]
     Url [Not Found]


     Search term "Continuous"+"Concurrent+Engineering"
     Title Representing and aggregating engineering quantities with preference structure for set-based concurrent engineering
     Author ['YE Nahm', 'H Ishikawa']
     Venue Concurrent Engineering
     Year 2005
     Abstract More impor- tantly, in the concurrent engineering design envi- ronment, since multiple functions often generate different sets of solutions from  two kinds of new engineering quantities, called 'preference number' (PN) and 'preference graph' (PG), to represent continuous set and
     Url https://journals.sagepub.com/doi/abs/10.1177/1063293X05053797


     Search term "Continuous"+"Concurrent+Engineering"
     Title Green concurrent engineering: a model for DFE management programs
     Author ['M Karlsson']
     Venue NA
     Year 2001
     Abstract objectives and assign responsibility for continuous improvement for DFE activities and environmental performance of products in DFE management programs. This thesis presents a general model for DFE management programs, Green Concurrent Engineering (GCE), which
     Url https://lup.lub.lu.se/record/c7564a9a-5da5-4bbe-a777-1c15f5fc9814


     Search term "Continuous"+"Concurrent+Engineering"
     Title New product development in multi-location RD organization: A concurrent engineering approach
     Author ['TO Kowang', 'A Rasli']
     Venue African Journal of Business …
     Year 2011
     Abstract efficiency concurrent new product development engineering process in multi-located research and development organizations were driven by “application of concurrent engineering tools”, followed by “top-down concurrent engineering approach” and “continuous improvement”
     Url https://academicjournals.org/journal/AJBM/article-abstract/5D070FD23834


     Search term "Continuous"+"Concurrent+Engineering"
     Title A systems approach to service development in a concurrent engineering environment
     Author ['CC Yang']
     Venue The Service Industries Journal
     Year 2007
     Abstract Such service development requires a continuous process that begins with an innovative idea and continues until the new service is introduced to  The present paper develops a framework for a systems approach to service development in a concurrent engineering environment
     Url https://www.tandfonline.com/doi/abs/10.1080/02642060701411807


     Search term "Continuous"+"Concurrent+Engineering"
     Title Modeling of concurrent engineering processes for integrated systems development
     Author ['E Fricke', 'H Negele', 'L Schrepfer', 'A Dick']
     Venue 17th DASC. AIAA …
     Year 1998
     Abstract For the reengineering of development processes and for its continuous improvement, the development process has to be modeled and documented  Due to the special nature of concurrent engineering processes, a method for process modeling has to be able to support and
     Url https://ieeexplore.ieee.org/abstract/document/741453/


     Search term "Continuous"+"Concurrent+Engineering"
     Title Effects of quality management practices and concurrent engineering in business performance
     Author ['AM Belay', 'P Helo', 'J Takala', 'FM Kasie']
     Venue International Journal of …
     Year 2011
     Abstract The firm's performance before quality management initiatives and concurrent engineering (in the year 2001-2006) were contradicting with the basic principle of continuous improvement due to the deficit of quality practices in the production processes
     Url http://www.academia.edu/download/30814082/6945.pdf


     Search term "Continuous"+"Concurrent+Engineering"
     Title Sustainable production: the ultimate result of a continuous improvement
     Author ['AJ De Ron']
     Venue International Journal of Production Economics
     Year 1998
     Abstract It is argued that a continuous improvement of efficiency, quality and flexibility will bring a company closer to a state of sustainable internal production  As is shown, then concurrent engineering techniques are related to shop-floor
     Url https://www.sciencedirect.com/science/article/pii/S092552739800005X


     Search term "Continuous"+"Concurrent+Engineering"
     Title Concurrent engineering: shortening lead times, raising quality, and lowering costs
     Author ['JR Hartley']
     Venue NA
     Year 2017
     Abstract Once concurrent engineering is established, the goals are continuous halving of lead times, product costs, and lifecycle costs. In the future, automated design modules and a distributed relational data base will be the core tools in CE. Page 17
     Url https://books.google.com/books?hl=de&lr=&id=SGVQDwAAQBAJ&oi=fnd&pg=PP1&dq=%22Continuous%22+%22Concurrent+Engineering%22&ots=zj2sonhzSq&sig=ph98esc_jqoUd7HX7LB28SlIr5s


     Search term "Continuous"+"Concurrent+Engineering"
     Title Withdrawal of team autonomy during concurrent engineering
     Author ['D Gerwin', 'L Moffat']
     Venue Management Science
     Year 1997
     Abstract Page 2. GERWIN AND MOFFAT Wirlidrawal 0-' Team Aumnoniy During Concurrent Engineering virtue of their almost continuous communication of in- formation on the evolving product, team members are in the best position to make many technical decisions
     Url https://pubsonline.informs.org/doi/abs/10.1287/mnsc.43.9.1275


     Search term "Continuous"+"Concurrent+Engineering"
     Title Collaborative engineering: A case study of Concurrent Engineering in a wider context
     Author ['SSA Willaert', 'R De Graaf', 'S Minderhoud']
     Venue Journal of Engineering and …
     Year 1998
     Abstract presented. Previous article in issue; Next article in issue. Keywords. Concurrent Engineering. Collaborative Engineering. Product development process. Continuous improvement. Management of change. 1. Introduction. Many articles
     Url https://www.sciencedirect.com/science/article/pii/S092347489700026X


     Search term "Continuous"+"Concurrent+Engineering"
     Title Development of a tool for benchmarking for concurrent engineering
     Author ['R Schrijver', 'R de Graaf']
     Venue Concurrent Engineering
     Year 1996
     Abstract The next section deals with the definition of concurrent engineering, its relation with design methodology, and the difficulties concerning continuous improvement programs  Section 6 con- tains the conclusions. 2. Continuous Improvement of Concurrent Engineering
     Url https://journals.sagepub.com/doi/abs/10.1177/1063293X9600400206


     Search term "Continuous"+"Concurrent+Engineering"
     Title Getting started: Concurrent engineering for a medium-sized manufacturer
     Author ['SL Albin', 'PJ Crefeld III']
     Venue Journal of Manufacturing Systems
     Year 1994
     Abstract We would implement features to improve the process immedi- ately and then seek continuous improvements in organization, computer support  4.1-- Features That Succeeded Within six weeks of the initial meeting, the following features of concurrent engineering were in place
     Url https://www.sciencedirect.com/science/article/pii/0278612594900175


     Search term "Continuous"+"Concurrent+Engineering"
     Title Concurrent tolerance allocation using an artificial neural network and continuous ant colony optimisation
     Author ['R Ramesh', 'J Jerald', 'T Page']
     Venue … Journal of Design …
     Year 2009
     Abstract Concurrent tolerance allocation using an artificial neural network and continuous ant colony optimisation  cost-tolerance models, continuous ant colony optimisation (CACO) algorithm is used to obtain optimum combination of tolerances for minimum manufacturing cost
     Url https://www.inderscienceonline.com/doi/abs/10.1504/IJDE.2009.028444


     Search term "Continuous"+"Concurrent+Engineering"
     Title Performance measurement of R&D projects in a multi-project, concurrent engineering environment
     Author ['AS Pillai', 'A Joshi', 'KS Rao']
     Venue International Journal of Project Management
     Year 2002
     Abstract This is possible only through continuous monitoring of the product's cost, development of equivalent systems by competitors, their comparative  The projects in a concurrent engineering environment differ from the conventional projects mainly in terms of the growth in the
     Url https://www.sciencedirect.com/science/article/pii/S0263786300000569


     Search term "Continuous"+"Concurrent+Engineering"
     Title A decision support system for product design in concurrent engineering
     Author ['L Xu', 'Z Li', 'S Li', 'F Tang']
     Venue Decision support systems
     Year 2007
     Abstract system for helping project managers and design/development engineers in their decision-making activities within a concurrent engineering environment  the above, we have described the evaluation universe and fuzzy numbers in which the evaluation universe is not continuous
     Url https://www.sciencedirect.com/science/article/pii/S0167923604002581


     Search term "Continuous"+"Concurrent+Engineering"
     Title Concurrent Engineering: an overview for Autotestcon
     Author ['JP Pennell', 'RI Winner', 'HE Bertrand']
     Venue … Automatic Testing in …
     Year 1989
     Abstract corporate and government levels driving continuous quality and productivity improvement is a prerequisite for the success of the changes associated with these initiatives. Changes to the status quo, especially the cultural changes required for concurrent engineering, are not
     Url https://ieeexplore.ieee.org/abstract/document/81104/


     Search term "Continuous"+"Concurrent+Engineering"
     Title Foundations of concurrent engineering
     Author ['L Koskela']
     Venue Concurrent Engineering in construction projects
     Year 2007
     Abstract 2.8 References Adachi, T., Enkawa, T. and Shih, LC (1995),'A concurrent engineering methodology using analogies to just-in-time  Quality Function Deployment, Productivity Press, Cambridge, MA, 369 p. Ashton, JA (1992),'Managing design for continuous improvement in a
     Url https://books.google.com/books?hl=de&lr=&id=gSp9AgAAQBAJ&oi=fnd&pg=PA12&dq=%22Continuous%22+%22Concurrent+Engineering%22&ots=bT199_lbIj&sig=Ka7sLFSiHrFVZPK7g30g6U-wkXY


     Search term "Continuous"+"Concurrent+Engineering"
     Title Communication and uncertainty in concurrent engineering
     Author ['CH Loch', 'C Terwiesch']
     Venue Management Science
     Year 1998
     Abstract Page 3. LOCH AND TERWIESCH Communication and Uncertainty in Concurrent Engineering 1034  Let L Å [0, lmax], where lmax Å min{1, T1/T2}, be the interval of all pos- sible levels of overlapping.1 l provides a continuous measure of concurrency
     Url https://pubsonline.informs.org/doi/abs/10.1287/mnsc.44.8.1032


     Search term "Continuous"+"Concurrent+Engineering"
     Title Successful implementation of concurrent engineering products and processes
     Author ['SG Shina']
     Venue NA
     Year 1993
     Abstract Page 4. Page 5. Successful Implementation of Concurrent Engineering Products and Processes This one Illulſill 3B Page 6  Includes bibliographical references and index. ISBN 0-442-01.252- 7 1. Electronic industries—Case studies. 2. Concurrent engineering—Case studies
     Url https://books.google.com/books?hl=de&lr=&id=1DjXr7JefGAC&oi=fnd&pg=PR11&dq=%22Continuous%22+%22Concurrent+Engineering%22&ots=ozo7xOOeNB&sig=QYJZ9-OmEiFNCckQctM2WpjtWvo


     Search term "Continuous"+"Concurrent+Engineering"
     Title Concurrent engineering in small companies
     Author ['M Starbek', 'J Grum']
     Venue International Journal of Machine Tools and …
     Year 2002
     Abstract consensus in spite of disagreement,. — reconciliation when carrying out interdependent activities,. — continuous improvements in order to increase productivity and reduce process times. 3.1. Setup of workgroups and team structure in big companies. Concurrent engineering
     Url https://www.sciencedirect.com/science/article/pii/S0890695501001110


     Search term "Continuous"+"Concurrent+Engineering"
     Title Concurrent engineering
     Author ['G Sohlenius']
     Venue CIRP annals
     Year 1992
     Abstract We are rather looking at a continuous, development, where manufacturing is chang- ing to meet new market requirements by using new  1960-70 Customized Order Controlled Manufacturing 1970-80 Just in Time Production 1980 5. Level Concurrent Engineering 1989 Lean
     Url https://www.sciencedirect.com/science/article/pii/S000785060763251X


     Search term "Continuous"+"Concurrent+Engineering"
     Title Neuro-computing and concurrent engineering
     Author ['CH Dagli', 'P Poshyanonda', 'A Bahrami']
     Venue Concurrent engineering
     Year 1993
     Abstract building systems that can function automatically has attracted a lot of attention over the centuries and created continuous research activities  In this chapter, the impact of artificial neural networks as an emerging new technology is discussed in relation to concurrent engineering
     Url https://link.springer.com/chapter/10.1007/978-1-4615-3062-6_25


     Search term "Continuous"+"Concurrent+Engineering"
     Title PACT: An experiment in integrating concurrent engineering systems
     Author ['MR Cutkosky', 'RS Engelmore', 'RE Fikes']
     Venue Computer
     Year 1993
     Abstract Although concurrent engineering is almost universally advocated today, it is hard to execute when large multidis- ciplinary projects are  used various coordinate systems and several distinct representations of time (for example, discrete events, points in continuous time, intervals
     Url https://ieeexplore.ieee.org/abstract/document/179153/


     Search term "Continuous"+"Concurrent+Engineering"
     Title Control engineering data structures for concurrent engineering
     Author ['HD Joos', 'M Otter', 'G Grübel']
     Venue IFAC Proceedings Volumes
     Year 1991
     Abstract Concurrent Engineering, Engineering Data Structures, Object-oriented Data Models, Object-oriented Database, Control Engineering Datatypes  1. Parameterized continuous ordinary differential equa- tions in state space form - ds_par _ode..ss_cont - mathematically de- scribed
     Url https://www.sciencedirect.com/science/article/pii/S147466701754255X


     Search term "Continuous"+"Concurrent+Engineering"
     Title A concurrent optimization methodology for concurrent engineering
     Author ['M Hatch', 'RD Badinelli']
     Venue IEEE Transactions on Engineering …
     Year 1999
     Abstract In recent years the field of CE has enjoyed an expan- sion in research and development. The journal Concurrent Engineering provides a continuous stream of articles about all aspects of CE. Nevertheless, we find a paucity of arti- cles that present a CO method for CE
     Url https://ieeexplore.ieee.org/abstract/document/740039/


     Search term "Continuous"+"Concurrent+Engineering"
     Title Copper‐mediated controlled radical polymerization in continuous flow processes: Synergy between polymer reaction engineering and innovative chemistry
     Author ['N Chan', 'MF Cunningham']
     Venue Journal of Polymer …
     Year 2013
     Abstract many advantages over other forms of CRP, this novel chemistry still requires concurrent engineering solutions for successful commercial application. In this highlight, the evolution of atom‐transfer radical polymerization chemistry and development in continuous processes is
     Url https://onlinelibrary.wiley.com/doi/abs/10.1002/pola.26711


     Search term "Continuous"+"Concurrent+Engineering"
     Title Managing integration and coordination in cross‐functional teams: an international study of Concurrent Engineering product development
     Author ['O Hauptman', 'KK Hirji']
     Venue R&D Management
     Year 1999
     Abstract Engineering process According to the CALS/CE Technical Report (Linton et al., 1991), CE principles include common goals, complete visibility by all actors of design parameters, mutual consideration of all decisions, collaboration to resolve conflicts, teamwork, and continuous
     Url https://onlinelibrary.wiley.com/doi/abs/10.1111/1467-9310.00128


     Search term "Continuous"+"Concurrent+Engineering"
     Title A modelling approach for production costing and continuous improvement of manufacturing processes
     Author ['O Senechal', 'C Tahon']
     Venue Production Planning & Control
     Year 1997
     Abstract To perform continuous and e cient evaluation of physical and economic performances, the concept of activity is introduced, now acknowledged as  A modelling approach is then proposed to allow each member of the design team, in a concurrent engineering con- text, to perform
     Url https://www.tandfonline.com/doi/abs/10.1080/095372897234623


     Search term "Continuous"+"Concurrent+Engineering"
     Title Concurrent engineering and design for manufacture of electronics products
     Author ['SG Shina']
     Venue NA
     Year 2012
     Abstract from world-class companies, which moved companies towards a strategy of achieving worldwide competitive position in the manufacture of high-quality products through concurrent engineering (CE) and design for manufacture (DFM), continuous process improvements (CPI
     Url https://books.google.com/books?hl=de&lr=&id=8OTvBwAAQBAJ&oi=fnd&pg=PR7&dq=%22Continuous%22+%22Concurrent+Engineering%22&ots=A16fU5_ymY&sig=kPPU7qr-J3lA4a-JJT22ykSVgcs


     Search term "Continuous"+"Concurrent+Engineering"
     Title Introduction to concurrent engineering
     Author ['CS Syan']
     Venue Concurrent Engineering
     Year 1994
     Abstract and so on. Figure 1.4 illustrates the concurrent engineering approach graphically. Functions such as design and engineering are integrated in terms of continuous and complete information exchanges. As the commencement
     Url https://link.springer.com/chapter/10.1007/978-94-011-1298-7_1


     Search term "Continuous"+"Concurrent+Engineering"
     Title A concurrent engineering-oriented design database representation model
     Author ['D Xue', 'H Yang']
     Venue Computer-Aided Design
     Year 2004
     Abstract Fig. 1. Architecture of the concurrent engineering-oriented design database modeling system  Behaviors are classified into different categories in the CE-DDRM, including continuous-time behaviors, discrete-time behaviors, and state-transition behaviors
     Url https://www.sciencedirect.com/science/article/pii/S0010448503002045


     Search term "Continuous"+"Concurrent+Engineering"
     Title Concurrent engineering in the construction industry
     Author ['PED Love', 'A Gunasekaran']
     Venue Concurrent Engineering
     Year 1997
     Abstract a great improvement in performance and productivity has been achieved through the application of Concurrent Engineering (CE)  The CE approach to product development seeks continuous process improve- ment : increased organisational effectiveness and efficiency, the
     Url https://journals.sagepub.com/doi/abs/10.1177/1063293X9700500207


     Search term "Continuous"+"Concurrent+Engineering"
     Title Fast or concurrent: the art of getting construction improved
     Author ['P Huovila', 'L Koskela', 'M Lautanala']
     Venue Lean construction
     Year 1997
     Abstract To some ex- tent, this is already happening. From construction point of view important aspects of concurrent engineering are customer satisfaction, team approach, concurrent process, strategic relations with suppliers and continuous improvement
     Url https://books.google.com/books?hl=de&lr=&id=tUpZDwAAQBAJ&oi=fnd&pg=PA143&dq=%22Continuous%22+%22Concurrent+Engineering%22&ots=CIQwOut1h-&sig=eSFmi-spAkEnjanisRHP9xTkZQU


     Search term "Continuous"+"Concurrent+Engineering"
     Title Improving producability of new products through concurrent engineering
     Author ['S Elfving', 'M Jackson']
     Venue … Conference on Concurrent Engineering …
     Year 2003
     Abstract Success in manufacturing, and indeed survival, is increasingly more difficult to ensure and it requires continuous development and  Measuring and evaluation producability is thus a critical issue within product development and demands concurrent engineering and cooperation
     Url https://www.diva-portal.org/smash/record.jsf?pid=diva2:301778


     Search term "Continuous"+"Concurrent+Engineering"
     Title Concurrent engineering design tool and method
     Author ['DH Sebastian']
     Venue US Patent 5,552,995
     Year 1996
     Abstract US5552995A - Concurrent engineering design tool and method - Google Patents. Concurrent engineering design tool and method. Download PDF Info. Publication number US5552995A. US5552995A US08/158,125 US15812593A
     Url https://patents.google.com/patent/US5552995A/en


     Search term "Continuous"+"Concurrent+Engineering"
     Title Cost modeling for concurrent engineering
     Author ['RC Creese', 'LT Moore']
     Venue Cost engineering
     Year 1990
     Abstract the quality and a quest for continuous im- provement in products, services, and processes” [3]. The definitions of all three terms stress the importance of the “philosophy” element and indicate the difficulty in formulating a specific, detailed definition. Concurrent engineering is not
     Url http://search.proquest.com/openview/fcc7af8e9f6223c58935a93b32e1b133/1?pq-origsite=gscholar&cbl=49080


     Search term "Continuous"+"Concurrent+Engineering"
     Title Toyota's principles of set-based concurrent engineering
     Author ['DK Sobek II', 'AC Ward', 'JK Liker']
     Venue MIT Sloan Management Review
     Year 1999
     Abstract Page 1. Toyota's Principles of Set-Based Concurrent Engineering Durward K Sobek II; Allen C Ward; Jeffrey K Liker Sloan Management Review; Winter 1999; 40, 2; ABl/INFORM Global pg  What Is Set-Based Concurrent Engineering
     Url https://www.researchgate.net/profile/Jeffrey_Liker/publication/248139929_Toyota's_Principles_of_Set-Based_Concurrent_Engineering/links/54d0dfb60cf20323c21a0069.pdf


     Search term "Continuous"+"Concurrent+Engineering"
     Title A comparison of approaches to concurrent engineering
     Author ['S Dowlatshahi']
     Venue The International Journal of Advanced Manufacturing …
     Year 1994
     Abstract addressed organis- ational issues such as leadership, strategy, structure, systems, processes, culture, education, and training in its approach to implementing concurrent engineering. Cadillac has embarked on improvement of operations through continuous training, exchange
     Url https://link.springer.com/content/pdf/10.1007/BF01750417.pdf


     Search term "Continuous"+"Concurrent+Engineering"
     Title Concurrent engineering: concepts, implementation and practice
     Author ['CS Syan', 'U Menon']
     Venue NA
     Year 2012
     Abstract and so on. Figure 1.4 illustrates the concurrent engineering approach graphically. Functions such as design and engineering are integrated in terms of continuous and complete information exchanges. As the commencement
     Url https://books.google.com/books?hl=de&lr=&id=XmbxCAAAQBAJ&oi=fnd&pg=PR14&dq=%22Continuous%22+%22Concurrent+Engineering%22&ots=hhgeODVxyd&sig=e3G-jwuvnhp7YsQBF3Jr52NqB2Q


     Search term "Continuous"+"Concurrent+Engineering"
     Title Integrating usability with concurrent engineering in mobile phone development
     Author ['P Ketola']
     Venue NA
     Year 2002
     Abstract CE Concurrent Engineering CEP Concurrent Engineering Process CPU Central Processing Unit CS Customer Satisfaction GPRS General packet radio  Mobile phone manufacturers have continuous challenge in having sufficient human-centred design (HCD) activities as part of
     Url https://trepo.tuni.fi/bitstream/handle/10024/67204/951-44-5382-4.pdf?sequence=1

