Showing papers for search query "Concurrent+Engineering"+"Formal+methods"

     Search term "Concurrent+Engineering"+"Formal+methods"
     Title Concurrent engineering: practices and prospects
     Author ['JP Pennell', 'RI Winner']
     Venue … Technology for the 1990s and Beyond'
     Year 1989
     Abstract of activities that support concurrent engineering: The study team identified three complementary classes  of computer-based design tools, including giving the user an environme& that integrates separately developed software; and use of formal methods including application of
     Url https://ieeexplore.ieee.org/abstract/document/64049/


     Search term "Concurrent+Engineering"+"Formal+methods"
     Title Concurrent engineering-processes and techniques for the agile manufacturing enterprise
     Author ['SS Medhat', 'JL Rook']
     Venue NA
     Year 1997
     Abstract and creativity. 4. Concurrent Engineering Processes and Techniques Important processes and techniques that can be used when implementing CE are computer-based design and support t.ools and formal methods. 4.1 Use
     Url https://digital-library.theiet.org/content/conferences/10.1049/cp_19970114


     Search term "Concurrent+Engineering"+"Formal+methods"
     Title Concurrent engineering: concepts, implementation and practice
     Author ['CS Syan', 'U Menon']
     Venue NA
     Year 2012
     Abstract Page 2. CONCURRENT ENGINEERING Page 3  Concurrent engineering (CE) is widely seen to be the methodology that can help satisfy these strenuous demands and keep the profitability and viability of product developers, manufacturers and suppliers high
     Url https://books.google.com/books?hl=fr&lr=&id=XmbxCAAAQBAJ&oi=fnd&pg=PR14&dq=%22Concurrent+Engineering%22+%22Formal+methods%22&ots=hhgeOD_ut8&sig=uG9QQEbYEmANiRcH0fEJHvOWfXY


     Search term "Concurrent+Engineering"+"Formal+methods"
     Title Introduction to concurrent engineering
     Author ['CS Syan']
     Venue Concurrent Engineering
     Year 1994
     Abstract Many other cases which corroborate the benefits of adopting concurrent engineering are also reported by Turino [5], Ettlie [7] and in IEEE  There are also numerous computer support facilities for engineering and manufacturing as well as formal methods being used by many
     Url https://link.springer.com/chapter/10.1007/978-94-011-1298-7_1


     Search term "Concurrent+Engineering"+"Formal+methods"
     Title The role of concurrent engineering in weapons system acquisition
     Author ['RI Winner', 'JP Pennell', 'HE Bertrand']
     Venue NA
     Year 1988
     Abstract [Not Found]
     Url [Not Found]


     Search term "Concurrent+Engineering"+"Formal+methods"
     Title Toyota's principles of set-based concurrent engineering
     Author ['DK Sobek II', 'AC Ward', 'JK Liker']
     Venue MIT Sloan Management Review
     Year 1999
     Abstract Page 1. Toyota's Principles of Set-Based Concurrent Engineering Durward K Sobek II; Allen C Ward; Jeffrey K Liker Sloan Management Review; Winter 1999; 40, 2; ABl/INFORM Global pg  What Is Set-Based Concurrent Engineering
     Url https://www.researchgate.net/profile/Jeffrey_Liker/publication/248139929_Toyota's_Principles_of_Set-Based_Concurrent_Engineering/links/54d0dfb60cf20323c21a0069.pdf


     Search term "Concurrent+Engineering"+"Formal+methods"
     Title Change management in concurrent engineering from a parameter perspective
     Author ['K Rouibah', 'KR Caskey']
     Venue Computers in Industry
     Year 2003
     Abstract Concurrent engineering can, therefore, avoid the difficulties of sequential design and can react more quickly to external and internal events [1]  While the product can be under development, to be delivered or already delivered, more formal methods generally refer to after the
     Url https://www.sciencedirect.com/science/article/pii/S0166361502001380


     Search term "Concurrent+Engineering"+"Formal+methods"
     Title Making formal methods work
     Author ['A Hall']
     Venue … on Software Engineering and Formal Methods (SEFM' …
     Year 2005
     Abstract We need to address the problems of complex and shifting user requirements in a world of rapid application development, commercial off-the-shelf components and concurrent engineering. Formal methods must help us do this if they are to play a significant role in real projects
     Url https://ieeexplore.ieee.org/abstract/document/1575915/


     Search term "Concurrent+Engineering"+"Formal+methods"
     Title Concurrent Engineering: an overview for Autotestcon
     Author ['JP Pennell', 'RI Winner', 'HE Bertrand']
     Venue … Automatic Testing in …
     Year 1989
     Abstract Concurrent engineering is part of an integrated corporate competitiveness plan that emphasizes concegs such as those described by DemingDem'  giving the user an environ- ment that integrates separately developed software; and use of formal methods including applica
     Url https://ieeexplore.ieee.org/abstract/document/81104/


     Search term "Concurrent+Engineering"+"Formal+methods"
     Title Information integration for concurrent engineering (IICE) IDEF3 process description capture method report
     Author ['RJ Mayer', 'CP Menzel', 'MK Painter', 'PS Dewitte', 'T Blinn']
     Venue NA
     Year 1995
     Abstract More recently, with the expanded focus and use of IDEF methods as part of Concurrent Engineering, Total Quality Management (TQM), and  Formal methods, then, are specifically designed to raise the performance level (quality and productivity) of the novice practitioner to
     Url https://apps.dtic.mil/sti/citations/ADA530528


     Search term "Concurrent+Engineering"+"Formal+methods"
     Title Implementation of concurrent engineering in the suppliers to the automotive industry
     Author ['JX Gao', 'BM Manson', 'P Kyratsis']
     Venue Journal of Materials Processing …
     Year 2000
     Abstract To overcome the above problems a concurrent engineering (CE) approach has been introduced and implemented by large companies or original  also identifies four factors to represent the company's resources, ie, people, processes, tools and techniques, and formal methods
     Url https://www.sciencedirect.com/science/article/pii/S0924013600006695


     Search term "Concurrent+Engineering"+"Formal+methods"
     Title An information sharing platform for concurrent engineering
     Author ['TIA Ellis', 'A Molina', 'RIM Young', 'R Bell']
     Venue Integrated manufacturing systems …
     Year 1995
     Abstract ment of such CAE systems necessitates the use of formal methods for their representation. A CAE Reference Model has been developed to guide the development of MOSES. The nature of the reference model is discussed. Keywords Concurrent Engineering, Product Model
     Url https://link.springer.com/chapter/10.1007/978-0-387-34919-0_18


     Search term "Concurrent+Engineering"+"Formal+methods"
     Title Concurrent engineering assessment: a proposed framework
     Author ['J Poolton', 'I Barclay']
     Venue Proceedings of the Institution of …
     Year 1996
     Abstract Process Formal methods 1. Quality function deployment 2. Project management software 3. Design simulation 4. Design for manufacturing and assembly (DFMA) Q IMechE 1996 Page 5. CONCURRENT ENGINEERING ASSESSMENT: A PROPOSED FRAMEWORK 325
     Url https://journals.sagepub.com/doi/abs/10.1243/PIME_PROC_1996_210_124_02


     Search term "Concurrent+Engineering"+"Formal+methods"
     Title Organizational impact of introducing concurrent engineering
     Author ['E DOMB', 'R CULVER', 'R RAWCLIFFE']
     Venue NA
     Year NA
     Abstract [Not Found]
     Url [Not Found]


     Search term "Concurrent+Engineering"+"Formal+methods"
     Title Information integration for concurrent engineering (IICE) compendium of methods report
     Author ['RJ Mayer', 'JW Crump', 'R Fernandes', 'A Keen']
     Venue NA
     Year 1995
     Abstract [Not Found]
     Url [Not Found]


     Search term "Concurrent+Engineering"+"Formal+methods"
     Title Achieving integration through managing concurrent engineering
     Author ['KS Pawar', 'JCKH Riedel']
     Venue International Journal of production …
     Year 1994
     Abstract Achieving integration through managing concurrent engineering Kulwant S. Pawar*, Johann CKH Riedel  Concurrent engineering (CE) is one of the main 0925-5273/94/$07.00 '(3 1994 Elsevier Science BV All rtghts reserved SSDI 0925-5273(93)E00017-5 Page 2
     Url https://www.academia.edu/download/54218906/0925-5273_2894_2990162-720170823-2578-lvlnno.pdf


     Search term "Concurrent+Engineering"+"Formal+methods"
     Title Using formal methods to scope performance challenges for Smart Manufacturing Systems: Focus on agility
     Author ['K Jung', 'KC Morris', 'KW Lyons']
     Venue … Engineering
     Year 2015
     Abstract Smart Manufacturing Systems need to be agile to adapt to new situations by using detailed, precise, and appropriate data for intelligent decision-making. The intricacy of the relationship of strategic goals with operational performance across the many levels of a
     Url https://journals.sagepub.com/doi/abs/10.1177/1063293x15603217


     Search term "Concurrent+Engineering"+"Formal+methods"
     Title A practical approach to support the selection and application of tools for concurrent engineering
     Author ['KD Thoben', 'M Krömker', 'U Reetz']
     Venue ICED'97, 11th …
     Year 1997
     Abstract K.-D. Thoben, M. Krömker, U. Reetz, F. Weber, Concurrent Engineering, Decision Support, Tool Selection, Formal Methods 1 Introduction Numerous methods, techniques and tools claim to support the implementation of Concurrent Engineering in companies and organizations
     Url https://www.researchgate.net/profile/Klaus-Dieter_Thoben/publication/228738501_A_practical_approach_to_support_the_selection_and_application_of_tools_for_concurrent_engineering/links/00b49525d7bea28a99000000/A-practical-approach-to-support-the-selection-and-application-of-tools-for-concurrent-engineering.pdf


     Search term "Concurrent+Engineering"+"Formal+methods"
     Title A concurrent engineering IT environment for the building construction industry
     Author ['RJ Scherer', 'R Wasserfuhr', 'P Katranuschkov']
     Venue ESPRIT Conference" …
     Year 1997
     Abstract The activities and information flows to be supported in the targeted Concurrent Engineering Environ- ment (CEE) should cover almost the whole life cycle of a building as shown on a high-level on fig. 1. 1 Manage construction info  bility methodology, including formal methods
     Url https://www.academia.edu/download/39154257/0deec51afc6d2d0db3000000.pdf


     Search term "Concurrent+Engineering"+"Formal+methods"
     Title The PACE tool selection–selecting methods and tools for concurrent engineering
     Author ['U Reetz', 'M Kromker', 'F Weber']
     Venue … to Concurrent Engineering) …
     Year 1997
     Abstract The implementation and operation of Concurrent Engineering can be significantly supported by the application of formal methods, techniques and tools  Keywords Concurrent Engineering, Decision Support, Tool Selection, Formal Methods 1 Introduction
     Url https://www.researchgate.net/profile/Frithjof_Weber/publication/228366134_The_PACE_tool_selection-selecting_methods_and_tools_for_concurrent_engineering/links/00b49528159f7a70bb000000/The-PACE-tool-selection-selecting-methods-and-tools-for-concurrent-engineering.pdf


     Search term "Concurrent+Engineering"+"Formal+methods"
     Title Organizational growth demands concurrent engineering
     Author ['NKH Tang', 'O Jones', 'PL Forrester']
     Venue Integrated Manufacturing Systems
     Year 1997
     Abstract The Phase 4 revolution is under way. Phase 5: collaboration to concurrent engineering  This transition is especially difficult for those line managers who created the old systems as well as for those line managers who relied on formal methods for answers
     Url https://www.emerald.com/insight/content/doi/10.1108/09576069710158772/full/html?queryID=62%2F5409339


     Search term "Concurrent+Engineering"+"Formal+methods"
     Title Concurrent engineering of work and production systems
     Author ['J Stahl', 'H Luczak', 'R Langen', 'M Weck']
     Venue European Journal of …
     Year 1997
     Abstract Concurrent Engineering (CE) is defined as "a systematic approach to the integrated, concurrent design of products and their related  CAPlanning, CAMan- ufacturing, CAQuality Assurance, Production Plan- ning and Control (PPC), etc.); and 3) formal methods, which cover a
     Url https://www.sciencedirect.com/science/article/pii/S0377221796002974


     Search term "Concurrent+Engineering"+"Formal+methods"
     Title Computer based initiatives for implementing and sustaining concurrent engineering
     Author ['KS Pawar', 'B Haque', 'F Weber']
     Venue Concurrent Engineering
     Year 2002
     Abstract 3.1 Tool Selection Tool The implementation and operation of CE can be significantly supported by the application of formal methods, techniques and tools  CE life Cycle Methods, Tools, Technologies Concurrent Engineering in the Extended Enterprise Temporary Partnership
     Url https://journals.sagepub.com/doi/abs/10.1177/1063293X02010001731


     Search term "Concurrent+Engineering"+"Formal+methods"
     Title Decomposition in concurrent design
     Author ['A Kusiak', 'J Wang']
     Venue Concurrent engineering …
     Year 1993
     Abstract [Not Found]
     Url [Not Found]


     Search term "Concurrent+Engineering"+"Formal+methods"
     Title Decomposition and representation methods in mechanical design
     Author ['A Kusiak', 'N Larson']
     Venue NA
     Year 1995
     Abstract process. Concurrent engineering provides additional motivation for decomposing the design process. Kusiak and Wang (1993a, 1993b) discussed two formal methods for decomposing and organizing design activities. These
     Url https://asmedigitalcollection.asme.org/mechanicaldesign/article-abstract/117/B/17/432172


     Search term "Concurrent+Engineering"+"Formal+methods"
     Title Concurrent engineering and the underlying structure of the design problem
     Author ['JL Funk']
     Venue IEEE Transactions on Engineering Management
     Year 1997
     Abstract Although the concurrent engineering literature primarily emphasizes overlapping product-process design and integration between engineering and manufacturing  Some of these researchers [11]–[13], [37] have developed formal methods of mapping an existing or proposed
     Url https://ieeexplore.ieee.org/abstract/document/618172/


     Search term "Concurrent+Engineering"+"Formal+methods"
     Title Concurrent engineering: from concept to implementation
     Author ['KS Pawar', 'H Driva', 'KD Thoben']
     Venue A paper presented at …
     Year 1996
     Abstract Page 4. 4 Concurrent Engineering Methods and Technology Engineering Process Initiatives Computer and Other Technology Support Formal Methods etc. Pugh Concept Selection Quality Function Deployment Design of Experiment Statistical Process Control
     Url https://www.researchgate.net/profile/Kulwant_Pawar/publication/268427376_Concurrent_Engineering_From_Concept_to_Implementation/links/551fb9400cf2f9c1304dff0e/Concurrent-Engineering-From-Concept-to-Implementation.pdf


     Search term "Concurrent+Engineering"+"Formal+methods"
     Title On research methodology towards a scientific theory of engineering design
     Author ['JR Dixon']
     Venue Ai Edam
     Year 1987
     Abstract Concurrent Engineering, Vol. 12, Issue. 2, p. 105  Design researchers are viewed as a single communicating community searching for scientific theories of engineering design; that is, theories that can be tested by formal methods of hypothesis testing
     Url https://www.cambridge.org/core/journals/ai-edam/article/on-research-methodology-towards-a-scientific-theory-of-engineering-design/15BBE9373CAC4CC37E25C3529AD873BE


     Search term "Concurrent+Engineering"+"Formal+methods"
     Title Concurrent resource allocation (CRA): A heuristic for multi-project scheduling with resource constraints in concurrent engineering
     Author ['S Kara', 'B Kayis', 'H Kaebernick']
     Venue Concurrent Engineering
     Year 2001
     Abstract Product development projects have evolved from the tradi- tional sequential process into Concurrent Engineering (CE), where product development activities  Prasad [15] de- tailed the formal methods of sharing within (interteam) and between (intrateam) disciplines as well as
     Url https://journals.sagepub.com/doi/abs/10.1177/1063293X0100900107


     Search term "Concurrent+Engineering"+"Formal+methods"
     Title Design maturity assessment for concurrent engineering co-ordination
     Author ["C O'Brien", 'SJE Smith']
     Venue International journal of production economics
     Year 1995
     Abstract Keywords: Design maturity; Assessment; Concurrent engineering 1. Concurrent engineering Sequential  times. Combining teams, tools and formal methods allows the fullest use of CE, and requires collabora- tion and coordination
     Url https://www.sciencedirect.com/science/article/pii/092552739500064X


     Search term "Concurrent+Engineering"+"Formal+methods"
     Title Concept and Model for a Concurrent Engineering Consulting Software System
     Author ['K Pawar', 'S Ratchev', 'R Stach', 'F Weber']
     Venue … Concurrent Engineering …
     Year 2000
     Abstract The CEPRA project – Concurrent Engineering in Practice – which is funded by the European Commission's ESPRIT and BRITE  performed by CEPRA: assessing companies' product development practice, suggesting possible solutions, and proposing formal methods and tools
     Url http://www.academia.edu/download/40441532/Concept_and_Model_for_a_Concurrent_Engin20151127-17087-un6u1s.pdf


     Search term "Concurrent+Engineering"+"Formal+methods"
     Title Integrating usability with concurrent engineering in mobile phone development
     Author ['P Ketola']
     Venue NA
     Year 2002
     Abstract Page 1. Pekka Ketola Integrating Usability with Concurrent Engineering in Mobile Phone Development  A-2002-5 TAMPERE 2002 Page 2. Page 3. Pekka Ketola Integrating Usability with Concurrent Engineering in Mobile Phone Development ACADEMIC DISSERTATION
     Url https://trepo.tuni.fi/bitstream/handle/10024/67204/951-44-5382-4.pdf?sequence=1


     Search term "Concurrent+Engineering"+"Formal+methods"
     Title Implementing concurrent engineering in small manufacturing enterprises
     Author ['JM Usher']
     Venue Engineering Management Journal
     Year 1996
     Abstract Exhibit 1. Steps to implement concurrent engineering  Formal methods for describing and documenting the processes and their relationships include the use of methods such as structured analysis (Shina, 1991) or the use of a modeling language such as IDEF (Wilson, 1990
     Url https://www.tandfonline.com/doi/abs/10.1080/10429247.1996.11414877


     Search term "Concurrent+Engineering"+"Formal+methods"
     Title Concurrent software engineering: Prospects and pitfalls
     Author ['JD Blackburn', 'G Hoedemaker']
     Venue IEEE Transactions on …
     Year 1996
     Abstract software routinely is over budget, exceeds its time target, and is riddled with defects [2]. A persuasive case for concurrent engineering (CE) in  Software engineering sought to eliminate bad practices and to impose formal methods for rigor in specification and design of software
     Url https://ieeexplore.ieee.org/abstract/document/509983/


     Search term "Concurrent+Engineering"+"Formal+methods"
     Title Approach and concepts for a methodology and software system for the implementation and improvement of concurrent engineering in small and medium …
     Author ['F Weber', 'K Pawar', 'R Barson']
     Venue … Conference on Concurrent …
     Year 1999
     Abstract The domain ranges eg from technologies like virtual prototyping via formal methods like Quality Function Deployment (QFD) to soft  The CEPRA project – Concurrent Engineering in Practice – which is funded by the European Commission's ESPRIT and BRITE EuRam program
     Url https://www.researchgate.net/profile/Frithjof_Weber/publication/2461870_Approach_and_Concepts_for_a_Methodology_and_Software_System_for_the_Implementation_and_Improvement_of_Concurrent_Engineering_in_Small_and_Medium_Enterprises_in_the_Aeronautics_Industry/links/5721092d08aea92aff8b22d5.pdf


     Search term "Concurrent+Engineering"+"Formal+methods"
     Title Modern formal methods and applications
     Author ['HA Gabbar']
     Venue NA
     Year 2006
     Abstract Page 2. MODERN FORMAL METHODS AND APPLICATIONS Page 3. Modern Formal Methods and Applications Edited by HOSSAM A. GABBAR Okayama University, Okayama, Japan Page 4. A CIP Catalogue record for this book is available from the Library of Congress
     Url https://books.google.com/books?hl=fr&lr=&id=mc9HAAAAQBAJ&oi=fnd&pg=PR11&dq=%22Concurrent+Engineering%22+%22Formal+methods%22&ots=WC-wgH8reu&sig=HVfaeYbNLLiwhvbTT6QRCVJe_Vs


     Search term "Concurrent+Engineering"+"Formal+methods"
     Title Cross-functional teams and concurrent engineering: contributions to the development of product design through multidisciplinary integration using CAD systems
     Author ['JM Fernandes', 'CR Vaz']
     Venue Product …
     Year 2004
     Abstract The formation of cross-functional teams constitutes the first step for the implementation of the methodology of Concurrent Engineering, but so that the  Thus, the adoption of formal methods in the activities of the designers allows the universalization of the communication language
     Url https://app.periodikos.com.br/journal/pmd/article/586fc513f7636eea018b45a4


     Search term "Concurrent+Engineering"+"Formal+methods"
     Title Project planning in a concurrent engineering environment
     Author ['A Matin', 'S Evans']
     Venue 1992 Third International Conference on …
     Year 1992
     Abstract Tools in Concurrent Engineering can be classified broadly under three categories. The first being Management based, encompassing such things as team working, Project Management and the hke  CAD, while the final category can be termed Formal Methods
     Url https://ieeexplore.ieee.org/abstract/document/171895/


     Search term "Concurrent+Engineering"+"Formal+methods"
     Title Information Integration for Concurrent Engineering (IICE) IDEF4 object-oriented design method report
     Author ['RJ Mayer', 'AA Keen', 'MS Wells']
     Venue NA
     Year 1992
     Abstract [Not Found]
     Url [Not Found]


     Search term "Concurrent+Engineering"+"Formal+methods"
     Title Generalized set propagation operations for concurrent engineering
     Author ['WE Habib', 'AC Ward']
     Venue AI EDAM
     Year 1997
     Abstract SI AM. O'Grady, P., Kim, JY, & Young, RE (1992). Concurrent engineering sys- tem for rotational parts  Proc. First International Workshop on Formal Methods in En- gineering Design, Manufacturing, and Assembly. Colorado Springs, CA
     Url https://www.cambridge.org/core/journals/ai-edam/article/generalized-set-propagation-operations-for-concurrent-engineering/8A0592B4FF416BE067EA2A4C61226E5E


     Search term "Concurrent+Engineering"+"Formal+methods"
     Title The development of a generic framework for the implementation of concurrent engineering
     Author ['H Driva', 'KS Pawar']
     Venue International Journal of Computer …
     Year 1996
     Abstract to implement concurrent engineering (applicable to all organisations-regardless of their state of CE-awareness) without the need for consultants. PACE intends to focus on the practical, holistic implementation of CE in the form of computer- based initiatives, formal methods and
     Url https://www.inderscienceonline.com/doi/abs/10.1504/IJCAT.1996.062308


     Search term "Concurrent+Engineering"+"Formal+methods"
     Title Literate specification: Using design rationale to support formal methods in the development of human-machine interfaces
     Author ['CW Johnson']
     Venue Human-Computer Interaction
     Year 1996
     Abstract Literate Specification: Using Design -onale to Support Formal Methods in the Development of  1.1. Formal Specifications Formal methods have been developed to support the design of safety- critical systems (Bowen & Stavridou, 1993). They can be used to strip out Page 3
     Url https://www.tandfonline.com/doi/abs/10.1207/s15327051hci1104_1


     Search term "Concurrent+Engineering"+"Formal+methods"
     Title Towards industrially applicable formal methods: Three small steps, and one giant leap
     Author ['J McDermid', 'A Galloway', 'S Burton']
     Venue … Methods (Cat. No …
     Year 1998
     Abstract Although some departments of Rolls-Royce have inves- tigated the use of discrete formal methods (such as VDM [23]) in the past  Control software is developed within a multi-level concurrent engineering process where airframe requirements give rise to propulsion system level
     Url https://ieeexplore.ieee.org/abstract/document/730572/


     Search term "Concurrent+Engineering"+"Formal+methods"
     Title 3-Dimensional concurrent engineering: an illustration of its information entailments
     Author ['AS Thomas', 'A McKay']
     Venue International Journal of …
     Year 2006
     Abstract issues, such as those related to supply chains, are hardly newcomers to manufacturing and design processes, but in the traditional way of considering concurrent engineering, many companies have  (1997) highlight problems associated with a lack of formal methods and argue
     Url https://www.inderscienceonline.com/doi/abs/10.1504/IJPD.2006.014861


     Search term "Concurrent+Engineering"+"Formal+methods"
     Title Composite materials: Concurrent engineering approach
     Author ['SM Sapuan']
     Venue NA
     Year 2017
     Abstract Page 1. Composite Materials Concurrent Engineering Approach SM Sapuan Page 2. Composite Materials Page 3. Page 4. Composite Materials Concurrent Engineering Approach SM Sapuan Page 5. Butterworth-Heinemann
     Url https://books.google.com/books?hl=fr&lr=&id=S8z8DAAAQBAJ&oi=fnd&pg=PP1&dq=%22Concurrent+Engineering%22+%22Formal+methods%22&ots=LhRstS1def&sig=NeroDIdJjvD1Yq2I8Utt7tGLHU8


     Search term "Concurrent+Engineering"+"Formal+methods"
     Title Examination of Various Methods Used in Support of Concurrent Engineering
     Author ['JP Pennell', 'WE Akin']
     Venue NA
     Year 1990
     Abstract (I:AN EXAMINATION OF VARIOUS METHODS USED I IN SUPPORT OF CONCURRENT ENGINEERING James P. Penneil Wiliam, E. Akin  AN EXAMINATION OF VARIOUS METHODS USED IN SUPPORT OF CONCURRENT ENGINEERING James P. Pennell William E. Akin
     Url https://apps.dtic.mil/sti/citations/ADA222713


     Search term "Concurrent+Engineering"+"Formal+methods"
     Title Constraint network modeling for concurrent engineering
     Author ['RE Young', 'JZ Gu']
     Venue IFAC Proceedings Volumes
     Year 1991
     Abstract 2.3 Formal Methods There is a diversity of formal methods that can he used to promote concurrent engineering  2.3 Formal Methods There is a diversity of formal methods that can he used to promote concurrent engineering
     Url https://www.sciencedirect.com/science/article/pii/S1474667017693339


     Search term "Concurrent+Engineering"+"Formal+methods"
     Title Open systems software standards in concurrent engineering
     Author ['DR Kuhn', 'WJ Majurski', 'W McCoy', 'F Schulz']
     Venue Control and Dynamic Systems
     Year 1994
     Abstract Page 1. Open Systems Software Standards in Concurrent Engineering  1 Introduction The movement toward concurrent engineering comes at a time when the computer industry is undergoing a fundamental change in the way com- puters and software are developed and used
     Url https://www.sciencedirect.com/science/article/pii/B9780120127627500083


     Search term "Concurrent+Engineering"+"Formal+methods"
     Title Concurrent Engineering: A New Paradigm
     Author ['TE Neel']
     Venue NA
     Year 1991
     Abstract process, concurrent engineering achieves long term benefits by greatly reducing schedules, unit and life-cycle costs, and by significantly increasing system quality. By simplifying the business and engineering process and by judicious application of formal methods and
     Url https://apps.dtic.mil/sti/citations/ADA237994


     Search term "Concurrent+Engineering"+"Formal+methods"
     Title Applying CE-methods in small and medium sized enterprises
     Author ['R Stach', 'B Bredehorst', 'F Weber', 'O Peters']
     Venue Proceedings of the …
     Year 2001
     Abstract The application of formal methods is a crucial point for Concurrent Engineering (CE). However, it is often experienced that small and medium enterprises (SMEs) are reluctant towards the uptake of methods. The paper
     Url https://www.researchgate.net/profile/Frithjof_Weber/publication/2874300_Applying_CE-Methods_in_Small_and_Medium_Sized_Enterprises/links/00b49528159f832ef7000000.pdf

