Showing papers for search query "Continuous"+"PLC"+OR+"FPGA"+"Regulated+Environment"

     Search term "Continuous"+"PLC"+OR+"FPGA"+"Regulated+Environment"
     Title Lean/agile software development methodologies in regulated environments–state of the art
     Author ['O Cawley', 'X Wang', 'I Richardson']
     Venue International Conference on Lean …
     Year 2010
     Abstract we aim to shift the focus of safety- critical software development to more continuous and incremental  Rasmussen, R., Hughes, T., Jenks, JR, Skach, J.: Adopting Agile in an FDA Regulated Environment  J., Cha, S., Kim, CH, Song, DY: Synthesis of FBD-based PLC design from
     Url https://link.springer.com/chapter/10.1007/978-3-642-16416-3_4


     Search term "Continuous"+"PLC"+OR+"FPGA"+"Regulated+Environment"
     Title The pricing of audit and non-audit services in a regulated environment: a longitudinal study of the UK life insurance industry
     Author ['P Klumpes', 'I Komarev', 'K Eleftheriou']
     Venue Accounting and Business …
     Year 2016
     Abstract First, sample firms must have been in continuous existence for five years prior to the study  The pricing of audit and non-audit services in a regulated environment: a longitudinal study of  and Health transferred operations to its Swiss office in 2008, and Resolution Plc underwent a
     Url https://www.tandfonline.com/doi/abs/10.1080/00014788.2015.1056719


     Search term "Continuous"+"PLC"+OR+"FPGA"+"Regulated+Environment"
     Title Biopharmaceutical statistics in a pharmaceutical regulated environment: past, present, and future
     Author ['AC Segreti', 'HM Leung', 'GG Koch', 'RL Davis']
     Venue Journal of …
     Year 2001
     Abstract BIOPHARMACEUTICAL STATISTICS IN A PHARMACEUTICAL REGULATED ENVIRONMENT: PAST, PRESENT, AND FUTURE  The most sophisticated method of analysis was the analysis of covariance but the t-test was the norm in analyzing continuous variables
     Url https://www.tandfonline.com/doi/abs/10.1081/BIP-120008853


     Search term "Continuous"+"PLC"+OR+"FPGA"+"Regulated+Environment"
     Title Performance, risk and strategy in privatised, regulated industries
     Author ['D Parker']
     Venue International Journal of Public Sector Management
     Year 2003
     Abstract regulated companies will be able to capitalise on their growing knowledge of how to manage in a regulated environment and seek  has shown that discontinuous or punctuated change programmes can be equally as effective (or ineffective) as more continuous change methods
     Url https://www.emerald.com/insight/content/doi/10.1108/09513550310456436/full/html


     Search term "Continuous"+"PLC"+OR+"FPGA"+"Regulated+Environment"
     Title US lobbyists in the EU: significance of home country regulation for lobbying behaviour in a less regulated environment
     Author ['L Vilimovská']
     Venue NA
     Year 2020
     Abstract 4 References VILIMOVSKÁ, Lucia. US lobbyists in the EU: significance of home country regulation for lobbying behaviour in a less regulated environment. Praha, 2020. 75 pages  behaviour in a less regulated environment" tackles the topic of lobbying in terms of comparing
     Url https://dspace.cuni.cz/handle/20.500.11956/116488


     Search term "Continuous"+"PLC"+OR+"FPGA"+"Regulated+Environment"
     Title The pricing of audit and non-audit services in a regulated environment: a longitudinal study of the UK life insurance industry
     Author ['P Kulmpes', 'I Komarev', 'K Eleftheriou']
     Venue NA
     Year 2016
     Abstract The Pricing of Audit and Non-Audit Services in a Regulated Environment: A Longitudinal Study of the UK  For example, the 2012 Annual Report by Aviva plc, the UK's largest listed insurance firm  First, sample firms must have been in continuous existence for five years prior to the
     Url https://dspace.adu.ac.ae/handle/1/996


     Search term "Continuous"+"PLC"+OR+"FPGA"+"Regulated+Environment"
     Title System and method for monitoring and controlling energy usage
     Author ['EJ Bartone', 'EL Mendenhall Jr', 'JH McClutchy Jr']
     Venue US Patent …
     Year 2006
     Abstract end-use energy management purposes. For individual end users, the price of energy (generation component) in a regulated environment remained relatively consistent over the course of a day or month. This was due to the
     Url https://patents.google.com/patent/US7135956B2/en


     Search term "Continuous"+"PLC"+OR+"FPGA"+"Regulated+Environment"
     Title Contracting strategies for the project environment
     Author ['I Thompson', 'A Cox', 'L Anderson']
     Venue European Journal of Purchasing & …
     Year 1998
     Abstract Construction is a project-related industry and is not based on continuous or repetitive processes; it  the CSPM has been working closely with in the course of this research is Railtrack plc  It operates in a regulated environment with a turnover of £2300 million (1995/96), of which
     Url https://www.sciencedirect.com/science/article/pii/S0969701298000057


     Search term "Continuous"+"PLC"+OR+"FPGA"+"Regulated+Environment"
     Title Perceived environmental uncertainty: understanding the implications for strategy development processes across Barclays Plc
     Author ['J Ryder']
     Venue NA
     Year 2005
     Abstract The Implications For Strategy Development Processes Across Barclays Bank PLC” Thesis Final Version  Copies to: Office Copy Executive Doctorate, Cranfield School Of Management Programme Library Group Strategy & Planning, Barclays Bank PLC
     Url https://dspace.lib.cranfield.ac.uk/handle/1826/7723


     Search term "Continuous"+"PLC"+OR+"FPGA"+"Regulated+Environment"
     Title Capital structure and investment in regulated network utilities: evidence from EU telecoms
     Author ['C Cambini', 'L Rondi']
     Venue Industrial and Corporate Change
     Year 2012
     Abstract We first present a simple theoretical framework that combines Spiegel (1994)'s model of capital structure choice in a regulated environment with Laffont and Tirole (1994)'s model of social optimal choice of wholesale rates in a vertically related industry
     Url https://academic.oup.com/icc/article-abstract/21/1/31/750949


     Search term "Continuous"+"PLC"+OR+"FPGA"+"Regulated+Environment"
     Title Drying of pharmaceuticals in theory and practice
     Author ['IC Kemp']
     Venue Drying Technology
     Year 2017
     Abstract Ian C. Kemp GlaxoSmithKline plc, R&D, Harlow, Essex, UKCorrespondenceian.c.kemp  and operation to ensure final product quality, meeting specification reliably, in a highly regulated environment  has been an increasing trend to consider small-scale continuous processes for
     Url https://www.tandfonline.com/doi/abs/10.1080/07373937.2016.1222539


     Search term "Continuous"+"PLC"+OR+"FPGA"+"Regulated+Environment"
     Title System and method for monitoring and controlling energy usage
     Author ['EJ Bartone', 'EL Mendenhall Jr', 'JH McClutchy Jr']
     Venue US Patent …
     Year 2003
     Abstract end-use energy management purposes. For individual end users, the price of energy (generation component) in a regulated environment remained relatively consistent over the course of a day or month. This was due to the
     Url https://patents.google.com/patent/US6633823B2/en


     Search term "Continuous"+"PLC"+OR+"FPGA"+"Regulated+Environment"
     Title AstraZeneca PLC (incorporated with limited liability in England) US $10,000,000,000
     Author ['BBM LYNCH', 'CD BANK', 'JPM CAZENOVE']
     Venue NA
     Year NA
     Abstract Page 1. - i- BASE PROSPECTUS AstraZeneca PLC (incorporated with limited liability in England)  AstraZeneca PLC (the "Issuer") has established a Euro Medium Term Note Programme (the "Programme") described in this Base Prospectus
     Url https://www.rns-pdf.londonstockexchange.com/rns/0175C_1-2019-6-12.pdf


     Search term "Continuous"+"PLC"+OR+"FPGA"+"Regulated+Environment"
     Title BABCOCK INTERNATIONAL GROUP PLC
     Author ['BBNP PARIBAS', 'HJP MORGAN', 'LB MUFG', 'S NIKKO']
     Venue NA
     Year NA
     Abstract Paying Agents and Transfer Agents: HSBC Bank plc  Reductions in the MoD's budget or changes in its defence policy or spending priorities (such as changes to policy on continuous at sea nuclear deterrence or successors to existing nuclear deterrence capabilities or
     Url http://www.rns-pdf.londonstockexchange.com/rns/1284A_1-2018-9-7.pdf


     Search term "Continuous"+"PLC"+OR+"FPGA"+"Regulated+Environment"
     Title Clean Room Differential Pressure Monitoring Improvements
     Author ['LJ Vázquez Amaro']
     Venue Manufacturing Engineering;
     Year 2019
     Abstract dosage (OSD) forms, such tablets and capsules, is performed in a highly regulated environment  will be installed between the sensor and the existing Programmable Logic Controller (PLC). With this connection in place, continuous monitoring will be possible directly from the
     Url http://prcrepository.org:8080/xmlui/bitstream/handle/20.500.12475/305/SP-19_Articulo%20Final_Luis%20Vazquez.pdf?sequence=1


     Search term "Continuous"+"PLC"+OR+"FPGA"+"Regulated+Environment"
     Title The 'duty to finance', the cost of capital and the capital structure of regulated utilities: Lessons from the UK
     Author ['J Tapia']
     Venue Utilities Policy
     Year 2012
     Abstract Underlying the method there is an implicit assumption that certain capital structures are more efficient than others in a given regulated environment. However, firms are still adopting their own decisions on the capital structures at their own convenience. 22
     Url https://www.sciencedirect.com/science/article/pii/S0957178712000197


     Search term "Continuous"+"PLC"+OR+"FPGA"+"Regulated+Environment"
     Title Public enterprise reforms and efficiency in regulated environments: the case of the postal sector
     Author ['JC Morales Piñero', 'J Vergés i Jaime']
     Venue NA
     Year 2007
     Abstract contribution to the issue of the efficiency levels and organizational status in a regulated environment like that of the postal sector  The continuous process of liberalization implemented in the postal sector of the European  until March 2001, when it was replaced by Consignia Plc
     Url https://www.recercat.cat/handle/2072/4080


     Search term "Continuous"+"PLC"+OR+"FPGA"+"Regulated+Environment"
     Title The Application of 3D Visual Simulation Technology to Highway and Tunnel Emergency Training and Management
     Author ['AU Forum']
     Venue NA
     Year NA
     Abstract Indeed, in this highly regulated environment, operations staff are under increasing pressure  arise, and address mitigation measures as part of a program for continuous monitoring and  c) Equipment simulator: this optional module works as an embedded PLC to simulate the
     Url https://pdfs.semanticscholar.org/0d29/9cecfd41fc605a436f78e65ea984b251ac91.pdf


     Search term "Continuous"+"PLC"+OR+"FPGA"+"Regulated+Environment"
     Title Power system restructuring and deregulation: trading, performance and information technology
     Author ['LL Lai']
     Venue NA
     Year 2001
     Abstract 3 Continuous Increase of Electricity Consumption  David G. Jefferies CBE, FREng, HonFIEE IEE President 1997/8 Former Chairman, The National Grid Group plc, UK  In the transitional market, there is a process of transition from a highly regulated environment to a deregulated
     Url https://books.google.com/books?hl=en&lr=&id=FwtNfInjUzkC&oi=fnd&pg=PR15&dq=%22Continuous%22+%22PLC%22+OR+%22FPGA%22+%22Regulated+Environment%22&ots=aqDjbnh12W&sig=bfq35fMigL2hIi1eyoDFdox5Amo


     Search term "Continuous"+"PLC"+OR+"FPGA"+"Regulated+Environment"
     Title Good Practices for Computerised Systems in Regulated “Gxp” Environments
     Author ['PIC Scheme']
     Venue Pharmaceutical Inspection Convention, PI
     Year 2007
     Abstract 9.1 When utilising a computerised system within a regulated environment it is appropriate to establish system control documentation or a system description, [eg as required by GMP Annex 11(4)], 14 giving a written detailed description of
     Url http://tabrizpharma.com/wp-content/uploads/2019/09/pi-011-3-recommendation-on-computerised-systems.pdf


     Search term "Continuous"+"PLC"+OR+"FPGA"+"Regulated+Environment"
     Title Multicolumn Continuous Chromatography: Understanding this Enabling Technology
     Author ['K Mihlbachler']
     Venue Continuous Biomanufacturing: Innovative …
     Year 2017
     Abstract 330 12 Multicolumn Continuous Chromatography: Understanding this Enabling Technology 12.4 Batch Chromatography Batch chromatography is the traditional mode of chromatography where the feed mixture is injected or  The operation of the system is controlled by a PLC
     Url https://books.google.com/books?hl=en&lr=&id=Xrg1DwAAQBAJ&oi=fnd&pg=PA323&dq=%22Continuous%22+%22PLC%22+OR+%22FPGA%22+%22Regulated+Environment%22&ots=uqr_lSzPxX&sig=m7PE5ZqAVdjd-KPMDE4KEeAbKpQ


     Search term "Continuous"+"PLC"+OR+"FPGA"+"Regulated+Environment"
     Title Corporate social responsibility in Nigerian banking system
     Author ['JK Achua']
     Venue Society and Business Review
     Year 2008
     Abstract For example, First Bank of Nigeria Plc connived with Investment International (London) Limited in a deal  The banking sector, therefore, operates in a highly regulated environment as a way of enforcing  continuous review of the social system, in line with changing social demands
     Url https://www.emerald.com/insight/content/doi/10.1108/17465680810852748/full/html


     Search term "Continuous"+"PLC"+OR+"FPGA"+"Regulated+Environment"
     Title Blockchain YES, blockchain NO: An outsider (non-IT expert) view
     Author ['A Tranquillini']
     Venue Journal of Securities Operations & Custody
     Year 2016
     Abstract primarily the stringent requirements introduced in the post-Lehman regulated environment to the financial markets, play  Considering these, and the continuous effort still being made, can we say that (at  own and not those of globleSettle SA or London Stock Exchange Group plc
     Url https://www.ingentaconnect.com/content/hsp/jsoc/2016/00000008/00000004/art00002


     Search term "Continuous"+"PLC"+OR+"FPGA"+"Regulated+Environment"
     Title THE INFLUENCE OF THE REGULATORY ENVIRONMENT ON THE DEFINITION OF PERFORMANCE: THE EXAMPLE OF THE SPORT BETTING AND LOTTERY …
     Author ['LR Meyer']
     Venue NA
     Year 2013
     Abstract In addition, the public-private difference in defining performance—as conceptualised in the literature— seems to be abated in a regulated environment  175 5.5.3 THE PERFORMANCE DEFINITION OF BELGIUM LADBROKES PLC
     Url https://serval.unil.ch/notice/serval:BIB_C2806F9CEF89


     Search term "Continuous"+"PLC"+OR+"FPGA"+"Regulated+Environment"
     Title Sixth international Conference on competition and ownership in land passenger transport
     Author ['P Truelove']
     Venue NA
     Year NA
     Abstract evidence that can shed light on the general issue of integration in a de-regulated environment  1995 50,000 Source : Nexus (Tyne and Wear PTE) Continuous monitoring System, 1995/96  of the commercial risks of the project fall on the City Greenwich Lewisham Rail link plc
     Url http://citeseerx.ist.psu.edu/viewdoc/download?doi=10.1.1.119.646&rep=rep1&type=pdf


     Search term "Continuous"+"PLC"+OR+"FPGA"+"Regulated+Environment"
     Title Integration Between Bus and Light Rapid Transit on Midland Metro Line 1
     Author ['P Truelove']
     Venue NA
     Year 1999
     Abstract de-regulated environment. The focus of the paper is upon how the users' wishes for a  1995 50,000 Source : Nexus (Tyne and Wear PTE) Continuous monitoring System, 1995/96  of the commercial risks of the project fall on the City Greenwich Lewisham Rail link plc
     Url https://ses.library.usyd.edu.au/handle/2123/6604


     Search term "Continuous"+"PLC"+OR+"FPGA"+"Regulated+Environment"
     Title Definition and deployment of quality tools for quality and uptime improvement in a manufacturing environment
     Author ['KG Arzola']
     Venue NA
     Year 2006
     Abstract the manufacturing shop-floor. 2. Design of a Production-Quality-Engineering process change model to facilitate continuous improvement within the FDA regulated environment. The incentive for addressing this issue is the fact that historically these functions or departments
     Url http://citeseerx.ist.psu.edu/viewdoc/download?doi=10.1.1.131.1944&rep=rep1&type=pdf


     Search term "Continuous"+"PLC"+OR+"FPGA"+"Regulated+Environment"
     Title Assessment of the transmission system capacity to connect new generation
     Author ['M Scutariu']
     Venue 2009 IEEE Bucharest PowerTech
     Year 2009
     Abstract export its full potential output [2]. Due to the significant and continuous increase in  The transmission systems are operated in a business regulated environment and their operators are constantly  General outline The method is applied to the National Grid Plc transmission system
     Url https://ieeexplore.ieee.org/abstract/document/5282193/


     Search term "Continuous"+"PLC"+OR+"FPGA"+"Regulated+Environment"
     Title The control of male fertility by spermatozoan ion channels
     Author ['PV Lishko', 'Y Kirichok', 'D Ren', 'B Navarro']
     Venue Annual review of …
     Year 2012
     Abstract environment. In contrast, spermatozoa of terrestrial animals are delivered directly into the confined, strictly regulated environment of the female reproductive tract, where they must undergo final maturation before fertilization can occur
     Url https://www.annualreviews.org/doi/abs/10.1146/annurev-physiol-020911-153258


     Search term "Continuous"+"PLC"+OR+"FPGA"+"Regulated+Environment"
     Title Capital Structure and Investment in Regulated Network Utilities: Evidence from EU Telecoms
     Author ['L Rondi', 'C Cambini']
     Venue NA
     Year NA
     Abstract We first present a simple theoretical framework that combines Spiegel (1994)'s model of capital structure choice in a regulated environment with Laffont and Tirole (1994)'s model of social optimal choice of wholesale rates in a vertically related industry
     Url http://www.academia.edu/download/50762315/Capital_Structure_and_Investment_in_Regu20161207-17876-1b139u0.pdf


     Search term "Continuous"+"PLC"+OR+"FPGA"+"Regulated+Environment"
     Title Cities, regions and privatised utilities
     Author ['S Marvin', 'S Graham', 'S Guy']
     Venue Progress in Planning
     Year 1999
     Abstract Utility networks are physically embedded in places and they also operate within a regulated environment which imposes obligations on them. Within this framework they need to demonstrate commercial success which
     Url https://www.sciencedirect.com/science/article/pii/S0305900698000282


     Search term "Continuous"+"PLC"+OR+"FPGA"+"Regulated+Environment"
     Title Network industries and social welfare: The experiment that reshuffled European utilities
     Author ['M Florio']
     Venue NA
     Year 2013
     Abstract Page 1. NETWORK INDUSTRIES AND SOCIAL WELFARE The Experiment that Reshuffled European Utilities MASSMCFL OR |O Page 2. Network Industries and Social Welfare Page 3. This page intentionally left blank Page 4
     Url https://books.google.com/books?hl=en&lr=&id=dcVoAgAAQBAJ&oi=fnd&pg=PP1&dq=%22Continuous%22+%22PLC%22+OR+%22FPGA%22+%22Regulated+Environment%22&ots=jm3k0Y9eEr&sig=SNGxMHq24zkgFsrwi8JFBSEd1S4


     Search term "Continuous"+"PLC"+OR+"FPGA"+"Regulated+Environment"
     Title A management approach to software validation requirements
     Author ['N Hrgarek']
     Venue Central European Conference on Information and …
     Year 2008
     Abstract All computer systems running in an FDA regulated environment require Part 11  laboratory information management systems (LIMS), - programmable logic controllers (PLC) in manufacturing  and their output are corporate assets, - promotes continuous process improvement
     Url https://bib.irb.hr/datoteka/496167.63-378-1-PB.pdf


     Search term "Continuous"+"PLC"+OR+"FPGA"+"Regulated+Environment"
     Title Merchant power plants: Competing for financing in a deregulated industry
     Author ['L Stern']
     Venue Journal of Structured Finance
     Year 1998
     Abstract PX is intended to be a transparent commodities market that will manage supply and demand through a continuous auction  of performing central dispatch of generating resources and trading excess capacity and energy among its member utilities in a regulated environment
     Url http://search.proquest.com/openview/504990c3ea31a84007eb888e2e94af22/1?pq-origsite=gscholar&cbl=38930


     Search term "Continuous"+"PLC"+OR+"FPGA"+"Regulated+Environment"
     Title Strategic planning practices at the Barclays Bank of Kenya
     Author ['JPM Murega']
     Venue NA
     Year 2010
     Abstract continuous encouragement and support throughout the entire period and hard work we  operate in a more turbulent and regulated environment, hence an organization must  Barclays Bank of Kenya Limited, a subsidiary of Barclays PLC. is one of the top banks in Kenya
     Url http://erepository.uonbi.ac.ke/handle/11295/5723


     Search term "Continuous"+"PLC"+OR+"FPGA"+"Regulated+Environment"
     Title Regulating shareholder value: a case study of the introduction of value–based measures in a water company
     Author ['G Francis', 'C Minchington']
     Venue British Journal of Management
     Year 2002
     Abstract This is not confined to the water industry, take for example BAA plc's expansion beyond its core business  This is because operating costs are the major value driver that the water-company divisional managers can control in a regulated environment
     Url https://onlinelibrary.wiley.com/doi/abs/10.1111/1467-8551.00240


     Search term "Continuous"+"PLC"+OR+"FPGA"+"Regulated+Environment"
     Title Access Regulation, Financial Structure and Investment in Vertically Integrated Utilities: Evidence from EU Telecoms
     Author ['C Cambini', 'L Rondi']
     Venue NA
     Year 2009
     Abstract regulated environment with the Laffont and Tirole (1994)' model that studies the optimal social choice of wholesale rate in a vertically related industry  regulated environment with the Laffont and Tirole (1994)' model that studies the optimal social
     Url https://cadmus.eui.eu/handle/1814/13010


     Search term "Continuous"+"PLC"+OR+"FPGA"+"Regulated+Environment"
     Title Governance aspects of mutual funds in Ireland
     Author ['B Clarke', 'M White']
     Venue Research handbook on the regulation of …
     Year 2018
     Abstract It is also a means by which institutional investors can gain access to a diversified portfolio of assets within a well-regulated environment, and this has  Importantly, under US tax law, Irish investment companies, by virtue of their legal structure as a plc, are treated as “per se
     Url https://www.elgaronline.com/abstract/edcoll/9781784715045/9781784715045.00024.xml


     Search term "Continuous"+"PLC"+OR+"FPGA"+"Regulated+Environment"
     Title NorTRACKTM product tracking system—development and implementation
     Author ['W Gibson', 'P Veselovsky']
     Venue Radiation Physics and Chemistry
     Year 1999
     Abstract staging facility, capable of irradiating products in both Batch and Continuous modes  Google Scholar. Mathur, 1995 Meg MathurThe on-going PLC vs PC debate  Minaee, 1996 Morteza MinaeeIntranets: using web technologies in a regulated environment. MD&DI, November
     Url https://www.sciencedirect.com/science/article/pii/S0969806X98002758


     Search term "Continuous"+"PLC"+OR+"FPGA"+"Regulated+Environment"
     Title Evaluating the implied cost of equity of power utilities in the UK and Brazil
     Author ['D Kodwani', 'M Keynes', 'JRF Savoia', 'AL Gualberto']
     Venue NA
     Year NA
     Abstract 3. The cost of equity within the regulated environment Determining the ex post cost of capital is one of the most debated subjects in the  PLC), and NG LN (National Grid PLC)  Disclosure Interactions and the cost of Equity Capital: Evidence from the Spanish Continuous Market
     Url https://www.researchgate.net/profile/Devendra_Kodwani/publication/297738723_Evaluating_the_implied_cost_of_equity_of_power_utilities_in_the_UK_and_Brazil/links/56e2990b08ae3328e0787288/Evaluating-the-implied-cost-of-equity-of-power-utilities-in-the-UK-and-Brazil.pdf


     Search term "Continuous"+"PLC"+OR+"FPGA"+"Regulated+Environment"
     Title Control Strategies Based On Realtime Particle Size Analysis
     Author ['J DeNigris', 'A Ferrari']
     Venue Chemical Engineering
     Year 2012
     Abstract loop to multivariate statistical control or the rigors of operation within a highly regulated environment  analyzer TCP/IP network ' g ' 2 _____ f ) Control PC Wireless PLC Historian database  Both approaches provide continuous realtime data so for the purposes of this article the
     Url http://search.proquest.com/openview/1c74e185fe3dfb0af45b63a17e967722/1.pdf?pq-origsite=gscholar&cbl=41910


     Search term "Continuous"+"PLC"+OR+"FPGA"+"Regulated+Environment"
     Title Effect of SQW on the bladder function of mice lacking TRPV1
     Author ['H Lai', 'QT Yan', 'H Cao', 'P Chen', 'Y Xu', 'W Jiang']
     Venue … and alternative medicine
     Year 2016
     Abstract is according to our previous studies [8]. The animals were kept in a regulated environment, with free  mM, NaHCO 3 25 mM, and dextrose 11 mM) at 37 °C with the continuous bubbling of  non-fat milk and subsequently incubated with rabbit anti-TRPV1 (1:1000; Abcam plc, UK) or
     Url https://link.springer.com/article/10.1186/s12906-016-1420-6


     Search term "Continuous"+"PLC"+OR+"FPGA"+"Regulated+Environment"
     Title Second-generation arthroscopic autologous chondrocyte implantation for the treatment of degenerative cartilage lesions
     Author ['G Filardo', 'E Kon', 'A Di Martino', 'S Patella']
     Venue Knee Surgery, Sports …
     Year 2012
     Abstract 9 meniscectomies and 4 collagen meniscal implants, 7 ACL and 2 PLC reconstructions, 4  survival analysis was used to assess the influence of the continuous variables on the  Once this complex highly-regulated environment is disturbed, many intra-articular changes, such as
     Url https://link.springer.com/content/pdf/10.1007/s00167-011-1732-5.pdf


     Search term "Continuous"+"PLC"+OR+"FPGA"+"Regulated+Environment"
     Title How are housing associations going to navigate their way using performance measurement through the unstable environment following the financial crisis of 2008?
     Author ['G Manville']
     Venue NA
     Year 2014
     Abstract 44 2.6.3 Means of Achieving Continuous Improvement ..... 45  third sector; while at the same time a more commercial culture is emerging in the drive for a continuous improvement of outcomes for less money, the cessation of selected grant
     Url https://eprints.soton.ac.uk/361842/


     Search term "Continuous"+"PLC"+OR+"FPGA"+"Regulated+Environment"
     Title Integrated and Networked Systems and Processes—A Perspective for Digital Transformation in Thermal Process Engineering
     Author ['M Maiwald']
     Venue ChemEngineering
     Year 2020
     Abstract This is difficult to map in a regulated environment (eg, Good Manufacturing Practice, GMP  the currently revised IEC 62890 (Life-Cycle Management) describe both this continuous engineering and  A virtualization layer is placed between the physical hardware (PC, PLC, etc.) and
     Url https://www.mdpi.com/2305-7084/4/1/15


     Search term "Continuous"+"PLC"+OR+"FPGA"+"Regulated+Environment"
     Title Ownership and firm performance: empirical evidence from the European telecommunications industry (2006–14)
     Author ['P Castelnovo']
     Venue The Reform of Network Industries
     Year 2017
     Abstract there can be found giants like Vodafone Plc (UK), Telefónica (Spain) and British Telecom (UK) but also small companies like Go Plc (Malta), UAB Bite  4 Publicit is either a dummy variable, taking value 1 if the company is a SIE and 0 otherwise, or a continuous variable indicating
     Url https://www.elgaronline.com/downloadpdf/edcoll/9781786439024/9781786439024.00013.pdf


     Search term "Continuous"+"PLC"+OR+"FPGA"+"Regulated+Environment"
     Title Aviation markets: studies in competition and regulatory reform
     Author ['D Starkie']
     Venue NA
     Year 2008
     Abstract The authors noted in their final paragraph the important distinction between one and more than one firm per market. We think it more appropriate to have modelled this dichotomous effect rather than apply a continuous measure of concentration
     Url https://books.google.com/books?hl=en&lr=&id=QYTITMbpvwgC&oi=fnd&pg=PR9&dq=%22Continuous%22+%22PLC%22+OR+%22FPGA%22+%22Regulated+Environment%22&ots=-9vjjSfEqY&sig=pvfmiHrrckO0ah0ndd5MLUhnx-8


     Search term "Continuous"+"PLC"+OR+"FPGA"+"Regulated+Environment"
     Title Developing ways to evaluate in the laboratory how inhalation devices will be used by patients and care-givers: The need for clinically appropriate testing
     Author ['JP Mitchell', 'JA Suggett']
     Venue Aaps Pharmscitech
     Year 2014
     Abstract of accuracy and precision required for the assurance of product quality in a regulated environment  aerosol transfer from the DPI to the measurement apparatus is a continuous process without  Electronic lung™ DPI testing apparatus developed at GSK plc, UK (84,85); the DPI is
     Url https://link.springer.com/article/10.1208/s12249-014-0145-4


     Search term "Continuous"+"PLC"+OR+"FPGA"+"Regulated+Environment"
     Title Innovation and Knowledge Management in the Energy Sector
     Author ['MZZ Bertalan', 'ZSZ Csedő']
     Venue Innovation
     Year 2017
     Abstract Business Administration, Institute of Management 2.Smart Future Lab Plc 3.Innotica  tension and implementation difficulty between the goal of continuous, secure, efficient  Strictly regulated environment Rigid institutional context Changing external environment and market needs
     Url https://www.researchgate.net/profile/Zoltan_Csedo/publication/321158864_Innovation_and_Knowledge_Management_in_the_Energy_Sector/links/5a1405dba6fdcc63d152a0b6/Innovation-and-Knowledge-Management-in-the-Energy-Sector.pdf


     Search term "Continuous"+"PLC"+OR+"FPGA"+"Regulated+Environment"
     Title Implementation of Electronic Logbooks for the Utilities Area in a Pharmaceutical Manufacturing Facility
     Author ['E Ortiz Rivera']
     Venue Manufacturing Engineering;
     Year 2018
     Abstract and problems sooner, saving time and money and support continuous business improvements  Supervisory Control and Data Acquisition (SCADA) and Programmable Logic Controller (PLC)  Due to the highly regulated environment that controls Company X's processes, having
     Url http://prcrepository.org:8080/xmlui/bitstream/handle/20.500.12475/239/SP-18_Articulo%20Final_Elliot%20Ortiz.pdf?sequence=1

