Showing papers for search query "Continuous"+"FDA+Requirement"+"Formal+methods"

     Search term "Continuous"+"FDA+Requirement"+"Formal+methods"
     Title A systematic review in research of medical software certification
     Author ['Q Huang']
     Venue NA
     Year 2011
     Abstract Page 1. A Systematic Review of Research in Medical Software Certification by Qi Huang BSc, South China Agricultural University, 1996 A Thesis Submitted in Partial Fulfillment of the Requirements for the Degree of Master of Science in the School of Health Information Science
     Url http://dspace.library.uvic.ca/handle/1828/3561


     Search term "Continuous"+"FDA+Requirement"+"Formal+methods"
     Title Best practices in mission-assured, mission-critical, and safety-critical systems
     Author ['K Fowler']
     Venue Mission-Critical and Safety-Critical Systems Handbook
     Year 2010
     Abstract Common tools used in the design of safety-critical systems are redundancy and formal methods” [8]  Disposal, FDA requirement for supplier to track, record, and dispose, As required by customer or by international standards (ie  Quality measurement and continuous improvement
     Url https://www.sciencedirect.com/science/article/pii/B9780750685672000019


     Search term "Continuous"+"FDA+Requirement"+"Formal+methods"
     Title Mission-critical and safety-critical systems handbook: Design and development for embedded applications
     Author ['K Fowler']
     Venue NA
     Year 2009
     Abstract system. Common tools used in the design of safety-critical systems are redundancy and formal methods” [8]. Quality: The degree for which the sum total of product characteristics fulfill all of the requirements of customers. Process
     Url https://books.google.com/books?hl=en&lr=&id=zJAFv6MrcAgC&oi=fnd&pg=PP1&dq=%22Continuous%22+%22FDA+Requirement%22+%22Formal+methods%22&ots=r8tjeOGYZT&sig=0V86gMN8np1N2bjbf1cInrAh1Pk

