Showing papers for search query "Concurrent+Engineering"+"Automation"

     Search term "Concurrent+Engineering"+"Automation"
     Title Concurrent engineering: automation, tools, and techniques
     Author ['A Kusiak']
     Venue NA
     Year 1992
     Abstract Presents a top-down approach to the design, development, testing and recyclability of products, components and systems across a wide range of industries. Starting with the desired result and working back through the details, it shows how to produce goods, taking
     Url https://books.google.com/books?hl=en&lr=&id=D0wPwKhZlIYC&oi=fnd&pg=PA1&dq=%22Concurrent+Engineering%22+%22Automation%22&ots=_K3uUYXmYU&sig=_OMnadTN8bGsMJGsoMrU3WT5N9Y


     Search term "Concurrent+Engineering"+"Automation"
     Title Design for X: concurrent engineering imperatives
     Author ['CM Eastman']
     Venue NA
     Year 2012
     Abstract What is next? WHAT IS DESIGN FORX (DFX)? Concurrent Engineering (CE) is an ideal environment for product development  These features overcome limitations of design guidelines. Page 15. What is Design for X? 3 DFA was once pushed by automation technology
     Url https://books.google.com/books?hl=en&lr=&id=g_r1CAAAQBAJ&oi=fnd&pg=PR10&dq=%22Concurrent+Engineering%22+%22Automation%22&ots=zseVVNeWx1&sig=D7ydBeJmORoigXPMS5xeQA8vDKs


     Search term "Concurrent+Engineering"+"Automation"
     Title Concurrent engineering fundamentals
     Author ['B Prasad']
     Venue NA
     Year 1996
     Abstract Function Deployment Relational Data Base Management System Reduced Instruction Set Computing Remote Procedure Call Systems Automation: Research and  As the name implies, the book describes the fundamentals of Concurrent Engineering (CE) and explains the basic
     Url https://www.researchgate.net/profile/Brian_Prasad/publication/243773799_Concurrent_Engineering_Fundamentals_Volume_II_Integrated_Product_Development/links/5425cc030cf238c6ea7782bd.pdf


     Search term "Concurrent+Engineering"+"Automation"
     Title An overview of concurrent engineering
     Author ['DR Hoffman']
     Venue … International Symposium on Product Quality and …
     Year 1998
     Abstract Hall, Donald. "Automation Roadmaps for Concurrent Engineering," High Performance Systems, April 1990, pp. 28-37. Winner, Robert, et al. "The Role of Concurrent Engineering in Weapon System Acquisition," Institute for Defense Analyses Report R-338, Decem- ber 1988
     Url https://ieeexplore.ieee.org/abstract/document/653529/


     Search term "Concurrent+Engineering"+"Automation"
     Title Concurrent engineering
     Author ['G Sohlenius']
     Venue CIRP annals
     Year 1992
     Abstract Flexible Automation, Design for Manufacture, Customized Order Controlled Manufacturing, Just in Time Production are still important elements within Concurrent Engineering. The next phase Lean Pro- duction, where Concurrent Engineering is a core element, is already here
     Url https://www.sciencedirect.com/science/article/pii/S000785060763251X


     Search term "Concurrent+Engineering"+"Automation"
     Title Concurrent engineering tools: Are the human issues being ignored?
     Author ['N King', 'A Majchrzak']
     Venue IEEE Transactions on engineering …
     Year 1996
     Abstract Concurrent engineering (CE) tools are intended to increase the concurrency of multidisciplinary design by inte- grating various enabling technologies such  that share some of the same functionalities and assumptions as CE tools, such as office automation, CAD, CSCW
     Url https://ieeexplore.ieee.org/abstract/document/509984/


     Search term "Concurrent+Engineering"+"Automation"
     Title Associative feature modeling for concurrent engineering integration
     Author ['YS Ma', 'T Tong']
     Venue Computers in Industry
     Year 2003
     Abstract To address the requirements for concurrent engineering and product life cycle support, the proposed model for associative features should have the following key characteristics: •  This work is targeted to provide substantial automation for cooling circuit generation
     Url https://www.sciencedirect.com/science/article/pii/S0166361503000253


     Search term "Concurrent+Engineering"+"Automation"
     Title Principles of concurrent engineering
     Author ['HH Jo', 'HR Parsaei', 'WG Sullivan']
     Venue Concurrent engineering
     Year 1993
     Abstract Recognizing that a concurrent engineering approach for sophisticated products or mechanical systems may cause a large scale design project which  the deficiencies of data processing technology which has served well, as the foundation for manufacturing automation over the
     Url https://link.springer.com/chapter/10.1007/978-1-4615-3062-6_1


     Search term "Concurrent+Engineering"+"Automation"
     Title Tolerance synthesis to support concurrent engineering
     Author ['RG Willhelm', 'SCY Lu']
     Venue CIRP annals
     Year 1992
     Abstract The concurrent engineering paradigm [9] suggests that significant improvements in design and manufacturing productivity can be achieved by  determination and checking of tolerance spec- ifications The Intelligent Design Environment for Engineering Automation (IDEEA) [Si is
     Url https://www.sciencedirect.com/science/article/pii/S0007850607611846


     Search term "Concurrent+Engineering"+"Automation"
     Title Concurrent engineering: concepts, implementation and practice
     Author ['CS Syan', 'U Menon']
     Venue NA
     Year 2012
     Abstract engineering II S. Schedler 13 Strategies for concurrent engineering and sources of further information C. S. Syan and JV Chelsom 163 185 201 221 231 Page 8. Contributors Mr JDA Anderson, European Regional Director, ICAD Engineering Automation Ltd., Viscount Centre
     Url https://books.google.com/books?hl=en&lr=&id=XmbxCAAAQBAJ&oi=fnd&pg=PR14&dq=%22Concurrent+Engineering%22+%22Automation%22&ots=hhgeOD_sC7&sig=mah8Ne3VbncuuIcZnCDGoZ1q0hQ


     Search term "Concurrent+Engineering"+"Automation"
     Title State of the art of the concurrent engineering technique in the automotive industry
     Author ['SM Sapuan', 'MR Osman', 'Y Nukman']
     Venue Journal of Engineering …
     Year 2006
     Abstract By adopting this approach, it is observed that CTQ benefits are achieved. 3. Concurrent engineering in automotive chassis design  The CE method was employed by Ford Motor Company and John Brown Automation, UK to design automotive pedal box system (Warwick 1988)
     Url https://www.tandfonline.com/doi/abs/10.1080/09544820500275511


     Search term "Concurrent+Engineering"+"Automation"
     Title An artificial intelligence-based constraint network system for concurrent engineering
     Author ['RE Young', 'A Greef', "P O'GRADY"]
     Venue The International Journal Of …
     Year 1992
     Abstract 3.5. Rule-based expert systems There are relatively fewcomputerized systems that support concurrent engineering  A systematic approach to design for assembly from Lucas Engineering & Systems Ltd (Assembly Automation, August 1989)
     Url https://www.tandfonline.com/doi/abs/10.1080/00207549208948116


     Search term "Concurrent+Engineering"+"Automation"
     Title A comparison of approaches to concurrent engineering
     Author ['S Dowlatshahi']
     Venue The International Journal of Advanced Manufacturing …
     Year 1994
     Abstract Processes, pp. 2-3, McGraw-Hill, New York, 1989. 7. R. Miller, "Concept engineering: factory automation's missing front end", Manufacturing Systems, pp. 44-46, May 1988. 8  Mellon, 1988. Approaches to Concurrent Engineering 113 9
     Url https://link.springer.com/content/pdf/10.1007/BF01750417.pdf


     Search term "Concurrent+Engineering"+"Automation"
     Title Information management for concurrent engineering: research issues
     Author ['B Prasad', 'RS Morenc']
     Venue … Engineering
     Year 1993
     Abstract The DARPA-spon- sored DICE [25], [26] initiative has focused on computational aids for concurrent engineering Initial prototypes  They also include information management, configuration management, and automation of predefined processes such as translation (using IGES
     Url https://journals.sagepub.com/doi/abs/10.1177/1063293x9300100102


     Search term "Concurrent+Engineering"+"Automation"
     Title Knowledge processing for concurrent engineering: an evolving challenge in CIM research
     Author ['SCY Lu']
     Venue Robotics and Computer-Integrated Manufacturing
     Year 1990
     Abstract grated (rather than interfaced) approach to product development. Since our main interests are in the decision-level automation, we will only consider deci- sion-making tasks in concurrent engineering in our following discussions
     Url https://www.sciencedirect.com/science/article/pii/073658459090011V


     Search term "Concurrent+Engineering"+"Automation"
     Title Capturing design rationale in concurrent engineering teams
     Author ['M Klein']
     Venue Computer
     Year 1993
     Abstract January 1993 utput from the design of an artifact typically includes blueprints, CAD files, manufacturing plans, and other documents that describe the result of a long series of deliberations and trade-offs by the members of concurrent engineering (CE) teams
     Url https://ieeexplore.ieee.org/abstract/document/179154/


     Search term "Concurrent+Engineering"+"Automation"
     Title Concurrent engineering: an overview from manufacturing engineering perspectives
     Author ['HC Zhang', 'D Zhang']
     Venue Concurrent Engineering
     Year 1995
     Abstract Concurrent Engineering: An Overview from Manufacturing Engineering Perspectives Hong C. Zhang* and Daguang Zhang  Key Words: concurrent engineering, manufacturing engineering, computer integrated manufacturing, industrial application. 1. Introduction
     Url https://journals.sagepub.com/doi/abs/10.1177/1063293X9500300308


     Search term "Concurrent+Engineering"+"Automation"
     Title Foundations of concurrent engineering
     Author ['L Koskela']
     Venue Concurrent Engineering in construction projects
     Year 2007
     Abstract Page 27. Chapter 2 Foundations of Concurrent Engineering Lauri Koskela 2.1 Introduction The evolution of design management practice can conveniently be grouped into three periods: design as craft, sequential engineering and Concurrent Engineering (CE)
     Url https://books.google.com/books?hl=en&lr=&id=gSp9AgAAQBAJ&oi=fnd&pg=PA12&dq=%22Concurrent+Engineering%22+%22Automation%22&ots=bT199_q8Hb&sig=0um2NThA5QKga34HffwF5Lt4hvE


     Search term "Concurrent+Engineering"+"Automation"
     Title Concurrent engineering design tool and method
     Author ['DH Sebastian']
     Venue US Patent 5,552,995
     Year 1996
     Abstract Concurrent engineering aims to integrate product design and manufacturing cycles in a systematic way to facilitate the swift, cost-effective progression of new  the part in frames of feature information, the present invention has the ability to reason and to enable automation of the
     Url https://patents.google.com/patent/US5552995A/en


     Search term "Concurrent+Engineering"+"Automation"
     Title Concurrent engineering in the construction industry
     Author ['PED Love', 'A Gunasekaran']
     Venue Concurrent Engineering
     Year 1997
     Abstract Page 1. 155 CONCURRENT ENGINEERING: Research and Applications Concurrent Engineering in the Construction Industry  In manufacturing, a great improvement in performance and productivity has been achieved through the application of Concurrent Engineering (CE)
     Url https://journals.sagepub.com/doi/abs/10.1177/1063293X9700500207


     Search term "Concurrent+Engineering"+"Automation"
     Title Concurrent engineering and enterprise modelling
     Author ['PG Ranky']
     Venue Assembly Automation
     Year 1994
     Abstract Summarizes the most important principles of concurrent engineering [CE] and computer integrated manufacturing [CIM]. Discusses system data flow and IDEFo diagrams used as graphical descriptionsof the engineering process. Introduces a software package called
     Url https://www.emerald.com/insight/content/doi/10.1108/EUM0000000004208/full/html


     Search term "Concurrent+Engineering"+"Automation"
     Title Is concurrent engineering always a sensible proposition?
     Author ['F AitSahlia', 'E Johnson', 'P Will']
     Venue IEEE Transactions on …
     Year 1995
     Abstract Pennsylvania. [2] R. C. Creese and T. Moore, “Cost modeling for concurrent engineering,” Cost Eng., vol. 32, p. 6, June 1990  He is an Editor-in-Chief of Research in Engineering Design and an editorial board member of the IEEE Transactions on Robotics and Automation.
     Url https://ieeexplore.ieee.org/abstract/document/387269/


     Search term "Concurrent+Engineering"+"Automation"
     Title Concurrent engineering design tool and method
     Author ['D Sebastian', 'S Pratt', 'S Muthuswamy', 'DJ Kniep']
     Venue US Patent …
     Year 1998
     Abstract US5822206A - Concurrent engineering design tool and method - Google Patents. Concurrent engineering design tool and method. Download PDF Info. Publication number US5822206A. US5822206A US08/706,385 US70638596A
     Url https://patents.google.com/patent/US5822206A/en


     Search term "Concurrent+Engineering"+"Automation"
     Title PACT: An experiment in integrating concurrent engineering systems
     Author ['MR Cutkosky', 'RS Engelmore', 'RE Fikes']
     Venue Computer
     Year 1993
     Abstract The distributed design problem Although concurrent engineering is almost universally advocated today, it is hard to execute when large multidis- ciplinary projects are involved  E Conf. Robotics and Automation, IEEE CS Press, Los Alamitos, Calif., Order No
     Url https://ieeexplore.ieee.org/abstract/document/179153/


     Search term "Concurrent+Engineering"+"Automation"
     Title Concurrent engineering: a competitive strategy for process industries
     Author ['A Gunasekaran']
     Venue Journal of the Operational Research …
     Year 1998
     Abstract Process industries Application of concurrent engineering  Business process reengineering, JIT, involvement of suppliers, automation such as robots, supply chain management, use of computer tools for planning and programming, development of infrastructure for the
     Url https://orsociety.tandfonline.com/doi/abs/10.1057/palgrave.jors.2600549


     Search term "Concurrent+Engineering"+"Automation"
     Title Concurrent engineering: shortening lead times, raising quality, and lowering costs
     Author ['JR Hartley']
     Venue NA
     Year 2017
     Abstract Page 23. xxii • Concurrent Engineering He would also like to express appreciation to ISATA for per- mission to publish a number of figures from papers in the Proceedings (Volume 1) of the 21st International Symposium on Automotive Technology & Automation (ISATA) given on
     Url https://books.google.com/books?hl=en&lr=&id=SGVQDwAAQBAJ&oi=fnd&pg=PP1&dq=%22Concurrent+Engineering%22+%22Automation%22&ots=zj2sonmwRo&sig=Yxh8qc4DwlBz5V00PbYs7UX_m9E


     Search term "Concurrent+Engineering"+"Automation"
     Title Design coordination for concurrent engineering
     Author ['AHB Duffy', 'MM Andreasen', 'KJ MacCallum']
     Venue Journal of …
     Year 1993
     Abstract Design Coordination for Concurrent Engineering 261 tion, Proceedingof5th International. Operations Management Association Conference, Warwick. [3) RElJERS, LN & DE HAAs,H.].LM (1990) Flexible Production Automation, Book 2, Production Systems (De Vey
     Url https://www.tandfonline.com/doi/abs/10.1080/09544829308914785


     Search term "Concurrent+Engineering"+"Automation"
     Title Successful implementation of concurrent engineering products and processes
     Author ['SG Shina']
     Venue NA
     Year 1993
     Abstract THE EVOLUTION OF THE CORPORATE STANDARDS 145 RESULTS OF THE DESIGN FOR MANUFACTURABILITY EFFORT ATNORTHERN TELECOM 146 THE FUTURE CHALLENGE 1.47 Concurrent Engineering of a Polaroid Camera and Flexible Automation 150 THE
     Url https://books.google.com/books?hl=en&lr=&id=1DjXr7JefGAC&oi=fnd&pg=PR11&dq=%22Concurrent+Engineering%22+%22Automation%22&ots=ozo7xOTbMw&sig=Eqcde796ONIBjnn6q7zlKgPd6qA


     Search term "Concurrent+Engineering"+"Automation"
     Title Concurrent engineering: the manufacturing philosophy for the 90's
     Author ['HH Jo', 'HR Parsaei', 'JP Wong']
     Venue Computers & industrial engineering
     Year 1991
     Abstract If the "Concurrent Engineering Wheel" is carefully designed, constructed, and spun in industries, then it may become the "Wheel of the Fortune"  CIM) milieu in the 21st century is conceptually described [Goldhar and Jelinek 1990] as a situation called "the automation of custom
     Url https://www.sciencedirect.com/science/article/pii/036083529190059F


     Search term "Concurrent+Engineering"+"Automation"
     Title Fast or concurrent: the art of getting construction improved
     Author ['P Huovila', 'L Koskela', 'M Lautanala']
     Venue Lean construction
     Year 1997
     Abstract 281-287. Kusiak, A. 1993 (ed.). Concurrent Engineering: Automation, Tools, and Techniques. John Wiley & Sons  In: Andrew Kusiak (ed.), Concurrent Engineering: Automation, Tools, and Techniques, John Wiley & Sons, pp. 535-580. Sekine, K. & Arai, K. 1994
     Url https://books.google.com/books?hl=en&lr=&id=tUpZDwAAQBAJ&oi=fnd&pg=PA143&dq=%22Concurrent+Engineering%22+%22Automation%22&ots=CIQwOuy_cX&sig=x9ZKmhmv5n9S4CvXFwF0GQB7HyA


     Search term "Concurrent+Engineering"+"Automation"
     Title The federation architecture for interoperable agent-based concurrent engineering systems
     Author ['T Khedro', 'MR Genesereth']
     Venue Concurrent Engineering
     Year 1994
     Abstract CONCURRENT ENOINEERING: Research and Applications The Federation Architecture for Interoperable Agent-based Concurrent Engineering Systems Taha Khedro* and Michael R. Genesereth&dagger;  1994 The Institute of Concurrent Engineering 125 Page 2. 126
     Url https://journals.sagepub.com/doi/abs/10.1177/1063293X9400200206


     Search term "Concurrent+Engineering"+"Automation"
     Title Co-ordination between product and process definitions in a concurrent engineering environment
     Author ['S Tichkiewitch', 'D Brissaud']
     Venue CIRP Annals
     Year 2000
     Abstract Production Research, Vol. 31, n"4, 1993. [2] Kusiak A,, Wang J., Decomposition in Concurrent Design, in Concurrent Engineering: automation. tools. and techniques, edited by Kusiak, John Wiley & sons, 1992. [3] Boudouh T
     Url https://www.sciencedirect.com/science/article/pii/S0007850607628996


     Search term "Concurrent+Engineering"+"Automation"
     Title Concurrent engineering: new rules for world-class companies
     Author ['SG Shina']
     Venue IEEE Spectrum
     Year 1991
     Abstract Defense (DOD) in Alexandria, Va. He has worked on the DODs concurrent engineering effort for four years and has developed methods for applying de- sign automation of concurrent engineering. He received a BSEE from
     Url https://ieeexplore.ieee.org/abstract/document/83462/


     Search term "Concurrent+Engineering"+"Automation"
     Title Computational support for concurrent engineering of cable harnesses
     Author ['H Park', 'SH Lee', 'MR Cutkosky']
     Venue Computers in Engineering
     Year 1992
     Abstract The challenges of developing a successful concurrent engineering framework include, in addition to the automation of speci c steps, and the development of mechanisms for communication among software modules, an e ective means for coordinating human design activities
     Url http://citeseerx.ist.psu.edu/viewdoc/download?doi=10.1.1.8.3409&rep=rep1&type=pdf


     Search term "Concurrent+Engineering"+"Automation"
     Title Concurrent engineering through product data standards
     Author ['GP Carver', 'HM Bloom']
     Venue Control and Dynamic Systems
     Year 1992
     Abstract manufacturing. If the approach to concurrent engineering is through automation, concurrent engineering requires the application of information technology to create the means for automated systems to communicate and intemperate. For
     Url https://www.sciencedirect.com/science/article/pii/B9780120127450500097


     Search term "Concurrent+Engineering"+"Automation"
     Title A concurrent engineering decision model: management of the project activities information flows
     Author ['S Nicoletti', 'F Nicolo']
     Venue International Journal of Production Economics
     Year 1998
     Abstract It is interesting to point out that this is a truly concurrent engineering approach since concurrent engineering can be defined as a methodology  associated to a real project, named CAFCA The project was developed by three leader firms in the aerospace and automation industry
     Url https://www.sciencedirect.com/science/article/pii/S0925527397001084


     Search term "Concurrent+Engineering"+"Automation"
     Title Automation
     Author ['MP Groover']
     Venue Production Systems, and
     Year 2001
     Abstract Contents Chapter 6 HARDWARE COMPONENTS FOR AUTOMATION AND PROCESS CONTROL 6.1 Sensors 131 6.2 Actuators 135 6.3  CAD/CAM, and CIM 724 23.4 Quality Function Deployment 728 PROCESS PLANNING AND CONCURRENT ENGINEERING 24.1 Process
     Url http://sutlib2.sut.ac.th/sut_contents/H113201.pdf


     Search term "Concurrent+Engineering"+"Automation"
     Title Value of concurrent engineering for A/E/C industry
     Author ['JM de la Garza', 'P Alcantara Jr', 'M Kapoor']
     Venue … of Management in …
     Year 1994
     Abstract the US firms in advanced construction technologies, like building-construction automation. Can concurrent engineering realign the A/E/C in- dustry by overcoming the disadvantages of, while ben- efitting from, its existing fragmentation and speciali- zation
     Url https://ascelibrary.org/doi/abs/10.1061/(ASCE)9742-597X(1994)10:3(46)


     Search term "Concurrent+Engineering"+"Automation"
     Title Assessing organizational readiness for implementing concurrent engineering practices and collaborative technologies
     Author ['HM Karandikar', 'ME Fotta', 'M Lawson']
     Venue … Second Workshop on …
     Year 1993
     Abstract This paper discusses one such method and a supporting tool - the Readiness Assessment for Concurrent Engineering (RACE)  These dimensions and areas are as follows: Organization Team integration, empowerment, training and education, automation support
     Url https://ieeexplore.ieee.org/abstract/document/263060/


     Search term "Concurrent+Engineering"+"Automation"
     Title A semantic feature model in concurrent engineering
     Author ['YJ Liu', 'KL Lai', 'G Dai', 'MMF Yuen']
     Venue … Transactions on Automation …
     Year 2010
     Abstract Concurrent engineering (CE) is a methodology applied to product lifecycle development so that high quality, well designed products can be provided at lower prices and in less time. Many research works have been proposed for efficiently modeling of different domains in
     Url https://ieeexplore.ieee.org/abstract/document/5439907/


     Search term "Concurrent+Engineering"+"Automation"
     Title The historical roots of concurrent engineering fundamentals
     Author ['RP Smith']
     Venue IEEE Transactions on Engineering Management
     Year 1997
     Abstract The literature of the 1950's and 1960's illustrates several examples of the concurrent engineering philosophy in this context  The automation of the assembly process focuses these needs, but the advent of automatic assembly equipment is not new
     Url https://ieeexplore.ieee.org/abstract/document/552809/


     Search term "Concurrent+Engineering"+"Automation"
     Title What every engineer should know about concurrent engineering
     Author ['TA Salomone']
     Venue NA
     Year 2019
     Abstract engineering productivity improvements. Thus, information technology provides the enabling foundation for concurrent engineering processes. It provides the automation of design, drafting, and analysis functions. It provides
     Url https://books.google.com/books?hl=en&lr=&id=vtSNDwAAQBAJ&oi=fnd&pg=PP1&dq=%22Concurrent+Engineering%22+%22Automation%22&ots=OASUSOl7ZS&sig=zUwTFCmgScu44g3C7IZmiEbXSjg


     Search term "Concurrent+Engineering"+"Automation"
     Title Concurrent engineering: participating in better design
     Author ['D Brazier', 'M Leonard']
     Venue Mechanical Engineering-CIME
     Year 1990
     Abstract Concurrent engineering is a people, discipline, procedure, methodology, and management issue. It depends more on the culture of communications and participation within a manufacturing organization than it does on the organization's degree of automation
     Url https://go.gale.com/ps/i.do?id=GALE%7CA8317991&sid=googleScholar&v=2.1&it=r&linkaccess=abs&issn=00256501&p=AONE&sw=w


     Search term "Concurrent+Engineering"+"Automation"
     Title Converting computer‐integrated manufacturing into an intelligent information system by combining CIM with concurrent engineering and knowledge management
     Author ['B Prasad']
     Venue Industrial Management & Data Systems
     Year 2000
     Abstract then, many interpretations of “concurrent engineering (CE)” have emerged in literature (Zhang and Zhang, 1995). Today, CE is much more encompassing. Expectation ranges from a modest productivity improvement to a complete push‐button type automation, depending upon
     Url https://www.emerald.com/insight/content/doi/10.1108/02635570010349104/full/html


     Search term "Concurrent+Engineering"+"Automation"
     Title Managing integration and coordination in cross‐functional teams: an international study of Concurrent Engineering product development
     Author ['O Hauptman', 'KK Hirji']
     Venue R&D Management
     Year 1999
     Abstract The sample consists of 50 cross-national Concurrent Engineering (CE) project teams, from companies in Australia, Canada, Denmark, Finland, UK, and USA, in the technology intensive industries of aerospace, automobile, chemical, computer, electronics, shipbuilding, and
     Url https://onlinelibrary.wiley.com/doi/abs/10.1111/1467-9310.00128


     Search term "Concurrent+Engineering"+"Automation"
     Title A concurrent engineering approach to design for assembly
     Author ['T Wu', "P O'Grady"]
     Venue Concurrent Engineering
     Year 1999
     Abstract Page 1. 231 A Concurrent Engineering Approach to Design for Assembly Tong Wu and Peter O'Grady  Key Words: concurrent engineering, design for assembly, design for manufacturing, Petri Nets, cost, lead time. 1. Introduction
     Url https://journals.sagepub.com/doi/abs/10.1177/1063293x9900700305


     Search term "Concurrent+Engineering"+"Automation"
     Title Design for manufacturability: how to use concurrent engineering to rapidly develop low-cost, high-quality products for lean production
     Author ['DM Anderson']
     Venue NA
     Year 2020
     Abstract Page 2. Design for Manufacturability How to Use Concurrent Engineering to Rapidly Develop Low-Cost, High-Quality Products for Lean Production Second Edition David M. Anderson Page 3  |Concurrent engineering. | BISAC: BUSINESS & ECONOMICS / Quality Control
     Url https://books.google.com/books?hl=en&lr=&id=h7fjDwAAQBAJ&oi=fnd&pg=PT23&dq=%22Concurrent+Engineering%22+%22Automation%22&ots=GMYYZ8oiWt&sig=PPgR7YXwJX2_Yobn5dNq177Uo4I


     Search term "Concurrent+Engineering"+"Automation"
     Title An Internet-enabled integrated system for co-design and concurrent engineering
     Author ['WD Li', 'JYH Fuh', 'YS Wong']
     Venue Computers in Industry
     Year 2004
     Abstract Elsevier. Computers in Industry. Volume 55, Issue 1, September 2004, Pages 87-103. Computers in Industry. An Internet-enabled integrated system for co-design and concurrent engineering  Keywords. Co-design. Concurrent engineering. Web-based visualisation. 1. Introduction
     Url https://www.sciencedirect.com/science/article/pii/S016636150400017X


     Search term "Concurrent+Engineering"+"Automation"
     Title Concurrent engineering-processes and techniques for the agile manufacturing enterprise
     Author ['SS Medhat', 'JL Rook']
     Venue NA
     Year 1997
     Abstract References Proceedings of the International Conference on Concurrent Engineering and Electronic Design Automation (CEEDA 91), Edited by S Medhat, Woodhead Publishing Ltd., ISBN: 185573054-5, Bournemouth. March 1991
     Url https://digital-library.theiet.org/content/conferences/10.1049/cp_19970114


     Search term "Concurrent+Engineering"+"Automation"
     Title Mechatronics-a powerful concurrent engineering framework
     Author ['HMJ Van Brussel']
     Venue IEEE/ASME transactions on mechatronics
     Year 1996
     Abstract 2, JUNE 1996 Mechatronics-A Powerful Concurrent Engineering Framework Hendrik M. J. Van Brussel, Fellow, IEEE (Invited Paper) Abstract- Mechatronics is emerging as a concurrent- engineering thinking framework in the process of designing complex machines
     Url https://ieeexplore.ieee.org/abstract/document/506149/

