Showing papers for search query "Continuous"+"Formal+methods"+"Medical"

     Search term "Continuous"+"Formal+methods"+"Medical"
     Title Improving medical protocols by formal methods
     Author ['A Ten Teije', 'M Marcos', 'M Balser']
     Venue Artificial intelligence in …
     Year 2006
     Abstract to solve the quality problem of medical guidelines and protocols relies on the use of formal methods  A medical protocol is considered in Asbru as a hierarchical plan  and-treatment- hyperbilirubinemia” plan — the three “check-for-  ” plans model a continuous monitoring of
     Url https://www.sciencedirect.com/science/article/pii/S0933365705001211


     Search term "Continuous"+"Formal+methods"+"Medical"
     Title Towards Hilbertian Formal Methods
     Author ['MC Bujorianu', 'ML Bujorianu']
     Venue … International Conference on …
     Year 2007
     Abstract the class of semi-dynamical systems, a functional analysis based formalization of continuous phenomena  These methods, from an engi- neering (whether this is financial, medical or safety critical systems  a series of papers [2, 1] where we have shown that formal methods can be
     Url https://ieeexplore.ieee.org/abstract/document/4276287/


     Search term "Continuous"+"Formal+methods"+"Medical"
     Title Integrating formal methods into medical software development: The ASM approach
     Author ['P Arcaini', 'S Bonfanti', 'A Gargantini', 'A Mashkoor']
     Venue Science of Computer …
     Year 2018
     Abstract Integrating formal methods into medical software development: The ASM approach  and shortcomings of the ASM approach wrt the current normative for medical software development; (b  levels of refinement to show how validation and verification are continuous activities in the
     Url https://www.sciencedirect.com/science/article/pii/S0167642317301430


     Search term "Continuous"+"Formal+methods"+"Medical"
     Title Using formal methods to improve home-use medical device safety
     Author ['A Banerjee', 'Y Zhang', 'P Jones']
     Venue Biomedical …
     Year 2013
     Abstract Ayan Banerjee, Yi Zhang, Paul Jones, Sandeep Gupta; Using Formal Methods to Improve Home-Use  as closedloop control, not only facilitates early detection of adverse medical conditions,1,2  HA)3 provides a mathematical means of describing both the continuous and discrete
     Url https://meridian.allenpress.com/bit/article-abstract/47/s1/43/200809


     Search term "Continuous"+"Formal+methods"+"Medical"
     Title Protocure: supporting the development of medical protocols through formal methods
     Author ['M Balser', 'O Coltell', 'J van Croonenborg']
     Venue Studies in health …
     Year 2004
     Abstract This problem has led to a future challenge, often referred to as “living guidelines”: Update of the guidelines on a more continuous basis: clinical guidelines have to  This paper presents in section 2 our experience with applying formal methods to medical guidelines, and
     Url http://citeseerx.ist.psu.edu/viewdoc/download?doi=10.1.1.78.1334&rep=rep1&type=pdf


     Search term "Continuous"+"Formal+methods"+"Medical"
     Title Formal methods: State of the art and future directions
     Author ['EM Clarke', 'JM Wing']
     Venue ACM Computing Surveys (CSUR)
     Year 1996
     Abstract (Also see Section 2.2.2.) —Medical  Two general approaches to model Formal Methods • 629  Stereo components. One of the emerg- ing application domains of automatic verification is the design of hybrid systems, which consist of both dis- crete and continuous components
     Url https://dl.acm.org/doi/abs/10.1145/242223.242257


     Search term "Continuous"+"Formal+methods"+"Medical"
     Title Medical protocol diagnosis using formal methods
     Author ['D Méry', 'NK Singh']
     Venue International Symposium on Foundations of Health …
     Year 2011
     Abstract RODIN provides a modelling framework for discrete models but not for continuous or hybrid models; it is less powerful than general temporal (real-time) models that can be analysed by UPPAAL model checking, for  Medical Protocol Diagnosis Using Formal Methods
     Url https://link.springer.com/chapter/10.1007/978-3-642-32355-3_1


     Search term "Continuous"+"Formal+methods"+"Medical"
     Title Formal methods and their role in the certification of critical systems
     Author ['J Rushby']
     Venue Safety and reliability of software based systems
     Year 1997
     Abstract Similarly, much of the software in the Therac 25 medical electron accelerator, which led to massive overdoses of  1.2.1 Analytic Formal Methods  cases, the relevant applied mathematics uses partial differential equations to model the variations in continuous physical quantities
     Url https://link.springer.com/chapter/10.1007/978-1-4471-0921-1_1


     Search term "Continuous"+"Formal+methods"+"Medical"
     Title Ten commandments of formal methods... ten years later
     Author ['JP Bowen', 'MG Hinchey']
     Venue Computer
     Year 2006
     Abstract was for that reason that we strongly advocated both initial and continuous cost estimation  Moreover, formal methods generally result in a cleaner architecture, making a system more efficient and  arguably the most significant failure of software assurance in a medical or biological
     Url https://ieeexplore.ieee.org/abstract/document/1580381/


     Search term "Continuous"+"Formal+methods"+"Medical"
     Title Understanding formal methods
     Author ['JF Monin']
     Venue NA
     Year 2012
     Abstract of customer requirements through to the continuous adaptation to new environments and to new features. This revolution in the design of software systems has already been success- fully undertaken in the domain of hardware design, where formal methods are routinely used
     Url https://books.google.com/books?hl=en&lr=&id=7GsKBwAAQBAJ&oi=fnd&pg=PA1&dq=%22Continuous%22+%22Formal+methods%22+%22Medical%22&ots=4GUEgsiPYi&sig=bbAdd2uzHueswND-LYT-5MAl_jY


     Search term "Continuous"+"Formal+methods"+"Medical"
     Title Modern formal methods and applications
     Author ['HA Gabbar']
     Venue NA
     Year 2006
     Abstract Preface Problem solving techniques and methods are widely used in different disciplines such as medical, engineering, social, marine, business, etc., where it is required to find optimum or desired solution in the problem domain. Formal methods are introduced as a way to
     Url https://books.google.com/books?hl=en&lr=&id=mc9HAAAAQBAJ&oi=fnd&pg=PR11&dq=%22Continuous%22+%22Formal+methods%22+%22Medical%22&ots=WC-wgI9llz&sig=taqJy9RYtYhfDX4Ee_4WQ6ucsqY


     Search term "Continuous"+"Formal+methods"+"Medical"
     Title Formal verification of medical monitoring software using Z language: a representative sample
     Author ['SM Babamir', 'M Borhani']
     Venue Journal of medical systems
     Year 2012
     Abstract Fischmeister and Azim [6] and Baier et al [7] used formal methods timed automata and  We present a general model for interacting medical monitor devices with their environments and then employ it to a representative sample called Continuous Infusion Insulin
     Url https://link.springer.com/article/10.1007/s10916-011-9739-5


     Search term "Continuous"+"Formal+methods"+"Medical"
     Title New opportunities for integrated formal methods
     Author ['M Gleirscher', 'S Foster', 'J Woodcock']
     Venue ACM Computing Surveys (CSUR)
     Year 2019
     Abstract especially in scaling FMs through adequate tool support for continuous reasoning in  2017], particularly relating to certification of commercial medical devices [Bowen and Reeves 2017  There, formal methods have been shown to be successful in facilitating regulatory acceptance
     Url https://dl.acm.org/doi/abs/10.1145/3357231


     Search term "Continuous"+"Formal+methods"+"Medical"
     Title Continuous model-driven engineering
     Author ['T Margaria', 'B Steffen']
     Venue Computer
     Year 2009
     Abstract and-requirements time and delivery-and-acceptance time—with all the associated pit- falls—by a continuous, cooperative development  These methods reveal their power in the context of formal methods-based tooling with jABC, our corresponding development and execution
     Url https://ieeexplore.ieee.org/abstract/document/5280666/


     Search term "Continuous"+"Formal+methods"+"Medical"
     Title Formal methods for prostate cancer gleason score and treatment prediction using radiomic biomarkers
     Author ['L Brunese', 'F Mercaldo', 'A Reginelli']
     Venue Magnetic resonance …
     Year 2020
     Abstract In this section, preliminary concepts about the formal methods technique considered by the proposed  Each MRI is accompanied with the related pathologists and surgeons Medical Report describing  The radiomic continuous values are divided into three intervals, ie, we map
     Url https://www.sciencedirect.com/science/article/pii/S0730725X19302437


     Search term "Continuous"+"Formal+methods"+"Medical"
     Title Ten commandments revisited: a ten-year perspective on the industrial application of formal methods
     Author ['JP Bowen', 'MG Hinchey']
     Venue … international workshop on Formal methods for …
     Year 2005
     Abstract In [5], we strongly advocated both initial and continuous cost estimation  Moreover, formal methods generally result in a cleaner architecture [26], making a system more efficient and more  of, arguably, the most significant failure of software assurance in the medical/biological field
     Url https://dl.acm.org/doi/abs/10.1145/1081180.1081183


     Search term "Continuous"+"Formal+methods"+"Medical"
     Title The industrial use of formal methods
     Author ['M Thomas']
     Venue Microprocessors and Microsystems
     Year 1993
     Abstract a coiled spring to stretch, then it is reasonable to assume continuous behaviour within  of detail) are drawn from aviation, railway vehicle control, nuclear power, medical systems and  control, illustrating the range of industry sectors which have adopted formal methods to some
     Url https://www.sciencedirect.com/science/article/pii/014193319390091K


     Search term "Continuous"+"Formal+methods"+"Medical"
     Title Formal methods in pattern recognition: a review
     Author ['L Nieddu', 'G Patrizi']
     Venue European Journal of Operational Research
     Year 2000
     Abstract Obviously, the field was characterised by formal methods and statistical methods of proof, with an approach, which was essentially deductive  Also, the result is not tied to the application of discrete predicates, but is valid also for continuous variables
     Url https://www.sciencedirect.com/science/article/pii/S0377221798003683


     Search term "Continuous"+"Formal+methods"+"Medical"
     Title Analysis of Experiences with the Engineering of a Medical Device Using State-Based Formal Methods
     Author ['A Mashkoor', 'A Egyed']
     Venue 2018 IEEE International Conference on …
     Year 2018
     Abstract As far as modeling is concerned, the current state-of- the-art of state-based formal methods is quite advanced to fulfill the requirements of modern medical device software  42], and hybrid aspects of systems can be modeled and analyzed, be it discrete/continuous [21] or
     Url https://ieeexplore.ieee.org/abstract/document/8424959/


     Search term "Continuous"+"Formal+methods"+"Medical"
     Title The HACMS program: using formal methods to eliminate exploitable bugs
     Author ['K Fisher', 'J Launchbury']
     Venue … Transactions of the …
     Year 2017
     Abstract SCADA systems that control industrial infrastructure like sewage treatment plants and prison doors, to medical devices like  generic term used in the automotive industry to describe a service that provides continuous connectivity between  3. Hypothesis: formal methods can help
     Url https://royalsocietypublishing.org/doi/abs/10.1098/rsta.2015.0401


     Search term "Continuous"+"Formal+methods"+"Medical"
     Title Methodology for efficient design of continuous/discrete-events co-simulation tools
     Author ['G Nicolescu', 'H Boucheneb', 'L Gheorghe']
     Venue High Level Simulation …
     Year 2007
     Abstract These systems may be found in various domains like defense, medical, electronic, communication, and  H. and Kim, TG: “Modeling and Simulation - Integrating Discrete Event and continuous complex dynamic systems  [7] Monin, Jean-Francois: “Understanding Formal Methods”
     Url http://www.academia.edu/download/33410719/nicolescu.pdf


     Search term "Continuous"+"Formal+methods"+"Medical"
     Title Formal methods for robotic system control software
     Author ['Y Kouskoulas', 'A Platzer', 'P Kazanzides']
     Venue Johns Hopkins APL technical …
     Year 2013
     Abstract A hybrid system description needs to carefully incorporate the continuous behavior of physical  have been a series of developments recently, allowing us to apply formal methods to model  on a rigid body; 3DSlicer, software used for visualiz- ing and analyzing medical image data
     Url https://www.jhuapl.edu/Content/techdigest/pdf/V32-N02/32-02-Kouskoulas.pdf


     Search term "Continuous"+"Formal+methods"+"Medical"
     Title When formal systems kill: Computer ethics and formal methods
     Author ['D Abramson', 'L Pike']
     Venue APA Newsletter on Philosophy and Computers
     Year 2011
     Abstract In contrast, physical systems, like those analyzed using CFD models, are inherently continuous  Software and robotics are used in medical devices [Jetley et al., 2006]  Amongst formal methods practitioners, there has been a conventional wis- dom that lawsuits will soon be a
     Url http://citeseerx.ist.psu.edu/viewdoc/download?doi=10.1.1.436.6308&rep=rep1&type=pdf


     Search term "Continuous"+"Formal+methods"+"Medical"
     Title Verification and validation of behavior models using lightweight formal methods
     Author ['K Giammarco', 'K Giles']
     Venue Disciplinary convergence in systems engineering …
     Year 2018
     Abstract various levels of abstractions, promoting a more widespread use of formal methods in system  scenarios could be beneficial to determining advantages to the medical field” [2  A successful rendezvous between spacecraft and ISS requires continuous and reliable communications
     Url https://link.springer.com/chapter/10.1007/978-3-319-62217-0_31


     Search term "Continuous"+"Formal+methods"+"Medical"
     Title Formal methods integration in software engineering
     Author ['I Perseil', 'L Pautet']
     Venue Innovations in Systems and Software Engineering
     Year 2010
     Abstract Formal methods integration in software engineering  The way to ensure a continuous inte- gration is also to refer to a model-driven approach, with meta-models and  In certain cases (transports, the driving of a nuclear power plant and the medical computing), human lives are in
     Url https://link.springer.com/article/10.1007/s11334-009-0115-2


     Search term "Continuous"+"Formal+methods"+"Medical"
     Title Validation, verification, and formal methods for Cyber-Physical Systems
     Author ['P Bagade', 'A Banerjee', 'SKS Gupta']
     Venue Cyber-Physical Systems
     Year 2017
     Abstract Cyber-physical systems (CPSs), such as smart grids, unmanned aerial vehicles, and medical devices, are complex systems  Formal methods. Aggregate effects. Emergent behavior  can be used to specify behavior of a complex system in terms of discrete or continuous variation of
     Url https://www.sciencedirect.com/science/article/pii/B9780128038017000122


     Search term "Continuous"+"Formal+methods"+"Medical"
     Title Formal Methods for Trustworthy Computer Systems (FM89): Report from FM89: A Workshop on the Assessment of Formal Methods for Trustworthy Computer …
     Author ['D Craigen', 'K Summerskill']
     Venue NA
     Year 2013
     Abstract includes accounting packages, banking systems, financial markets, flight control systems, medical systems, nuclear  3.1 Making formal methods practical Speaker: Dave Parnas Reporter: Susan Gerhart Why is  is a trajectory that gives the input values as continuous functions of
     Url https://books.google.com/books?hl=en&lr=&id=TXDrBwAAQBAJ&oi=fnd&pg=PA4&dq=%22Continuous%22+%22Formal+methods%22+%22Medical%22&ots=QfBufBbDq_&sig=B_psepefmASNjxfydspXh7H6i5w


     Search term "Continuous"+"Formal+methods"+"Medical"
     Title Leveraging Applications of Formal Methods, Verification, and Validation: 4th International Symposium on Leveraging Applications, ISoLA 2010, Heraklion …
     Author ['T Margaria', 'B Steffen']
     Venue NA
     Year 2010
     Abstract Leveraging formal methods through collaboration • Resource and timing analysis • Quantitative verification in practice • Worst case traversal time (WCTT) • Model transformation and analysis for industrial scale validation • Certification of software-driven medical devices • Formal
     Url https://books.google.com/books?hl=en&lr=&id=_aBuCQAAQBAJ&oi=fnd&pg=PR2&dq=%22Continuous%22+%22Formal+methods%22+%22Medical%22&ots=ZLxg9ATN9T&sig=R2Nx76CwmRga9mcDzj7INaeKeMI


     Search term "Continuous"+"Formal+methods"+"Medical"
     Title Formal methods and their role in digital systems validation for airborne systems
     Author ['J Rushby']
     Venue NA
     Year 1995
     Abstract the complete behavior of a physical system to be extrapolated from a finite number of tests: the continuous character  Similarly, much of the software in the Therac 25 medical electron accelerator, which led to massive overdoses of  12 THE RATIONALE FOR FORMAL METHODS
     Url https://ntrs.nasa.gov/search.jsp?R=19960008816


     Search term "Continuous"+"Formal+methods"+"Medical"
     Title Formal methods and their role in developing safe systems
     Author ['M Thomas']
     Venue High Integrity Systems
     Year 1996
     Abstract prevalent, across a number of sectors, including, for example, medical, transportation, and  Although continuous mathematics (eg laws of aerodynamics) is also relevant, particularly within the  very much around the needs of safety-related systems, with formal methods as means
     Url http://www.dcs.gla.ac.uk/~muffy/papers/HIS3.pdf


     Search term "Continuous"+"Formal+methods"+"Medical"
     Title Formal Methods: Use and relevance for the development of safety-critical systems
     Author ['JA McDermid']
     Venue Safety aspects of computer control
     Year 1993
     Abstract F or example, for a medical application, especially where there is a perceived  Also we must recognize that we deploy safety- Formal methods 103 critical systems when  qualitatively different forms - discrete mathematics/theory of computation rather than continuous mathematics
     Url https://www.sciencedirect.com/science/article/pii/B9780750611022500116


     Search term "Continuous"+"Formal+methods"+"Medical"
     Title Industrial use of formal methods: formal verification
     Author ['JL Boulanger']
     Venue NA
     Year 2013
     Abstract Page 1. Industrial Use of Formal Methods Formal Verification Edited by Jean-Louis Boulanger {STE @WILEY Page 2  Future Work 5.13. Glossary 5.14. Bibliography Chapter 6. Partial Applications of Formal Methods Aryldo G. Russo Jr. 6.1. History 6.2. Case studies 6.3
     Url https://books.google.com/books?hl=en&lr=&id=E5sdDs00MuwC&oi=fnd&pg=PP8&dq=%22Continuous%22+%22Formal+methods%22+%22Medical%22&ots=QQwOsT1buw&sig=gjj9q40z77Kd0AHgIj_mlMq7OsA


     Search term "Continuous"+"Formal+methods"+"Medical"
     Title Medical cyber-physical systems
     Author ['E Bartocci', 'S Gao', 'SA Smolka']
     Venue … Applications of Formal Methods …
     Year 2014
     Abstract Research in formal methods is leading to mathematically rigorous techniques for ensur- ing the correct design and implementation. The behavior of Medical CPS is characterized by the nonlinear interaction between discrete (computing device) and continuous phenomena (the
     Url https://link.springer.com/chapter/10.1007/978-3-662-45231-8_25


     Search term "Continuous"+"Formal+methods"+"Medical"
     Title Continuous modeling of real-time and hybrid systems: from concepts to tools
     Author ['KG Larsen', 'B Steffen', 'C Weise']
     Venue International Journal on Software Tools for …
     Year 1997
     Abstract What this article is about: • Continuous time modeling • Formal methods: a key towards automation • The essence of discrete time modeling • Timed automata-based modeling • The power of drifting clocks • The nature of hybrid systems • The tools Kronos, Uppaal, HyTech
     Url https://link.springer.com/content/pdf/10.1007/s100090050006.pdf


     Search term "Continuous"+"Formal+methods"+"Medical"
     Title Formal methods for web security
     Author ['M Bugliesi', 'S Calzavara', 'R Focardi']
     Venue … of Logical and Algebraic Methods in …
     Year 2017
     Abstract There are many reasons why approaching web security with formal methods is hard, we discuss the most important ones based on our  First, there is a continuous evolution in the specifications, corresponding to limitations and security threats being routinely discovered and fixed
     Url https://www.sciencedirect.com/science/article/pii/S2352220816301055


     Search term "Continuous"+"Formal+methods"+"Medical"
     Title A formal methods approach to semiotic engineering
     Author ['AJ Abbate', 'EJ Bass']
     Venue International Journal of Human-Computer Studies
     Year 2018
     Abstract approach and the research gap at the intersection of formal methods and semiotic engineering. Section 3 describes procedural steps of BIGSIS. Section 4 describes the three syntaxes and logic of the translator. Section 5 demonstrates an application with a medical device case
     Url https://www.sciencedirect.com/science/article/pii/S1071581918300594


     Search term "Continuous"+"Formal+methods"+"Medical"
     Title The role of formal methods in achieving dependable software
     Author ['M Thomas']
     Venue Reliability Engineering & System Safety
     Year 1994
     Abstract In contrast, the behaviour of computer systems is not continuous: it is inherently made up  of detail) are drawn from aviation, railway vehicle control, nuclear power, medical systems and  control, illustrating the range of industry sectors which have adopted formal methods to some
     Url https://www.sciencedirect.com/science/article/pii/0951832094900582


     Search term "Continuous"+"Formal+methods"+"Medical"
     Title Formal methods in dependable systems engineering: A survey of professionals from Europe and North America
     Author ['M Gleirscher', 'D Marmsoler']
     Venue Empirical Software Engineering
     Year 2020
     Abstract Hall (1990) and Bowen and Hinchey (1995a) illuminate 14 myths (eg “formal methods are unnecessary”), providing their insights on when FMs  his keynote, O'Hearn (2018) conveys positive experiences in scaling FMs through adequate tool support for continuous reasoning in
     Url https://link.springer.com/article/10.1007/s10664-020-09836-5


     Search term "Continuous"+"Formal+methods"+"Medical"
     Title Encapsulating formal methods within domain specific languages: A solution for verifying railway scheme plans
     Author ['P James', 'M Roggenbach']
     Venue Mathematics in Computer Science
     Year 2014
     Abstract Page 9. Encapsulating Formal Methods 19 Fig  6 has the naturals with the standard interpretations as its model, ie, discrete time is a possible model. It also has the non-negative reals as a model, ie, dense continuous time is a possible model as well
     Url https://link.springer.com/article/10.1007%252Fs11786-014-0174-0


     Search term "Continuous"+"Formal+methods"+"Medical"
     Title Toward patient safety in closed-loop medical device systems
     Author ['D Arney', 'M Pajic', 'JM Goldman', 'I Lee']
     Venue Proceedings of the 1st …
     Year 2010
     Abstract Systems]: Real-time and embedded systems; D.2.4 [Software/Program Verification]: Formal methods; D.4.5  Such reasoning is necessary for medical devices, which have to be approved for  arises from the complexity of a complex interplay between the continuous dynamics of
     Url https://dl.acm.org/doi/abs/10.1145/1795194.1795214


     Search term "Continuous"+"Formal+methods"+"Medical"
     Title Using task analytic behavior modeling, erroneous human behavior generation, and formal methods to evaluate the role of human-automation interaction in …
     Author ['ML Bolton']
     Venue NA
     Year 2010
     Abstract disaster at Three Mile Island [158]; and the death of medical patients with the Therac-25  work can be categorized based on the type of analyses the formal methods have been used  Continuous feedback All human operator actions must produce a change in in- terface state that
     Url http://fhsl.eng.buffalo.edu/publications/BoltonDissertation2010.pdf


     Search term "Continuous"+"Formal+methods"+"Medical"
     Title Integrating Software Safety and Product Line Engineering using Formal Methods: Challenges and Opportunities.
     Author ['M Becker', 'S Kemmann', 'KC Shashidhar']
     Venue SPLC Workshops
     Year 2010
     Abstract We mention it explicitly for the medical devices domain because their standard is the most  B. Integration using Formal Methods In order to meet the described challenges, while keeping costs  way towards rigorous formal models and methods is of course a continuous process
     Url https://www.academia.edu/download/31406631/SPLC2010_second_volume.pdf#page=141


     Search term "Continuous"+"Formal+methods"+"Medical"
     Title Medical cyber physical systems
     Author ['I Lee', 'O Sokolsky']
     Venue Design automation conference
     Year 2010
     Abstract wider use of network connectivity in MCPS, and demand for continuous patient monitoring  Real-time and embedded systems; D.2.4 [Software/Program Verification]: Formal methods; D.4.5  Systems and Software]: Distributed sys- tems; J.3 [Life and Medical Sciences]: Medical
     Url https://ieeexplore.ieee.org/abstract/document/5523270/


     Search term "Continuous"+"Formal+methods"+"Medical"
     Title Demand-driven Evolution of IT Systems in Healthcare
     Author ['R Lenz', 'F Buessecker', 'H Herlofsen']
     Venue … of information in …
     Year 2005
     Abstract Conclusions: Process improvement is feasible and effective when formal methods for process analysis  Antecedents of the people and organizational aspects of medical informatics: review of  Towards a Continuous Evolution and Adaptation of Information Systems in Healthcare
     Url https://www.thieme-connect.com/products/ejournals/abstract/10.1055/s-0038-1633916


     Search term "Continuous"+"Formal+methods"+"Medical"
     Title Enhancing continuous learning: Diagnostic findings from multiple companies
     Author ['SI Tannenbaum']
     Venue … : Published in Cooperation with the School of …
     Year 1997
     Abstract up- wards of $30 billion per year on formalized training, and other less formal methods of learning  Appropriate training policies and practices should enhance continuous learning  and then administered to 337 people at five orga- nizations (ie, manufacturing, medical, finan- cial
     Url https://onlinelibrary.wiley.com/doi/abs/10.1002/(SICI)1099-050X(199724)36:4%3C437::AID-HRM7%3E3.0.CO;2-W


     Search term "Continuous"+"Formal+methods"+"Medical"
     Title The 2020 expert survey on formal methods
     Author ['H Garavel', 'MH ter Beek', 'J van de Pol']
     Venue … Conference on Formal Methods for …
     Year 2020
     Abstract Finally, only a few concrete missed opportunities are mentioned, like: “we have probably missed an opportunity to introduce formal methods in the design of medical devices”; “there are so many domains with domain-specific languages that could greatly benefit from the formal
     Url https://link.springer.com/chapter/10.1007/978-3-030-58298-2_1


     Search term "Continuous"+"Formal+methods"+"Medical"
     Title Building a formal model of a human-interactive system: Insights into the integration of formal methods and human factors engineering
     Author ['ML Bolton', 'EJ Bass']
     Venue NA
     Year 2009
     Abstract has contributed to between 44,000 and 98,000 deaths nationwide every year in medical practice [12  and uses them to draw conclusions about the feasibility of using formal methods to inform  is able to specify all of the following: whether to use periodic or continuous doses of
     Url https://ntrs.nasa.gov/search.jsp?R=20100024467


     Search term "Continuous"+"Formal+methods"+"Medical"
     Title Rooting Formal Methods within Higher Education Curricula for Computer Science and Software Engineering--A White Paper
     Author ['A Cerone', 'M Roggenbach', 'J Davenport']
     Venue arXiv preprint arXiv …
     Year 2020
     Abstract Rooting Formal Methods within Higher Education Curricula  Abstract. This white paper argues that formal methods need to be better rooted in higher education curricula for computer science and software engineering programmes of study
     Url https://arxiv.org/abs/2010.05708


     Search term "Continuous"+"Formal+methods"+"Medical"
     Title Using Formal Methods to Improve Safety of Home-Use Medical Devices
     Author ['A Banerjee', 'Y Zhang', 'P Jones', 'SKS Gupta']
     Venue NA
     Year NA
     Abstract Title: Using Formal Methods to Improve Safety of Home-Use Medical Devices  known as closed-loop control, not only facilitates early detection of adverse medical conditions [1, 2  Automata (HA) [11] provides a mathematical means of describing both the continuous and discrete
     Url https://impact.asu.edu/wp-content/uploads/2018/09/BanerjeeAAMIRevisedVersion.pdf


     Search term "Continuous"+"Formal+methods"+"Medical"
     Title The state-of-the-art in formal methods
     Author ['M Barjaktarovic', 'M Nassiff']
     Venue … for Rome Research Site, Formal Methods …
     Year 1998
     Abstract tools. For example, the popular model checker SPIN comes from Bell Laboratories. Financial industry, medical industry, and the security industry are also beginning to use formal methods, and the list is growing. For example
     Url http://www.cs.utexas.edu/users/csed/formal-methods/docs/StateFM.pdf

