Showing papers for search query "Continuous"+"Regulated+Environment"+"Traceability"

     Search term "Continuous"+"Regulated+Environment"+"Traceability"
     Title Scaling agile methods to regulated environments: An industry case study
     Author ['B Fitzgerald', 'KJ Stol', "R O'Sullivan"]
     Venue 2013 35th International …
     Year 2013
     Abstract these tension points and illustrate through a detailed case study how an agile approach was implemented successfully in a regulated environment. Among the interesting concepts to emerge from the research are the notions of continuous compliance and living traceability
     Url https://ieeexplore.ieee.org/abstract/document/6606635/


     Search term "Continuous"+"Regulated+Environment"+"Traceability"
     Title Effective information access and automated traceability in fruit export chains in South Africa
     Author ['A Evans']
     Venue South African Journal of Information Management
     Year 2006
     Abstract 4.2 Common messaging standards 4.3 Single global registry and continuous data synchronization 4.4  Key words: Information access, automated traceability, fruit export chains  The limitations of the regulated environment eventually led to deregulation in August 1997 and to the
     Url https://journals.co.za/content/info/8/4/AJA1560683X_295


     Search term "Continuous"+"Regulated+Environment"+"Traceability"
     Title Food Safety: The Value of LIMS in This Regulated Environment
     Author ['C Thurston']
     Venue American laboratory
     Year 2009
     Abstract The Egg Products Inspection Act (EPIA) mandates continuous inspec- tion of products, business premises, facili- ties, inventory, and operations  Batch traceability is key in the effort to monitor product quality, effectively man- age any recalls, and limit product loss. The
     Url http://origin-www.thermoscientific.de/content/dam/tfs/ATG/CMD/CMD%20Marketing%20Material/AutomationCollateral/Food-Safety-The-Value-of-LIMS-in-this-Regulated-Environment.pdf


     Search term "Continuous"+"Regulated+Environment"+"Traceability"
     Title DevOps in an ISO 13485 Regulated Environment: A Multivocal Literature Review
     Author ['MF Lie', 'M Sánchez-Gordón']
     Venue Proceedings of the 14th …
     Year 2020
     Abstract Formalizing the change management process according to medical device standards enforce requirements for effective traceability  in DevOps [22], the relationship of DevOps to Agile, Lean and Continuous Deployment [19  DevOps in an ISO 13485 Regulated Environment
     Url https://dl.acm.org/doi/abs/10.1145/3382494.3410679


     Search term "Continuous"+"Regulated+Environment"+"Traceability"
     Title Lean/agile software development methodologies in regulated environments–state of the art
     Author ['O Cawley', 'X Wang', 'I Richardson']
     Venue International Conference on Lean …
     Year 2010
     Abstract we aim to shift the focus of safety- critical software development to more continuous and incremental  As we might expect in a regulated environment, there is a burden of proof which must be  a regulation point of view, it is imperative that there is full traceability right throughout
     Url https://link.springer.com/chapter/10.1007/978-3-642-16416-3_4


     Search term "Continuous"+"Regulated+Environment"+"Traceability"
     Title … of interlaboratory comparison in length measurement as a prerequisite for raising the accuracy of measurement and development of measurement traceability
     Author ['H Bašić', 'A Softić']
     Venue NA
     Year 2010
     Abstract based on mutual confidence and manifest the final result of a continuous and close  staff, validated and tested methods, comprehensive quality systems, and traceability to appropriate  In an increasingly regulated environment, however, laboratories are under greater pressure to
     Url http://citeseerx.ist.psu.edu/viewdoc/download?doi=10.1.1.402.6451&rep=rep1&type=pdf


     Search term "Continuous"+"Regulated+Environment"+"Traceability"
     Title Metrics to Meet Security & Privacy Requirements with Agile Software Development Methods in a Regulated Environment
     Author ['TJ Wagner', 'TC Ford']
     Venue 2020 International Conference on …
     Year 2020
     Abstract This could be mitigated with model-based systems engineering tools that automate traceability  metrics, DevOps has a strong ability to meet software regulated environment attributes, as it  because of two DevOps practices: collaborative development and continuous testing [44]
     Url https://ieeexplore.ieee.org/abstract/document/9049681/


     Search term "Continuous"+"Regulated+Environment"+"Traceability"
     Title Agile practices in regulated railway software development
     Author ['H Jonsson', 'S Larsson']
     Venue 2012 IEEE 23rd …
     Year 2012
     Abstract AND PROBLEMATIC FEATURES OF AGILE PRACTICES IN AN EN 50128 REGULATED ENVIRONMENT Agile Practice  Planning Game Taking iterations into account Traceability  Continuous Integration Controlled test environment Automated dynamic verification
     Url https://ieeexplore.ieee.org/abstract/document/6405469/


     Search term "Continuous"+"Regulated+Environment"+"Traceability"
     Title … 9001-2008 and the FDA quality system regulation for medical devices: A guide for quality professionals who need to adapt to an FDA regulated environment
     Author ['D Greetham']
     Venue NA
     Year 2010
     Abstract ISO 9001-2008 AND THE FDA QUALITY SYSTEM REGULATION FOR MEDICAL DEVICES: A GUIDE FOR QUALITY PROFESSIONALS WHO NEED TO ADAPT TO AN FDA REGULATED ENVIRONMENT A Thesis  62 Identification and Traceability, Packaging and Labeling
     Url http://search.proquest.com/openview/88207dec533cc49ee17be4dbb8e8484e/1?pq-origsite=gscholar&cbl=18750&diss=y


     Search term "Continuous"+"Regulated+Environment"+"Traceability"
     Title Agile software development with verification and validation in high assurance and regulated environments
     Author ['D Leffingwell', 'M Meissner', 'C Langenfeld']
     Venue NA
     Year NA
     Abstract [Not Found]
     Url [Not Found]


     Search term "Continuous"+"Regulated+Environment"+"Traceability"
     Title Software System Architecture Development in a Regulated Environment
     Author ['M Tarvainen']
     Venue NA
     Year 2018
     Abstract are often part of safety critical devices [7, p. 3]. 2.1 The Regulated Environment The regulated environment addressed in this thesis stands for medical and In Vitro  Page 14. 6 The UDI requirement is expected to improve traceability of devices especially in case of
     Url https://www.theseus.fi/handle/10024/155106


     Search term "Continuous"+"Regulated+Environment"+"Traceability"
     Title Adapting Agile in Regulated (Pharmaceutical) Environment
     Author ['PK Shah']
     Venue NA
     Year 2017
     Abstract The complexity of agility in regulated environment is; the documentative approach; required by FDA. Like medical device  The application of agile principle makes process more robust. Agile is to make continuous improvement when needed, that's what regulators want from
     Url http://digitalcommons.harrisburgu.edu/cgi/viewcontent.cgi?article=1023&context=pmgt_dandt


     Search term "Continuous"+"Regulated+Environment"+"Traceability"
     Title ARES: An Agile Requirements Specification Process for Regulated Environments
     Author ['J Marques', 'AM da Cunha']
     Venue International Journal of Software …
     Year 2019
     Abstract This work explains that agile methods can provide bene¯ts, but points out the main di±culties in regulated environment  The paper also discusses the requirements traceability problem in agile software development and the relationships between the traceability and refactoring
     Url https://www.worldscientific.com/doi/abs/10.1142/S021819401950044X


     Search term "Continuous"+"Regulated+Environment"+"Traceability"
     Title Interactions between traceability, governance mechanisms and transaction elements
     Author ['M van Velzen']
     Venue NA
     Year 2013
     Abstract Page 1. Interactions between traceability, governance mechanisms and transaction elements  The RFID Traceability preferred Information asymmetry in upstream processes Low task observation High uncertainty about product quality or quantity
     Url https://edepot.wur.nl/272910


     Search term "Continuous"+"Regulated+Environment"+"Traceability"
     Title Equipment and analytical companies meeting continuous challenges. May 20–21, 2014 Continuous Manufacturing Symposium
     Author ['T Page', 'H Dubina', 'G Fillipi', 'R Guidat']
     Venue Journal of …
     Year 2015
     Abstract Rigorous material traceability within a continuous process requires a high level of expertise  including measurement, supervisory control, and final control element will provide continuous prediction of  Instruments are well proven when used in a regulated environment; there is a
     Url https://onlinelibrary.wiley.com/doi/abs/10.1002/jps.24282


     Search term "Continuous"+"Regulated+Environment"+"Traceability"
     Title Process analytical technology in continuous manufacturing of a commercial pharmaceutical product
     Author ['JM Vargas', 'S Nielsen', 'V Cárdenas', 'A Gonzalez']
     Venue International journal of …
     Year 2018
     Abstract International Journal of Pharmaceutics. Volume 538, Issues 1–2, 1 March 2018, Pages 167-178. International Journal of Pharmaceutics. Process analytical technology in continuous manufacturing of a commercial pharmaceutical product  2.2. Continuous manufacturing system
     Url https://www.sciencedirect.com/science/article/pii/S0378517318300036


     Search term "Continuous"+"Regulated+Environment"+"Traceability"
     Title Fit-for-purpose quality control system in continuous bioanalysis during long-term pediatric studies
     Author ['M Ali', 'J Tins', 'BB Burckhardt', 'LENA Consortium']
     Venue The AAPS journal
     Year 2019
     Abstract as part of GCLP for receiving, processing, storage, specimen detail, and traceability of the  as the stability of analytes of interest is often limited and needing continuous bioanalysis  should met the high-quality requirements known for clinical studies in a regulated environment
     Url https://link.springer.com/article/10.1208/s12248-019-0375-1


     Search term "Continuous"+"Regulated+Environment"+"Traceability"
     Title AN ANALYSIS OF SOFTWARE REQUIREMENTS SPECIFICATION CHARACTERISTICS IN REGULATED ENVIRONMENTS
     Author ['J Marques', 'S Yelisetty']
     Venue NA
     Year NA
     Abstract requirements [1]. The development of safety-critical systems is usually part of a regulated environment  Requirement traceability is defined by Gotel & Finkelstein [36] as “the ability to describe  to its subsequent deployment and use, and to periods of continuous refinement and
     Url https://www.academia.edu/download/61416163/10619ijsea0120191203-123971-eytknk.pdf


     Search term "Continuous"+"Regulated+Environment"+"Traceability"
     Title Continuous integration impediments in large-scale industry projects
     Author ['T Mårtensson', 'D Ståhl', 'J Bosch']
     Venue 2017 IEEE International …
     Year 2017
     Abstract Page 1. Continuous Integration Impediments in Large-Scale Industry Projects Torvald  mainline. Further on, the paper describes the continuous integration behaviors in projects where up to 1,000 developers commit to the same mainline
     Url https://ieeexplore.ieee.org/abstract/document/7930214/


     Search term "Continuous"+"Regulated+Environment"+"Traceability"
     Title Understanding the Benefits of Agile Software Development in Regulated Environments
     Author ['J Karrenbauer', 'M Wiesche', 'H Krcmar']
     Venue NA
     Year 2019
     Abstract There are strict requirements for the reliability and traceability of the products and their development  Continuous process improvement is characteristic for an agile environment. This is particularly helpful in a regulated environment due to the existing rigidity and necessary
     Url https://aisel.aisnet.org/wi2019/track07/papers/5/


     Search term "Continuous"+"Regulated+Environment"+"Traceability"
     Title Agile software development requires an agile approach for computer system validation of clinical trials software products
     Author ['W Kuchinke', 'C Krauth']
     Venue eChallenges e-2014 …
     Year 2014
     Abstract agile approaches can offer conditions for effective quality management, documented traceability and even  support of testing, we use Jenkins [29] that provides continuous integration services  the agile sprint cycles to software employed in a regulated environment, authors have
     Url https://ieeexplore.ieee.org/abstract/document/7058150/


     Search term "Continuous"+"Regulated+Environment"+"Traceability"
     Title Introducing automation to a regulated laboratory–an experience report
     Author ['M Gröschl']
     Venue NA
     Year 2020
     Abstract In contrast to manual work, this allows for full traceability of all actions at any time  features, such as audit trails and electronic signatures are most beneficial in the regulated environment, since this  Reliability of the data is based on the continuous monitoring of the robotic system
     Url https://www.future-science.com/doi/full/10.4155/bio-2020-0118


     Search term "Continuous"+"Regulated+Environment"+"Traceability"
     Title Software Development in the FDA-Regulated World: Why Test Only When We're “Done”?
     Author ['R Morsicato', 'B Shoemaker']
     Venue NA
     Year NA
     Abstract if caregiver overrides device's "incorrect weight change detected" alarm. (Device used for continuous solute and/or fluid removal in patients with acute renal failure.) ∎ March 15, 2005: Infusion pump fails if receives data Serial
     Url http://shoebarassoc.com/uploads/1/4/8/8/14885450/agilevancouver_nov2006_swdevelfdaworld.pdf


     Search term "Continuous"+"Regulated+Environment"+"Traceability"
     Title Regulated software development–an onerous transformation
     Author ['O Cawley', 'X Wang', 'I Richardson']
     Venue International Symposium on …
     Year 2012
     Abstract SDLC which promotes test driven development (Beck, 2002) and continuous integration (Hibbs  When moving from an unregulated into a regulated environment, unless the work processes  in physical activities such as recording test results or maintaining traceability, but equally
     Url https://link.springer.com/chapter/10.1007/978-3-642-39088-3_5


     Search term "Continuous"+"Regulated+Environment"+"Traceability"
     Title European Conference, November 13–15, 2006, by
     Author ['W De Bruyn', 'B Van Vreckem']
     Venue THE WBF BOOK SERIES--ISA 88 …
     Year 2011
     Abstract The advanced data acquisition, analysis, and reporting facilities in an MES allow for full traceability of produced  MES ROLL-OUT IN A REGULATED ENVIRONMENT| 181  master's degree) and studies in the industry for practice training of ICT students and continuous education
     Url https://books.google.com/books?hl=en&lr=&id=SyBsubOC3iwC&oi=fnd&pg=PA173&dq=%22Continuous%22+%22Regulated+Environment%22+%22Traceability%22&ots=ArWmC7XmOf&sig=RUcvimS427O9fx0wOUQ64vgsSeM


     Search term "Continuous"+"Regulated+Environment"+"Traceability"
     Title Proof of concept of an RFID-enabled supply chain in a B2B e-commerce environment
     Author ['Y Bendavid', 'SF Wamba', 'LA Lefebvre']
     Venue Proceedings of the 8th …
     Year 2006
     Abstract With increased public scrutiny and a regulated environment that offers them limited options to generate  to automate manual tasks, reduce human errors, and improve the traceability and availability  with a wireless network, an RFID system allows access to continuous real-time
     Url https://dl.acm.org/doi/abs/10.1145/1151454.1151461


     Search term "Continuous"+"Regulated+Environment"+"Traceability"
     Title Agile development in a medical device company
     Author ['PA Rottier', 'V Rodrigues']
     Venue Agile 2008 Conference
     Year 2008
     Abstract the first conflict between the classical Scrum approach and our highly regulated environment became evident  The alternative had to show the same traceability as the original approach while  standard has a significant focus on safety and prescribes a continuous assessment of
     Url https://ieeexplore.ieee.org/abstract/document/4599480/


     Search term "Continuous"+"Regulated+Environment"+"Traceability"
     Title Ovum Decision Matrix: Selecting an Application Lifecycle Management Solution, 2016–17
     Author ['M Azoff']
     Venue NA
     Year 2016
     Abstract product manufacturing, as well as in traditional enterprise IT and regulated environment software development  IT environment with a mix of tools, work item traceability is difficult  However, in engineering manufacturing, the DevOps concept of continuous engineering delivery is
     Url https://intland.com/wp-content/uploads/2016/03/Intland_SWOT_Selecting-an-Application-Lifecycle-Management-Solution_2016%E2%80%9317.pdf


     Search term "Continuous"+"Regulated+Environment"+"Traceability"
     Title Agile challenges within regulated healthcare environments
     Author ['M Jamot', 'M Pettersson']
     Venue NA
     Year 2016
     Abstract give a huge thanks to our supervisor, Eric Knauss, for the continuous great help  A regulated environment points to an area within industry where companies, and their products  The barriers identified include: lack of doc- umentation; traceability issues; regulatory compliance; lack
     Url https://odr.chalmers.se/handle/20.500.12380/238429


     Search term "Continuous"+"Regulated+Environment"+"Traceability"
     Title Model‐Based Systems Engineering as an Enabler for Regulatory Design Compliance
     Author ['J Dean', 'C Henderson', 'J Gardner']
     Venue INCOSE International …
     Year 2012
     Abstract tools and systems engineering best practices provides the confidence, traceability and structure  This early and continuous involvement helps capture manufacturing issues early, typically  used by Syncroness on large projects and projects that involve a regulated environment
     Url https://onlinelibrary.wiley.com/doi/abs/10.1002/j.2334-5837.2012.tb01473.x


     Search term "Continuous"+"Regulated+Environment"+"Traceability"
     Title Modern plasma fractionation
     Author ['T Burnouf']
     Venue Transfusion medicine reviews
     Year 2007
     Abstract In a regulated environment, plasma for fractionation is collected by licensed/registered blood  screening and donation testing; (b) labeling, documentation, and traceability requirements; and (c  Continuous epidemiologic surveillance of the donor population is being required in
     Url https://www.sciencedirect.com/science/article/pii/S0887796306000940


     Search term "Continuous"+"Regulated+Environment"+"Traceability"
     Title Life cycle management of analytical methods
     Author ['MK Parr', 'AH Schmidt']
     Venue Journal of Pharmaceutical and Biomedical Analysis
     Year 2018
     Abstract [Not Found]
     Url https://www.sciencedirect.com/science/article/pii/S0731708517312219


     Search term "Continuous"+"Regulated+Environment"+"Traceability"
     Title Transforming a large medical organization towards speed and flow
     Author ['T Jachmann']
     Venue 2019 IEEE/ACM 1st International Workshop on …
     Year 2019
     Abstract This is difficult in a regulated environment where a release with new features always means re  This way of working requires significant up-front and continuous investment in the architecture, in the  we strive to automate as much as possible, for example the traceability of our
     Url https://ieeexplore.ieee.org/abstract/document/8823882/


     Search term "Continuous"+"Regulated+Environment"+"Traceability"
     Title Challenges of Agile Practices Implementation in the Medical Device Software Development Methodologies
     Author ['M Kostic']
     Venue European Project Management Journal
     Year 2017
     Abstract "Continuous attention to technical excellence and good design enhances agility." 11  of iterative development with frequent releases of functional software, nor with fluent changes of requirements, which hinders traceability  Adopting Agile in an FDA regulated environment
     Url http://media.epmj.org/2017/12/7-2-4-Milos-Kostic.pdf


     Search term "Continuous"+"Regulated+Environment"+"Traceability"
     Title Applying standard independent verification and validation (IV&V) techniques within an Agile framework: Is there a compatibility issue?
     Author ['JD Arthur', 'JB Dabney']
     Venue 2017 Annual IEEE International …
     Year 2017
     Abstract describe an augmented Agile process model that scales up and supports documentation, traceability, and V&V  The model supports continuous V&V at the end of each iteration  Tim Hughes, JR Jenks, John Skach, "Adopting Agile in an FDA Regulated Environment", AGILE, 2009
     Url https://ieeexplore.ieee.org/abstract/document/7934770/


     Search term "Continuous"+"Regulated+Environment"+"Traceability"
     Title Magic Quadrant for Enterprise Agile Planning Tools
     Author ['KJ Mann', 'TE Murphy', 'M West']
     Venue Gartner, Inc
     Year 2018
     Abstract It also supports distributed teams, and shows a focus on the entire continuous integration/ continuous delivery (CI/CD) chain  Consider Inflectra if you are looking for a comprehensive ADLM solution for a regulated environment requiring traceability from requirements to
     Url https://aptasolutions.com/wp-content/uploads/2020/06/Rally-Software-Gartner-2020.pdf


     Search term "Continuous"+"Regulated+Environment"+"Traceability"
     Title An agile v-model for medical device software development to overcome the challenges with plan-driven software development lifecycles
     Author ['M Mc Hugh', 'O Cawley', 'F McCaffcry']
     Venue … in Health Care …
     Year 2013
     Abstract The FDA mandates that traceability be an integral part of a development process [16]  Some of the remaining practices to be examined for applicability include, Continuous Improvement, Definition of Done and Test Driven Development
     Url https://ieeexplore.ieee.org/abstract/document/6602471/


     Search term "Continuous"+"Regulated+Environment"+"Traceability"
     Title Moving an eInnovation from a living lab to the real world: Politically savvy framing in ITAIDE's beer living lab
     Author ['E Stijn', 'B Rukanova', 'A Wensley', 'YH Tan']
     Venue BLED 2009 Proceedings
     Year 2009
     Abstract by Hargrave and Van de Ven (2006) and about the politically savvy framing strategies that practitioners apply in their efforts to bring innovation to a highly regulated environment  While it allows for faster traceability of goods, it adds to the administrative burden for companies
     Url https://aisel.aisnet.org/cgi/viewcontent.cgi?article=1011&context=bled2009


     Search term "Continuous"+"Regulated+Environment"+"Traceability"
     Title NEW TECHNOLOGY SUPPLIER DEVELOPMENT IN REGULATED CONTRACT MANUFACTURING
     Author ['M Kulmala']
     Venue NA
     Year 2016
     Abstract The aspects to be taken into account more are a regulated environment and the triangle of owner (pharmaceutical company), supplier (technology supplier) and user (contract  shaping of the goals - continuous communication and introductory training for team members
     Url https://www.theseus.fi/handle/10024/108280


     Search term "Continuous"+"Regulated+Environment"+"Traceability"
     Title Discovering, analyzing, and managing safety stories in agile projects
     Author ['J Cleland-Huang', 'M Vierhauser']
     Venue 2018 IEEE 26th International …
     Year 2018
     Abstract They augmented Scrum with activities such as “sprint hardening” to address safety-critical concerns, “continuous compliance” (ie, audits and checkpoints at the end of each sprint), and “living traceability” (ie, automated, and tool supported traceability between artifacts)
     Url https://ieeexplore.ieee.org/abstract/document/8491141/


     Search term "Continuous"+"Regulated+Environment"+"Traceability"
     Title Software process improvement in the medical device industry
     Author ['F Mc Caffery', 'J Burton', 'V Casey']
     Venue Encyclopedia of software …
     Year 2010
     Abstract Alec Dorling InterSPICE Ltd., Cambridge, UK Abstract This entry considers medical device software development that takes place in a regulated environment  There was no traceability to existing IEEE software standards or IEC/ISO software engineering standards
     Url https://www.valcasey.eu/Medical%20Chapter.pdf


     Search term "Continuous"+"Regulated+Environment"+"Traceability"
     Title Agile–Is it Suitable for Medical Device Software Development?
     Author ['F McCaffery', 'K Trektere', 'O Ozcan-Top']
     Venue International Conference on …
     Year 2016
     Abstract practices such as Test Driven Development (TDD), automated testing and continuous integration  CrossRefGoogle Scholar. 6. Casey, V., Mccaffery, F.: Med-Trace: Traceability Assessment Method  Hughes, T., Jenks, JR, Skach, J.: Adopting agile in an FDA regulated environment
     Url https://link.springer.com/chapter/10.1007/978-3-319-38980-6_30


     Search term "Continuous"+"Regulated+Environment"+"Traceability"
     Title Managing data for regulated environments
     Author ['JG i Forné', 'AM Doñabeitia', 'PM Tarafa']
     Venue US Patent App. 15/018,828
     Year 2016
     Abstract US20160267150A1 - Managing data for regulated environments - Google Patents. Managing data for regulated environments. Download PDF Info. Publication number US20160267150A1. US20160267150A1 US15/018,828
     Url https://patents.google.com/patent/US20160267150A1/en


     Search term "Continuous"+"Regulated+Environment"+"Traceability"
     Title Implementing scrum as an it project management agile methodology in a large scale institution
     Author ['E Gonçalves', 'E Lopes']
     Venue European Conference on Research …
     Year 2014
     Abstract Regulated environment are subject to governmental or other entities regulation of the organization's  being of high importance in regulated environments, end-to-end traceability is guaranteed  unit testing and build automation, in order to ensure continuous integration, facilitating
     Url http://search.proquest.com/openview/9e37cff3f86b3d0d1d3fc8883d5920dc/1?pq-origsite=gscholar&cbl=1796413


     Search term "Continuous"+"Regulated+Environment"+"Traceability"
     Title Definition and deployment of quality tools for quality and uptime improvement in a manufacturing environment
     Author ['KG Arzola']
     Venue NA
     Year 2006
     Abstract the manufacturing shop-floor. 2. Design of a Production-Quality-Engineering process change model to facilitate continuous improvement within the FDA regulated environment. The incentive for addressing this issue is the fact that historically these functions or departments
     Url http://citeseerx.ist.psu.edu/viewdoc/download?doi=10.1.1.131.1944&rep=rep1&type=pdf


     Search term "Continuous"+"Regulated+Environment"+"Traceability"
     Title Good Practices for Computerised Systems in Regulated “Gxp” Environments
     Author ['PIC Scheme']
     Venue Pharmaceutical Inspection Convention, PI
     Year 2007
     Abstract 9.1 When utilising a computerised system within a regulated environment it is appropriate to establish system control documentation or a system description, [eg as required by GMP Annex 11(4)], 14 giving a written detailed description of
     Url http://tabrizpharma.com/wp-content/uploads/2019/09/pi-011-3-recommendation-on-computerised-systems.pdf


     Search term "Continuous"+"Regulated+Environment"+"Traceability"
     Title Logistical and Operational Practice in the Regulated Bioanalysis Laboratory
     Author ['P Bennett', 'RM LeLacheur']
     Venue Regulated Bioanalysis: Fundamentals and …
     Year 2017
     Abstract in the financial industry to ensure privacy, security, and traceability, and it has  liquid chromatography (UHPLC) versus traditional HPLC systems, the continuous search for  and research institutes supporting pharmaceutical research) now operate within a regulated
     Url https://link.springer.com/chapter/10.1007/978-3-319-54802-9_3


     Search term "Continuous"+"Regulated+Environment"+"Traceability"
     Title The agile transformation in traditional organisations in regulated environments: A case study in the automotive and aerospace industries
     Author ['C HEDLUND', 'A INGO']
     Venue NA
     Year 2018
     Abstract behaviour and culture. Finally, the study contributes with actions as to help companies pursuing agile transformation as well identifying a continuous need for research of agile methods in non-software environments. Keywords: Agile
     Url https://www.diva-portal.org/smash/record.jsf?pid=diva2:1258749


     Search term "Continuous"+"Regulated+Environment"+"Traceability"
     Title Adoption of agile methods in automotive software development
     Author ['K Berger']
     Venue NA
     Year 2020
     Abstract Nevertheless, the automotive domain is characterized as a strictly regulated environment, which limits the  (2016) explain that Service oriented architecture, which is needed for continuous improvement, can  In line with this, there are so called traceability matrices which show to
     Url http://essay.utwente.nl/81865/


     Search term "Continuous"+"Regulated+Environment"+"Traceability"
     Title Agile Methods
     Author ['B FITZGERALD']
     Venue NA
     Year NA
     Abstract SEIP track, Fitzgerald et al (2013) presents a case study of R-Scrum (Regulated Scrum), a term we coined to describe the tailoring of Scrum to meet the needs of a regulated environment. Other terms coined in this study include Continuous Compliance and Living Traceability
     Url https://www.brian-fitzgerald.com/agile-methods/

