Showing papers for search query "Continuous"+"FDA+Requirement"+"Traceability"

     Search term "Continuous"+"FDA+Requirement"+"Traceability"
     Title Using quality management systems for food traceability
     Author ['CM Laux', 'CR Hurburgh Jr']
     Venue Journal of Industrial Technology
     Year 2012
     Abstract While this is unlikely in practice, TI provides a method of continuous improvement supported by an objective target  A sign test for medians was done to answer if a grain elevator operating a QMS-based traceability system meets the FDA requirement for reporting re- sults
     Url https://lib.dr.iastate.edu/abe_eng_pubs/434/


     Search term "Continuous"+"FDA+Requirement"+"Traceability"
     Title Using Quality Management Systems to Meet Food Traceability Requirements of the Bioterrorism Act of 2002 (Best NAIT 2008 Conference Proceedings Paper)
     Author ['C Laux', 'CDC Hurburgh', 'MG Mosher']
     Venue Index of Authors
     Year NA
     Abstract TI provides a method of continuous improvement supported by an objective target for grain elevators  The length of time of the traceability processes was not impacted by their tracking  Since time is the only FDA requirement of grain elevators, then reporting results, no matter how
     Url https://www.researchgate.net/profile/Gretchen_Mosher/publication/265991338_Using_Quality_Management_Systems_to_Meet_Food_Traceability_Requirements_of_the_Bioterrorism_Act_of_2002_Best_NAIT_2008_Conference_Proceedings_Paper/links/54d372f10cf28e069728359d.pdf


     Search term "Continuous"+"FDA+Requirement"+"Traceability"
     Title Using quality management systems to meet food traceability requirements of the Bioterrorism Act of 2002
     Author ['CM Laux', 'CR Hurburgh Jr', 'GA Mosher']
     Venue NA
     Year 2008
     Abstract TI provides a method of continuous improvement supported by an objective target for grain elevators  The length of time of the traceability processes was not impacted by their tracking  Since time is the only FDA requirement of grain elevators, then reporting results, no matter how
     Url https://lib.dr.iastate.edu/abe_eng_conf/348/


     Search term "Continuous"+"FDA+Requirement"+"Traceability"
     Title Recent progress in continuous manufacturing of oral solid dosage forms
     Author ['V Vanhoorne', 'C Vervaet']
     Venue International Journal of Pharmaceutics
     Year 2020
     Abstract However, the initial research towards viable alternative continuous processing technology remains mostly driven through academia and equipment vendors  where they, as end-user, were unable to steer key design aspects such as dimensions, material flow and traceability
     Url https://www.sciencedirect.com/science/article/pii/S0378517320301782


     Search term "Continuous"+"FDA+Requirement"+"Traceability"
     Title Evaluating imaging and computer-aided detection and diagnosis devices at the FDA
     Author ['BD Gallas', 'HP Chan', "CJ D'Orsi", 'LE Dodd', 'ML Giger']
     Venue Academic radiology
     Year 2012
     Abstract JavaScript is disabled on your browser. Please enable JavaScript to use all the features on this page. Skip to main content Skip to article
     Url https://www.sciencedirect.com/science/article/pii/S1076633211006246


     Search term "Continuous"+"FDA+Requirement"+"Traceability"
     Title Establishing an FDA-compliant quality program at a corporate research center
     Author ['A Brust']
     Venue NA
     Year 2004
     Abstract compliance, simplified the structure of the quality manual compared to prior versions, allowed for continuous product improvement, and brought the research  traceability, process control, inspection and testing, control of non-conforming
     Url http://search.proquest.com/openview/a0fb2a18901b1cd0aa673febe25795b5/1?pq-origsite=gscholar&cbl=18750&diss=y


     Search term "Continuous"+"FDA+Requirement"+"Traceability"
     Title Safety of biologics, including biosimilars: perspectives on current status and future direction
     Author ['Y Ingrasciotta', 'PM Cutroneo', 'I Marcianò', 'T Giezen']
     Venue Drug safety
     Year 2018
     Abstract a corresponding decree), allowing interchangeability provided transparency, monitoring, and traceability of biosimilars can  continuous treatment with the originator infliximab, according to a pre-specified non  non-inferiority by the EMA but too wide based on the FDA requirement
     Url https://link.springer.com/article/10.1007/s40264-018-0684-9


     Search term "Continuous"+"FDA+Requirement"+"Traceability"
     Title Model‐Based Systems Engineering as an Enabler for Regulatory Design Compliance
     Author ['J Dean', 'C Henderson', 'J Gardner']
     Venue INCOSE International …
     Year 2012
     Abstract tools and systems engineering best practices provides the confidence, traceability and structure  This early and continuous involvement helps capture manufacturing issues early, typically achieves  Table 1: FDA Process Records FDA$Requirement$ Process$Record/Deliverable
     Url https://onlinelibrary.wiley.com/doi/abs/10.1002/j.2334-5837.2012.tb01473.x


     Search term "Continuous"+"FDA+Requirement"+"Traceability"
     Title Extending extreme programming to support life sciences regulations
     Author ['H Mehrfard']
     Venue NA
     Year 2010
     Abstract All this would not have been possible without their continuous support. Finally, I would like to express my sincere thanks to my colleagues for their valuable suggestions and timely efforts in my work with me. IV Page 5  25 3.2.1.3. Requirements Traceability Analysis 26 3.2.1.4
     Url https://spectrum.library.concordia.ca/979212/


     Search term "Continuous"+"FDA+Requirement"+"Traceability"
     Title Drug discovery and drug marketing with the critical roles of modern administration
     Author ['J Chen', 'X Luo', 'H Qiu', 'V Mackey', 'L Sun']
     Venue American Journal of …
     Year 2018
     Abstract trials. Ensuring the accuracy, completeness and traceability of test data is also the basic work of GCP institutions to comply with CFDA policies and regulations. Those  benefits. FDA requirement for drug production management. When
     Url https://www.ncbi.nlm.nih.gov/pmc/articles/PMC6325519/


     Search term "Continuous"+"FDA+Requirement"+"Traceability"
     Title Integrating failure mode effect analysis into the medical device approval process
     Author ['G Steinke', 'V Kurniawati']
     Venue … of the IIMA
     Year 2010
     Abstract realizing that the scale numbers represented discrete rather than continuous, settings  Specification (SRS), • Architecture Design Chart, • Software Design Specification (SDS), • Traceability Analysis, • Software  two areas to examine that are not included in the FDA requirement
     Url http://scholarworks.lib.csusb.edu/cgi/viewcontent.cgi?article=1142&context=ciima


     Search term "Continuous"+"FDA+Requirement"+"Traceability"
     Title Case study—post market product monitoring system
     Author ['V Hegde', 'K Konakanchi']
     Venue 2011 Proceedings-Annual Reliability …
     Year 2011
     Abstract The eDHR system helps to maintain this traceability  customer calls in with a complaint that the Continuous Positive Airway Pressure (CPAP) medical device does  Having a robust post market surveillance program is a FDA requirement for medical device manufacturers', but it is
     Url https://ieeexplore.ieee.org/abstract/document/5754520/


     Search term "Continuous"+"FDA+Requirement"+"Traceability"
     Title Fluidized bed drying of pharmaceutical materials: batch and continuous manufacturing
     Author ['H Chen']
     Venue NA
     Year 2019
     Abstract Page 2. FLUIDIZED BED DRYING OF PHARMACEUTICAL MATERIALS: BATCH AND CONTINUOUS MANUFACTURING By  Page 3. ii ABSTRACT OF THE DISSERTATION Fluidized Bed Drying of Pharmaceutical Materials: Batch and Continuous Manufacturing By HAO CHEN
     Url https://rucore.libraries.rutgers.edu/rutgers-lib/60621/


     Search term "Continuous"+"FDA+Requirement"+"Traceability"
     Title REGULATORY ASPECT OF PHARMACEUTICAL CHANGE CONTROL SYSTEM
     Author ['D Sharma', 'V Sharma']
     Venue Journal of Drug Delivery and Therapeutics
     Year 2011
     Abstract decision-making by qualified individuals as well as assure traceability back to  equipment, procedures, technology, material and organization are necessary for continuous improvement and  Reinforcement training, an FDA requirement, is targeted for performers to maintain their
     Url http://www.jddtonline.info/index.php/jddt/article/view/6


     Search term "Continuous"+"FDA+Requirement"+"Traceability"
     Title 2 Quality Management Systems and Risk Management
     Author ['JC Near']
     Venue Good Manufacturing Practices for Pharmaceuticals
     Year 2019
     Abstract and responsibilities 5. Data management 6. 7. Product quality 8. Continuous improvement The  3. Documentation control 4. Purchasing control 5. Product identification and traceability (at all  first, it is useful to understand the background for the FDA requirement for management
     Url https://books.google.com/books?hl=en&lr=&id=UOiIDwAAQBAJ&oi=fnd&pg=PA19&dq=%22Continuous%22+%22FDA+Requirement%22+%22Traceability%22&ots=1NRnTGhxfu&sig=Vb3vzAIy5lSUqnKyrlPKhySBb2k


     Search term "Continuous"+"FDA+Requirement"+"Traceability"
     Title Sysml activity models for applying iso 14971 medical device risk and safety management across the system lifecycle
     Author ['RJ Malins', 'J Stein', 'A Thukral']
     Venue INCOSE International …
     Year 2015
     Abstract information exchanges represent the continuous feedback between design and risk management that is  in to a complete requirements package, analyze requirements traceability to needs  lead to difficult decisions concerning product cost and the FDA requirement for lowest
     Url https://onlinelibrary.wiley.com/doi/abs/10.1002/j.2334-5837.2015.00077.x


     Search term "Continuous"+"FDA+Requirement"+"Traceability"
     Title The impacts of a formal quality management system: a case study of implementing ISO 9000 at Farmers Cooperative Co., Iowa
     Author ['CM Laux']
     Venue NA
     Year 2007
     Abstract This suggests a gap exists between knowledge of the standard and actual adoption by food/agriculture firms. ISO adoption compels process control, traceability of product information, and continuous improvement in practices to agribusiness (Clause, 2003). ISO would bring an
     Url https://lib.dr.iastate.edu/rtd/15941/


     Search term "Continuous"+"FDA+Requirement"+"Traceability"
     Title Chromatography, Industrial Scale, Validation: Checklists for Systems Compliance
     Author ['S Weinberg', 'CA Rockburne']
     Venue Encyclopedia of Industrial …
     Year 2009
     Abstract The FDA requirement 21 CFR Part 11 applies to all nonfi- nancial computer systems, including both  Demonstrate that each signing not performed in a continuous session uses all electronic signature  3. Are accountability records kept to permit forward and backward traceability
     Url https://onlinelibrary.wiley.com/doi/abs/10.1002/9780470054581.eib221


     Search term "Continuous"+"FDA+Requirement"+"Traceability"
     Title THE DEMISE OF RULE MAKING AND THE RISE OF GUIDANCES
     Author ['BM Thompson']
     Venue NA
     Year NA
     Abstract Other investigations focused on the effects of repeated heat-aging cycles and reported that cyclic exposure conditions are more detrimental to the mechanical properties of polycarbonate than are conditions of continuous exposure. 24,16
     Url https://www.mddionline.com/sitemap/articlepermonth/5/3?page=229


     Search term "Continuous"+"FDA+Requirement"+"Traceability"
     Title THE EVOLVING LANDSCAPE OF RHEUMATOLOGY: BIOSIMILARITY AND EXTRAPOLATION
     Author ['P Taylor', 'E Shacter', 'C Leonardi']
     Venue NA
     Year NA
     Abstract The current minimum FDA requirement is for one clinical PK/PD study that also  Responder analyses, by cutting continuous measures into 'responder' and 'non-responder groups', can  In particular, traceability is an important issue for pharmacovigilance of biosimilars, and the
     Url https://emj.emg-health.com/wp-content/uploads/sites/2/2018/02/The-Evolving-Landscape-of-Rheumatology-Biosimilarity-and-Extrapolation.pdf


     Search term "Continuous"+"FDA+Requirement"+"Traceability"
     Title Integrated biomedical information portal system and method
     Author ['AT Fagan', 'LAB Bond', 'AJ Foglia', 'MF Michael']
     Venue US Patent …
     Year 2009
     Abstract FDA audit trails and adverse effect analysis are but a few of the uses for the traceability feature  The quality management systems department supports the establishment, monitoring and continuous improvement of the quality system
     Url https://patents.google.com/patent/US7493265B2/en


     Search term "Continuous"+"FDA+Requirement"+"Traceability"
     Title Proactive supplier management in the medical device industry
     Author ['JB Shore', 'JA Freije']
     Venue NA
     Year 2016
     Abstract Page 1. James B. Shore and John A. Freije ASQ Quality Press Milwaukee, Wisconsin Page 2. American Society for Quality, Quality Press, Milwaukee 53203 © 2016 by ASQ All rights reserved. Library of Congress Cataloging
     Url https://books.google.com/books?hl=en&lr=&id=OKAmDAAAQBAJ&oi=fnd&pg=PT6&dq=%22Continuous%22+%22FDA+Requirement%22+%22Traceability%22&ots=MaRj2FSyjq&sig=MNtRtLte5LK9e6hIxksiG3vZKGE


     Search term "Continuous"+"FDA+Requirement"+"Traceability"
     Title Process Capability Calculations with Nonnormal Data in the Medical Device Manufacturing Industry
     Author ['JW Kwiecien']
     Venue NA
     Year 2017
     Abstract articles that specifically addressed the use of PCIs in medical device manufacturing. Medical manufacturing, because of the FDA requirement for lot traceability, offers a unique structure to overcome problems of nonnormality. Purpose of the Study
     Url http://scholarworks.waldenu.edu/cgi/viewcontent.cgi?article=4800&context=dissertations


     Search term "Continuous"+"FDA+Requirement"+"Traceability"
     Title BioPharma
     Author ['SS Biotech', 'SUDS Downstream']
     Venue NA
     Year NA
     Abstract policy and regulations, value of rapid microbiological methods, philosophy of continuous improvement and  The revised FDA requirement does not mention about demonstration of equivalency of alternate  Traceability to the source or isolation records, record of sub- cultures
     Url https://www.researchgate.net/profile/Rajesh_Gupta36/publication/266615210_Validation_of_Microbiological_Methods_-_Expectations_for_Regulatory_Compliance/links/54355c030cf2bf1f1f299521/Validation-of-Microbiological-Methods-Expectations-for-Regulatory-Compliance.pdf


     Search term "Continuous"+"FDA+Requirement"+"Traceability"
     Title Can design controls, as formulated in 21 CFR part 820.30, ensure that another poorly designed medical device like the Bjork-Shiley Convexo-Concave heart …
     Author ['P Lindwall']
     Venue NA
     Year 2009
     Abstract organs. It relies on the heart muscle or myocardium, heart valves, a network of vasculature, and nerves to function as expected and to provide the body (and paradoxically itself) with a continuous and consistent blood flow. On
     Url http://search.proquest.com/openview/fdf84f1c37683a44edd7f16186da6975/1?pq-origsite=gscholar&cbl=18750&diss=y


     Search term "Continuous"+"FDA+Requirement"+"Traceability"
     Title Facilitators and Barriers to Biosimilar Adoption: a Systematic Review of the Global Stakeholder Perspective
     Author ['S Nair']
     Venue NA
     Year 2020
     Abstract Page 1. FACILITATORS AND BARRIERS TO BIOSIMILAR ADOPTION: A SYSTEMATIC REVIEW OF THE GLOBAL STAKEHOLDER PERSPECTIVE A Thesis presented in partial fulfillment of requirements for the Master of Science of Pharmaceutical Sciences
     Url http://search.proquest.com/openview/4eeda6e6c41cf9f385a396e4ba6d82e8/1?pq-origsite=gscholar&cbl=18750&diss=y


     Search term "Continuous"+"FDA+Requirement"+"Traceability"
     Title Developing a measurement system for the pharmaceutical compliance process using the Balanced Scorecard
     Author ['G Bader']
     Venue NA
     Year 2007
     Abstract is an effective visual tool for compliance measurement, it is a whistle-blower in case of noncompliance, and is a continuous tracking system  under meaningful and logical perspectives and limits their number to the critical few, but maintains the visibility and traceability of these
     Url http://search.proquest.com/openview/5c32007f93951f8b9bf00e33810c1968/1?pq-origsite=gscholar&cbl=18750&diss=y


     Search term "Continuous"+"FDA+Requirement"+"Traceability"
     Title Current good manufacturing practice
     Author ['PA Hoppe', 'SA Kochman']
     Venue Simon TL, Snyder EL, Solheim BG …
     Year 2009
     Abstract Records for every lot must permit traceability and trackability of a product by both the  it is not acceptable to deviate from the SOP, even if the FDA requirement is met, unless  who have experienced lapses and made errors forms a vital step in continuous improvement programs
     Url https://onlinelibrary.wiley.com/doi/pdf/10.1002/9781444303513#page=1014


     Search term "Continuous"+"FDA+Requirement"+"Traceability"
     Title Selected cases of failure analysis and the regulatory agencies in Brazil. Part 1: Aviation, railway and health
     Author ['CRF Azevedo', 'AH Feller']
     Venue Engineering Failure Analysis
     Year 2019
     Abstract JavaScript is disabled on your browser. Please enable JavaScript to use all the features on this page. Skip to main content Skip to article
     Url https://www.sciencedirect.com/science/article/pii/S1350630718312354


     Search term "Continuous"+"FDA+Requirement"+"Traceability"
     Title A model process to control quality attributes of a medical device using process parameters
     Author ['A Estrada']
     Venue NA
     Year 2015
     Abstract iv ACKNOWLEDGEMENTS Thanks to Dr. John W. Sinn for the unselfish and continuous support given during  5 FDA requirement is simple in nature: demonstration by objective evidence that a process is capable of producing a product that meets the approved specifications
     Url http://search.proquest.com/openview/36d8cbb972f7cf5a0235c064a20a323d/1?pq-origsite=gscholar&cbl=18750&diss=y


     Search term "Continuous"+"FDA+Requirement"+"Traceability"
     Title The Impact of Total Quality Performance on Compliance
     Author ['C Medina']
     Venue DRUGS AND THE PHARMACEUTICAL SCIENCES
     Year 2004
     Abstract Ensure prompt reporting of unanticipated problems involving risk to human subjects, instances of serious, continuous noncompliance on the part  nonreportable events can prove to be very valuable during phase IV postmarketing studies, although this is not an FDA requirement
     Url http://ndl.ethernet.edu.et/bitstream/123456789/502/1/34.pdf#page=510


     Search term "Continuous"+"FDA+Requirement"+"Traceability"
     Title Cell therapy: cGMP facilities and manufacturing
     Author ['A Gee']
     Venue NA
     Year 2009
     Abstract Page 1. ADRIAN GEE EDITOR cGMP Facilities and Manufacturing Cell Therapy Page 2. Cell Therapy Page 3. Adrian Gee Editor Cell Therapy cGMP Facilities and Manufacturing 123 Page 4. Editor Adrian Gee Baylor College
     Url https://books.google.com/books?hl=en&lr=&id=8NoVoEzSgyYC&oi=fnd&pg=PR13&dq=%22Continuous%22+%22FDA+Requirement%22+%22Traceability%22&ots=HzVODkpcNi&sig=vEeYzIbmr7JsNjWg25N1KPx6_dw


     Search term "Continuous"+"FDA+Requirement"+"Traceability"
     Title Mission-critical and safety-critical systems handbook: Design and development for embedded applications
     Author ['K Fowler']
     Venue NA
     Year 2009
     Abstract 159 2.5 Subpart D—Document Controls.....159 2.6 Subpart E—Purchasing Controls.....161 2.7 Subpart F—Identification and Traceability.....162 2.8 Subpart G—Production and
     Url https://books.google.com/books?hl=en&lr=&id=zJAFv6MrcAgC&oi=fnd&pg=PP1&dq=%22Continuous%22+%22FDA+Requirement%22+%22Traceability%22&ots=r8tjeOHPTU&sig=OZLWdNuJXJGMRPWO-CERmDeoAnI


     Search term "Continuous"+"FDA+Requirement"+"Traceability"
     Title Best practices in mission-assured, mission-critical, and safety-critical systems
     Author ['K Fowler']
     Venue Mission-Critical and Safety-Critical Systems Handbook
     Year 2010
     Abstract Disposal, FDA requirement for supplier to track, record, and dispose, As required by customer or by  industry such as part accountability, foreign object detection, production documentation, part identification, and part traceability  Quality measurement and continuous improvement
     Url https://www.sciencedirect.com/science/article/pii/B9780750685672000019


     Search term "Continuous"+"FDA+Requirement"+"Traceability"
     Title Cell Therapy
     Author ['A Gee']
     Venue NA
     Year NA
     Abstract Page 1. ADRIAN GEE EDITOR cGMP Facilities and Manufacturing Cell Therapy Page 2. Cell Therapy Page 3. Adrian Gee Editor Cell Therapy cGMP Facilities and Manufacturing 123 Page 4. Editor Adrian Gee Baylor College
     Url https://link.springer.com/content/pdf/10.1007/b102110.pdf


     Search term "Continuous"+"FDA+Requirement"+"Traceability"
     Title NIST-EEEL
     Author ['EI Assessment']
     Venue Economic Analysis
     Year 2000
     Abstract Continuous effort to maintain the private investments in high-speed metrology  traceable to NIST's standards, rather than the historical FDA requirement of ± 20 percent measurement accuracy  The more stringent requirement for absolute standards traceability represents a
     Url https://www.nist.gov/system/files/documents/tpo/No-14-PR-00-3-Fiberoptic.pdf


     Search term "Continuous"+"FDA+Requirement"+"Traceability"
     Title Concurrent engineering reflections on minimizing contamination in processing fresh meat and fish
     Author ['A Temba']
     Venue NA
     Year 2013
     Abstract and factors that local managers from fresh meat and fish processing establishments practice in controlling raw product traceability during the cutting, packaging, and  Hazard analysis of critical control point (HACCP). An FDA requirement, based
     Url http://search.proquest.com/openview/06f38a67fd282985575d7d0fe56a133e/1?pq-origsite=gscholar&cbl=18750&diss=y


     Search term "Continuous"+"FDA+Requirement"+"Traceability"
     Title Scoping Study on Reducing Unnecessary Regulatory Burdens in the Philippine Food Manufacturing Industry
     Author ['NM Manalili']
     Venue NA
     Year 2017
     Abstract Page 1. For comments, suggestions or further inquiries please contact: Philippine Institute for Development Studies Surian sa mga Pag-aaral Pangkaunlaran ng Pilipinas The PIDS Discussion Paper Series constitutes studies that are preliminary and subject to further revisions
     Url https://think-asia.org/handle/11540/7341


     Search term "Continuous"+"FDA+Requirement"+"Traceability"
     Title Microbiological monitoring of bivalve mollusc harvesting areas guide to good practice: technical application
     Author ['H Areas']
     Venue NA
     Year 2006
     Abstract Page 1. Microbiological Monitoring of Bivalve Mollusc Harvesting Areas Guide to Good Practice: Technical Application EU Working Group on the Microbiological Monitoring of Bivalve Mollusc Harvesting Areas Issue 7: December 2018
     Url http://www.marinemonitoring.org/wp-content/uploads/2019/02/20181231gpg_issue-7-final.pdf


     Search term "Continuous"+"FDA+Requirement"+"Traceability"
     Title Scoping Study and Research Strategy Development on Currently Known and Emerging Contaminants Influencing Drinking Water Quality: Main report
     Author ['HG Patterton']
     Venue NA
     Year 2013
     Abstract 43 Page 7. vii 6.9 Continuous quality assurance throughout analysis ..... 43 7 Results ..... 44
     Url http://www.wrc.org.za/wp-content/uploads/mdocs/2093-1-13.pdf


     Search term "Continuous"+"FDA+Requirement"+"Traceability"
     Title Microbiological monitoring of bivalve mollusc harvesting areas-Guide to good practice: technical application
     Author ['G Arcangeli', 'T Bjergskov', 'C Butler', 'P Caricato']
     Venue NA
     Year 2014
     Abstract Page 1. Microbiological Monitoring of Bivalve Mollusc Harvesting Areas Guide to Good Practice: Technical Application EU Working Group on the Microbiological Monitoring of Bivalve Mollusc Harvesting Areas Issue 5: June 2014
     Url https://archimer.ifremer.fr/doc/00291/40250/38626.pdf


     Search term "Continuous"+"FDA+Requirement"+"Traceability"
     Title Mesenchymal Stromal Cells: Translational Pathways to Clinical Adoption
     Author ['H Peiman', 'S Viswanathan']
     Venue NA
     Year 2016
     Abstract [Not Found]
     Url [Not Found]


     Search term "Continuous"+"FDA+Requirement"+"Traceability"
     Title EUPASS Technology Roadmap V. 2.0
     Author ['M Onori', 'J Barata', 'C Hanisch']
     Venue NA
     Year 2009
     Abstract Page 1. Outlook Report on the Future of European Assembly Automation January 2009 Mauro Onori ISBN 91-7178-522-1 ISBN 978-91-7178-522-0 © EUPASS Copyright Page 2. EUPASS – OUTLOOK REPORT JANUARY 2009 Page 2 CONTENTS
     Url https://www.diva-portal.org/smash/get/diva2:370147/FULLTEXT01.pdf


     Search term "Continuous"+"FDA+Requirement"+"Traceability"
     Title The understanding and prevention of technology-induced errors in electronic health records: A path toward health information technology resilience
     Author ['S Palojoki']
     Venue NA
     Year 2017
     Abstract Page 1. Dissertations in Social Sciences and Business Studies PUBLICATIONS OF THE UNIVERSITY OF EASTERN FINLAND D IS S E R T A T IO N S | S A R IP A L O JO K I | T H EU N D E R S T A N D IN GA N DP R E V E N T IO NO FT E C H N O L O G Y ... | N o 14 4
     Url https://erepo.uef.fi/bitstream/handle/123456789/18011/urn_isbn_978-952-61-2460-5.pdf?sequence=1


     Search term "Continuous"+"FDA+Requirement"+"Traceability"
     Title EHEALTH SEMANTIC AND CONTENT FOR SWITZERLAND 02.12. 2011
     Author ['R Sojer', 'H Müller', 'BCAG HES-SO', 'D Aronsky', 'P Ruch']
     Venue NA
     Year 2011
     Abstract For instance, “CAPD” could be interpreted as “Continuous Ambulatory Peritoneal Dialysis” in the course of dialysis” or “Central Auditory Processing  CDA is a paradigm for medical document exchange focused on the notion of documentation traceability and reliable exchange
     Url https://www.e-health-suisse.ch/fileadmin/user_upload/Dokumente/2012/F/120903_documents_de_base_semantique_et_metadonnees_anglais.pdf


     Search term "Continuous"+"FDA+Requirement"+"Traceability"
     Title Design of Electromechanical Products: A Systems Approach
     Author ['A Jamnia']
     Venue NA
     Year 2016
     Abstract [Not Found]
     Url [Not Found]


     Search term "Continuous"+"FDA+Requirement"+"Traceability"
     Title " An international, multicentre, efficacy and safety study of I10E in initial and maintenance treatment of patients with Chronic Inflammatory Demyelinating …
     Author ['GM LEONE']
     Venue NA
     Year NA
     Abstract Page 1. LFB Biotechnologies – Protocol I10E-1302- Version 6.0 dated 03 May 2017, incorporated the amendment N°3 Page 1/90 CLINICAL STUDY PROTOCOL n° I10E-1302 EUDRACT N° 2013-005557-73 PRISM Study "An
     Url https://www.clinicaltrials.gov/ProvidedDocs/60/NCT02293460/Prot_000.pdf


     Search term "Continuous"+"FDA+Requirement"+"Traceability"
     Title Atomic spectrometry update: review of advances in the analysis of clinical and biological materials, foods and beverages
     Author ['A Taylor', 'N Barlow', 'MP Day', 'S Hill']
     Venue Journal of Analytical …
     Year 2016
     Abstract Alternate wetting and drying, as opposed to continuous flooding, resulted in spikes of MeHg concentrations  Assuring the quality of analytical results remains a key-issue for reliable conclusions to be achieved and the traceability of measurement results to a stated reference
     Url https://pubs.rsc.org/ko/content/articlehtml/2016/ja/c6ja90005d

