Showing papers for search query "Continuous"+"Formal+methods"+"Traceability"

     Search term "Continuous"+"Formal+methods"+"Traceability"
     Title Cyber-physical systems design: formal foundations, methods and integrated tool chains
     Author ['J Fitzgerald', 'C Gamble', 'PG Larsen']
     Venue … on Formal Methods …
     Year 2015
     Abstract work with notations such as SysML [8], whereas control engineers use continuous-time formalisms and  Third, support is needed to help maintain traceability over the complex collections of artefacts  In considering the role of formal methods in CPS design, we aim to adhere to
     Url https://ieeexplore.ieee.org/abstract/document/7166696/


     Search term "Continuous"+"Formal+methods"+"Traceability"
     Title Formal methods and social context in software development
     Author ['JA Goguen']
     Venue Colloquium on Trees in Algebra and Programming
     Year 1995
     Abstract One major problem has been that formal methods have not taken sufficient account of the  For example, social context causes a continuous evolution of requirements for large complex  specifications and code must also evolve with requirements, and that traceability is important
     Url https://link.springer.com/chapter/10.1007/3-540-59293-8_187


     Search term "Continuous"+"Formal+methods"+"Traceability"
     Title An analysis of the requirements traceability problem
     Author ['OCZ Gotel', 'CW Finkelstein']
     Venue Proceedings of IEEE International …
     Year 1994
     Abstract the Requirements Statement Language [lo]; process entity-relationship models [24]; the Planning and Design Methodology [42]; formal methods [SI; and  For example: the KJ-editor provides traceability between ideas and requirements (561; and the T tool provides traceability
     Url https://ieeexplore.ieee.org/abstract/document/292398/


     Search term "Continuous"+"Formal+methods"+"Traceability"
     Title Using formal methods to develop an ATC information system
     Author ['A Hall']
     Venue Industrial-Strength Formal Methods in Practice
     Year 1999
     Abstract 220 Chapter JO Industrial-Strength Formal Methods in Practice  to separate con- cerns as much as we would have liked: an example is that during the design phase our idea of the user interface changed from an "enquire and get a snapshot" style to a continuous update style
     Url https://link.springer.com/chapter/10.1007/978-1-4471-0523-7_10


     Search term "Continuous"+"Formal+methods"+"Traceability"
     Title Formal methods: Promises and problems
     Author ['JA Goguen']
     Venue IEEE Software
     Year 1997
     Abstract Thus, any method you use to implement requirements should be flexible and robust, so that it can easily accommodate the inevitable and often continuous stream of changes. We sug- gest that you can more effectively use formal methods by ♦ putting more emphasis on formal
     Url https://ieeexplore.ieee.org/abstract/document/566430/


     Search term "Continuous"+"Formal+methods"+"Traceability"
     Title Implementing rule-based monitors within a framework for continuous requirements monitoring
     Author ['WN Robinson']
     Venue Proceedings of the 38th Annual Hawaii …
     Year 2005
     Abstract Page 1. Implementing Rule-based Monitors within a Framework for Continuous Requirements Monitoring William N. Robinson Georgia State University wrobinson@gsu.edu Abstract  Monitoring systems do not consider requirements traceability, typically
     Url https://ieeexplore.ieee.org/abstract/document/1385616/


     Search term "Continuous"+"Formal+methods"+"Traceability"
     Title New opportunities for integrated formal methods
     Author ['M Gleirscher', 'S Foster', 'J Woodcock']
     Venue ACM Computing Surveys (CSUR)
     Year 2019
     Abstract especially in scaling FMs through adequate tool support for continuous reasoning in  method” that aimed at integration of several formal and semi-formal methods using notational  the different aspects of FM integration, including semantic integration, traceability, tool integration
     Url https://dl.acm.org/doi/abs/10.1145/3357231


     Search term "Continuous"+"Formal+methods"+"Traceability"
     Title Formal methods: Theory becoming practice.
     Author ['JR Abrial']
     Venue J. UCS
     Year 2007
     Abstract whose labels and numbers act as cross references in later development phases, providing traceability, so that  Abrial J.-R.: Formal Methods: Theory Becoming Practice  Although at the physical level their behavior is ultimately continuous, the systems listed above mostly operate
     Url http://jucs.org/jucs_13_5/formal_methods_theory_becoming/jucs_13_5_0619_0628_abrial.pdf


     Search term "Continuous"+"Formal+methods"+"Traceability"
     Title Twenty-five years of formal methods and railways: what next?
     Author ['A Fantechi']
     Venue … on Software Engineering and Formal Methods
     Year 2013
     Abstract formal methods can be chosen: for example, testing combined to full traceability to requirements  In the case of ETCS, the attention of the formal methods community has shifted from  So CBTC can provide a continuous automatic train protection as well as improved performance
     Url https://link.springer.com/chapter/10.1007/978-3-319-05032-4_13


     Search term "Continuous"+"Formal+methods"+"Traceability"
     Title Towards industrially applicable formal methods: Three small steps, and one giant leap
     Author ['J McDermid', 'A Galloway', 'S Burton']
     Venue … Methods (Cat. No …
     Year 1998
     Abstract Although some departments of Rolls-Royce have inves- tigated the use of discrete formal methods (such as VDM [23]) in the past  In engine control software, the core requirements hail from continuous mathematical modeling (Rolls-Royce use the RRAP model) of the engine and
     Url https://ieeexplore.ieee.org/abstract/document/730572/


     Search term "Continuous"+"Formal+methods"+"Traceability"
     Title Using formal methods for verification and validation in railway
     Author ['K Reichl', 'T Fischer', 'P Tummeltshammer']
     Venue International Conference on …
     Year 2016
     Abstract Continuous verification and validation is beneficial in case of a feature driven development approach, especially when  This would save manual efforts and costs and would improve the traceability  in order to carry the trust we gained in the model through formal methods to the
     Url https://link.springer.com/chapter/10.1007/978-3-319-41135-4_1


     Search term "Continuous"+"Formal+methods"+"Traceability"
     Title Study of SPI framework for CMMI continuous model based on QFD
     Author ['CAO Yonghui', 'X Liyun', 'F Zhiyi', 'S Hongyu']
     Venue Journal of Theoretical …
     Year 2013
     Abstract Development Methodology, Structured Documentation, Forward Traceability, Backward Traceability, Correctness, Time  in order to seek for a continuous, all-location  FORMAL METHODS OF NON-FUNCTIONAL CONFLICT RESOLUTION FOR NETWORKED SOFTWARE TO
     Url https://jatit.org/volumes/fiftysecond_2_2013.php


     Search term "Continuous"+"Formal+methods"+"Traceability"
     Title Model-based development and formal methods in the railway industry
     Author ['A Ferrari', 'A Fantechi', 'S Gnesi', 'G Magnani']
     Venue IEEE software
     Year 2013
     Abstract About ten years ago, given the rising interest of safety-critical industries in formal methods [1], the company decided to start experimenting with formal modelling and  language uses a block notation for the definition of continuous-time dynamic systems  Page 10. E. Traceability
     Url https://ieeexplore.ieee.org/abstract/document/6475930/


     Search term "Continuous"+"Formal+methods"+"Traceability"
     Title Evaluating the suitability of state‐based formal methods for industrial deployment
     Author ['A Mashkoor', 'F Kossak', 'A Egyed']
     Venue Software: Practice and …
     Year 2018
     Abstract focused on analysis (static analysis, dynamic analysis, performance, etc), refinement, traceability, and design  according to Altrenoic, one of the basic reasons for the use of formal methods  hybrid systems that require the modeling of both discrete and continuous state changes
     Url https://onlinelibrary.wiley.com/doi/abs/10.1002/spe.2634


     Search term "Continuous"+"Formal+methods"+"Traceability"
     Title Spacecraft early design validation using formal methods
     Author ['M Bozzano', 'A Cimatti', 'JP Katoen', 'P Katsaros']
     Venue Reliability engineering & …
     Year 2014
     Abstract Matlab/Simulink models are often used to model and simulate continuous processes, like temperature, power and propulsion control and omit architectural aspects  Our methods have been implemented in a formal methods toolset called the COMPASS toolset [13]
     Url https://www.sciencedirect.com/science/article/pii/S0951832014001586


     Search term "Continuous"+"Formal+methods"+"Traceability"
     Title Formal methods integration in software engineering
     Author ['I Perseil', 'L Pautet']
     Venue Innovations in Systems and Software Engineering
     Year 2010
     Abstract The way to ensure a continuous inte- gration is also to refer to a model-driven approach, with meta  Many errors can be traced and avoided thanks to the formal methods  language have to be easily reused in the next steps of the development while keep- ing a traceability
     Url https://link.springer.com/article/10.1007/s11334-009-0115-2


     Search term "Continuous"+"Formal+methods"+"Traceability"
     Title Ladder programs validation through model-code traceability
     Author ['LR Sampaio', 'A Perkusich']
     Venue 2011 IEEE International …
     Year 2011
     Abstract are controlled by PLCs and require a high level of confidence in its operation, fault tolerance and continuous operation, with the objective of  In Section 5 the concept of traceability between model and code is illustrated  academy due to lack of use of formal methods in this context
     Url https://ieeexplore.ieee.org/abstract/document/5754386/


     Search term "Continuous"+"Formal+methods"+"Traceability"
     Title Agile methods for open source safety‐critical software
     Author ['K Gary', 'A Enquobahrie', 'L Ibanez']
     Venue Software: Practice …
     Year 2011
     Abstract requirements, such as documented design, requirements management, and other forms of traceability  Second, each compiled configuration is verified through a continuous integration and build  Formal methods (#2) enhance the safety and reliability of safety‐critical systems 22
     Url https://onlinelibrary.wiley.com/doi/abs/10.1002/spe.1075


     Search term "Continuous"+"Formal+methods"+"Traceability"
     Title Formal methods: industrial use from model to the code
     Author ['JL Boulanger']
     Venue NA
     Year 2013
     Abstract Page 1. Formal Methods Industrial Use from Model to the Code Edited by Jean-Louis Boulanger ESIE @WILEY Page 2. Table of Contents Introduction Chapter 1. From Classic Languages to Formal Methods 1.1. Introduction 1.2. Classic development 1.3
     Url https://books.google.com/books?hl=de&lr=&id=cCXN7qkYgGQC&oi=fnd&pg=PP8&dq=%22Continuous%22+%22Formal+methods%22+%22Traceability%22&ots=jHgkwxbn7h&sig=9t3BbVgnczY5AMUXUHjIoQxQgss


     Search term "Continuous"+"Formal+methods"+"Traceability"
     Title Requirements, Traceability and Formal Software Development or a Further Analysis of Requirements Traceability
     Author ['JK Pearson']
     Venue … Science Department Royal Holloway University of …
     Year 1996
     Abstract discussed above under Pre-FRS traceability, further aspects of Pre-FRS traceability have to  A more concrete example would be the formalization of a requirement for continuous delivery of  Condition Considered Harmful' 30] an analysis of the role of formal methods in security
     Url http://citeseerx.ist.psu.edu/viewdoc/download?doi=10.1.1.51.5488&rep=rep1&type=pdf


     Search term "Continuous"+"Formal+methods"+"Traceability"
     Title Integrating formal methods into medical software development: The ASM approach
     Author ['P Arcaini', 'S Bonfanti', 'A Gargantini', 'A Mashkoor']
     Venue Science of Computer …
     Year 2018
     Abstract Integrating formal methods into medical software development: The ASM approach  levels of refinement to show how validation and verification are continuous activities in  and tools, establishing which activity requires verification and how to achieve traceability among system
     Url https://www.sciencedirect.com/science/article/pii/S0167642317301430


     Search term "Continuous"+"Formal+methods"+"Traceability"
     Title Automated V&V for high integrity systems, a targeted formal methods approach
     Author ['S Burton', 'J Clark', 'A Galloway']
     Venue NASA …
     Year 2000
     Abstract The use of formal methods is intended to increase the integrity of engineering activities already  based processes were already in place for modelling and vali- dating the continuous aspects of  This informal text provides the traceability between the formal opera- tions and their
     Url https://books.google.com/books?hl=de&lr=&id=XaAmAQAAIAAJ&oi=fnd&pg=PA129&dq=%22Continuous%22+%22Formal+methods%22+%22Traceability%22&ots=lb9VGdoFWp&sig=SzodaF2TmRjCUjMxEX_wJzWHMGE


     Search term "Continuous"+"Formal+methods"+"Traceability"
     Title Experiences in applying formal methods to the analysis of software and system requirements
     Author ['D Hamilton', 'R Covington', 'J Kelly']
     Venue Proceedings of 1995 IEEE …
     Year 1995
     Abstract to solve this software quality problem within NASA programs, a multi-NASA site program has been investigating the use of formal methods (FM) in  For example, trans-accel creates a continuous firing of jets; it is used when the crew selects the accel option with primary jets and
     Url https://ieeexplore.ieee.org/abstract/document/515477/


     Search term "Continuous"+"Formal+methods"+"Traceability"
     Title Traceability: Taming uncontrolled change in software development
     Author ['K Kowalczykiewicz', 'D Weiss']
     Venue Foundations of Computing and Decision …
     Year 2002
     Abstract Formal methods are therefore expensive and tedious for their users, but if everything is done  structures could also be automatically reflected onto relations present in traceability module, so that  The process of collecting relations is continuous with the development of the project
     Url http://citeseerx.ist.psu.edu/viewdoc/download?doi=10.1.1.19.8922&rep=rep1&type=pdf


     Search term "Continuous"+"Formal+methods"+"Traceability"
     Title The Use of Formal Methods of Verification and Validation in NPP Design
     Author ['AS Korolev', 'AY Shamanin']
     Venue 2018 Eleventh International …
     Year 2018
     Abstract The formal methods of verification and validation are highly developed and widely used in software development including for the  to the consideration of software, then it should be noted that, despite the existence and continuous development of formal  2) Traceability analysis
     Url https://ieeexplore.ieee.org/abstract/document/8551837/


     Search term "Continuous"+"Formal+methods"+"Traceability"
     Title Traceability-enabled refactoring for managing just-in-time requirements
     Author ['N Niu', 'T Bhowmik', 'H Liu', 'Z Niu']
     Venue 2014 IEEE 22nd International …
     Year 2014
     Abstract We then detail our traceability-enabled refactoring framework in Section III  this benefit, the effort spent in getting the require- ments right (eg, modeling and formal methods) early in  for what should be done, just-in-time RE promotes rapid development and continuous refinement
     Url https://ieeexplore.ieee.org/abstract/document/6912255/


     Search term "Continuous"+"Formal+methods"+"Traceability"
     Title Integrating Software Safety and Product Line Engineering using Formal Methods: Challenges and Opportunities.
     Author ['M Becker', 'S Kemmann', 'KC Shashidhar']
     Venue SPLC Workshops
     Year 2010
     Abstract the system in its intended environment and further build a continuous and traceable  The survey concludes that while formal methods have aided modelling and composing feature models  the family engineering and how can we efficiently establish traceability from variability to
     Url https://www.academia.edu/download/31406631/SPLC2010_second_volume.pdf#page=141


     Search term "Continuous"+"Formal+methods"+"Traceability"
     Title Verification and validation of behavior models using lightweight formal methods
     Author ['K Giammarco', 'K Giles']
     Venue Disciplinary convergence in systems engineering …
     Year 2018
     Abstract resulting in the discovery of errors not detected using traceability analysis or  at various levels of abstractions, promoting a more widespread use of formal methods in system  A successful rendezvous between spacecraft and ISS requires continuous and reliable communications
     Url https://link.springer.com/chapter/10.1007/978-3-319-62217-0_31


     Search term "Continuous"+"Formal+methods"+"Traceability"
     Title Industrial use of formal methods: formal verification
     Author ['JL Boulanger']
     Venue NA
     Year 2013
     Abstract Page 1. Industrial Use of Formal Methods Formal Verification Edited by Jean-Louis Boulanger {STE @WILEY Page 2  Future Work 5.13. Glossary 5.14. Bibliography Chapter 6. Partial Applications of Formal Methods Aryldo G. Russo Jr. 6.1. History 6.2. Case studies 6.3
     Url https://books.google.com/books?hl=de&lr=&id=E5sdDs00MuwC&oi=fnd&pg=PP8&dq=%22Continuous%22+%22Formal+methods%22+%22Traceability%22&ots=QQwOsT0irA&sig=t5TTm7PjWJVcLAqEVLz9ZvWkmmM


     Search term "Continuous"+"Formal+methods"+"Traceability"
     Title Formal Methods for Trustworthy Computer Systems (FM89): Report from FM89: A Workshop on the Assessment of Formal Methods for Trustworthy Computer …
     Author ['D Craigen', 'K Summerskill']
     Venue NA
     Year 2013
     Abstract 3.1 Making formal methods practical Speaker: Dave Parnas Reporter: Susan Gerhart Why is software assessment important  In real-time systems, a test is a trajectory that gives the input values as continuous functions of time, making reliability testing even more difficult
     Url https://books.google.com/books?hl=de&lr=&id=TXDrBwAAQBAJ&oi=fnd&pg=PA4&dq=%22Continuous%22+%22Formal+methods%22+%22Traceability%22&ots=QfBufBaKn5&sig=9w2JfX0gAYeQMAERXegaujZreBs


     Search term "Continuous"+"Formal+methods"+"Traceability"
     Title Transformation techniques can make students excited about formal methods
     Author ['P Van Gorp', 'H Schippers', 'S Demeyer']
     Venue Information and Software …
     Year 2008
     Abstract The course evaluation consists of two parts: continuous evaluation, and an oral exam with a written preparation  9. Navigation across traceability links  The teaching assistants for the new course have personally attended an older course on formal methods (operational semantics
     Url https://www.sciencedirect.com/science/article/pii/S0950584908000463


     Search term "Continuous"+"Formal+methods"+"Traceability"
     Title Formal versus agile: Survival of the fittest
     Author ['S Black', 'PP Boca', 'JP Bowen', 'J Gorman', 'M Hinchey']
     Venue Computer
     Year 2009
     Abstract a product that can be shipped, there must be requirements traceability, otherwise there  Formal methods bring the advantage of certainty in dealing with critical applications, assurance, and  like SSADM (Structured System Analysis and Design Method).22 Continuous cus- tomer
     Url https://ieeexplore.ieee.org/abstract/document/5233505/


     Search term "Continuous"+"Formal+methods"+"Traceability"
     Title Use of formal methods for building qualified code generator for safer automotive systems
     Author ['N Izerrouken', 'OSY Kai', 'M Pantel']
     Venue Proceedings of the 1st …
     Year 2010
     Abstract This paper presents the work done in the ITEA GENEAUTO project around the use of formal methods for the  treated in [5, 6, 2, 10], but it leads to the difficulty to handle traceability constraint  Data signals are represented by continuous wires while control signals with dotted ones
     Url https://dl.acm.org/doi/abs/10.1145/1772643.1772659


     Search term "Continuous"+"Formal+methods"+"Traceability"
     Title Formal Analysis and Verification of Airborne Software Based on DO-333
     Author ['Z Cao', 'W Lv', 'Y Huang', 'J Shi', 'Q Li']
     Venue Electronics
     Year 2020
     Abstract With continuous research and development of formal methods, many novel  Figure 3 shows that the verification of source code can be divided into the compliance of source code to requirement specifications, traceability between source code and behavior models
     Url https://www.mdpi.com/2079-9292/9/2/327


     Search term "Continuous"+"Formal+methods"+"Traceability"
     Title Rooting Formal Methods within Higher Education Curricula for Computer Science and Software Engineering--A White Paper
     Author ['A Cerone', 'M Roggenbach', 'J Davenport']
     Venue arXiv preprint arXiv …
     Year 2020
     Abstract Rooting Formal Methods within Higher Education Curricula  Abstract. This white paper argues that formal methods need to be better rooted in higher education curricula for computer science and software engineering programmes of study
     Url https://arxiv.org/abs/2010.05708


     Search term "Continuous"+"Formal+methods"+"Traceability"
     Title Applying formal methods to gossiping networks with mCRL and GROOVE
     Author ['P Crouzen', 'J van de Pol', 'A Rensink']
     Venue ACM SIGMETRICS performance …
     Year 2008
     Abstract Applying Formal Methods to Gossiping Networks  3.3 Continuous-time Markov chains гви вйгйзЙи б Х ж гк вз ж а зз г зиг зи джг зз з л и з ж и зи и зд И л ж зи и иж вз и гвз г йж и ж и б Й а нз гк жв н в и к мдгв ви а зиж йи гвз Д гж в гк жк л г ЬХ з в ги ж Х ж гЙ к в бг аз з ℄ЕК ЬХ
     Url https://dl.acm.org/doi/abs/10.1145/1481506.1481510


     Search term "Continuous"+"Formal+methods"+"Traceability"
     Title A survey of static formal methods for building dependable industrial automation systems
     Author ['R Sinha', 'S Patil', 'L Gomes']
     Venue IEEE Transactions on …
     Year 2019
     Abstract Continuous validation and analysis are required as require- ments get refined during the development of the system. Re- quirements traceability is useful as it allows linking require- ments as they evolve [30]. Formal methods can help find con- sistencies between requirements
     Url https://ieeexplore.ieee.org/abstract/document/8678839/


     Search term "Continuous"+"Formal+methods"+"Traceability"
     Title Industrial deployment of formal methods: Trends and challenges
     Author ['J Fitzgerald', 'J Bicarregui', 'PG Larsen']
     Venue Industrial Deployment of …
     Year 2013
     Abstract go on to comment on the difficulty of separating discrete and continuous parts of  Requirements traceability is another important aspect of project management, and the team experienced the  Formal methods tools need to be further strengthened with more support for state-of-the
     Url https://link.springer.com/chapter/10.1007/978-3-642-33170-1_10


     Search term "Continuous"+"Formal+methods"+"Traceability"
     Title Formal methods for embedded distributed systems: how to master the complexity
     Author ['F Kordon', 'M Lemoine']
     Venue NA
     Year 2004
     Abstract De Jong and C. Zitter, from Kluwer Academic Publisher, for their continuous help and  This numbering can be used to build a traceability matrix between informal requirements  xx FORMAL METHODS FOR EMBEDDED DISTRIBUTED SYSTEMS proved as safe, allowing then to
     Url https://books.google.com/books?hl=de&lr=&id=PK_odLNWn_kC&oi=fnd&pg=PR9&dq=%22Continuous%22+%22Formal+methods%22+%22Traceability%22&ots=m79ncOioE2&sig=wTVNhibNYwrMNjnHZUzvIiHh3Zk


     Search term "Continuous"+"Formal+methods"+"Traceability"
     Title Concise guide to formal methods
     Author ["G O'Regan"]
     Venue NA
     Year 2017
     Abstract Page 4. Gerard O'Regan Concise Guide to Formal Methods Theory, Fundamentals and Industry Applications 123  In memory of my dear aunt Mrs. Noreen O'Regan Page 7. Preface Overview The objective of this book is to give the reader a flavour of the formal methods field
     Url https://link.springer.com/content/pdf/10.1007/978-3-319-64021-1.pdf


     Search term "Continuous"+"Formal+methods"+"Traceability"
     Title An experience report on requirements reliability engineering using formal methods
     Author ['D Hamilton', 'R Covington', 'A Lee']
     Venue Proceedings of Sixth …
     Year 1995
     Abstract views of FDIR, to examine the resulting formalizations for consistency and traceability, and to  true intent of the requirements engineer) The first two parts of formal methods are fairly  Automated Procedures: ie, procedures that FDIR must initiate based on continuous monitoring of
     Url https://ieeexplore.ieee.org/abstract/document/497643/


     Search term "Continuous"+"Formal+methods"+"Traceability"
     Title How to select the suitable formal method for an industrial application: A survey
     Author ['F Kossak', 'A Mashkoor']
     Venue … Conference on Abstract State Machines, Alloy, B …
     Year 2016
     Abstract n/a. Traceability  Regarding special concepts, there exist proposals regarding hybrid and continuous systems, eg, in [6]. Regarding the easy expression of rich concepts, our comments on B apply here as  Can the company afford a transition phase for introducing formal methods
     Url https://link.springer.com/chapter/10.1007/978-3-319-33600-8_13


     Search term "Continuous"+"Formal+methods"+"Traceability"
     Title Formal methods for aerospace systems
     Author ['M Bozzano', 'H Bruintjes', 'A Cimatti', 'JP Katoen']
     Venue Cyber-physical system …
     Year 2017
     Abstract that opens up the possibility to apply a wealth of formal methods for various  Expected benefits of this approach include traceability of the requirements and easier sharing  behaviour, such as mechanics and hydraulics, the modelling language supports continuous real-valued
     Url https://link.springer.com/chapter/10.1007/978-981-10-4436-6_6


     Search term "Continuous"+"Formal+methods"+"Traceability"
     Title Students can get excited about Formal Methods: a model-driven course on Petri-Nets, Metamodels and Graph Grammars
     Author ['P Van Gorp', 'H Schippers', 'S Demeyer']
     Venue Proc. 3rd MODELS …
     Year 2007
     Abstract One student did succeed to apply the built-in traceability feature of AToM3  The permanent evaluation of the course indicated continuous student sat- isfaction, despite the theoretical nature of the background material and frequent failures of  Seven more myths of formal methods
     Url http://www.academia.edu/download/32535594/VanGorp2007MoDELSedsymp.pdf


     Search term "Continuous"+"Formal+methods"+"Traceability"
     Title Learning by doing: Practical courses in lightweight formal methods using vdm+
     Author ['PG Larsen', 'J Fitzgerald', 'S Riddle']
     Venue NA
     Year 2006
     Abstract His research interests are in models of complex systems, traceability and refinement  When they encounter their first formal methods course, Newcastle students have at least what Boute  func- tions, recursive structures and induction, in addition to some continuous mathemat- ics
     Url http://citeseerx.ist.psu.edu/viewdoc/download?doi=10.1.1.65.1551&rep=rep1&type=pdf


     Search term "Continuous"+"Formal+methods"+"Traceability"
     Title A SysML-based approach to traceability management and design slicing in support of safety certification: Framework, tool support, and case studies
     Author ['S Nejati', 'M Sabetzadeh', 'D Falessi', 'L Briand']
     Venue Information and Software …
     Year 2012
     Abstract We describe the environmental assumptions using SysML parametric diagrams for continuous (numeric) properties of a hardware entity, and OCL constraints for discrete (logical) properties of a software entity. In addition, we create traceability links from assumptions to system
     Url https://www.sciencedirect.com/science/article/pii/S095058491200016X


     Search term "Continuous"+"Formal+methods"+"Traceability"
     Title A proposal of an example and experiments repository to foster industrial adoption of formal methods
     Author ['R Schlick', 'M Felderer', 'I Majzik', 'R Nardone']
     Venue … of Formal Methods
     Year 2018
     Abstract simple. In order to foster industrial adoption of methods, representativeness is the most important. For formal methods using different formalisms, portability is very hard to achieve. “Drop  example. Visibility and Traceability of Work. The
     Url https://link.springer.com/chapter/10.1007/978-3-030-03427-6_20


     Search term "Continuous"+"Formal+methods"+"Traceability"
     Title A methodology for systems requirements specification and traceability for large real time complex systems
     Author ['M Edwards', 'SL Howell']
     Venue NA
     Year 1991
     Abstract These criteria include properties for formally capturing a complete system (ie, scope), formal methods for checking a system (ie, consistency  Maintaining consistency between requirements and design can be done in two ways: through traceability techniques and by direct
     Url https://apps.dtic.mil/sti/citations/ADA254738


     Search term "Continuous"+"Formal+methods"+"Traceability"
     Title Requirements acquisition and specification for telecommunication services
     Author ['APG Eberlein']
     Venue NA
     Year 1997
     Abstract [Not Found]
     Url [Not Found]


     Search term "Continuous"+"Formal+methods"+"Traceability"
     Title A Systematic Inspection Approach to Verifying and Validating Formal Specifications based on Specification Animation and Traceability
     Author ['M Li']
     Venue NA
     Year 2015
     Abstract and traceability. The novelty of our inspection approach is illustrated through the comparison with these related work  Figure 1.1: The principle of formal methods with users. Then, the first version of formal specification is evolved through continuous refinement until the final
     Url https://hosei.repo.nii.ac.jp/?action=repository_action_common_download&item_id=12848&item_no=1&attribute_id=20&file_no=1

