Showing papers for search query "Continuous"+"Cyber-physical+system"+OR+"Industrial+control+system"+OR+"ICS"+OR+"SCADA"+OR+"Distributed+control+system"+OR+"DCS"+"Factory"

     Search term "Continuous"+"Cyber-physical+system"+OR+"Industrial+control+system"+OR+"ICS"+OR+"SCADA"+OR+"Distributed+control+system"+OR+"DCS"+"Factory"
     Title Cyber-physical system based factory monitoring and fault diagnosis framework with plant-wide performance optimization
     Author ['Y Jiang', 'K Li', 'S Yin']
     Venue 2018 IEEE Industrial Cyber-Physical …
     Year 2018
     Abstract achieve higher level of information (data) sharing and to apply novel cyber-physical system (CPS) based  They are continuous processes which are described by differential equations, and their large  However, neither FCS nor DCS in their current forms are competent to the CPS
     Url https://ieeexplore.ieee.org/abstract/document/8387666/


     Search term "Continuous"+"Cyber-physical+system"+OR+"Industrial+control+system"+OR+"ICS"+OR+"SCADA"+OR+"Distributed+control+system"+OR+"DCS"+"Factory"
     Title OPC based distributed real time simulation of complex continuous processes
     Author ['RA Santos', 'JE Normey-Rico', 'AM Gómez']
     Venue … Modelling Practice and …
     Year 2005
     Abstract Its simulation language, called EL, allows the description of process models, named components, in a natural way by means of continuous differential algebraic equations and  This includes, not only a distributed simulation of the processes, but a SCADA or DCS for the real
     Url https://www.sciencedirect.com/science/article/pii/S1569190X05000171


     Search term "Continuous"+"Cyber-physical+system"+OR+"Industrial+control+system"+OR+"ICS"+OR+"SCADA"+OR+"Distributed+control+system"+OR+"DCS"+"Factory"
     Title Security issues in SCADA networks
     Author ['VM Igure', 'SA Laughter', 'RD Williams']
     Venue computers & security
     Year 2006
     Abstract exploit any of these links and gain access to machines inside the factory network  Security is a continuous process that does not end with a good implementation of all of  The SCADA network must be constantly monitored for security vulnerabilities, and the software and hardware
     Url https://www.sciencedirect.com/science/article/pii/S0167404806000514


     Search term "Continuous"+"Cyber-physical+system"+OR+"Industrial+control+system"+OR+"ICS"+OR+"SCADA"+OR+"Distributed+control+system"+OR+"DCS"+"Factory"
     Title Human-centred assembly: a case study for an anthropocentric cyber-physical system
     Author ['CB Zamfirescu', 'BC Pirvu', 'D Gorecky']
     Venue Procedia …
     Year 2014
     Abstract symbiotic man-machine systems [9]. For that reason, in [5] we defined the anthropocentric cyber-physical system (ACPS) as a reference model for factory automation that  and dynamic division of labour among the ACPS components as a result of their continuous interactions
     Url https://www.sciencedirect.com/science/article/pii/S2212017314001534


     Search term "Continuous"+"Cyber-physical+system"+OR+"Industrial+control+system"+OR+"ICS"+OR+"SCADA"+OR+"Distributed+control+system"+OR+"DCS"+"Factory"
     Title Guide to industrial control systems (ICS) security
     Author ['K Stouffer', 'J Falco', 'K Scarfone']
     Venue NIST special publication
     Year 2011
     Abstract Department of Homeland Security, the Department of Homeland Security Industrial Control System Joint Working  ICS are typically used in industries such as electric, water and  and discrete manufacturing (eg, automotive, aerospace, and durable goods.) SCADA systems are
     Url http://www.gocs.com.de/pages/fachberichte/archiv/164-sp800_82_r2_draft.pdf


     Search term "Continuous"+"Cyber-physical+system"+OR+"Industrial+control+system"+OR+"ICS"+OR+"SCADA"+OR+"Distributed+control+system"+OR+"DCS"+"Factory"
     Title Lean learning factory at FESB–University of Split
     Author ['I Veza', 'N Gjeldum', 'M Mladineo']
     Venue Procedia Cirp
     Year 2015
     Abstract Therefore, Lean Learning Factory at FESB (University of Split) is in continuous developing process to support practice-based engineering curriculum with possibility of learning necessary tools and methods, using real  The Cyber-Physical System of Smart Factory is crucial
     Url https://www.researchgate.net/profile/Ivica_Veza2/publication/279070672_Lean_learning_factory_at_FESB_-_University_of_Split/links/5590f31408ae15962d8c6ce6.pdf


     Search term "Continuous"+"Cyber-physical+system"+OR+"Industrial+control+system"+OR+"ICS"+OR+"SCADA"+OR+"Distributed+control+system"+OR+"DCS"+"Factory"
     Title Open Distributed Control System Architecture for Total Factory Automation
     Author ['H Sugiyama', 'WJ Williams']
     Venue NA
     Year NA
     Abstract [Not Found]
     Url [Not Found]


     Search term "Continuous"+"Cyber-physical+system"+OR+"Industrial+control+system"+OR+"ICS"+OR+"SCADA"+OR+"Distributed+control+system"+OR+"DCS"+"Factory"
     Title Practical SCADA for industry
     Author ['D Bailey', 'E Wright']
     Venue NA
     Year 2003
     Abstract DCS, PLC and smart instrument 12 2.2.1 SCADA system 12 2.2.2 Distributed control system (DCS) 15 2.2  It should be noted at the outset that the term SCADA has different meanings depending  if you are installing a process control system for an industrial plant or factory you will
     Url https://books.google.com/books?hl=en&lr=&id=jLthOQfK-UAC&oi=fnd&pg=PR5&dq=%22Continuous%22+%22Cyber-physical+system%22+OR+%22Industrial+control+system%22+OR+%22ICS%22+OR+%22SCADA%22+OR+%22Distributed+control+system%22+OR+%22DCS%22+%22Factory%22&ots=Qp3op0E2Dc&sig=OlyE4rBFj1W3fb_NtcjhOpZXlk0


     Search term "Continuous"+"Cyber-physical+system"+OR+"Industrial+control+system"+OR+"ICS"+OR+"SCADA"+OR+"Distributed+control+system"+OR+"DCS"+"Factory"
     Title Stuxnet worm impact on industrial cyber-physical system security
     Author ['S Karnouskos']
     Venue IECON 2011-37th Annual Conference of the …
     Year 2011
     Abstract Continuous security updates should be done (after testing) considering the context of the  on the security as a process [29] by looking holistically the emergent cyber-physical system of systems  J. Falco, and K. Scarfone, “Guide to industrial control systems (ics) security,” National
     Url https://ieeexplore.ieee.org/abstract/document/6120048/


     Search term "Continuous"+"Cyber-physical+system"+OR+"Industrial+control+system"+OR+"ICS"+OR+"SCADA"+OR+"Distributed+control+system"+OR+"DCS"+"Factory"
     Title An intelligent factory-wide optimal operation system for continuous production process
     Author ['J Ding', 'T Chai', 'H Wang', 'J Wang']
     Venue Enterprise Information …
     Year 2016
     Abstract CrossRef citations to date. Altmetric. Listen. Articles. An intelligent factory-wide optimal operation system for continuous production process  Articles. An intelligent factory-wide optimal operation system for continuous production process
     Url https://www.tandfonline.com/doi/abs/10.1080/17517575.2015.1065346


     Search term "Continuous"+"Cyber-physical+system"+OR+"Industrial+control+system"+OR+"ICS"+OR+"SCADA"+OR+"Distributed+control+system"+OR+"DCS"+"Factory"
     Title Improving security for SCADA control systems
     Author ['M Hentea']
     Venue … Journal of Information, Knowledge, and Management
     Year 2008
     Abstract The continuous growth of cyber security threats and attacks including the increasing sophistica- tion  These are also known under a general term, Industrial Control System (ICS)  NIST Guidelines, 2006), general assessment methods and tools for SCADA vulnerabilities (IDAHO
     Url http://ijikm.org/Volume3/IJIKMv3p073-086Hentea361.pdf


     Search term "Continuous"+"Cyber-physical+system"+OR+"Industrial+control+system"+OR+"ICS"+OR+"SCADA"+OR+"Distributed+control+system"+OR+"DCS"+"Factory"
     Title Cloud-assisted IoT-based SCADA systems security: A review of the state of the art and future challenges
     Author ['A Sajid', 'H Abbas', 'K Saleem']
     Venue IEEE Access
     Year 2016
     Abstract Index Terms—APT, Industrial Control System, Internet of Things (IoT), NIST, PRECYSE, Supervisory Control and Data Acquisition  1. The Cyber Physical System Model [2]  2) Continuous monitoring and analysis The computers involved in SCADA systems are performing critical
     Url https://ieeexplore.ieee.org/abstract/document/7445139/


     Search term "Continuous"+"Cyber-physical+system"+OR+"Industrial+control+system"+OR+"ICS"+OR+"SCADA"+OR+"Distributed+control+system"+OR+"DCS"+"Factory"
     Title Distributed continuous process simulation: An industrial case study
     Author ['RA Santos', 'JE Normey-Rico', 'AM Gómez']
     Venue Computers & Chemical …
     Year 2008
     Abstract the biggest in terms of computation because it involves a lot of mixed continuous and batch  simulations include the control system algorithms as part of the process, while the SCADA is used  The sections of the sugar factory have a set of local control loops (mainly PID controllers
     Url https://www.sciencedirect.com/science/article/pii/S0098135407001135


     Search term "Continuous"+"Cyber-physical+system"+OR+"Industrial+control+system"+OR+"ICS"+OR+"SCADA"+OR+"Distributed+control+system"+OR+"DCS"+"Factory"
     Title 3-D ICs: A novel chip design for improving deep-submicrometer interconnect performance and systems-on-chip integration
     Author ['K Banerjee', 'SJ Souri', 'P Kapur']
     Venue Proceedings of the …
     Year 2001
     Abstract Publisher Item Identifier S 0018-9219(01)04184-6. I. MOTIVATION FOR 3-D ICS  This, in turn, has introduced some very serious problems for the semiconductor industry. Continuous scaling of VLSI circuits is reducing gate delays but rapidly increasing interconnect delays
     Url https://ieeexplore.ieee.org/abstract/document/929647/


     Search term "Continuous"+"Cyber-physical+system"+OR+"Industrial+control+system"+OR+"ICS"+OR+"SCADA"+OR+"Distributed+control+system"+OR+"DCS"+"Factory"
     Title Survey of SCADA Systems and Visualization of a real life process
     Author ['JAG Gomez', 'J Angel']
     Venue S-581
     Year 2002
     Abstract Develop a SCADA that allows supervising and to control the “Lego car factory” that is in the Labotek of Linköping's University. For it the following points must be solved: • Used tool: selection of the tool in which application SCADA will be developed
     Url http://www.control.isy.liu.se/student/exjobb/xfiles/0246.pdf


     Search term "Continuous"+"Cyber-physical+system"+OR+"Industrial+control+system"+OR+"ICS"+OR+"SCADA"+OR+"Distributed+control+system"+OR+"DCS"+"Factory"
     Title On SCADA control system command and response injection and intrusion detection
     Author ['W Gao', 'T Morris', 'B Reaves']
     Venue 2010 eCrime Researchers …
     Year 2010
     Abstract Stuxnet is the first known worm to target an industrial control system  IDS FOR SCADA CONTROL SYSTEMS Many of the attacks described in the previous section can be  A signature based IDS can be programmed alarm if it detects continuous transmissions greater than a set
     Url https://ieeexplore.ieee.org/abstract/document/5706699/


     Search term "Continuous"+"Cyber-physical+system"+OR+"Industrial+control+system"+OR+"ICS"+OR+"SCADA"+OR+"Distributed+control+system"+OR+"DCS"+"Factory"
     Title Trend of process automation and factory automation
     Author ['S Shin']
     Venue 2006 SICE-ICASE International Joint Conference
     Year 2006
     Abstract One is PA (Process Automation) and another is FA (Factory Automation). The former is continuous process for industries of steel, chemical, petroleum, and so on. The controller used for PA is DCS (Distributed Control System), which treats analog signals mainly and an origin of
     Url https://ieeexplore.ieee.org/abstract/document/4108815/


     Search term "Continuous"+"Cyber-physical+system"+OR+"Industrial+control+system"+OR+"ICS"+OR+"SCADA"+OR+"Distributed+control+system"+OR+"DCS"+"Factory"
     Title Industrial Network Security: Securing critical infrastructure networks for smart grid, SCADA, and other Industrial Control Systems
     Author ['ED Knapp', 'JT Langill']
     Venue NA
     Year 2014
     Abstract considers the unique network, protocol, and application characteristics of an Industrial Control System (ICS), while also  For the purposes of this book, a common definition of ICS will be  in lieu of the more specific Supervisory Control and Data Acquisition (SCADA) or Distributed
     Url https://books.google.com/books?hl=en&lr=&id=V2RzAwAAQBAJ&oi=fnd&pg=PP1&dq=%22Continuous%22+%22Cyber-physical+system%22+OR+%22Industrial+control+system%22+OR+%22ICS%22+OR+%22SCADA%22+OR+%22Distributed+control+system%22+OR+%22DCS%22+%22Factory%22&ots=54teQhuxmi&sig=NNXCallgi4YYO0ZWPx2hXHxKAEo


     Search term "Continuous"+"Cyber-physical+system"+OR+"Industrial+control+system"+OR+"ICS"+OR+"SCADA"+OR+"Distributed+control+system"+OR+"DCS"+"Factory"
     Title Supervision and advanced control in a beet sugar factory
     Author ['C Prada', 'C Alonso', 'F Morilla', 'M Bollain']
     Venue IFAC Proceedings Volumes
     Year 2000
     Abstract so that the simulation could play the same role as the set of distributed control system & process  controller is able to perform its duties quite well, taking into account the continuous disturbances that  that it performs its tasks in a three steps sequence: Data from the DCS and the
     Url https://www.sciencedirect.com/science/article/pii/S1474667017385634


     Search term "Continuous"+"Cyber-physical+system"+OR+"Industrial+control+system"+OR+"ICS"+OR+"SCADA"+OR+"Distributed+control+system"+OR+"DCS"+"Factory"
     Title Securing SCADA systems
     Author ['RL Krutz']
     Venue NA
     Year 2005
     Abstract Control Systems NIST, System Protection Profile for Industrial Control Systems (SPP ICS) Federal Information  This architecture is sometimes referred to as a distributed control system  capabilities are known collectively as supervisory con— trol and data acquisition or SCADA
     Url https://books.google.com/books?hl=en&lr=&id=2MEWw2cdNI8C&oi=fnd&pg=PR7&dq=%22Continuous%22+%22Cyber-physical+system%22+OR+%22Industrial+control+system%22+OR+%22ICS%22+OR+%22SCADA%22+OR+%22Distributed+control+system%22+OR+%22DCS%22+%22Factory%22&ots=sdTfTVgodF&sig=liueehpSY2k_HON7z8tC457g7Jk


     Search term "Continuous"+"Cyber-physical+system"+OR+"Industrial+control+system"+OR+"ICS"+OR+"SCADA"+OR+"Distributed+control+system"+OR+"DCS"+"Factory"
     Title Continuous Logic (CL) as a New Tool in Electronic Circuits and systems [J]
     Author ['W Shou-jue']
     Venue Acta Electronica Sinica
     Year 1986
     Abstract X, Y, Z,, the exchange this for that between time, space and amplitude axes etc, are discribed.The real ICs of Continuous Logic applying  & Tech.,Changsha 410077,China; 2.Zhongshan Jintai Air Conditioner Factory,Zhongshan 528400,China);Study on the Circuit of
     Url http://en.cnki.com.cn/Article_en/CJFDTotal-DZXU198605000.htm


     Search term "Continuous"+"Cyber-physical+system"+OR+"Industrial+control+system"+OR+"ICS"+OR+"SCADA"+OR+"Distributed+control+system"+OR+"DCS"+"Factory"
     Title A database-centric approach for the modeling, simulation and control of cyber-physical systems in the factory of the future.
     Author ['A Bonci', 'M Pirani', 'S Longhi']
     Venue IFAC-PapersOnLine
     Year 2016
     Abstract Industrie 4.0, requires that factory automation problems cope with the cyber-physical system complexity and  SQL: The Next Big Thing in SCADA, How SQL is Redefining SCADA  Learning Continuous-Time Bayesian Networks in Relational Domains: A Non-Parametric Approach
     Url https://www.sciencedirect.com/science/article/pii/S2405896316308722


     Search term "Continuous"+"Cyber-physical+system"+OR+"Industrial+control+system"+OR+"ICS"+OR+"SCADA"+OR+"Distributed+control+system"+OR+"DCS"+"Factory"
     Title Rapid thermal multiprocessing for a programmable factory for manufacturing of ICs
     Author ['KC Saraswat']
     Venue Advances in Rapid Thermal and Integrated Processing
     Year 1996
     Abstract RAPID THERMAL MULTIPROCESSING FOR A PROGRAMMABLE FACTORY FOR MANUFACTURING OF ICs  Factory performance modeling has been done to compare the AMS approach to the MMS approach  5 had assumed ideal light sources configured as continuous
     Url https://link.springer.com/chapter/10.1007/978-94-015-8711-2_13


     Search term "Continuous"+"Cyber-physical+system"+OR+"Industrial+control+system"+OR+"ICS"+OR+"SCADA"+OR+"Distributed+control+system"+OR+"DCS"+"Factory"
     Title System for remote management of applications of an industrial control system
     Author ['RH Wischinski']
     Venue US Patent 6,801,920
     Year 2004
     Abstract are provided over the wide area network directly from an ICS operator at the ICS  24, Batke Brian A. Web access for non-TCP/IP control devices of an industrial control system  Method and apparatus for negating effects of continuous introduction of risk factors in determining the
     Url https://patents.google.com/patent/US6801920B1/en


     Search term "Continuous"+"Cyber-physical+system"+OR+"Industrial+control+system"+OR+"ICS"+OR+"SCADA"+OR+"Distributed+control+system"+OR+"DCS"+"Factory"
     Title Distributed control system having central control providing operating power to wireless transceiver connected to industrial process control field device which providing …
     Author ['G Tapperson', 'TA Boyd']
     Venue US Patent 5,682,476
     Year 1997
     Abstract Y02P90/18—Total factory control, eg smart factories, flexible manufacturing systems [FMS] or integrated manufacturing systems [IMS] characterised by  In a typical industrial plant, a distributed control system (DCS) is used to control many of the industrial processes performed at
     Url https://patents.google.com/patent/US5682476A/en


     Search term "Continuous"+"Cyber-physical+system"+OR+"Industrial+control+system"+OR+"ICS"+OR+"SCADA"+OR+"Distributed+control+system"+OR+"DCS"+"Factory"
     Title SICODI: a configurable real-time distributed control system
     Author ['MA Garcia', 'CD Prada']
     Venue … on Emerging Technologies and Factory …
     Year 1999
     Abstract SICODI: A CONFIGURABLE REAL-TIME DISTRIBUTED CONTROL SYSTEM  Abstract - Distributed control systems (DCS) have been in the last years in the focus of some  This paper describes the conjiguration aspects of the continuous and discrete- event control in a DCS
     Url https://ieeexplore.ieee.org/abstract/document/813134/


     Search term "Continuous"+"Cyber-physical+system"+OR+"Industrial+control+system"+OR+"ICS"+OR+"SCADA"+OR+"Distributed+control+system"+OR+"DCS"+"Factory"
     Title Security aspects of scada and corporate network interconnection: An overview
     Author ['PSM Pires', 'LAHG Oliveira']
     Venue 2006 International Conference on …
     Year 2006
     Abstract Adequate, continuous training can be extended to the whole corporation in order to decrease the possibility of  IEEE International Conference on Emerging Technologies and Factory Automation, ETFA, Vol  [10] J. Pollet, Safety Considerations for SCADA/DCS Cyber Attacks
     Url https://ieeexplore.ieee.org/abstract/document/4024041/


     Search term "Continuous"+"Cyber-physical+system"+OR+"Industrial+control+system"+OR+"ICS"+OR+"SCADA"+OR+"Distributed+control+system"+OR+"DCS"+"Factory"
     Title Network security vulnerabilities in SCADA and EMS
     Author ['MTO Amanullah', 'A Kalam']
     Venue 2005 IEEE/PES …
     Year 2005
     Abstract Additionally, factory default security settings (such as in computer network firewalls) are often set to  Many utilities fail to regularly assess the vulnerabilities of their SCADA and EMS  Continuous monitoring and maintenance of these devices from a single location is difficult, if not
     Url https://ieeexplore.ieee.org/abstract/document/1546981/


     Search term "Continuous"+"Cyber-physical+system"+OR+"Industrial+control+system"+OR+"ICS"+OR+"SCADA"+OR+"Distributed+control+system"+OR+"DCS"+"Factory"
     Title Hierarchical supervision and control in a sugar factory
     Author ['C Prada', 'C Alonso', 'F Morilla', 'M Bollain']
     Venue Invited Session of the IFAC …
     Year 1994
     Abstract Even if the efficiency of these systems is below that of a human, there are several advantages that justify its use: • The they made a continuous supervision, 24 hours a day, with no lack of attention  SGAE Benavente sugar factory  distributed control system (DCS) Teleperm
     Url http://www.academia.edu/download/39437535/Supervision_and_advanced_control_in_a_be20151026-32577-183wfrl.pdf


     Search term "Continuous"+"Cyber-physical+system"+OR+"Industrial+control+system"+OR+"ICS"+OR+"SCADA"+OR+"Distributed+control+system"+OR+"DCS"+"Factory"
     Title Guidelines and statutes of the International Commission on Stratigraphy (ICS)
     Author [' Union of Geological Sciences. Commission on ']
     Venue NA
     Year 1986
     Abstract at the same time preserving, as far as they have proved satis factory, the existing  Summary Requirements for a Submission to ICS of a candidate for a Global Stratotype Section  A continuous monofacial (or with only rapidly alternating and repeating facies changes) will re duce
     Url http://mmtk.ginras.ru/pdf/Cowie%20et%20al.,1986_ICS.pdf


     Search term "Continuous"+"Cyber-physical+system"+OR+"Industrial+control+system"+OR+"ICS"+OR+"SCADA"+OR+"Distributed+control+system"+OR+"DCS"+"Factory"
     Title Engineering insights from an anthropocentric cyber-physical system: A case study for an assembly station
     Author ['BC Pirvu', 'CB Zamfirescu', 'D Gorecky']
     Venue Mechatronics
     Year 2016
     Abstract For that reason, in [59] we defined the anthropocentric cyber-physical system (ACPS) as a reference model for factory automation that  concept emphasizes the adaptive and dynamic division of labor among the ACPS components as a result of their continuous interactions
     Url https://www.sciencedirect.com/science/article/pii/S095741581500152X


     Search term "Continuous"+"Cyber-physical+system"+OR+"Industrial+control+system"+OR+"ICS"+OR+"SCADA"+OR+"Distributed+control+system"+OR+"DCS"+"Factory"
     Title Method and apparatus for automatically generating a SCADA system
     Author ['B Wewalaarachchi', 'PV Bhave']
     Venue US Patent 6,957,110
     Year 2005
     Abstract The computer controlled system provides real time continuous operational control by monitoring data received  copies of as-built drawings to automatically generate and configure a SCADA system  As-built factory drawings may also show the location of installed machinery, for
     Url https://patents.google.com/patent/US6957110B2/en


     Search term "Continuous"+"Cyber-physical+system"+OR+"Industrial+control+system"+OR+"ICS"+OR+"SCADA"+OR+"Distributed+control+system"+OR+"DCS"+"Factory"
     Title A continuum model for a re-entrant factory
     Author ['D Armbruster', 'DE Marthaler', 'C Ringhofer']
     Venue Operations …
     Year 2006
     Abstract High-volume, multistage continuous production flow through a re-entrant factory is modeled through a conservation law for a continuous-density variable on a continuous-production line augmented by a state equation for the speed of the production along the production line
     Url https://pubsonline.informs.org/doi/abs/10.1287/opre.1060.0321


     Search term "Continuous"+"Cyber-physical+system"+OR+"Industrial+control+system"+OR+"ICS"+OR+"SCADA"+OR+"Distributed+control+system"+OR+"DCS"+"Factory"
     Title SCADA/HMI systems in advanced educational courses
     Author ['F Adamo', 'F Attivissimo', 'G Cavone']
     Venue IEEE Transactions on …
     Year 2007
     Abstract to exchange great amounts of production data also between various levels of factory automation; as  6 shows the front panel of a more complex SCADA/HMI VI coded with LabVIEW  The liquid temperature is regulated in a continuous way using a proportional control al- gorithm
     Url https://ieeexplore.ieee.org/abstract/document/4061068/


     Search term "Continuous"+"Cyber-physical+system"+OR+"Industrial+control+system"+OR+"ICS"+OR+"SCADA"+OR+"Distributed+control+system"+OR+"DCS"+"Factory"
     Title Sustainability Cockpit: An integrated tool for continuous assessment and improvement of sustainability in manufacturing
     Author ['W Li', 'S Alvandi', 'S Kara', 'S Thiede', 'C Herrmann']
     Venue CIRP Annals
     Year 2016
     Abstract The tool includes a continuous (1) ex-post “explanation model” (as-is analysis) which allows a realistic  1. System concept depicted as cyber physical system approach  on the factory's IT infrastructure – from multiple ports including ERP, MRP/MRP II, SCADA (Supervisory Control
     Url https://www.sciencedirect.com/science/article/pii/S0007850616300294


     Search term "Continuous"+"Cyber-physical+system"+OR+"Industrial+control+system"+OR+"ICS"+OR+"SCADA"+OR+"Distributed+control+system"+OR+"DCS"+"Factory"
     Title Programming Instruments and Control Systems for a Factory with Customizable SCADA system
     Author ['ZS Al Shattle']
     Venue NA
     Year NA
     Abstract 2.1 Difference in the application of dry mix and wet mix 8 2.2 Comparison between batch and continuous manufacturing 9 2.3 Design of the old feeder  21 2.9 Typical PLC system 23 2.10 Typical DCS system 26 2.11 Scada system example 28 2.12 Inner system of Modbus 32
     Url https://www.researchgate.net/profile/Zaid_Al_Shattle/publication/326223740_Programming_Instruments_and_Control_Systems_for_a_Factory_with_Customizable_SCADA_system/links/5b3ef1050f7e9b0df5fe6490/Programming-Instruments-and-Control-Systems-for-a-Factory-with-Customizable-SCADA-system.pdf


     Search term "Continuous"+"Cyber-physical+system"+OR+"Industrial+control+system"+OR+"ICS"+OR+"SCADA"+OR+"Distributed+control+system"+OR+"DCS"+"Factory"
     Title A multi-agent RFID-enabled distributed control system for a flexible manufacturing shop
     Author ['RV Barenji', 'AV Barenji', 'M Hashemipour']
     Venue The International Journal of …
     Year 2014
     Abstract 2. Unlike bar codes, RFID tags can store data for continuous production updates  8 Experimental validation of RFID-enabled distributed control system The validation of RFID-enabled DCS requires their im- plementation in a real environment for analyzing their accu- racy and
     Url https://link.springer.com/content/pdf/10.1007/s00170-013-5597-2.pdf


     Search term "Continuous"+"Cyber-physical+system"+OR+"Industrial+control+system"+OR+"ICS"+OR+"SCADA"+OR+"Distributed+control+system"+OR+"DCS"+"Factory"
     Title Industry 4.0 as a cyber-physical system study
     Author ['PJ Mosterman', 'J Zander']
     Venue Software & Systems Modeling
     Year 2016
     Abstract requested from the shared resource (the pick and place machine with its SCADA component)  Industry 4.0 as a Cyber-Physical System study  archi- tecture include asynchronous periodic (periodic behavior on concurrent resources), nonperiodic, and continuous-time executions
     Url https://link.springer.com/content/pdf/10.1007/s10270-015-0493-x.pdf


     Search term "Continuous"+"Cyber-physical+system"+OR+"Industrial+control+system"+OR+"ICS"+OR+"SCADA"+OR+"Distributed+control+system"+OR+"DCS"+"Factory"
     Title Cybersecurity for SCADA systems
     Author ['WT Shaw']
     Venue NA
     Year 2006
     Abstract majority of our industrial and manufacturing facilities, technological and energy infrastructure, and transportation systems are run and controlled by computer-based systems and that these systems (mainly SCADA systems, distributed control systems [DCS], and programmable
     Url https://books.google.com/books?hl=en&lr=&id=EyZVJ8KI8C0C&oi=fnd&pg=PP1&dq=%22Continuous%22+%22Cyber-physical+system%22+OR+%22Industrial+control+system%22+OR+%22ICS%22+OR+%22SCADA%22+OR+%22Distributed+control+system%22+OR+%22DCS%22+%22Factory%22&ots=_4wvR8jS1A&sig=ojGRMa9xjIl5COgxskuLxUspKhA


     Search term "Continuous"+"Cyber-physical+system"+OR+"Industrial+control+system"+OR+"ICS"+OR+"SCADA"+OR+"Distributed+control+system"+OR+"DCS"+"Factory"
     Title Continuous improvement initiatives for dynamic capabilities development: A systematic literature review
     Author ['L Gutierrez-Gutierrez', 'J Antony']
     Venue International Journal of Lean Six …
     Year 2020
     Abstract [Not Found]
     Url https://www.emerald.com/insight/content/doi/10.1108/IJLSS-07-2018-0071/full/html


     Search term "Continuous"+"Cyber-physical+system"+OR+"Industrial+control+system"+OR+"ICS"+OR+"SCADA"+OR+"Distributed+control+system"+OR+"DCS"+"Factory"
     Title DESIGN AND IMPLEMENTATION OF INTERNET-BASED REMOTE MONITORING FOR CONTINUOUS VACUUM PANS IN SUGAR FACTORY
     Author ['S PONGSWATD', 'K SMERPITAK']
     Venue ICIC express letters …
     Year 2018
     Abstract 参考文献. 出版年. 年から 年まで. 検索. 閉じる. 検索. 検索. [機関認証] 利用継続手続きのご案内. DESIGN AND IMPLEMENTATION OF INTERNET-BASED REMOTE MONITORING FOR CONTINUOUS VACUUM PANS IN SUGAR FACTORY
     Url https://ci.nii.ac.jp/naid/40021546666/


     Search term "Continuous"+"Cyber-physical+system"+OR+"Industrial+control+system"+OR+"ICS"+OR+"SCADA"+OR+"Distributed+control+system"+OR+"DCS"+"Factory"
     Title Distributed control system including a compact easily-extensible and serviceable field controller
     Author ['S Korowitz', 'HD Kagan', 'H Lake']
     Venue US Patent 6,076,124
     Year 2000
     Abstract Distributed control system including a compact easily-extensible and serviceable field controller. Download  G05B19/4185—Total factory control, ie centrally controlling a plurality of  systems; G05B2219/33—Director till display; G05B2219/33273—DCS distributed, decentralised
     Url https://patents.google.com/patent/US6076124A/en


     Search term "Continuous"+"Cyber-physical+system"+OR+"Industrial+control+system"+OR+"ICS"+OR+"SCADA"+OR+"Distributed+control+system"+OR+"DCS"+"Factory"
     Title Flow whitelisting in SCADA networks
     Author ['RRR Barbosa', 'R Sadre', 'A Pras']
     Venue International journal of critical …
     Year 2013
     Abstract At times, a continuous range of IP addresses had their address changed to  D. Bolzoni, P. HartelA log mining approach for process monitoring in SCADA. International Journal  K. Stouffer, J. Falco, K. Scarfone, Guide to Industrial Control Systems (ICS) Security, Recommendations
     Url https://www.sciencedirect.com/science/article/pii/S1874548213000437


     Search term "Continuous"+"Cyber-physical+system"+OR+"Industrial+control+system"+OR+"ICS"+OR+"SCADA"+OR+"Distributed+control+system"+OR+"DCS"+"Factory"
     Title An internet-wide view of ics devices
     Author ['A Mirian', 'Z Ma', 'D Adrian', 'M Tischer']
     Venue 2016 14th Annual …
     Year 2016
     Abstract ANSI C12.22 (TCP/1153, UDP/1153) C12.22 is prevalent in North America and leverages other industrial control system protocols such as ACSE (Association Control Service Element) to store  IV. EXPOSED SCADA DEVICES To understand how ICS devices have
     Url https://ieeexplore.ieee.org/abstract/document/7906943/


     Search term "Continuous"+"Cyber-physical+system"+OR+"Industrial+control+system"+OR+"ICS"+OR+"SCADA"+OR+"Distributed+control+system"+OR+"DCS"+"Factory"
     Title I/O connector module for a field controller in a distributed control system
     Author ['H Lake', 'C Piper', 'DP Prentice', 'S Korowitz']
     Venue US Patent 6,033,257
     Year 2000
     Abstract systems; G05B2219/30—Nc systems; G05B2219/33—Director till display; G05B2219/33273— DCS distributed, decentralised  a functional block diagram of a field controller 12(F) useful in the distributed control system 10  47, 50(1), 52(1), 50(e), 52(e), provide a continuous path for
     Url https://patents.google.com/patent/US6033257A/en


     Search term "Continuous"+"Cyber-physical+system"+OR+"Industrial+control+system"+OR+"ICS"+OR+"SCADA"+OR+"Distributed+control+system"+OR+"DCS"+"Factory"
     Title Development of a measurement error model of new factory-calibrated continuous glucose monitoring sensors used in type 1 diabetes therapy
     Author ['C Battocchio']
     Venue NA
     Year 2019
     Abstract 8 1.4 Representative Dexcom G6 sensor signal (blu continuous line)  21 3.3 Schematic description of how a factory-calibrated CGM data stream is modeled  ics; the IG signal is measured by the CGM sensor, generating theIGS(t) profile; finally, the measured CGM(t) is affected by
     Url http://tesi.cab.unipd.it/63167/


     Search term "Continuous"+"Cyber-physical+system"+OR+"Industrial+control+system"+OR+"ICS"+OR+"SCADA"+OR+"Distributed+control+system"+OR+"DCS"+"Factory"
     Title Smart Factory Platform For Processing Data Obtained In Continuous Process
     Author ['WM Yang', 'HW YU', 'EK Kim', 'MJ Park']
     Venue US Patent App. 15 …
     Year 2018
     Abstract instruments, sensors, and actuators, for collecting data generated in the continuous process  controller (P/C), a programmable logic controller (PLC), and a distributed control system (DCS), which integrate  system 2 transfers the collection data to the smart factory platform 1000
     Url https://patents.google.com/patent/US20180059630A1/en


     Search term "Continuous"+"Cyber-physical+system"+OR+"Industrial+control+system"+OR+"ICS"+OR+"SCADA"+OR+"Distributed+control+system"+OR+"DCS"+"Factory"
     Title Estimating continuous-time stochastic volatility models of the short-term interest rate
     Author ['TG Andersen', 'J Lund']
     Venue Journal of econometrics
     Year 1997
     Abstract rather ex- treme conditionally heteroskedastic volatility effects in the interest rate dynam- ics, while the  ous-time models for the short-term rate, they are not themselves entirely satis- factory  in discrete time or employ a discrete-time approximation to the continuous-time process
     Url https://www.sciencedirect.com/science/article/pii/S0304407696018192


     Search term "Continuous"+"Cyber-physical+system"+OR+"Industrial+control+system"+OR+"ICS"+OR+"SCADA"+OR+"Distributed+control+system"+OR+"DCS"+"Factory"
     Title Enterprise integration and interoperability in manufacturing systems: Trends and issues
     Author ['H Panetto', 'A Molina']
     Venue Computers in industry
     Year 2008
     Abstract resource planning) and manufacturing floor control supervisory control and data acquisition (SCADA)  Supply, e-Engineering, e-Marketing, e-Brokerage, e-Productivity, e-Factory) in order  Continuous improvement methodologies are powerful tools in order to understand and to
     Url https://www.sciencedirect.com/science/article/pii/S0166361508000353


     Search term "Continuous"+"Cyber-physical+system"+OR+"Industrial+control+system"+OR+"ICS"+OR+"SCADA"+OR+"Distributed+control+system"+OR+"DCS"+"Factory"
     Title Smart factory of industry 4.0: Key technologies, application case, and challenges
     Author ['B Chen', 'J Wan', 'L Shu', 'P Li', 'M Mukherjee', 'B Yin']
     Venue IEEE Access
     Year 2017
     Abstract new era that combines virtual reality technology based on the Cyber-Physical System (CPS) is  production system in real-time, thus the smart factory has more  systems such as Supervisory Control and Data Acquisition (SCADA), Distributed Control System (DCS), and Process
     Url https://ieeexplore.ieee.org/abstract/document/8207346/

