Showing papers for search query "Concurrent+Engineering"+"Formal+methods"+"Traceability"

     Search term "Concurrent+Engineering"+"Formal+methods"+"Traceability"
     Title Information integration for concurrent engineering (IICE) IDEF3 process description capture method report
     Author ['RJ Mayer', 'CP Menzel', 'MK Painter', 'PS Dewitte', 'T Blinn']
     Venue NA
     Year 1995
     Abstract More recently, with the expanded focus and use of IDEF methods as part of Concurrent Engineering, Total Quality Management (TQM), and  Formal methods, then, are specifically designed to raise the performance level (quality and productivity) of the novice practitioner to
     Url https://apps.dtic.mil/sti/citations/ADA530528


     Search term "Concurrent+Engineering"+"Formal+methods"+"Traceability"
     Title Concurrent engineering: concepts, implementation and practice
     Author ['CS Syan', 'U Menon']
     Venue NA
     Year 2012
     Abstract Page 2. CONCURRENT ENGINEERING Page 3  Concurrent engineering (CE) is widely seen to be the methodology that can help satisfy these strenuous demands and keep the profitability and viability of product developers, manufacturers and suppliers high
     Url https://books.google.com/books?hl=bg&lr=&id=XmbxCAAAQBAJ&oi=fnd&pg=PR14&dq=%22Concurrent+Engineering%22+%22Formal+methods%22+%22Traceability%22&ots=hhgeOFYvwe&sig=y_MJuiEyMI4dF3zOFhU2vHqErtk


     Search term "Concurrent+Engineering"+"Formal+methods"+"Traceability"
     Title Introduction to concurrent engineering
     Author ['CS Syan']
     Venue Concurrent Engineering
     Year 1994
     Abstract Page 16. 18 Introduction to concurrent engineering  All information should be registered and catalogued in order to provide traceability  1.4.3 Formal techniques The list of formal methods that are available nowadays is very diverse
     Url https://link.springer.com/chapter/10.1007/978-94-011-1298-7_1


     Search term "Concurrent+Engineering"+"Formal+methods"+"Traceability"
     Title Requirements traceability issues: generic model, methodology and formal basis
     Author ['AEK Sahraoui']
     Venue International Journal of Information Technology & …
     Year 2005
     Abstract community. An issue mentioned in Pearson20 con- cerns the use and abuse of formal methods in requirements traceability. There are many sources of errors in formal development. A commpon source is uncertainty. There
     Url https://www.worldscientific.com/doi/abs/10.1142/S0219622005001386


     Search term "Concurrent+Engineering"+"Formal+methods"+"Traceability"
     Title Information integration for concurrent engineering (IICE) compendium of methods report
     Author ['RJ Mayer', 'JW Crump', 'R Fernandes', 'A Keen']
     Venue NA
     Year 1995
     Abstract [Not Found]
     Url [Not Found]


     Search term "Concurrent+Engineering"+"Formal+methods"+"Traceability"
     Title Information structures for traceability for dependable avionic systems
     Author ['S Pearson', 'A Saeed']
     Venue Department of Computing Science …
     Year 1997
     Abstract looks at traceability focusing on concurrent engineering and proposes implementing trace ability by the use of formal product models with tool support to automate the interrelation  supports The traceability procedure will support concurrent engineering, by enabling the inclusion
     Url https://pdfs.semanticscholar.org/6541/cec400c40391e36b29e99cd4ef3a9ecd2566.pdf


     Search term "Concurrent+Engineering"+"Formal+methods"+"Traceability"
     Title Information Integration for Concurrent Engineering (IICE) IDEF4 object-oriented design method report
     Author ['RJ Mayer', 'AA Keen', 'MS Wells']
     Venue NA
     Year 1992
     Abstract [Not Found]
     Url [Not Found]


     Search term "Concurrent+Engineering"+"Formal+methods"+"Traceability"
     Title On structuring formal, semi-formal and informal data to support traceability in systems engineering environments
     Author ['P Mason', 'K Cosh', 'P Vihakapirom']
     Venue Proceedings of the thirteenth ACM …
     Year 2004
     Abstract META-MODEL Despite a varied range of graphical abstractions and the continued 'push' from academia towards use of formal methods, artifacts expressed in  Those that don't are designated either as 'non- significant' (in the traceability sense) plain text, or else as null nodes
     Url https://dl.acm.org/doi/abs/10.1145/1031171.1031288


     Search term "Concurrent+Engineering"+"Formal+methods"+"Traceability"
     Title Design for relevance concurrent engineering approach: integration of IATF 16949 requirements and design for X techniques
     Author ['AC Benabdellah', 'A Benghabrit', 'I Bouhaddou']
     Venue … in Engineering Design
     Year 2020
     Abstract In a model of concurrent engineering, even if designers have in mind to design for simplicity, what they have to do is inherently  KM takes the form of experience feedback, traceability, and various types of communication channels and processes to have the right information at
     Url https://link.springer.com/content/pdf/10.1007/s00163-020-00339-4.pdf


     Search term "Concurrent+Engineering"+"Formal+methods"+"Traceability"
     Title The Relationship Between Computer-Aided Acquisition and Logistics Support (CALS) and Concurrent Engineering
     Author ['JD Wood', 'RI Winner']
     Venue NA
     Year 1989
     Abstract N THE RELATIONSHIP BETWEEN COMPUTER-AIDED ACQUISITION AND LOGISTICS SUPPORT (CALS) AND CONCURRENT ENGINEERING Jonathan D. Wood Robert 1. Winner DTIC ELECTEf  AND CONCURRENT ENGINEERING Jonathan D. Wood Robert I. Winner
     Url https://apps.dtic.mil/dtic/tr/fulltext/u2/a222714.pdf


     Search term "Concurrent+Engineering"+"Formal+methods"+"Traceability"
     Title Towards industrially applicable formal methods: Three small steps, and one giant leap
     Author ['J McDermid', 'A Galloway', 'S Burton']
     Venue … Methods (Cat. No …
     Year 1998
     Abstract Although some departments of Rolls-Royce have inves- tigated the use of discrete formal methods (such as VDM [23]) in the past  Control software is developed within a multi-level concurrent engineering process where airframe requirements give rise to propulsion system level
     Url https://ieeexplore.ieee.org/abstract/document/730572/


     Search term "Concurrent+Engineering"+"Formal+methods"+"Traceability"
     Title Catalyst: Automating Systems Engineering in the 21st Century
     Author ['ER Comer']
     Venue INCOSE International Symposium
     Year 1992
     Abstract Concurrent engineering “groupware,” providing specialized support for the collaborative activities of a  Catalyst provides integrated support for information retrieval, documentation, traceability and change  as illustrated in Figure 2, automating the semi-formal methods that may
     Url https://onlinelibrary.wiley.com/doi/abs/10.1002/j.2334-5837.1992.tb01518.x


     Search term "Concurrent+Engineering"+"Formal+methods"+"Traceability"
     Title Representing and reasoning with traceability in model life cycle management
     Author ['B Ramesh']
     Venue Annals of Operations Research
     Year 1997
     Abstract In the context of using Multiple Criteria Decision Making (MCDM) methods, for example, traceability to the rationale for various alternatives as well as the decision criteria used in  A recent survey on the use of formal methods in industrial use supports a similar conclusion [12]
     Url https://link.springer.com/article/10.1023/A:1018951227810


     Search term "Concurrent+Engineering"+"Formal+methods"+"Traceability"
     Title Safety evaluation and management of complex systems: A system engineering approach
     Author ['R Guillerm', 'H Demmou', 'N Sadou']
     Venue Concurrent Engineering
     Year 2012
     Abstract Safety evaluation and management of complex systems: A system engineering approach. Romaric Guillerm, Hamid Demmou, and Nabil Sadou. Concurrent Engineering 2012 20:2, 149-159. Download Citation  Concurrent Engineering 2012 20:2, 149-159. Share. Share
     Url https://journals.sagepub.com/doi/abs/10.1177/1063293X12446665


     Search term "Concurrent+Engineering"+"Formal+methods"+"Traceability"
     Title Effective Task Allocation in Distributed Environment: A Traceability Perspective
     Author ['S Imtiaz', 'N Ikram']
     Venue International Conference on Software …
     Year 2011
     Abstract Componation and J. Byrd, “Utilizing cluster analysis to structure concurrent engineering teams,” IEEE  executable models of object oriented architecture,” Workshop on Formal Methods, Applied to  H. Kaiya, and K. Kaijiri, “Software evolution support using traceability link between
     Url https://www.researchgate.net/profile/Salma_Imtiaz/publication/269035398_Effective_Task_Allocation_in_Distributed_Environments_A_Traceability_Perspective/links/547da1d10cf2cfe203c21f7b/Effective-Task-Allocation-in-Distributed-Environments-A-Traceability-Perspective.pdf


     Search term "Concurrent+Engineering"+"Formal+methods"+"Traceability"
     Title Tool support for implementation and analysis of traceability structures
     Author ['S Riddle', 'A Saeed']
     Venue INCOSE International Symposium
     Year 1999
     Abstract In MG Hinchey, J. Bowen, eds, Applications of Formal Methods pp 307—332  Integrated Chipware, Requirements Traceability Management, User Documentation, Integrated Chipware 1997  Klein, M. “Capturing Design Rationale in Concurrent Engineering Teams”
     Url https://onlinelibrary.wiley.com/doi/abs/10.1002/j.2334-5837.1999.tb00339.x


     Search term "Concurrent+Engineering"+"Formal+methods"+"Traceability"
     Title Industry requirements and associated research issues in the extended enterprise
     Author ['J Browne', 'P Sackett', 'H Wortmann']
     Venue Integrated Manufacturing Systems …
     Year 1995
     Abstract based encompass- ing such things as team working, project management, and formal methods of geometric  Lon~ Term 1. Development of a Negotiation Environment in Concurrent Engineering  In particular we have to provide for product traceability and potential lia- bility
     Url https://link.springer.com/chapter/10.1007/978-0-387-34919-0_2


     Search term "Concurrent+Engineering"+"Formal+methods"+"Traceability"
     Title Systematic reuse and platforming: Application examples for enhancing reuse with model-based systems engineering methods in space systems development
     Author ['C Lange', 'JT Grundmann']
     Venue … Engineering
     Year 2018
     Abstract Caroline Lange, Jan Thimo Grundmann, Michael Kretzenbacher, and Philipp Martin Fischer. Concurrent Engineering 2017 26:1, 77-92  Caroline Lange, Jan Thimo Grundmann, Michael Kretzenbacher, and Philipp Martin Fischer. Concurrent Engineering 2017 26:1, 77-92. Share
     Url https://journals.sagepub.com/doi/abs/10.1177/1063293X17736358


     Search term "Concurrent+Engineering"+"Formal+methods"+"Traceability"
     Title Introducing System Engineering in a Tender Environment; Traffic Control Test Centre Case Study
     Author ['IGJC Ransijn', 'WJW Geurts', 'IFL Buve', 'CMGPS BV']
     Venue EuSEC 2000
     Year 2000
     Abstract The tool RequisitePro aided traceability, while the functional models were produced with the  written down correctly the first time, we used the method of concurrent engineering  REFERENCES WJW Geurts, J. Tretmans, K. Wijbrans, " Formal Methods and Testing; BOS project
     Url https://books.google.com/books?hl=bg&lr=&id=0RvIMfcILm8C&oi=fnd&pg=PA31&dq=%22Concurrent+Engineering%22+%22Formal+methods%22+%22Traceability%22&ots=wZrlrTn27L&sig=s6LUdorG-Np6xt8SKqrhhSvk-3Q


     Search term "Concurrent+Engineering"+"Formal+methods"+"Traceability"
     Title A framework for completeness in requirements engineering: An application in aircraft maintenance scenario
     Author ['M Zenun', 'G Loureiro']
     Venue … on Concurrent Engineering …
     Year 2013
     Abstract The purpose of traceability added in the Steps 8 and 9 is to  for Requirements Concurrent Engineering, In: ISPE International Conference on Concurrent Engineering (CE), 19th, 2012  language design for process - control systems, In: Workshop on Formal Methods in Software
     Url https://search.informit.com.au/documentSummary;dn=794102524631182;res=IELENG


     Search term "Concurrent+Engineering"+"Formal+methods"+"Traceability"
     Title Hybrid specification and formal distributed heterogeneous prototyping of distributed real-time systems
     Author ['N Zakhama', 'P Estraillier']
     Venue Proceedings Seventh Euromicro …
     Year 1995
     Abstract Keywords Code generation, concurrent engineering, hetero- geneous prototyping, incremental prototyping, rapid prototyping  Traceability facilitates, here, the map- ping of the verification results onto the  PROOFS EP 5342 project for the Promotion of Formal Methods in European
     Url https://ieeexplore.ieee.org/abstract/document/514311/


     Search term "Concurrent+Engineering"+"Formal+methods"+"Traceability"
     Title Viewpoints: A framework for integrating multiple perspectives in system development
     Author ['A Finkelstein', 'J Kramer', 'B Nuseibeh']
     Venue … Journal of Software …
     Year 1992
     Abstract Systems Modeling, Vol. 15, No. 2. Fostering concurrent engineering of cyber-physical systems a proposal for an ontological context framework. Marian Daun, Jennifer Brings, Thorsten Weyer and Bastian Tenbergen. 1 Apr 2016
     Url https://www.worldscientific.com/doi/abs/10.1142/S0218194092000038


     Search term "Concurrent+Engineering"+"Formal+methods"+"Traceability"
     Title Processes for Engineering a System an Introduction to Processes, Methods and Tools
     Author ['AEK Sahraoui']
     Venue … 2nd International Conference on Information & …
     Year 2006
     Abstract Thus it is denoted the reverse traceability from design and respectively from components  Processes and Process Improvement; SE Methods; SE Automation; and Formal Methods for SE  C.Cerezuela, D.Ropel, L.Villeneuve, A study of concurrent engineering applications., Journal
     Url https://ieeexplore.ieee.org/abstract/document/1684848/


     Search term "Concurrent+Engineering"+"Formal+methods"+"Traceability"
     Title Industry Requirements and Associated
     Author ['J Browne', 'B Galway']
     Venue Integrated Manufacturing Systems …
     Year 2013
     Abstract based encompass- ing such things as team working, project management, and formal methods of geometric  Long Term 1. Development of a Negotiation Environment in Concurrent Engineering  In particular we have to provide for product traceability and potential lia- bility
     Url https://books.google.com/books?hl=bg&lr=&id=03rTBwAAQBAJ&oi=fnd&pg=PA10&dq=%22Concurrent+Engineering%22+%22Formal+methods%22+%22Traceability%22&ots=HYtbmjnSBV&sig=5Ip-xAWy9m-3HMSfLaAX5bmazKM


     Search term "Concurrent+Engineering"+"Formal+methods"+"Traceability"
     Title Towards a concurrent engine system design methodology
     Author ['A Ohata', 'KR Butts']
     Venue Proceedings of the 2005, American Control …
     Year 2005
     Abstract SVM provides requirements to model architecture traceability, change- driven verification activity management  Early results of formal methods application to automotive control logic specifications are  a formative vision of a model-based and concurrent engineering method that is
     Url https://ieeexplore.ieee.org/abstract/document/1470479/


     Search term "Concurrent+Engineering"+"Formal+methods"+"Traceability"
     Title Supporting software quality in an integrated safety-critical systems development environment
     Author ['B Lees', 'DG Jenkins']
     Venue Software Quality Journal
     Year 1996
     Abstract The use of hazard analysis to provide a sound software specification, formal methods to ensure  l to support the traceability of the detailed design process; l to construct, through  for computer supported cooperative design; l to provide support for concurrent engineering from the
     Url https://link.springer.com/article/10.1007/BF00419775


     Search term "Concurrent+Engineering"+"Formal+methods"+"Traceability"
     Title Software engineering: a roadmap
     Author ['A Finkelsteiin', 'J Kramer']
     Venue Proceedings of the Conference on the Future …
     Year 2000
     Abstract contributions to work on specification from multiple viewpoints and to document traceability  for developers of safety-critical systems by further integration of informal and formal methods  but the concepts and mechanism for managing remote concurrent engineering are missing
     Url https://dl.acm.org/doi/pdf/10.1145/336512.336519


     Search term "Concurrent+Engineering"+"Formal+methods"+"Traceability"
     Title Integrated product and process management for engineering design applications
     Author ['B Westfechtel']
     Venue Integrated Computer-Aided Engineering
     Year 1996
     Abstract Process management supports concurrent engineering inasmuch as intermediate results may be prereleased to de- pendent processes as soon as possible  Manufacturing processes may be described rather precisely, and formal methods such
     Url https://content.iospress.com/articles/integrated-computer-aided-engineering/ica3-1-03


     Search term "Concurrent+Engineering"+"Formal+methods"+"Traceability"
     Title 1 Collaborative Methods Applied to the Development And Certification of Complex Aircraft Systems
     Author ['R Langton', "S O'Connor", 'G Jones']
     Venue INCOSE International …
     Year 1999
     Abstract Add to this the concurrent engineering that occurs naturally in a co-located  Notwithstanding the formal methods and tools that were put in place, informal communication  collaborate in all requirements activities (reviewing, modelling, database treatment, traceability rigour) both
     Url https://onlinelibrary.wiley.com/doi/abs/10.1002/j.2334-5837.1999.tb00199.x


     Search term "Concurrent+Engineering"+"Formal+methods"+"Traceability"
     Title CASE at the start of the 1990's
     Author ['RJ Norman', 'W Stevens', 'EJ Chikofsky']
     Venue Proceedings of the 13th …
     Year 1991
     Abstract Page 1. CASE at the Start of the 1990's Ronald J. Norman, San Diego State University Wayne Stevens, IBM Corporation Elliot J. Chikofsky, Progress Software Corporation John Jenkins, City University London Burt L. Rubenstein
     Url https://dl.acm.org/doi/pdf/10.5555/256664.256709


     Search term "Concurrent+Engineering"+"Formal+methods"+"Traceability"
     Title A view of 20th and 21st century software engineering
     Author ['B Boehm']
     Venue Proceedings of the 28th international conference on …
     Year 2006
     Abstract Formal Methods  as test tools (path and test coverage analyzers, automated test case generators, unit test tools, test traceability tools, test  to-market caused a major shift away from the sequential waterfall model to models emphasizing concurrent engineering of requirements
     Url https://dl.acm.org/doi/abs/10.1145/1134285.1134288


     Search term "Concurrent+Engineering"+"Formal+methods"+"Traceability"
     Title A pilot study of Engineering Design-Decision Methods in practice
     Author ['A Nichols', 'A Olewnik']
     Venue … Technical Conferences and …
     Year 2012
     Abstract using formalized design-decision methods through interviews and surveys (critical to understanding potential barriers to adoption of formal methods), and insight  as tools that aid rational decision making in the context of a specific problem, ideally providing traceability from
     Url https://asmedigitalcollection.asme.org/IDETC-CIE/proceedings-abstract/IDETC-CIE2012/45066/603/253599


     Search term "Concurrent+Engineering"+"Formal+methods"+"Traceability"
     Title Multi-view methodology for the design of embedded mechatronic control systems
     Author ['MA Groothuis', 'JF Broenink']
     Venue 2006 IEEE Conference on …
     Year 2006
     Abstract A short summary is given of some of the relevant representatives for the involved areas of engineering. Also relevant tools and methodologies that meet some of the requirements for concurrent engineering will be mentioned  Some examples: Traceability relations
     Url https://ieeexplore.ieee.org/abstract/document/4776682/


     Search term "Concurrent+Engineering"+"Formal+methods"+"Traceability"
     Title Formalizing the UML in a systems engineering approach
     Author ['R Wieringa']
     Venue Proc. of the 2nd ECOOP Workshop on Precise …
     Year 1998
     Abstract In concurrent engineering, people with expertise in all relevant areas, from engi- neering design to marketing and customer support, work  This makes it an important tool in maintaining traceability between requirements and varying implementations  Formal methods: a survey
     Url http://citeseerx.ist.psu.edu/viewdoc/download?doi=10.1.1.56.7385&rep=rep1&type=pdf


     Search term "Concurrent+Engineering"+"Formal+methods"+"Traceability"
     Title 3.6. 2 next generation requirements engineering
     Author ['J Favaro', 'S Mazzini', 'R Schreiner']
     Venue INCOSE …
     Year 2012
     Abstract in the space industry where experts from many different disciplines practice concurrent engineering, often with  or a set of tools) that makes it possible to define the traceability from the  This is done by using (semi) formal methods to describe systems and their properties, mainly
     Url https://onlinelibrary.wiley.com/doi/abs/10.1002/j.2334-5837.2012.tb01349.x


     Search term "Concurrent+Engineering"+"Formal+methods"+"Traceability"
     Title Integrated modeling workflow for security assurance
     Author ['MY Nam', 'J Delange', 'P Feiler']
     Venue … Applications of Formal Methods
     Year 2016
     Abstract ISoLA 2016: Leveraging Applications of Formal Methods, Verification and Validation: Foundational Techniques pp 926-941 | Cite as  3.5 Traceability Among Models  the verification method or updating the AADL model can be done in parallel for concurrent engineering as long
     Url https://link.springer.com/chapter/10.1007/978-3-319-47166-2_64


     Search term "Concurrent+Engineering"+"Formal+methods"+"Traceability"
     Title Future Perspectives in Systems Engineering
     Author ['WJC Verhagen', 'J Stjepandić', 'N Wognum']
     Venue Systems Engineering in …
     Year 2019
     Abstract system, like in Systems Engineering and other system approaches [3], Concurrent Engineering or Transdisciplinary  5, it is crucial to “enable traceability of decisions taken, tasks executed, knowledge  A final challenge relates to the lack of available formal methods for modelling
     Url https://link.springer.com/chapter/10.1007/978-3-030-33312-6_14


     Search term "Concurrent+Engineering"+"Formal+methods"+"Traceability"
     Title Model-based systems engineering for systems simulation
     Author ['R Leroux', 'M Pantel', 'I Ober', 'JM Bruel']
     Venue … Applications of Formal Methods
     Year 2018
     Abstract ISoLA 2018: Leveraging Applications of Formal Methods, Verification and Validation  Thus, the various parts of the systems models are built in a concurrent engineering manner and simulation activities are conducted on partial models that must be  requirements for traceability
     Url https://link.springer.com/chapter/10.1007/978-3-030-03424-5_29


     Search term "Concurrent+Engineering"+"Formal+methods"+"Traceability"
     Title 3.4. 2 Improving Systems Integrity by Using Thread Analysis for Design Validation
     Author ['R Collins', 'P Pearson']
     Venue INCOSE International …
     Year 2000
     Abstract Early analysis can be completed using the less formal methods  shown how threads analysis can be made more rigorous by adding formal traceability to system  A Practical Case Study of the Management of Reliability, Safety and other Concurrent Engineering Information" in
     Url https://onlinelibrary.wiley.com/doi/abs/10.1002/j.2334-5837.2000.tb00410.x


     Search term "Concurrent+Engineering"+"Formal+methods"+"Traceability"
     Title Proof-oriented fault-tolerant systems engineering: rationales, experiments and open issues
     Author ['G Morel', 'D Mery', 'JB Leger', 'T Lecomte']
     Venue IFAC Proceedings Volumes
     Year 2004
     Abstract Formal methods should provide the necessary semantics to justify such transitions between development phases as valid refinement steps  The traceability of requirements allows us to identify formal elements and informal ones; the informal elements are clearly simpler to
     Url https://www.sciencedirect.com/science/article/pii/S1474667017323388


     Search term "Concurrent+Engineering"+"Formal+methods"+"Traceability"
     Title Towards an integrated approach to verification and model-based testing in system engineering
     Author ['R Lefticaru', 'S Konur', 'U Yildirim', 'A Uddin']
     Venue … on Internet of Things …
     Year 2017
     Abstract this paper reflects an interdisciplinary effort to address this problem, by combining engineering design analysis with formal methods for system  the integrated approach can be deployed and enhanced to support V-model philosophy thereby making sure of traceability from top
     Url https://ieeexplore.ieee.org/abstract/document/8276742/


     Search term "Concurrent+Engineering"+"Formal+methods"+"Traceability"
     Title Component-based vs. model-based development: a comparison in the context of vehicular embedded systems
     Author ['M Torngren', 'DJ Chen', 'I Crnkovic']
     Venue … Conference on Software …
     Year 2005
     Abstract To this end, a parallel organization is often advocated, such as in concurrent engineering where the  Traceability Explicit support for managing information dependencies  handling of complexity causes the resulting need to strive for abstract descriptions, formal methods and tools
     Url https://ieeexplore.ieee.org/abstract/document/1517770/


     Search term "Concurrent+Engineering"+"Formal+methods"+"Traceability"
     Title Requirements engineering: An overview
     Author ['K Pohl']
     Venue NA
     Year 1996
     Abstract The consequences of these definitions on the RE process, its products, and requirements traceability are outlined in Section 7. In Section 8  Thus, the (so called) formal methods focus mostly on representational aspects and provide hardly any guidance for the development of a
     Url ftp://ftp8.de.freebsd.org/pub/packages/CREWS/CREWS-96-02.pdf


     Search term "Concurrent+Engineering"+"Formal+methods"+"Traceability"
     Title Conference Report: COMPASS'96 THE ELEVENTH ANNUAL CONFERENCE ON COMPUTER ASSURANCE Gaithersburg, MD June 17–21, 1996
     Author ['K Ferraiolo', 'LM Ippolito']
     Venue Journal of Research of the National …
     Year 1996
     Abstract Specific topics included formal methods, verification, testing, safety, and security  Software Requirements by the University of Waterloo; Foresight: Requirements Traceability and Management  integrate the development process and the product (eg, concurrent engineering)
     Url https://www.ncbi.nlm.nih.gov/pmc/articles/PMC4900807/


     Search term "Concurrent+Engineering"+"Formal+methods"+"Traceability"
     Title An Axiomatic and Object-Based Approach to Tracing Safety Properties in the Context of ARP 4754
     Author ['P Attasara-Mason']
     Venue International Conference on Advances in Information …
     Year 2009
     Abstract Airborne Systems & Equipment (1992) 5. Mason, P.: Extending Cross-Tool Traceability to Formal Methods  Thailand (May 2007) 7. Mason, P., Tianvorakoon, A.: Seamless Traceability without Compromise  Klein, M.: Capturing Design Rationale in Concurrent Engineering Teams
     Url https://link.springer.com/chapter/10.1007/978-3-642-10392-6_9


     Search term "Concurrent+Engineering"+"Formal+methods"+"Traceability"
     Title Software producers as software users
     Author ['TI Larsson', 'AA Vainio-Larsson']
     Venue User-Centred Requirements for Software …
     Year 1994
     Abstract As well as satisfying requirements on verifiability and validatability, traceability is important and  Concurrent engineering methods try to exploit these feed-back and feed-forward loops and  criticism of the use of formal design approaches is that formal methods only support
     Url https://link.springer.com/chapter/10.1007/978-3-662-03035-6_22


     Search term "Concurrent+Engineering"+"Formal+methods"+"Traceability"
     Title 9.3. 2 The Use of Models across the Contractual Boundary: Past, Present and Future
     Author ['Q Do', 'S Cook', 'T Fossnes']
     Venue INCOSE International …
     Year 2014
     Abstract Szabo and Chen (2013) also remind us of the challenges that arise when traceability must be handled in a multi-model environment  “The RASSP integrated systems tool set provides a concurrent engineering environment for  FM 89: assessment of formal methods for trustworthy
     Url https://onlinelibrary.wiley.com/doi/abs/10.1002/j.2334-5837.2014.tb03193.x


     Search term "Concurrent+Engineering"+"Formal+methods"+"Traceability"
     Title Design method and management utility enabling the concurrent exercise of distributed expertise
     Author ['AS Tsiotsias']
     Venue NA
     Year 1994
     Abstract part description in its various forms, a designer could obtain information concerning the design tasks undertaken and their sequence. The design record enables design traceability and audit of the design process, sustains status evaluations and provides for regression
     Url http://theses.gla.ac.uk/id/eprint/71008


     Search term "Concurrent+Engineering"+"Formal+methods"+"Traceability"
     Title Proof-oriented fault-tolerant systems engineering: rationales, experiments and open issues
     Author ['G Morel', 'D Mery', 'JB Leger', 'T Lecomte']
     Venue IFAC Proceedings Volumes
     Year 2004
     Abstract Formal methods should provide the necessary semantics to justify such transitions between development phases as valid refinement steps  The traceability of requirements allows us to identify formal elements and informal ones; the informal elements are clearly simpler to
     Url https://www.sciencedirect.com/science/article/pii/S1474667017323388


     Search term "Concurrent+Engineering"+"Formal+methods"+"Traceability"
     Title Engineering change management maturity assessment model with lean criteria for automotive supply chain
     Author ['J Tavčar', 'I Demšar', 'J Duhovnik']
     Venue Journal of Engineering Design
     Year 2018
     Abstract 2013): (1) a set-based concurrent engineering (SBCE) process that focuses on value, knowledge, and learning; (2) chief engineer technical leadership  The result shows that systems that are more complex need better support using formal methods, especially in the area of
     Url https://www.tandfonline.com/doi/abs/10.1080/09544828.2018.1463513

