Showing papers for search query "Cyber-physical+system"+OR+"Industrial+control+system"+OR+"ICS"+OR+"SCADA"+OR+"Distributed+control+system"+OR+"DCS"+"FDA+Requirement"+"Traceability"

     Search term "Cyber-physical+system"+OR+"Industrial+control+system"+OR+"ICS"+OR+"SCADA"+OR+"Distributed+control+system"+OR+"DCS"+"FDA+Requirement"+"Traceability"
     Title 21 CFR part 11: Complete guide to international computer validation compliance for the pharmaceutical industry
     Author ['O López']
     Venue NA
     Year 2004
     Abstract planning, verification, testing, traceability, configuration management, and many other aspects of good software engineeringthat together help to support a final conclusion that software is validated.3 The key words in the preceding paragraph are 'objective evidence
     Url https://books.google.com/books?hl=en&lr=&id=X3qmDwAAQBAJ&oi=fnd&pg=PP1&dq=%22Cyber-physical+system%22+OR+%22Industrial+control+system%22+OR+%22ICS%22+OR+%22SCADA%22+OR+%22Distributed+control+system%22+OR+%22DCS%22+%22FDA+Requirement%22+%22Traceability%22&ots=DZ3-4h3eNB&sig=kKkyoWHwTyOWsbNzVJmPpXFuSFU


     Search term "Cyber-physical+system"+OR+"Industrial+control+system"+OR+"ICS"+OR+"SCADA"+OR+"Distributed+control+system"+OR+"DCS"+"FDA+Requirement"+"Traceability"
     Title Design Qualification in Practice-from Strategy to Report
     Author ['Y Chvaicer']
     Venue PHARMACEUTICAL …
     Year 2005
     Abstract [Not Found]
     Url [Not Found]


     Search term "Cyber-physical+system"+OR+"Industrial+control+system"+OR+"ICS"+OR+"SCADA"+OR+"Distributed+control+system"+OR+"DCS"+"FDA+Requirement"+"Traceability"
     Title NIST-EEEL
     Author ['EI Assessment']
     Venue Economic Analysis
     Year 2000
     Abstract circuits (ICs). This trend in miniaturization has increased the functionality of semiconductor ICs  traceable to NIST's standards, rather than the historical FDA requirement of ± 20 percent  ES- 9 The more stringent requirement for absolute standards traceability represents a
     Url https://www.nist.gov/system/files/documents/tpo/No-14-PR-00-3-Fiberoptic.pdf


     Search term "Cyber-physical+system"+OR+"Industrial+control+system"+OR+"ICS"+OR+"SCADA"+OR+"Distributed+control+system"+OR+"DCS"+"FDA+Requirement"+"Traceability"
     Title Scoping Study on Reducing Unnecessary Regulatory Burdens in the Philippine Food Manufacturing Industry
     Author ['NM Manalili']
     Venue NA
     Year 2017
     Abstract Page 1. For comments, suggestions or further inquiries please contact: Philippine Institute for Development Studies Surian sa mga Pag-aaral Pangkaunlaran ng Pilipinas The PIDS Discussion Paper Series constitutes studies that are preliminary and subject to further revisions
     Url https://think-asia.org/handle/11540/7341


     Search term "Cyber-physical+system"+OR+"Industrial+control+system"+OR+"ICS"+OR+"SCADA"+OR+"Distributed+control+system"+OR+"DCS"+"FDA+Requirement"+"Traceability"
     Title Golden Rice: The Imperiled Birth of a Gmo Superfood
     Author ['E Regis']
     Venue NA
     Year 2019
     Abstract Page 1. |º º - º º º #. º º º º º º 1. º º *** º º * - - tº: º º: º º º - --- º º - º º - - tº r". º º: º - º- - º º º º: tº ºn 1 º º ºn- º: º -- tº- Tº Tºº - º: º - | --- º - ---- º --- ºfºº --- º º -- --- º: zºº ----- ºn-tº- ºf ºººººººººº-ºº: ºº:::::º.º
     Url https://books.google.com/books?hl=en&lr=&id=VxytDwAAQBAJ&oi=fnd&pg=PP1&dq=%22Cyber-physical+system%22+OR+%22Industrial+control+system%22+OR+%22ICS%22+OR+%22SCADA%22+OR+%22Distributed+control+system%22+OR+%22DCS%22+%22FDA+Requirement%22+%22Traceability%22&ots=8t4sYMjqSq&sig=UTaItM9gsyam2nuv2r4zuSWYkHU


     Search term "Cyber-physical+system"+OR+"Industrial+control+system"+OR+"ICS"+OR+"SCADA"+OR+"Distributed+control+system"+OR+"DCS"+"FDA+Requirement"+"Traceability"
     Title Design of Electromechanical Products: A Systems Approach
     Author ['A Jamnia']
     Venue NA
     Year 2016
     Abstract [Not Found]
     Url [Not Found]


     Search term "Cyber-physical+system"+OR+"Industrial+control+system"+OR+"ICS"+OR+"SCADA"+OR+"Distributed+control+system"+OR+"DCS"+"FDA+Requirement"+"Traceability"
     Title Mesenchymal Stromal Cells: Translational Pathways to Clinical Adoption
     Author ['H Peiman', 'S Viswanathan']
     Venue NA
     Year 2016
     Abstract [Not Found]
     Url [Not Found]

