Showing papers for search query "Cyber-physical+system"+OR+"Industrial+control+system"+OR+"ICS"+OR+"SCADA"+OR+"Distributed+control+system"+OR+"DCS"+"DevOps"+"Regulated+Environment"

     Search term "Cyber-physical+system"+OR+"Industrial+control+system"+OR+"ICS"+OR+"SCADA"+OR+"Distributed+control+system"+OR+"DCS"+"DevOps"+"Regulated+Environment"
     Title Weaving Security into DevOps Practices in Highly Regulated Environments
     Author ['JA Morales', 'H Yasar', 'A Volkmann']
     Venue International Journal of Systems …
     Year 2018
     Abstract DevSecOps. KEyWORDS DevOps Assessment, DevOps, Highly Regulated Environment, SDLC, Secure DevOps Page 2  1.﻿﻿ Detail﻿ the﻿ process﻿ of﻿ conducting﻿ a﻿ DevOps﻿ assessment﻿ for﻿ a﻿ highly﻿ regulated﻿ environment﻿(HRE). 2
     Url https://www.igi-global.com/article/weaving-security-into-devops-practices-in-highly-regulated-environments/221157


     Search term "Cyber-physical+system"+OR+"Industrial+control+system"+OR+"ICS"+OR+"SCADA"+OR+"Distributed+control+system"+OR+"DCS"+"DevOps"+"Regulated+Environment"
     Title Next-generation process integration: CMMI and ITIL do devops
     Author ['B Phifer']
     Venue Cutter IT Journal
     Year 2011
     Abstract 1 These are among the many reasons why the devops movement is timely and relevant, since it aims to break down the barriers that stop organizations from effectively delivering working software to the busi- ness at the pace of the business  results in devops balance
     Url http://twinkie.homedns.org/TechDocs/itj1108.pdf#page=28


     Search term "Cyber-physical+system"+OR+"Industrial+control+system"+OR+"ICS"+OR+"SCADA"+OR+"Distributed+control+system"+OR+"DCS"+"DevOps"+"Regulated+Environment"
     Title Guide to Implementing DevSecOps for a System of Systems in Highly Regulated Environments
     Author ['J Morales', 'R Turner', 'S Miller', 'P Capell', 'P Place']
     Venue NA
     Year NA
     Abstract 55 5.3.3 Activity: Reassess Your DevOps Posture 56  1.2 Scope This guide is intended specifically for adopting DSO infrastructure to support systems develop- ment in HREs and is based on Implementing DevOps Practices in Highly Regulated Environments [Morales 2018]
     Url https://kilthub.cmu.edu/articles/journal%20contribution/Guide_to_Implementing_DevSecOps_for_a_System_of_Systems_in_Highly_Regulated_Environments/12363770/1


     Search term "Cyber-physical+system"+OR+"Industrial+control+system"+OR+"ICS"+OR+"SCADA"+OR+"Distributed+control+system"+OR+"DCS"+"DevOps"+"Regulated+Environment"
     Title Key supply chain integration factors for success of medical device startups
     Author ['S Gupta']
     Venue NA
     Year 2018
     Abstract Products and services segmentation (2017) 7.0% 8.7% 8.7% 27.7% snd noms~w"sh devices COilO &IWm 14.2% Nemmdam w d Wdv ms ics 9%1.5% 1-iOdierdevicas Total $42.8bn Figure 6 Medical devices: Products and services segmentation Source: IBISWorld
     Url https://dspace.mit.edu/handle/1721.1/117921

