Showing papers for search query "DevOps"+"Factory"

     Search term "DevOps"+"Factory"
     Title Devops for digital leaders: Reignite business with a modern devops-enabled software factory
     Author ['A Ravichandran', 'K Taylor', 'P Waterhouse']
     Venue NA
     Year 2016
     Abstract ISBN-13 (pbk): 978-1-4842-1841-9 ISBN-13 (electronic): 978-1-4842-1842-6 DOI  10.1007/978-1-4842-1842-6 Library of Congress Control Number: 2016958432 Copyright ©  2016 by CA. All rights reserved. All trademarks, trade names, service marks and logos referenced
     Url http://library.oapen.org/bitstream/handle/20.500.12657/28172/1001822.pdf?sequence=1


     Search term "DevOps"+"Factory"
     Title Towards omnia: A monitoring factory for quality-aware devops
     Author ['M Miglierina', 'DA Tamburri']
     Venue Proceedings of the 8th ACM/SPEC on …
     Year 2017
     Abstract Modern DevOps pipelines entail extreme automation and speed as paramount assets for continuous application improvement. Likewise, monitoring is required to assess the quality of service and user-experience such that applications can continuously evolve towards use
     Url https://dl.acm.org/doi/abs/10.1145/3053600.3053629


     Search term "DevOps"+"Factory"
     Title A web-based service deployment method to edge devices in smart factory exploiting Docker
     Author ['J Ha', 'J Kim', 'H Park', 'J Lee', 'H Jo']
     Venue … on Information and …
     Year 2017
     Abstract In this paper, we propose an easy-to-use web-based service deployment method for containerized service to in-factory edge device for supporting DevOps to factory operator. Index Terms—Service deployment, DevOps, Docker, Micro- service, Smart factory
     Url https://ieeexplore.ieee.org/abstract/document/8190760/


     Search term "DevOps"+"Factory"
     Title Practical DevOps
     Author ['A Ravichandran', 'K Taylor', 'P Waterhouse']
     Venue DevOps for Digital Leaders
     Year 2016
     Abstract For DevOps to be successful, this means many practices and existing roles (beyond development and operations) should be carefully reviewed and, if necessary, adjusted to drive improvements across the DevOps-enabled software factory. Keywords
     Url https://link.springer.com/chapter/10.1007/978-1-4842-1842-6_8


     Search term "DevOps"+"Factory"
     Title DevOps is the Key for Continuous Security: RMF, ATO and Beyond
     Author ['H Yasar']
     Venue NA
     Year 2018
     Abstract Page 10. 10 DevOps is the key for Continuous Security: RMF, ATO and beyond © 2018 Carnegie Mellon University [DISTRIBUTION STATEMENT A] Approved for public release and unlimited distribution. The DevOps Factory Page 11. 11
     Url https://apps.dtic.mil/sti/citations/AD1083882


     Search term "DevOps"+"Factory"
     Title A systematic mapping study on microservices architecture in devops
     Author ['M Waseem', 'P Liang', 'M Shahin']
     Venue Journal of Systems and Software
     Year 2020
     Abstract A Systematic Mapping Study on Microservices Architecture in DevOps. Author links open  2.2. DevOps. DevOps is an approach based on agile and lean software development principals (Mueller, 2018). This approach promotes
     Url https://www.sciencedirect.com/science/article/pii/S0164121220302053


     Search term "DevOps"+"Factory"
     Title Towards DevOps in the embedded systems domain: Why is it so hard?
     Author ['LE Lwakatare', 'T Karvonen', 'T Sauvola']
     Venue 2016 49th hawaii …
     Year 2016
     Abstract CI practices to validate whether new software features are valuable to the customer [1]. In SaaS applications with DevOps practices, virtualization and  process for every software version that has passed CI [1]. In the embedded systems domain, customer/factory acceptance tests
     Url https://ieeexplore.ieee.org/abstract/document/7427859/


     Search term "DevOps"+"Factory"
     Title DevOps in the Ascendency
     Author ['A Ravichandran', 'K Taylor', 'P Waterhouse']
     Venue DevOps for Digital Leaders
     Year 2016
     Abstract Responding to some experts' observations that DevOps is only relevant for lean-minded, applications-driven startups such as consumer transportation darling Uber, Kim  The author contends in the WSJ piece that this is, “because IT is the factory floor of this century, and not just
     Url https://link.springer.com/chapter/10.1007/978-1-4842-1842-6_1


     Search term "DevOps"+"Factory"
     Title Leading Devops practice and principle adoption
     Author ['K Maroukian', 'SR Gulliver']
     Venue arXiv preprint arXiv:2008.10515
     Year 2020
     Abstract 2. DEFINING AGILE, LEAN, AND DEVOPS PRACTICES AND PRINCIPLES  Henry Ford extended organizational considerations to human psychology which aimed at an inclusive work environment where each and every one factory employee partnered with the organization to
     Url https://arxiv.org/abs/2008.10515


     Search term "DevOps"+"Factory"
     Title The DevOps Handbook:: How to Create World-Class Agility, Reliability, and Security in Technology Organizations
     Author ['G Kim', 'J Humble', 'P Debois', 'J Willis']
     Venue NA
     Year 2016
     Abstract As Dr. Branden Williams, an information security executive, quipped, “Let there be no more talk of DevOps unicorns or horses but only thoroughbreds and horses heading to the glue factory.” Myth—DevOps Replaces Agile: DevOps principles and practices are compatible with
     Url https://books.google.com/books?hl=nl&lr=&id=ui8hDgAAQBAJ&oi=fnd&pg=PT7&dq=%22DevOps%22+%22Factory%22&ots=Wv6hehLzYW&sig=-ZgRN4YFwWj9bEZkHhLNvRAznQA


     Search term "DevOps"+"Factory"
     Title DevOps Finetuning
     Author ['A Ravichandran', 'K Taylor', 'P Waterhouse']
     Venue DevOps for Digital Leaders
     Year 2016
     Abstract performance improvements everywhere, as they build, test, release, and manage. . superior high-quality software solutions, continuously delivered from a modern DevOps-enabled software factory. .start your engines! Footnotes
     Url https://link.springer.com/chapter/10.1007/978-1-4842-1842-6_10


     Search term "DevOps"+"Factory"
     Title DevOps for developers
     Author ['M Hüttermann']
     Venue NA
     Year 2012
     Abstract WAY Michael Hüttermann * Apress. Page 2. DevOps for Developers Michael Hüttermann Page 3. DevOps for Developers Copyright © 2012 by Michael Hüttermann This work is subject to copyright. All rights are reserved
     Url https://books.google.com/books?hl=nl&lr=&id=JfUAkB8AA7EC&oi=fnd&pg=PR3&dq=%22DevOps%22+%22Factory%22&ots=wonndbvseI&sig=MtMpSzoc6lLBJYtLtP3N9w6orTQ


     Search term "DevOps"+"Factory"
     Title DevOps foundations
     Author ['A Ravichandran', 'K Taylor', 'P Waterhouse']
     Venue DevOps for Digital Leaders
     Year 2016
     Abstract And, since the software delivery lifecycle represents a manufacturing production line within a software factory, we have the guiding context upon  Using the eight elements of waste list, DevOps practitioners can begin a process of identifying waste elements across the software
     Url https://link.springer.com/chapter/10.1007/978-1-4842-1842-6_3


     Search term "DevOps"+"Factory"
     Title Build Secure Application with DevSecOps!
     Author ['H Yasar']
     Venue NA
     Year 2018
     Abstract 2018 Carnegie Mellon University [DISTRIBUTION STATEMENT A] Approved for public release and unlimited distribution. Introducing The DevOps Factory Page 8. 8 Build Secure Application with DevSecOps! © 2018 Carnegie Mellon University
     Url https://apps.dtic.mil/sti/pdfs/AD1087050.pdf


     Search term "DevOps"+"Factory"
     Title Teaching DevOps at the Graduate Level
     Author ['B Benni', 'P Collet', 'G Molines', 'S Mosser']
     Venue … Workshop on Software …
     Year 2018
     Abstract Cambridge) (2014). https://www.slideshare.net/johnfcshaw/four-pillars-of-devops-john- shaw-agile-cambridge-2014. Accessed 01 Oct 2017. 3. Mosser, S.: The Cookie Factory (J2E 7 reference implementation), version 2.2 (2017). https
     Url https://link.springer.com/chapter/10.1007/978-3-030-06019-0_5


     Search term "DevOps"+"Factory"
     Title Towards a DevOps Approach in Cyber Physical Production Systems Using Digital Twins
     Author ['MU Querejeta', 'L Etxeberria', 'G Sagardui']
     Venue International Conference on …
     Year 2020
     Abstract Consequently, the need of factory digitalisation arises with the introduction of Industry 4.0  Therefore, digital twin can be an enabler for the DevOps application in cyber physical production systems as DevOps aims at merging Development and Operations to provide a continuous
     Url https://link.springer.com/chapter/10.1007/978-3-030-55583-2_15


     Search term "DevOps"+"Factory"
     Title DevOps Automation Advances IT Sectors with the Strategy of Release Management
     Author ['SM Mohammad']
     Venue International Journal of Computer Trends and …
     Year 2019
     Abstract [19] Ravichandran, A., Taylor, K., & Waterhouse, P. (2016). “DevOps for digital leaders: Reignite Business with a modern DevOps-enabled software factory. [Berkeley, California] : [20] Apress: CA Press, New York, NY: Distributed to the Book trade worldwide by Springer
     Url https://papers.ssrn.com/sol3/papers.cfm?abstract_id=3628988


     Search term "DevOps"+"Factory"
     Title Streamlining DevOps automation for Cloud applications
     Author ['SM Mohammad']
     Venue … Journal of Creative Research Thoughts (IJCRT) …
     Year 2018
     Abstract Kanban came from the Toyota factory floor efficiency improvements [2]. Kanban sets out that the progress of WIPs on a Kanban board should be tracked. Earlier agile methods of production of applications also have a significant effect on the practice and tools of DevOps
     Url https://papers.ssrn.com/sol3/papers.cfm?abstract_id=3655574


     Search term "DevOps"+"Factory"
     Title The DevOps adoption playbook: a guide to adopting DevOps in a multi-speed IT enterprise
     Author ['S Sharma']
     Venue NA
     Year 2017
     Abstract Page 1. The Adoption DevOpsp Playbook A Guide to Adopting DevOps in a Multi-Speed IT Enterprise Sanjeev Sharma ffirs.indd 01/02/17 Page i  The DevOps Adoption Playbook: A Guide to Adopting DevOps in a Multi-Speed IT Enterprise Published by John Wiley & Sons, Inc
     Url https://books.google.com/books?hl=nl&lr=&id=leXWDQAAQBAJ&oi=fnd&pg=PR23&dq=%22DevOps%22+%22Factory%22&ots=j1ziayZwZi&sig=lMla74xnZ-ZtyxyKP4DxOlJyij0


     Search term "DevOps"+"Factory"
     Title Exploring the link between leadership and Devops practice and principle adoption
     Author ['K Maroukian', 'S Gulliver']
     Venue Advanced Computing: An …
     Year 2020
     Abstract It is crucial to gain an insight into what Agile is not and Microsoft's DevOps Resource Center defines it as follows  extended organizational considerations to human psychology which aimed at an inclusive work environment where each and every one factory employee partnered
     Url http://centaur.reading.ac.uk/92769/


     Search term "DevOps"+"Factory"
     Title Feedback from operations to software development—a devops perspective on runtime metrics and logs
     Author ['J Cito', 'J Wettinger', 'LE Lwakatare', 'M Borg']
     Venue International Workshop on …
     Year 2018
     Abstract However, companies in traditional business, eg infrastructure management, utilities and factory automation, are strictly bound by regulations with regard to safety  presented to the different stakeholders such that they are able to make decisions fast as required in a DevOps world
     Url https://link.springer.com/chapter/10.1007/978-3-030-06019-0_14


     Search term "DevOps"+"Factory"
     Title LISA'11 Theme–DevOps: New Challenges, Proven Values
     Author ['TA Limoncelli', 'D Hughe']
     Venue USENIX; login: Magazine
     Year 2011
     Abstract A new release comes along each year . The effort to ship a new release is huge . You have a printer that makes boxes, a factory that produces media, an assembly line that puts them all together and ships them  LISA '11 Theme— “DevOps: New Challenges, Proven Values”
     Url https://static.usenix.org/publications/login/2011-08/openpdfs/Limoncelli.pdf


     Search term "DevOps"+"Factory"
     Title Devops and Microservices Based Internet of Things Meta-Model
     Author ['B El Khalyly', 'A Belangour', 'A Erraissi']
     Venue International …
     Year 2020
     Abstract Smart Farm - Smart Factory. The Meta-model proposed in this article is a fusion between 5 Meta-models: Internet of Things - Microservices - Ansible – Docker - Kubernetes. Keywords: Model Driven Engineering, Meta-modeling, Microservices, Internet of Things, Devops, Docker
     Url https://www.researchgate.net/profile/Allae_Erraissi/publication/344432797_Devops_and_Microservices_Based_Internet_of_Things_Meta-Model/links/5f74a885a6fdcc0086494837/Devops-and-Microservices-Based-Internet-of-Things-Meta-Model.pdf


     Search term "DevOps"+"Factory"
     Title Adopting DevOps in Agile: Challenges and Solutions
     Author ['C Wang', 'C Liu']
     Venue NA
     Year 2018
     Abstract Page 1. Master of Science in Software Engineering February 2018 Adopting DevOps in Agile Challenges and Solutions Cheng Wang Changling Liu Faculty of Computing, Blekinge Institute of Technology, 371 79 Karlskrona, Sweden Page 2  2.1 DevOps Diel et al
     Url https://www.diva-portal.org/smash/record.jsf?pid=diva2:1228684


     Search term "DevOps"+"Factory"
     Title Devops-a review
     Author ['VPR Kumar', 'V Babu']
     Venue IMAGE AND VIDE PROCESSING
     Year 2012
     Abstract 7: DevOps transformation Glossary Acronyms Definitions DevOps Development and Operations CI Continues Integration CD Continues Delivery QA Quality Assurance  Creational design pattern category includes Singleton, Builder, Factory method, prototype and Abstract factory
     Url http://csi-india.org.in/communications/CSIC%20September%202015.pdf#page=32


     Search term "DevOps"+"Factory"
     Title The phoenix project: A novel about IT, DevOps, and helping your business win
     Author ['G Kim', 'K Behr', 'K Spafford']
     Venue NA
     Year 2014
     Abstract Where DevOps Came From The Three Ways Explained Top DevOps Myths The Four Types of Work Further Reading Notes Copyright Information Landmarks 1. 2. 3. Cover Table of Contents Beginning Page 4  Many of our factory workers live from paycheck to paycheck
     Url https://books.google.com/books?hl=nl&lr=&id=qaRODgAAQBAJ&oi=fnd&pg=PT6&dq=%22DevOps%22+%22Factory%22&ots=9l7kpf61CB&sig=sffoicwwO1w2x1Xvfon50t3qkfs


     Search term "DevOps"+"Factory"
     Title Software Productivity in DevOps.
     Author ['Q Liu', 'Y Qin', 'H Zhu', 'H Fan']
     Venue JSW
     Year 2019
     Abstract 1-7). [4] Miglierina, M., & Tamburri, DA (2017). Towards omnia: A monitoring factory for quality-aware devops. Proceedings of the 8th ACM/SPEC on International Conference on Performance Engineering Companion (pp. 145-150). [5] Peuster, M., & Karl, H. (2017)
     Url http://www.jsoftware.us/vol14/374-R0035.pdf


     Search term "DevOps"+"Factory"
     Title Business model innovation using modern DevOps
     Author ['DK Koilada']
     Venue 2019 IEEE Technology & Engineering …
     Year 2019
     Abstract Retrieved from https://docs.docker.com/engine/docker-overview/#docker-architecture on April 17, 2019 [7] Aruna Ravichandran, Kieran Taylor, Peter Waterhouse (2016) "DevOps for Digital Leaders: Reignite Business with a Modern DevOps- Enabled Software Factory":CA Press
     Url https://ieeexplore.ieee.org/abstract/document/8813557/


     Search term "DevOps"+"Factory"
     Title Teaching DevOps at the Graduate Level
     Author ['AM Pinna-Déry']
     Venue … : First International Workshop, DEVOPS 2018 …
     Year 2019
     Abstract lab assignment. Page 73. Teaching DevOps at the Graduate Level 63 To support the development of such a system, we implemented a reference system named The Cookie Factory (TCF)[3](see Sect. 4.1 for details). In the first
     Url https://books.google.com/books?hl=nl&lr=&id=EVmEDwAAQBAJ&oi=fnd&pg=PA60&dq=%22DevOps%22+%22Factory%22&ots=18tc8yohSh&sig=B9ZE4NkrOUy2yv5Y5sU9A5Fo5xI


     Search term "DevOps"+"Factory"
     Title A survey of DevOps concepts and challenges
     Author ['L Leite', 'C Rocha', 'F Kon', 'D Milojicic']
     Venue ACM Computing Surveys …
     Year 2019
     Abstract Page 1. 127 A Survey of DevOps Concepts and Challenges LEONARDO LEITE, University  The present survey investigates and discusses DevOps challenges from the perspective of engineers, managers, and researchers. We review the
     Url https://dl.acm.org/doi/abs/10.1145/3359981


     Search term "DevOps"+"Factory"
     Title FEDERAL DEVOPS SUMMIT
     Author ['M Casagni', 'M Lead', 'D Hanf', 'C Area', 'P Malhotra']
     Venue NA
     Year NA
     Abstract Traditional stove-piped waterfall organizations are not set up for the rapid cadence of Agile and DevOps (eg, contractual requirements such as Test Readiness Reviews (TRR), and Factory and Site Acceptance Tests); • Recruiting
     Url https://atarc.org/wp-content/uploads/2019/01/2018-03-01-ATARC-Federal-DevOps-Summit-White-Paper-1.pdf


     Search term "DevOps"+"Factory"
     Title DevOps im Spiegel des Arbeitsmarkts–Tätigkeitsfelder, Berufsbilder und Kompetenzen
     Author ['F Bensberg', 'G Buscher']
     Venue HMD Praxis der Wirtschaftsinformatik
     Year 2017
     Abstract Springer Gabler, WiesbadenCrossRefGoogle Scholar. Ravichandran A, Taylor K, Waterhouse P (2016) DevOps for digital leaders reignite business with a modern DevOps-enabled software factory. Apress, New YorkGoogle
     Url https://link.springer.com/article/10.1365/s40702-017-0290-9


     Search term "DevOps"+"Factory"
     Title Towards practice and principle adoption through continuous DevOps leadership
     Author ['K Maroukian']
     Venue NA
     Year NA
     Abstract 30(1), pp. 41–52 (1988) [23] Ravichandran, A., Taylor, K., Waterhouse, P. (2017). DevOps for Digital Leaders, Reignite Business with a Modern DevOps-Enabled Software Factory, Winchester. [24] Jabbari R., Ali NB, Petersen K., Tanveer B. (2016). What is DevOps
     Url https://www.researchgate.net/profile/Krikor_Maroukian/publication/343788178_Towards_practice_and_principle_adoption_through_continuous_DevOps_leadership/links/5f3f8e96299bf13404da30a3/Towards-practice-and-principle-adoption-through-continuous-DevOps-leadership.pdf


     Search term "DevOps"+"Factory"
     Title Modeling and measuring attributes influencing DevOps implementation in an enterprise using structural equation modeling
     Author ['V Gupta', 'PK Kapur', 'D Kumar']
     Venue Information and Software Technology
     Year 2017
     Abstract Volume 92, December 2017, Pages 75-91. Information and Software Technology. Modeling and measuring attributes influencing DevOps implementation in an enterprise using structural equation modeling  2.1. Review of past work done in the field of DevOps
     Url https://www.sciencedirect.com/science/article/pii/S0950584916303317


     Search term "DevOps"+"Factory"
     Title Digital Effectiveness—der Weg von der Factory IT zur Right-Speed IT
     Author ['F Rütten', 'M Voigt']
     Venue Wirtschaftsinformatik & Management
     Year 2017
     Abstract Ops in DevOps sind nicht die Factory IT Operations, wie wir sie bereits seit Jahrzehnten kennen  DevOps werden einerseits durch Technologie ermöglicht, erfordern jedoch andererseits auch organisatorische Anpassungen der Factory IT. Quelle: eigene Darstellung
     Url https://link.springer.com/content/pdf/10.1007/s35764-017-0026-1.pdf


     Search term "DevOps"+"Factory"
     Title SLA-based continuous security assurance in multi-cloud DevOps
     Author ['E Rios', 'M Rak', 'E Iturbe', 'W Mallouli']
     Venue NA
     Year 2017
     Abstract Multi-cloud applications that integrate IST Factory cloud-based services will be empowered with MUSA assurance tools for en- suring security  The DevOps Teams in both case studies followed the different steps of MUSA workflow to design the composite application, create its
     Url http://dsp.tecnalia.com/handle/11556/677


     Search term "DevOps"+"Factory"
     Title DevOps and real world ROI
     Author ['A Ravichandran', 'K Taylor', 'P Waterhouse']
     Venue DevOps for Digital Leaders
     Year 2016
     Abstract However, to be truly reflective of DevOps impact, tools should be examined in unison. This way, organizations can begin to extrapolate how combinations across the automated software factory can create the massive gains highlighted in the State of DevOps Report
     Url https://link.springer.com/chapter/10.1007/978-1-4842-1842-6_9


     Search term "DevOps"+"Factory"
     Title DATA ANALYTICS FOR DEVOPS EFFECTIVЕNESS
     Author ['A Ivanova', 'P Ivanov']
     Venue NA
     Year NA
     Abstract June 29 – 30, 2018, Boston, USA DATA ANALYTICS FOR DEVOPS EFFECTIVЕNESS  (2) New Bulgarian University, Department of Computer Science Abstract: This paper discusses the opportunities and challenges associated with the data-driven approach to DevOps
     Url https://www.ceeol.com/search/article-detail?id=779785


     Search term "DevOps"+"Factory"
     Title Domain Specific Assets: A Software Platform for Use Case Driven Human Friendly Factory Interaction
     Author ['F Brandt', 'E Brandt', 'J Ghofrani', 'D Heik', 'D Reichelt']
     Venue NA
     Year 2020
     Abstract The declarative description of the use case can serve as a basis to introduce new end users to the structure and data flows of the factory. Through the consistent use of DevOps principles, the maintenance of the DSAs can be largely automated and facilitate faster validation of
     Url https://www.preprints.org/manuscript/202004.0167


     Search term "DevOps"+"Factory"
     Title Understanding DevOps: From its Enablers to Impact on IT Performance
     Author ['GS Cogo']
     Venue NA
     Year 2019
     Abstract DevOps came to exist. The term “software factory” was coined in Japan to label development facilities or formal approaches to programming (Cusumano 1989). Factories in other industries  DevOps in a sense builds upon years of the evolution of the software factory concept into
     Url https://ttu-ir.tdl.org/handle/2346/85394


     Search term "DevOps"+"Factory"
     Title CMMI guided process improvement for DevOps projects: an exploratory case study
     Author ['G Rong', 'H Zhang', 'D Shao']
     Venue … of the International Conference on Software …
     Year 2016
     Abstract Page 1. CMMI Guided Process Improvement for DevOps Projects: An Exploratory Case Study  ABSTRACT Very recently, an increasing number of software companies adopted DevOps to adapt themselves to the ever-changing business environment
     Url https://dl.acm.org/doi/abs/10.1145/2904354.2904372


     Search term "DevOps"+"Factory"
     Title DevOps and real world ROI
     Author ['A Ravichandran', 'K Taylor', 'P Waterhouse']
     Venue DevOps for Digital Leaders
     Year 2016
     Abstract However, to be truly reflective of DevOps impact, tools should be examined in unison. This way, organizations can begin to extrapolate how combinations across the automated software factory can create the massive gains highlighted in the State of DevOps Report
     Url https://link.springer.com/chapter/10.1007/978-1-4842-1842-6_9


     Search term "DevOps"+"Factory"
     Title Digital Effectiveness—der Weg von der Factory IT zur Right-Speed IT
     Author ['F Rütten', 'M Voigt']
     Venue Wirtschaftsinformatik & Management
     Year 2017
     Abstract Ops in DevOps sind nicht die Factory IT Operations, wie wir sie bereits seit Jahrzehnten kennen  DevOps werden einerseits durch Technologie ermöglicht, erfordern jedoch andererseits auch organisatorische Anpassungen der Factory IT. Quelle: eigene Darstellung
     Url https://link.springer.com/content/pdf/10.1007/s35764-017-0026-1.pdf


     Search term "DevOps"+"Factory"
     Title A State Report of DevOps Tooling
     Author ['Z LI', 'S LI', 'S GU', 'HE ZHANG', 'TG WANG']
     Venue NA
     Year NA
     Abstract [Not Found]
     Url [Not Found]


     Search term "DevOps"+"Factory"
     Title CloudsStorm: A framework for seamlessly programming and controlling virtual infrastructure functions during the DevOps lifecycle of cloud applications
     Author ['H Zhou', 'Y Hu', 'X Ouyang', 'J Su']
     Venue Software: Practice …
     Year 2019
     Abstract CloudsStorm: A framework for seamlessly programming and controlling virtual infrastructure functions during the DevOps lifecycle of cloud applications. Huan Zhou https://orcid.org/0000- 0003-2319-4103  The DevOps lifecycle with CloudsStorm is as follows
     Url https://onlinelibrary.wiley.com/doi/abs/10.1002/spe.2741


     Search term "DevOps"+"Factory"
     Title Prototype of a scalable monitoring infrastructure for Industrial DevOps
     Author ['S Henning']
     Venue NA
     Year 2018
     Abstract Prototype of a Scalable Monitoring Infrastructure for Industrial DevOps Master's Thesis Sören Henning  Industrial DevOps is an approach to apply those methods and bridge the gap between the development and the operation of software in industrial production environments
     Url http://oceanrep.geomar.de/43910/


     Search term "DevOps"+"Factory"
     Title Desenvolvemento do modelo analítico para a avaliación dos KPI dunha software factory
     Author ['JM Freire Ferreiro']
     Venue NA
     Year 2019
     Abstract a avaliación dos KPI dunha software factory Estudante: José María Freire Ferreiro  Os datos, previamente foron integrados nun modelo tabular creado en Analisys Services cuxa orixe é a ferramenta de xestión de proxectos na nube Azure Devops
     Url https://ruc.udc.es/dspace/handle/2183/24103


     Search term "DevOps"+"Factory"
     Title DevOps: Profiles in ITSM performance and contributing factors
     Author ['N Forsgren', 'J Humble']
     Venue Forsgren, N., J. Humble (2016)." DevOps …
     Year 2016
     Abstract 2014, PuppetLabs, IT Revolution Press, ThoughtWorks. 8. 2015 State of DevOps Report. 2015, Puppet Labs, IT Revolution Press, Pricewaterhouse Coopers  14. Harris, FW, How Many Parts to Make at Once. Factory, The Magazine of Management, 1913. 10: p. 135-136. 15
     Url https://papers.ssrn.com/sol3/papers.cfm?abstract_id=2681906


     Search term "DevOps"+"Factory"
     Title IAI DevOps: A Systematic Framework for Prognostic Model Lifecycle Management
     Author ['Z Guo', 'T Bao', 'W Wu', 'C Jin', 'J Lee']
     Venue 2019 Prognostics and System …
     Year 2019
     Abstract Intelligent energy dispatch in factory • Data from a variety of management systems are collected and centralized for model computing  V. CONCLUSION & FUTURE WORK This paper introduces IAI DevOps, a systematic framework for prognostics model lifecycle management
     Url https://www.researchgate.net/profile/Ziqi_Guo/publication/337313206_IAI_DevOps_A_Systematic_Framework_for_Prognostic_Model_Lifecycle_Management/links/5dd13672a6fdcc7e1387de3c/IAI-DevOps-A-Systematic-Framework-for-Prognostic-Model-Lifecycle-Management.pdf


     Search term "DevOps"+"Factory"
     Title DevOps for IoT applications using cellular networks and cloud
     Author ['A Karapantelakis', 'H Liang', 'K Wang']
     Venue 2016 IEEE 4th …
     Year 2016
     Abstract Page 1. DevOps for IoT Applications using Cellular Networks and Cloud Athanasios Karapantelakis ∗† , Hongxin Liang ∗ , Keven Wang ∗ , Konstantinos Vandikas ∗  Index Terms—5G, Cloud, Internet of Things, Network Slicing, DevOps, Resource Orchestration
     Url https://ieeexplore.ieee.org/abstract/document/7575883/

