Showing papers for search query "DevOps"+"Medical"

     Search term "DevOps"+"Medical"
     Title DevOps in regulated software development: case medical devices
     Author ['T Laukkarinen', 'K Kuusinen']
     Venue 2017 IEEE/ACM 39th …
     Year 2017
     Abstract DevOps and continuous development are getting popular in the software industry. Adopting these modern approaches in regulatory environments, such as medical device software, is not straightforward because of the demand for regulatory compliance. While DevOps relies
     Url https://ieeexplore.ieee.org/abstract/document/7966870/


     Search term "DevOps"+"Medical"
     Title Regulated software meets DevOps
     Author ['T Laukkarinen', 'K Kuusinen', 'T Mikkonen']
     Venue Information and Software …
     Year 2018
     Abstract Our previous work [5] could not identify related research on DevOps for medical device software development, and, in fact, research on DevOps in embedded software domain – which medical device software essentially is–is also scarce [6]. Ebert et al
     Url https://www.sciencedirect.com/science/article/pii/S0950584918300144


     Search term "DevOps"+"Medical"
     Title DevOps in an ISO 13485 Regulated Environment: A Multivocal Literature Review
     Author ['MF Lie', 'M Sánchez-Gordón']
     Venue Proceedings of the 14th …
     Year 2020
     Abstract professional topics→Medical technologies KEYWORDS DevOps, Medical device software development, ISO 13485, Multivocal Literature Review  RQ1: Is there evidence in the sources of the usage of DevOps in regulated medical devices environments
     Url https://dl.acm.org/doi/abs/10.1145/3382494.3410679


     Search term "DevOps"+"Medical"
     Title A Domain Specific Modeling Language Framework (DSL) for Representative Medical Prescription by using Generic Modeling Environment (GME).‏‎
     Author ['L Dalla', 'AMA El-sseid', 'TM Alarbi', 'M Ahmad']
     Venue NA
     Year 2020
     Abstract of this beneficial study is important for several domains such as industrial world, educational world, medical world as well as scientific world in addition researchers who aimed for some investigations outcome based on Generic Modeling Environment (GME) DevOps usage
     Url https://iiardpub.org/get/IJEMT/VOL.%206%20NO.%202%202020/A%20Domain%20Specific%20Modeling.pdf


     Search term "DevOps"+"Medical"
     Title DevOps in an ISO 13485 Regulated Environment: A Multivocal Literature Review
     Author ['M Forsberg Lie', 'M Sánchez-Gordón']
     Venue arXiv e …
     Year 2020
     Abstract organizational and technical. Conclusion: DevOps for regulated medical device environments is a highly appealing approach as compared to traditional methods and could be particularly suited for regulated medical development
     Url https://ui.adsabs.harvard.edu/abs/2020arXiv200711295F/abstract


     Search term "DevOps"+"Medical"
     Title Towards agile yet regulatory-compliant development of medical software
     Author ['V Stirbu', 'T Mikkonen']
     Venue 2018 IEEE International Symposium on …
     Year 2018
     Abstract [1] Laukkarinen, T., Kuusinen, K., and Mikkonen, T. DevOps in regulated software development: case medical devices. In Proceedings of the 39th International Conference on Software Engineering: New Ideas and Emerging Results Track, pp. 15-18. IEEE Press, 2017
     Url https://ieeexplore.ieee.org/abstract/document/8539216/


     Search term "DevOps"+"Medical"
     Title DevOps
     Author ['C Ebert', 'G Gallardo', 'J Hernantes', 'N Serrano']
     Venue Ieee Software
     Year 2016
     Abstract Such tools are a major DevOps enabler, es- pecially as architecture moves from a monolithic block of software to a microservices approach  However, for critical applications in which failure isn't an option—for ex- ample, medical or aerospace applica- tions—a more conservative
     Url https://ieeexplore.ieee.org/abstract/document/7458761/


     Search term "DevOps"+"Medical"
     Title Controlling for cybersecurity risks of medical device software
     Author ['K Fu', 'J Blum']
     Venue Communications of the ACM
     Year 2013
     Abstract Recommendations to improve medical Device Cybersecurity ˲ Manufacturers should consider cy- bersecurity during the design phase of the medical device  Media Tablets for Mobile Learning: Friend or Foe? Adopting DevOps Practices in Quality Assurance
     Url https://dl.acm.org/doi/fullHtml/10.1145/2508701


     Search term "DevOps"+"Medical"
     Title Prioritization Based Taxonomy of DevOps Security Challenges Using PROMETHEE
     Author ['S Rafi', 'W Yu', 'MA Akbar', 'A Alsanad', 'A Gumaei']
     Venue IEEE Access
     Year 2020
     Abstract are novel in this research domain as it has been used successfully in various other domains eg medical, banking, internet techniques and management etc. The contribution of this study is not limited to develop the taxonomy based structure of DevOps security challenges, but
     Url https://ieeexplore.ieee.org/abstract/document/9104690/


     Search term "DevOps"+"Medical"
     Title A survey of DevOps concepts and challenges
     Author ['L Leite', 'C Rocha', 'F Kon', 'D Milojicic']
     Venue ACM Computing Surveys …
     Year 2019
     Abstract Page 1. 127 A Survey of DevOps Concepts and Challenges LEONARDO LEITE, University  The present survey investigates and discusses DevOps challenges from the perspective of engineers, managers, and researchers. We review the
     Url https://dl.acm.org/doi/abs/10.1145/3359981


     Search term "DevOps"+"Medical"
     Title A New Form of Collaboration in IT Teams-Exploring the DevOps Phenomenon.
     Author ['A Wiedemann']
     Venue PACIS
     Year 2017
     Abstract CTO (4.1), Director Engineering (4.2) Case 5 Health Care Employees: 20.000-50.000 Team size: 10 people Agile method: Scrum Product: Medical device DevOps orientation since: Three years Executive (5.1), Executive (5.2)
     Url https://aisel.aisnet.org/cgi/viewcontent.cgi?article=1206&context=pacis2017


     Search term "DevOps"+"Medical"
     Title A cambrian explosion of DevOps tools
     Author ['M Kersten']
     Venue IEEE Annals of the History of Computing
     Year 2018
     Abstract This is similar to other fields (such as the medical field) in which the ben- efits of the division of labor have caused ever-increasing specialization in expertise  But to take the next step in DevOps, we need to start thinking end-to-end. The only
     Url https://www.cse.unr.edu/~dascalus/Paper_ARITRA.pdf


     Search term "DevOps"+"Medical"
     Title DevOps and software quality: A systematic mapping
     Author ['A Mishra', 'Z Otaiwi']
     Venue Computer Science Review
     Year 2020
     Abstract Review article. DevOps and software quality: A systematic mapping. Author  DevOps is one of the proposed solutions to such pressure. The primary focus of DevOps is to increase the deployment speed, frequency and quality. DevOps
     Url https://www.sciencedirect.com/science/article/pii/S1574013720304081


     Search term "DevOps"+"Medical"
     Title The DevOps adoption playbook: a guide to adopting DevOps in a multi-speed IT enterprise
     Author ['S Sharma']
     Venue NA
     Year 2017
     Abstract Page 1. The Adoption DevOpsp Playbook A Guide to Adopting DevOps in a Multi-Speed IT Enterprise Sanjeev Sharma ffirs.indd 01/02/17 Page i  The DevOps Adoption Playbook: A Guide to Adopting DevOps in a Multi-Speed IT Enterprise Published by John Wiley & Sons, Inc
     Url https://books.google.com/books?hl=nl&lr=&id=leXWDQAAQBAJ&oi=fnd&pg=PR23&dq=%22DevOps%22+%22Medical%22&ots=j1ziayZwZh&sig=5f_5qBCvg_WjSxAn8SDS7nKyN5w


     Search term "DevOps"+"Medical"
     Title A Cloud Architecture for the Execution of Medical Imaging Biomarkers
     Author ['S López-Huguet', 'F García-Castro']
     Venue International Conference …
     Year 2019
     Abstract expected execution time to deal with an unplanned workload. Results presented show a low overhead and high flexibility executing a lung disease biomarker on a public cloud. Keywords. Cloud computing Medical imaging DevOps
     Url https://link.springer.com/chapter/10.1007/978-3-030-22744-9_10


     Search term "DevOps"+"Medical"
     Title Productivity gains of DevOps adoption in an IT team: a case study
     Author ['MA Silva', 'JP Faustino', 'R Pereira', 'M Mira da Silva']
     Venue NA
     Year 2018
     Abstract CS.4 DevOps in Regulated Software Development: Case Medical Devices [6] Continuous release and deployment Collaborative development CS.5 User Stories to User Reality: A DevOps Approach for the Cloud [10] N/A CS.6 DevOps for IoT Applications using Cellular [4] N/A
     Url https://aisel.aisnet.org/isd2014/proceedings2018/ISDevelopment/8/


     Search term "DevOps"+"Medical"
     Title Building a collaborative culture: a grounded theory of well succeeded devops adoption in practice
     Author ['WP Luz', 'G Pinto', 'R Bonifácio']
     Venue Proceedings of the 12th ACM/IEEE …
     Year 2018
     Abstract First, GT is a consolidated method in other areas of research - notably medical sociology [6], nursing [5], education [17] and man- agement [19  of those en- gaged in a discipline or activity [5], which is exactly the scenario here: what are the successful adoption paths for DevOps
     Url https://dl.acm.org/doi/abs/10.1145/3239235.3240299


     Search term "DevOps"+"Medical"
     Title CompliancePal: A Tool for Supporting Practical Agile and Regulatory-Compliant Development of Medical Software
     Author ['V Stirbu', 'T Mikkonen']
     Venue 2020 IEEE International Conference on …
     Year 2020
     Abstract REFERENCES [1] Laukkarinen, T., Kuusinen, K., and Mikkonen, T. DevOps in regulated software development: case medical devices. In Proceedings of the 39th International Conference on Software Engineering: New Ideas and Emerging Results Track, pp. 15-18
     Url https://ieeexplore.ieee.org/abstract/document/9095608/


     Search term "DevOps"+"Medical"
     Title Dealing with security in a real DevOps environment
     Author ['X Larrucea', 'A Berreteaga', 'I Santamaria']
     Venue European Conference on …
     Year 2019
     Abstract by using a software platform called OpenNCP [9]. Figure 1 represents the situation where a citizen (Mike) from one country (UK) travels to another country (Spain) and at certain point in time, during his stay abroad, he requires to visit a medical doctor  3.2 DevOps Architecture
     Url https://link.springer.com/chapter/10.1007/978-3-030-28005-5_35


     Search term "DevOps"+"Medical"
     Title A Systematic Literature Review on DevOps Capabilities and Areas
     Author ['D Teixeira', 'R Pereira', 'TA Henriques', 'M Silva']
     Venue International Journal of …
     Year 2020
     Abstract Copyright﻿©﻿2020,﻿IGI﻿Global.﻿Copying﻿or﻿distributing﻿in﻿print﻿or﻿electronic﻿forms﻿without﻿written﻿ permission﻿of﻿IGI﻿Global﻿is﻿prohibited. ﻿ 1 A Systematic Literature Review on DevOps Capabilities and Areas  KeywORDS Area, Capabilities, DevOps 1. INTRODUCTION
     Url https://www.igi-global.com/article/a-systematic-literature-review-on-devops-capabilities-and-areas/252844


     Search term "DevOps"+"Medical"
     Title Adopting DevOps in the real world: A theory, a model, and a case study
     Author ['WP Luz', 'G Pinto', 'R Bonifácio']
     Venue Journal of Systems and Software
     Year 2019
     Abstract First, GT is a consolidated method in other areas of research — notably medical sociology (Charmaz, 1990), nursing (Barnsteiner, 2002), education  or activity (Barnsteiner, 2002), which is exactly the scenario here (ie, what are the successful adoption paths for DevOps?)
     Url https://www.sciencedirect.com/science/article/pii/S0164121219301517


     Search term "DevOps"+"Medical"
     Title Adopting DevOps in Agile: Challenges and Solutions
     Author ['C Wang', 'C Liu']
     Venue NA
     Year 2018
     Abstract [29] studied the challenges of adopting DevOps in Agile, but the challenges were aimed at medical standards, the scope was greatly limited. Authors confirmed that DevOps is not well-suited to some standards of medical criteria, it needs to improve the process of DevOps
     Url https://www.diva-portal.org/smash/record.jsf?pid=diva2:1228684


     Search term "DevOps"+"Medical"
     Title A large agile organization on its journey towards DevOps
     Author ['K Kuusinen', 'V Balakumar', 'SC Jepsen']
     Venue 2018 44th Euromicro …
     Year 2018
     Abstract Developers themselves might be against DevOps as they need to learn new skills and knowledge and take new responsibilities [11]  In other cases, there are external regulations which prohibits rapid releases, for example in the medical software domain, which is heavily
     Url https://ieeexplore.ieee.org/abstract/document/8498186/


     Search term "DevOps"+"Medical"
     Title Medical Image Encryption Scheme Based on Arnold Transformation and ID-AK Protocol.
     Author ['O Wahballa', 'A Wahaballa', 'F Li', 'II Idris', 'C Xu']
     Venue IJ Network Security
     Year 2017
     Abstract 776 Medical Image Encryption Scheme Based on Arnold Transformation and ID-AK Protocol  3 & Oct. 6, 2016) Abstract Providing security on transmitted medical image over public channels has become an essential part of computer- aided diagnosis systems
     Url http://ijns.jalaxy.com.tw/contents/ijns-v19-n5/ijns-2017-v19-n5-p776-784.pdf


     Search term "DevOps"+"Medical"
     Title Secure DevOps Foundations for Large-Scale Software Systems
     Author ["D O'Neill"]
     Venue Crosstalk
     Year 2017
     Abstract Beyond the range of typical Secure DevOps, the sectors of the critical infrastructure with their stovepipe yet interdependent operations face more insidious supply chain resil- ience challenges (CrossTalk, 2014)  The medical sector depends on the Internet to distribute and
     Url https://www.researchgate.net/profile/Sibonelo_Vundla/project/Software-Engineering-Research-DevOps/attachment/593593271042bfac89182bb4/AS:501940305633280@1496683302997/download/Secure+DevOps+Foundations+for+Large-Scale+Software+Systems.pdfcontext=ProjectUpdatesLog


     Search term "DevOps"+"Medical"
     Title On Medical Device Software CE Compliance and Conformity Assessment
     Author ['T Granlund', 'T Mikkonen', 'V Stirbu']
     Venue 2020 IEEE International …
     Year 2020
     Abstract [24] Laukkarinen, Teemu, Kuusinen, Kati and Mikkonen, Tommi. Devops in regulated software development: case medical devices. In Proceedings of the 39th International Conference on Software Engineering: New Ideas and Emerging Results Track, pages 15–18
     Url https://ieeexplore.ieee.org/abstract/document/9095660/


     Search term "DevOps"+"Medical"
     Title Special issue on medical bionics
     Author ['RK Shepherd']
     Venue Journal of neural engineering
     Year 2009
     Abstract communication, and other enabling, technologies in medical bionics; smarter materials—intelligent polymers and nanotechnology in medical bionics; neural  Head of Accelerator Physics Group: Diamond Light Source Ltd. Diamond Light Source Ltd; Windows DevOps Engineer (IT
     Url https://iopscience.iop.org/article/10.1088/1741-2552/6/6/060201/meta


     Search term "DevOps"+"Medical"
     Title Continuous delivery and DevOps: a quickstart guide
     Author ['P Swartout']
     Venue NA
     Year 2012
     Abstract Page 1. I'IIIIIIGI nlnlluu Continuous Delivery and DevOps : A Quickstart Guide Continuous delrvety and DevOps explamed Paul Swartout Page 2  Summary Index Page 8. Continuous Delivery and DevOps: A Quickstart Guide Page 9
     Url https://books.google.com/books?hl=nl&lr=&id=L-g6Qxb_43sC&oi=fnd&pg=PT17&dq=%22DevOps%22+%22Medical%22&ots=edQ7DKXTM4&sig=lyVaZAZuv3SPV3VyihFL2-taB_c


     Search term "DevOps"+"Medical"
     Title Agile development model for certifiable medical device software
     Author ['EEF Lima']
     Venue NA
     Year 2020
     Abstract 47 7.1 Human factors affect outcomes of using medical devices [27] . . . . 55 7.2 Summary of the most observable clauses in the standards with DevOps [24] . . . 58 7.3 Non-ConformanceRerport . . . . . 59
     Url https://repositorio-aberto.up.pt/handle/10216/129850


     Search term "DevOps"+"Medical"
     Title Software Engineering using DevOps-a Silver Bullet?
     Author ['M Eriksson']
     Venue NA
     Year 2019
     Abstract Mikaela Eriksson Today we have technology that help us scan millions of medical databases in a glimpse of an eye and self-driving cars that are outperforming humans at driving  The term in question, is called DevOps. This study is about uncovering the world of DevOps
     Url https://www.diva-portal.org/smash/record.jsf?pid=diva2:1289116


     Search term "DevOps"+"Medical"
     Title A hybrid assessment approach for medical device software development companies
     Author ['Ö Özcan‐Top', 'F McCaffery']
     Venue Journal of Software: Evolution and …
     Year 2018
     Abstract The hybrid assessment approach we discuss within this paper for medical device software development has 2 principal activities as shown in  We selected eXtreme programming,50 Scrum,51 DevOps,52 Lean,53 Kanban,54 Disciplined Agile Delivery,31 and Scaled Agile
     Url https://onlinelibrary.wiley.com/doi/abs/10.1002/smr.1929


     Search term "DevOps"+"Medical"
     Title Software Engineering using DevOps-a Silver Bullet?
     Author ['M Eriksson']
     Venue NA
     Year 2019
     Abstract Mikaela Eriksson Today we have technology that help us scan millions of medical databases in a glimpse of an eye and self-driving cars that are outperforming humans at driving  The term in question, is called DevOps. This study is about uncovering the world of DevOps
     Url https://www.diva-portal.org/smash/record.jsf?pid=diva2:1289116


     Search term "DevOps"+"Medical"
     Title The DevOps Paradigm with Cloud Data Analytics for Green Business Applications
     Author ['MJ Pawlish', 'AS Varde']
     Venue ACM SIGKDD Explorations Newsletter
     Year 2018
     Abstract DevOps teams need to take into account virtualization and related aspects while they function together in the industry  For example, Tancer et al. [18] have presented some useful insights on these with respect to the use of the Medical Markup Language, MML, on the cloud
     Url https://dl.acm.org/doi/abs/10.1145/3229329.3229334


     Search term "DevOps"+"Medical"
     Title On the Role of Software Architecture in DevOps Transformation: An Industrial Case Study
     Author ['M Shahin', 'MA Babar']
     Venue arXiv preprint arXiv:2003.06108
     Year 2020
     Abstract On the Role of Software Architecture in DevOps Transformation: An Industrial Case Study  ABSTRACT Development and Operations (DevOps), a particular type of Continuous Software Engineering, has become a popular Software System Engineering paradigm
     Url https://arxiv.org/abs/2003.06108


     Search term "DevOps"+"Medical"
     Title Critical success factors of continuous practices in a DevOps context
     Author ['M van Belzen', 'J Trienekens', 'R Kusters']
     Venue NA
     Year 2019
     Abstract Critical Success Factors of Continuous Practices in a DevOps Context Michiel van Belzen Open University Heerlen, The Netherlands  Context: Software companies try to achieve adaptive near to real-time software delivery and apply continuous practices in a DevOps context
     Url https://aisel.aisnet.org/isd2014/proceedings2019/ISDMethodologies/6/


     Search term "DevOps"+"Medical"
     Title Proposal to Avoid Issues in the DevOps Implementation: A Systematic Literature Review
     Author ['M Muñoz', 'M Negrete', 'J Mejía']
     Venue World Conference on Information Systems …
     Year 2019
     Abstract Conf. MILCOM, pp. 288–293 (2014). A7 T. Laukkarinen, K. Kuusinen, and T. Mikkonen: DevOps in regulated software development: Case medical devices, Proc. IEEE/ACM 39th Int. Conf. Softw. Eng. New Ideas Emerg. Results Track, ICSE-NIER 2017, pp. 15–18 (2017). A8
     Url https://link.springer.com/chapter/10.1007/978-3-030-16181-1_63


     Search term "DevOps"+"Medical"
     Title Continuous architecting with microservices and DevOps: a systematic mapping study
     Author ['D Taibi', 'V Lenarduzzi', 'C Pahl']
     Venue … on Cloud Computing and Services Science
     Year 2018
     Abstract Services Science. CLOSER 2018: Cloud Computing and Services Science pp 126-151 | Cite as. Continuous Architecting with Microservices and DevOps: A Systematic Mapping Study  identical). 3.5 DevOps and Microservices. Now
     Url https://link.springer.com/chapter/10.1007/978-3-030-29193-8_7


     Search term "DevOps"+"Medical"
     Title Secure DevOps Foundations for Large-Scale Software Systems
     Author ["D O'Neill"]
     Venue Crosstalk
     Year 2017
     Abstract Beyond the range of typical Secure DevOps, the sectors of the critical infrastructure with their stovepipe yet interdependent operations face more insidious supply chain resil- ience challenges (CrossTalk, 2014)  The medical sector depends on the Internet to distribute and
     Url https://www.researchgate.net/profile/Sibonelo_Vundla/project/Software-Engineering-Research-DevOps/attachment/593593271042bfac89182bb4/AS:501940305633280@1496683302997/download/Secure+DevOps+Foundations+for+Large-Scale+Software+Systems.pdfcontext=ProjectUpdatesLog


     Search term "DevOps"+"Medical"
     Title Software engineer education support system ALECSS utilizing DevOps tools
     Author ['M Ohtsuki', 'K Ohta', 'T Kakeshita']
     Venue … of the 18th International Conference on …
     Year 2016
     Abstract Utilizing DevOps Tools Mika OHTSUKI Graduate School of Science and Engineering, Saga University Honjo 1, Saga City Saga 840-8502, Japan 952-28-8858, +81 mika@is.saga-u.ac.jp Kazuki OHTA Graduate School of Medical Science, Saga University Nabeshima 5-1-1
     Url https://dl.acm.org/doi/abs/10.1145/3011141.3011200


     Search term "DevOps"+"Medical"
     Title Special issue on medical bionics
     Author ['RK Shepherd']
     Venue Journal of neural engineering
     Year 2009
     Abstract communication, and other enabling, technologies in medical bionics; smarter materials—intelligent polymers and nanotechnology in medical bionics; neural  Head of Accelerator Physics Group: Diamond Light Source Ltd. Diamond Light Source Ltd; Windows DevOps Engineer (IT
     Url https://iopscience.iop.org/article/10.1088/1741-2552/6/6/060201/meta


     Search term "DevOps"+"Medical"
     Title Productivity gains of DevOps adoption: a case study
     Author ['MÂR Silva']
     Venue NA
     Year 2018
     Abstract CS.4 DevOps in Regulated Software Development: Case Medical Devices (Laukkarinen, Kuusinen, & Mikkonen, 2017) Continuous release and deployment Collaborative development CS.5 DevOps for Dummies (Sharma & Coyne, 2015) N/A
     Url https://repositorio.iscte-iul.pt/handle/10071/18293


     Search term "DevOps"+"Medical"
     Title Comparison of Requirements Management Solutions for Medical Device Development
     Author ['T Virtanen']
     Venue NA
     Year 2020
     Abstract can be used to show compliance with applicable regulations. Medical device develop  compatibility, intuitiveness of use, compatibility with current development tools such as Microsoft Azure DevOps platform and the current tools used for testing and low-level documentation
     Url https://www.theseus.fi/handle/10024/333837


     Search term "DevOps"+"Medical"
     Title MISS-D: A fast and scalable framework of medical image storage service based on distributed file system
     Author ['W Li', 'C Feng', 'K Yu', 'D Zhao']
     Venue Computer Methods and Programs in …
     Year 2020
     Abstract MISS-D: A fast and scalable framework of medical image storage service based on distributed file system. Author links open overlay panelWeiLi a  with digital image creation and storage [3]. 1.1. Medical image storage solutions. In
     Url https://www.sciencedirect.com/science/article/pii/S0169260719305243


     Search term "DevOps"+"Medical"
     Title Evidence-Based DevOps for Continuous Collaboration, Process, and Delivery
     Author ['WS Chung']
     Venue NA
     Year NA
     Abstract 7C's of DevOps. Retrieved May 28, 2017, https://www.linkedin.com/pulse/7-cs-devops- karthi-sadasivan 3. Fitzgerald, B., and Stol, KJ. (2014)  Churchill Livingstone, Edinburgh, 2011, p.1 5. Medical Center Library at Duke University. (2017)
     Url http://opensiuc.lib.siu.edu/cgi/viewcontent.cgi?article=1102&context=asars


     Search term "DevOps"+"Medical"
     Title Maturity model for DevOps
     Author ['DS Teixeira']
     Venue NA
     Year 2019
     Abstract Page 1. Department of Information Science and Technology Maturity Model for DevOps Daniel Simões Teixeira Dissertation submitted as partial fulfillment of the requirements for the degree of  October 2019 Page 2. Page 3. Maturity Model for DevOps i Acknowledges
     Url https://repositorio.iscte-iul.pt/handle/10071/20297


     Search term "DevOps"+"Medical"
     Title Medical device software risk assessment requires cross functional personnel
     Author ['A Granger', 'PR Garrett', 'G Dalmadge']
     Venue 2013 IEEE International …
     Year 2013
     Abstract eyes on issues in usability, don't rely only on ,reports,•,Add a long term test bed; not just a few days, at least ,a weeks, preferably months,216,208,Realize value of DevOps mentality,•, Collaboration  This can be ,achieved by more cooperation with medical ,personnel.,218,210
     Url https://www.computer.org/csdl/proceedings-article/issrew/2013/06688899/12OmNx5piTA


     Search term "DevOps"+"Medical"
     Title To what extent the medical device software regulations can be achieved with agile software development methods? XP—DSDM—Scrum
     Author ['Ö Özcan-Top', 'F McCaffery']
     Venue The Journal of Supercomputing
     Year 2019
     Abstract Lean Development, Feature Driven Development, and DevOps are the other agile methods that were referred in the papers  The studies emphasize the benefits of using agile methods in medical device software development
     Url https://link.springer.com/article/10.1007/s11227-019-02793-x


     Search term "DevOps"+"Medical"
     Title Visualizing and measuring the temperature field produced by medical diagnostic ultrasound using thermography
     Author ['J Vachutka', 'P Grec', 'V Mornstein']
     Venue European journal of …
     Year 2008
     Abstract European Physical Society logo. http://www.eps.org/. Visualizing and measuring the temperature field produced by medical diagnostic ultrasound using thermography  1. Introduction. Ultrasonography has been used for more than 50 years in medical practice
     Url https://iopscience.iop.org/article/10.1088/0143-0807/29/6/015/meta


     Search term "DevOps"+"Medical"
     Title FEDERAL DEVOPS SUMMIT
     Author ['M Casagni', 'M Lead', 'D Hanf', 'C Area', 'P Malhotra']
     Venue NA
     Year NA
     Abstract are willing to work for less financial remuneration than the commercial sector limits the pool of skilled staff available to implement in government DevOps. Several participants indicated that the medical researchers were experts at creating software applications. This is due to
     Url https://atarc.org/wp-content/uploads/2019/01/2018-03-01-ATARC-Federal-DevOps-Summit-White-Paper-1.pdf


     Search term "DevOps"+"Medical"
     Title A Hierarchical Multi Blockchain for Fine Grained Access to Medical Data
     Author ['V Malamas', 'P Kotzanikolaou', 'TK Dasaklis']
     Venue IEEE …
     Year 2020
     Abstract Digital Object Identifier 10.1109/ACCESS.2020.3011201 A Hierarchical Multi Blockchain for Fine Grained Access to Medical Data  Sharing medical data, sometimes generated by remote medical devices, is a challenging task
     Url https://ieeexplore.ieee.org/abstract/document/9146294/

