Showing papers for search query "DevOps"+"PLC"+OR+"FPGA"+"Traceability"

     Search term "DevOps"+"PLC"+OR+"FPGA"+"Traceability"
     Title Continuous integration and automation for DevOps
     Author ['A Schaefer', 'M Reichenbach', 'D Fey']
     Venue IAENG Transactions on Engineering …
     Year 2013
     Abstract 4. traceability, which allows admins to track down who made which changes when and why,. 5  The next section describes the basic infrastructure we build, while Sects. 28.3 and 28.4 describe the DevOps inspired parts  They are used for testing GPU codes and FPGA designs
     Url https://link.springer.com/chapter/10.1007/978-94-007-4786-9_28


     Search term "DevOps"+"PLC"+OR+"FPGA"+"Traceability"
     Title DevOps: Advances in release management and automation
     Author ['M Azoff']
     Venue NA
     Year 2011
     Abstract Traceability between application and operations assets 1  Page 17. DevOps: Advances in Release Management and Automation (OI00127-072)  photocopying, recording or otherwise, without the prior permission of the publisher, Ovum (a subsidiary company of Datamonitor plc)
     Url http://electric-cloud.co.jp/wp-content/uploads/2014/06/EC-IAR_Ovum-DevOps.pdf


     Search term "DevOps"+"PLC"+OR+"FPGA"+"Traceability"
     Title Gazes to Traces: Tracing Developers' Eyes to Automate Traceability Link Recovery
     Author ['B Sharif']
     Venue NA
     Year NA
     Abstract 201-204. [11] B. Sharif, J. Meinken, T. Shaffer, and H. Kagdi, "Eye Movements in Software Traceability Link Recovery," Empirical Software  The topics discussed in this issue included software requirements and testing, DevOps, gamification, and software architecture
     Url http://blog.ieeesoftware.org/2017/


     Search term "DevOps"+"PLC"+OR+"FPGA"+"Traceability"
     Title Enablement of procurement processes with asset traceability using blockchain technology
     Author ['K Vikas', 'R Chinnakonda']
     Venue US Patent App. 15/726,693
     Year 2019
     Abstract Enablement of procurement processes with asset traceability using blockchain technology. Download PDF  HTML5, NodeJS, Hana XS runtimes) or development and IT operations (DevOps) services to allow developers to develop and manage applications, including debugging
     Url https://patents.google.com/patent/US20190108482A1/en


     Search term "DevOps"+"PLC"+OR+"FPGA"+"Traceability"
     Title Identifying cause of incidents in the DevOps environment automatically
     Author ['YN Doganata', 'JL Jones', 'DL Leigh']
     Venue US Patent 9,740,478
     Year 2017
     Abstract Two types of data were collected in a DevOps environment  In some embodiments, electronic circuitry including, for example, programmable logic circuitry, field-programmable gate arrays (FPGA), or programmable logic arrays (PLA) may execute the computer readable program
     Url https://patents.google.com/patent/US9740478B2/en


     Search term "DevOps"+"PLC"+OR+"FPGA"+"Traceability"
     Title Continuous Integration of FPGA firmware and software
     Author ['P Durante']
     Venue NA
     Year 2018
     Abstract 19/09/2018 TWEPP 2018 - FPGA WORKING GROUP 9 Page 10. Issues and lessons (2/2) ▪ Traceability ▪ Custom tools for firmware identification, firmware database  Anticipate failures ▪ The “Ops” part of DevOps ▪ Team requires operations skills in addition to development skills
     Url https://cds.cern.ch/record/2643451/files/TWEPP18_FPGA_WG_Durante%2019.09.pdf


     Search term "DevOps"+"PLC"+OR+"FPGA"+"Traceability"
     Title Software development process improvements-Case QPR Software Plc
     Author ['L Zalevskaya']
     Venue NA
     Year 2019
     Abstract The study began by summarizing previously identified problems in the software development process at QPR Software Plc and formulating  for the DevApps team, the team members' practical experience of working with Git and with the Azure DevOps developer services
     Url https://www.theseus.fi/handle/10024/265364


     Search term "DevOps"+"PLC"+OR+"FPGA"+"Traceability"
     Title Identifying cause of incidents in the DevOps environment automatically
     Author ['YN Doganata', 'JL Jones', 'DL Leigh']
     Venue US Patent 9,710,258
     Year 2017
     Abstract Two types of data were collected in a DevOps environment  In some embodiments, electronic circuitry including, for example, programmable logic circuitry, field-programmable gate arrays (FPGA), or programmable logic arrays (PLA) may execute the computer readable program
     Url https://patents.google.com/patent/US9710258B2/en


     Search term "DevOps"+"PLC"+OR+"FPGA"+"Traceability"
     Title Software development using DevOps tools and CD pipelines, A case study
     Author ['O Jokinen']
     Venue NA
     Year 2020
     Abstract J. et.al 2018 Unrelated to study Devops round-trip engineering: Traceability from dev  Jost, M. 2018 Unrelated to study Managing quality assurance challenges of Devops through analytics  to study Method of development and deployment of reconfigurable FPGA-based projects
     Url https://helda.helsinki.fi/handle/10138/313590


     Search term "DevOps"+"PLC"+OR+"FPGA"+"Traceability"
     Title ITIL® and DevOps
     Author ['K Karu']
     Venue NA
     Year 2017
     Abstract Page 1. ITIL® and DevOps Getting started Kaimar Karu AXELOS.com Page 2. © Copyright AXELOS Limited 2017 Contents  Page 12. ITIL and DevOps 12 © Copyright AXELOS Limited 2017 Part 2: Getting started with DevOps 6 The DevOps stables: horses and unicorns
     Url https://metapm.com.au/wp-content/uploads/2018/03/ITIL-and-DevOps-Whitepaper.pdf


     Search term "DevOps"+"PLC"+OR+"FPGA"+"Traceability"
     Title Zero Defect Assurance of Three-Wheeler Product Using IoT Systems
     Author ['MA Hussain', 'UM Iqbal']
     Venue IOP Conference Series: Materials …
     Year 2020
     Abstract A, Zwierzyna J and Koziorek J 2018 Possibilities of transfer process data from PLC to Cloud  Fitriyani NL, Lee J and Rhee J 2020 Improving efficiency of rfid-based traceability system for  and Signal Processing 135 106382 [8] Truong HL and Klein P 2020 DevOps Contract for
     Url https://iopscience.iop.org/article/10.1088/1757-899X/912/3/032025/meta


     Search term "DevOps"+"PLC"+OR+"FPGA"+"Traceability"
     Title Enhanced Privacy ID
     Author ['E Brickell', 'J Li']
     Venue Proceedings of the ACM workshop on Privacy in …
     Year 2007
     Abstract Unlike EPID, group signature schemes have an additional property called traceability. This property enables the issuer to open any group signature and identify the actual group member who created the signature  Copyright © 2020 Informa PLC
     Url http://www.drdobbs.com/security/enhanced-privacy-id/219501634?pgno=4


     Search term "DevOps"+"PLC"+OR+"FPGA"+"Traceability"
     Title Systems, Software and Services Process Improvement: 25th European Conference, EuroSPI 2018, Bilbao, Spain, September 5-7, 2018, Proceedings
     Author ['X Larrucea', 'I Santamaria', "RV O'Connor", 'R Messnarz']
     Venue NA
     Year 2018
     Abstract 279 Sonja Hammerschmid Best Practices in Implementing Traceability ALM Tool Infrastructure with a Focus on DevOps Culture  Page 17. XVIII Contents Approach for Enabling Security Across PLC Phases: An Industrial Use Case
     Url https://books.google.com/books?hl=fr&lr=&id=jHhqDwAAQBAJ&oi=fnd&pg=PR5&dq=%22DevOps%22+%22PLC%22+OR+%22FPGA%22+%22Traceability%22&ots=GUGZUoxD3L&sig=rG-VJTyM1LZv1WB6VGvL6C3VIzA


     Search term "DevOps"+"PLC"+OR+"FPGA"+"Traceability"
     Title Creating a Traceable UML Model
     Author ['TA Bullinger', 'S Mitra']
     Venue NA
     Year NA
     Abstract Informa PLC's registered office is 5 Howick Place, London SW1P 1WG. Registered in England and Wales. Number 8860726  The second diagram is labeled to match the ellipse with the subsystem icon exactly to ensure traceability. Figure 3 - Grocery Store User Stories
     Url http://www.drdobbs.com/architecture-and-design/creating-a-traceable-uml-model/193000022


     Search term "DevOps"+"PLC"+OR+"FPGA"+"Traceability"
     Title Collaborative Administration in the Context of Research Computing Systems
     Author ['A Schäfer', 'M Reichenbach', 'D Fey']
     Venue Proceedings of the World …
     Year 2011
     Abstract Index Terms—DevOps, system administration, dis- tributed systems  On the other hand they require servers to house FPGA boards with direct access to the PCIe bus  of the servers in use, 3) scalability, to share the load among all admins, 4) traceability, which allows admins to
     Url https://www.researchgate.net/profile/Dietmar_Fey/publication/265675082_Collaborative_Administration_in_the_Context_of_Research_Computing_Systems/links/54b797fc0cf24eb34f6ebcd5.pdf


     Search term "DevOps"+"PLC"+OR+"FPGA"+"Traceability"
     Title Platform and Methodology for Developing Modern Systems in Restricted Enterprise Environments, using Elixir/Erlang, Docker, CI/CD and Microservices
     Author ['R Jung']
     Venue NA
     Year 2018
     Abstract web development, by: • Using a Version Control System (VCS), allowing traceability of errors and easy rollback ability;  20 Chapter 2. Rolls-Royce plc Figure 2 – Rolls-Royce Financial Highlights  stages of the DevOps lifecycle for Product, Development, QA, Security, and
     Url https://repositorio.ufsc.br/handle/123456789/197758


     Search term "DevOps"+"PLC"+OR+"FPGA"+"Traceability"
     Title Automatização de Teste em ambiente CI (Continuous Integration) para a Validação de Hardware
     Author ['PD Faria']
     Venue NA
     Year 2017
     Abstract API Application Programming Interface CI Continuous Integration CLI Command Line Interface CPU Central Processing Unit FPGA Field-programmable gate  to its manual labor has some issues such as the inconsistency between tests and the lack of traceability among product
     Url https://repositorio-aberto.up.pt/handle/10216/102620


     Search term "DevOps"+"PLC"+OR+"FPGA"+"Traceability"
     Title A microservice architecture for the industrial Internet-of-Things
     Author ['J Dobaj', 'J Iber', 'M Krisper', 'C Kreiner']
     Venue Proceedings of the 23rd European …
     Year 2018
     Abstract Analytics, Trends, Elasticity, Enterprise Integration, DevOps  update is shown in Figure 4(b). In the remaining text, when we want to emphasize traceability to one of  for implementing the device specific func- tionality and services, which is eg, the control tasks of a PLC and the
     Url https://dl.acm.org/doi/abs/10.1145/3282308.3282320


     Search term "DevOps"+"PLC"+OR+"FPGA"+"Traceability"
     Title Leveraging Blockchain To Mitigate the Risk of Counterfeit Microelectronics in Its Supply Chain
     Author ['AA Pogaku']
     Venue NA
     Year 2019
     Abstract [Not Found]
     Url [Not Found]


     Search term "DevOps"+"PLC"+OR+"FPGA"+"Traceability"
     Title Software Challenges in Heterogeneous Computing: A Multiple Case Study in Industry
     Author ['H Andrade', 'LE Lwakatare', 'I Crnkovic']
     Venue 2019 45th Euromicro …
     Year 2019
     Abstract Other topics include data management issues and simulation of FPGA behavior  For data analysis, traceability was established between the data extracted from interview transcripts and the investigated topics 'themes' of the study
     Url https://ieeexplore.ieee.org/abstract/document/8906669/


     Search term "DevOps"+"PLC"+OR+"FPGA"+"Traceability"
     Title Systems and methods to maintain consistency between software specification and code
     Author ['SN Rajagopalan']
     Venue US Patent 9,747,194
     Year 2017
     Abstract Having traceability allows the root cause of bugs to be identified quickly and fixed quickly resulting in less downtime on the website. FIG  circuitry or logic that is permanently configured (eg, as a special-purpose processor, such as a field programmable gate array (FPGA) or an
     Url https://patents.google.com/patent/US9747194B2/en


     Search term "DevOps"+"PLC"+OR+"FPGA"+"Traceability"
     Title Enabling European electrical transmission and distribution smart grids by standards
     Author ['NB Reinprecht', 'G White']
     Venue IBM Journal of Research …
     Year 2016
     Abstract SGAM traceability allows for a hierarchy of actors from the Business layer to the  The Development environment DevOps module is an IBM Bluemix* open standard, as well as a cloud  and integration of sensor data, data from mobile devices or from PLC (Programmable Logic
     Url https://ieeexplore.ieee.org/abstract/document/7384569/


     Search term "DevOps"+"PLC"+OR+"FPGA"+"Traceability"
     Title Harnessing Brexit, Technology and Insight-British manufacturers; maintaining a competitive edge in an age of uncertainty & opportunity
     Author ['H Zhang', 'S Saad', 'M Jon']
     Venue NA
     Year 2018
     Abstract its terms for exiting the Union, the most important issues are yet to be resolved which leaves UK PLC in a  20% To improve traceability of materials  Jon's experience with Microservices and DevOps is driven by the desire to increase process efficiency, improve quality and get the
     Url http://shura.shu.ac.uk/26240/1/Brexit%20and%20Industry%204%20White%20Paper.pdf


     Search term "DevOps"+"PLC"+OR+"FPGA"+"Traceability"
     Title Systems and Methods for Auditing an IT Environment
     Author ['D Misra', 'S Gangopadhyay', 'T Bryan']
     Venue US Patent App. 16/746,587
     Year 2020
     Abstract processor, such as an application-specific integrated circuit (ASIC) or a field programmable gate array (FPGA)  includes a dashboard that permits a user to view end-to-end traceability of relevant  US9921952B2 (en), 2018-03-20, Early risk identification in DevOps environments
     Url https://patents.google.com/patent/US20200234210A1/en


     Search term "DevOps"+"PLC"+OR+"FPGA"+"Traceability"
     Title Modeling languages in Industry 4.0: an extended systematic mapping study
     Author ['A Wortmann', 'O Barais', 'B Combemale']
     Venue Software and Systems …
     Year 2020
     Abstract 5. A vision on model-based DevOps for Industry 4.0 and its relation to our findings in Sect. 5.3  4 presents our findings before Sect. 5 reports insights into modeling in Industry 4.0 and discusses a vision of model-based DevOps for Industry 4.0 in the presence of our findings
     Url https://link.springer.com/article/10.1007/s10270-019-00757-6


     Search term "DevOps"+"PLC"+OR+"FPGA"+"Traceability"
     Title Enterprise Class Mobile Application Development: A Complete Lifecycle Approach for Producing Mobile Apps
     Author ['L Williamson', 'R Barcia', 'O Chandgadkar', 'A Mathur']
     Venue NA
     Year 2015
     Abstract Proofreader: Cenveo Publisher Services Manufacturing Buyer: Dan Uhrig Published by Pearson plc Publishing as IBM Press For  Delivery Testing Enterprise Mobile Development Summary Chapter 2 Mobile Development Lifecycle Overview Introduction DevOps and Enterprise
     Url https://books.google.com/books?hl=fr&lr=&id=CO34CgAAQBAJ&oi=fnd&pg=PT19&dq=%22DevOps%22+%22PLC%22+OR+%22FPGA%22+%22Traceability%22&ots=sLvyENfAAU&sig=vWFfnkLMBYasR8M7nVyVycyWb48


     Search term "DevOps"+"PLC"+OR+"FPGA"+"Traceability"
     Title Further Applications of CAIRIS for Usable and Secure Software Design
     Author ['S Faily']
     Venue Designing Usable and Secure Software with IRIS and …
     Year 2018
     Abstract or systems elements associated with it, eg events from the PLC, or information  Such behaviours complement DevOps practices that emphasise collaboration between design, development, and  Such precision is needed to facilitate traceability, and automation of the analysis
     Url https://link.springer.com/chapter/10.1007/978-3-319-75493-2_12


     Search term "DevOps"+"PLC"+OR+"FPGA"+"Traceability"
     Title Operations Technology, Out of the Box, into the Future
     Author ['A Donati', 'R Boumghar']
     Venue 2018 SpaceOps Conference
     Year 2018
     Abstract FPGA technology, 2  of cryptocurrencies such as (bitcoin, litecoin, etc.), it can also be used in identity management and traceability problems  The ecosystem of DevOps∗∗ moves fast and enforcing choices would make the organization resistant to critical necessary changes
     Url https://arc.aiaa.org/doi/pdf/10.2514/6.2018-2408


     Search term "DevOps"+"PLC"+OR+"FPGA"+"Traceability"
     Title Visual Programming Language for Orchestration with Docker
     Author ['BMNCG Piedade']
     Venue NA
     Year 2020
     Abstract Com a disseminação da arquitetura baseada em nuvem e arquiteturas de microsserviços, junta- mente com as práticas DevOps, o desenvolvimento  MDSE Model Driven Software Engineering MW-U Mann-Whitney U PIM Platform Independent Model PLC Programmable Logic
     Url https://repositorio-aberto.up.pt/bitstream/10216/128974/2/415001.pdf


     Search term "DevOps"+"PLC"+OR+"FPGA"+"Traceability"
     Title The impact of self-serve applications on manufacturing performance
     Author ['JC Burke']
     Venue NA
     Year 2018
     Abstract Interestingly enough, lean concepts have been introduced into software development as well, as noted by the rise of the DevOps movement  Level 2 - Monitoring, supervising or automated control of the process (PLC/SCADA)  traceability and management of production
     Url https://dspace.mit.edu/handle/1721.1/118560


     Search term "DevOps"+"PLC"+OR+"FPGA"+"Traceability"
     Title Automated intelligent execution of computer software test cases
     Author ['AC Setty', 'B Chandrasekaran']
     Venue US Patent 10,162,740
     Year 2018
     Abstract BACKGROUND Recently, the term 'DevOps' (compound of 'development' and 'operations') has been coined to describe a software development process that strives to develop, test, and deploy complex software applications in a seamless, frequent, and efficient manner
     Url https://patents.google.com/patent/US10162740B1/en


     Search term "DevOps"+"PLC"+OR+"FPGA"+"Traceability"
     Title The impact of self-serve applications on manufacturing performance
     Author ['JC Burke']
     Venue NA
     Year 2018
     Abstract Interestingly enough, lean concepts have been introduced into software development as well, as noted by the rise of the DevOps movement  Level 2 - Monitoring, supervising or automated control of the process (PLC/SCADA)  traceability and management of production
     Url https://dspace.mit.edu/handle/1721.1/118560


     Search term "DevOps"+"PLC"+OR+"FPGA"+"Traceability"
     Title GENERATING SCALABLE AND CUSTOMIZABLE LOCATION INDEPENDENT AGILE DELIVERY MODELS
     Author ['S Krishnaswamy', 'J Santhanam', 'S Ali']
     Venue US Patent App. 16 …
     Year 2020
     Abstract machine learning models are based on algorithm, use case, input, solution, output or traceability  Right levels of DevOps™ automation and engineering practices are made to improve the  application-specific integrated circuit (ASIC), a field-programmable gate array (FPGA), or a
     Url http://www.freepatentsonline.com/y2020/0174759.html


     Search term "DevOps"+"PLC"+OR+"FPGA"+"Traceability"
     Title Development of a software platform for integration of autonomous guided vehicles in Industry 4.0 envrionments with respective to logistics
     Author ['G Haindl']
     Venue NA
     Year 2020
     Abstract 53 5.1.3 DeVOpS ApproaCh  | m- S , Il lil "E la Industry 4,0 Digital Manifacturing Industry 3.0 with cyber-physical First prograrnirnable systerns linking real Industry 2.0 nusry logic controller (PLC), objects with  Traceability of goods and data storage comes automatically with CPSs
     Url https://repositum.tuwien.at/handle/20.500.12708/15105


     Search term "DevOps"+"PLC"+OR+"FPGA"+"Traceability"
     Title Model driven software performance engineering: Current challenges and way ahead
     Author ['M Nambiar', 'A Kattepur', 'G Bhaskaran']
     Venue ACM SIGMETRICS …
     Year 2016
     Abstract The differences are high- lighted in Fig. 1: the DevOps paradigm influences left shift in software engineering. However, not much focus (though essential) has been given to software performance engineer- ing by the DevOps community
     Url https://dl.acm.org/doi/abs/10.1145/2897356.2897363


     Search term "DevOps"+"PLC"+OR+"FPGA"+"Traceability"
     Title Service Management und Service Operations
     Author ['JM Leimeister']
     Venue Dienstleistungsengineering und-management
     Year 2020
     Abstract 8. Sie können die Vor- und Nachteile von DevOps in Bezug auf Service Operations und Service Design voneinander abgrenzen. 9  Seit dem Jahr 2013 ist AXELOS (ein Joint-Venture des Cabinet Offices und der Capita plc) Rechteinhaber der Marke „ITIL“ und für dessen
     Url https://link.springer.com/chapter/10.1007/978-3-662-59858-0_8


     Search term "DevOps"+"PLC"+OR+"FPGA"+"Traceability"
     Title Software deployment on heterogeneous platforms: A systematic mapping study
     Author ['H Andrade', 'J Schroeder']
     Venue IEEE Transactions on …
     Year 2019
     Abstract of processors [2]. For instance, a heterogeneous platform may include a central processing unit (CPU) and a field–programmable gate array (FPGA) that are  We aimed at reviewing the literature in a systematic way in order to enable traceability and facilitate third party replication
     Url https://ieeexplore.ieee.org/abstract/document/8786134/


     Search term "DevOps"+"PLC"+OR+"FPGA"+"Traceability"
     Title Data driven decision making in Industrial Control Systems
     Author ['A Bäck']
     Venue NA
     Year 2019
     Abstract Here I mean Big Data, IoT, Analytics and DevOps needed for going from a technology driven organization and more to a data driven organization  explain and analyze for robust decision making! - Traceability from all events that made up the product and ensure that they are in
     Url https://www.theseus.fi/bitstream/handle/10024/266700/Back_Andreas.pdf?sequence=2


     Search term "DevOps"+"PLC"+OR+"FPGA"+"Traceability"
     Title Relational patch orchestration
     Author ['MF Bulut', 'LM Chavez', 'J Hwang', 'V Mayo']
     Venue US Patent App. 15 …
     Year 2019
     Abstract US20190163463A1 - Relational patch orchestration - Google Patents. Relational patch orchestration. Download PDF Info. Publication number US20190163463A1. US20190163463A1 US15/826,805 US201715826805A US2019163463A1
     Url https://patents.google.com/patent/US20190163463A1/en


     Search term "DevOps"+"PLC"+OR+"FPGA"+"Traceability"
     Title Key supply chain integration factors for success of medical device startups
     Author ['S Gupta']
     Venue NA
     Year 2018
     Abstract KGAA, Koninklijke Philips NV, Cardinal Health Inc., Novartis AG and Covidien plc. This industry is expected  Major players Johnson &jolanson s3% (Marketstiore) General Electric Company 19.0% Abbott Loboraories 10.0% Mdtronlc PLC 38.9% S WWWWODMMCP
     Url https://dspace.mit.edu/handle/1721.1/117921


     Search term "DevOps"+"PLC"+OR+"FPGA"+"Traceability"
     Title Future Research.
     Author ['RH Reussner', 'M Goedicke', 'W Hasselbring']
     Venue NA
     Year 2019
     Abstract In: The Grand Challenges of Traceability 2017: 10 Years Later  2017. [Bou+ 17b] Safa Bougouffa et al.“Scalable Cloud Based Semantic Code Analysis to Support Continuous Integration of Industrial PLC Code”  Performance-oriented DevOps: A Research Agenda. Tech. rep
     Url http://library.oapen.org/bitstream/handle/20.500.12657/22886/1007275.pdf?sequence=1#page=394


     Search term "DevOps"+"PLC"+OR+"FPGA"+"Traceability"
     Title Deep Learning Collaborative Radios-Team Zylinium Phase 3
     Author ['RJ Baxley', 'RS Thompson']
     Venue NA
     Year 2020
     Abstract 3.3.2 Posture 3.3.3 Channel Selection 3.4 DevOps 4 CIRN Decision Making 29  5 3 METHODS, ASSUMPTIONS, AND PROCEDURES 3.1 Software Design and Architecture Our radio design uses both the custom processing blocks in the FPGA and the CPU
     Url https://apps.dtic.mil/sti/citations/AD1107855


     Search term "DevOps"+"PLC"+OR+"FPGA"+"Traceability"
     Title Secure over-the-air updates for wireless Internet-of-Things devices
     Author ['SP Pukkila']
     Venue NA
     Year 2020
     Abstract 14 2.3.2 From Agile to DevOps  a part of Auto-ID Center [9] (later Auto-ID Labs) which is a network of academic research laboratories that, on that time, focused on using Radio-Frequency Identification (RFID) tags in worldwide trading networks to improve traceability of objects
     Url https://aaltodoc.aalto.fi/handle/123456789/46002


     Search term "DevOps"+"PLC"+OR+"FPGA"+"Traceability"
     Title Importance of Lithium-Based Energy Storage in Achieving India's Climate Goals
     Author ['N Vedachalam', 'GA Ramadass']
     Venue IEEE …
     Year 2019
     Abstract to the end customers. By integrating reliable and secure Global connectivity and traceability with the sensors and tracking devices within containers , they are able to provide an improved customer experience. On an average
     Url http://ieeecs-madras.managedbiz.com/icnl/19q4/icnl-19q4-p2.pdf


     Search term "DevOps"+"PLC"+OR+"FPGA"+"Traceability"
     Title Developing Technology Management in Digia
     Author ['V Nokkala']
     Venue NA
     Year 2020
     Abstract history and with the new strategy they will continue to be so. Since Digia's demerger of SysOpen Digia Plc to QT Company and Digia there have been multiple  the archiving of the service for regulatory traceability purposes. ITIL
     Url https://www.theseus.fi/handle/10024/343013


     Search term "DevOps"+"PLC"+OR+"FPGA"+"Traceability"
     Title Determining importance of an artifact in a software development environment
     Author ['V Srivastava']
     Venue US Patent 9,747,188
     Year 2017
     Abstract US9747188B2 - Determining importance of an artifact in a software development environment - Google Patents. Determining importance of an artifact in a software development environment. Download PDF Info. Publication number
     Url https://patents.google.com/patent/US9747188B2/en


     Search term "DevOps"+"PLC"+OR+"FPGA"+"Traceability"
     Title Runtime behavior alteration using behavior injection harness
     Author ['V Magidson', 'D Kruger', 'D Doom']
     Venue US Patent App. 12 …
     Year 2010
     Abstract US9201632B2 (en), 2015-12-01, Systems and methods for incremental software development. Bass et al. 2015, DevOps: A software architect's perspective. US9043370B2 (en), 2015-05-26, Online database availability during upgrade
     Url https://patents.google.com/patent/US20100318849A1/en


     Search term "DevOps"+"PLC"+OR+"FPGA"+"Traceability"
     Title Runtime intelligence within an integrated development environment
     Author ['S Talluri', 'S Puvvada', 'BRB Reddy']
     Venue US Patent …
     Year 2019
     Abstract 7 illustrates an example DevOps flow diagram for providing runtime intelligence within an IDE;  common carrier telephone lines, optical lightpaths, synchronous optical networks (SONET), synchronous digital hierarchy (SDH) links, or Powerline Communications (PLC), and others
     Url https://patents.google.com/patent/US10503631B1/en


     Search term "DevOps"+"PLC"+OR+"FPGA"+"Traceability"
     Title Remote testing system and method
     Author ['TA Roblett', 'GA Ward']
     Venue US Patent 8,145,966
     Year 2012
     Abstract from test development houses, and system modelling tools. Product logistics and tracking data are made effective by remote access to real time information systems via the CMU, with source product data warehouses providing product traceability
     Url https://patents.google.com/patent/US8145966B2/en


     Search term "DevOps"+"PLC"+OR+"FPGA"+"Traceability"
     Title Integrated system and method for validating the functionality and performance of software applications
     Author ['M Hudgons', 'ME Frank', 'J Petlickijne']
     Venue US Patent …
     Year 2013
     Abstract Testing tools including standard tool 120 typically feature central repositories for scripts, data, test cases and projects, in addition to functional and automated test functions, test management, test to requirement traceability, defect traceability and management, program compiler
     Url https://patents.google.com/patent/US8434058B1/en

