Showing papers for search query "DevOps"+"Regulated+Environment"+"Traceability"

     Search term "DevOps"+"Regulated+Environment"+"Traceability"
     Title DevOps in an ISO 13485 Regulated Environment: A Multivocal Literature Review
     Author ['MF Lie', 'M Sánchez-Gordón']
     Venue Proceedings of the 14th …
     Year 2020
     Abstract controlled. Therefore, requirements for traceability are also enforced to these types of artifacts. IaC  but important Page 7. DevOps in an ISO 13485 Regulated Environment ESEM'20, October, 2020, Bari, Italy aspects regarding
     Url https://dl.acm.org/doi/abs/10.1145/3382494.3410679


     Search term "DevOps"+"Regulated+Environment"+"Traceability"
     Title Metrics to Meet Security & Privacy Requirements with Agile Software Development Methods in a Regulated Environment
     Author ['TJ Wagner', 'TC Ford']
     Venue 2020 International Conference on …
     Year 2020
     Abstract This could be mitigated with model-based systems engineering tools that automate traceability  𝑋 = 𝐴/𝐵 (1) 𝑋𝑒𝑟𝑟𝑜𝑟 = 𝐴𝑒𝑟𝑟𝑜𝑟/𝐵 For both metrics, DevOps has a strong ability to meet software regulated environment attributes, as it seeks to minimize the hand-off
     Url https://ieeexplore.ieee.org/abstract/document/9049681/


     Search term "DevOps"+"Regulated+Environment"+"Traceability"
     Title Agile application lifecycle management: Using DevOps to drive process improvement
     Author ['B Aiello', 'L Sachs']
     Venue NA
     Year 2016
     Abstract TestDriven Development 7.18 Environment Management 7.18.1 Gold Copies 7.19 Supporting the CMDB 7.20 Driving DevOps 7.21 Supporting  Cloud Computing 8.13 Preflight Builds 8.14 Establishing the Build and Deploy Framework 8.15 Establishing Traceability 8.16 Better
     Url https://books.google.com/books?hl=en&lr=&id=zMY_DAAAQBAJ&oi=fnd&pg=PT26&dq=%22DevOps%22+%22Regulated+Environment%22+%22Traceability%22&ots=YEEZ2yLkN8&sig=MNLMm1VDVOV_DaJBACezG4e4p4E


     Search term "DevOps"+"Regulated+Environment"+"Traceability"
     Title Ovum Decision Matrix: Selecting an Application Lifecycle Management Solution, 2016–17
     Author ['M Azoff']
     Venue NA
     Year 2016
     Abstract engineered product manufacturing, as well as in traditional enterprise IT and regulated environment software development  Agile and, most recently, DevOps have taken center stage in the way in which  concept of ALM was born with the promise of artifact traceability across the
     Url https://intland.com/wp-content/uploads/2016/03/Intland_SWOT_Selecting-an-Application-Lifecycle-Management-Solution_2016%E2%80%9317.pdf


     Search term "DevOps"+"Regulated+Environment"+"Traceability"
     Title Magic Quadrant for Enterprise Agile Planning Tools
     Author ['KJ Mann', 'TE Murphy', 'M West']
     Venue Gartner, Inc
     Year 2018
     Abstract ServiceNow's DevOps product and brings excellent visibility to stories through the DevOps toolchain  Siemens if you are creating systems in a quality- sensitive, regulated environment using agile  Siemens offers a solution with an emphasis on quality engineering and traceability
     Url https://aptasolutions.com/wp-content/uploads/2020/06/Rally-Software-Gartner-2020.pdf


     Search term "DevOps"+"Regulated+Environment"+"Traceability"
     Title Understanding the Benefits of Agile Software Development in Regulated Environments
     Author ['J Karrenbauer', 'M Wiesche', 'H Krcmar']
     Venue NA
     Year 2019
     Abstract There are strict requirements for the reliability and traceability of the products and their development process in the medical device industry. From these specific require- ments, general rules can be derived which apply in a regulated environment in general
     Url https://aisel.aisnet.org/wi2019/track07/papers/5/


     Search term "DevOps"+"Regulated+Environment"+"Traceability"
     Title System and method for tracking and authenticating code transition during phases of development and deployment
     Author ['R Chandrasekaran', 'K Vedagiri']
     Venue US Patent App. 16/114,395
     Year 2020
     Abstract Moreover, implementing DevOps in regulated environment to ensure validation of changes in software code and  of an event in one or more tools of the DevOps platform, respectively  The present invention facilitates traceability and auditability to detect any anomalous behaviour
     Url https://patents.google.com/patent/US20200012779A1/en


     Search term "DevOps"+"Regulated+Environment"+"Traceability"
     Title The future of software development methods
     Author ['B Fitzgerald', 'KJ Stol']
     Venue The Routledge Companion to Management …
     Year 2017
     Abstract In regulated environments where traceability is paramount, documentation, processes, and plans are critical  A case in point is the current focus on DevOps and continuous  to be independent of the software development function in a regulated environment, senior management
     Url https://cora.ucc.ie/handle/10468/6770


     Search term "DevOps"+"Regulated+Environment"+"Traceability"
     Title Případová studie a protypová implementace aplikace strojového učení v ALM Polarion
     Author ['M Sláma']
     Venue NA
     Year 2018
     Abstract 2.1 A unified solution for ALM [1] . . . . 7 2.2 Document workflow [1] . . . . 9 2.3 Companies expectation from using Agile[1] . . . . 11 2.4 Collaboration traceability workflow [1] . . . . 12 2.5 Medical risk management
     Url https://dspace.cvut.cz/handle/10467/76166


     Search term "DevOps"+"Regulated+Environment"+"Traceability"
     Title Talking About Quality
     Author ['K Iberle']
     Venue NA
     Year 2018
     Abstract The relationship between tests and requirements is less obvious on a waterfall project than it is in an agile project, so a requirements traceability matrix might be used to keep  Implementing Agile in an FDA Regulated Environment”. Agile Dev/Better Software DevOps West 2016
     Url https://www.pnsqc.org/wp-content/uploads/2018/09/13-Iberle-Talking-About-Quality.pdf


     Search term "DevOps"+"Regulated+Environment"+"Traceability"
     Title A hybrid assessment approach for medical device software development companies
     Author ['Ö Özcan‐Top', 'F McCaffery']
     Venue Journal of Software: Evolution and …
     Year 2018
     Abstract These controls require having full traceability in place with documented evidence to provide  present successful implementation of a tailored Scrum approach in a regulated environment and mention  We selected eXtreme programming,50 Scrum,51 DevOps,52 Lean,53 Kanban
     Url https://onlinelibrary.wiley.com/doi/abs/10.1002/smr.1929


     Search term "DevOps"+"Regulated+Environment"+"Traceability"
     Title Software Engineering Education in the New World: What Needs to Change?
     Author ['M Bass']
     Venue 2016 IEEE 29th International Conference on Software …
     Year 2016
     Abstract the business: We initially asked for an explanation of the business in order to understand the business model, the domain, who the customers were, if it was a regulated environment, and so  Movements such as devops [4, 5, 10, 17] and chaos engineering [19] embody this idea
     Url https://ieeexplore.ieee.org/abstract/document/7474486/


     Search term "DevOps"+"Regulated+Environment"+"Traceability"
     Title Exploring the Encounter of ContinuousDeployment and the Financial Industry
     Author ['F FRIE', 'G HAMMMARLUND']
     Venue NA
     Year 2016
     Abstract iv Page 11. 5.3 Organising Software Development . . . . . 41 5.4 Innovation in Regulated Environment . . . . . 43 5.5 Summary  53 6.3 Innovation in Regulated Environment . . . . . 54 6.4 Organising Software Development
     Url https://www.diva-portal.org/smash/record.jsf?pid=diva2:948740


     Search term "DevOps"+"Regulated+Environment"+"Traceability"
     Title Enable more frequent integration of software in industry projects
     Author ['T Mårtensson', 'D Ståhl', 'J Bosch']
     Venue Journal of Systems and Software
     Year 2018
     Abstract Fitzgerald (2013) takes a somewhat different approach and describes the “core issues for software development in regulated environments” as quality assurance, safety and security, effectiveness, traceability, verification and validation
     Url https://www.sciencedirect.com/science/article/pii/S0164121218300906


     Search term "DevOps"+"Regulated+Environment"+"Traceability"
     Title Advances in Streamlining Software Delivery on the Web and its Relations to Embedded Systems
     Author ['K Hirvikoski']
     Venue NA
     Year 2015
     Abstract Page 1. Advances in Streamlining Software Delivery on the Web and its Relations to Embedded Systems Kasper Hirvikoski Master's thesis UNIVERSITY OF HELSINKI Department of Computer Science Helsinki, April 20, 2015 Page 2. Faculty of Science
     Url https://helda.helsinki.fi/handle/10138/156665


     Search term "DevOps"+"Regulated+Environment"+"Traceability"
     Title Key supply chain integration factors for success of medical device startups
     Author ['S Gupta']
     Venue NA
     Year 2018
     Abstract Page 1. Key Supply Chain Integration Factors for success of Medical Device Startups by Sanjay Gupta Master of Business Logistics Engineering, The Ohio State University, 2011 Post Graduate Program in Management, Asia Graduate School of Business, 2010
     Url https://dspace.mit.edu/handle/1721.1/117921


     Search term "DevOps"+"Regulated+Environment"+"Traceability"
     Title Best Agile Articles of 2017
     Author ['M de la Maza', 'C Silas']
     Venue NA
     Year 2018
     Abstract Page 1. Best Agile Articles of 2017 Editors: Michael de la Maza, CEC & Cherie Silas, CEC Page 2. ii BEST AGILE ARTICLES OF 2017 Edited By: Michael de la Maza, CEC & Cherie Silas, CEC Copyright ©2018 by Michael de la Maza All rights reserved
     Url https://www.scrumalliance.org/ScrumRedesignDEVSite/media/ScrumAllianceMedia/Best-Agile-Articles-2017.pdf


     Search term "DevOps"+"Regulated+Environment"+"Traceability"
     Title Technical Report No: 2019-TR-05 GAME: Global Agile Model for Enterprises–Appendix
     Author ['MA Razzak']
     Venue NA
     Year 2020
     Abstract Page 1. Technical Report No: 2019-TR-05 GAME: Global Agile Model for Enterprises–Appendix Mohammad Abdur Razzak Lero–the Science Foundation Ireland Research Centre for Software Faculty of Science and Engineering Computer Science and Information System
     Url https://www.lero.ie/sites/default/files/GAME__Global_Agile_Model_for_Enterprises__Appendices_-2.pdf


     Search term "DevOps"+"Regulated+Environment"+"Traceability"
     Title Companion to manuscript: Do Scaling Agile Frameworks Address Risk in Global Software Development? An Empirical Study
     Author ['S Beecham', 'T Clear', 'R Lal', 'J Noll']
     Venue NA
     Year 2020
     Abstract Page 1. Scaling Agile Frameworks and Global Software Development Risk: Supplementary Data Companion to manuscript: Do Scaling Agile Frameworks Address Risk in Global Software Development? An Empirical Study 5th May, 2020 Lero Technical Report No. TR_2020_03
     Url https://lero.ie/sites/default/files/Beecham_2020_TR003.pdf

