Showing papers for search query "DevOps"+"PLC"+OR+"FPGA"+"Regulated+Environment"

     Search term "DevOps"+"PLC"+OR+"FPGA"+"Regulated+Environment"
     Title Adopting Cloud at Liberty Global
     Author ['V Choudhary']
     Venue NA
     Year 2016
     Abstract Research questions2: What Operating Model for Cloud adoption is the best fit for Liberty's business? 1.2 ORGANIZATION BACKGROUND Liberty Global plc (“Liberty Global”, “Liberty”) is the largest international cable company with operations in 14 countries
     Url https://www.researchgate.net/profile/Vijay_Choudhary7/project/Adopting-Cloud/attachment/58905989934940fcce40e1ed/AS:456523588608010@1485855113849/download/AdoptingCloud.pdf?context=ProjectUpdatesLog


     Search term "DevOps"+"PLC"+OR+"FPGA"+"Regulated+Environment"
     Title Automated evaluation and reporting of microservice regulatory compliance
     Author ['M Alagappan', 'MR Wojcik']
     Venue US Patent 10,713,664
     Year 2020
     Abstract US10713664B1 - Automated evaluation and reporting of microservice regulatory compliance - Google Patents. Automated evaluation and reporting of microservice regulatory compliance. Download PDF Info. Publication number
     Url https://patents.google.com/patent/US10713664B1/en


     Search term "DevOps"+"PLC"+OR+"FPGA"+"Regulated+Environment"
     Title Key supply chain integration factors for success of medical device startups
     Author ['S Gupta']
     Venue NA
     Year 2018
     Abstract KGAA, Koninklijke Philips NV, Cardinal Health Inc., Novartis AG and Covidien plc. This industry is expected  Major players Johnson &jolanson s3% (Marketstiore) General Electric Company 19.0% Abbott Loboraories 10.0% Mdtronlc PLC 38.9% S WWWWODMMCP
     Url https://dspace.mit.edu/handle/1721.1/117921

