Showing papers for search query "DevOps"+"Hardware+simulation"+"PLC"+OR+"FPGA"

     Search term "DevOps"+"Hardware+simulation"+"PLC"+OR+"FPGA"
     Title Virtual Platforms Driving Software Quality in Pre-Silicon
     Author ['AD Pulla']
     Venue NA
     Year NA
     Abstract Unlike virtual platforms, FPGA prototyping systems have almost zero debug capabilities, but  like agile development, scaled agile frameworks, continuous integration and DevOps can be  Expanding these capabilities and tools to hardware simulation platforms or virtual platforms
     Url https://pdfs.semanticscholar.org/d93c/509453cb05c755a0f4a27ea7f44616b7472d.pdf


     Search term "DevOps"+"Hardware+simulation"+"PLC"+OR+"FPGA"
     Title The Serverless Data Center: Hardware Disaggregation Meets Serverless Computing
     Author ['N Pemberton', 'J Schleier-Smith']
     Venue The First Workshop on …
     Year 2019
     Abstract using standard server hard- ware in a disaggregated fashion [7, 59], hardware simulation platforms will  Microser- vices architecture enables DevOps: Migration to a cloud-native archi- tecture  FireSim: FPGA- accelerated cycle-exact scale-out system simulation in the public cloud
     Url http://word19.ece.cornell.edu/serverless_data_center.pdf


     Search term "DevOps"+"Hardware+simulation"+"PLC"+OR+"FPGA"
     Title Advanced Simulation and Computing FY19 Implementation Plan, Rev. 1
     Author ['MG McCoy', 'B Archer', 'S Collis']
     Venue NA
     Year 2018
     Abstract resolution of Significant Finding Investigations (SFIs). This work requires a balance of resources, including technical staff, hardware, simulation software, and computer science solutions. The ASC Program focuses on increasing
     Url https://www.osti.gov/biblio/1480420


     Search term "DevOps"+"Hardware+simulation"+"PLC"+OR+"FPGA"
     Title Advanced Simulation and Computing FY18 Implementation Plan, Rev. 0
     Author ['M Anderson', 'T Hoang', 'M McCoy', 'B Archer', 'S Collis']
     Venue NA
     Year 2017
     Abstract resolution of Significant Finding Investigations (SFIs). This work requires a balance of resources, including technical staff, hardware, simulation software, and computer science solutions. The ASC Program focuses on increasing
     Url https://www.osti.gov/biblio/1480418


     Search term "DevOps"+"Hardware+simulation"+"PLC"+OR+"FPGA"
     Title Evaluating fairness in devices under test
     Author ['DG Bair', 'RM Gott', 'EJ Kaminski Jr', 'WJ Lewis']
     Venue US Patent 10,678,670
     Year 2020
     Abstract US10678670B2 - Evaluating fairness in devices under test - Google Patents. Evaluating fairness in devices under test. Download PDF Info. Publication number US10678670B2. US10678670B2 US16/046,574 US201816046574A
     Url https://patents.google.com/patent/US10678670B2/en


     Search term "DevOps"+"Hardware+simulation"+"PLC"+OR+"FPGA"
     Title Evaluating fairness in devices under test
     Author ['DG Bair', 'RM Gott', 'EJ Kaminski Jr', 'WJ Lewis']
     Venue US Patent 10,671,506
     Year 2020
     Abstract US10671506B2 - Evaluating fairness in devices under test - Google Patents. Evaluating fairness in devices under test. Download PDF Info. Publication number US10671506B2. US10671506B2 US16/046,548 US201816046548A
     Url https://patents.google.com/patent/US10671506B2/en


     Search term "DevOps"+"Hardware+simulation"+"PLC"+OR+"FPGA"
     Title Bringing the OpenBMC for platform management system in telco cloud
     Author ['Z Rongqiang']
     Venue NA
     Year 2019
     Abstract DASH Desktop and Mobile Architecture for System Hardware DC Data Centre DCMI Data Centre Management Interface DevOps Development and Operations DMTF Distributed Management Task Force DoS Denial-of-Service DU Digital Unit ESW Embedded Software
     Url https://www.theseus.fi/bitstream/handle/10024/168115/Zhang_Rongqiang_Bringing%20the%20OpenBMC%20for%20Platform%20Management%20System%20in%20Telco%20Cloud%20-%20Copy.pdf?sequence=2


     Search term "DevOps"+"Hardware+simulation"+"PLC"+OR+"FPGA"
     Title Efficient scaling and improved bandwidth of storage system
     Author ['R Dreier', 'R Karr', 'PE Kirkpatrick']
     Venue US Patent App. 16/734,179
     Year 2020
     Abstract US20200183827A1 - Efficient scaling and improved bandwidth of storage system - Google Patents. Efficient scaling and improved bandwidth of storage system. Download PDF Info. Publication number US20200183827A1. US20200183827A1
     Url https://patents.google.com/patent/US20200183827A1/en


     Search term "DevOps"+"Hardware+simulation"+"PLC"+OR+"FPGA"
     Title Drive, blade, or data shard decommission via RAID geometry shrinkage
     Author ['M Sanvido']
     Venue US Patent 10,776,202
     Year 2020
     Abstract US10776202B1 - Drive, blade, or data shard decommission via RAID geometry shrinkage - Google Patents. Drive, blade, or data shard decommission via RAID geometry shrinkage. Download PDF Info. Publication number US10776202B1
     Url https://patents.google.com/patent/US10776202B1/en


     Search term "DevOps"+"Hardware+simulation"+"PLC"+OR+"FPGA"
     Title Efficient writing in a flash storage system
     Author ['PE Kirkpatrick', 'R Karr']
     Venue US Patent App. 16/566,674
     Year 2020
     Abstract US20200073559A1 - Efficient writing in a flash storage system - Google Patents. Efficient writing in a flash storage system. Download PDF Info. Publication number  US20200073559A1. US20200073559A1 US16/566,674 US201916566674A
     Url https://patents.google.com/patent/US20200073559A1/en


     Search term "DevOps"+"Hardware+simulation"+"PLC"+OR+"FPGA"
     Title Dynamic data verification and recovery in a storage system
     Author ['PE Kirkpatrick', 'R Karr']
     Venue US Patent App. 16/553,387
     Year 2019
     Abstract US20190391872A1 - Dynamic data verification and recovery in a storage system - Google Patents. Dynamic data verification and recovery in a storage system. Download PDF Info. Publication number US20190391872A1. US20190391872A1
     Url https://patents.google.com/patent/US20190391872A1/en


     Search term "DevOps"+"Hardware+simulation"+"PLC"+OR+"FPGA"
     Title Maximizing data reduction in a partially encrypted volume
     Author ['CP Sapuntzakis', 'TW Brennan']
     Venue US Patent App. 16 …
     Year 2019
     Abstract US20190196731A1 - Maximizing data reduction in a partially encrypted volume - Google Patents. Maximizing data reduction in a partially encrypted volume. Download PDF Info. Publication number US20190196731A1. US20190196731A1
     Url https://patents.google.com/patent/US20190196731A1/en


     Search term "DevOps"+"Hardware+simulation"+"PLC"+OR+"FPGA"
     Title Feature-based deduplication
     Author ['EL Miller', 'M Sanvido']
     Venue US Patent 10,789,211
     Year 2020
     Abstract US10789211B1 - Feature-based deduplication - Google Patents. Feature-based deduplication. Download PDF Info. Publication number US10789211B1. US10789211B1 US15/725,171 US201715725171A US10789211B1 US
     Url https://patents.google.com/patent/US10789211B1/en


     Search term "DevOps"+"Hardware+simulation"+"PLC"+OR+"FPGA"
     Title Scalable garbage collection
     Author ['B Davis', 'W Cui', 'MP Fay']
     Venue US Patent App. 16/170,596
     Year 2020
     Abstract US20200133841A1 - Scalable garbage collection - Google Patents. Scalable garbage collection. Download PDF Info. Publication number US20200133841A1.  US20200133841A1 US16/170,596 US201816170596A US2020133841A1
     Url https://patents.google.com/patent/US20200133841A1/en


     Search term "DevOps"+"Hardware+simulation"+"PLC"+OR+"FPGA"
     Title Efficient rekey in a transparent decrypting storage array
     Author ['CP Sapuntzakis', 'K Vijayasankar']
     Venue US Patent App. 16 …
     Year 2020
     Abstract US20200134202A1 - Efficient rekey in a transparent decrypting storage array - Google Patents. Efficient rekey in a transparent decrypting storage array. Download PDF Info. Publication number US20200134202A1. US20200134202A1
     Url https://patents.google.com/patent/US20200134202A1/en


     Search term "DevOps"+"Hardware+simulation"+"PLC"+OR+"FPGA"
     Title Encryption management with host-side data reduction
     Author ['K Vijayasankar', 'AX DuChateau']
     Venue US Patent App. 16 …
     Year 2019
     Abstract US20190065788A1 - Encryption management with host-side data reduction - Google Patents. Encryption management with host-side data reduction. Download PDF Info. Publication number US20190065788A1. US20190065788A1
     Url https://patents.google.com/patent/US20190065788A1/en


     Search term "DevOps"+"Hardware+simulation"+"PLC"+OR+"FPGA"
     Title Distributed integrated high-speed solid-state non-volatile random-access memory
     Author ['R Dreier', 'R Karr', 'PE Kirkpatrick']
     Venue US Patent 10,545,861
     Year 2020
     Abstract US10545861B2 - Distributed integrated high-speed solid-state non-volatile random-access memory - Google Patents. Distributed integrated high-speed solid-state non-volatile random-access memory. Download PDF Info. Publication
     Url https://patents.google.com/patent/US10545861B2/en


     Search term "DevOps"+"Hardware+simulation"+"PLC"+OR+"FPGA"
     Title Deduplication-aware per-tenant encryption
     Author ['SC Nagle', 'V Prakashaiah', 'R Karr']
     Venue US Patent App. 16/171,907
     Year 2019
     Abstract US20190073152A1 - Deduplication-aware per-tenant encryption - Google Patents. Deduplication-aware per-tenant encryption. Download PDF Info. Publication number US20190073152A1. US20190073152A1 US16/171,907
     Url https://patents.google.com/patent/US20190073152A1/en


     Search term "DevOps"+"Hardware+simulation"+"PLC"+OR+"FPGA"
     Title OPTIMIZED FIBRE CHANNEL AND NON-VOLATILE MEMORY EXPRESS ACCESS
     Author ['R Dreier']
     Venue US Patent App. 16/927,023
     Year 2020
     Abstract Storage array controller 110A-D may be implemented in a variety of ways, including as a Field Programmable Gate Array ('FPGA'), a Programmable Logic Chip ('PLC'), an Application Specific Integrated Circuit ('ASIC'), System-on-Chip ('SOC'), or any computing device that
     Url https://www.freepatentsonline.com/y2020/0343974.html


     Search term "DevOps"+"Hardware+simulation"+"PLC"+OR+"FPGA"
     Title Peer-to-peer non-volatile random-access memory
     Author ['R Dreier', 'R Karr', 'PE Kirkpatrick']
     Venue US Patent 10,613,974
     Year 2020
     Abstract US10613974B2 - Peer-to-peer non-volatile random-access memory - Google Patents. Peer-to-peer non-volatile random-access memory. Download PDF Info. Publication number US10613974B2. US10613974B2 US15/582,381
     Url https://patents.google.com/patent/US10613974B2/en


     Search term "DevOps"+"Hardware+simulation"+"PLC"+OR+"FPGA"
     Title Block consolidation in a direct-mapped flash storage system
     Author ['PE Kirkpatrick', 'R Karr']
     Venue US Patent 10,452,290
     Year 2019
     Abstract US10452290B2 - Block consolidation in a direct-mapped flash storage system - Google Patents. Block consolidation in a direct-mapped flash storage system. Download PDF Info. Publication number US10452290B2. US10452290B2
     Url https://patents.google.com/patent/US10452290B2/en


     Search term "DevOps"+"Hardware+simulation"+"PLC"+OR+"FPGA"
     Title Redundant array of independent disks in a direct-mapped flash storage system
     Author ['PE Kirkpatrick', 'R Karr']
     Venue US Patent 10,402,266
     Year 2019
     Abstract US10402266B1 - Redundant array of independent disks in a direct-mapped flash storage system - Google Patents. Redundant array of independent disks in a direct-mapped flash storage system. Download PDF Info. Publication
     Url https://patents.google.com/patent/US10402266B1/en


     Search term "DevOps"+"Hardware+simulation"+"PLC"+OR+"FPGA"
     Title Efficient Resource Upgrade
     Author ['PE Kirkpatrick']
     Venue US Patent App. 16/862,197
     Year 2020
     Abstract US20200257453A1 - Efficient Resource Upgrade - Google Patents. Efficient Resource Upgrade. Download PDF Info. Publication number US20200257453A1.  US20200257453A1 US16/862,197 US202016862197A US2020257453A1
     Url https://patents.google.com/patent/US20200257453A1/en


     Search term "DevOps"+"Hardware+simulation"+"PLC"+OR+"FPGA"
     Title Optimized non-uniform memory access
     Author ['R Dreier', 'PE Kirkpatrick', 'N Neelakantam']
     Venue US Patent 10,776,046
     Year 2020
     Abstract Assignors: DREIER, ROLAND, KIRKPATRICK, PETER E., NEELAKANTAM, NAVEEN 2020-08-26 Assigned to BARCLAYS BANK PLC AS ADMINISTRATIVE AGENT reassignment BARCLAYS BANK PLC AS ADMINISTRATIVE AGENT SECURITY INTEREST (SEE DOCUMENT
     Url https://patents.google.com/patent/US10776046B1/en


     Search term "DevOps"+"Hardware+simulation"+"PLC"+OR+"FPGA"
     Title Optimized fibre channel and non-volatile memory express access
     Author ['R Dreier']
     Venue US Patent 10,756,816
     Year 2020
     Abstract US10756816B1 - Optimized fibre channel and non-volatile memory express access - Google Patents. Optimized fibre channel and non-volatile memory express access. Download PDF Info. Publication number US10756816B1
     Url https://patents.google.com/patent/US10756816B1/en


     Search term "DevOps"+"Hardware+simulation"+"PLC"+OR+"FPGA"
     Title Resource-preserving system upgrade
     Author ['PE Kirkpatrick']
     Venue US Patent 10,678,433
     Year 2020
     Abstract US10678433B1 - Resource-preserving system upgrade - Google Patents. Resource-preserving system upgrade. Download PDF Info. Publication number US10678433B1. US10678433B1 US15/965,556 US201815965556A
     Url https://patents.google.com/patent/US10678433B1/en


     Search term "DevOps"+"Hardware+simulation"+"PLC"+OR+"FPGA"
     Title Resource-preserving system upgrade
     Author ['A Niven', 'AR Bernat', 'EK Blanchard']
     Venue US Patent App. 16 …
     Year 2020
     Abstract US20200218452A1 - Resource-preserving system upgrade - Google Patents. Resource-preserving system upgrade. Download PDF Info. Publication number US20200218452A1. US20200218452A1 US16/816,457 US202016816457A
     Url https://patents.google.com/patent/US20200218452A1/en


     Search term "DevOps"+"Hardware+simulation"+"PLC"+OR+"FPGA"
     Title Storage efficiency of encrypted host system data
     Author ['JR Irwin', 'EL Miller', 'JD Davis']
     Venue US Patent App. 16/514,831
     Year 2019
     Abstract US20190340136A1 - Storage efficiency of encrypted host system data - Google Patents. Storage efficiency of encrypted host system data. Download PDF Info. Publication number US20190340136A1. US20190340136A1 US16
     Url https://patents.google.com/patent/US20190340136A1/en

