Showing papers for search query "Factory"+"Medical"+"Regulated+Environment"

     Search term "Factory"+"Medical"+"Regulated+Environment"
     Title The Lived Experience of Smokers Working in Smoking Regulated Environments
     Author ['SL Konen']
     Venue NA
     Year 2010
     Abstract involving three types of worksites including: factory, medical facility, and restaurant. Ten individuals, 18 years of age or older, who smoked, on average, a minimum of 10 cigarettes a day, and worked at least 8 hours per day in a smoking regulated environment were included in
     Url https://minds.wisconsin.edu/handle/1793/47120


     Search term "Factory"+"Medical"+"Regulated+Environment"
     Title Prevalence of hearing loss and accuracy of self-report among factory workers
     Author ['MC McCullagh', 'D Raymond', 'MJ Kerr']
     Venue Noise and …
     Year 2011
     Abstract Although this group of workers was employed in a regulated environment and served by a hearing  Literature review Factory settings are known for their noisy environments  for self-report bias in four nationally representative survey series 1976-2006: Medical Expenditure Panel
     Url http://www.noiseandhealth.org/article.asp?issn=1463-1741;year=2011;volume=13;issue=54;spage=340;epage=347;aulast=McCullagh


     Search term "Factory"+"Medical"+"Regulated+Environment"
     Title Testing implantable medical devices: minimal analog access ports make testing today's complex digital implantable medical devices a unique challenge
     Author ['JM Cortner']
     Venue EE-Evaluation Engineering
     Year 2004
     Abstract test requirements aren't the same as military standards, but a highly regulated environment creates a  The ICs and subassemblies of an implantable medical device yield to test techniques  waveform contains a noise content introduced by fixture wiring, the factory environment, or
     Url https://go.gale.com/ps/i.do?id=GALE%7CA118330663&sid=googleScholar&v=2.1&it=r&linkaccess=abs&issn=01490370&p=AONE&sw=w


     Search term "Factory"+"Medical"+"Regulated+Environment"
     Title Basic Laboratory Methods in a Regulated Environment
     Author ['F KELSEY', 'RTOP REGULATIONS']
     Venue NA
     Year NA
     Abstract They also have links to the regulations for the medical device industry (21 CFR  Page 21. Bio-Link Courses-in-a-Box M&M Quality Control Activity 21 Basic Laboratory Methods in a Regulated Environment CLASSROOM ACTIVITY: QUALITY CONTROL IN THE M&M FACTORY
     Url https://www.bio-link.org/home2/sites/files/all_activities_in_one_file.pdf


     Search term "Factory"+"Medical"+"Regulated+Environment"
     Title Reliability considerations for implantable medical ICs
     Author ['M Porter', 'P Gerrish', 'L Tyler', 'S Murray']
     Venue 2008 IEEE …
     Year 2008
     Abstract The regulated environment does require a longer development time compared to the commercial semiconductor industry and this  first example involved an implantable device that was working properly when it left the factory, was flown to the medical sales representative
     Url https://ieeexplore.ieee.org/abstract/document/4558939/


     Search term "Factory"+"Medical"+"Regulated+Environment"
     Title Challenges of Agile Practices Implementation in the Medical Device Software Development Methodologies
     Author ['M Kostic']
     Venue European Project Management Journal
     Year 2017
     Abstract Researchers at the University of Maryland at College Parkhave created a framework entitled “The Experience Factory” (Basili and Rombach, 1991), which is reuse- oriented and  Adopting Agile in an FDA regulated environment  Agile development in a Medical Device company
     Url http://media.epmj.org/2017/12/7-2-4-Milos-Kostic.pdf


     Search term "Factory"+"Medical"+"Regulated+Environment"
     Title Organizational responses to urban migration in Ho Chi Minh City: adapting to the challenges of a highly regulated environment
     Author ['DT Simon']
     Venue NA
     Year 2011
     Abstract IN HO CHI MINH CITY: ADAPTING TO THE CHALLENGES OF A HIGHLY REGULATED ENVIRONMENT By Daniel Tien Simon  IN HO CHI MINH CITY: ADAPTING TO THE CHALLENGES OF A HIGHLY REGULATED ENVIRONMENT By Daniel Tien Simon
     Url https://dspace.mit.edu/handle/1721.1/67238


     Search term "Factory"+"Medical"+"Regulated+Environment"
     Title Pollution monitoring sensor for a Micro-Factory
     Author ['M Král', 'R Clavel']
     Venue 2011 IEEE International Symposium on …
     Year 2011
     Abstract The well-regulated environment allows the testing of components subjected to different conditions – high pressure, low  The micro factory concept is feasible for both – mass production and single product  In order to satisfy the demand for production of medical devices, a clean
     Url https://ieeexplore.ieee.org/abstract/document/5942359/


     Search term "Factory"+"Medical"+"Regulated+Environment"
     Title Effective Strategic Decision-Making Strategies for Plant Managers in Pharmaceutical and Medical Device Manufacturing in Modern Day Puerto Rico: A Qualitative …
     Author ['CI Jerez']
     Venue NA
     Year 2020
     Abstract Page 1. EFFECTIVE STRATEGIC DECISION-MAKING STRATEGIES FOR PLANT MANAGERS IN PHARMACEUTICAL AND MEDICAL DEVICE MANUFACTURING IN MODERN  pharmaceutical and medical device manufacturing environment in Puerto Rico during the current
     Url https://digitalcommons.liberty.edu/doctoral/2553/


     Search term "Factory"+"Medical"+"Regulated+Environment"
     Title Antinociceptive property of tegaserod in a rat model of chronic visceral hypersensitivity
     Author ['LX LIANG', 'Q ZHANG', 'W QIAN']
     Venue Chinese journal of …
     Year 2005
     Abstract rats were housed 6 per cage with access to food and water ad libitum and kept in a regulated environment (20–25  The balloon was connected via a Y connector to a syringe (2 mL) and a sphygmomanometer (Shanghai Medical Equipment Factory, shanghai, China)
     Url https://onlinelibrary.wiley.com/doi/abs/10.1111/j.1443-9573.2005.00182.x


     Search term "Factory"+"Medical"+"Regulated+Environment"
     Title Commercial considerations in tissue engineering
     Author ['J Mansbridge']
     Venue Journal of anatomy
     Year 2006
     Abstract Bioreactor design takes place in a highly regulated environment, so factors to be incorporated into the concept include not  The design of a medical device is closely regulated and starts with a design concept (Table 1). From the  Dermal replacement, later as a cytokine factory, etc
     Url https://onlinelibrary.wiley.com/doi/abs/10.1111/j.1469-7580.2006.00631.x


     Search term "Factory"+"Medical"+"Regulated+Environment"
     Title Identity narratives in the face of market competition: the emerging legal medical cannabis market in Canada
     Author ['J Valleriani']
     Venue Drugs: Education, Prevention and Policy
     Year 2020
     Abstract exist as a legal trade in a tightly controlled and regulated environment, simultaneously catching  is on how entrepreneurs from both the legal (LP) and illegal (Medical Cannabis Dispensaries  often used comparisons and references to outside groups, such as factory workers, to
     Url https://www.tandfonline.com/doi/abs/10.1080/09687637.2018.1531828


     Search term "Factory"+"Medical"+"Regulated+Environment"
     Title A comprehensive approach for medical device development: Incorporating regulations, critical factors and design for X in modeling a conceptual framework
     Author ['LA Medina']
     Venue NA
     Year 2011
     Abstract 102 Figure 4.13: Final product design process model for medical devices ..... 103 Figure 4.14: Scenario - FDA's and medical specialties' clusters ..... 106  Figure 5.2: Laparoscopic surgical instrument (Learning Factory, 2011) .... 115
     Url https://etda.libraries.psu.edu/catalog/12807


     Search term "Factory"+"Medical"+"Regulated+Environment"
     Title System and method for monitoring a controlled environment
     Author ['MR Williams', 'MA Crusi']
     Venue US Patent 6,691,070
     Year 2004
     Abstract more particularly, to a system and method of communicating information between a user and a computer system for monitoring a controlled or regulated environment, where the  An example of a system requiring validation prior to use is a medical device that includes software
     Url https://patents.google.com/patent/US6691070B1/en


     Search term "Factory"+"Medical"+"Regulated+Environment"
     Title Leverage from factory acceptance test, site acceptance test, and commissioning into qualifications using a filler of a packaging line as a model in the pharmaceutical …
     Author ['MC Donato']
     Venue NA
     Year 2010
     Abstract essential for Pharmaceutical, Medical Device and Biotechnology manufacturing in order to be in compliance with regulatory agencies such as FDA, European Medicine Agency (EMEA), among others. Based on that, and in order to perform the leverage from Factory Acceptance
     Url http://search.proquest.com/openview/7426d46ac88014034673db6650e7ca14/1?pq-origsite=gscholar&cbl=18750&diss=y


     Search term "Factory"+"Medical"+"Regulated+Environment"
     Title Strategic planning in a regulated trade bloc: The pharmaceutical industry in the European union
     Author ['P Chaudhry', 'P Dacin']
     Venue European Management Journal
     Year 1997
     Abstract Since the firm cannot withdraw from the regulated environment, managers should place a premium on the  such as price-cutting trends, reducing medical doctor pharmacists get lists, the cheaper the product  But the reality remains that even with a single ex-factory price in Europe
     Url https://www.sciencedirect.com/science/article/pii/S0263237397000522


     Search term "Factory"+"Medical"+"Regulated+Environment"
     Title A compliance office for heavily regulated enterprises—a best practice approach to meeting US FDA requirements
     Author ['JK Himmelreich']
     Venue BT technology journal
     Year 2007
     Abstract Factory inspections were authorised at this time in an effort to minimise the very real problems of 'wonder drugs' that were frequently  that end, the BT Compliance Office is executing a plan designed to enable BT to support its pharmaceutical clients in this regulated environment
     Url https://link.springer.com/content/pdf/10.1007/s10550-007-0007-7.pdf


     Search term "Factory"+"Medical"+"Regulated+Environment"
     Title Pharmaceutical and Medical Devices Manufacturing Computer Systems Validation
     Author ['O López']
     Venue NA
     Year 2018
     Abstract is to make known my views on how to perform CSV, and to provide readers with information on how they should work successfully in an e-compliance role in today's high-pressure, regulated environment. Control programs for pharmaceutical, medical devices, diagnostics and
     Url https://books.google.com/books?hl=fi&lr=&id=DidxDwAAQBAJ&oi=fnd&pg=PT12&dq=%22Factory%22+%22Medical%22+%22Regulated+Environment%22&ots=YtPNPdysy4&sig=k_VTb3AF1_H-HYPLZ6biwFDQqrY


     Search term "Factory"+"Medical"+"Regulated+Environment"
     Title The bases for executive action: A multiple case study of leadership in the highly regulated long-term health care industry
     Author ['DB Crawford']
     Venue NA
     Year 2005
     Abstract Nursing Home Administrator This individual is charged with the overall operation of the nursing home facility including the staffing, medical care, and physical facilities operation. Persons in this position are licensed by the state in which they operate. The person can be held
     Url http://search.proquest.com/openview/92aeb93cc49277d262c77cbcf442a67b/1?pq-origsite=gscholar&cbl=18750&diss=y


     Search term "Factory"+"Medical"+"Regulated+Environment"
     Title Analgesic, anti-inflammatory and antipyretic activities of the petroleum ether fraction from the ethanol extract of Desmodium podocarpum
     Author ['ZZ Zhu', 'KJ Ma', 'X Ran', 'H Zhang', 'CJ Zheng']
     Venue Journal of …
     Year 2011
     Abstract the Experimental Animal Center of the Second Military Medical University (Shanghai, China), were housed in a regulated environment (20 ± 2  China), aspirin, ibuprofen, indomethacin, dexamethasone, paracetamol (Chengdu Pharmaceutical Factory, Chengdu, China
     Url https://www.sciencedirect.com/science/article/pii/S0378874110008275


     Search term "Factory"+"Medical"+"Regulated+Environment"
     Title How to implement radical strategies in large organizations
     Author ['Y Allaire', 'M Firsirotu']
     Venue Sloan Management Review (pre-1986)
     Year 1985
     Abstract soft drink industry (through Seven- Up); – Eaton's shift from reliance on trucks and other vehicle parts to electronics, factory automation machinery  Oil, etc.); º – Singer's expansion into aerospace;º and – Johnson & Johnson's recent emphasis on high-tech medical hardwara.99
     Url http://search.proquest.com/openview/ef7772c99fad6b95123780b76130f691/1?pq-origsite=gscholar&cbl=35193


     Search term "Factory"+"Medical"+"Regulated+Environment"
     Title European Conference, November 13–15, 2006, by
     Author ['W De Bruyn', 'B Van Vreckem']
     Venue THE WBF BOOK SERIES--ISA 88 …
     Year 2011
     Abstract Management System (LIMS) solution in pharmaceutical production can be seen as a medical device that  In the Roche Penzberg biopharmaceutical factory (Germany), savings of more than 50% have been made in the  MES ROLL-OUT IN A REGULATED ENVIRONMENT| 181
     Url https://books.google.com/books?hl=fi&lr=&id=SyBsubOC3iwC&oi=fnd&pg=PA173&dq=%22Factory%22+%22Medical%22+%22Regulated+Environment%22&ots=ArWmC8RkK8&sig=sLI2nZlVKSbn7vb5cqgsnTfzv1U


     Search term "Factory"+"Medical"+"Regulated+Environment"
     Title Pharmacy Reimbursement I–Overview European Systems
     Author ['P Schneider']
     Venue NA
     Year 2018
     Abstract Manufacturer Central medical store Regional medical store Health facility Patient  » MWPP Taxonomy » Ex-factory price (manufacturer price, ex-manufacturer price, manufacturer's selling price)  » In a regulated environment, pharmaceutical distribution has to strike the balance
     Url https://jasmin.goeg.at/667/1/13%20-%20NCAPR_Meeting_Reimbursment_20180926%20pptx.pdf


     Search term "Factory"+"Medical"+"Regulated+Environment"
     Title Does deregulation in community pharmacy impact accessibility of medicines, quality of pharmacy services and costs? Evidence from nine European countries
     Author ['S Vogler', 'K Habimana', 'D Arts']
     Venue Health policy
     Year 2014
     Abstract JavaScript is disabled on your browser. Please enable JavaScript to use all the features on this page. Skip to main content Skip to article
     Url https://www.sciencedirect.com/science/article/pii/S0168851014001377


     Search term "Factory"+"Medical"+"Regulated+Environment"
     Title Systems and methods for managing information relating to medical fluids and containers therefor
     Author ['VD Ortenzi']
     Venue US Patent 7,413,123
     Year 2008
     Abstract US7413123B2 - Systems and methods for managing information relating to medical fluids and containers therefor - Google Patents. Systems and methods for managing information relating to medical fluids and containers therefor. Download PDF Info
     Url https://patents.google.com/patent/US7413123B2/en


     Search term "Factory"+"Medical"+"Regulated+Environment"
     Title Regulation of the postgraduate medical education
     Author ['E Berende', 'M Dehn', 'K Katona', 'I Mosca']
     Venue NA
     Year 2009
     Abstract TILEC Discussion Paper TILEC Regulation of the Postgraduate Medical Education By Eveline Berende Matthias Dehn Katalin Katona Ilaria Mosca DP 2009-013  Research Paper Regulation of the Postgraduate Medical Education Eveline Berende Matthias Dehn Katalin Katona
     Url https://papers.ssrn.com/sol3/papers.cfm?abstract_id=1392221


     Search term "Factory"+"Medical"+"Regulated+Environment"
     Title Workplace human rights reporting: a study of Australian garment and retail companies
     Author ['M Azizul Islam', 'A Jain']
     Venue Australian accounting review
     Year 2013
     Abstract Australia is one of the many OECD countries not to have a well regulated environment for workplace human rights  Therefore, it remains 'lawful for a corporation in Australia to outsource work to a foreign factory, even if the Australian corporation knows that the work will be
     Url https://onlinelibrary.wiley.com/doi/abs/10.1111/auar.12009


     Search term "Factory"+"Medical"+"Regulated+Environment"
     Title First update of the International Xenotransplantation Association consensus statement on conditions for undertaking clinical trials of porcine islet products in type 1 …
     Author ['E Cozzi', 'RR Tönjes', 'P Gianello', 'LH Bühler']
     Venue …
     Year 2016
     Abstract however, requires that such a procedure takes place in a specifically and tightly regulated environment  products in accordance with the Food and Drug Regulations or the Medical Devices Regulations  Shinichi Matsumoto, Otsuka Pharmaceutical Factory, Inc., Tokushima, Japan
     Url https://onlinelibrary.wiley.com/doi/abs/10.1111/xen.12222


     Search term "Factory"+"Medical"+"Regulated+Environment"
     Title Systems and methods for managing information relating to medical fluids and containers therefor
     Author ['D Hasse', 'F Fago']
     Venue US Patent App. 11/618,074
     Year 2007
     Abstract US20070191690A1 - Systems and methods for managing information relating to medical fluids and containers therefor - Google Patents. Systems and methods for managing information relating to medical fluids and containers therefor. Download PDF Info
     Url https://patents.google.com/patent/US20070191690A1/en


     Search term "Factory"+"Medical"+"Regulated+Environment"
     Title Analgesic, anti-inflammatory, and antipyretic activities of the ethanol extract from Desmodium caudatum
     Author ['KJ Ma', 'ZZ Zhu', 'CH Yu', 'H Zhang', 'J Liu']
     Venue Pharmaceutical …
     Year 2011
     Abstract the Experimental Animal Center of the Second Military Medical University (Shanghai, China), were housed in a regulated environment (20 ± 2  China), aspirin, ibuprofen, indomethacin, dexamethasone, paracetamol (Chengdu Pharmaceutical Factory, Chengdu, China)
     Url https://www.tandfonline.com/doi/abs/10.3109/13880209.2010.520322


     Search term "Factory"+"Medical"+"Regulated+Environment"
     Title Medical Fluid Injector Having Wireless Pressure Monitoring Feature
     Author ['CS Neer', 'R Moll']
     Venue US Patent App. 11/758,736
     Year 2008
     Abstract US20080306443A1 - Medical Fluid Injector Having Wireless Pressure Monitoring Feature - Google Patents. Medical Fluid Injector Having Wireless Pressure Monitoring Feature. Download PDF Info  Abstract. The present invention relates to medical fluid injectors
     Url https://patents.google.com/patent/US20080306443A1/en


     Search term "Factory"+"Medical"+"Regulated+Environment"
     Title Definition and deployment of quality tools for quality and uptime improvement in a manufacturing environment
     Author ['KG Arzola']
     Venue NA
     Year 2006
     Abstract The motivation for acquiring an in-depth understanding of FDA regulatory aspects is the fact that pharmaceutical, biotechnology and medical devices manufacturing are key  continuous improvement within the FDA regulated environment. The incentive for
     Url http://citeseerx.ist.psu.edu/viewdoc/download?doi=10.1.1.131.1944&rep=rep1&type=pdf


     Search term "Factory"+"Medical"+"Regulated+Environment"
     Title Systems and methods for managing information relating to medical fluids and containers therefor
     Author ['CM Gibson']
     Venue US Patent 7,859,473
     Year 2010
     Abstract US7859473B2 - Systems and methods for managing information relating to medical fluids and containers therefor - Google Patents. Systems and methods for managing information relating to medical fluids and containers therefor. Download PDF Info
     Url https://patents.google.com/patent/US7859473B2/en


     Search term "Factory"+"Medical"+"Regulated+Environment"
     Title The built environment and public health in American public schools: A policy analysis
     Author ['B Ibata']
     Venue NA
     Year 2008
     Abstract This loosely regulated environment exposes its occupants to known health hazards with society absorbing the resulting health-related marginal costs  only four times over; and, if medical aid be not at hand, the children will never be  the age of fourteen years enters a factory
     Url http://search.proquest.com/openview/97e4db05869a9096ec205c16b3da546c/1?pq-origsite=gscholar&cbl=18750&diss=y


     Search term "Factory"+"Medical"+"Regulated+Environment"
     Title Systems and methods for managing information relating to medical fluids and containers therefor
     Author ['CM Gibson']
     Venue US Patent 8,035,517
     Year 2011
     Abstract US8035517B2 - Systems and methods for managing information relating to medical fluids and containers therefor - Google Patents. Systems and methods for managing information relating to medical fluids and containers therefor. Download PDF Info
     Url https://patents.google.com/patent/US8035517B2/en


     Search term "Factory"+"Medical"+"Regulated+Environment"
     Title Methods for verifying medical device cleanliness
     Author ['DE Albert']
     Venue Developments in surface contamination and cleaning
     Year 2015
     Abstract In today's highly regulated environment, medical device manufacturers must, and for the most part do  from laser drilling and cutting, and airborne contamination from the factory environment [4  are several types of contaminants that can be present on medical device surfaces that
     Url https://www.sciencedirect.com/science/article/pii/B9780323313032000042


     Search term "Factory"+"Medical"+"Regulated+Environment"
     Title Economic development in India: the role of individual enterprise (and entrepreneurial spirit)
     Author ['AK Lal', 'RW Clement']
     Venue NA
     Year NA
     Abstract [Not Found]
     Url [Not Found]


     Search term "Factory"+"Medical"+"Regulated+Environment"
     Title Economic studies of healthcare and their implications
     Author ['M Egler', 'R Geursen', 'CP Policy']
     Venue Drugs made in Germany
     Year 1998
     Abstract In such a publicly regulated environment, pharmacoeconomics may reinforce the demand side of the market by  compara- tive economic analyses that in- clude all alternative forms of medical intervention  halt the development of these studies before they yield satis- factory results
     Url https://www.researchgate.net/profile/Martin_Egler/publication/293589053_Economic_studies_of_healthcare_and_their_implications/links/59b64256aca2728472dbf80f/Economic-studies-of-healthcare-and-their-implications.pdf


     Search term "Factory"+"Medical"+"Regulated+Environment"
     Title Systems and methods for managing information relating to medical fluids and containers therefor
     Author ['C Gibson', 'V Ortenzi']
     Venue US Patent App. 11/618,085
     Year 2007
     Abstract US20070208308A1 - Systems and methods for managing information relating to medical fluids and containers therefor - Google Patents. Systems and methods for managing information relating to medical fluids and containers therefor. Download PDF Info
     Url https://patents.google.com/patent/US20070208308A1/en


     Search term "Factory"+"Medical"+"Regulated+Environment"
     Title Users' perspective of medical logistics supply chain system in Ghana: The case of Adansi South District Health Directorate
     Author ['S Adu-Poku', 'D Asamoah']
     Venue Journal of Medical …
     Year 2011
     Abstract 179 Users ' perspective of medical logistics supply chain system in Ghana  19 A pharmaceutical supply chain is a highly regulated environment requiring extensive data collection and information exchange to ensure a chain of custody and monitoring of various controls. 19
     Url https://journals.sagepub.com/doi/abs/10.1177/1745790411403828


     Search term "Factory"+"Medical"+"Regulated+Environment"
     Title Systems and methods for managing information relating to medical fluids and containers therefor
     Author ['JA Perkins', 'JR Small']
     Venue US Patent 8,317,099
     Year 2012
     Abstract US8317099B2 - Systems and methods for managing information relating to medical fluids and containers therefor - Google Patents. Systems and methods for managing information relating to medical fluids and containers therefor. Download PDF Info
     Url https://patents.google.com/patent/US8317099B2/en


     Search term "Factory"+"Medical"+"Regulated+Environment"
     Title Systems and methods for managing information relating to medical fluids and containers therefor
     Author ['VD Ortenzi', 'CM Gibson']
     Venue US Patent 7,963,936
     Year 2011
     Abstract US7963936B2 - Systems and methods for managing information relating to medical fluids and containers therefor - Google Patents. Systems and methods for managing information relating to medical fluids and containers therefor. Download PDF Info
     Url https://patents.google.com/patent/US7963936B2/en


     Search term "Factory"+"Medical"+"Regulated+Environment"
     Title Systems and methods for managing information relating to medical fluids and containers therefor
     Author ['C Gibson', 'G Wagner', 'J Knipfer']
     Venue US Patent App. 11/618,180
     Year 2007
     Abstract US20070208445A1 - Systems and methods for managing information relating to medical fluids and containers therefor - Google Patents. Systems and methods for managing information relating to medical fluids and containers therefor. Download PDF Info
     Url https://patents.google.com/patent/US20070208445A1/en


     Search term "Factory"+"Medical"+"Regulated+Environment"
     Title Competitive intelligence: concept, context and a case of its application
     Author ['T Nikolaos', 'F Evangelia']
     Venue Science Journal of Business Management
     Year 2012
     Abstract Market % of Sales USA 61 Europe 29 Japan 4 Rest of the world 6 The pharmaceutical industry in Europe is not just an asset to scientific and medical process  Furthermore, the world's pharmaceutical market was estimated to €579,510 million at ex-factory prices in 2009
     Url https://www.sjpub.org/sjbm/nikolaos-et-al.pdf


     Search term "Factory"+"Medical"+"Regulated+Environment"
     Title Systems and methods for managing information relating to medical fluids and containers therefor
     Author ['CM Gibson']
     Venue US Patent 9,082,157
     Year 2015
     Abstract US9082157B2 - Systems and methods for managing information relating to medical fluids and containers therefor - Google Patents. Systems and methods for managing information relating to medical fluids and containers therefor. Download PDF Info
     Url https://patents.google.com/patent/US9082157B2/en


     Search term "Factory"+"Medical"+"Regulated+Environment"
     Title The process of medical device development: how it represents a challenge to traditional product development methodologies: a thesis presented in partial fulfilment of …
     Author ['PJ Turner']
     Venue NA
     Year 2007
     Abstract Marketing complex MD's internationally within this regulated environment requires resources and knowledge  Medical Devices [MD] represent special challenges to the designer and manufacturer  For consumables packaging to maintain sterility from factory output to the
     Url https://mro.massey.ac.nz/handle/10179/10974


     Search term "Factory"+"Medical"+"Regulated+Environment"
     Title 13. Facing the compliance challenge: Hercules, Houdini or the Charge of the Light Brigade?
     Author ['F Haines']
     Venue Explaining compliance: Business responses to …
     Year 2011
     Abstract of Thai legal reforms on safety standards in the wake of the Kader Toy Factory fire in  to HIV clinics that their money is being well spent might detract from the medical task in  be understood in light of two worlds: the world of regulatory reform and that of the regulated environment
     Url https://books.google.com/books?hl=fi&lr=&id=e4Icg5ymiz8C&oi=fnd&pg=PA287&dq=%22Factory%22+%22Medical%22+%22Regulated+Environment%22&ots=DLeInc7eM8&sig=CMdwQy0XmU29z-kHFfV5Fwpg_RY


     Search term "Factory"+"Medical"+"Regulated+Environment"
     Title Systems and methods for managing information relating to medical fluids and containers therefor
     Author ['G Wagner']
     Venue US Patent App. 11/618,094
     Year 2007
     Abstract US20070225672A1 - Systems and methods for managing information relating to medical fluids and containers therefor - Google Patents. Systems and methods for managing information relating to medical fluids and containers therefor. Download PDF Info
     Url https://patents.google.com/patent/US20070225672A1/en


     Search term "Factory"+"Medical"+"Regulated+Environment"
     Title Anti-tumor effects of paeonol in a HepA-hepatoma bearing mouse model via induction of tumor cell apoptosis and stimulation of IL-2 and TNF-α production
     Author ['GP Sun', 'H Wang', 'SP Xu', 'YX Shen', 'Q Wu']
     Venue European journal of …
     Year 2008
     Abstract Paeonol was purchased from Tianshi Pharmaceutical Factory of Tongling (Cat  week-old healthy Kunming mice were purchased from the Department of Animal Sciences, Anhui Medical University and  h dark cycle from 6:00 AM to 18:00 PM under a regulated environment (20 ±1
     Url https://www.sciencedirect.com/science/article/pii/S0014299908001635


     Search term "Factory"+"Medical"+"Regulated+Environment"
     Title Medical Electronics Design, Manufacturing, and Reliability
     Author ['M Porter', 'R Erich', 'M Ricotta']
     Venue Materials for Advanced Packaging
     Year 2017
     Abstract background on medical electronics, share an overview of working in a regulated environment, examine key  Although implantable medical electronics are currently exempt from the Pb-free RoHS and  at that point the device is in continuous operation using factory default settings
     Url https://link.springer.com/chapter/10.1007/978-3-319-45098-8_18

