Showing papers for search query "Factory"+"Regulated+Environment"

     Search term "Factory"+"Regulated+Environment"
     Title Environmental audit of sugar factory: a case study of Kumbhi Kasari sugar factory, Kuditre, Kolhapur
     Author ['TB Rao', 'SG Chonde', 'PR Bhosale', 'AS Jadhav']
     Venue Univers J Environ Res …
     Year 2011
     Abstract Therefore conducting 'Environmental Audit' in a sugar factory is no longer an option but a sound precaution and a proactive measure in today's heavily regulated environment. Careful and watchful audit offer prospects for improvement, perfection and achievement of goals
     Url http://citeseerx.ist.psu.edu/viewdoc/download?doi=10.1.1.206.5166&rep=rep1&type=pdf


     Search term "Factory"+"Regulated+Environment"
     Title Prevalence of hearing loss and accuracy of self-report among factory workers
     Author ['MC McCullagh', 'D Raymond', 'MJ Kerr']
     Venue Noise and …
     Year 2011
     Abstract The prevalence of hearing loss among noise-exposed factory workers was 42% (where hearing loss was defined as >25 dB loss at  Although this group of workers was employed in a regulated environment and served by a hearing conservation program, hearing loss was highly
     Url http://www.noiseandhealth.org/article.asp?issn=1463-1741;year=2011;volume=13;issue=54;spage=340;epage=347;aulast=McCullagh


     Search term "Factory"+"Regulated+Environment"
     Title The Ideal ChromaTography daTa SySTem for a regulaTed laboraTory, parT I: The ComplIanT analyTICal proCeSS
     Author ['RD McDowall', 'C Burgess']
     Venue … Ideal ChromaTography daTa SySTem for a …
     Year 2015
     Abstract MS systems have CDS applications that have come from a research environment into the regulated environment, and these  The “Analytical Factory” The analytical procedure resides within a controlled quality managed laboratory environment: the “analytical factory,” which is
     Url https://www.agilent.com/cs/promotions/misc/The-ideal-chromatography-data-system-for-a-regulated-laboratory.pdf#page=3


     Search term "Factory"+"Regulated+Environment"
     Title The sustainability of the water industry in a regulated environment
     Author ['D Legge']
     Venue Journal of environmental law
     Year 2000
     Abstract THE WATER INDUSTRY IN A REGULATED ENVIRONMENT  The programme to improve unsatis- factory sewer outflows, which deposit unhygienic and distasteful solids on river banks and beaches during rainstorms, should also be accelerated.47 Many of these concerns will
     Url https://academic.oup.com/jel/article-abstract/12/1/3/438287


     Search term "Factory"+"Regulated+Environment"
     Title Security impacts of sub-optimal DevSecOps implementations in a highly regulated environment
     Author ['JA Morales', 'TP Scanlon', 'A Volkmann']
     Venue Proceedings of the 15th …
     Year 2020
     Abstract factory, system security, software security ACM Reference format: Jose Andre Morales, Thomas P. Scanlon, Aaron M. Volkmann, Joseph D. Yankel and Hasan Yasar. 2020. Security Impacts of Sub-Optimal DevSecOps Implementations in a Highly Regulated Environment
     Url https://dl.acm.org/doi/abs/10.1145/3407023.3409186


     Search term "Factory"+"Regulated+Environment"
     Title Under pressure: visioning in a regulated environment
     Author ['M Meadows', "F O'Brien"]
     Venue Systemic Practice and Action Research
     Year 2006
     Abstract that management should adopt (Parker 2003); management will need to learn over time about the best strategies to adopt in a regulated environment. Hosein (1999) argues that in the utility industry there are six core competencies (which he labels as Factory, Back Office
     Url https://link.springer.com/content/pdf/10.1007/s11213-006-9042-4.pdf


     Search term "Factory"+"Regulated+Environment"
     Title Pollution monitoring sensor for a Micro-Factory
     Author ['M Král', 'R Clavel']
     Venue 2011 IEEE International Symposium on …
     Year 2011
     Abstract The well-regulated environment allows the testing of components subjected to different conditions – high pressure, low pressure up to vacuum, humidity, acceleration, jerk, shock, radiation. The micro factory concept is feasible for both – mass production and single product
     Url https://ieeexplore.ieee.org/abstract/document/5942359/


     Search term "Factory"+"Regulated+Environment"
     Title Implementation of new technology in a regulated environment
     Author ['RA Garber']
     Venue NA
     Year 2004
     Abstract Implementation of New Technology in a Regulated Environment By Robert A. Garber Submitted to the Department of Chemical Engineering and the Sloan School  Therefore, it is conceivable that the FDA may audit a factory less often and with greater focus on key process points
     Url https://dspace.mit.edu/handle/1721.1/34740


     Search term "Factory"+"Regulated+Environment"
     Title The Ideal Chromatography Data System for a Regulated Laboratory, Part I: The Compliant Analytical Process
     Author ['RDMDC Burgess']
     Venue NA
     Year 2015
     Abstract Many chromatography-MS systems have CDS applications that have come from a research environment into the regulated environment, and these data systems are ill-prepared for use in a regulated laboratory because they have system architectures  The “Analytical Factory”
     Url http://www.chromatographyonline.com/ideal-chromatography-data-system-regulated-laboratory-part-i-compliant-analytical-process


     Search term "Factory"+"Regulated+Environment"
     Title Environment‐strategy relationship and its performance implications: An empirical study of the Chinese electronics industry
     Author ['J Justin Tan', 'RJ Litsschert']
     Venue Strategic management journal
     Year 1994
     Abstract Strategy and the regulated environment The strategic choice perspective proposes that strategy, structure and process must fit environ- mental circumstances and that these conditions Page 3. Strategy in Transition Economy 3
     Url https://onlinelibrary.wiley.com/doi/abs/10.1002/smj.4250150102


     Search term "Factory"+"Regulated+Environment"
     Title The Challenge of Lean in a Highly Regulated Environment.
     Author ['KG McCaughey']
     Venue NA
     Year 2012
     Abstract Accomplishments Page 15. Highly Regulated Environment Unique Challenges • Low volume manufacturing with high  Facility (layout and equipment) Challenges: • Factory laid out as technology centers • Generalized equipment purchased as a result of changing requirements
     Url https://www.osti.gov/servlets/purl/1141423


     Search term "Factory"+"Regulated+Environment"
     Title The Ideal Chromatography Data System for a Regulated Laboratory, Part II: System Architecture Requirements
     Author ['RDMDC Burgess']
     Venue NA
     Year 2015
     Abstract of this series, the key system architecture requirements for a chromatography data system (CDS) in a regulated environment are discussed. In the first article in this series (1), we looked at the role of the laboratory and discussed the concept of the analytical factory together with
     Url http://www.chromatographyonline.com/ideal-chromatography-data-system-regulated-laboratory-part-ii-system-architecture-requirements


     Search term "Factory"+"Regulated+Environment"
     Title Basic Laboratory Methods in a Regulated Environment
     Author ['F KELSEY', 'RTOP REGULATIONS']
     Venue NA
     Year NA
     Abstract 21 Basic Laboratory Methods in a Regulated Environment CLASSROOM ACTIVITY: QUALITY CONTROL IN THE M&M FACTORY Submitted by Madison Area Technical College Contact Person: Lisa Seidman, Lseidman@matcmadison.edu Page 22. Bio-Link Courses-in-a-Box
     Url https://www.bio-link.org/home2/sites/files/all_activities_in_one_file.pdf


     Search term "Factory"+"Regulated+Environment"
     Title Organizational responses to urban migration in Ho Chi Minh City: adapting to the challenges of a highly regulated environment
     Author ['DT Simon']
     Venue NA
     Year 2011
     Abstract IN HO CHI MINH CITY: ADAPTING TO THE CHALLENGES OF A HIGHLY REGULATED ENVIRONMENT By Daniel Tien Simon  IN HO CHI MINH CITY: ADAPTING TO THE CHALLENGES OF A HIGHLY REGULATED ENVIRONMENT By Daniel Tien Simon
     Url https://dspace.mit.edu/handle/1721.1/67238


     Search term "Factory"+"Regulated+Environment"
     Title Leverage from factory acceptance test, site acceptance test, and commissioning into qualifications using a filler of a packaging line as a model in the pharmaceutical …
     Author ['MC Donato']
     Venue NA
     Year 2010
     Abstract Page 1. LEVERAGE FROM FACTORY ACCEPTANCE TEST, SITE ACCEPTANCE TEST, AND COMMISSIONING INTO QUALIFICATIONS USING A FILLER OF A  Page 3. ii ABSTRACT LEVERAGE FROM FACTORY ACCEPTANCE TEST, SITE ACCEPTANCE
     Url http://search.proquest.com/openview/7426d46ac88014034673db6650e7ca14/1?pq-origsite=gscholar&cbl=18750&diss=y


     Search term "Factory"+"Regulated+Environment"
     Title The Lived Experience of Smokers Working in Smoking Regulated Environments
     Author ['SL Konen']
     Venue NA
     Year 2010
     Abstract involving three types of worksites including: factory, medical facility, and restaurant. Ten individuals, 18 years of age or older, who smoked, on average, a minimum of 10 cigarettes a day, and worked at least 8 hours per day in a smoking regulated environment were included in
     Url https://minds.wisconsin.edu/handle/1793/47120


     Search term "Factory"+"Regulated+Environment"
     Title The Ideal Chromatography Data System for a Regulated Laboratory, Part IV: Assuring Regulatory Compliance
     Author ['RDMDC Burgess']
     Venue NA
     Year 2016
     Abstract Summary. In this four-part series we have positioned a CDS or similar informatics solution in terms of a regulated environment. The business process that a CDS automates is envisioned as an analytical factory with controlled and uncontrolled factors
     Url http://www.chromatographyonline.com/ideal-chromatography-data-system-regulated-laboratory-part-iv-assuring-regulatory-compliance


     Search term "Factory"+"Regulated+Environment"
     Title Triadic relationship between customers, service providers and government in a highly regulated industry
     Author ['S Quach', 'P Thaichon', 'C Hewege']
     Venue Journal of Retailing and Consumer …
     Year 2020
     Abstract This study investigates the triadic interplay among the government, service providers and customers in a highly regulated environment in a centrally planned economy influenced by communist political ideology. In order
     Url https://www.sciencedirect.com/science/article/pii/S0969698919311725


     Search term "Factory"+"Regulated+Environment"
     Title Metaphors as a reflection of middle school students' perceptions of school: A cross-cultural analysis
     Author ['CE Demir']
     Venue Educational Research and Evaluation
     Year 2007
     Abstract He concluded that the three most selected metaphors representing past elementary school experiences were school as factory, hospital, and  in general and their own school in particular as a wild, crowded, chaotic, boring, painful, controlled, and regulated environment in which
     Url https://www.tandfonline.com/doi/abs/10.1080/13803610701204099


     Search term "Factory"+"Regulated+Environment"
     Title Managerial accounting in France Overview of past tradition and current practice
     Author ['M Lebas']
     Venue European accounting review
     Year 1994
     Abstract It is interesting to note that the regulated environment culture is so strong in France that the new terminology has not been adopted either by practitioners or even by most academics. Characteristics of costs  office. branch. factory, workshop. machine. etc. FIELD OF
     Url https://www.tandfonline.com/doi/abs/10.1080/09638189400000032


     Search term "Factory"+"Regulated+Environment"
     Title Commercial considerations in tissue engineering
     Author ['J Mansbridge']
     Venue Journal of anatomy
     Year 2006
     Abstract Bioreactor design takes place in a highly regulated environment, so factors to be incorporated into the concept include not only tissue culture considerations but also matters related to asepsis, scaleup, automation and ease of  Dermal replacement, later as a cytokine factory, etc
     Url https://onlinelibrary.wiley.com/doi/abs/10.1111/j.1469-7580.2006.00631.x


     Search term "Factory"+"Regulated+Environment"
     Title New approach to corrections for thermal transpiration effects in capacitance diaphragm gauges
     Author ['J Setina']
     Venue Metrologia
     Year 1999
     Abstract Enclosing the sensor capsule in a temperature-regulated environment can minimize the inherent susceptibility of capacitance diaphragm gauges to  They were heated by dedicated commercial controllers to the factory-preset regulated temperature, which the manufacturer
     Url https://iopscience.iop.org/article/10.1088/0026-1394/36/6/27/meta


     Search term "Factory"+"Regulated+Environment"
     Title A compliance office for heavily regulated enterprises—a best practice approach to meeting US FDA requirements
     Author ['JK Himmelreich']
     Venue BT technology journal
     Year 2007
     Abstract Factory inspections were authorised at this time in an effort to minimise the very real problems of 'wonder drugs' that were frequently  that end, the BT Compliance Office is executing a plan designed to enable BT to support its pharmaceutical clients in this regulated environment
     Url https://link.springer.com/content/pdf/10.1007/s10550-007-0007-7.pdf


     Search term "Factory"+"Regulated+Environment"
     Title Accounting for regulated operations: FASB Statement no. 71
     Author ['KJ Mory']
     Venue Journal of Accountancy (pre-1986)
     Year 1984
     Abstract stan- dard also requires the expectation that prices can be supported substantially by the market and that the regulated environment and result  effects of rapid changes in the envi- ronment on certain regulated enterprises may make application of the statement less satis- factory
     Url http://search.proquest.com/openview/a0299447fdad7ab89122d47413cb80ec/1.pdf?pq-origsite=gscholar&cbl=41064


     Search term "Factory"+"Regulated+Environment"
     Title Strategic planning in a regulated trade bloc: The pharmaceutical industry in the European union
     Author ['P Chaudhry', 'P Dacin']
     Venue European Management Journal
     Year 1997
     Abstract Since the firm cannot withdraw from the regulated environment, managers should place a premium on the development and maintenance of good  But the reality remains that even with a single ex-factory price in Europe, divergent national price rules, distribution costs, and tax
     Url https://www.sciencedirect.com/science/article/pii/S0263237397000522


     Search term "Factory"+"Regulated+Environment"
     Title Knowledge Intermediation in Regulated Electronic Commerce Environments. The Case Study of NETMA (Nato Eurofighter and Tornado Management Agency)
     Author ['E Bolisani', 'R Ruaro']
     Venue The 7th European Conference on …
     Year 2006
     Abstract The case study highlights that even in a highly regulated environment the role of knowledge intermediary between trading parties is essential and  Upton, DM and McAfee, A.(1999)“The Real Virtual Factory”, in Tapscott D.(ed.) Creating value in the Network Economy, Boston
     Url https://www.researchgate.net/profile/Maria_Do_Rosario_Cabrita/publication/277575795_Managerial_Perceptions_of_Linking_Intellectual_Capital_and_Strategy/links/556d996808aeab7772238431.pdf#page=86


     Search term "Factory"+"Regulated+Environment"
     Title Transferring a lean production concept from Germany to the United States: The impact of labor laws and training systems
     Author ['D Friel']
     Venue Academy of Management Perspectives
     Year 2005
     Abstract It finds that the heavily regulated environment in Germany proved conducive to the success of this program there, while the liberal environment in the United  The trip to the German facility occurred in the summer of 1996 while the trip to the US factory took place in the spring of
     Url https://journals.aom.org/doi/abs/10.5465/ame.2005.16962752


     Search term "Factory"+"Regulated+Environment"
     Title The bases for executive action: A multiple case study of leadership in the highly regulated long-term health care industry
     Author ['DB Crawford']
     Venue NA
     Year 2005
     Abstract Page 1. The Bases for Executive Action: A Multiple Case Study of Leadership in the Highly Regulated Long-Term Health Care Industry Submitted to Regent University School of Leadership Studies In partial fulfillment of the requirements for the degree of
     Url http://search.proquest.com/openview/92aeb93cc49277d262c77cbcf442a67b/1?pq-origsite=gscholar&cbl=18750&diss=y


     Search term "Factory"+"Regulated+Environment"
     Title Pre‐commitment to an Exclusive Contract under Partial Regulation
     Author ['K Mizuno']
     Venue International Journal of the Economics of Business
     Year 2005
     Abstract Abstract. This article examines the welfare implications of an incumbent's pre‐commitment to an exclusive contract in a partially regulated environment  Further, some private firms in industries other than public utilities operate in a partially regulated environment
     Url https://www.tandfonline.com/doi/abs/10.1080/13571510500127667


     Search term "Factory"+"Regulated+Environment"
     Title Place in profile: USA
     Author ['J Hunt']
     Venue Australian Canegrower
     Year 2011
     Abstract Page 1. 9 Australian Canegrower 31 October 2011 Industry news By Jasmine Hunt The US sugar sector operates in a highly regulated environment  LMC International reports that since 1993/94, there have been 21 cane mill closures and 12 beet factory closures in the US
     Url https://search.informit.com.au/fullText;dn=809728326925822;res=IELAPA


     Search term "Factory"+"Regulated+Environment"
     Title European Conference, November 13–15, 2006, by
     Author ['W De Bruyn', 'B Van Vreckem']
     Venue THE WBF BOOK SERIES--ISA 88 …
     Year 2011
     Abstract factory (Germany), savings of more than 50% have been made in the validation of a green field production plant by using standard MES components. Also, the modeling phase standardization resulted in lower setup costs. MES ROLL-OUT IN A REGULATED ENVIRONMENT
     Url https://books.google.com/books?hl=sv&lr=&id=SyBsubOC3iwC&oi=fnd&pg=PA173&dq=%22Factory%22+%22Regulated+Environment%22&ots=ArWmC6XjLg&sig=zohqFpx06YjG677I3yLE4HklgCk


     Search term "Factory"+"Regulated+Environment"
     Title Implementation of Software Tools for Paperless Processes Oriented in Lean Manufacturing Applied Specifically in the Biotechnology Industry
     Author ['M Fernández Rentas']
     Venue Manufacturing Competitiveness;
     Year 2019
     Abstract Key Terms ⎯ GDP (Good Documentation Practices), GMP (Good Manufacturing Practices), FDA (Regulated Environment), Lean Manufacturing  Unlike paper-based systems, a paperless floor helps manufacturers take training directly to the factory floor where it's needed the most
     Url http://prcrepository.org/xmlui/bitstream/handle/20.500.12475/309/SP-19_Articulo%20Final_Maribert%20Fernandez.pdf?sequence=1&isAllowed=y


     Search term "Factory"+"Regulated+Environment"
     Title How to implement radical strategies in large organizations
     Author ['Y Allaire', 'M Firsirotu']
     Venue Sloan Management Review (pre-1986)
     Year 1985
     Abstract Below is a list of organiza- tions that either have reoriented or are in the process of reorienting their operations. – General Electric's shift from tradition- al electric products to high technology (computer services, factory automation); – Sears, Roebuck and Anerican Express's
     Url http://search.proquest.com/openview/ef7772c99fad6b95123780b76130f691/1?pq-origsite=gscholar&cbl=35193


     Search term "Factory"+"Regulated+Environment"
     Title Risk management in banks
     Author ['RS Raghavan']
     Venue CHARTERED ACCOUNTANT-NEW DELHI-
     Year 2003
     Abstract Credit Audit is conducted on site, ie at the branch that has appraised the advance and where the main opera- tive limits are made available. However, it is not required to visit borrowers factory/office premises  However, it is not required to risk borrowers' factory/office premises
     Url http://www.academia.edu/download/33368647/risk_magt.pdf


     Search term "Factory"+"Regulated+Environment"
     Title Satellite test and operation procedures cost reduction through standardization
     Author ['SJ Cater', 'D Quigley']
     Venue 2006 IEEE Aerospace Conference
     Year 2006
     Abstract This paper will also discuss the advantages of a standards- based approach in a highly regulated environment, such as that imposed by the  and sustainment of satellite procedures [1]. This model identified the cost of procedure development in the factory as approximately $2
     Url https://ieeexplore.ieee.org/abstract/document/1656142/


     Search term "Factory"+"Regulated+Environment"
     Title Integrated Reliability Evaluation Method Based on Multiple Test Information
     Author ['X WANG', 'X XU', 'L WANG']
     Venue Equipment Environmental Engineering
     Year 2013
     Abstract was used to calculate the environment converting factor for diffident environmental tests.Test information of regulated environment was obtained  Computer and Information Science,Harbin Engineering University,Harbin 150001,China;2.Harbin Steel-tube Factory,Harbin 150070
     Url http://en.cnki.com.cn/Article_en/CJFDTotal-JSCX201304008.htm


     Search term "Factory"+"Regulated+Environment"
     Title Neo-republicanism, ecologism, and the goals of the State
     Author ['F Marulanda']
     Venue NA
     Year 2009
     Abstract [Not Found]
     Url [Not Found]


     Search term "Factory"+"Regulated+Environment"
     Title Understanding electric utilities and de-regulation
     Author ['HL Willis', 'L Philipson']
     Venue NA
     Year 2018
     Abstract Page 1. Understanding Electric Utilities and De-Regulation Second Edition Lorrin Philipson H. Lee Willis Taylor & Francis Taylor & Francis Group Page 2. Understanding Electric Utilities and De-Regulation Second Edition Page 3. 10. 11. 12. 13. 14
     Url https://books.google.com/books?hl=sv&lr=&id=UreeXX7y7QEC&oi=fnd&pg=PP1&dq=%22Factory%22+%22Regulated+Environment%22&ots=e9Nu3A-0yq&sig=bUG6-UFEjUxP_ORb4U4ujzNsUpc


     Search term "Factory"+"Regulated+Environment"
     Title Building an intelligent laboratory environment via a cyber-physical system
     Author ['CU Lei', 'KL Man', 'HN Liang', 'EG Lim']
     Venue International Journal of …
     Year 2013
     Abstract Activities in laboratories, workshops, and offices can be significantly affected by their ambiance and environmental conditions, such as lighting, humidity, and temperature. This research focuses o...
     Url https://journals.sagepub.com/doi/abs/10.1155/2013/109014


     Search term "Factory"+"Regulated+Environment"
     Title Does deregulation in community pharmacy impact accessibility of medicines, quality of pharmacy services and costs? Evidence from nine European countries
     Author ['S Vogler', 'K Habimana', 'D Arts']
     Venue Health policy
     Year 2014
     Abstract JavaScript is disabled on your browser. Please enable JavaScript to use all the features on this page. Skip to main content Skip to article
     Url https://www.sciencedirect.com/science/article/pii/S0168851014001377


     Search term "Factory"+"Regulated+Environment"
     Title System and method for monitoring and controlling energy usage
     Author ['EJ Bartone', 'EL Mendenhall Jr', 'JH McClutchy Jr']
     Venue US Patent …
     Year 2003
     Abstract end-use energy management purposes. For individual end users, the price of energy (generation component) in a regulated environment remained relatively consistent over the course of a day or month. This was due to the
     Url https://patents.google.com/patent/US6633823B2/en


     Search term "Factory"+"Regulated+Environment"
     Title Organizational features of Chinese industrial enterprise: Paradoxes of stability in times of change
     Author ['JR Schermerhorn Jr']
     Venue Academy of Management Perspectives
     Year 1987
     Abstract Like any state-owned firm, it operates in a highly regulated environment that includes substantial external control from the governing ministry. The economic purpose of the factory, and the basis for its accountability to the supervising ministry, is to produce commodities for the
     Url https://journals.aom.org/doi/full/10.5465/ame.1987.4275664


     Search term "Factory"+"Regulated+Environment"
     Title After the Meter: Energy Products Liability in a Deregulated Environment
     Author ['AL Rutz']
     Venue Cap. UL Rev.
     Year 1997
     Abstract Courts have begun to evaluate the effects of deregulation, and are in the process of reallocating burdens, duties, and in some cases, risks." However, even in a more regulated environment, courts did not articulate a uniform approach to energy products liability.' 2 One aspect of
     Url https://heinonline.org/hol-cgi-bin/get_pdf.cgi?handle=hein.journals/capulr26&section=25


     Search term "Factory"+"Regulated+Environment"
     Title The asset health review for managing reliability risks associated with ongoing use of ageing system power transformers
     Author ['JA Lapworth', 'A Wilson']
     Venue 2008 International Conference on …
     Year 2008
     Abstract -One of the most important roles for a utility operating in a de-regulated environment is to focus on effective risk management  failure at a power station, 9 other generator transformer bushings were tested, 7 of which had power factors identical to the factory test value of
     Url https://ieeexplore.ieee.org/abstract/document/4580360/


     Search term "Factory"+"Regulated+Environment"
     Title Off-site Modular Construction as a Method of Improving Construction Quality and Safety
     Author ['CO Egege']
     Venue NA
     Year 2018
     Abstract PMC structures are produced at a safe and well secured regulated environment and can typically be built using timber, steel framing (mostly light-gauge) and in some cases concrete whereby the structure is 60% to 90% finished at the factory before it is transported and
     Url http://www.ijscer.com/uploadfile/2018/0807/20180807112708620.pdf


     Search term "Factory"+"Regulated+Environment"
     Title Testing implantable medical devices: minimal analog access ports make testing today's complex digital implantable medical devices a unique challenge
     Author ['JM Cortner']
     Venue EE-Evaluation Engineering
     Year 2004
     Abstract FDA and ISO 13485 test requirements aren't the same as military standards, but a highly regulated environment creates a certain overhead of process  In Figure 2, the typical waveform contains a noise content introduced by fixture wiring, the factory environment, or the PG itself
     Url https://go.gale.com/ps/i.do?id=GALE%7CA118330663&sid=googleScholar&v=2.1&it=r&linkaccess=abs&issn=01490370&p=AONE&sw=w


     Search term "Factory"+"Regulated+Environment"
     Title Workplace human rights reporting: a study of Australian garment and retail companies
     Author ['M Azizul Islam', 'A Jain']
     Venue Australian accounting review
     Year 2013
     Abstract Australia is one of the many OECD countries not to have a well regulated environment for workplace human rights  Therefore, it remains 'lawful for a corporation in Australia to outsource work to a foreign factory, even if the Australian corporation knows that the work will be
     Url https://onlinelibrary.wiley.com/doi/abs/10.1111/auar.12009


     Search term "Factory"+"Regulated+Environment"
     Title Profitability of incremental generic promotion of Australian dairy products
     Author ['DJ Hill', 'RR Piggott', 'GR Griffith']
     Venue Agricultural Economics
     Year 2001
     Abstract Economic relationships in the dairy industry, includ- ing those between promotion and price and quantity impacts, measured in the past regulated environment, are unlikely  for, and sup- ply of raw milk, fruit juice, and margarine at the farm level, and soft drinks at the 'factory door'
     Url https://onlinelibrary.wiley.com/doi/abs/10.1111/j.1574-0862.2001.tb00068.x


     Search term "Factory"+"Regulated+Environment"
     Title Pharmacy Reimbursement I–Overview European Systems
     Author ['P Schneider']
     Venue NA
     Year 2018
     Abstract » WHO/HAI taxonomy » MWPP Taxonomy » Ex-factory price (manufacturer price, ex-manufacturer price, manufacturer's selling price)  component which affects the affordability of medicines » In a regulated environment, pharmaceutical distribution has to strike the balance
     Url https://jasmin.goeg.at/667/1/13%20-%20NCAPR_Meeting_Reimbursment_20180926%20pptx.pdf


     Search term "Factory"+"Regulated+Environment"
     Title System and method for monitoring a controlled environment
     Author ['MR Williams', 'MA Crusi']
     Venue US Patent 6,691,070
     Year 2004
     Abstract invention relates, in general, to a system and method for monitoring a controlled environment and, more particularly, to a system and method of communicating information between a user and a computer system for monitoring a controlled or regulated environment, where the
     Url https://patents.google.com/patent/US6691070B1/en

