Showing papers for search query "Factory"+"Regulated+Domain"+"Regulated+Environment"

     Search term "Factory"+"Regulated+Domain"+"Regulated+Environment"
     Title Adoption of agile methods in automotive software development
     Author ['K Berger']
     Venue NA
     Year 2020
     Abstract reduce the software release cycle time. Nevertheless, the automotive domain is characterized as a strictly regulated environment, which limits the usage of agile software development methods. This study explores how automotive
     Url http://essay.utwente.nl/81865/


     Search term "Factory"+"Regulated+Domain"+"Regulated+Environment"
     Title From Concept to Patient
     Author ['C Clément']
     Venue Brain-Computer Interface Technologies
     Year 2019
     Abstract Processes, clean room assembly, engineering support, quality controls, scraps, reworks, testing, sterilization, factory costs, and energy are usually more expensive, per  2.2.1 Regulated Environment  Another under-regulated domain is wireless communication with implants
     Url https://link.springer.com/chapter/10.1007/978-3-030-27852-6_2


     Search term "Factory"+"Regulated+Domain"+"Regulated+Environment"
     Title PLAY IN DIGITAL MEDIA ART
     Author ['LJ Wilson']
     Venue NA
     Year NA
     Abstract Page 1. PLAY IN DIGITAL MEDIA ART INTERACTION / INTERFACES / SUBVERSION Laetitia J. Wilson, BA (Hons) Dissertation Submitted for the Degree of Doctor of Philosophy at the University of Western Australia The Faculty of Architecture, Landscape and Visual Arts 2010
     Url https://research-repository.uwa.edu.au/files/3228859/Wilson_Laetitia_J_2010.pdf


     Search term "Factory"+"Regulated+Domain"+"Regulated+Environment"
     Title Brain-Computer Interface Technologies
     Author ['C Clément']
     Venue NA
     Year 2019
     Abstract field of pacemakers, and for various highly innovative start-ups. Starting 1996, he put in place and ramped up the highly automated factory of Medtronic in Lake Geneva area. This plant is the world's largest site for the assembly
     Url https://link.springer.com/content/pdf/10.1007/978-3-030-27852-6.pdf


     Search term "Factory"+"Regulated+Domain"+"Regulated+Environment"
     Title My home your workplace: the impact of health and safety regulation on care homes for older adults
     Author ['T Kelly']
     Venue NA
     Year 2010
     Abstract management of risk in care homes for older adults? 4. Are current processes of risk assessment and management appropriate? 5. To what extent are 'homely values' allowed to flourish in the regulated domain of the care home
     Url http://irep.ntu.ac.uk/id/eprint/332/

