Showing papers for search query "Factory"+"Hardware+simulation"+"PLC"+OR+"FPGA"

     Search term "Factory"+"Hardware+simulation"+"PLC"+OR+"FPGA"
     Title A Study on FPGA-based Design of Combining MATLAB with QuartsⅡ [J]
     Author ['B YUAN', 'W SONG', 'S WU']
     Venue Electronic Engineer
     Year 2007
     Abstract the method.Its feasibility and correctness are proved by both software simulation and hardware simulation  China);Design and implementation of 16 order FIR filter based on FPGA[J];Journal  2.Jinggangshan Cigarette Factory,China Tobacco Co.,LTD,Ji'an 343100,Jiangxi,China
     Url http://en.cnki.com.cn/Article_en/CJFDTotal-DZGS200701002.htm


     Search term "Factory"+"Hardware+simulation"+"PLC"+OR+"FPGA"
     Title Virtual Simulation System with Various Examples and Analysis Tools for Programmable Logic Controller Training
     Author ['M Aria', 'J Utama', 'F Fauzia', 'M Rizal']
     Venue IOP Conference …
     Year 2020
     Abstract The third factory model is a multi elevator control system  In general, there are two categories of learning media for PLC, the first is based on hardware simulation and the second is based on computer software simulation
     Url https://iopscience.iop.org/article/10.1088/1757-899X/879/1/012108/meta


     Search term "Factory"+"Hardware+simulation"+"PLC"+OR+"FPGA"
     Title FPGA implementation of closed-loop control system for small-scale robot
     Author ['W Zhao', 'BH Kim', 'AC Larson']
     Venue ICAR'05. Proceedings …
     Year 2005
     Abstract Page 1. FPGA Implementation of Closed-Loop Control  This project investigates an FPGA-based PID motion control system for small, self-adaptive systems. For one channel control, parallel and serial architectures for the PID control algorithm are designed and implemented
     Url https://ieeexplore.ieee.org/abstract/document/1507393/


     Search term "Factory"+"Hardware+simulation"+"PLC"+OR+"FPGA"
     Title FPGA Based Architecture for the Data Acquisition Electronics of the Clear-PEM System
     Author ['J Varela', 'P Bento', 'C Leong', 'IC Teixeira']
     Venue Proc. Int. Workshop on …
     Year 2005
     Abstract Results of simulation are compared with VHDL hardware simulation results in order to validate hardware  to produce realistic datasets that will be used to study the FPGA design, assess the  in phantoms representative of the upper torso and breast (Phantom Factory module), as
     Url http://www.academia.edu/download/30666024/ARC2005.pdf#page=141


     Search term "Factory"+"Hardware+simulation"+"PLC"+OR+"FPGA"
     Title … , simulation and implementation of a non-coherent binary-frequency-shift-keying (BFSK) receiver-transmitter into a field programmable gate array (FPGA)
     Author ['JP Svenningsen']
     Venue NA
     Year 2005
     Abstract [Not Found]
     Url [Not Found]


     Search term "Factory"+"Hardware+simulation"+"PLC"+OR+"FPGA"
     Title Embedded simulation for automation of material manipulators in a PVD coating process
     Author ['G Rath', 'JM Lackner']
     Venue Proceedings of the 2012 …
     Year 2012
     Abstract system. With the real-time simulation on the dedicated PLC hardware including the HMI, a factory acceptance test (FAT) was performed. The most important benefit found during the project was a fast start-up of the machine
     Url https://ieeexplore.ieee.org/abstract/document/6465050/


     Search term "Factory"+"Hardware+simulation"+"PLC"+OR+"FPGA"
     Title Hardware implementation and validation of a traffic road sign detection and identification system
     Author ['R Hmida', 'AB Abdelali', 'A Mtibaa']
     Venue Journal of Real-Time Image Processing
     Year 2018
     Abstract It allows software and hardware simulation simultaneously with the same design formed by XSG blocks connected in cascade. It can perform one of the Simulink model subsystems on an FPGA board at a much more important sampling rate than the rest of the model [31]
     Url https://link.springer.com/article/10.1007/s11554-016-0579-x


     Search term "Factory"+"Hardware+simulation"+"PLC"+OR+"FPGA"
     Title Implementation of Hodgkin-Huxley Spiking Neuron Model Using FPGA
     Author ['Z Yi', 'W Fu', 'L Cao']
     Venue 2019 IEEE 19th International Conference on …
     Year 2019
     Abstract When it comes to talking about hardware simulation platform, SpiNNaker (Spiking Neural Network Architecture) is a  FPGA IMPLEMENTATION High level synthsis (HLS) is a recent technique for utilizing  by multiple hardware processing units, similar to the pipeline in the factory
     Url https://ieeexplore.ieee.org/abstract/document/8947169/


     Search term "Factory"+"Hardware+simulation"+"PLC"+OR+"FPGA"
     Title Development of intelligent traffic control system based on internet of things and fpga technology in proteus
     Author ['H Ou', 'Y Wang', 'J Zhang']
     Venue International Conference on Education …
     Year 2016
     Abstract FPGA/CPLD chip in the factory have done one hundred percent of the test, do not need  traffic signal controller, and the design of traffic light control system based on PLC is realized  Due to the use of Wave6000, and it is with a strong software simulation and hardware simulation
     Url https://www.atlantis-press.com/proceedings/emcs-16/25848633


     Search term "Factory"+"Hardware+simulation"+"PLC"+OR+"FPGA"
     Title Interfacing issues in real-time digital simulators
     Author ['W Ren', 'M Sloderbeck', 'M Steurer']
     Venue … on Power Delivery
     Year 2010
     Abstract existing tech- nology to build high-power amplification apparatus with satis- factory precision  mature where several feasible solutions have been proposed especially with FPGA technology which is  [3] GG Parma and V. Dinavahi, “Real-time digital hardware simulation of power
     Url https://ieeexplore.ieee.org/abstract/document/5628278/


     Search term "Factory"+"Hardware+simulation"+"PLC"+OR+"FPGA"
     Title VHF DDS Based on FPGA [J]
     Author ['LIMZ Feng-xian']
     Venue Microcomputer Information
     Year 2011
     Abstract Results of hardware simulation is obtained by SignalTapⅡ  University of Technology,Beijing 100022)Zhang Yanhua;Application of NCO and realization in FPGA[J];;2006-35  2.Jinggangshan Cigarette Factory,China Tobacco Co.,LTD,Ji'an 343100,Jiangxi,China);Function signal
     Url http://en.cnki.com.cn/Article_en/CJFDTotal-WJSJ201102008.htm


     Search term "Factory"+"Hardware+simulation"+"PLC"+OR+"FPGA"
     Title FPGA Implementation of Digital Down Converter in GSM-R Repeater
     Author ['W Mei']
     Venue Communications Technology
     Year 2011
     Abstract is implemented in FPGA chip Virtex-4 XC4VSX35.The hardware simulation and verification  China);Design of Cascade Integrator Comb Filter Based on FPGA[J];Computer  of Science And Technology,Mianyang Sichuan 621010,China;②No.3408 factory,Aerospace 061base
     Url http://en.cnki.com.cn/Article_en/CJFDTotal-TXJS201110033.htm


     Search term "Factory"+"Hardware+simulation"+"PLC"+OR+"FPGA"
     Title MATLAB ANALYTICAL METHOD FOR VHDL HARDWARE SIMULATION RESULT [J]
     Author ['W Min']
     Venue Computer Applications and Software
     Year 2003
     Abstract MATLAB ANALYTICAL METHOD FOR VHDL HARDWARE SIMULATION RESULT. Wei Min (Institute of Beijing Railway Signal Factory, Beijing?102600). It has been a popular  2.University of Science and Technology Beijing,Beijing 100083,China);Application of FPGA in Control
     Url http://en.cnki.com.cn/Article_en/CJFDTotal-JYRJ200308009.htm


     Search term "Factory"+"Hardware+simulation"+"PLC"+OR+"FPGA"
     Title Hardware Implementation of a Generic Fuzzy-ROM Controller
     Author ['MA Sameh', 'K Ayman']
     Venue Proceedings of the 2002 WSEAS International …
     Year 2002
     Abstract and simulation, and uses Mentor Graphics products like FPGA-Advantage, ModelSim, and Leonardo for hardware simulation and synthesis  ROM to be 256*256 but we were faced with the problem that FPGA-Advantages could  Factory Automation, New York: Marcel Dekker, Inc
     Url http://www.wseas.us/e-library/conferences/spain2002/papers/443-214.pdf


     Search term "Factory"+"Hardware+simulation"+"PLC"+OR+"FPGA"
     Title FPGA implementation of adaptive antenna array technology based on fixed-point LMS algorithm [J]
     Author ['Y Du', 'L Zhu', 'FJ Han', 'FJ Han']
     Venue Electronics Optics & Control
     Year 2006
     Abstract 6, Wei Min (Institute of Beijing Railway Signal Factory, Beijing?102600);MATLAB ANALYTICAL METHOD FOR VHDL HARDWARE SIMULATION RESULT[J  of China, Chengdu 610054, China);FIR Filter Design of a High-speed and High-order Based on FPGA[J];;2005-01
     Url http://en.cnki.com.cn/Article_en/CJFDTotal-DGKQ200603009.htm


     Search term "Factory"+"Hardware+simulation"+"PLC"+OR+"FPGA"
     Title Design and Development of a Programmable Logic Controller Using Atmel Controller and MATLAB Simulink
     Author ['P Parikh', 'H Singh', 'SK Nadar']
     Venue 3rd International Conference on …
     Year 2016
     Abstract This article starts with an overview of the history and the role PLCs in factory automation  Fig.5 DC motor control Simulation using the plc prototyping board In this real hardware simulation of the plc prototyping board controlling the dc motor is as shown in the following figure
     Url https://www.academia.edu/download/51127148/74-78.pdf


     Search term "Factory"+"Hardware+simulation"+"PLC"+OR+"FPGA"
     Title Hardware-in-the-loop Simulation Framework
     Author ['MAA Sanvido']
     Venue NA
     Year 2002
     Abstract C.1 FAUSEL EBNF . C.2 Fault Object . D FPGA Schema D.1 PWM Decoder and Rotor Signal Generator  Moreover, the implementation of the FPGA circuit for the helicopter HIL is presented and the list of implemented Oberon modules is listed. Page 20. Part I Embedded System
     Url https://www.research-collection.ethz.ch/bitstream/handle/20.500.11850/146111/1/eth-25054-01.pdf


     Search term "Factory"+"Hardware+simulation"+"PLC"+OR+"FPGA"
     Title Design and realization of simulation testing system
     Author ['XB Qi', 'DD Liu', 'XX Chen']
     Venue 2017 2nd IEEE International …
     Year 2017
     Abstract a vital role in the train-borne controller simulation testing and factory complete equipment  embedded processor and real-time operating system as well as the FPGA chip to  The hardware simulation objects of the simulation testing system include: train IO interface, train manage
     Url https://ieeexplore.ieee.org/abstract/document/8056889/


     Search term "Factory"+"Hardware+simulation"+"PLC"+OR+"FPGA"
     Title Getting started with CAPI SNAP: Hardware development for software engineers
     Author ['L Wenzel', 'R Schmid', 'B Martin', 'M Plauth']
     Venue … Conference on Parallel …
     Year 2018
     Abstract Design Suite [16] as a foundation, the development workflow for CAPI SNAP based AFUs is comprised of many stages, including software development, hardware development, hardware simulation as well as  For a new FPGA card straight from the factory, the operating
     Url https://link.springer.com/chapter/10.1007/978-3-030-10549-5_15


     Search term "Factory"+"Hardware+simulation"+"PLC"+OR+"FPGA"
     Title Reconfigurable Hardware-Based Simulation Modeling of Flexible Manufacturing Systems
     Author ['W Tang']
     Venue NA
     Year 2005
     Abstract Comparison between the results from hardware simulation and those from software simulation clearly showed the validity of this new simulator. 3. At the final stage, a full functional hardware-based simulator has been implemented on FPGA platform
     Url https://vtechworks.lib.vt.edu/handle/10919/29925


     Search term "Factory"+"Hardware+simulation"+"PLC"+OR+"FPGA"
     Title Enhancing hardware design flows with MyHDL
     Author ['K Jaic', 'MC Smith']
     Venue Proceedings of the 2015 ACM/SIGDA International …
     Year 2015
     Abstract Genesis2[9] extends SystemVerilog capabilities for connecting HDL to hardware simulation  3.3 Interfaces FPGA applications typically use highly parametrized in- terfaces to wire components together  This information is used by factory functions to transform the Model
     Url https://dl.acm.org/doi/abs/10.1145/2684746.2689092


     Search term "Factory"+"Hardware+simulation"+"PLC"+OR+"FPGA"
     Title Verification of FPGA Based NPP I&C Systems Considering Multiple Faults: Technique and Automation Tool
     Author ['A Yasko', 'E Babeshko']
     Venue International …
     Year 2017
     Abstract FIT (MF&F) combination technique that is to be applied on safety-critical FPGA-based NPP  Then, 3rd party hardware simulation tool is used for fault injections  API Application Programming Interface AXMEA Automated X-modes Effects Analysis FAT Factory Acceptance Test FIT
     Url https://asmedigitalcollection.asme.org/ICONE/proceedings-abstract/ICONE25/57878/V009T15A033/253136


     Search term "Factory"+"Hardware+simulation"+"PLC"+OR+"FPGA"
     Title FPGA an Intelligent Digital Integrated Circuit Evolution, evelopment and Appilcaions
     Author ['SP TEAP']
     Venue International Journal of Applied Computer Technology …
     Year 2016
     Abstract The equipments which produced from this group will have an update function for making the hardware simulation in the  The FPGA chip, in this case, is always used for the automatic controlling system such as in robots, smart machines, factory automation systems, or
     Url http://203.158.98.12/actisjournal/index.php/IJACTIS/article/view/61


     Search term "Factory"+"Hardware+simulation"+"PLC"+OR+"FPGA"
     Title Simulation of a Flexible Manufacturing System for Semi-Products Packaging
     Author ['PC Patic', 'L Pascale', 'G Măntescu']
     Venue Applied Mechanics and …
     Year 2014
     Abstract operates a number of industrial robots, control of the entire process is done by PLC  5). Further, the hardware simulation modules are chosen: CPU314 Processor, PS 307, 10A power supply, digital  can observe the behavior of the packing line where it would work in the factory
     Url https://www.scientific.net/AMM.536-537.1654


     Search term "Factory"+"Hardware+simulation"+"PLC"+OR+"FPGA"
     Title Programmable logic controller performance enhancement by field programmable gate array based design
     Author ['D Patel', 'J Bhatt', 'S Trivedi']
     Venue ISA transactions
     Year 2015
     Abstract time. Improved PLC design using FPGA has been proposed based on parallel execution mechanism for enhancement of performance and flexibility. Modelsim  capabilities. 2.2. Methods. 2.2.1. FPGA based PLC design approach [7]. Our
     Url https://www.sciencedirect.com/science/article/pii/S0019057814002249


     Search term "Factory"+"Hardware+simulation"+"PLC"+OR+"FPGA"
     Title Development of PLC-based automated packaging control system via Grafcet
     Author ['MA Mohd Yunos']
     Venue NA
     Year 2014
     Abstract machinery automatically and are used in plant or factory where precision and accuracy is needed  implementation part. Figure 20: Hardware simulation testing Page 37. 28  For testing and demonstration purpose, the program will be run using the PLC available at
     Url http://utpedia.utp.edu.my/14748/


     Search term "Factory"+"Hardware+simulation"+"PLC"+OR+"FPGA"
     Title Digital circuit design assist system for designing hardware units and software units in a desired digital circuit, and method thereof
     Author ['H Shinde', 'K Sugino', 'K Nakamichi', 'N Matsubara']
     Venue US Patent …
     Year 1996
     Abstract test vectors, patterns or sequences; G01R31/318364—Generation of test inputs, eg test vectors, patterns or sequences as a result of hardware simulation, eg in an HDL environment. G—PHYSICS; G06—COMPUTING; CALCULATING
     Url https://patents.google.com/patent/US5493507A/en


     Search term "Factory"+"Hardware+simulation"+"PLC"+OR+"FPGA"
     Title Hardware Simulation for Testing IEC 61131-3
     Author ['J Holmqvist', 'A Ulander']
     Venue MSc Theses
     Year 2005
     Abstract were found at Lund's University Library and typical search strings were ”hardware simulation”, ”process simulation  A PLC (Programmable Logic Controller) is a small computer used for automa- tion of real-world systems, such as control of machinery on factory assembly lines
     Url https://lup.lub.lu.se/student-papers/record/8847881


     Search term "Factory"+"Hardware+simulation"+"PLC"+OR+"FPGA"
     Title 2006-2513: THE DISTRIBUTED RECONFIGURABLE FACTORY TESTBED (DRFT): A COLLABORATIVE CROSS-UNIVERSITY MANUFACTURING SYSTEM …
     Author ['J Luntz', 'EE Almeida', 'D Tilbury', 'J Moyne', 'K Hargrove']
     Venue age
     Year 2006
     Abstract The RFT combines hardware, simulation, networking, logic control, and software components, all of which are part  The RFT virtual factory consists of one machining cell which is a replica of the  Function Charts with Siemens Step 7 software and the controller runs as a soft PLC
     Url https://peer.asee.org/1403.pdf


     Search term "Factory"+"Hardware+simulation"+"PLC"+OR+"FPGA"
     Title Simulation of LEGO® Mindstorms NXT based plants using a distributed automation framework
     Author ['S Pirker']
     Venue NA
     Year 2010
     Abstract Hardware Simulation Communication Network Figure 2.1: Connection of the topics in the State of the Art We will start with the Digital Factory, since it is the framework, where the other topics like distributed simulation, IEC 61499, and the LEGO® Mindstorms NXT will fit into. PLC
     Url https://repositum.tuwien.at/handle/20.500.12708/10255


     Search term "Factory"+"Hardware+simulation"+"PLC"+OR+"FPGA"
     Title Advances in real-time simulation for power distribution systems
     Author ['R Venugopal', 'W Wang']
     Venue … Conference on Energy …
     Year 2011
     Abstract analog and digital inputs and outputs controlled by Field Programmable Gate Array (FPGA) chips, along  a large multi- user distributed simulation system in a laboratory for R&D and factory testing of  [12] G. Parma and V. Dinavahi, “ Real-time digital hardware simulation of power
     Url https://ieeexplore.ieee.org/abstract/document/6147153/


     Search term "Factory"+"Hardware+simulation"+"PLC"+OR+"FPGA"
     Title REDUNDANT FIRMWARE TEST SETUP IN SIMULATION AND HARDWARE: A FEASIBILITY STUDY
     Author ['P Ekström', 'E Eriksson']
     Venue NA
     Year 2018
     Abstract 11 2.5 Hardware simulation in Software  Control System DPC Deferred Procedure Call EA Ethernet Adapter FCI Field Communication Interface FPGA Field Programmable  The industry sets these demands because one single modern and fully automated factory may be able to
     Url https://www.diva-portal.org/smash/record.jsf?pid=diva2:1224969


     Search term "Factory"+"Hardware+simulation"+"PLC"+OR+"FPGA"
     Title FPGA Implementation of Closed-Loop Control System for Small-Scale Robot Using PID
     Author ['S Gurumurthy']
     Venue NA
     Year NA
     Abstract The test data obtained in the step response experiments were used as input to the hardware simulation of each PID design  [15] M. Petko and G. Karpiel, “Semi- Automatic Implementation of Control Algorithms in ASIC/FPGA”, in Proc  and Factory Automation, Vol.1, Sep
     Url https://www.academia.edu/download/47374061/7._FPGA_Implementation_of_Closed-Loop_Control_System_for_Small-Scale_Robot_Using_PID.pdf


     Search term "Factory"+"Hardware+simulation"+"PLC"+OR+"FPGA"
     Title Incremental development of production units using HW/SW-encapsulation and simulation supported by a complete toolset
     Author ['U Schmidtmann', 'G von Cölln', 'G Kreutz']
     Venue … and Factory …
     Year 2005
     Abstract Connecting 3D simulations based on VRML exports with the I/O-Hardware simulation establishes a powerful environment which enables software develop- ment in parallel to hardware construction  References [1] ARC. PLC's: Is There a Future
     Url https://ieeexplore.ieee.org/abstract/document/1612579/


     Search term "Factory"+"Hardware+simulation"+"PLC"+OR+"FPGA"
     Title Investigating the robustness of re-scheduling policies with multi-agent system simulation
     Author ['M Merdan', 'T Moser', 'P Vrba', 'S Biffl']
     Venue The International Journal of Advanced …
     Year 2011
     Abstract at the Vienna University of Technology), allowing direct comparisons between software and miniature hardware simulation  control programs implemented in one of the IEC61131-3 PLC programming languages  break downs or modifications to the physical layout of the factory
     Url https://link.springer.com/article/10.1007/s00170-010-3049-9?null


     Search term "Factory"+"Hardware+simulation"+"PLC"+OR+"FPGA"
     Title Real-Time Simulation Tools for Transient Stability and Electromagnetic Transients in Power Grids
     Author ['R Venugopal', 'V Lapointe', 'C Dufour']
     Venue Grid RT Tools ICMPES …
     Year NA
     Abstract It is used for factory acceptance and system integration tests as well as for R&D and commissioning tests  models the circuit that is to be simulated using the front-end, and the FPGA is automatically  [7] G. Parma and V. Dinavahi, “Real-time digital hardware simulation of power
     Url https://www.academia.edu/download/31945055/Grid_RT_Tools_ICMPES_2013.pdf


     Search term "Factory"+"Hardware+simulation"+"PLC"+OR+"FPGA"
     Title Simulation-Based Hardware Verification with High-Level Decision Diagrams
     Author ['M Jenihhin']
     Venue NA
     Year 2008
     Abstract DUV Design Under Verification EDIF Electronic Design Interchange Format FL Foundation Language FoCs Formal Checkers FPGA Field Programmable Gate Array GCD Greatest Common Devisor GDL General Description Language GUI Graphical User Interface
     Url https://digikogu.taltech.ee/en/Download/adfa3660-806a-41ac-a6d8-4c03ac3e9912/SimulationBasedHardwareVerificationwithHighL.pdf


     Search term "Factory"+"Hardware+simulation"+"PLC"+OR+"FPGA"
     Title Implementation of Process Simulation for Marine Automation System
     Author ['M Mononen']
     Venue NA
     Year 2020
     Abstract B&R had used WinMOD themselves with a specially made configuration for their automation system. Based on their marketing material, WinMOD seemed suitable as it is designed for PLC testing, factory acceptance tests and virtual commissioning
     Url https://aaltodoc.aalto.fi/handle/123456789/44996


     Search term "Factory"+"Hardware+simulation"+"PLC"+OR+"FPGA"
     Title Co-verification of hardware and software for ARM SoC design
     Author ['J Andrews']
     Venue NA
     Year 2004
     Abstract After fixing a couple of bugs in the FPGA code, I found the necessary synthesis and FPGA place-and- route tools to turn the VHDL code into a suitable bitstream file for programming the FPGA  Factory automation is an example of hard real-time system
     Url https://books.google.com/books?hl=en&lr=&id=qbfi3tJJhPEC&oi=fnd&pg=PP1&dq=%22Factory%22+%22Hardware+simulation%22+%22PLC%22+OR+%22FPGA%22&ots=YDZlLvmxoj&sig=kJeQxsPkEv8_kvetWi6dVBc760E


     Search term "Factory"+"Hardware+simulation"+"PLC"+OR+"FPGA"
     Title Using MDA to Automate the Integration of Virtual Platforms for System-Level Simulation
     Author ['D Perillo', 'M Di Natale']
     Venue 2017 IEEE 41st Annual Computer …
     Year 2017
     Abstract A Python factory class is required to instantiate the component model and connect it to other  and the iternal state) the update of the state and of the output registers of the FPGA. 3) Hardware Simulation: provides a test bench to val- idate the system architecture and improve the
     Url https://ieeexplore.ieee.org/abstract/document/8029618/


     Search term "Factory"+"Hardware+simulation"+"PLC"+OR+"FPGA"
     Title Real-time object segmentation of the disparity map using projection based region merging
     Author ['D Han']
     Venue Scene Reconstruction, Pose Estimation and Tracking
     Year 2007
     Abstract Most industrial robots have been used for factory automation that perform simple and iterative tasks at  algorithms with VHDL level and we were able to get result of hardware simulation using Modelsim. Finally, the proposed post-processing algorithm is implemented in FPGA
     Url https://books.google.com/books?hl=en&lr=&id=STqhDwAAQBAJ&oi=fnd&pg=PA1&dq=%22Factory%22+%22Hardware+simulation%22+%22PLC%22+OR+%22FPGA%22&ots=UcFWzbpzSP&sig=QyhUJ4Or2vTo0Yc6fK0sUpJ_rS8


     Search term "Factory"+"Hardware+simulation"+"PLC"+OR+"FPGA"
     Title The design of HDLC-enabled ultraviolet communication system [J]
     Author ['W ZHANG', 'Y ZUO', 'H XU', 'C FAN', 'C WU']
     Venue Optical Communication …
     Year 2012
     Abstract Based on FPGA bed we design relatively complete ultraviolet communication system.To further  between HDLC and several modulation modes.Finally,we completed hardware simulation,and realized  LIANG Jing,REN Jie,WANG Shaoyu(R&D Department,No.701 Factory of PLA
     Url http://en.cnki.com.cn/Article_en/CJFDTotal-GTXS201209016.htm


     Search term "Factory"+"Hardware+simulation"+"PLC"+OR+"FPGA"
     Title Emerging solutions for challenges in real time simulation of power grids
     Author ['R Venugopal', 'V Lapointe', 'C Dufour']
     Venue Power Engineer …
     Year 2013
     Abstract It is used for factory acceptance and system integration tests as well as for R&D and  circuit that is to be simulated using the front-end, and the FPGA is automatically  CiGRE_Recife2011_pa perfinal.pdf 7. G. Parma and V. Dinavahi, “Real-time digital hardware simulation of power
     Url http://www.indianjournals.com/ijor.aspx?target=ijor:pej&volume=15&issue=2&article=001


     Search term "Factory"+"Hardware+simulation"+"PLC"+OR+"FPGA"
     Title Reactive Cyber-Security for Cyber-Physical Production Systems
     Author ['C Krieg']
     Venue Doctoral College Cyber-Physical Production Systems
     Year 2017
     Abstract This way, a hardware Trojan itself will serve as attack vector into the factory, thereby enabling  X'values differently in simulation and in hardware.'X'is used in hardware simulation in cases  logic '1'). If an 'X' is encountered post-synthesis, it is common practice in FPGA design flows
     Url https://dc-cpps.tuwien.ac.at/fileadmin/t/cpps/finalreport.pdf#page=20


     Search term "Factory"+"Hardware+simulation"+"PLC"+OR+"FPGA"
     Title Simulation of Logistics in RoboCup Competition
     Author ['U Karras']
     Venue NA
     Year NA
     Abstract [Not Found]
     Url [Not Found]


     Search term "Factory"+"Hardware+simulation"+"PLC"+OR+"FPGA"
     Title The Common Hardware and Software Object Model: CHSOM.
     Author ['HA Andrade', 'MF Jacome']
     Venue PDPTA
     Year 2000
     Abstract software • Information about specification and implementation • Information for software and hardware simulation For example  will fit in the host and embedded processor memory, and in an FPGA  A component will usually provide a class factory for the creation and deployment
     Url http://citeseerx.ist.psu.edu/viewdoc/download?doi=10.1.1.200.3297&rep=rep1&type=pdf


     Search term "Factory"+"Hardware+simulation"+"PLC"+OR+"FPGA"
     Title Comparative performance evaluation of MMSE-based speech enhancement techniques through simulation and real-time implementation
     Author ['B Kumar']
     Venue International Journal of Speech Technology
     Year 2018
     Abstract Figure 4 shows the hardware simulation setup that is used for real-time implementation  six different degraded speech files, select from the same database, ie SpEAR data- base and these files are independently disturbed by six various noises—burst, f16, factory, pink, Volvo
     Url https://link.springer.com/content/pdf/10.1007/s10772-018-09567-5.pdf


     Search term "Factory"+"Hardware+simulation"+"PLC"+OR+"FPGA"
     Title Real-time object segmentation using disparity map of stereo matching
     Author ['D Han', 'B Lee', 'JI Cho', 'DH Hwang']
     Venue Applied mathematics and computation
     Year 2008
     Abstract Most industrial robots have been used for factory automation that perform simple and iterative tasks at  algorithms with VHDL level and we were able to get result of hardware simulation using Modelsim. Finally, the proposed post-processing algorithm was implemented in FPGA
     Url https://www.sciencedirect.com/science/article/pii/S009630030800355X


     Search term "Factory"+"Hardware+simulation"+"PLC"+OR+"FPGA"
     Title Design and Implementation of Intelligent Electric Apparatus SOC Based on IP Cores
     Author ['ZGFTW Jianhua', 'ZHG Yingsan']
     Venue Transactions of China …
     Year 2003
     Abstract a chip for power transmission line protection.The result of hardware simulation on field  2, ;A Programmable Integrated Sampler Using FPGA[J];Measurement & Control Technology;2001- 08  6, Weng Shousong (Wuxi No.4 Radio Component Factory,Wuxi,214061);SOC:The Most
     Url http://en.cnki.com.cn/Article_en/CJFDTotal-DGJS200302006.htm


     Search term "Factory"+"Hardware+simulation"+"PLC"+OR+"FPGA"
     Title Methodologies for power analysis attacks on hardware implementations of AES
     Author ['KJ Smith']
     Venue NA
     Year 2009
     Abstract 84 9.4 DevelopmentBoardFPGACorePowerRegulator[12] . . . . 85 x Page 12. 9.5 Development Board FPGA Core Power Bulk and Decoupling Capacitors [12] 87 9.6 PowerMeasurementConfiguration . . . . . 88 9.7 CycloneIIIArchitecture[16]
     Url http://scholarworks.rit.edu/cgi/viewcontent.cgi?article=4201&context=theses

