Showing papers for search query "Factory"+"Formal+methods"+"Traceability"

     Search term "Factory"+"Formal+methods"+"Traceability"
     Title Ladder programs validation through model-code traceability
     Author ['LR Sampaio', 'A Perkusich']
     Venue 2011 IEEE International …
     Year 2011
     Abstract In order to perform the validation against their specification, techniques such as the Factory Acceptance Tests are used  In Section 5 the concept of traceability between model and code is illustrated  academy due to lack of use of formal methods in this context
     Url https://ieeexplore.ieee.org/abstract/document/5754386/


     Search term "Factory"+"Formal+methods"+"Traceability"
     Title Formal methods for verification and validation of partial specifications: A case study
     Author ['S Easterbrook', 'J Callahan']
     Venue Journal of Systems and Software
     Year 1998
     Abstract of formal methods in this context was not always easy. The informal specification from which we derived our models did not permit an easy translation into a state-based model. We encoun- tered problems in demonstrating fidelity, and provid- ing traceability between the two
     Url https://www.sciencedirect.com/science/article/pii/S0164121297001672


     Search term "Factory"+"Formal+methods"+"Traceability"
     Title Formal Methods for V&V of partial specifications: An experience report
     Author ['S Easterbrook', 'J Callahan']
     Venue Proceedings of ISRE'97: 3rd IEEE …
     Year 1997
     Abstract of formal methods in this context was not always easy. The informal specification from which we derived our models did not permit an easy translation into a state-based model. We encountered severe problems in demonstrating fidelity, and provid- ing traceability between the
     Url https://ieeexplore.ieee.org/abstract/document/566865/


     Search term "Factory"+"Formal+methods"+"Traceability"
     Title A survey of static formal methods for building dependable industrial automation systems
     Author ['R Sinha', 'S Patil', 'L Gomes']
     Venue IEEE Transactions on …
     Year 2019
     Abstract Continuous validation and analysis are required as require- ments get refined during the development of the system. Re- quirements traceability is useful as it allows linking require- ments as they evolve [30]. Formal methods can help find con- sistencies between requirements
     Url https://ieeexplore.ieee.org/abstract/document/8678839/


     Search term "Factory"+"Formal+methods"+"Traceability"
     Title Contribution structures for requirements traceability
     Author ['OCZ Gotel']
     Venue NA
     Year 1995
     Abstract Software Factory Workshop Briefing Pack, December 14.) (3) Gotel, OCZ and Finkelstein, ACW (1994). An Analysis of the Requirements Traceability Problem, Proceedings of the First International Conference on Requirements
     Url http://ollygotel.com/downloads/gotel-phd-1995.pdf


     Search term "Factory"+"Formal+methods"+"Traceability"
     Title Goal-centric traceability: Using virtual plumblines to maintain critical systemic qualities
     Author ['J Cleland-Huang', 'W Marrero']
     Venue IEEE Transactions on …
     Year 2008
     Abstract Page 1. Goal-Centric Traceability: Using Virtual Plumblines to  The technique, which is named Goal-Centric Traceability (GCT), creates virtual plumblines for assessing the long-term compliance of a design and runtime system with the stakeholders' system level goals
     Url https://ieeexplore.ieee.org/abstract/document/4553719/


     Search term "Factory"+"Formal+methods"+"Traceability"
     Title Trace queries for safety requirements in high assurance systems
     Author ['J Cleland-Huang', 'M Heimdahl', 'JH Hayes']
     Venue … working conference on …
     Year 2012
     Abstract for safe air and automative travel, healthcare diagnosis and treatment, power generation and distribution, factory robotics, and  However, neither of these approaches incorporates results from fault tree analysis nor in- tegrates formal methods into the traceability infrastructure
     Url https://link.springer.com/chapter/10.1007/978-3-642-28714-5_16


     Search term "Factory"+"Formal+methods"+"Traceability"
     Title A proposal of an example and experiments repository to foster industrial adoption of formal methods
     Author ['R Schlick', 'M Felderer', 'I Majzik', 'R Nardone']
     Venue … of Formal Methods
     Year 2018
     Abstract For formal methods using different formalisms, portability is very hard to achieve  Visibility and Traceability of Work  are the application type (industrial or academic, widely used benchmark or only a candidate), application area (communication networks, factory automation, railway
     Url https://link.springer.com/chapter/10.1007/978-3-030-03427-6_20


     Search term "Factory"+"Formal+methods"+"Traceability"
     Title Applying formal specifications to real-world software development
     Author ['GK Palshikar']
     Venue IEEE Software
     Year 2001
     Abstract processes and methodologies, to avoid requirements problems, including early prototyping1 and traceability.2 Formal  time systems, www.docs.uu.se/docs/rtmv/uppaal ■ Concurrency Factory tools for  a thorough dis- cussion of the various issues related to formal methods.1 JM
     Url https://ieeexplore.ieee.org/abstract/document/965810/


     Search term "Factory"+"Formal+methods"+"Traceability"
     Title Analyzing the impact of changing software requirements: A traceability-based methodology
     Author ["JS O'Neal"]
     Venue NA
     Year 2003
     Abstract 2003 Analyzing the impact of changing software requirements: a traceability-based methodology  Recommended Citation O'Neal, James Steven, "Analyzing the impact of changing software requirements: a traceability-based methodology" (2003). LSU Doctoral Dissertations
     Url https://digitalcommons.lsu.edu/gradschool_dissertations/1767/


     Search term "Factory"+"Formal+methods"+"Traceability"
     Title Leveraging Applications of Formal Methods, Verification and Validation. Modeling: 8th International Symposium, ISoLA 2018, Limassol, Cyprus, November 5-9 …
     Author ['T Margaria', 'B Steffen']
     Venue NA
     Year 2018
     Abstract Page 1. Tiziana Margaria · Bernhard Steffen (Eds.) Leveraging Applications of Formal Methods, Verification and Validation Modeling 8th International Symposium, ISoLA 2018 Limassol, Cyprus, November 5–9, 2018 Proceedings, Part I 123 Page 2
     Url https://books.google.com/books?hl=no&lr=&id=VVB1DwAAQBAJ&oi=fnd&pg=PR5&dq=%22Factory%22+%22Formal+methods%22+%22Traceability%22&ots=71H8i___XJ&sig=mNTGbfGSI797D0vdq2CxfpfjlYw


     Search term "Factory"+"Formal+methods"+"Traceability"
     Title Formal methods for specifying product model views: development of a national BIM standard & IFC semantics for model views
     Author ['C Eastman', 'M Venugopal']
     Venue NA
     Year 2011
     Abstract 2 FORMAL METHODS FOR SPECIFYING PRODUCT MODEL VIEWS: DEVELOPMENT OF A NATIONAL BIM STANDARD & IFC SEMANTICS FOR MODEL VIEWS  The PCI team utilized the IFC Solutions Factory, which is a web-based repository of bindings and model view
     Url https://smartech.gatech.edu/handle/1853/60997


     Search term "Factory"+"Formal+methods"+"Traceability"
     Title Pattern componentization: the factory example
     Author ['K Arnout', 'B Meyer']
     Venue Innovations in Systems and Software Engineering
     Year 2006
     Abstract ORIGINAL PAPER Pattern componentization: the factory example Karine Arnout · Bertrand Meyer  One of the most interesting is Abstract Factory, for which we were indeed able to build a reusable com- ponent fulfilling the same needs as the original pattern
     Url https://link.springer.com/article/10.1007/s11334-006-0001-0


     Search term "Factory"+"Formal+methods"+"Traceability"
     Title Reconstructing requirements traceability in design and test using latent semantic indexing
     Author ['M Lormans', 'A Van Deursen']
     Venue Technical Report Series TUD-SERG-2007 …
     Year 2007
     Abstract 7 SERG Lormans & van Deursen – Reconstructing Requirements Traceability in Design and Test TUD-SERG-2007-007 7 Page 10. • Test pass coverage; A system test is an internal test, often called factory test, to check if the system is working correctly
     Url http://citeseerx.ist.psu.edu/viewdoc/download?doi=10.1.1.99.5566&rep=rep1&type=pdf


     Search term "Factory"+"Formal+methods"+"Traceability"
     Title Exploration and Practice of Digital Factory of Complex Electronic Equipment
     Author ['H Changming', 'C Yaqi', 'Z Zhaoyu']
     Venue IOP Conference Series …
     Year 2020
     Abstract a multi-source data collection object model with standard and formal methods, so as  constructing the digital twin of complex electronic equipment manufacturing factory, the production  rework and repair, quality visualization, and quality whole-process traceability management
     Url https://iopscience.iop.org/article/10.1088/1757-899X/739/1/012048/meta


     Search term "Factory"+"Formal+methods"+"Traceability"
     Title Specification of software systems
     Author ['VS Alagar', 'K Periyasamy']
     Venue NA
     Year 2011
     Abstract While preserving the original intent of focusing on software specification, this edition emphasizes the practice of formal methods for specification and verification activities for different types of software systems and at different stages of developing the software systems
     Url https://books.google.com/books?hl=no&lr=&id=xgwKrcy0TzAC&oi=fnd&pg=PR3&dq=%22Factory%22+%22Formal+methods%22+%22Traceability%22&ots=htiXyBjiLC&sig=Lqzbb0lOMFijqTDc9xMzdDuqoJY


     Search term "Factory"+"Formal+methods"+"Traceability"
     Title Applying a formal method in industry: a 25-year trajectory
     Author ['T Lecomte', 'D Deharbe', 'E Prun', 'E Mottin']
     Venue … Symposium on Formal Methods
     Year 2017
     Abstract proof obligations (PO) contain traceability information (which parts of the B models have been  From our experience, industry is not particularly interested in using formal methods except if it  LCHIP relies on a software factory that automatically transforms function into binary code
     Url https://link.springer.com/chapter/10.1007/978-3-319-70848-5_6


     Search term "Factory"+"Formal+methods"+"Traceability"
     Title Enhancing privacy of recent authentication schemes for low-cost RFID systems
     Author ['K Baghery', 'B Abdolmaleki']
     Venue ISeCure-The …
     Year 2015
     Abstract [Not Found]
     Url [Not Found]


     Search term "Factory"+"Formal+methods"+"Traceability"
     Title Requirements Traceability
     Author ['EC Genvigir', 'NL Vijaykumar']
     Venue Handbook of Research on Software …
     Year 2010
     Abstract (Aizenbud–Reshef et al., 2006), and the first method used to express and maintain traceability was cross  document integration (Lefering, 1991); hypertext links (Alexander, 2002; Glinz, 2000; Kaindle, 1993); graphs (Pinheiro & Goguen, 1996); formal methods (Cleland–Huang &
     Url https://www.igi-global.com/chapter/requirements-traceability/37027


     Search term "Factory"+"Formal+methods"+"Traceability"
     Title MODEL BASED TESTING OF PLC FACTORY AUTOMATION SOFTWARE
     Author ['A Kuusik', 'J Vain']
     Venue NA
     Year NA
     Abstract School of Information Technologies Eren Cizmecioglu 146675IVEM MODEL BASED TESTING OF PLC FACTORY AUTOMATION SOFTWARE Master's thesis Supervisor  The particular developments were strongly relying on a real factory robot arm controller project
     Url https://digikogu.taltech.ee/et/Download/c9f7dd5f-3ed5-4645-96b6-9141ed4d7665/MudeliphinePLCTstustarkvaraTestimine.pdf


     Search term "Factory"+"Formal+methods"+"Traceability"
     Title A formal and sound transformation from              Focal to UML: an application to airport security regulations
     Author ['D Delahaye', 'JF Étienne']
     Venue Innovations in Systems and …
     Year 2008
     Abstract Collections are modeled as concrete singleton factory clas- ses stereotyped accordingly  In: International symposium on leveraging applications of formal methods, verification and validation (ISoLA)  Coming and going from UML to B: a proposal to support traceability in rigorous
     Url https://link.springer.com/article/10.1007/s11334-008-0060-5


     Search term "Factory"+"Formal+methods"+"Traceability"
     Title Manufacturing grid: a next generation manufacturing model
     Author ['RG Qiu']
     Venue 2004 IEEE International Conference on Systems, Man …
     Year 2004
     Abstract using formal methods  The exploitation, establishment, operation, .and management of dynamic and cross-factory resource sharing relationships and realization of agility  By taking advantage of part traceability and finite capacity machines [6], this research proposes a two-layer
     Url https://ieeexplore.ieee.org/abstract/document/1401268/


     Search term "Factory"+"Formal+methods"+"Traceability"
     Title Manufacturing plant control challenges and issues
     Author ['G Morel', 'P Valckenaers', 'JM Faure', 'CE Pereira']
     Venue Control Engineering …
     Year 2007
     Abstract ability of centralized older solutions and the ability to cope with the real-factory dynamics of  Moreover, the customer calls for traceability as a basic product attribute  Johnson addresses in this special issue the role of formal methods in improving automation software dependability
     Url https://www.sciencedirect.com/science/article/pii/S096706610700113X


     Search term "Factory"+"Formal+methods"+"Traceability"
     Title Chemical metrology, chemistry and the uncertainty of chemical measurements
     Author ['JL Love']
     Venue Accreditation and quality assurance
     Year 2002
     Abstract test portions for the analysis and this size test portion is completely satis- factory for most  do not address uncertainty arising from the choice of chemistry and the traceability of the  However, judgements are subjective and incompatible with formal methods to estimate uncer- tainty
     Url https://link.springer.com/article/10.1007/s00769-001-0438-7


     Search term "Factory"+"Formal+methods"+"Traceability"
     Title Formal verification integration approach for DSML
     Author ['F Zalila', 'X Crégut', 'M Pantel']
     Venue International Conference on Model Driven …
     Year 2013
     Abstract The application of formal methods (especially, model check- ing and static analysis techniques) for the verification of safety critical  Keywords: Domain specific modeling language, Formal verification, Model checking, Translational semantics, Traceability, Verification feedback
     Url https://link.springer.com/chapter/10.1007/978-3-642-41533-3_21


     Search term "Factory"+"Formal+methods"+"Traceability"
     Title Enterprise systems: state-of-the-art and future trends
     Author ['L Da Xu']
     Venue IEEE Transactions on Industrial Informatics
     Year 2011
     Abstract In particular, formal methods and systems methods are crucial for modeling complex enterprise  and factory automation, the control and predictive capability of BPM offers significant  by interorganizational information systems in developing an industrial traceability system [31]
     Url https://ieeexplore.ieee.org/abstract/document/6011699/


     Search term "Factory"+"Formal+methods"+"Traceability"
     Title Incremental modeling and verification of flexible manufacturing systems
     Author ['J Wang', 'Y Deng']
     Venue Journal of Intelligent Manufacturing
     Year 1999
     Abstract of the design to the requirements, which helps enhance traceability and thus to help us to achieve high assurance in design. Second, it offers better scalability in modeling and analysis, which provides an effective way to deal with complexity in the application of formal methods
     Url https://link.springer.com/article/10.1023/A:1008952519552


     Search term "Factory"+"Formal+methods"+"Traceability"
     Title Integrated formal approach for qualified critical embedded code generator
     Author ['N Izerrouken', 'M Pantel', 'X Thirioux', 'OSY Kai']
     Venue … on Formal Methods for …
     Year 2009
     Abstract but they do not allow to respect easily the model/code structural traceability constraints expressed  and writer) which, on the one hand relies on the common Model Factory to read  software has many properties that have not been anticipated before using formal methods such as
     Url https://link.springer.com/chapter/10.1007/978-3-642-04570-7_16


     Search term "Factory"+"Formal+methods"+"Traceability"
     Title Software Quality: A Modelling and Measurement View
     Author ['VR Basili']
     Venue Formal methods in systems engineering
     Year 1993
     Abstract When embedding traceability reading in design inspections, make sure traceability matrix exists  better reading,· the process was quite effective for small projects, formal methods were hard  products with the support of reusable experiences from the Experience Factory tailored to
     Url https://link.springer.com/chapter/10.1007/978-1-4471-1975-3_8


     Search term "Factory"+"Formal+methods"+"Traceability"
     Title Precise visual specification of design patterns
     Author ['A Lauder', 'S Kent']
     Venue European Conference on Object-Oriented …
     Year 1998
     Abstract Research in formal methods, though, has been lacking in the area of approachability  deployment of the abstract factory pattern, as depicted in figure 7 may be re  Tool support would presumably permit traceability between layered and synthesised models, with a mechanism for
     Url https://link.springer.com/chapter/10.1007/BFb0054089


     Search term "Factory"+"Formal+methods"+"Traceability"
     Title Applying formal software engineering techniques to smart grids
     Author ['G Hackenberg', 'M Irlbeck']
     Venue … Challenges for the …
     Year 2012
     Abstract these aspects are useful to understand the future work on formal methods, which can  system structure and behavior as well as their dependencies enabling traceability of decisions  models for industrial control systems, " in Emerging Technologies and Factory Automation, 2003
     Url https://ieeexplore.ieee.org/abstract/document/6225719/


     Search term "Factory"+"Formal+methods"+"Traceability"
     Title Characterizing and Fulfilling Traceability Needs in the PREDIQT Method for Model-based Prediction of System Quality
     Author ['A Omerovic', 'K Stølen']
     Venue NA
     Year NA
     Abstract Thereafter, different techniques have been used to represent traceability relationships including standard approaches such as ma- trices, databases, hypertext links, graph-based approaches, formal methods, and dynamic schemes [9]. Representation, recording and
     Url http://heim.ifi.uio.no/~ketils/kst/Articles/2013.JASM.pdf


     Search term "Factory"+"Formal+methods"+"Traceability"
     Title Alignment of requirements specification and testing: A systematic mapping study
     Author ['ZA Barmi', 'AH Ebrahimi', 'R Feldt']
     Venue 2011 IEEE Fourth …
     Year 2011
     Abstract As Abbors et al. mention [26] traceability reduces the time needed for debugging of the specification or the implementation of the system, by giving fast feedbacks  Applying formal methods for aligning requirements and testing has some advantages and drawbacks
     Url https://ieeexplore.ieee.org/abstract/document/5954452/


     Search term "Factory"+"Formal+methods"+"Traceability"
     Title From Patterns to Components: The Factory Library Example
     Author ['K Arnout', 'B Meyer']
     Venue NA
     Year 2004
     Abstract Page 1. From Patterns to Components: The Factory Library Example  we obtained. • Section 3 focuses on the Abstract Factory pattern: it presents the intent, advantages, and limitations of this pattern. • Section 4 describes the design and final implementation of the Factory Library
     Url http://citeseerx.ist.psu.edu/viewdoc/download?doi=10.1.1.70.2337&rep=rep1&type=pdf


     Search term "Factory"+"Formal+methods"+"Traceability"
     Title Software quality starts with the modelling of goal-oriented requirements
     Author ['E Delor', 'R Darimont', 'A Rifaut']
     Venue 16th International Conference …
     Year 2003
     Abstract Media Sales, Distribution & Advertising Management Aeronautics Requirements traceability and safety  plan, Requirements for standard clinical reporting Bulldozer Factory Finite scheduling  Formal methods are often advocated for drastically improving software quality because
     Url http://www.objectiver.com/fileadmin/download/documents/papers/ICSSEA03-DELOR-CEDITI1.pdf


     Search term "Factory"+"Formal+methods"+"Traceability"
     Title Towards medical device behavioural validation using petri nets
     Author ['PES Barbosa', 'M Morais', 'K Galdino']
     Venue Proceedings of the …
     Year 2013
     Abstract this scenario we visualize a claim for the usage of formal methods and other  Concerning traceability with functional requirements and testing, we discovered that each function of  component failures, changes in programmable parameter settings, reset to factory defaults, change
     Url https://ieeexplore.ieee.org/abstract/document/6627756/


     Search term "Factory"+"Formal+methods"+"Traceability"
     Title ISeCure
     Author ['K Baghery', 'B Abdolmaleki', 'B Akhbari', 'MR Aref']
     Venue NA
     Year 2015
     Abstract vacy attacks such as Denial-of-Service (DoS), Man-in- Middle (MiM), Impersonation, Reveal Secret Param- eter and different Traceability attacks [5  Generally the privacy of RFID authentication pro- tocols can be analyzed based on ad-hoc methods and formal methods [5]. In the
     Url https://www.sid.ir/FileServer/JE/5070420150203.pdf


     Search term "Factory"+"Formal+methods"+"Traceability"
     Title Enhancing structured review with model-based verification
     Author ['I Traore', 'DB Aredo']
     Venue IEEE Transactions on Software …
     Year 2004
     Abstract was assigned to the student who has a strong background in PVS and OCL; others had little exposure to formal methods)  The adequacy proof obligation is provided in the design traceability documentation  Unless the designer assumed that it was intended as a factory method
     Url https://ieeexplore.ieee.org/abstract/document/1359768/


     Search term "Factory"+"Formal+methods"+"Traceability"
     Title Tracing SPLs precisely and efficiently
     Author ['S Mohalik', 'S Ramesh', 'JV Millo', 'SN Krishna']
     Venue Proceedings of the 16th …
     Year 2012
     Abstract Software Product Line, Feature Model, Formal methods, QSAT ∗ramesh.s@gm.com †jean-vivien.millo  of implementability which is usu- ally an extension (to sets) of a traceability relation between  cen- tral notion of implementability does not yet have a satis- factory definition
     Url https://dl.acm.org/doi/abs/10.1145/2362536.2362562


     Search term "Factory"+"Formal+methods"+"Traceability"
     Title Parameterized programming and software architecture
     Author ['JA Goguen']
     Venue … of Fourth IEEE International Conference on …
     Year 1996
     Abstract how a variety of architectural styles can be supported, and how this approach can be extended to support evolution and traceability  This ap- proach seems especially useful for “software factory” situations, such as the Loral helicopter navigation software facility, where a number
     Url https://ieeexplore.ieee.org/abstract/document/496108/


     Search term "Factory"+"Formal+methods"+"Traceability"
     Title Engineering quality software: a review of current practices, standards and guidelines including new methods and development tools
     Author ['DJ Smith', 'KB Wood']
     Venue NA
     Year 2012
     Abstract The emphasis on the need for formal methods has increased and calls for certification of safety critical software are now common  67 5.4.11 Guidelines for the Nordic Factory Inspector- ates
     Url https://books.google.com/books?hl=no&lr=&id=VUvtCAAAQBAJ&oi=fnd&pg=PR5&dq=%22Factory%22+%22Formal+methods%22+%22Traceability%22&ots=cBd8ByunXn&sig=UAdWCgj9Z1EvAl4Vthr6C9qa-qw


     Search term "Factory"+"Formal+methods"+"Traceability"
     Title Integrated architectural modeling of real-time concurrent systems with applications in fms
     Author ['Y Deng', 'J Wang', 'RK Sinha']
     Venue in FMS, Proceedings of the 10th International …
     Year 1997
     Abstract the design to the requirements, which helps enhance traceability and thus to help us to achieve high assurance in design. Second, it offers better scalability in modeling and analysis, which provides an effectively way to deal with complexity in the application of formal methods
     Url http://citeseerx.ist.psu.edu/viewdoc/download?doi=10.1.1.27.5908&rep=rep1&type=pdf


     Search term "Factory"+"Formal+methods"+"Traceability"
     Title Toward Synthesis, Analysis, and Certification of Security Protocols
     Author ['J Schumann']
     Venue NA
     Year 2004
     Abstract the encryption routines were inciden- tall?; replaced by stubs, probably during factory testing  By using a formal-methods based approach, it can be guaranteed (or certified, see below  Therefore, traceability between specification and synthesized code, as well as the generation of
     Url https://ntrs.nasa.gov/search.jsp?R=20040084560


     Search term "Factory"+"Formal+methods"+"Traceability"
     Title Critical systems development methodology using formal techniques
     Author ['D Méry', 'NK Singh']
     Venue Proceedings of the third symposium on information …
     Year 2012
     Abstract In order to reduce the validation effort, we ensure the traceability between different stages  QA testing, application testing, confidence testing, final testing, validation testing, or factory acceptance testing  The real-time animator based on formal methods is used here as a prototype
     Url https://dl.acm.org/doi/abs/10.1145/2350716.2350720


     Search term "Factory"+"Formal+methods"+"Traceability"
     Title CASE at the start of the 1990's
     Author ['RJ Norman', 'W Stevens', 'EJ Chikofsky']
     Venue Proceedings of the 13th …
     Year 1991
     Abstract Page 1. CASE at the Start of the 1990's Ronald J. Norman, San Diego State University Wayne Stevens, IBM Corporation Elliot J. Chikofsky, Progress Software Corporation John Jenkins, City University London Burt L. Rubenstein
     Url https://dl.acm.org/doi/pdf/10.5555/256664.256709


     Search term "Factory"+"Formal+methods"+"Traceability"
     Title A case study in integrating formal verification tools using the OMDoc standard for mathematical documents
     Author ['XB Jin']
     Venue NA
     Year 2004
     Abstract rm COMPLEÏE. v 1.! mm 38'! COMPLET Page 4. Abstract Different formal methods have been advocated in academic research and now even applied in many industrial projects from different aspects  Al] formal methods are based on mathemaücal symbols and knowledge
     Url https://curve.carleton.ca/system/files/etd/bbd610c6-3a5e-4fa3-b713-faea1a0ea03d/etd_pdf/d69307819b2a1500743502a73c052f72/jin-acasestudyinintegratingformalverification.pdf


     Search term "Factory"+"Formal+methods"+"Traceability"
     Title DAMSEL, 4 DARPA's High Performance Knowledge data, 584 data flow diagram, 268 data mining, 406
     Author ["C Shannon's", 'C Model', 'CE FSMs']
     Venue animation
     Year NA
     Abstract 742 exception handling, 734 executable architecture, 426 experience Factory, 600 expert  management, 169 management strategies and techniques, 430 manual formal methods, 344 map  representative, 374 requirement (s) , 367, 369 requirements traceability, 424 resolved
     Url https://www.worldscientific.com/doi/pdf/10.1142/9789812389701_bmatter?download=true


     Search term "Factory"+"Formal+methods"+"Traceability"
     Title The CarOLO Project
     Author ['C Berger']
     Venue NA
     Year NA
     Abstract document your changes for traceability ▪ DON'Ts  based on: ▪ Broy, M., Automotive Software and Systems Engineering, in: Proceedings of the 2nd ACM/IEEE International Conference on Formal Methods and Models for Co-Design, 2005  Simulator Factory Components Factory
     Url http://www.se-rwth.de/staff/berger/ICRA2008-CarOLO.pdf


     Search term "Factory"+"Formal+methods"+"Traceability"
     Title Industry needs and research directions in requirements engineering for embedded systems
     Author ['E Sikora', 'B Tenbergen', 'K Pohl']
     Venue Requirements Engineering
     Year 2012
     Abstract 4). Half of the participants agreed or strongly agreed with the statement that using natural language to document requirements is not satis- factory  3.3 Quality assurance for requirements Research puts a strong emphasis on the use of formal methods for quality assurance
     Url https://link.springer.com/content/pdf/10.1007/s00766-011-0144-x.pdf


     Search term "Factory"+"Formal+methods"+"Traceability"
     Title Scr as an iv&v tool
     Author ['S Easterbrook', 'J Callahan']
     Venue Fifth International Software Cost Reduction …
     Year 1996
     Abstract Our long-term expectation is that this approach will turn out to be a less painful way of introducing formal methods into well-established, large  will vary according to the level and the type of specification, and will cover issues such as clarity, testability, traceability, consistency and
     Url http://citeseerx.ist.psu.edu/viewdoc/download?doi=10.1.1.39.1355&rep=rep1&type=pdf

