Showing papers for search query "FDA+Requirement"+"Regulated+Environment"+"Traceability"

     Search term "FDA+Requirement"+"Regulated+Environment"+"Traceability"
     Title Model‐Based Systems Engineering as an Enabler for Regulatory Design Compliance
     Author ['J Dean', 'C Henderson', 'J Gardner']
     Venue INCOSE International …
     Year 2012
     Abstract MBSE) tools and systems engineering best practices provides the confidence, traceability and structure  is being used on this project due to the FDA regulated environment, although the  Page 6. Table 1: FDA Process Records FDA$Requirement$ Process$Record/Deliverable
     Url https://onlinelibrary.wiley.com/doi/abs/10.1002/j.2334-5837.2012.tb01473.x


     Search term "FDA+Requirement"+"Regulated+Environment"+"Traceability"
     Title REGULATORY ASPECT OF PHARMACEUTICAL CHANGE CONTROL SYSTEM
     Author ['D Sharma', 'V Sharma']
     Venue Journal of Drug Delivery and Therapeutics
     Year 2011
     Abstract informed decision-making by qualified individuals as well as assure traceability back to  training and procedures is a major industry problem, especially in a regulated environment  Reinforcement training, an FDA requirement, is targeted for performers to maintain their skills and
     Url http://www.jddtonline.info/index.php/jddt/article/view/6


     Search term "FDA+Requirement"+"Regulated+Environment"+"Traceability"
     Title 21 CFR part 11: Complete guide to international computer validation compliance for the pharmaceutical industry
     Author ['O López']
     Venue NA
     Year 2004
     Abstract In the FDA-regulated environment, it is not acceptable for programmers or their managers to deviate from standardized  planning, verification, testing, traceability, configuration management, and many other aspects of good software engineeringthat together help to support a
     Url https://books.google.com/books?hl=en&lr=&id=X3qmDwAAQBAJ&oi=fnd&pg=PP1&dq=%22FDA+Requirement%22+%22Regulated+Environment%22+%22Traceability%22&ots=DZ3-4h3aIy&sig=xK0vKIp2V_UwR3xqJezJkUo-NBk


     Search term "FDA+Requirement"+"Regulated+Environment"+"Traceability"
     Title Developing a measurement system for the pharmaceutical compliance process using the Balanced Scorecard
     Author ['G Bader']
     Venue NA
     Year 2007
     Abstract meaningful and logical perspectives and limits their number to the critical few, but maintains the visibility and traceability of these  Another paper that ponders the issue of a Balanced Scorecard in a regulated environment is Balancing the Scorecard: Key Performance Indicators
     Url http://search.proquest.com/openview/5c32007f93951f8b9bf00e33810c1968/1?pq-origsite=gscholar&cbl=18750&diss=y


     Search term "FDA+Requirement"+"Regulated+Environment"+"Traceability"
     Title The Impact of Total Quality Performance on Compliance
     Author ['C Medina']
     Venue DRUGS AND THE PHARMACEUTICAL SCIENCES
     Year 2004
     Abstract Of equal importance, CQA should require that nonre- portable events are also trended. Trending of nonreportable events can prove to be very valuable during phase IV postmarketing studies, although this is not an FDA requirement. 2.5
     Url http://ndl.ethernet.edu.et/bitstream/123456789/502/1/34.pdf#page=510


     Search term "FDA+Requirement"+"Regulated+Environment"+"Traceability"
     Title Analytical tools for suspension characterization
     Author ['AF Rawle']
     Venue Pharmaceutical suspensions
     Year 2010
     Abstract of the author. 6.3.1 Particle Size and Dissolution. There is a basic (FDA) requirement to study the dissolution enshrined in USP XXIII <711>. In the simplest analogy, dissolution should broadly correlate with bioavailability. It is
     Url https://link.springer.com/chapter/10.1007/978-1-4419-1087-5_6

