Showing papers for search query "FDA+Requirements"+"Software+Product+Lines"+"Traceability"

     Search term "FDA+Requirements"+"Software+Product+Lines"+"Traceability"
     Title Feature interaction in software product line engineering: A systematic mapping study
     Author ['LR Soares', 'PY Schobbens']
     Venue Information and …
     Year 2018
     Abstract Recently, a variety of systematic mapping studies have been conducted to different SPL fields in order to investigate, for example, SPL testing [8], adoption [9], agile methods [10], non-functional properties [11], and traceability [12]  2.1. Software product lines (SPL)
     Url https://www.sciencedirect.com/science/article/pii/S0950584917302690


     Search term "FDA+Requirements"+"Software+Product+Lines"+"Traceability"
     Title Global Software Engineering Research in a Small Country.
     Author ['K Ryan']
     Venue ICECCS
     Year 2008
     Abstract Software Description Device Hazard and Risk Analysis Software Requirements Specification Architecture Design Design Specifications Requirements Traceability Analysis Development Validation  be Mapped to the FDA Requirements  Visualising Software Product Lines
     Url https://www.researchgate.net/profile/Kevin_Ryan19/publication/4331119_Global_Software_Engineering_Research_in_a_Small_Country/links/556f745408aec226830aab42.pdf


     Search term "FDA+Requirements"+"Software+Product+Lines"+"Traceability"
     Title Feature Interactions In Highly Configurable Systems: A Dynamic Analysis Approach With Varxplorer
     Author ['LR Soares', 'BB Salvador']
     Venue NA
     Year 2019
     Abstract 4. Variability-Aware Execution. 5. Software Product Lines. I. Santana de Almeida, Eduardo. II  Page 15. ABSTRACT Highly configurable systems (as known as software product lines) provide significant reuse opportunities by tailoring system variants based on a set of features
     Url https://www.researchgate.net/profile/Larissa_Soares3/publication/343678007_FEATURE_INTERACTIONS_IN_HIGHLY_CONFIGURABLE_SYSTEMS_A_DYNAMIC_ANALYSIS_APPROACH_WITH_VARXPLORER/links/5f3822d6458515b729245a0d/FEATURE-INTERACTIONS-IN-HIGHLY-CONFIGURABLE-SYSTEMS-A-DYNAMIC-ANALYSIS-APPROACH-WITH-VARXPLORER.pdf

