Showing papers for search query "FDA+Requirement"+"Formal+methods"+"Medical"

     Search term "FDA+Requirement"+"Formal+methods"+"Medical"
     Title Corporate requirement culture in development of a large scale medical system: A case study
     Author ['B DelSpina', 'S Gilliam', 'J Summers']
     Venue DS 92: Proceedings of …
     Year 2018
     Abstract Similar requirement behaviour was found to exist across medical, avionic (Anderson and Felici, 2002), and automotive domains (Morkos et al., 2012a), irrespective of project size; this work therefore provides quantitative and qualitative  Well that's not really an FDA requirement
     Url https://www.designsociety.org/publication/40654/CORPORATE+REQUIREMENT+CULTURE+IN+DEVELOPMENT+OF+A+LARGE+SCALE+MEDICAL+SYSTEM%3A+A+CASE+STUDY


     Search term "FDA+Requirement"+"Formal+methods"+"Medical"
     Title Information, paternalism, and rational decision-making: the balance of FDA new drug approval
     Author ['MD Greenberg']
     Venue Alb. LJ Sci. & Tech.
     Year 2002
     Abstract context for the cur- rent Symposium focus on FDA controls over Americans' access to alternative forms of medical care  22 In particular, the traditional FDA requirement for human clinical trials becomes unethical and inappropriate as applied to experimental countermeasures
     Url https://heinonline.org/hol-cgi-bin/get_pdf.cgi?handle=hein.journals/albnyst13&section=25


     Search term "FDA+Requirement"+"Formal+methods"+"Medical"
     Title A systematic review in research of medical software certification
     Author ['Q Huang']
     Venue NA
     Year 2011
     Abstract Page 1. A Systematic Review of Research in Medical Software Certification by Qi Huang BSc, South China Agricultural University, 1996  ii Supervisory Committee A Systematic review of research in medical software certification by Qi Huang BSc, University of Victoria, 1996
     Url http://dspace.library.uvic.ca/handle/1828/3561


     Search term "FDA+Requirement"+"Formal+methods"+"Medical"
     Title Assuring software reliability
     Author ['RJ Ellison']
     Venue NA
     Year 2014
     Abstract [Not Found]
     Url [Not Found]


     Search term "FDA+Requirement"+"Formal+methods"+"Medical"
     Title Mission-critical and safety-critical systems handbook: Design and development for embedded applications
     Author ['K Fowler']
     Venue NA
     Year 2009
     Abstract Whether medical, avionics, military, or space, all deal with multiple © 2010 Elsevier, Inc  Common tools used in the design of safety-critical systems are redundancy and formal methods” [8]. Quality: The degree for which the sum total of product characteristics fulfill all of the
     Url https://books.google.com/books?hl=en&lr=&id=zJAFv6MrcAgC&oi=fnd&pg=PP1&dq=%22FDA+Requirement%22+%22Formal+methods%22+%22Medical%22&ots=r8tjePAWYR&sig=bcNaKRgIO2Q9HhPS8T11fkHmD2M


     Search term "FDA+Requirement"+"Formal+methods"+"Medical"
     Title Best practices in mission-assured, mission-critical, and safety-critical systems
     Author ['K Fowler']
     Venue Mission-Critical and Safety-Critical Systems Handbook
     Year 2010
     Abstract Common tools used in the design of safety-critical systems are redundancy and formal methods” [8]  Medical Devices, Military Equipment, Spacecraft Instruments  Disposal, FDA requirement for supplier to track, record, and dispose, As required by customer or by international
     Url https://www.sciencedirect.com/science/article/pii/B9780750685672000019

