Showing papers for search query "FDA+Requirement"+"PLC"+OR+"FPGA"+"Traceability"

     Search term "FDA+Requirement"+"PLC"+OR+"FPGA"+"Traceability"
     Title 21 CFR part 11: Complete guide to international computer validation compliance for the pharmaceutical industry
     Author ['O López']
     Venue NA
     Year 2004
     Abstract planning, verification, testing, traceability, configuration management, and many other aspects of good software engineeringthat together help to support a final conclusion that software is validated.3 The key words in the preceding paragraph are 'objective evidence
     Url https://books.google.com/books?hl=en&lr=&id=X3qmDwAAQBAJ&oi=fnd&pg=PP1&dq=%22FDA+Requirement%22+%22PLC%22+OR+%22FPGA%22+%22Traceability%22&ots=DZ3-4h3eNB&sig=kKkyoWHwTyOWsbNzVJmPpXFuSFU


     Search term "FDA+Requirement"+"PLC"+OR+"FPGA"+"Traceability"
     Title THE DEMISE OF RULE MAKING AND THE RISE OF GUIDANCES
     Author ['BM Thompson']
     Venue NA
     Year NA
     Abstract MD+DI Online is part of the Informa Markets Division of Informa PLC  This site is operated by a business or businesses owned by Informa PLC and all copyright resides with them. Informa PLC's registered office is 5 Howick Place, London SW1P 1WG
     Url https://www.mddionline.com/sitemap/articlepermonth/5/3?page=229


     Search term "FDA+Requirement"+"PLC"+OR+"FPGA"+"Traceability"
     Title Can design controls, as formulated in 21 CFR part 820.30, ensure that another poorly designed medical device like the Bjork-Shiley Convexo-Concave heart …
     Author ['P Lindwall']
     Venue NA
     Year 2009
     Abstract 60 applied for a patent, the compound would enter into the public domain. Some 20 years later, Dr. Samuel Broder of NCI persuaded Burroughs Wellcome, an American subsidiary of Wellcome PLC of Great Britain, to start manufacture of ATZ
     Url http://search.proquest.com/openview/fdf84f1c37683a44edd7f16186da6975/1?pq-origsite=gscholar&cbl=18750&diss=y


     Search term "FDA+Requirement"+"PLC"+OR+"FPGA"+"Traceability"
     Title Mission-critical and safety-critical systems handbook: Design and development for embedded applications
     Author ['K Fowler']
     Venue NA
     Year 2009
     Abstract 159 2.5 Subpart D—Document Controls.....159 2.6 Subpart E—Purchasing Controls.....161 2.7 Subpart F—Identification and Traceability.....162 2.8 Subpart G—Production and
     Url https://books.google.com/books?hl=en&lr=&id=zJAFv6MrcAgC&oi=fnd&pg=PP1&dq=%22FDA+Requirement%22+%22PLC%22+OR+%22FPGA%22+%22Traceability%22&ots=r8tjePAWXT&sig=dKFASlcFS0PY7wtkTMRI7BP9_4M


     Search term "FDA+Requirement"+"PLC"+OR+"FPGA"+"Traceability"
     Title The Next Wave: Federal Regulatory, Intellectual Property, and Tort Liability Considerations for Medical Device Software
     Author ['PA Mathew']
     Venue J. Marshall Rev. Intell. Prop. L.
     Year 2002
     Abstract " Traceability Analysis - a matrix linking requirements, design specifications, hazards and validation;  and associated software, the replacement of a cubaclinical serial connector, and data controller operating instructions for a bone sonometer to be marketed by McCue PLC)
     Url https://heinonline.org/hol-cgi-bin/get_pdf.cgi?handle=hein.journals/johnmars2&section=18


     Search term "FDA+Requirement"+"PLC"+OR+"FPGA"+"Traceability"
     Title Best practices in mission-assured, mission-critical, and safety-critical systems
     Author ['K Fowler']
     Venue Mission-Critical and Safety-Critical Systems Handbook
     Year 2010
     Abstract Disposal, FDA requirement for supplier to track, record, and dispose, As required by customer or by international standards (ie, RoHS  to the aerospace industry such as part accountability, foreign object detection, production documentation, part identification, and part traceability
     Url https://www.sciencedirect.com/science/article/pii/B9780750685672000019


     Search term "FDA+Requirement"+"PLC"+OR+"FPGA"+"Traceability"
     Title The Next Wave: Federal Regulatory, Intellectual Property, and Tort Liability Considerations for Medical Device Software, 2 J. Marshall Rev. Intell. Prop. L. 259 …
     Author ['PA Mathew']
     Venue The John Marshall Review of Intellectual Property …
     Year 2003
     Abstract " Traceability Analysis - a matrix linking requirements, design specifications, hazards and validation;  and associated software, the replacement of a cubaclinical serial connector, and data controller operating instructions for a bone sonometer to be marketed by McCue PLC)
     Url http://repository.jmls.edu/cgi/viewcontent.cgi?article=1032&context=ripl


     Search term "FDA+Requirement"+"PLC"+OR+"FPGA"+"Traceability"
     Title Golden Rice: The Imperiled Birth of a Gmo Superfood
     Author ['E Regis']
     Venue NA
     Year 2019
     Abstract Page 1. |º º - º º º #. º º º º º º 1. º º *** º º * - - tº: º º: º º º - --- º º - º º - - tº r". º º: º - º- - º º º º: tº ºn 1 º º ºn- º: º -- tº- Tº Tºº - º: º - | --- º - ---- º --- ºfºº --- º º -- --- º: zºº ----- ºn-tº- ºf ºººººººººº-ºº: ºº:::::º.º
     Url https://books.google.com/books?hl=en&lr=&id=VxytDwAAQBAJ&oi=fnd&pg=PP1&dq=%22FDA+Requirement%22+%22PLC%22+OR+%22FPGA%22+%22Traceability%22&ots=8t4sYMjqSq&sig=UTaItM9gsyam2nuv2r4zuSWYkHU


     Search term "FDA+Requirement"+"PLC"+OR+"FPGA"+"Traceability"
     Title NIST-EEEL
     Author ['EI Assessment']
     Venue Economic Analysis
     Year 2000
     Abstract laser exposure levels before beginning a medical procedure to within ± 1.5 percent accuracy traceable to NIST's standards, rather than the historical FDA requirement of ± 20 percent  Page 16. ES- 9 The more stringent requirement for absolute standards traceability represents a
     Url https://www.nist.gov/system/files/documents/tpo/No-14-PR-00-3-Fiberoptic.pdf


     Search term "FDA+Requirement"+"PLC"+OR+"FPGA"+"Traceability"
     Title Design of Electromechanical Products: A Systems Approach
     Author ['A Jamnia']
     Venue NA
     Year 2016
     Abstract [Not Found]
     Url [Not Found]


     Search term "FDA+Requirement"+"PLC"+OR+"FPGA"+"Traceability"
     Title EUPASS Technology Roadmap V. 2.0
     Author ['M Onori', 'J Barata', 'C Hanisch']
     Venue NA
     Year 2009
     Abstract Page 1. Outlook Report on the Future of European Assembly Automation January 2009 Mauro Onori ISBN 91-7178-522-1 ISBN 978-91-7178-522-0 © EUPASS Copyright Page 2. EUPASS – OUTLOOK REPORT JANUARY 2009 Page 2 CONTENTS
     Url https://www.diva-portal.org/smash/get/diva2:370147/FULLTEXT01.pdf

