Showing papers for search query "Formal+methods"+"Regulated+Domain"+"Traceability"

     Search term "Formal+methods"+"Regulated+Domain"+"Traceability"
     Title Can Regulatory Bodies Expect Efficient Help from Formal Methods?.
     Author ['ERL Ruiz', 'M Lemoine']
     Venue NASA Formal Methods
     Year 2010
     Abstract 91 Page 6. Can regulatory bodies expect efficient help from formal methods? López and Lemoine  Developing a common and understandable abstraction of the regulated domain and the participat- ing entity-classes  Providing a deeper linkage (traceability) between the
     Url https://shemesh.larc.nasa.gov/NFM2010/papers/nfm2010_87_96.pdf


     Search term "Formal+methods"+"Regulated+Domain"+"Traceability"
     Title Can regulatory bodies expect efficient help from formal methods?
     Author ['ER Lopez Ruiz', 'M Lemoine']
     Venue NA
     Year 2010
     Abstract 91 Page 6. Can regulatory bodies expect efficient help from formal methods? López and Lemoine  Developing a common and understandable abstraction of the regulated domain and the participat- ing entity-classes  Providing a deeper linkage (traceability) between the
     Url https://ntrs.nasa.gov/search.jsp?R=20100018539


     Search term "Formal+methods"+"Regulated+Domain"+"Traceability"
     Title The application of a lean software development methodology within the regulated domain of medical device software
     Author ['O Cawley']
     Venue NA
     Year 2013
     Abstract Page 1. The Application of a Lean Software Development Methodology within the Regulated Domain of Medical Device Software Oisín Cawley Ph.D. 2013 Supervised by: Dr. Ita Richardson  53 2.8.4 Regulatory focus on full traceability ..... 54
     Url https://www.researchgate.net/profile/Oisin_Cawley/publication/291823790_The_Application_of_a_Lean_Software_Development_Methodology_within_the_Regulated_Domain_of_Medical_Device_Software/links/56a6561308ae6c437c1aeae8.pdf


     Search term "Formal+methods"+"Regulated+Domain"+"Traceability"
     Title Opening up the verification and validation of safety-critical software
     Author ['H Hungar', 'M Behrens']
     Venue Software Engineering 2013-Workshopband
     Year 2013
     Abstract does V&V within an open devel- opment mean, and how could it be implemented in the regulated domain of safety  V&V Requirements Traceability Matrix links every V&V artifact back to the require- ments to measure eg test  with Lots on Formal Methods / Software Verification
     Url https://dl.gi.de/handle/20.500.12116/17400


     Search term "Formal+methods"+"Regulated+Domain"+"Traceability"
     Title Evaluation of CESAR: Pilot Applications
     Author ['G Fenu', 'E Armengaud', 'O Bridal', 'S De Martino']
     Venue CESAR-Cost-efficient …
     Year 2013
     Abstract certified components. A considerable effort could be saved, if the safety system is split into modules with minimum dependency. During the project, formal methods for this have been developed and tested. The research issues
     Url https://link.springer.com/chapter/10.1007/978-3-7091-1387-5_9


     Search term "Formal+methods"+"Regulated+Domain"+"Traceability"
     Title Interlocking Safety Cases for Unmanned Autonomous Systems in Shared Airspaces
     Author ['M Vierhauser', 'S Bayley', 'J Wyngaard']
     Venue IEEE Transactions …
     Year 2019
     Abstract applications meet satisfactory safety standards. Our approach is meant to complement existing safety practices and could, for exam- ple, be used as part of a formal review process in a regulated domain. We propose a novel
     Url https://ieeexplore.ieee.org/abstract/document/8674543/


     Search term "Formal+methods"+"Regulated+Domain"+"Traceability"
     Title Reasoning About Legal Text Evolution for Regulatory Compliance in Software Systems.
     Author ['JC Maxwell']
     Venue NA
     Year 2013
     Abstract The regulatory agency then issues a final rule that is binding on the regulated domain  Software engineers are encouraged to work with legal domain experts to understand the implications of case law in their specific regulated domain
     Url https://repository.lib.ncsu.edu/bitstream/handle/1840.16/8582/etd.pdf?sequence=2


     Search term "Formal+methods"+"Regulated+Domain"+"Traceability"
     Title Assurance of system safety: A survey of design and argument patterns
     Author ['M Gleirscher', 'S Kugele']
     Venue arXiv preprint arXiv:1902.05537
     Year 2019
     Abstract Depending on the regulated domain, the engineering disci- pline, and the level of abstraction, an enhancement leading to a safety-enhanced design (Figure 1) is called “risk reduction measure” [IEC 61508], “safety function,” “safety measure,” “safety pat- tern” [Preschern et al
     Url https://arxiv.org/abs/1902.05537

