Showing papers for search query "Formal+methods"+"Regulated+Environment"

     Search term "Formal+methods"+"Regulated+Environment"
     Title ARES: An Agile Requirements Specification Process for Regulated Environments
     Author ['J Marques', 'AM da Cunha']
     Venue International Journal of Software …
     Year 2019
     Abstract This work explains that agile methods can provide bene¯ts, but points out the main di±culties in regulated environment  The possibility of integrating Scrum with the use of formal methods was explored in the work presented by Wolf [40]
     Url https://www.worldscientific.com/doi/abs/10.1142/S021819401950044X


     Search term "Formal+methods"+"Regulated+Environment"
     Title DSS requirements to support the regulated decision making process of public procurement
     Author ['C Csáki', 'F Adam']
     Venue Journal of decision systems
     Year 2010
     Abstract procurement solutions place special requirements on DSS if they are to make a contribution in this highly regulated environment  show that purchasers and other stakeholders in the selection process sometimes hold sceptical attitudes towards more advanced formal methods
     Url https://orsociety.tandfonline.com/doi/abs/10.3166/jds.19.439-464


     Search term "Formal+methods"+"Regulated+Environment"
     Title Formal Methods
     Author ["G O'Regan"]
     Venue Introduction to Software Quality
     Year 2014
     Abstract Intuition varies from person to person. Many programmers find the notation in formal methods to be unintuitive. Formal specification  However, it may be useful in the regulated environment. 17.16.2 Characteristics of a Usable Formal Method
     Url https://link.springer.com/chapter/10.1007/978-3-319-06106-1_17


     Search term "Formal+methods"+"Regulated+Environment"
     Title Review of Formal Agile Methods as Cost-Effective Airworthiness Certification Processes
     Author ['MA Blooshi', 'S Jafer', 'K Patel']
     Venue Journal of Aerospace Information Systems
     Year 2018
     Abstract Their work was an attempt to help use the advantages of using the combination of Agile and formal methods in software development (formal XP  as well as details of the Agile implementation and how it was customized to tackle challenges enforced by a regulated environment
     Url https://arc.aiaa.org/doi/abs/10.2514/1.I010601


     Search term "Formal+methods"+"Regulated+Environment"
     Title AN ANALYSIS OF SOFTWARE REQUIREMENTS SPECIFICATION CHARACTERISTICS IN REGULATED ENVIRONMENTS
     Author ['J Marques', 'S Yelisetty']
     Venue NA
     Year NA
     Abstract providers to meet stringent certification requirements [1]. The development of safety-critical systems is usually part of a regulated environment  20]), model-based development (RTCA DO- 331 [21]), object-oriented technology (RTCA DO-332 [22]) and formal methods (RTCA DO
     Url https://www.academia.edu/download/61416163/10619ijsea0120191203-123971-eytknk.pdf


     Search term "Formal+methods"+"Regulated+Environment"
     Title Software System Architecture Development in a Regulated Environment
     Author ['M Tarvainen']
     Venue NA
     Year 2018
     Abstract Page 2. Abstract Author Title Number of Pages Date Mika Tarvainen Software System Architecture Development in a Regulated Environment 62 pages + 4 appendices 15 November 2018 Degree Master of Engineering  1 2 Background 3 2.1 The Regulated Environment 3
     Url https://www.theseus.fi/handle/10024/155106


     Search term "Formal+methods"+"Regulated+Environment"
     Title Application software configuration management testing in a pharmaceutical laboratory automation environment
     Author ['TF Linehan']
     Venue 1988 Conference on Software Maintenance
     Year 1988
     Abstract During ,the course ,of implementing ,large ,automation system ,projects, ,we found ,that ,some ,formal methods ,and procedures ,for configuration ,management were vital to our ,success  In our govern- ,ment-regulated environment, ,we must be ,able to ,identify ,previow
     Url https://www.computer.org/csdl/proceedings-article/icsm/1988/00010159/12OmNwHhoWk


     Search term "Formal+methods"+"Regulated+Environment"
     Title Technology Transfer to Industry
     Author ["G O'Regan"]
     Venue Concise Guide to Formal Methods
     Year 2017
     Abstract The notation employed differs from that employed in classical mathematics. Intuition varies from person to person, but many programmers find the notation in formal methods to be unintuitive. Formal specification  However, it may be useful in the regulated environment
     Url https://link.springer.com/chapter/10.1007/978-3-319-64021-1_18


     Search term "Formal+methods"+"Regulated+Environment"
     Title Agile processes and formal methods in railway systems
     Author ['GO Spagnolo']
     Venue NA
     Year 2016
     Abstract 76 3 Development of a sub-component within Formal Methods 78 3.1 Formal Methods in ATS  doing so. The study [9] focuses on a case study in which an agile approach was implemented successfully in a regulated environment. They concluded
     Url https://flore.unifi.it/bitstream/2158/1026872/1/Tesi_Phd_Spagnolo.pdf


     Search term "Formal+methods"+"Regulated+Environment"
     Title FM-BIASED
     Author ['A Ruiz', 'MC Palacios', 'M Alvarez']
     Venue NA
     Year NA
     Abstract [Not Found]
     Url [Not Found]


     Search term "Formal+methods"+"Regulated+Environment"
     Title Sweetening Regulated Open Multi-Agent Systems with Support for Agents to Reason about Laws
     Author ['CH Felicíssimo', 'JARP Sardinha', 'CJP de Lucena']
     Venue NA
     Year NA
     Abstract Environment laws are those that are applied to all agents from the regulated environment, independently of its organizations, roles and interac- tions  In Proc. of Formal Methods for Open Object-based Distributed Systems, IFIP Transactions, 1997
     Url http://www.cs.cmu.edu/~alberto/papers/05_32_felicissimo.pdf


     Search term "Formal+methods"+"Regulated+Environment"
     Title Specification of software systems
     Author ['VS Alagar', 'K Periyasamy']
     Venue NA
     Year 2011
     Abstract While preserving the original intent of focusing on software specification, this edition emphasizes the practice of formal methods for specification and verification activities for different types of software systems and at different stages of developing the software systems
     Url https://books.google.com/books?hl=ru&lr=&id=xgwKrcy0TzAC&oi=fnd&pg=PR3&dq=%22Formal+methods%22+%22Regulated+Environment%22&ots=htiXyzkiMJ&sig=O_j2iJilXdn2sBUr482OZkoMy80


     Search term "Formal+methods"+"Regulated+Environment"
     Title Technology Transfer
     Author ["G O'Regan"]
     Venue Mathematical Approaches to Software Quality
     Year 2006
     Abstract Table 11.2. Factors in Difficulty of Formal Methods 8 I doubt that refinement is cost effective for mainstream software engineering. However, it may be useful in the regulated environment. Page 6. 216 Mathematical Approaches to Software Quality
     Url https://link.springer.com/content/pdf/10.1007/1-84628-435-9_11.pdf


     Search term "Formal+methods"+"Regulated+Environment"
     Title Creative Problem Solving and Human Rights
     Author ['TD Barton']
     Venue Human Rights
     Year 1999
     Abstract Ironically, the considerable success of civil rights suits may have deflected attention from less formal methods for ensuring human rights  As a thought process, CPS may be used by lawyers, judges, or any other decision maker in a regulated environment
     Url https://www.jstor.org/stable/27880171


     Search term "Formal+methods"+"Regulated+Environment"
     Title Test-Driven Approach for Safety-Critical Software Development.
     Author ['O Özçelik', 'DT Altilar']
     Venue JSW
     Year 2015
     Abstract successfully in a regulated environment [8]. They concluded that the agile process as it has been adopted and augmented in a case study has worked very well in the regulated environment. In another study Wolff describes a way to add the use of formal methods to the agile
     Url https://www.researchgate.net/profile/D_Turgay_Altilar/publication/283197222_Test-Driven_Approach_for_Safety-Critical_Software_Development/links/5706580008aea3d280210fce/Test-Driven-Approach-for-Safety-Critical-Software-Development.pdf


     Search term "Formal+methods"+"Regulated+Environment"
     Title Continuous software engineering and beyond: trends and challenges
     Author ['B Fitzgerald', 'KJ Stol']
     Venue Proceedings of the 1st International Workshop on …
     Year 2014
     Abstract requirements. Continuous verification seeks to employ verification activities including formal methods and inspec  Fitzgerald et al. [22] discuss the tailoring of the Scrum method for a regulated environment, R-Scrum as it is termed. In
     Url https://dl.acm.org/doi/abs/10.1145/2593812.2593813


     Search term "Formal+methods"+"Regulated+Environment"
     Title ARRL: A criterion for compositional safety and systems engineering: A normative approach to specifying components
     Author ['E Verhulst', 'BHC Sputh']
     Venue 2013 IEEE international symposium …
     Year 2013
     Abstract For example SIL-4 imposes redundancy and positions the use of formal methods as highly recommended  4. The railway and aviation sectors are certified in conjunction with a regulated environment and infrastructure that contributes to the overall safety
     Url https://ieeexplore.ieee.org/abstract/document/6688861/


     Search term "Formal+methods"+"Regulated+Environment"
     Title The Regulatory Influence On Management Information Systems-A Contingency Perspective
     Author ['M Eggert', 'A Winkelmann', 'P Lohmann', 'R Knackstedt']
     Venue NA
     Year 2013
     Abstract The more compliance and legal experts are involved in regulatory-driven IS projects the more project members use formal methods, such as  1). Thereby, we confirm the relationship that has already been proposed for IS projects in a non-regulated environment (Ravichandran &
     Url https://aisel.aisnet.org/cgi/viewcontent.cgi?article=1232&context=ecis2013_cr


     Search term "Formal+methods"+"Regulated+Environment"
     Title From Safety Integrity Level to Assured Reliability and Resilience Level for Compositional Safety Critical Systems
     Author ['E Verhulst', 'JL de la Vara', 'BHC Sputh']
     Venue … Conference on Simulation …
     Year 2013
     Abstract For example SIL-4 imposes redundancy and positions the use of formal methods as highly recommended  4. The railway and aviation sectors are certified in conjunction with a regulated environment and infrastructure that contributes to the overall safety
     Url http://citeseerx.ist.psu.edu/viewdoc/download?doi=10.1.1.448.7527&rep=rep1&type=pdf


     Search term "Formal+methods"+"Regulated+Environment"
     Title Safety-critical systems and agile development: a mapping study
     Author ['R Kasauli', 'E Knauss', 'B Kanagwa']
     Venue 2018 44th Euromicro …
     Year 2018
     Abstract 2012 4 (CSCI [GŁ12])1 SPICE [MMC12], FormSERA WS [Wol12], ISSREW WS [JLP12] risks of agile, documentation, traceability, regulatory compliance, up front planning, managing multiple releases, formal methods, requirements analysis, change management
     Url https://ieeexplore.ieee.org/abstract/document/8498249/


     Search term "Formal+methods"+"Regulated+Environment"
     Title CS 203 Survey Paper
     Author ['CCCCPL Risla']
     Venue NA
     Year 2000
     Abstract the fact is that formal methods are all about specification." [9  to be the most straightforward approach, both in resulting ease of expression and during development, although that might be due to the fact that the Risla product actually had to work in a strictly regulated environment
     Url http://stidolph.com/donna/Financial_DSLs.doc


     Search term "Formal+methods"+"Regulated+Environment"
     Title Environmental scanning for the hospitality industry
     Author ['A Reichel', 'JF Preble']
     Venue Hospitality Education and Research …
     Year 1984
     Abstract decade. Airlines once operated in a highly regulated environment characterized by slow rates of change  structure). 2. Collecting information on selected EFs using informal and formal methods and human and documentary sources
     Url https://journals.sagepub.com/doi/abs/10.1177/109634808400900105


     Search term "Formal+methods"+"Regulated+Environment"
     Title The learning process in the epistemology of medical information.
     Author ['WJ Clancey']
     Venue Methods of Information in Medicine
     Year 1995
     Abstract For example, the non-regulated environment today forces engineers in telecommunications businesses to develop new products in collaboration with  Basic research is the realm of tidy categories of "knowledge," the realm of disciplines, formal methods, and languages
     Url http://cogprints.org/311/


     Search term "Formal+methods"+"Regulated+Environment"
     Title The application of a lean software development methodology within the regulated domain of medical device software
     Author ['O Cawley']
     Venue NA
     Year 2013
     Abstract how a lean software development methodology might be applied within the MD domain, this research developed a framework for conceptualising the challenges and opportunities of applying lean/agile philosophies and practices within such a regulated environment
     Url https://www.researchgate.net/profile/Oisin_Cawley/publication/291823790_The_Application_of_a_Lean_Software_Development_Methodology_within_the_Regulated_Domain_of_Medical_Device_Software/links/56a6561308ae6c437c1aeae8.pdf


     Search term "Formal+methods"+"Regulated+Environment"
     Title Financial and environmental behavior of the regulated firm: A case study of the United States nuclear power industry, 1974-1984
     Author ['EP Mitchell']
     Venue NA
     Year 1991
     Abstract Page 1. University of New Hampshire University of New Hampshire Scholars' Repository Doctoral Dissertations Student Scholarship VVinter 1991 Financial and environmental behavior ofthe regulated firm: A case study ofthe
     Url https://scholars.unh.edu/dissertation/1668/


     Search term "Formal+methods"+"Regulated+Environment"
     Title The Role of Specification
     Author ['VS Alagar', 'K Periyasamy']
     Venue Specification of Software Systems
     Year 2011
     Abstract 2, we discuss a life-cycle model in which formal methods is integrated in all phases of development activity, from domain analysis to run  Rail's signaling system [18] and the on-board avionics software for an Israel aircraft [14], a well-studied and regulated environment can be
     Url https://link.springer.com/chapter/10.1007/978-0-85729-277-3_1


     Search term "Formal+methods"+"Regulated+Environment"
     Title The dynamics of agile practices for safety-critical software development
     Author ['PA Nielsen', 'LT Heeager']
     Venue Proceedings of the XP2017 Scientific …
     Year 2017
     Abstract Adopting agile in an FDA regulated environment. Agile Conference, AGILE 2009. (2009), 151–155  Proceedings of the First International Workshop on Formal Methods in Software Engineering: Rigorous and Agile Approaches (Zurich, 2012), 23–29. [37] Yin, RK 2003
     Url https://dl.acm.org/doi/abs/10.1145/3120459.3120481


     Search term "Formal+methods"+"Regulated+Environment"
     Title Privacy with surgical robotics: challenges in applying contextual privacy theory
     Author ['R Shah', 'S Nagaraja']
     Venue arXiv preprint arXiv:1909.01862
     Year 2019
     Abstract Human surgeons undergo years of training and peer review in an strongly regulated environment, and they derive trust via a pa- tient's faith  While verification techniques based on formal methods might help, we believe a complete solution must involve experts to pro- vide some
     Url https://arxiv.org/abs/1909.01862


     Search term "Formal+methods"+"Regulated+Environment"
     Title Integration of the 4+ 1 software safety assurance principles with scrum
     Author ['O Doss', 'T Kelly', 'T Stålhane', 'B Haugset']
     Venue European Conference on …
     Year 2017
     Abstract methods into a regulator environment [6]. Jonsson [7] describes a mapping between requirements in a regulated environment (EN 50128  Independence is particularly important for the developers of the verification procedures (testing, formal methods, etc.) Surely they should
     Url https://link.springer.com/chapter/10.1007/978-3-319-64218-5_6


     Search term "Formal+methods"+"Regulated+Environment"
     Title ARRL: a criterion for composable safety and systems engineering
     Author ['E Verhulst', 'BHC Sputh']
     Venue NA
     Year 2013
     Abstract For example, SIL-4 imposes redundancy and positions the use of formal methods as highly recommended  Page 6. • The railway and aviation sectors are certified in conjunction with a regulated environment and infrastructure that contributes to the overall safety
     Url https://hal.archives-ouvertes.fr/hal-00848521/


     Search term "Formal+methods"+"Regulated+Environment"
     Title Large transport aircraft: Solving control challenges of the future
     Author ['T Jones']
     Venue Annual Reviews in Control
     Year 2014
     Abstract of large transport aircraft is driven by safety, cost, passenger comfort and environmental impact, all within a highly competitive and regulated environment  control solutions tested and a high fidelity model in place, the next step is to make use of modern formal methods to create
     Url https://www.sciencedirect.com/science/article/pii/S136757881400039X


     Search term "Formal+methods"+"Regulated+Environment"
     Title Information and Communication Technologies in Education, Research, and Industrial Applications
     Author ['N Bassiliades', 'V Ermolayev', 'HG Fill', 'V Yakovyna']
     Venue NA
     Year 2018
     Abstract and distributed systems in modern industrial engineering settings (3) The development and application of formal methods for: software  and its software implementation, based on a probabilistic model, for generating pedagogical interventions in a self-regulated environment
     Url https://link.springer.com/content/pdf/10.1007/978-3-319-76168-8.pdf


     Search term "Formal+methods"+"Regulated+Environment"
     Title Use of the RTCA DO-330 in aeronautical databases
     Author ['J Marques', 'AM da Cunha']
     Venue 2015 IEEE/AIAA 34th Digital …
     Year 2015
     Abstract The development of safety-critical systems is usually part of a regulated environment  developed including special recommendations regarding tool qualification (DO -330), model-based development (DO-331), object-oriented technology (DO-332), and formal methods (DO-333
     Url https://ieeexplore.ieee.org/abstract/document/7311479/


     Search term "Formal+methods"+"Regulated+Environment"
     Title Applicability of usability evaluation techniques to aviation systems
     Author ['M Clamann', 'DB Kaber']
     Venue The international journal of aviation …
     Year 2004
     Abstract In the complex, dynamic, tightly regulated environment of aviation, the chal- lenge of performing a usability evaluation expands considerably in comparison to evaluation of traditional human–computer interaction (HCI) applications
     Url https://www.tandfonline.com/doi/abs/10.1207/s15327108ijap1404_4


     Search term "Formal+methods"+"Regulated+Environment"
     Title Software tools for safety-critical software development
     Author ['A Wassyng', 'M Lawford']
     Venue International Journal on Software Tools for …
     Year 2006
     Abstract SPECIAL SECTION ON THE INDUSTRIALIZATION OF FORMAL METHODS: A VIEW FROM FORMAL METHODS 2003  Any reported findings could be made public and used as a basis for further evaluation and use of the tools in a regulated environment
     Url https://link.springer.com/article/10.1007/s10009-005-0209-6


     Search term "Formal+methods"+"Regulated+Environment"
     Title The economics of lawmaking
     Author ['F Parisi', 'V Fon']
     Venue NA
     Year 2009
     Abstract We consider some characterizing features of our sources of law and examine them with the aid of the formal methods of economic analysis  recovered if the enacted rule proves to be ineffective or undesirable at a later time) and exogenous changes in the regulated environment
     Url https://books.google.com/books?hl=ru&lr=&id=hURRDAAAQBAJ&oi=fnd&pg=PR7&dq=%22Formal+methods%22+%22Regulated+Environment%22&ots=dE0q8BpSKH&sig=FBlkLxsS00mvMhSU1kvP-F3oN90


     Search term "Formal+methods"+"Regulated+Environment"
     Title Analyzing the Interplay Between Regulatory Compliance and Cybersecurity (Revised)
     Author ['A Marotta', 'S Madnick']
     Venue NA
     Year 2020
     Abstract More specifically, in the financial sector, the increasingly regulated environment and the lack of updates to regulations are some of the problems that may significantly affect the effectiveness of  In International Symposium on Leveraging Applications of Formal Methods (pp
     Url https://papers.ssrn.com/sol3/papers.cfm?abstract_id=3569902


     Search term "Formal+methods"+"Regulated+Environment"
     Title Continuous software engineering: A roadmap and agenda
     Author ['B Fitzgerald', 'KJ Stol']
     Venue Journal of Systems and Software
     Year 2017
     Abstract JavaScript is disabled on your browser. Please enable JavaScript to use all the features on this page. Skip to main content Skip to article
     Url https://www.sciencedirect.com/science/article/pii/S0164121215001430


     Search term "Formal+methods"+"Regulated+Environment"
     Title A conceptual model of agile software development in a safety-critical context: A systematic literature review
     Author ['LT Heeager', 'PA Nielsen']
     Venue Information and Software Technology
     Year 2018
     Abstract JavaScript is disabled on your browser. Please enable JavaScript to use all the features on this page. Skip to main content Skip to article
     Url https://www.sciencedirect.com/science/article/pii/S0950584918301125


     Search term "Formal+methods"+"Regulated+Environment"
     Title A critical assessment of the design issues in e‐commerce systems development
     Author ['SA Ehikioya', 'E Guillemot']
     Venue Engineering Reports
     Year 2020
     Abstract The position held by Koussouris and Di Nitto41 supports the various views expressed in the literature1, 2, 9, 21, 43 canvassing for the use of formal methods in the modeling of e‐commerce applications. The main challenges
     Url https://onlinelibrary.wiley.com/doi/abs/10.1002/eng2.12155


     Search term "Formal+methods"+"Regulated+Environment"
     Title Designing for privacy in interactive systems
     Author ['C Jensen']
     Venue NA
     Year 2005
     Abstract Page 1. DESIGNING FOR PRIVACY IN INTERACTIVE SYSTEMS A Dissertation Presented to The Academic Faculty by Carlos Jensen In Partial Fulfillment of the Requirements for the Degree Doctor of Philosophy in the College of Computing
     Url https://smartech.gatech.edu/handle/1853/7588


     Search term "Formal+methods"+"Regulated+Environment"
     Title Designing normative theories of ethical reasoning: Formal framework, methodology, and tool support
     Author ['C Benzmüller', 'X Parent', 'L van der Torre']
     Venue arXiv preprint arXiv:1903.10187
     Year 2019
     Abstract by representing examples, ethico-legal domain theories, deontic logics and logic combinations in a computational system we enable predictions and their assessment, and ap- ply formal methods  Like humans, intelligent systems evolve in a highly regulated environment
     Url https://arxiv.org/abs/1903.10187


     Search term "Formal+methods"+"Regulated+Environment"
     Title Managing and measuring social enterprises
     Author ['R Paton']
     Venue NA
     Year 2003
     Abstract Page 1. Managing and Measuring Social Enterprises ROB PATON Page 2. Page 3. Managing and Measuring Social Enterprises This one 5956-L29-X2PT Page 4. Page 5. Managing and Measuring Social Enterprises ROB PATON SAGE Publications London
     Url https://books.google.com/books?hl=ru&lr=&id=e9vKZhyuAosC&oi=fnd&pg=PP9&dq=%22Formal+methods%22+%22Regulated+Environment%22&ots=-Olb0_nRD7&sig=hjUfxNY5NijY-PfhAJMobU87quI


     Search term "Formal+methods"+"Regulated+Environment"
     Title Electronic institutions infrastructure for e-chartering
     Author ['M Sardis', 'G Vouros']
     Venue International Workshop on Engineering Societies in …
     Year 2007
     Abstract of electronic institutions (EIs) is highly complex and critical, this section briefly presents the constituent elements of EIs, as well as their design and development methodology [7][8]. In order to clarify the meaning of 'relevant interac- tions in a regulated environment' we present
     Url https://link.springer.com/chapter/10.1007/978-3-540-87654-0_4


     Search term "Formal+methods"+"Regulated+Environment"
     Title The role of the South African regulatory authorities in combating money laundering and terrorist financing perpetrated through alternative remittance systems
     Author ['C Nortier']
     Venue NA
     Year 2010
     Abstract Boyle 2003, p.4). In this regard, the use of the word “alternative” may indicate the difference between remitters who operate in the regulated environment and those who operate outside the regulatory boundaries. However, this interpretation differs from that of
     Url https://repository.up.ac.za/handle/2263/27922


     Search term "Formal+methods"+"Regulated+Environment"
     Title Antifragility: systems engineering at its best
     Author ['E Verhulst', 'B Sputh', 'P Van Schaik']
     Venue Journal of Reliable Intelligent …
     Year 2015
     Abstract For example, SIL-4 imposes redundancy and positions the use of formal methods as highly recommended  4. The railway and aviation sectors are certified in con- junction with a regulated environment and infrastructure that contributes to the overall safety
     Url https://link.springer.com/content/pdf/10.1007/s40860-015-0013-3.pdf


     Search term "Formal+methods"+"Regulated+Environment"
     Title A new approach to the development and maintenance of industrial sequence logic
     Author ['P Hopkinson']
     Venue NA
     Year 1998
     Abstract 183 10.3 INDUSTRIAL AUTOMATION TECHNOLOGY ..... 185 10.4 MODEL-BASED AND FORMAL METHODS APPROACHES ..... 185
     Url https://repository.lboro.ac.uk/articles/A_new_approach_to_the_development_and_maintenance_of_industrial_sequence_logic/9520988/1


     Search term "Formal+methods"+"Regulated+Environment"
     Title The role of rapid prototypes in software validation
     Author ['DE Klingler']
     Venue Drug Information Journal
     Year 1987
     Abstract Klingler DE, Raskasky KR: Software engineer- ing standards in the pharmaceutical industry: Making the most of a regulated environment, in Proceedings of the IEEE Computer Society Computer  4. Franta WR, et al: Formal Methods of Program Verification and Specification
     Url https://journals.sagepub.com/doi/abs/10.1177/009286158702100409


     Search term "Formal+methods"+"Regulated+Environment"
     Title Requirements Engineering Challenges of Supporting Agile Teams in System Development
     Author ['R KASAULI']
     Venue NA
     Year 2018
     Abstract Page 1. Thesis for The Degree of Licentiate of Engineering Requirements Engineering Challenges of Supporting Agile Teams in System Development Rashidah Kasauli Namisanvu Division of Software Engineering Department
     Url https://research.chalmers.se/en/publication/506108


     Search term "Formal+methods"+"Regulated+Environment"
     Title Requirements Engineering Challenges of Supporting Agile Teams in System Development
     Author ['RK Namisanvu']
     Venue NA
     Year 2018
     Abstract Page 1. Thesis for The Degree of Licentiate of Engineering Requirements Engineering Challenges of Supporting Agile Teams in System Development Rashidah Kasauli Namisanvu Division of Software Engineering Department
     Url https://core.ac.uk/download/pdf/198050954.pdf

