Showing papers for search query "Formal+methods"+"PLC"+OR+"FPGA"+"Regulated+Environment"

     Search term "Formal+methods"+"PLC"+OR+"FPGA"+"Regulated+Environment"
     Title Review of Formal Agile Methods as Cost-Effective Airworthiness Certification Processes
     Author ['MA Blooshi', 'S Jafer', 'K Patel']
     Venue Journal of Aerospace Information Systems
     Year 2018
     Abstract Their work was an attempt to help use the advantages of using the combination of Agile and formal methods in software development (formal XP  as well as details of the Agile implementation and how it was customized to tackle challenges enforced by a regulated environment
     Url https://arc.aiaa.org/doi/abs/10.2514/1.I010601


     Search term "Formal+methods"+"PLC"+OR+"FPGA"+"Regulated+Environment"
     Title A new approach to the development and maintenance of industrial sequence logic
     Author ['P Hopkinson']
     Venue NA
     Year 1998
     Abstract 152 8.4.8 Allen-Bradley PLC Ladder Logic Generator ..... 153 8.4  185 10.4 MODEL-BASED AND FORMAL METHODS APPROACHES ..... 185 10.5
     Url https://repository.lboro.ac.uk/articles/A_new_approach_to_the_development_and_maintenance_of_industrial_sequence_logic/9520988/1


     Search term "Formal+methods"+"PLC"+OR+"FPGA"+"Regulated+Environment"
     Title Method for checking equivalence of code, non-transitory computer-readable storage medium, computer program product and computer for implementing the method
     Author ['R Kreckel', 'A Kuenzel']
     Venue US Patent App. 15/797,446
     Year 2018
     Abstract It is advantageous to work on generated code as opposed as to work on the graphical specification because in a regulated environment this is closer to the final product and avoids questions regarding the reliability of the translation step from graphical specification to code (the
     Url https://patents.google.com/patent/US20180074934A1/en

