Showing papers for search query "Hardware+simulation"+"Factory"

     Search term "Hardware+simulation"+"Factory"
     Title Virtual factory framework: a key enabler for agile manufacturing
     Author ['S Jain']
     Venue … Symposium on Emerging Technologies and Factory …
     Year 1995
     Abstract The integrated tools will thus create a virtual factory in simulation. The integration across functions can be validated at all the levels of plant hierarchy through use of synchronized simulations  8. Physical simulation hardware simulation * mock-ups
     Url https://ieeexplore.ieee.org/abstract/document/496778/


     Search term "Hardware+simulation"+"Factory"
     Title Development of the industrial IoT competences in the areas of organization, process, and interaction based on the learning factory concept
     Author ['N Gronau', 'A Ullrich', 'M Teichmann']
     Venue Procedia Manufacturing
     Year 2017
     Abstract ACI) [28, 29], comprises a hybrid simulation environment, which combines the benefits of virtual and hardware simulation and components  developing IIoT competences, a distinctive didactic concept is currently being developed and implemented within the ACI learning factory
     Url https://www.sciencedirect.com/science/article/pii/S2351978917301476


     Search term "Hardware+simulation"+"Factory"
     Title Smart factory automation using internet of things to ensure quality manufacturing
     Author ['P Pariyumbud', 'R Samkaria']
     Venue … & Reviews: A …
     Year 2018
     Abstract Smart Factory Automation using Iot to Ensure Quality Manufacturing Pariyumbud et. al. RRJoESA (2017) 1-6 © STM Journals 2017. All Rights Reserved Page 4 PROTOTYPE DEVELOPMENT Proteus is hardware simulation software provided with a very understandable design
     Url http://computerjournals.stmjournals.in/index.php/JoESA/article/view/6


     Search term "Hardware+simulation"+"Factory"
     Title Simulation platform for multi agent based manufacturing control system based on the hybrid agent
     Author ['A Shaygan', 'RV Barenji']
     Venue arXiv preprint arXiv:1603.07766
     Year 2016
     Abstract 1. The Hardware Simulation Agent (HSA): HSA is a software which can design the hardware level of the factory by considering characterized physical actions that take place in the manufacturing environment. Examples of HSA are Arena, CPN tool, etc
     Url https://arxiv.org/abs/1603.07766


     Search term "Hardware+simulation"+"Factory"
     Title System and method for control and simulation
     Author ['JA Tenney', 'WM Ruark', 'GJ Orelind']
     Venue US Patent 6,944,584
     Year 2005
     Abstract Existing robotic hardware simulation systems require users to write a robotic simulation program in a proprietary programming language that is  single merged GUI client display 403 can therefore provide an accurate live graphical simulation of an entire factory containing many
     Url https://patents.google.com/patent/US6944584B1/en


     Search term "Hardware+simulation"+"Factory"
     Title Modelling and simulation of a material flow system
     Author ['UA Nickel', 'J Niere']
     Venue Modellierung 2001
     Year 2001
     Abstract We introduce a process-oriented hardware simulation ker- nel to get a realistic simulation  Configuration Fujaba Page 3. 3 Running Example Figure 3 shows the topolo- gy of our sample factory used as running example in this paper. The example stems from the ISILEIT project
     Url https://dl.gi.de/bitstream/handle/20.500.12116/30720/02.pdf?sequence=1&isAllowed=y


     Search term "Hardware+simulation"+"Factory"
     Title Computer-aided simulation of production in the sewing room of a clothing factory
     Author ['TCS Cocks', 'SC Harlock']
     Venue Journal of the Textile Institute
     Year 1989
     Abstract Page 1. Computer-aided Simulation of Production in the Sewing Room ofa Clothing Factory Computer-aided Simulation of  Clothing Factory TC Somers Cocks and SC Harlock Department of Textile Industries, University of Leeds, Leeds 2, England
     Url https://www.tandfonline.com/doi/pdf/10.1080/00405008908658298


     Search term "Hardware+simulation"+"Factory"
     Title Large-scale hardware simulation: Modeling and verification strategies
     Author ['DW Clark']
     Venue Proceedings of the 25th Anniversary Symposium …
     Year 1990
     Abstract Large-Scale Hardware Simulation: Modeling and  At higher levels, descriptions can have various degrees of pre- cision and formality, but at the bottom level|the level communicated to the factory|the requirement is a rigid and exact de nition of the actual hardware in all its details
     Url http://citeseerx.ist.psu.edu/viewdoc/download?doi=10.1.1.482.4432&rep=rep1&type=pdf


     Search term "Hardware+simulation"+"Factory"
     Title Advances in real-time simulation for power distribution systems
     Author ['R Venugopal', 'W Wang']
     Venue … Conference on Energy …
     Year 2011
     Abstract Alternatively, it can be configured as a large multi- user distributed simulation system in a laboratory for R&D and factory testing of complex control systems  [12] G. Parma and V. Dinavahi, “ Real-time digital hardware simulation of power electronics and drives”, IEEE Trans
     Url https://ieeexplore.ieee.org/abstract/document/6147153/


     Search term "Hardware+simulation"+"Factory"
     Title Research on distributed hardware-in-loop simulation technology in MATLAB
     Author ['NM Yan', 'YN Zhang', 'CHG Liu']
     Venue Journal of System …
     Year 2010
     Abstract hardware-in-loop simulation flat of electric drive system for armored tracklayer,which consists of control hardware,simulation models and  1.China North Engine Research Institution,Datong 037036,China;2.The Military Representative Office of No.616 Factory in Zhangjiakou
     Url http://en.cnki.com.cn/Article_en/CJFDTotal-XTFZ201008018.htm


     Search term "Hardware+simulation"+"Factory"
     Title Virtual Simulation System with Various Examples and Analysis Tools for Programmable Logic Controller Training
     Author ['M Aria', 'J Utama', 'F Fauzia', 'M Rizal']
     Venue IOP Conference …
     Year 2020
     Abstract tank. The third factory model is a multi elevator control system  PLC. In general, there are two categories of learning media for PLC, the first is based on hardware simulation and the second is based on computer software simulation
     Url https://iopscience.iop.org/article/10.1088/1757-899X/879/1/012108/meta


     Search term "Hardware+simulation"+"Factory"
     Title MATLAB ANALYTICAL METHOD FOR VHDL HARDWARE SIMULATION RESULT [J]
     Author ['W Min']
     Venue Computer Applications and Software
     Year 2003
     Abstract MATLAB ANALYTICAL METHOD FOR VHDL HARDWARE SIMULATION RESULT. Wei Min (Institute of Beijing Railway Signal Factory, Beijing?102600). It has been a popular method using hardware description language VHDL and its corresponding simulation tools to design
     Url http://en.cnki.com.cn/Article_en/CJFDTotal-JYRJ200308009.htm


     Search term "Hardware+simulation"+"Factory"
     Title Using Hardware-In-Loop-Based Fault Injection to Determine the Effects of Control Flow Errors in Industrial Control Programs
     Author ['J Vankeirsbilck', 'H Hallez', 'J Boydens']
     Venue International Conference on …
     Year 2020
     Abstract Although not important for the small scale factory, since memory is abundant and there are no deadlines to be met, we measured both types  Hardware-in-loop means that the LPC 1768 is removed from its station and is plugged into a hardware simulation of its respective station
     Url https://link.springer.com/chapter/10.1007/978-3-030-54549-9_27


     Search term "Hardware+simulation"+"Factory"
     Title Fast visualization of NC milling result using graphics acceleration hardware
     Author ['M Inui', 'R Kakio']
     Venue Proceedings 2000 ICRA. Millennium …
     Year 2000
     Abstract 4 Processing Flow Overview The following is the processing flow of the hardware simulation of a milling process. In these steps, steps 2 3092  We thank Mr. Hideki Tamura of Ri- coh Co., Ltd. and Mr. Yuji Hara of Real Factory Co., Ltd. for their providing us the NC milling data
     Url https://ieeexplore.ieee.org/abstract/document/845138/


     Search term "Hardware+simulation"+"Factory"
     Title Digital circuit design assist system for designing hardware units and software units in a desired digital circuit, and method thereof
     Author ['H Shinde', 'K Sugino', 'K Nakamichi', 'N Matsubara']
     Venue US Patent …
     Year 1996
     Abstract test vectors, patterns or sequences; G01R31/318364—Generation of test inputs, eg test vectors, patterns or sequences as a result of hardware simulation, eg in an HDL environment. G—PHYSICS; G06—COMPUTING; CALCULATING
     Url https://patents.google.com/patent/US5493507A/en


     Search term "Hardware+simulation"+"Factory"
     Title Hardware-in-the-loop Simulation Framework
     Author ['MAA Sanvido']
     Venue NA
     Year 2002
     Abstract Page 1. Research Collection Doctoral Thesis Hardware-in-the-loop simulation framework Author(s): Sanvido, Marco Aurelio Antonio Publication Date: 2002 Permanent Link: https://doi.org/10.3929/ethz-a-004317368 Rights / License
     Url https://www.research-collection.ethz.ch/bitstream/handle/20.500.11850/146111/1/eth-25054-01.pdf


     Search term "Hardware+simulation"+"Factory"
     Title Embedded simulation for automation of material manipulators in a PVD coating process
     Author ['G Rath', 'JM Lackner']
     Venue Proceedings of the 2012 …
     Year 2012
     Abstract With the increasing capabilities of modern simulation software and controller hardware it turns out, that virtual start-up, factory acceptance test and functional validation are practicable also for small projects. 1 INTRODUCTION  Factory Acceptance Test (FAT)
     Url https://ieeexplore.ieee.org/abstract/document/6465050/


     Search term "Hardware+simulation"+"Factory"
     Title Design and realization of simulation testing system
     Author ['XB Qi', 'DD Liu', 'XX Chen']
     Venue 2017 2nd IEEE International …
     Year 2017
     Abstract controller is completely built, and plays a vital role in the train-borne controller simulation testing and factory complete equipment  The hardware simulation objects of the simulation testing system include: train IO interface, train manage system, radar sensor, speed sensor and
     Url https://ieeexplore.ieee.org/abstract/document/8056889/


     Search term "Hardware+simulation"+"Factory"
     Title Enhancing hardware design flows with MyHDL
     Author ['K Jaic', 'MC Smith']
     Venue Proceedings of the 2015 ACM/SIGDA International …
     Year 2015
     Abstract Genesis2[9] extends SystemVerilog capabilities for connecting HDL to hardware simulation  This information is used by factory functions to transform the Model. Examples of useful factory functions include bitfields and ctypes
     Url https://dl.acm.org/doi/abs/10.1145/2684746.2689092


     Search term "Hardware+simulation"+"Factory"
     Title Method and system for verifying the hardware implementation of TCP/IP
     Author ['J Raval', 'P Mohanty', 'A Kapatkar', 'S Munnangi']
     Venue US Patent 7,020,716
     Year 2006
     Abstract US20080155069A1 (en) *, 2006-12-21, 2008-06-26, Rajagopal Kunhappan, Method, apparatus and program product to use factory-defined multiple MAC addresses for virtual NICS  Hardware simulation and design verification system and method
     Url https://patents.google.com/patent/US7020716B2/en


     Search term "Hardware+simulation"+"Factory"
     Title SMDK2410 Hardware Simulation Platform Design Based on SkyEye
     Author ['Y Xingwei']
     Venue Programmable Controller & Factory Automation
     Year 2009
     Abstract In this paper, having completed the U-boot, ARM Linux and Ramdisk root file system transplants for the SMDK2410 hardware development board, set up the total all ARM Linux development environment based on SMDK2410 hardware development board, to save
     Url http://en.cnki.com.cn/Article_en/CJFDTotal-KBCK200910032.htm


     Search term "Hardware+simulation"+"Factory"
     Title Design of Semi Physical Motion Simulation System of Underwater Vehicle [J]
     Author ['Y GAN', 'Y MAO', 'L WAN', 'Y XU']
     Venue Journal of System Simulation
     Year 2006
     Abstract 2.Beijing Chemical Industry University,Beijing 100023,China);Research and Implementation of Multi-robot Semi-hardware Simulation System[J  Naval Department of Equipment,Wuhan 430000,PRChina3.Office of Naval Military Representatives at the Factory 437,Shanghai
     Url http://en.cnki.com.cn/Article_en/CJFDTotal-XTFZ200607072.htm


     Search term "Hardware+simulation"+"Factory"
     Title Performance evaluation and monitoring
     Author ['H Lucas Jr']
     Venue ACM Computing Surveys (CSUR)
     Year 1971
     Abstract the test programs. The benchmark is also the first evaluation technique that includes a satis- factory consideration of software. This method allows for evaluation of the speed of compilation and execution. The same program
     Url https://dl.acm.org/doi/abs/10.1145/356589.356590


     Search term "Hardware+simulation"+"Factory"
     Title Exploration of the FlexRay signal integrity using a combined prototyping and simulation approach
     Author ['M Krammer', 'F Clazzer', 'E Armengaud']
     Venue … IEEE Symposium on …
     Year 2010
     Abstract This combined hardware / simulation space exploration supports validation of the simulated system for different variants (how close are  analy- sis of flexray-based automotive distributed embedded systems,” in IEEE International Workshop on Factory Communication Systems
     Url https://ieeexplore.ieee.org/abstract/document/5491806/


     Search term "Hardware+simulation"+"Factory"
     Title 2006-2513: THE DISTRIBUTED RECONFIGURABLE FACTORY TESTBED (DRFT): A COLLABORATIVE CROSS-UNIVERSITY MANUFACTURING SYSTEM …
     Author ['J Luntz', 'EE Almeida', 'D Tilbury', 'J Moyne', 'K Hargrove']
     Venue age
     Year 2006
     Abstract the Reconfigurable Factory Testbed (RFT) is a prime example of a manufacturing research platform which focuses on both device level and system wide control sys- tem research which has also been used as an educational platform. The RFT combines hardware, simulation
     Url https://peer.asee.org/1403.pdf


     Search term "Hardware+simulation"+"Factory"
     Title Interfacing issues in real-time digital simulators
     Author ['W Ren', 'M Sloderbeck', 'M Steurer']
     Venue … on Power Delivery
     Year 2010
     Abstract This problem is most severe in electrically coupled PHIL simulations because of the challenges with existing tech- nology to build high-power amplification apparatus with satis- factory precision  [3] GG Parma and V. Dinavahi, “Real-time digital hardware simulation of power
     Url https://ieeexplore.ieee.org/abstract/document/5628278/


     Search term "Hardware+simulation"+"Factory"
     Title QoE-oriented HIL Simulation Platform for Mobile Streaming in LTE System [J]
     Author ['Z WANG', 'Y HU', 'S CI']
     Venue Journal of System Simulation
     Year 2014
     Abstract Simulation of streaming service and QoE measurement were applied on this platform  SHI Jiang-tian3,ZHANG Bang-cheng1,PANG Bo4,JIA Fei5(1.School of Mechatronic Engineering, Changchun University of Technology,Changchun 130012,China;2.Mechanical Factory of Jilin
     Url http://en.cnki.com.cn/Article_en/CJFDTotal-XTFZ201403013.htm


     Search term "Hardware+simulation"+"Factory"
     Title Hardware Implementation of a Generic Fuzzy-ROM Controller
     Author ['MA Sameh', 'K Ayman']
     Venue Proceedings of the 2002 WSEAS International …
     Year 2002
     Abstract use of Matlab products like simulink and fuzzy control toolbox for the controller design and simulation, and uses Mentor Graphics products like FPGA-Advantage, ModelSim, and Leonardo for hardware simulation and synthesis  Factory Automation, New York: Marcel Dekker, Inc
     Url http://www.wseas.us/e-library/conferences/spain2002/papers/443-214.pdf


     Search term "Hardware+simulation"+"Factory"
     Title Incremental development of production units using HW/SW-encapsulation and simulation supported by a complete toolset
     Author ['U Schmidtmann', 'G von Cölln', 'G Kreutz']
     Venue … and Factory …
     Year 2005
     Abstract is established. Connecting 3D simulations based on VRML exports with the I/O-Hardware simulation establishes a powerful environment which enables software develop- ment in parallel to hardware construction. Thert-dvm
     Url https://ieeexplore.ieee.org/abstract/document/1612579/


     Search term "Hardware+simulation"+"Factory"
     Title Development of hardware simulators for tests of solar cooling/heating subsystems and systems. Phase 1. Residential subsystem hardware simulator and steady state …
     Author ['PC Auh']
     Venue NA
     Year 1979
     Abstract Mixing Equipment Co. Inc. (Rochester, NY) 14. Extreme precision grade mercury filled thermometer, factory calibrated with NRS certified thermometer, 24" long, 3" immersion depth, Moeller Instrument Co. (Ivoryton, CT) a) Model
     Url https://www.osti.gov/biblio/5546861


     Search term "Hardware+simulation"+"Factory"
     Title Getting started with CAPI SNAP: Hardware development for software engineers
     Author ['L Wenzel', 'R Schmid', 'B Martin', 'M Plauth']
     Venue … Conference on Parallel …
     Year 2018
     Abstract the development workflow for CAPI SNAP based AFUs is comprised of many stages, including software development, hardware development, hardware simulation as well as  For a new FPGA card straight from the factory, the operating system will not detect it as a CAPI-enabled
     Url https://link.springer.com/chapter/10.1007/978-3-030-10549-5_15


     Search term "Hardware+simulation"+"Factory"
     Title Hardware implementation and validation of a traffic road sign detection and identification system
     Author ['R Hmida', 'AB Abdelali', 'A Mtibaa']
     Venue Journal of Real-Time Image Processing
     Year 2018
     Abstract It allows software and hardware simulation simultaneously with the same design formed by XSG blocks connected in cascade. It can perform one of the Simulink model subsystems on an FPGA board at a much more important sampling rate than the rest of the model [31]
     Url https://link.springer.com/article/10.1007/s11554-016-0579-x


     Search term "Hardware+simulation"+"Factory"
     Title Simulation-Based Hardware Verification with High-Level Decision Diagrams
     Author ['M Jenihhin']
     Venue NA
     Year 2008
     Abstract Page 1. THESIS ON INFORMATICS AND SYSTEM ENGINEERING C42 Simulation-Based Hardware Verification with High-Level Decision Diagrams MAKSIM JENIHHIN Page 2. TALLINN UNIVERSITY OF TECHNOLOGY Faculty
     Url https://digikogu.taltech.ee/en/Download/adfa3660-806a-41ac-a6d8-4c03ac3e9912/SimulationBasedHardwareVerificationwithHighL.pdf


     Search term "Hardware+simulation"+"Factory"
     Title Conceptual development of learning factory for industrial engineering education in Indonesia context as an enabler of students' competencies in industry 4.0 era
     Author ['HS Tan', 'R Oktarina', 'V Reynaldo', 'C Sharina']
     Venue E&ES
     Year 2020
     Abstract 6 Figure 4. Learning Factory Relationship Model [28] 3. Industry 4.0 Lab Conceptual Design 3.1 Industry 4.0 Lab Model Description The Industry 4.0 Lab comprises a hybrid  simulationenvironment, which combines the benefits of virtual and hardware simulation and
     Url https://iopscience.iop.org/article/10.1088/1755-1315/426/1/012123/meta


     Search term "Hardware+simulation"+"Factory"
     Title Research and Implementation of Simulation Platform in ABS Control System Based on Object-Oriented Technology
     Author ['B YI', 'H FENG', 'R LUO']
     Venue Computer Simulation
     Year 2007
     Abstract and so on.It realizes the graphical modeling and the exchange of each module object.It can simplify the software hardware simulation in the  1, LI Chao-Lu XI Yi-ju ZHAO Feng (Shandong Mingshui Automobile Fiting Factory,Jinan 250200,China);Control Principle of Vehicle
     Url http://en.cnki.com.cn/Article_en/CJFDTotal-JSJZ200710061.htm


     Search term "Hardware+simulation"+"Factory"
     Title Hardware Simulation for Testing IEC 61131-3
     Author ['J Holmqvist', 'A Ulander']
     Venue MSc Theses
     Year 2005
     Abstract The databases were found at Lund's University Library and typical search strings were ”hardware simulation”, ”process simulation”, ”IEC 61131-3”, ”software  is a small computer used for automa- tion of real-world systems, such as control of machinery on factory assembly lines
     Url https://lup.lub.lu.se/student-papers/record/8847881


     Search term "Hardware+simulation"+"Factory"
     Title Comparative performance evaluation of MMSE-based speech enhancement techniques through simulation and real-time implementation
     Author ['B Kumar']
     Venue International Journal of Speech Technology
     Year 2018
     Abstract Figure 4 shows the hardware simulation setup that is used for real-time implementation  six different degraded speech files, select from the same database, ie SpEAR data- base and these files are independently disturbed by six various noises—burst, f16, factory, pink, Volvo
     Url https://link.springer.com/content/pdf/10.1007/s10772-018-09567-5.pdf


     Search term "Hardware+simulation"+"Factory"
     Title Multi-level educational experiment in distributed simulation
     Author ['C Turnitsa']
     Venue Proceedings of the Winter Simulation Conference …
     Year 2014
     Abstract Category 2: Area Courses • System Simulation • Simulation in Manufacturing • Supply Chain Modeling and Analysis • Parallel and Distributed Simulation • Scheduling Network Analysis Models • Factory Physics • Applied Stochastic Operations Research Models • Software
     Url https://ieeexplore.ieee.org/abstract/document/7020193/


     Search term "Hardware+simulation"+"Factory"
     Title PEP-II Asymmetric B Factory: Design Update and R&D Results
     Author ['MS Zisman', 'R Bell', 'J Dorfan', 'A Hutton', 'W Barletta']
     Venue NA
     Year 1992
     Abstract PEP-II Asymmetric B Factory: Design Update and R&D Results” MS ZISMAN Lawrence Berkeley Laboratory, Berkeley, CA 94720, USA RA BELL, J. DORFAN, and  at 1 dB [MHz) 1.7 Tuned circuit delay Ins] 300 The PEP-II klystron will also be used in a hardware simulation of the
     Url https://books.google.com/books?hl=en&lr=&id=aNBKDwAAQBAJ&oi=fnd&pg=PA442&dq=%22Hardware+simulation%22+%22Factory%22&ots=MckEVhQUHK&sig=EoL367nSBxxb-wFP6ISuwvroXkM


     Search term "Hardware+simulation"+"Factory"
     Title Co-verification of hardware and software for ARM SoC design
     Author ['J Andrews']
     Venue NA
     Year 2004
     Abstract real-time. Systems with hard real-time constraints must have a guaranteed response time with potentially tragic results if these requirements are not met. Factory automation is an example of hard real-time system. If the software
     Url https://books.google.com/books?hl=en&lr=&id=qbfi3tJJhPEC&oi=fnd&pg=PP1&dq=%22Hardware+simulation%22+%22Factory%22&ots=YDZlLtkCmg&sig=dsLZEzaSCM-6enOTvOgp4qfaf_s


     Search term "Hardware+simulation"+"Factory"
     Title Simulation of LEGO® Mindstorms NXT based plants using a distributed automation framework
     Author ['S Pirker']
     Venue NA
     Year 2010
     Abstract LEGO Mindsotrms NXT Hardware Simulation Communication Network Figure 2.1: Connection of the topics in the State of the Art We will start with the Digital Factory, since it is the framework, where the other topics like distributed simulation, IEC 61499, and the LEGO
     Url https://repositum.tuwien.at/handle/20.500.12708/10255


     Search term "Hardware+simulation"+"Factory"
     Title A Study on FPGA-based Design of Combining MATLAB with QuartsⅡ [J]
     Author ['B YUAN', 'W SONG', 'S WU']
     Venue Electronic Engineer
     Year 2007
     Abstract pass FIR filter as example to explain the method.Its feasibility and correctness are proved by both software simulation and hardware simulation  2.Jinggangshan Cigarette Factory,China Tobacco Co.,LTD,Ji'an 343100,Jiangxi,China);Function signal generator based on FPGA[J
     Url http://en.cnki.com.cn/Article_en/CJFDTotal-DZGS200701002.htm


     Search term "Hardware+simulation"+"Factory"
     Title Investigating the robustness of re-scheduling policies with multi-agent system simulation
     Author ['M Merdan', 'T Moser', 'P Vrba', 'S Biffl']
     Venue The International Journal of Advanced …
     Year 2011
     Abstract at the Automation Control Institute at the Vienna University of Technology), allowing direct comparisons between software and miniature hardware simulation  reconfiguration of routing paths in case of machine break downs or modifications to the physical layout of the factory
     Url https://link.springer.com/article/10.1007/s00170-010-3049-9?null


     Search term "Hardware+simulation"+"Factory"
     Title Separating modeling and simulation aspects in hardware/software framework-based modeling languages
     Author ['J Lapalme', 'EM Aboulhamid', 'G Nicolescu']
     Venue Arabian Journal for …
     Year 2007
     Abstract 5.2.2. Combining IoC and Proxy Design Pattern In traditional distribution applications, the developer is aware that he is using a proxy object for he usually either requests an instance of the proxy from a factory style software layer or he must explicitly instantiate it
     Url https://www.academia.edu/download/44411071/Separating_modeling_and_simulation_aspec20160404-23625-ro7e7c.pdf


     Search term "Hardware+simulation"+"Factory"
     Title Design of Distributed Discrete-Event Simulation Systems Using Deep Belief Networks
     Author ['E Cortes', 'L Rabelo', 'AT Sarmiento', 'E Gutierrez']
     Venue Information
     Year 2020
     Abstract Previous Article in Journal A Systematic Review of the Application of Maturity Models in Universities. Previous Article in Special Issue Distributed Simulation Using Agents for the Internet of Things and the Factory of the Future
     Url https://www.mdpi.com/2078-2489/11/10/467


     Search term "Hardware+simulation"+"Factory"
     Title Study on simulation and testing of FLISR
     Author ['L Jinsong', 'L Dong', 'L Wangshui']
     Venue CICED 2010 …
     Year 2010
     Abstract [8] proposed schemes of main station factory acceptance test (FAT) in a distribution automation system, including simulated  3 FLISR testing technologies The simulation testing technologies can be divided into hardware simulation, software simulation and hybrid simulation
     Url https://ieeexplore.ieee.org/abstract/document/5736124/


     Search term "Hardware+simulation"+"Factory"
     Title Reconfigurable Hardware-Based Simulation Modeling of Flexible Manufacturing Systems
     Author ['W Tang']
     Venue NA
     Year 2005
     Abstract 1.2.1 Why real-time simulation-based scheduling?.... 3 1.2.2 Why exploring hardware simulation?.... 3  39 Figure 3.9: Reconfigurable hardware simulation based rescheduling ..... 50
     Url https://vtechworks.lib.vt.edu/handle/10919/29925


     Search term "Hardware+simulation"+"Factory"
     Title Hardware-software model co-simulation for GPU IP development
     Author ['JG Rodrigo']
     Venue NA
     Year 2018
     Abstract 2 1.2 Hardware-software model co-simulation . . . . . 3 1.2.1 Hardware simulation 3 1.2.2 Software models for faster hardware simulation 3 1.2.3 Co-simulation 5 1.3 Previous works on co-simulation environments . . . . . 5 2 Challenges and objectives 9
     Url https://pdfs.semanticscholar.org/a5f5/4f974ebbf1ee00703a88939e48a9f47d562d.pdf


     Search term "Hardware+simulation"+"Factory"
     Title Simulation of a Flexible Manufacturing System for Semi-Products Packaging
     Author ['PC Patic', 'L Pascale', 'G Măntescu']
     Venue Applied Mechanics and …
     Year 2014
     Abstract 5). Further, the hardware simulation modules are chosen: CPU314 Processor, PS 307, 10A power supply, digital input module with 32 inputs at 24V  inputs assigned for each existing equipment, one can observe the behavior of the packing line where it would work in the factory
     Url https://www.scientific.net/AMM.536-537.1654


     Search term "Hardware+simulation"+"Factory"
     Title Task scheduling observation and stack safety analysis in real time distributed systems using a simulation tool
     Author ['M Briday', 'JL Béchennec']
     Venue … Technologies and Factory …
     Year 2005
     Abstract However, these simulators do not model the hardware and do not use the actual code of the tasks. To our knowledge, there has been no work that gathers accurate distributed hardware simulation and high-evel software analysis as it is done in ReTiS
     Url https://ieeexplore.ieee.org/abstract/document/1612693/

