Showing papers for search query "Medical"+"PLC"+OR+"FPGA"+"Regulated+Environment"

     Search term "Medical"+"PLC"+OR+"FPGA"+"Regulated+Environment"
     Title Lean/agile software development methodologies in regulated environments–state of the art
     Author ['O Cawley', 'X Wang', 'I Richardson']
     Venue International Conference on Lean …
     Year 2010
     Abstract Rasmussen, R., Hughes, T., Jenks, JR, Skach, J.: Adopting Agile in an FDA Regulated Environment  V., Maciel, P.: TXM: an agile HW/SW development methodology for building medical devices  Yoo, J., Cha, S., Kim, CH, Song, DY: Synthesis of FBD-based PLC design from
     Url https://link.springer.com/chapter/10.1007/978-3-642-16416-3_4


     Search term "Medical"+"PLC"+OR+"FPGA"+"Regulated+Environment"
     Title The medical devices sector: coming out of the shadow
     Author ['R Atun', 'S Shah', 'N Bosanquet']
     Venue European Business Journal
     Year 2002
     Abstract in the environment impacting the sector The sector is characterised by a heavily regulated environment and a  group consists of the international multi-product companies such as GE Medical, Siemens, Philips  Smiths Plc and Smith & Nephew of the UK are moving into this group
     Url http://search.proquest.com/openview/b0016c22cdf4101e586caaa055cd08a4/1?pq-origsite=gscholar&cbl=31956


     Search term "Medical"+"PLC"+OR+"FPGA"+"Regulated+Environment"
     Title Improving Manufacturability, Reducing Cost, and Extending Product Life-Processes and Pitfalls Unique to Medical Devices
     Author ['C Rozewski', 'W Thomson', 'WI Neenah']
     Venue SMTA NEWS AND JOURNAL OF …
     Year 2004
     Abstract development and manufacture of medical devices occur in a highly regulated environment with a  Yoder, M., “Product Lifecycle Management and Product Profitability in the Medical Device Industry  new PCB layout and test fixtures Savings Expected Combine 3 FPGA's and their
     Url http://citeseerx.ist.psu.edu/viewdoc/download?doi=10.1.1.630.8935&rep=rep1&type=pdf


     Search term "Medical"+"PLC"+OR+"FPGA"+"Regulated+Environment"
     Title Supporting complaint management in the medical technology industry by means of deep learning
     Author ['P Hake', 'JR Rehse', 'P Fettke']
     Venue International Conference on Business …
     Year 2019
     Abstract which must meet special quality requirements in the regulated environment, defective products  According to legal requirements, medical technology manufacturers must establish a prompt and  machine, and process data from product lifecycle (PLC), manufacturing execution
     Url https://link.springer.com/chapter/10.1007/978-3-030-37453-2_6


     Search term "Medical"+"PLC"+OR+"FPGA"+"Regulated+Environment"
     Title Biopharmaceutical statistics in a pharmaceutical regulated environment: past, present, and future
     Author ['AC Segreti', 'HM Leung', 'GG Koch', 'RL Davis']
     Venue Journal of …
     Year 2001
     Abstract Original Articles. BIOPHARMACEUTICAL STATISTICS IN A PHARMACEUTICAL REGULATED ENVIRONMENT: PAST, PRESENT, AND FUTURE  The Statistical Evaluation Branch included two groups, each serving three different medical divisions within the Bureau of Drugs
     Url https://www.tandfonline.com/doi/abs/10.1081/BIP-120008853


     Search term "Medical"+"PLC"+OR+"FPGA"+"Regulated+Environment"
     Title Wellcome Trust: A long‐term perspective
     Author ['M Dunn']
     Venue Stem cells translational medicine
     Year 2012
     Abstract Over the next 15 years all shares in Wellcome plc were sold, and the proceeds  influence new legislation in a number of areas we consider important for medical research  their cutting-edge stem cell and reproductive research within a tightly regulated environment that maintains
     Url http://search.proquest.com/openview/a37efb7aea87201470eee6c7893e4940/1?pq-origsite=gscholar&cbl=4370291


     Search term "Medical"+"PLC"+OR+"FPGA"+"Regulated+Environment"
     Title Medical Fluid Injector Having Wireless Pressure Monitoring Feature
     Author ['CS Neer', 'R Moll']
     Venue US Patent App. 11/758,736
     Year 2008
     Abstract US20080306443A1 - Medical Fluid Injector Having Wireless Pressure Monitoring Feature - Google Patents. Medical Fluid Injector Having Wireless Pressure Monitoring Feature. Download PDF Info  Abstract. The present invention relates to medical fluid injectors
     Url https://patents.google.com/patent/US20080306443A1/en


     Search term "Medical"+"PLC"+OR+"FPGA"+"Regulated+Environment"
     Title Regulation and innovation under Industry 4.0: Case of medical/healthcare robot, HAL by Cyberdyne
     Author ['M Iizuka', 'Y Ikeda']
     Venue NA
     Year 2019
     Abstract In Japan, this includes medical and assistive devices  6 2.4 Role of standards and regulation in new era Regulatory institutions play different roles along the product life cycle (PLC) (Klepper,1997, Utterback and Abernathy, 1975, Anderson and Tushman, 1990): first, they create
     Url https://www.researchgate.net/profile/Michiko_Iizuka/publication/336208739_Regulation_and_innovation_under_Industry_40_Case_of_medicalhealthcare_robot_HAL_by_Cyberdyne_Working_Paper_Series_UNU-MERIT_Working_Papers_Regulation_and_innovation_under_Industry_40_Case_of_medicalhe/links/5d941fafa6fdcc2554abd4b3/Regulation-and-innovation-under-Industry-40-Case-of-medical-healthcare-robot-HAL-by-Cyberdyne-Working-Paper-Series-UNU-MERIT-Working-Papers-Regulation-and-innovation-under-Industry-40-Case-of-medical.pdf


     Search term "Medical"+"PLC"+OR+"FPGA"+"Regulated+Environment"
     Title US lobbyists in the EU: significance of home country regulation for lobbying behaviour in a less regulated environment
     Author ['L Vilimovská']
     Venue NA
     Year 2020
     Abstract 4 References VILIMOVSKÁ, Lucia. US lobbyists in the EU: significance of home country regulation for lobbying behaviour in a less regulated environment. Praha, 2020. 75 pages  behaviour in a less regulated environment" tackles the topic of lobbying in terms of comparing
     Url https://dspace.cuni.cz/handle/20.500.11956/116488


     Search term "Medical"+"PLC"+OR+"FPGA"+"Regulated+Environment"
     Title A management approach to software validation requirements
     Author ['N Hrgarek']
     Venue Central European Conference on Information and …
     Year 2008
     Abstract All computer systems running in an FDA regulated environment require Part 11  records and maintains the device history record (DHR) for medical device companies  laboratory information management systems (LIMS), - programmable logic controllers (PLC) in manufacturing
     Url https://bib.irb.hr/datoteka/496167.63-378-1-PB.pdf


     Search term "Medical"+"PLC"+OR+"FPGA"+"Regulated+Environment"
     Title The Transformation of US Banking and Finance: From Regulated Competition to Free-Market Receivership
     Author ['TA Canova']
     Venue Brook. L. Rev.
     Year 1994
     Abstract money flows to those juris- dictions that regulate the least, the result has been a regulato- ry rush to the 'least common denominator."39 Offshore financ- ing effectively raises the level of depository interest rates and adds competitive pressures to the regulated environment of US
     Url https://heinonline.org/hol-cgi-bin/get_pdf.cgi?handle=hein.journals/brklr60&section=44


     Search term "Medical"+"PLC"+OR+"FPGA"+"Regulated+Environment"
     Title Key supply chain integration factors for success of medical device startups
     Author ['S Gupta']
     Venue NA
     Year 2018
     Abstract Major players Johnson &jolanson s3% (Marketstiore) General Electric Company 19.0% Abbott Loboraories 10.0% Mdtronlc PLC 38.9% S WWWWODMMCP Figure 7 Market share of major players in US Medical device industry Source: IBISWorld 17 Page 19
     Url https://dspace.mit.edu/handle/1721.1/117921


     Search term "Medical"+"PLC"+OR+"FPGA"+"Regulated+Environment"
     Title Impact of product variety on inventory performance: an empirical analysis of pharmaceutical and medical device industries
     Author ['AY Aydınlı']
     Venue NA
     Year 2012
     Abstract 27 4.6 SIC Code Classification of Medical Device Firms Continued . . . 28 4.7 Notations and Descriptions  products in USA. In this highly regulated environment, it is becoming difficult for companies to cut costs and effectively manage the company. Apart from cut
     Url http://repository.bilkent.edu.tr/handle/11693/15476


     Search term "Medical"+"PLC"+OR+"FPGA"+"Regulated+Environment"
     Title Can Internet gambling be effectively regulated? Managing the risks
     Author ['MK Sparrow', 'C Bazelon', 'C Jackson']
     Venue NA
     Year 2009
     Abstract For each of the 10 risks, we examined a set of regulatory methods and technologies that would provide a reasonable degree of risk management in a regulated environment. Most of these methods have already been implemented in some form in other jurisdictions
     Url https://scholar.harvard.edu/files/msparrow/files/can_internet_gambling_be_effectively_regulated-managing_the_risks-12-02-2009_0.pdf


     Search term "Medical"+"PLC"+OR+"FPGA"+"Regulated+Environment"
     Title Case Studies in System Validation: Sixteen Theses
     Author ['S Weinberg']
     Venue Drug Information Journal
     Year 1993
     Abstract ized by effective version control, as one generation of chip, PLC, or EPROM  mov ing responsibility for system validation to the Center for Medical Devices and  11. "Expert" or "Artificially Intelligent" Software Tools are Generally Inappropriate in a Working, Regulated Environment
     Url https://journals.sagepub.com/doi/abs/10.1177/009286159302700205


     Search term "Medical"+"PLC"+OR+"FPGA"+"Regulated+Environment"
     Title Good Practices for Computerised Systems in Regulated “Gxp” Environments
     Author ['PIC Scheme']
     Venue Pharmaceutical Inspection Convention, PI
     Year 2007
     Abstract 9.1 When utilising a computerised system within a regulated environment it is appropriate to establish system control documentation or a system description, [eg as required by GMP Annex 11(4)], 14 giving a written detailed description of
     Url http://tabrizpharma.com/wp-content/uploads/2019/09/pi-011-3-recommendation-on-computerised-systems.pdf


     Search term "Medical"+"PLC"+OR+"FPGA"+"Regulated+Environment"
     Title Safeguarding patient welfare: who's in charge?
     Author ['JE Henney']
     Venue Annals of Internal Medicine
     Year 2006
     Abstract as board member for 3 Fortune 500 and Global 500 companies (AstraZeneca PLC, 2001 to  institutions striving to develop and advance new investigational therapies within a heavily regulated environment  power, the role of industry, the involvement of the medical profession
     Url https://www.acpjournals.org/doi/abs/10.7326/0003-4819-145-4-200608150-00013


     Search term "Medical"+"PLC"+OR+"FPGA"+"Regulated+Environment"
     Title The control of male fertility by spermatozoan ion channels
     Author ['PV Lishko', 'Y Kirichok', 'D Ren', 'B Navarro']
     Venue Annual review of …
     Year 2012
     Abstract 5 Department of Neurobiology, Harvard Medical School, Boston, Massachusetts 02115; email: [email protected]  In contrast, spermatozoa of terrestrial animals are delivered directly into the confined, strictly regulated environment of the female reproductive tract, where they must
     Url https://www.annualreviews.org/doi/abs/10.1146/annurev-physiol-020911-153258


     Search term "Medical"+"PLC"+OR+"FPGA"+"Regulated+Environment"
     Title THE INFLUENCE OF THE REGULATORY ENVIRONMENT ON THE DEFINITION OF PERFORMANCE: THE EXAMPLE OF THE SPORT BETTING AND LOTTERY …
     Author ['LR Meyer']
     Venue NA
     Year 2013
     Abstract In addition, the public-private difference in defining performance—as conceptualised in the literature— seems to be abated in a regulated environment  175 5.5.3 THE PERFORMANCE DEFINITION OF BELGIUM LADBROKES PLC
     Url https://serval.unil.ch/notice/serval:BIB_C2806F9CEF89


     Search term "Medical"+"PLC"+OR+"FPGA"+"Regulated+Environment"
     Title The Teacher's Role in Fostering Self-Regulated Learners: A Professional Development Model
     Author ['CM Brookbank']
     Venue NA
     Year 2017
     Abstract Page 1. THE TEACHER'S ROLE IN FOSTERING SELF-REGULATED LEARNERS: A PROFESSIONAL DEVELOPMENT MODEL by Christine Brookbank A dissertation submitted to Johns Hopkins University in conformity with the
     Url https://jscholarship.library.jhu.edu/handle/1774.2/44729


     Search term "Medical"+"PLC"+OR+"FPGA"+"Regulated+Environment"
     Title Understanding the influence of multiple levels of governments on the development of inter-organizational systems
     Author ['B Rukanova', 'E Van Stijn']
     Venue European Journal …
     Year 2009
     Abstract end-to-end government performance management: case study of interorganizational information integration in emergency medical services (EMS  In order to understand the influence of government on IOS developments in the highly regulated environment of international trade
     Url https://orsociety.tandfonline.com/doi/abs/10.1057/ejis.2009.28


     Search term "Medical"+"PLC"+OR+"FPGA"+"Regulated+Environment"
     Title Definition and deployment of quality tools for quality and uptime improvement in a manufacturing environment
     Author ['KG Arzola']
     Venue NA
     Year 2006
     Abstract The motivation for acquiring an in-depth understanding of FDA regulatory aspects is the fact that pharmaceutical, biotechnology and medical devices manufacturing are key  continuous improvement within the FDA regulated environment. The incentive for
     Url http://citeseerx.ist.psu.edu/viewdoc/download?doi=10.1.1.131.1944&rep=rep1&type=pdf


     Search term "Medical"+"PLC"+OR+"FPGA"+"Regulated+Environment"
     Title Statement Letters
     Author ['W Langewitz']
     Venue NA
     Year NA
     Abstract [Not Found]
     Url [Not Found]


     Search term "Medical"+"PLC"+OR+"FPGA"+"Regulated+Environment"
     Title mRNA changes in nucleus accumbens related to methamphetamine addiction in mice
     Author ['L Zhu', 'J Li', 'N Dong', 'F Guan', 'Y Liu', 'D Ma', 'ELK Goh']
     Venue Scientific reports
     Year 2016
     Abstract Methamphetamine (METH) is a highly addictive psychostimulant that elicits aberrant changes in the expression of microRNAs (miRNAs) and long non-coding RNAs (lncRNAs) in the nucleus accumbens of mice, indicating a potential role of METH in post-transcriptional regulations
     Url https://www.nature.com/articles/srep36993


     Search term "Medical"+"PLC"+OR+"FPGA"+"Regulated+Environment"
     Title Cities, regions and privatised utilities
     Author ['S Marvin', 'S Graham', 'S Guy']
     Venue Progress in Planning
     Year 1999
     Abstract Utility networks are physically embedded in places and they also operate within a regulated environment which imposes obligations on them. Within this framework they need to demonstrate commercial success which
     Url https://www.sciencedirect.com/science/article/pii/S0305900698000282


     Search term "Medical"+"PLC"+OR+"FPGA"+"Regulated+Environment"
     Title Masterminds of Ardian: An Interview With Inventors Mark Gelfand and Howard Levin
     Author ['M Stuart']
     Venue Start-Up
     Year 2011
     Abstract that time, the modern medical device industry was just being born in a regulated environment, and it  Now PLC is selling it in Europe, and positive European results were presented at the last  technologies that we need probably already exist inside or outside of the medical field
     Url http://www.morgenthaler.com/press-releases/Ardian%20in%20Start-UP.pdf


     Search term "Medical"+"PLC"+OR+"FPGA"+"Regulated+Environment"
     Title NorTRACKTM product tracking system—development and implementation
     Author ['W Gibson', 'P Veselovsky']
     Venue Radiation Physics and Chemistry
     Year 1999
     Abstract The Albuquerque manufacturer of medical devices has a large gamma irradiation and  Google Scholar. Mathur, 1995 Meg MathurThe on-going PLC vs PC debate  Minaee, 1996 Morteza MinaeeIntranets: using web technologies in a regulated environment. MD&DI, November
     Url https://www.sciencedirect.com/science/article/pii/S0969806X98002758


     Search term "Medical"+"PLC"+OR+"FPGA"+"Regulated+Environment"
     Title From Regulated Competition to Free-Market
     Author ['TA Canova']
     Venue NA
     Year NA
     Abstract [Not Found]
     Url [Not Found]


     Search term "Medical"+"PLC"+OR+"FPGA"+"Regulated+Environment"
     Title Trade Related Aspects of Intellectual Property Rights (TRIPS) and the threat to patients: a plea for doctors to respond internationally
     Author ['TA Faunce', 'P Drahos']
     Venue Med. & L.
     Year 1998
     Abstract 42 PLC Torremans, "Compulsory Licensing of Pharmaceutical Products" (1996) 27 International  For medical researchers it will mean having to integrate themselves into  decisions made in a globally competitive and internationally regulated environment, decisions concerning
     Url https://heinonline.org/hol-cgi-bin/get_pdf.cgi?handle=hein.journals/mlv17&section=37


     Search term "Medical"+"PLC"+OR+"FPGA"+"Regulated+Environment"
     Title Developing ways to evaluate in the laboratory how inhalation devices will be used by patients and care-givers: The need for clinically appropriate testing
     Author ['JP Mitchell', 'JA Suggett']
     Venue Aaps Pharmscitech
     Year 2014
     Abstract degree of accuracy and precision required for the assurance of product quality in a regulated environment  the potential for providing more accurate measures of OIP-delivered medical aerosols by  A group at GSK plc (UK), have developed an alternative approach making use of
     Url https://link.springer.com/article/10.1208/s12249-014-0145-4


     Search term "Medical"+"PLC"+OR+"FPGA"+"Regulated+Environment"
     Title Variability in plasma concentrations of methylprednisolone 6 days after intrasynovial injection of methylprednisolone acetate in racing horses: A field study
     Author ['J Machin', 'W Duer', 'G Maylin', 'C Fenger']
     Venue Equine veterinary …
     Year 2019
     Abstract Equine Integrated Medicine, PLC, Georgetown, Kentucky, USA  In five cases where preinjection samples were not collected, a complete review of the horse's medical record for the last month was performed to ensure that no prior injection with MP acetate had occurred
     Url https://beva.onlinelibrary.wiley.com/doi/abs/10.1111/evj.13003


     Search term "Medical"+"PLC"+OR+"FPGA"+"Regulated+Environment"
     Title Problems and Pitfalls in Tissue-Engineered Therapy
     Author ['PD Kemp']
     Venue Stem Cell Biology and Tissue Engineering in Dental …
     Year 2015
     Abstract to navigate what will continue to be a very dynamic field operating within a highly regulated environment  and seen more as transplants, in some regions they were regulated as medical devices, and  sales of $154 million before the company was purchased by Shire plc in 2011
     Url https://www.sciencedirect.com/science/article/pii/B9780123971579000722


     Search term "Medical"+"PLC"+OR+"FPGA"+"Regulated+Environment"
     Title Second-generation arthroscopic autologous chondrocyte implantation for the treatment of degenerative cartilage lesions
     Author ['G Filardo', 'E Kon', 'A Di Martino', 'S Patella']
     Venue Knee Surgery, Sports …
     Year 2012
     Abstract The medical history showed that pain and limited function related to the chondral  9 meniscectomies and 4 collagen meniscal implants, 7 ACL and 2 PLC reconstructions, 4  Once this complex highly-regulated environment is disturbed, many intra-articular changes, such as
     Url https://link.springer.com/content/pdf/10.1007/s00167-011-1732-5.pdf


     Search term "Medical"+"PLC"+OR+"FPGA"+"Regulated+Environment"
     Title Law and the Technologies of the Twenty-first Century: Text and Materials
     Author ['R Brownsword', 'M Goodwin']
     Venue NA
     Year 2012
     Abstract ECHR EC] ECNH EctHR EEC EFSA EGC EGE EGF EPA EPC EPO ESRC EU FAO FDA FIND fMRI FSA GA GATT automatic number plate recognition British Medical Association bovine spongiform encephalopathy British Telecom [British Telecommunications plc] closed-circuit
     Url https://books.google.com/books?hl=fi&lr=&id=nHOrKUjC_K8C&oi=fnd&pg=PR9&dq=%22Medical%22+%22PLC%22+OR+%22FPGA%22+%22Regulated+Environment%22&ots=l2uzOcw2qF&sig=qJvgOF4PD1NX-3pymSm9tqFDfOA


     Search term "Medical"+"PLC"+OR+"FPGA"+"Regulated+Environment"
     Title How are housing associations going to navigate their way using performance measurement through the unstable environment following the financial crisis of 2008?
     Author ['G Manville']
     Venue NA
     Year 2014
     Abstract Page 1. University of Southampton Research Repository ePrints Soton Copyright © and Moral Rights for this thesis are retained by the author and/or other copyright owners. A copy can be downloaded for personal non-commercial
     Url https://eprints.soton.ac.uk/361842/


     Search term "Medical"+"PLC"+OR+"FPGA"+"Regulated+Environment"
     Title Influence of cancer cachexia on drug liver metabolism and renal elimination in rats
     Author ['K Cvan Trobec', 'M Kerec Kos', 'J Trontelj']
     Venue Journal of cachexia …
     Year 2015
     Abstract Body composition was determined with nuclear magnetic resonance spectroscopy (EchoMRI‐700, Echo Medical Systems, Houston, TX  data were analysed using a non‐linear mixed effects modelling approach as implemented in NONMEM (version 7.2; ICON Plc, Dublin, Ireland
     Url https://onlinelibrary.wiley.com/doi/abs/10.1002/jcsm.12012


     Search term "Medical"+"PLC"+OR+"FPGA"+"Regulated+Environment"
     Title Development of Safety-Critical Software Systems Using Open Source Software--A Systematic Map
     Author ['SM Sulaman', 'A Orucevic-Alagic', 'M Borg']
     Venue 2014 40th …
     Year 2014
     Abstract Examples of the systems are medical equipments, eg [7], control and monitoring systems in aircrafts, and automotive systems. Certification is an important part in the development of safety-critical systems. That is, development is carried out in a regulated environment where the
     Url https://ieeexplore.ieee.org/abstract/document/6928784/


     Search term "Medical"+"PLC"+OR+"FPGA"+"Regulated+Environment"
     Title Yoshiaki Miyamoto, Ling Chen, 2 Masahiro Sato, Masahiro Sokabe, 2, 3 Toshitaka Nabeshima, 4 Tony Pawson, 5
     Author ['R Sakai', 'N Mori']
     Venue NA
     Year NA
     Abstract [Not Found]
     Url [Not Found]


     Search term "Medical"+"PLC"+OR+"FPGA"+"Regulated+Environment"
     Title 25 Years of Reforms that Led India's Pharmaceutical and Biotech Industry towards Global Leadership
     Author ['K Mazumdar-Shaw']
     Venue India Transformed: Twenty-Five Years of …
     Year 2018
     Abstract to be an innovator from the developing world, addressing unmet medical needs through  India had become the first manufacturing business within Unilever Plc to attain  India's pharmaceutical industry grew and prospered in a highly regulated environment with government price
     Url https://books.google.com/books?hl=fi&lr=&id=hwVrDwAAQBAJ&oi=fnd&pg=PT454&dq=%22Medical%22+%22PLC%22+OR+%22FPGA%22+%22Regulated+Environment%22&ots=6X6QA8lNcR&sig=Vr9j03dL36Xt9l49Rrhy6FA0qWQ


     Search term "Medical"+"PLC"+OR+"FPGA"+"Regulated+Environment"
     Title Listeria monocytogenes in the retail deli environment: A review
     Author ['E Forauer', 'ST Wu', 'AJ Etter']
     Venue Food Control
     Year 2020
     Abstract JavaScript is disabled on your browser. Please enable JavaScript to use all the features on this page. Skip to main content Skip to article
     Url https://www.sciencedirect.com/science/article/pii/S0956713520303595


     Search term "Medical"+"PLC"+OR+"FPGA"+"Regulated+Environment"
     Title Zymark Corporation, Zymark Center, Hopkinton, Massachusetts 01748, USA
     Author ['FH ZENIE']
     Venue Challenges and Issues in High Throughput Screening …
     Year 1998
     Abstract [Not Found]
     Url [Not Found]


     Search term "Medical"+"PLC"+OR+"FPGA"+"Regulated+Environment"
     Title Silica: Time to Act
     Author ['P Briggs']
     Venue Australian Mining & Petroleum LJ
     Year 1997
     Abstract The plaintiff must also be able to adduce scientific and medical evidence which demonstrates that exposure to silica produced the particular  and the consequences of not having one see Kelly J and Li P, "Document Management-Confronting Your Skeletons," PLC, June 1997
     Url https://heinonline.org/hol-cgi-bin/get_pdf.cgi?handle=hein.journals/ausreen16&section=21


     Search term "Medical"+"PLC"+OR+"FPGA"+"Regulated+Environment"
     Title On Gaia: A critical investigation of the relationship between life and earth
     Author ['T Tyrrell']
     Venue NA
     Year 2013
     Abstract Before that, Lovelock had worked for twenty years at the United Kingdom's national institute for Medical Research in Mill Hill, London, carrying out re- search in biomedical science  T & aD Poyser, an imprint of Bloomsbury Publishing, Plc (2000)
     Url https://books.google.com/books?hl=fi&lr=&id=T2OYDwAAQBAJ&oi=fnd&pg=PP9&dq=%22Medical%22+%22PLC%22+OR+%22FPGA%22+%22Regulated+Environment%22&ots=CqdpYyoFv3&sig=vcip9lt5zQqDYHYcmuwlXgvs4SU


     Search term "Medical"+"PLC"+OR+"FPGA"+"Regulated+Environment"
     Title Implementing S88 in discrete manufacturing equipment
     Author ['D Kevin']
     Venue NA
     Year 2009
     Abstract S88 standard has been implemented on custom discrete manufacturing equipment in a regulated environment  development techniques, a review of applying Object Oriented principles to PLC programming will  tasked with the job of ensuring that only safe medical devices are
     Url https://www.library.ucg.ie/handle/10379/944


     Search term "Medical"+"PLC"+OR+"FPGA"+"Regulated+Environment"
     Title The corporate social responsibility of pharmaceutical product recalls: An empirical examination of US and UK markets
     Author ['ET Cheah', 'WL Chan', 'CLL Chieng']
     Venue Journal of Business Ethics
     Year 2007
     Abstract the US Food and Drug Administration (FDA); the FDA only has powers to prescribe recalls in limited situations where medical devices, human  In the highly regulated environment of the pharmaceutical industry, CSR issues may be related to ethical, legal as well as compliance
     Url https://link.springer.com/article/10.1007/s10551-006-9292-1


     Search term "Medical"+"PLC"+OR+"FPGA"+"Regulated+Environment"
     Title Reading 13: National policies and domestic politics
     Author ['DL Spar']
     Venue Readings
     Year 2010
     Abstract noneconomic, socially desirable ends: cleaner air, for example, or more effective medical treatments  Thus, firms that are accustomed to working in a regulated environment in one country may  for instance, the US Justice Department brought suit against Pilkington plc, a British
     Url https://ccourse.arabou.edu.kw/LMS_eBooks/OU_Courses'eBooks/B301/B301_Block-3_Readings.pdf#page=179


     Search term "Medical"+"PLC"+OR+"FPGA"+"Regulated+Environment"
     Title The internal market as a legal concept
     Author ['S Weatherill']
     Venue NA
     Year 2016
     Abstract 2005:307). . . . 73 Cadbury Schweppes plc, Cadbury Schweppes Overseas Ltd v. Commissioners of Inland Revenue (Case C-196/04) [2006] ECR I-7995 (ECLI:EU:C:2006:544) . . . . 133 CaixaBank France
     Url https://books.google.com/books?hl=fi&lr=&id=EFjjDQAAQBAJ&oi=fnd&pg=PP1&dq=%22Medical%22+%22PLC%22+OR+%22FPGA%22+%22Regulated+Environment%22&ots=u_1t8aVumK&sig=F2L2tB4aJVKloMrKWDt4-1VSklA


     Search term "Medical"+"PLC"+OR+"FPGA"+"Regulated+Environment"
     Title GABA-enriched fermented Laminaria japonica improves cognitive impairment and neuroplasticity in scopolamine-and ethanol-induced dementia model …
     Author ['SNS Reid', 'J Ryu', 'Y Kim', 'BH Jeon']
     Venue NA
     Year NA
     Abstract [Not Found]
     Url [Not Found]


     Search term "Medical"+"PLC"+OR+"FPGA"+"Regulated+Environment"
     Title Telecommunication Deregulation And Information Flow
     Author ['SK Sarkar']
     Venue Electro-Culture 1984
     Year 1984
     Abstract The public is greatly exposed to and influenced by the modern services in either the compe- titive or the regulated environment  Telecommunications Bill, which is due to become law in 1984, the government proposed to constitute BT as a private limited company (BT plc) and it
     Url https://www.spiedigitallibrary.org/conference-proceedings-of-spie/0474/0000/Telecommunication-Deregulation-And-Information-Flow/10.1117/12.942470.short


     Search term "Medical"+"PLC"+OR+"FPGA"+"Regulated+Environment"
     Title The Effect of EC Competition Law on Intellectual Property Valuations: Implications for Corporate Strategies
     Author ['J Dilley']
     Venue Or. Rev. Int'l L.
     Year 2002
     Abstract its scale, the nature of the product, and its importance in the provision of healthcare, the industry operates in a highly regulated environment  in Decker v. Caisse de Maladie, which concerned a consumer's right to reimbursement from his Member State for medical costs incurred
     Url https://heinonline.org/hol-cgi-bin/get_pdf.cgi?handle=hein.journals/porril4&section=6

