Showing papers for search query "Medical"+"Regulated+Environment"

     Search term "Medical"+"Regulated+Environment"
     Title Adopting agile in an FDA regulated environment
     Author ['R Rasmussen', 'T Hughes', 'JR Jenks']
     Venue 2009 Agile …
     Year 2009
     Abstract Threads linking the two projects were limited to a common set of resources engaged in delivering a medical device in a highly regulated environment. For the most part, there are no hard metrics presented, but more or less a qualitative assessment
     Url https://ieeexplore.ieee.org/abstract/document/5261092/


     Search term "Medical"+"Regulated+Environment"
     Title Successful collaborative software projects for medical devices in an FDA regulated environment: myth or reality?
     Author ['S Sudershana', 'A Villca-Roque']
     Venue … Conference on Global …
     Year 2007
     Abstract The significance of executing a successful collaborative distributed software project in a regulated medical device industry is often recognized but such projects are never perfectly achieved. There expectations of standard software being delivered'bug-free, on time and on
     Url https://ieeexplore.ieee.org/abstract/document/4299857/


     Search term "Medical"+"Regulated+Environment"
     Title … year medical students' exposure to and attitudes concerning drug company interactions: a perspective from a minimally regulated environment for medical …
     Author ['NE Beyhun', 'CC Kolayli', 'G Can', 'M Topbas']
     Venue PloS one
     Year 2016
     Abstract Interactions between drug companies and medical students may affect evidence-based medical practice and patient safety. The aim of this study was to assess drug company–medical student interactions in a medical faculty where limited specific national or
     Url https://journals.plos.org/plosone/article?id=10.1371/journal.pone.0168094


     Search term "Medical"+"Regulated+Environment"
     Title Implantable sensor systems for medical applications
     Author ['A Inmann', 'D Hodgins']
     Venue NA
     Year 2013
     Abstract [Not Found]
     Url [Not Found]


     Search term "Medical"+"Regulated+Environment"
     Title Exposure to the drug company marketing in Greece: Interactions and attitudes in a non-regulated environment for medical students
     Author ['M Filippiadou', 'D Kouvelas', 'G Garyfallos']
     Venue Annals of medicine and …
     Year 2017
     Abstract Background Medical students are targeted by the pharmaceutical industry and are exposed to their marketing strategies even in the preclinical years of study. The marketing strategies used by pharmaceutical companies with physicians are also applied to students, affecting
     Url https://www.sciencedirect.com/science/article/pii/S2049080117301577


     Search term "Medical"+"Regulated+Environment"
     Title Agile development in a medical device company
     Author ['PA Rottier', 'V Rodrigues']
     Venue Agile 2008 Conference
     Year 2008
     Abstract Process challenges The medical devices industry is regulated by a number of regulatory bodies of which the FDA is perhaps the best known example  In this phase the first conflict between the classical Scrum approach and our highly regulated environment became evident
     Url https://ieeexplore.ieee.org/abstract/document/4599480/


     Search term "Medical"+"Regulated+Environment"
     Title Developing active implantable medical devices in a regulated environment
     Author ['A Inmann', 'J Spensley']
     Venue Implantable Sensor Systems for Medical …
     Year 2013
     Abstract In this chapter, we look at the pathway and processes involved in bringing active implantable medical devices to the market, specifically the European Union and the United States of America. We discuss the route to market, the device and its classification, the
     Url https://www.sciencedirect.com/science/article/pii/B9781845699871500107


     Search term "Medical"+"Regulated+Environment"
     Title Certification and regulatory challenges in medical device software development
     Author ['N Hrgarek']
     Venue 2012 4th International Workshop on Software …
     Year 2012
     Abstract San Francisco, CA: Morgan Kaufmann, 1993. [13] ME Wiklund, and SB Wilcox, Designing usability into medical products. Boca Raton, FL: CRC Press, 2005. [14] R. Rasmussen, T. Hughes, JR Jenks, and J. Skach, “Adopting Agile in an FDA Regulated Environment”, Proc
     Url https://ieeexplore.ieee.org/abstract/document/6227011/


     Search term "Medical"+"Regulated+Environment"
     Title A reflective analysis of medical education research on self‐regulation in learning and practice
     Author ['R Brydges', 'D Butler']
     Venue Medical education
     Year 2012
     Abstract influence performance in a novel self‐regulated environment using bench‐top simulators.33 Similarly, research has explored how trainees use online self‐monitoring processes when navigating a complex simulation context34 and when providing answers to medical 'trivia'.35
     Url https://onlinelibrary.wiley.com/doi/abs/10.1111/j.1365-2923.2011.04100.x


     Search term "Medical"+"Regulated+Environment"
     Title Medical photography: ethics, consent and the intersex patient
     Author ['S Creighton', 'J Alderson', 'S Brown', 'CL Minto']
     Venue BJU international
     Year 2002
     Abstract The photograph should ideally be taken by a trained medical photographer in a suitable environment. • The photographer must at all times respect the rights and dignity of the patient. • All images must be stored in a safe and regulated environment, with controlled access
     Url https://bjui-journals.onlinelibrary.wiley.com/doi/abs/10.1046/j.1464-410X.2002.02558.x


     Search term "Medical"+"Regulated+Environment"
     Title Exposure to the drug company marketing in Greece: Interactions and attitudes in a non-regulated environment for medical students
     Author ['M Filippiadou', 'D Kouvelas', 'G Garyfallos']
     Venue Annals of medicine and …
     Year 2017
     Abstract Background Medical students are targeted by the pharmaceutical industry and are exposed to their marketing strategies even in the preclinical years of study. The marketing strategies used by pharmaceutical companies with physicians are also applied to students, affecting
     Url https://www.sciencedirect.com/science/article/pii/S2049080117301577


     Search term "Medical"+"Regulated+Environment"
     Title Developing active implantable medical devices in a regulated environment
     Author ['A Inmann', 'J Spensley']
     Venue Implantable Sensor Systems for Medical …
     Year 2013
     Abstract In this chapter, we look at the pathway and processes involved in bringing active implantable medical devices to the market, specifically the European Union and the United States of America. We discuss the route to market, the device and its classification, the
     Url https://www.sciencedirect.com/science/article/pii/B9781845699871500107


     Search term "Medical"+"Regulated+Environment"
     Title Lean/agile software development methodologies in regulated environments–state of the art
     Author ['O Cawley', 'X Wang', 'I Richardson']
     Venue International Conference on Lean …
     Year 2010
     Abstract based practices seem to be making inroads. Keywords: Software Development, Regulated Environment, Lean, Agile, Medical Device, Embedded-Software, Safety-critical. 1 Introduction In this report we investigate the contemporary
     Url https://link.springer.com/chapter/10.1007/978-3-642-16416-3_4


     Search term "Medical"+"Regulated+Environment"
     Title Medical imaging in clinical trials
     Author ['CG Miller', 'J Krasnow', 'LH Schwartz']
     Venue NA
     Year 2014
     Abstract as clinical endpoints or biomarkers. This book is written specifically to address the questions around the application of medical imaging in the complex and highly regulated environment of clinical trials. It has also been timed
     Url https://link.springer.com/content/pdf/10.1007/978-1-84882-710-3.pdf


     Search term "Medical"+"Regulated+Environment"
     Title Supporting medical device development: a standard product design process model
     Author ['LA Medina', 'GEO Kremer', 'RA Wysk']
     Venue Journal of Engineering …
     Year 2013
     Abstract Lin and Fan (2009) concentrate on the issue of software development for FDA-compliant medical devices, providing a hybrid  from the perspective of collaborative distributed software projects and the challenges it presents in an FDA-regulated environment, which include strict
     Url https://www.tandfonline.com/doi/abs/10.1080/09544828.2012.676635


     Search term "Medical"+"Regulated+Environment"
     Title Barriers to adopting agile practices when developing medical device software
     Author ['M McHugh', 'F McCaffery', 'V Casey']
     Venue International Conference on Software …
     Year 2012
     Abstract Rottier, PA, Rodrigues, V.: Agile Development in a Medical Device Company. In: Proceedings of the 11th AGILE Conference, AGILE 2008. Springer, Girona (2008) 18. Rasmussen, R., Hughes, T., Jenks, JR, Skach, J.: Adopting Agile in an FDA Regulated Environment
     Url https://link.springer.com/chapter/10.1007/978-3-642-30439-2_13


     Search term "Medical"+"Regulated+Environment"
     Title Biocompatibility of polymer-based biomaterials and medical devices–regulations, in vitro screening and risk-management
     Author ['M Bernard', 'E Jubeli', 'MD Pungente', 'N Yagoubi']
     Venue Biomaterials science
     Year 2018
     Abstract Despite a highly regulated environment, biocompatibility evaluation of biomaterials for medical devices is a complex task related to various factors that include mainly chemical nature and physical properties of the material, the contact tissue and duration of contact
     Url https://pubs.rsc.org/en/content/articlehtml/2018/bm/c8bm00518d


     Search term "Medical"+"Regulated+Environment"
     Title Credentialing complementary and alternative medical providers
     Author ['DM Eisenberg', 'MH Cohen', 'A Hrbek']
     Venue Annals of Internal …
     Year 2002
     Abstract Many CAM providers lack the resources to establish the needed infrastructure to operate in a tightly regulated environment, with constraints by third  for quality assurance, credentialing, scope of practice, and reimbursement, they will end up 1) subordinate to medical doctors, as
     Url https://www.acpjournals.org/doi/abs/10.7326/0003-4819-137-12-200212170-00010


     Search term "Medical"+"Regulated+Environment"
     Title … 9001-2008 and the FDA quality system regulation for medical devices: A guide for quality professionals who need to adapt to an FDA regulated environment
     Author ['D Greetham']
     Venue NA
     Year 2010
     Abstract As manufacturing continues its decline in the United States, some quality engineers who have worked with the ISO 9001 Quality Standard find themselves looking for new opportunities in the field of medical device manufacturing. These engineers, while most
     Url http://search.proquest.com/openview/88207dec533cc49ee17be4dbb8e8484e/1?pq-origsite=gscholar&cbl=18750&diss=y


     Search term "Medical"+"Regulated+Environment"
     Title An analysis of safety culture attitudes in a highly regulated environment
     Author ['J Harvey', 'G Erdos', 'H Bolam', 'MAA Cox']
     Venue Work & …
     Year 2002
     Abstract 1, 18±36 An analysis of safety culture attitudes in a highly regulated environment  In terms of safety culture, the organizational context may determine its salience and likelihood of aVecting behaviour, especially in a highly regulated environment such as the nuclear industry
     Url https://www.tandfonline.com/doi/abs/10.1080/02678370110113226


     Search term "Medical"+"Regulated+Environment"
     Title The competitive forces that shape Australian medical education
     Author ['M Mahat']
     Venue International Journal of Educational Management
     Year 2019
     Abstract Medical education is an evidence-driven professional field that operates in an increasingly regulated environment as compared to other fields within universities. The purpose of this paper is to establish the extent to which Porter's
     Url https://www.emerald.com/insight/content/doi/10.1108/IJEM-01-2018-0015/full/html


     Search term "Medical"+"Regulated+Environment"
     Title Testing implantable medical devices: minimal analog access ports make testing today's complex digital implantable medical devices a unique challenge
     Author ['JM Cortner']
     Venue EE-Evaluation Engineering
     Year 2004
     Abstract Electronic test of medical devices shares some obvious challenges with testing for military applications. FDA and ISO 13485 test requirements aren't the same as military standards, but a highly regulated environment creates a certain overhead of process and documentation
     Url https://go.gale.com/ps/i.do?id=GALE%7CA118330663&sid=googleScholar&v=2.1&it=r&linkaccess=abs&issn=01490370&p=AONE&sw=w


     Search term "Medical"+"Regulated+Environment"
     Title Medical device industry: software process improvement
     Author ['F McCaffery', 'J Burton', 'V Casey']
     Venue … Three-Volume Set …
     Year 2010
     Abstract [Not Found]
     Url [Not Found]


     Search term "Medical"+"Regulated+Environment"
     Title A review of educational philosophies as applied to radiation safety training at medical institutions
     Author ['LT Dauer', 'JS Germain']
     Venue Health physics
     Year 2006
     Abstract This paper examines the educational philosophy of radiation safety education programs at.
     Url https://journals.lww.com/health-physics/Fulltext/2006/05002/A_Review_of_Educational_Philosophies_as_Applied_to.7.aspx


     Search term "Medical"+"Regulated+Environment"
     Title Medical technology and competitiveness in the world market: reinventing the environment for innovation
     Author ['WW George']
     Venue Food and drug law journal
     Year 1995
     Abstract Market: Reinventing the Environment for Innovation William W. George * I. Introduction US medical device manufacturers face the challenges of competing in the world market, and developing innovative technologies in a highly regulated environment
     Url https://www.jstor.org/stable/26659499


     Search term "Medical"+"Regulated+Environment"
     Title Balancing agility and discipline in a medical device software organisation
     Author ['M McHugh', 'F McCaffery', 'B Fitzgerald', 'KJ Stol']
     Venue … Conference on Software …
     Year 2013
     Abstract PA, Rodrigues, V.: Agile Development in a Medical Device Company. Presented at the Proceedings of the 11th AGILE Conference, AGILE 2008, Girona, Spain (2008) 21. Rasmussen, R., Hughes, T., Jenks, JR, Skach, J.: Adopting Agile in an FDA Regulated Environment
     Url https://link.springer.com/chapter/10.1007/978-3-642-38833-0_18


     Search term "Medical"+"Regulated+Environment"
     Title Software process improvement in the medical device industry
     Author ['F Mc Caffery', 'J Burton', 'V Casey']
     Venue Encyclopedia of software …
     Year 2010
     Abstract This entry considers medical device software development that takes place in a regulated environment. Research has shown that medical device regulations cannot be completely satisfied by generic software process improvement models
     Url https://www.valcasey.eu/Medical%20Chapter.pdf


     Search term "Medical"+"Regulated+Environment"
     Title Design and delivery of medical devices for home-use: Drivers and challenges
     Author ['S Gupta']
     Venue NA
     Year 2007
     Abstract Lack of appreciation of end-users needs - Medical device companies often technology  new user group... new environment of use • Constraint to subsequent product improvements - Lack of feedback from the community - Changes difficult in heavily regulated environment
     Url https://digital-library.theiet.org/content/conferences/10.1049/ic.2007.1690


     Search term "Medical"+"Regulated+Environment"
     Title Medical students' attitudes toward pharmaceutical marketing: possibilities for change.
     Author ['DC Vinson', 'B McCandless', 'MC Hosokawa']
     Venue Family medicine
     Year 1993
     Abstract Cited by: 0 articles | PMID: 28890928 | PMCID: PMC5569982. Review Free to read & use. Turkish Final Year Medical Students' Exposure to and Attitudes Concerning Drug Company Interactions: A Perspective from a Minimally Regulated Environment for Medical Students
     Url https://europepmc.org/article/med/8454121


     Search term "Medical"+"Regulated+Environment"
     Title Diagnosis related group costs in a regulated environment
     Author ['C Le Pen', 'G Berdeaux']
     Venue PharmacoEconomics
     Year 2000
     Abstract Conversely, drug and medical device costs represent 21.5% of DRG 152 cost (cardiac valve replacement with extracorporeal circulation, cardiac catheter or  It follows from this point that using DRG costs in a regulated environment is not a simple way to escape the cost charge
     Url https://link.springer.com/article/10.2165/00019053-200017020-00001


     Search term "Medical"+"Regulated+Environment"
     Title Strategic positioning of medical schools: An Australian perspective
     Author ['M Mahat', 'H Coates']
     Venue Medical teacher
     Year 2016
     Abstract Within this regulated environment, medical schools need to deal with the operational or technical aspects of regulation (Tan & Litschert 1994) and managing their interactions with external entities such as regulatory agencies (Post & Mahon 1980)
     Url https://www.tandfonline.com/doi/abs/10.3109/0142159X.2016.1170782


     Search term "Medical"+"Regulated+Environment"
     Title How can we enhance undergraduate medical training in the operating room? A survey of student attitudes and opinions
     Author ['SJ Chapman', 'AR Hakeem', 'G Marangoni']
     Venue Journal of surgical …
     Year 2013
     Abstract however, it may also be argued that students should continue to seek surgical opportunities while working in allied medical disciplines  importance of formally preparing students before their first OR visit so that integration into such a controlled and regulated environment is easier
     Url https://www.sciencedirect.com/science/article/pii/S193172041300038X


     Search term "Medical"+"Regulated+Environment"
     Title Harnessing experience for efficient medical device product development
     Author ['L Lucke', 'D Anderson', 'D Smith']
     Venue Journal of Medical …
     Year 2009
     Abstract by the need to work within a regulated environment which requires well defined processes and significant testing to demonstrate the safety and efficacy of the device. An experienced development team, well versed in the design and manufacturing of medical devices, can
     Url https://asmedigitalcollection.asme.org/medicaldevices/article/470775/Harnessing-Experience-for-Efficient-Medical-Device


     Search term "Medical"+"Regulated+Environment"
     Title Risk level based management system: a control banding model for occupational health and safety risk management in a highly regulated environment
     Author ['DM Zalk', 'R Kamerzell', 'S Paik', 'J Kapp', 'D Harrington']
     Venue Industrial …
     Year 2010
     Abstract Risk Management in a Highly Regulated Environment David M. ZALK1*, Ryan KAMERZELL1, Samuel PAIK1, Jennifer KAPP1, Diana HARRINGTON2 and Paul SWUSTE3  Be Worker + Medical Surveillance RL3 Dermal + inhalation, confi- dence airborne is <0.2 μg/m3 8-h TWA
     Url https://www.jstage.jst.go.jp/article/indhealth/48/1/48_1_18/_article/-char/ja/


     Search term "Medical"+"Regulated+Environment"
     Title Investigating the suitability of using agile for medical embedded software development
     Author ['S Demissie', 'F Keenan', 'F McCaffery']
     Venue International Conference on …
     Year 2016
     Abstract Hughes, T., Jenks, JR, Skach, J.: Adopting agile in an FDA regulated environment. In: Proceedings of the Agile 2009 Conference (Agile 2009), pp. 151–155 (2009)Google Scholar. 26. Zema, M., Rosati, S., Gioia, V., Knaflitz, M., Balestra, G.: Developing medical device software in
     Url https://link.springer.com/chapter/10.1007/978-3-319-38980-6_29


     Search term "Medical"+"Regulated+Environment"
     Title Safety compliance in a highly regulated environment: A case study of workers' knowledge of rules and procedures within the petroleum industry
     Author ['Ø Dahl']
     Venue Safety science
     Year 2013
     Abstract Elsevier. Safety Science. Volume 60, December 2013, Pages 185-195. Safety Science. Safety compliance in a highly regulated environment: A case study of workers' knowledge of rules and procedures within the petroleum industry
     Url https://www.sciencedirect.com/science/article/pii/S0925753513001707


     Search term "Medical"+"Regulated+Environment"
     Title MODELING THE SUSTAINABILITY OF PRIVATE MEDICAL SCHEMES IN A REGULATED ENVIRONMENT
     Author ['CS Owen']
     Venue NA
     Year NA
     Abstract The costs of healthcare insurance continue to rise year-on-year far in excess of general inflation. The response to this global phenomenon has often been to increasingly regulate the healthcare insurance industry or the private medical scheme industry as it is known in
     Url http://wiredspace.wits.ac.za/handle/10539/10588


     Search term "Medical"+"Regulated+Environment"
     Title A concurrent engineering approach for the development of medical devices
     Author ['SK Das', 'JB Almonor']
     Venue International Journal of Computer Integrated …
     Year 2000
     Abstract and development in a regulated environment is a challenging task, and requires considerable planning. In this paper we have proposed a concurrent engineering approach for managing this task. While the ADCE process was developed specifically for medical devices, it can
     Url https://www.tandfonline.com/doi/abs/10.1080/095119200129984


     Search term "Medical"+"Regulated+Environment"
     Title Challenges of Agile Practices Implementation in the Medical Device Software Development Methodologies
     Author ['M Kostic']
     Venue European Project Management Journal
     Year 2017
     Abstract Rasmussen, R., Hughes, T., Jenks, JR, & Skach, J. (2009). Adopting Agile in an FDA regulated environment. In Agile Conference, 2009. AGILE'09. (pp. 151- 155). IEEE. Rottier, PA, & Rodrigues, V. (2008). Agile development in a Medical Device company. In Agile, 2008
     Url http://media.epmj.org/2017/12/7-2-4-Milos-Kostic.pdf


     Search term "Medical"+"Regulated+Environment"
     Title Managed care as regulation: functional ethics for a regulated environment
     Author ['SH Johnson']
     Venue The Journal of Law, Medicine & Ethics
     Year 1995
     Abstract Format, Tips on citation download. Download Citation. Download article citation data for: Managed Care as Regulation: Functional Ethics for a Regulated Environment. Sandra H. Johnson. The Journal of Law, Medicine & Ethics 1995 23:3, 266-272. Download Citation
     Url https://journals.sagepub.com/doi/abs/10.1111/j.1748-720X.1995.tb01362.x


     Search term "Medical"+"Regulated+Environment"
     Title Category-versus brand-level advertising messages in a highly regulated environment
     Author ['C Kolsarici', 'D Vakratsas']
     Venue Journal of Marketing Research
     Year 2010
     Abstract Download Citation. Download article citation data for: Category- versus Brand-Level Advertising Messages in a Highly Regulated Environment. Ceren Kolsarici and Demetrios Vakratsas. Journal of Marketing Research 2010 47:6, 1078-1089. Download Citation
     Url https://journals.sagepub.com/doi/abs/10.1509/jmkr.47.6.1078


     Search term "Medical"+"Regulated+Environment"
     Title DevOps in an ISO 13485 Regulated Environment: A Multivocal Literature Review
     Author ['M Forsberg Lie', 'M Sánchez-Gordón']
     Venue arXiv e …
     Year 2020
     Abstract NASA/ADS. DevOps in an ISO 13485 Regulated Environment: A Multivocal Literature Review  Abstract. Background: Medical device development projects must follow proper directives and regulations to be able to market and sell the end-product in their respective territories
     Url https://ui.adsabs.harvard.edu/abs/2020arXiv200711295F/abstract


     Search term "Medical"+"Regulated+Environment"
     Title … Environment of Non-Profit Higher Education and Research Institutions and Its Implications for Managerial Strategy: The Case of Medical Education and Research
     Author ['M Mahat', 'A Pettigrew']
     Venue … of Research on Emerging Business Models …
     Year 2017
     Abstract Additionally, medical education is an intensely evidence-driven professional field that operates in an increasingly regulated environment as compared to other fields within universities, which can have an impact on the role and character of an institution's strategy
     Url https://www.igi-global.com/chapter/the-regulatory-environment-of-non-profit-higher-education-and-research-institutions-and-its-implications-for-managerial-strategy/180802


     Search term "Medical"+"Regulated+Environment"
     Title An agile implementation within a medical device software organisation
     Author ['M McHugh', 'F McCaffery', 'G Coady']
     Venue International Conference on Software …
     Year 2014
     Abstract 7] Rasmussen, R., Hughes, T., Jenks, JR, Skach, J.: Adopting Agile in an FDA Regulated Environment. In: Agile Conference, AGILE 2009 (2009) [8] Faris, TH: Safe And Sound Software: Creating an Efficient and Effective Quality System for Software Medical Device Organizations
     Url https://link.springer.com/chapter/10.1007/978-3-319-13036-1_17


     Search term "Medical"+"Regulated+Environment"
     Title An agile v-model for medical device software development to overcome the challenges with plan-driven software development lifecycles
     Author ['M Mc Hugh', 'O Cawley', 'F McCaffcry']
     Venue … in Health Care …
     Year 2013
     Abstract Page 1. An Agile V-Model for Medical Device Software  To attempt to resolve these issues an examination of the non-regulated industry was performed to determine if lessons learned there could be applied to the development of medical device software
     Url https://ieeexplore.ieee.org/abstract/document/6602471/


     Search term "Medical"+"Regulated+Environment"
     Title Manikins for medical textile evaluation
     Author ['MP Sikka']
     Venue Manikins for Textile Evaluation
     Year 2017
     Abstract manikins. By testing the medical textiles using these manikins in a safe and regulated environment, future researchers can learn permanent and excellent evaluation techniques thus ensuring the safety of the patients. While
     Url https://www.sciencedirect.com/science/article/pii/B9780081009093000121


     Search term "Medical"+"Regulated+Environment"
     Title Medical schemes
     Author ['S Harrison']
     Venue South African Health Review
     Year 2003
     Abstract access to medical scheme coverage, the Act also had to include protections in relation to the financial stability and appropriate governance of the medical schemes environment. This was critically important in the context of a previously largely under-regulated environment
     Url https://journals.co.za/content/healthr/2003/1/EJC35401


     Search term "Medical"+"Regulated+Environment"
     Title Use Error Analysis in a Medical Device Product Development Cycle
     Author ['DA Hooper', 'RE Hitchens']
     Venue Proceedings of the Human …
     Year 2011
     Abstract Page 1. Use Error Analysis in a Medical Device Product Development Cycle  The UEA process has been successfully incorporated into formal hazard analysis processes in an FDA regulated environment and used on numerous projects
     Url https://journals.sagepub.com/doi/abs/10.1177/1071181311551375


     Search term "Medical"+"Regulated+Environment"
     Title Medical tourism: An emerging global healthcare industry
     Author ['DS Sandberg']
     Venue International Journal of Healthcare Management
     Year 2017
     Abstract There are new professional trade organizations and journals emerging in Medical Tourism and each one claiming to be the leader in this new industry and there is room for more organizations to help create a global regulated environment for quality and safety in patient care
     Url https://www.tandfonline.com/doi/abs/10.1080/20479700.2017.1296213


     Search term "Medical"+"Regulated+Environment"
     Title Integrating agile practices with plan-driven medical device software development
     Author ['M Mc Hugh', 'F McCaffery', 'V Casey']
     Venue NA
     Year 2012
     Abstract 7. Rottier, PA and Rodrigues, V., (2008) "Agile Development in a Medical Device Company," presented at the Agile, 2008. AGILE '08. Conference. 8. Rasmussen, R., et al., (2009) "Adopting Agile in an FDA Regulated Environment," presented at the Agile Conference, 2009
     Url http://eprints.dkit.ie/238/

