Showing papers for search query "Medical"+"Hardware+simulation"

     Search term "Medical"+"Hardware+simulation"
     Title Hardware design and implementation of a wavelet de-noising procedure for medical signal preprocessing
     Author ['SW Chen', 'YH Chen']
     Venue Sensors
     Year 2015
     Abstract Article. Hardware Design and Implementation of a Wavelet De-Noising Procedure for Medical Signal Preprocessing. by Szi-Wen Chen 1,2,* and Yuan-Ho Chen 1  Signal integrity always plays a crucial role for applications into medical signal sensing and processing
     Url https://www.mdpi.com/1424-8220/15/10/26396


     Search term "Medical"+"Hardware+simulation"
     Title Hardware-software co-simulation for medical x-ray control units.
     Author ['B Kleinert', 'GR Rahimi', 'M Reichenbach', 'D Fey']
     Venue SimuTools
     Year 2015
     Abstract 1. INTRODUCTION In this paper we present a simulation environment to master complexity of adaption cycles of an X-ray control unit used in a medical device  output signal traces Linux host computer software simulation hardware simulation IPC Figure 2: Virtual control unit
     Url http://cs.virginia.edu/~gr5yf/Reza_files/papers/Simutool2015.pdf


     Search term "Medical"+"Hardware+simulation"
     Title Trainer using video photographs and overlays for reconfigurable hardware simulation
     Author ['VS De Gyarfas', 'R Saunders']
     Venue US Patent 5,286,202
     Year 1994
     Abstract US5286202A - Trainer using video photographs and overlays for reconfigurable hardware simulation - Google Patents. Trainer using video photographs and overlays for reconfigurable hardware simulation. Download PDF Info
     Url https://patents.google.com/patent/US5286202A/en


     Search term "Medical"+"Hardware+simulation"
     Title DyRT: dynamic response textures for real time deformation simulation with graphics hardware
     Author ['DL James', 'DK Pai']
     Venue Proceedings of the 29th annual conference on …
     Year 2002
     Abstract simulation and constraint handling for physically-based dynamic [19, 28] and also static [11, 10] deformable models, we are primarily interested in their amenability to graphics hardware simulation [14]  Non-linear and anisotropic elastic soft tissue models for medical simulation
     Url https://dl.acm.org/doi/abs/10.1145/566570.566621


     Search term "Medical"+"Hardware+simulation"
     Title Anesthesia crisis resource management: real-life simulation training in operating room crises
     Author ['RS Holzman', 'JB Cooper', 'DM Gaba']
     Venue Journal of clinical …
     Year 1995
     Abstract Page 1. *Assistant Professor of Anaesthesia, Har- vard Medical School; Senior  The videocamera was con- nected by coaxial cable to a monitor in the simulator control room. The simulator was operated by a Harvard medical student with undergraduate training in engineering
     Url http://www.academia.edu/download/48109822/0952-8180_2895_2900146-820160816-25757-q8mwix.pdf


     Search term "Medical"+"Hardware+simulation"
     Title Understanding the memory performance of data-mining workloads on small, medium, and large-scale cmps using hardware-software co-simulation
     Author ['W Li', 'E Li', 'A Jaleel', 'J Shan', 'Y Chen']
     Venue … Analysis of Systems …
     Year 2007
     Abstract prefetcher on an Intel射 Xeon射 machine. simulators, FPGA-based hardware simulation has been 1-4244-1081-9/07/$25.00 咕2007 IEEE  mon substring in sequences. applications including credit approval, medical diagnosis, performance prediction, and selective marketing
     Url https://ieeexplore.ieee.org/abstract/document/4211020/


     Search term "Medical"+"Hardware+simulation"
     Title Preliminary Experimental results of integrated gasification fuel cell operation using hardware simulation
     Author ['A Traverso', 'D Tucker']
     Venue … of engineering for …
     Year 2012
     Abstract Preliminary Experimental Results of Integrated Gasification Fuel Cell Operation Using Hardware Simulation  "Preliminary Experimental Results of Integrated Gasification Fuel Cell Operation Using Hardware Simulation." ASME. J. Eng. Gas Turbines Power
     Url https://asmedigitalcollection.asme.org/gasturbinespower/article-abstract/134/7/071701/455709


     Search term "Medical"+"Hardware+simulation"
     Title Hardware simulation of relative navigation using visual sensor information
     Author ['M Monda', 'H Schaub']
     Venue … , Navigation, and Control Conference and Exhibit
     Year 2005
     Abstract Page 1. Hardware Simulation of Relative Navigation using Visual Sensor Information Mark J. Monda∗ and Hanspeter Schaub† Virginia Polytechnic Institute and State University, Blacksburg, VA 24061-0203 Precise relative
     Url https://arc.aiaa.org/doi/pdf/10.2514/6.2005-5999


     Search term "Medical"+"Hardware+simulation"
     Title Apparatus for robotic force simulation
     Author ['RW Latham']
     Venue US Patent 5,803,738
     Year 1998
     Abstract US5803738A - Apparatus for robotic force simulation - Google Patents. Apparatus for robotic force simulation. Download PDF Info. Publication number US5803738A. US5803738A US08/692,422 US69242296A US5803738A
     Url https://patents.google.com/patent/US5803738A/en


     Search term "Medical"+"Hardware+simulation"
     Title High-Performance Hardware 3D Medical Imaging using Wavelets in the Residue Number System
     Author ['NI Chervyakov', 'PA Lyakhov']
     Venue 2020 9th …
     Year 2020
     Abstract by modulo  2 channel is showed in Fig. 2. The input image has 8 bit of voxel bit-width. V. HARDWARE SIMULATION OF THE 3D MEDICAL IMAGES WAVELET PROCESSING An example of 3D 8-bit image “MRI_head_4_8” DWT with wavelet Daubechies 2 db is shown in Fig
     Url https://ieeexplore.ieee.org/abstract/document/9134123/


     Search term "Medical"+"Hardware+simulation"
     Title Understanding the memory performance of data-mining workloads on small, medium, and large-scale cmps using hardware-software co-simulation
     Author ['W Li', 'E Li', 'A Jaleel', 'J Shan', 'Y Chen']
     Venue … Analysis of Systems …
     Year 2007
     Abstract prefetcher on an Intel射 Xeon射 machine. simulators, FPGA-based hardware simulation has been 1-4244-1081-9/07/$25.00 咕2007 IEEE  mon substring in sequences. applications including credit approval, medical diagnosis, performance prediction, and selective marketing
     Url https://ieeexplore.ieee.org/abstract/document/4211020/


     Search term "Medical"+"Hardware+simulation"
     Title Hardware Software Co-Simulation of the Multiple Image Encryption Technique Using the Xilinx System Generator.
     Author ['HT Panduranga', 'SKN Kumar']
     Venue Journal of Information …
     Year 2013
     Abstract 1. This multiple image encryption is not applicable for video frames that have highly correlat- ed consecutive frames. It is applicable to multiple images (ie, medical images - MRI- images etc.)  7 » n Fil?3 n Fil«e Fig. 5. Hardware Simulation ofthe Proposed Encryption Approach
     Url http://search.ebscohost.com/login.aspx?direct=true&profile=ehost&scope=site&authtype=crawler&jrnl=1976913X&asa=Y&AN=90549554&h=rZtWQP2kfFxg5r5FQee0pu6BhQ%2FB1MDKRD7Iv7YKugxWTq0T9B3SQBpOw8y9wDsXIzAy3jbXSlhWR789tvT68Q%3D%3D&crl=c


     Search term "Medical"+"Hardware+simulation"
     Title Stepped-frequency nonlinear radar simulation
     Author ['GJ Mazzaro', 'KA Gallagher', 'AF Martone']
     Venue Radar Sensor …
     Year 2014
     Abstract 4. MEASUREMENTS. To demonstrate the stepped-frequency nonlinear radar concept, a hardware simulation was constructed  Figure 6. Stepped-frequency nonlinear radar hardware simulation data, processed to reveal the range-to-target, d peak
     Url https://www.spiedigitallibrary.org/conference-proceedings-of-spie/9077/90770U/Stepped-frequency-nonlinear-radar-simulation/10.1117/12.2053168.short


     Search term "Medical"+"Hardware+simulation"
     Title A Low Power Hardware Implementation of Lifting based Reversible Watermarking for Medical Image
     Author ['P Jana', 'GK Maity', 'H Mandal']
     Venue 2019 Devices for Integrated …
     Year 2019
     Abstract Digital arrangements in real time are necessary in significant fields like medical analysis where usually hardware based system are required  Section IV represents the software and also the hardware simulation results respectively
     Url https://ieeexplore.ieee.org/abstract/document/8783370/


     Search term "Medical"+"Hardware+simulation"
     Title Hardware simulation of relative navigation using visual sensor information
     Author ['M Monda', 'H Schaub']
     Venue … , Navigation, and Control Conference and Exhibit
     Year 2005
     Abstract Page 1. Hardware Simulation of Relative Navigation using Visual Sensor Information Mark J. Monda∗ and Hanspeter Schaub† Virginia Polytechnic Institute and State University, Blacksburg, VA 24061-0203 Precise relative
     Url https://arc.aiaa.org/doi/pdf/10.2514/6.2005-5999


     Search term "Medical"+"Hardware+simulation"
     Title Novel, Moon and Mars, partial gravity simulation paradigms and their effects on the balance between cell growth and cell proliferation during early plant …
     Author ['A Manzano', 'R Herranz', 'LA den Toom', 'S Te Slaa']
     Venue npj …
     Year 2018
     Abstract Clinostats and Random Positioning Machine (RPM) are used to simulate microgravity, but, for space exploration, we need to know the response of living systems to fractional levels of gravity (partial gravity) as they exist on Moon and Mars. We have developed and compared two
     Url https://www.nature.com/articles/s41526-018-0041-4


     Search term "Medical"+"Hardware+simulation"
     Title Evaluation of cathode air flow transients in a SOFC/GT hybrid system using hardware in the loop simulation
     Author ['N Zhou', 'C Yang', 'D Tucker']
     Venue Journal of fuel cell …
     Year 2015
     Abstract Facility Description. A simplified process flow diagram of the experimental hardware simulation facility is schematically illustrated in Fig. 1. The system has been described in detail in previous work [12]; therefore, the following is an abbreviated description
     Url https://asmedigitalcollection.asme.org/electrochemical/article-abstract/12/1/011003/371756


     Search term "Medical"+"Hardware+simulation"
     Title Hardware-in-the-loop simulation of interval type-2 fuzzy PD controller for uncertain nonlinear system using low cost microcontroller
     Author ['AM El-Nagar', 'M El-Bardini']
     Venue Applied Mathematical Modelling
     Year 2016
     Abstract Simulation is used to represent processes that are physically unavailable, or whose use would be too costly, dangerous, or time  in numerous fields, including power systems [5], [6], automotive engineering [2], manufacturing [7], robotics [8], [9] and medical engineering [4]
     Url https://www.sciencedirect.com/science/article/pii/S0307904X15004874


     Search term "Medical"+"Hardware+simulation"
     Title System and method for control and simulation
     Author ['JA Tenney', 'WM Ruark', 'GJ Orelind']
     Venue US Patent 6,944,584
     Year 2005
     Abstract Existing robotic hardware simulation systems require users to write a robotic simulation program in a proprietary programming language that is  the control and simulation of power stations, water plants, highway traffic control and monitoring systems, medical devices, HVAC
     Url https://patents.google.com/patent/US6944584B1/en


     Search term "Medical"+"Hardware+simulation"
     Title Automated Monte Carlo simulation of proton therapy treatment plans
     Author ['JM Verburg', 'C Grassberger', 'S Dowdell']
     Venue … in cancer research …
     Year 2016
     Abstract Simulations of clinical proton radiotherapy treatment plans using general purpose Monte Carlo codes have been proven to be a valuable tool for basic research and clinical studies. They have been us...
     Url https://journals.sagepub.com/doi/abs/10.1177/1533034615614139


     Search term "Medical"+"Hardware+simulation"
     Title PAX: A mixed hardware/software simulation platform for spiking neural networks
     Author ['S Renaud', 'J Tomas', 'N Lewis', 'Y Bornat', 'A Daouzli']
     Venue Neural Networks
     Year 2010
     Abstract In such a case, the hardware is designed for a specific application, as for example in the case of bio-medical artefacts (Akay  biophysical models following the Hodgkin–Huxley (HH) formalism, in order to address two fields of research: (i) build a hardware simulation system for
     Url https://www.sciencedirect.com/science/article/pii/S0893608010000638


     Search term "Medical"+"Hardware+simulation"
     Title An FPGA platform for real-time simulation of spiking neuronal networks
     Author ['D Pani', 'P Meloni', 'G Tuveri', 'F Palumbo']
     Venue Frontiers in …
     Year 2017
     Abstract Edited by. Eberhard E. Fetz. University of Washington, United States. Reviewed by. Stavros Zanos. Feinstein Institute for Medical Research, United States. Francesco Leporati. University of Pavia, Italy. The editor and reviewers' affiliations
     Url https://www.frontiersin.org/articles/10.3389/fnins.2017.00090/full


     Search term "Medical"+"Hardware+simulation"
     Title Paced electrocardiogram simulation
     Author ['IT Iliev', 'SD Tabakov', 'II Jekova']
     Venue 2018 IEEE XXVII International …
     Year 2018
     Abstract atrio-ventricular sequential pacing, non-captured stimulus and not functioning pacemaker; - The multiparameter simulator “MS400” (Contec Medical Systems) [10  We propose a solution for hardware simulation of paced ECG by superimposing of simulated pace pulses over ECG
     Url https://ieeexplore.ieee.org/abstract/document/8549612/


     Search term "Medical"+"Hardware+simulation"
     Title Medical simulation system and method
     Author ['J McIntyre', 'L Brokke', 'C Orth', 'RT Taylor']
     Venue US Patent App. 16/017,688
     Year 2018
     Abstract US20180374389A1 - Medical simulation system and method - Google Patents. Medical simulation system and method. Download PDF  A medical simulation system comprising a medical instrument detection unit, a medical instrument tracker unit, a braking unit may be provided
     Url https://patents.google.com/patent/US20180374389A1/en


     Search term "Medical"+"Hardware+simulation"
     Title Hardware simulation systems and methods for vision inspection systems
     Author ['RM Wasserman']
     Venue US Patent 7,092,860
     Year 2006
     Abstract US7092860B1 - Hardware simulation systems and methods for vision inspection systems - Google Patents. Hardware simulation systems and methods for vision inspection systems. Download PDF Info. Publication number US7092860B1
     Url https://patents.google.com/patent/US7092860B1/en


     Search term "Medical"+"Hardware+simulation"
     Title Executable models of fissile reactor systems for hardware simulation and design
     Author ['JC Determan', 'CM Day', 'SK Klein']
     Venue Proceedings of the …
     Year 2015
     Abstract Hardware Simulation and Design  Currently this is of considerable interest to the medical isotopes industry, which plans to employ FSS to develop a method for producing urgently needed medical isotopes, including Mo-99, the precursor of Tc-99m
     Url https://www.researchgate.net/profile/John_Determan2/publication/301804279_Executable_Models_of_Fissile_Reactor_Systems_for_Hardware_Simulation_and_Design/links/5729046a08aef7c7e2c0ce3c/Executable-Models-of-Fissile-Reactor-Systems-for-Hardware-Simulation-and-Design.pdf


     Search term "Medical"+"Hardware+simulation"
     Title System and method for system level and circuit level modeling and design simulation using C++
     Author ['S Liao', 'S Tjiang', 'R Gupta']
     Venue US Patent 6,152,612
     Year 2000
     Abstract The present invention relates to the field of electronic design automation (EDA) for integrated circuits. More specifically, the present invention relates to the field of computer controlled systems and software for system and hardware simulation and circuit synthesis. (2) Prior Art
     Url https://patents.google.com/patent/US6152612A/en


     Search term "Medical"+"Hardware+simulation"
     Title An introduction to GPU accelerated surgical simulation
     Author ['TS Sørensen', 'J Mosegaard']
     Venue International Symposium on Biomedical …
     Year 2006
     Abstract 5. Strzodka, R., Doggett, M., and Kolb, A. Scientific Computation for Simulations on Programmable Graphics Hardware. Simulation Modelling Practice and Theory 2005;13(8):667-681. 6. GPGPU course, Siggraph 05  Medical Image Analysis 2000;4:57-66. 23
     Url https://link.springer.com/chapter/10.1007/11790273_11


     Search term "Medical"+"Hardware+simulation"
     Title Adaptive Synchronization Interface for Hardware-Software Co-Simulation based on SystemC and QEMU
     Author ['B Kleinert', 'S Weiß', 'F Schäfer', 'J Bakakeu']
     Venue Proceedings of the 9th EAI …
     Year 2016
     Abstract existing HW-SW co-simulator, that we previously presented to sim- ulate hardware and software of a medical X-ray  SW co-simulator delivers interac- tive simulations, by keeping simulated time synchronization overhead between the software and hardware simulation as small
     Url https://dl.acm.org/doi/abs/10.5555/3021426.3021431


     Search term "Medical"+"Hardware+simulation"
     Title Eigenskin: real time large deformation character skinning in hardware
     Author ['PG Kry', 'DL James', 'DK Pai']
     Venue Proceedings of the 2002 ACM SIGGRAPH …
     Year 2002
     Abstract a) FEM simulated pose b) SSD only c) EigenSkin d) Real time hardware simulation Figure 1: Comparison of EigenSkin and Skeletal-Subspace Deformation for an extreme pose not in the training data  Non-linear and anisotropic elastic soft tissue models for medical simulation
     Url https://dl.acm.org/doi/abs/10.1145/545261.545286


     Search term "Medical"+"Hardware+simulation"
     Title Experiences on developing computer vision hardware algorithms using Xilinx system generator
     Author ['AT Moreo', 'PN Lorente', 'FS Valles', 'JS Muro']
     Venue Microprocessors and …
     Year 2005
     Abstract processing have already been used to accelerate real-time point tracking [29], real-time image processing [15], medical image processing  The main drawback of the Xilinx system generator (XSG) development tool is time consumption in low-level hardware simulation, which is
     Url https://www.sciencedirect.com/science/article/pii/S0141933104001619


     Search term "Medical"+"Hardware+simulation"
     Title Co-simulation method for hardware/software evaluation using Xilinx system generator: a case study on image compression algorithms for capsule endoscopy
     Author ['Q Al-Shebani', 'P Premaratne', 'PJ Vial']
     Venue 2018 12th …
     Year 2018
     Abstract Fig. 6. The third subsystem of the hardware simulation design of the MCT method  2009. [5] Liu, G., et al., Design of a video capsule endoscopy system with low- power ASIC for monitoring gastrointestinal tract. Medical & biological engineering & computing, 2016
     Url https://ieeexplore.ieee.org/abstract/document/8631737/


     Search term "Medical"+"Hardware+simulation"
     Title Automatic generation of bio-inspired retina-like processing hardware
     Author ['A Martínez', 'LM Reyneri', 'FJ Pelayo', 'SF Romero']
     Venue … Work-Conference on …
     Year 2005
     Abstract We present both, the simulation and synthesis schemes of our tool. In this paper we focus our attention in the medical purpose of the tool  for a full precision simulation and stop in the generation of the hardware oriented Simulink model in order to perform a hardware simulation
     Url https://link.springer.com/chapter/10.1007/11494669_65


     Search term "Medical"+"Hardware+simulation"
     Title Real-time variable geometry triaxial gas turbine model for hardware-in-the-loop simulation experiments
     Author ['T Wang', 'Y Tian', 'Z Yin', 'DY Zhang']
     Venue … for Gas Turbines …
     Year 2018
     Abstract Skip to Main Content
     Url https://asmedigitalcollection.asme.org/gasturbinespower/article-abstract/140/9/092603/367337


     Search term "Medical"+"Hardware+simulation"
     Title CUBICORT: A hardware simulation of a multicolumn model for 3D image analysis, understanding & compression for digilal TV, HDTV & Multimedia
     Author ['P Leray', 'Y Burnod']
     Venue Proceedings of the Eighth Eurographics conference …
     Year 1993
     Abstract EGGH'93: Proceedings of the Eighth Eurographics conference on Graphics Hardware. CUBICORT: A hardware simulation of a multicolumn model for 3D image analysis, understanding & compression for digilal TV, HDTV & Multimedia  digitizing, robotics or medical applications
     Url https://dl.acm.org/doi/abs/10.5555/2421616.2421628


     Search term "Medical"+"Hardware+simulation"
     Title Real time hardware co-simulation for image processing algorithms using Xilinx System Generator
     Author ['M Alareqi', 'R Elgouri', 'K Mateur', 'L Hlou']
     Venue International Journal on Electrical …
     Year 2015
     Abstract FPGAs are increasingly used in modern imaging applications image filtering [5-6], medical imaging [7-8], image compression and wireless communication [9]. The rest  Shows the software and hardware simulation for the segmentation by thresholding design for the input image
     Url http://ijeei.org/docs-1738964260568c8b4c029c4.pdf


     Search term "Medical"+"Hardware+simulation"
     Title Sliced synchronous simulation engine for high speed simulation of integrated circuit behavior
     Author ['PP Jain']
     Venue US Patent 5,862,361
     Year 1999
     Abstract US5862361A - Sliced synchronous simulation engine for high speed simulation of integrated circuit behavior - Google Patents. Sliced synchronous simulation engine for high speed simulation of integrated circuit behavior. Download PDF Info
     Url https://patents.google.com/patent/US5862361A/en


     Search term "Medical"+"Hardware+simulation"
     Title Hybrid simulation facility based on commercial 100 kWe micro gas turbine
     Author ['ML Ferrari', 'M Pascenti']
     Venue Journal of Fuel …
     Year 2009
     Abstract Skip to Main Content
     Url https://asmedigitalcollection.asme.org/electrochemical/article-abstract/6/3/031008/470279


     Search term "Medical"+"Hardware+simulation"
     Title Hardware realisation of an intelligent medical image watermarking
     Author ['S Bal', 'S Das', 'S Dutta', 'S Das']
     Venue International Journal …
     Year 2020
     Abstract 62.805 0.8 H-GAWM (Mestiri et al., 2014) 47.587 0.55 Secured medical image watermarking method (Basu et al., 2015) 46.923 0.043 EAP (Jaiswal et al., 2013) 46 0.55 Wong et al. (2013) method 45.83 0.58 5.2 Hardware simulation results
     Url https://www.inderscienceonline.com/doi/abs/10.1504/IJNP.2020.105999


     Search term "Medical"+"Hardware+simulation"
     Title Numerical and hardware-in-the-loop tools for the design of very high speed pantograph-catenary systems
     Author ['S Bruni', 'G Bucca', 'A Collina']
     Venue Journal of …
     Year 2012
     Abstract Skip to Main Content
     Url https://asmedigitalcollection.asme.org/computationalnonlinear/article-abstract/7/4/041013/465972


     Search term "Medical"+"Hardware+simulation"
     Title Multilevel homogeneous detection analyzer for medical diagnostic application in Digital Microfluidic Biochips
     Author ['P Roy', 'T Chakraborty', 'H Rahaman']
     Venue 2014 Fifth International …
     Year 2014
     Abstract The hardware simulation is carried out on FPGA platform and the test results obtained in the process are found  analyzer, photosensors, digital microfluidics, biochips, bioassay protocols, multilevel operation I. INTRODUCTION In the fields of medical diagnostics, environmental
     Url https://ieeexplore.ieee.org/abstract/document/7172750/


     Search term "Medical"+"Hardware+simulation"
     Title Accelerating system integration by enhancing hardware, firmware, and co-simulation
     Author ['KD Schubert', 'EC McCain', 'H Pape']
     Venue IBM Journal of …
     Year 2004
     Abstract simulation. It also considers the various environments (collections of hardware simulation models, firmware, execution time control code, and test cases to stimulate model behavior), with their advantages and disadvantages
     Url https://ieeexplore.ieee.org/abstract/document/5388892/


     Search term "Medical"+"Hardware+simulation"
     Title Low-Bit Hardware Implementation of DWT for 3D Medical Images Processing
     Author ['PA Lyakhov', 'MV Valueva', 'NN Nagornov']
     Venue … IEEE Conference of …
     Year 2020
     Abstract devices. This can be used for 3D medical imaging systems improvements   Flow_PerfOptimized_high. Hardware simulation was carried out for DWT of 3D grayscale tomographic images with 8 BPC by wavelet Daubechies 2 db with 4 coefficients
     Url https://ieeexplore.ieee.org/abstract/document/9038946/


     Search term "Medical"+"Hardware+simulation"
     Title Water treatment and distribution simulation for a SCADA security testbed.
     Author ['KT Moss']
     Venue NA
     Year 2012
     Abstract development for the water sector simulations. Chapters 4 and 5 discuss the implementation of the water sector model in both a software and hardware simulation. Testing and results of the simulation are presented in chapter 6. Finally, conclusions and
     Url http://ir.library.louisville.edu/cgi/viewcontent.cgi?article=2012&context=etd


     Search term "Medical"+"Hardware+simulation"
     Title Design of Embedded Linux Simulation Development Environment
     Author ['W WANG', 'Z WU']
     Venue Computer Simulation
     Year 2005
     Abstract architecture and function of embedded system IDE.A better one has higher performance,which makes software/hardware cooperate.To meet the requirement we discussed current software/hardware simulation technologies  5, ;Design of a Medical Balanced Device[J];;2006
     Url http://en.cnki.com.cn/Article_en/CJFDTotal-JSJZ200509069.htm


     Search term "Medical"+"Hardware+simulation"
     Title Fluidic operational amplifier for mock circulatory systems-simulation and experimental results
     Author ['KW Gwak', 'MD Noh', 'BE Paden']
     Venue Proceedings of the 2005 …
     Year 2005
     Abstract Initial computer and hardware simulation results demonstrate that device may be programmed for use in mock circulatory systems to emulate the function of  An electromagnetic flow probe (Model 300A; Carolina Medical, King, NC) measures the flow rate either at the inlet or the
     Url https://ieeexplore.ieee.org/abstract/document/1470569/


     Search term "Medical"+"Hardware+simulation"
     Title Hardware-in-the-loop Simulation for Electric Powertrains
     Author ['C Vasiliu', 'N Vasile']
     Venue Revue Romaine des Science Techniques
     Year 2012
     Abstract Common users for real-time systems are: satellites, military equipment, avionics, medical devices (non-invasive scanners), command and control  The HIL system includes a real-time operating system, data acquisition hardware, simulation software, actuators and, of course, the
     Url https://www.researchgate.net/profile/Nicolae_Vasile/publication/273487073_VasiliuC_VasileN_Hardware_in_the_loop_simulation_for_electric_powertrains_Revue_Romaine_des_Science_Techniques_No_2_2012_ISSN_0035-4066/links/551e9a3d0cf213ef063fbb42/Vasiliu-C-Vasile-N-Hardware-in-the-loop-simulation-for-electric-powertrains-Revue-Romaine-des-Science-Techniques-No-2-2012-ISSN-0035-4066.pdf


     Search term "Medical"+"Hardware+simulation"
     Title A Parametric EIT System Spice Simulation with Phantom Equivalent Circuits
     Author ['C Dimas', 'N Uzunoglu', 'PP Sotiriadis']
     Venue Technologies
     Year 2020
     Abstract electrodes, by injecting a low frequency current. Even though EIT is mainly used for medical purposes, its applications are extended to geophysical research and non-destructive evaluation. Although this method is characterized by
     Url https://www.mdpi.com/2227-7080/8/1/13


     Search term "Medical"+"Hardware+simulation"
     Title Flexible energy-aware simulation of heterogenous wireless sensor networks
     Author ['F Fummi', 'G Perbellini', 'D Quaglia']
     Venue … Design, Automation & …
     Year 2009
     Abstract ISS; when an mterrupt amves, the value of program counter IS changed accordmgly to execute the correspondmg serVIce fOlltme Hardware simulation is implemented by SystemC [5] which prOVIdes both a  PhIlIps [9] and desIgned for body-worn smart medIcal sensors
     Url https://ieeexplore.ieee.org/abstract/document/5090926/


     Search term "Medical"+"Hardware+simulation"
     Title Behavioral simulation and synthesis of biological neuron systems using synthesizable VHDL
     Author ['JA Bailey', 'R Wilcock', 'PR Wilson', 'JE Chad']
     Venue Neurocomputing
     Year 2011
     Abstract Skip to main content Skip to article
     Url https://www.sciencedirect.com/science/article/pii/S0925231211001913

