Showing papers for search query "Regulated+Environment"+"Case+Study"+OR+"Case+Studies"

     Search term "Regulated+Environment"+"Case+Study"+OR+"Case+Studies"
     Title Scaling agile methods to regulated environments: An industry case study
     Author ['B Fitzgerald', 'KJ Stol', "R O'Sullivan"]
     Venue 2013 35th International …
     Year 2013
     Abstract principle, that of frequent delivery of working software, can also cause problems in a regulated environment, where this  To that end, we conducted a case study. Case studies are appropriate to answer “how” or “why” questions, and to study a contemporary phenomenon within
     Url https://ieeexplore.ieee.org/abstract/document/6606635/


     Search term "Regulated+Environment"+"Case+Study"+OR+"Case+Studies"
     Title Safety compliance in a highly regulated environment: A case study of workers' knowledge of rules and procedures within the petroleum industry
     Author ['Ø Dahl']
     Venue Safety science
     Year 2013
     Abstract Violations of rules and procedures are commonly identified as an important causal factor in workplace accidents. Essentially, there are two different types of violations: intentional and unintentional violations. Whereas the former term refers to deliberate violations of rules and
     Url https://www.sciencedirect.com/science/article/pii/S0925753513001707


     Search term "Regulated+Environment"+"Case+Study"+OR+"Case+Studies"
     Title Computer use in a primary school: A case-study of self-regulated learning
     Author ['L Swalander', 'AM Folkesson']
     Venue Trends and prospects in metacognition …
     Year 2010
     Abstract Computer Use in a Primary School: A Case-Study of Self-Regulated Learning  The data consisted of participant observations and interviews, collected within a 3-year case study of a computer project in a Swedish primary school
     Url https://link.springer.com/chapter/10.1007/978-1-4419-6546-2_18


     Search term "Regulated+Environment"+"Case+Study"+OR+"Case+Studies"
     Title The bases for executive action: A multiple case study of leadership in the highly regulated long-term health care industry
     Author ['DB Crawford']
     Venue NA
     Year 2005
     Abstract Page 1. The Bases for Executive Action: A Multiple Case Study of Leadership  56 Limitations of Transformational Leadership ..... 58 Qualitative Research and Case Study Method
     Url http://search.proquest.com/openview/92aeb93cc49277d262c77cbcf442a67b/1?pq-origsite=gscholar&cbl=18750&diss=y


     Search term "Regulated+Environment"+"Case+Study"+OR+"Case+Studies"
     Title mWater, a Case Study for Modeling Virtual Markets
     Author ['A Garrido', 'A Giret', 'V Botti', 'P Noriega']
     Venue Agreement technologies
     Year 2013
     Abstract mWater, a Case Study for Modeling Virtual Markets  This proposal has been inspired by the work in mWater, which is developed as a regulated environment where autonomous agents trade rights for the use of water in a closed basin
     Url https://link.springer.com/chapter/10.1007/978-94-007-5583-3_33


     Search term "Regulated+Environment"+"Case+Study"+OR+"Case+Studies"
     Title On the design of mWater: a case study for Agreement Technologies
     Author ['V Botti', 'A Garrido', 'A Giret', 'F Igual']
     Venue 7th European Workshop …
     Year 2009
     Abstract On the design of mWater: a case study for  We are approaching this problem by building an open multi-agent system, mWater, that is designed as a regulated environment where autonomous agents trade rights for the use of water in a closed basin, and resolve the conflicts
     Url http://www.academia.edu/download/30610147/botti09b.pdf


     Search term "Regulated+Environment"+"Case+Study"+OR+"Case+Studies"
     Title Applying the AHP to support the best-value contractor selection–lessons learned from two case studies in Taiwan
     Author ['WC Wang', 'W Yu', 'IT Yang', 'CC Lin', 'MT Lee']
     Venue Journal of Civil …
     Year 2013
     Abstract Through these two case studies, this work confirms that the AHP provides a  in which BV method must be performed in a transparent and strictly regulated environment  tendering method, analytical hierarchy process, multiple criteria evaluations, contractor selection, case study
     Url https://www.tandfonline.com/doi/abs/10.3846/13923730.2012.734851


     Search term "Regulated+Environment"+"Case+Study"+OR+"Case+Studies"
     Title 'Where Do I Begin?': A Case Study of Student Self-Regulation.
     Author ['CG Deed']
     Venue International Journal of Learning
     Year 2010
     Abstract Rather than switch to a self-steering stance, the students continued to act as though still working in a teacher-regulated environment. A number of limitations need to be considered. While this case study provided a detailed examination of the students' perspective, it is only one
     Url http://search.ebscohost.com/login.aspx?direct=true&profile=ehost&scope=site&authtype=crawler&jrnl=14479494&AN=51264490&h=dboc%2BjzW9t1Swp9yqZni8zNVQFAtR5IxJzGdcdrVHAeLpbY3nom%2FRgr%2BeEd3KUfquYUv5XtzRnyVAKkl6EYDSA%3D%3D&crl=c


     Search term "Regulated+Environment"+"Case+Study"+OR+"Case+Studies"
     Title Environmental audit of sugar factory: a case study of Kumbhi Kasari sugar factory, Kuditre, Kolhapur
     Author ['TB Rao', 'SG Chonde', 'PR Bhosale', 'AS Jadhav']
     Venue Univers J Environ Res …
     Year 2011
     Abstract Environmental Audit of Sugar Factory: A Case Study of Kumbhi Kasari Sugar Factory, Kuditre, Kolhapur  conducting 'Environmental Audit' in a sugar factory is no longer an option but a sound precaution and a proactive measure in today's heavily regulated environment
     Url http://citeseerx.ist.psu.edu/viewdoc/download?doi=10.1.1.206.5166&rep=rep1&type=pdf


     Search term "Regulated+Environment"+"Case+Study"+OR+"Case+Studies"
     Title Deregulation and financial fragility: A case study of the UK and Scandinavia
     Author ['HA Benink', 'DT Llewellyn']
     Venue … of Financial Institutions and Centres in Europe
     Year 1994
     Abstract A Case Study of the UK and Scandinavia  In each of the four case-study countries the banks' financial performance deteriorated sharply following a period of substantial growth in bank lend- ing, and sharp rises in borrowers' debt-income ratios. Trends in the financial
     Url https://link.springer.com/chapter/10.1007/978-94-015-8350-3_26


     Search term "Regulated+Environment"+"Case+Study"+OR+"Case+Studies"
     Title A case study of flexible solutions to transport demand in a deregulated environment
     Author ['J Brake', 'JD Nelson']
     Venue Journal of Transport Geography
     Year 2007
     Abstract Findings indicated that whilst in a more regulated environment DRT may be strategically more easy to implement, a long-term  Finally, as illustrated by the Northumberland case study, the deregulated environment has (in part) encouraged an innovative approach to partnership
     Url https://www.sciencedirect.com/science/article/pii/S0966692306000913


     Search term "Regulated+Environment"+"Case+Study"+OR+"Case+Studies"
     Title Information technology alignment planning—A case study
     Author ['D Peak', 'CS Guynes', 'V Kroon']
     Venue Information & management
     Year 2005
     Abstract Information Technology Alignment Planning—a case study  The US electric utility industry, directed by US federal legislation, is transitioning from a regional, regulated environment to a national, competitive one where retail customers choose their supplier
     Url https://www.sciencedirect.com/science/article/pii/S0378720604000758


     Search term "Regulated+Environment"+"Case+Study"+OR+"Case+Studies"
     Title Distributed electricity generation from sugarcane for agricultural irrigation: A case study from the midwest region of Brazil
     Author ['M da Silva Garcia', 'OF Vilpoux', 'MP Cereda']
     Venue Utilities Policy
     Year 2018
     Abstract Distributed electricity generation from sugarcane for agricultural irrigation: A case study from the midwest region of Brazil  this modality are formalized by means of bilateral contracts, known as Contracts for Commercialization of Electricity in the Regulated Environment (CCEAR)
     Url https://www.sciencedirect.com/science/article/pii/S0957178717302163


     Search term "Regulated+Environment"+"Case+Study"+OR+"Case+Studies"
     Title Regulating shareholder value: a case study of the introduction of value–based measures in a water company
     Author ['G Francis', 'C Minchington']
     Venue British Journal of Management
     Year 2002
     Abstract This section presents phenomenological evidence drawn from one of the case studies undertaken by  adoption of VBM in this case-study organization appears to be internal to encourage  driver that the water-company divisional managers can control in a regulated environment
     Url https://onlinelibrary.wiley.com/doi/abs/10.1111/1467-8551.00240


     Search term "Regulated+Environment"+"Case+Study"+OR+"Case+Studies"
     Title Price area congestion management in radial system under de-regulated environment–a case study
     Author ['NG Savagave', 'HP Inamdar']
     Venue NA
     Year NA
     Abstract [Not Found]
     Url [Not Found]


     Search term "Regulated+Environment"+"Case+Study"+OR+"Case+Studies"
     Title Innovation in a regulated environment?-Legal barriers for e-government development
     Author ['G Goldkuhl']
     Venue International Journal of Public Information Systems
     Year 2009
     Abstract In this respect it particularly explores the possibilities and obstacles for an innovative e- government development in relation to the highly regulated environment of public administration. The paper uses a case study on e-government development (allowances for personal
     Url http://ijpis.net/index.php/IJPIS/article/view/63


     Search term "Regulated+Environment"+"Case+Study"+OR+"Case+Studies"
     Title Challenges in agile security engineering: a case study
     Author ['K Rindell', 'S Hyrynsalmi', 'V Leppänen']
     Venue Exploring security in software …
     Year 2019
     Abstract Challenges in Agile Security Engineering: A Case Study  The study reported in this paper is exploratory, and thus the research, by its nature, explorative. This study reports the experiences in agile development in a security-regulated environment. The research objective (RO) is
     Url https://www.igi-global.com/chapter/challenges-in-agile-security-engineering/221721


     Search term "Regulated+Environment"+"Case+Study"+OR+"Case+Studies"
     Title Reducing security incidents in a Canadian PHIPA regulated environment with an employee-based risk management strategy
     Author ['E DeSouza', 'R Valverde']
     Venue Journal of Theoretical and …
     Year 2016
     Abstract a case study research approach in defining how an employee based risk management strategy such as employee information security training, employee motivation, and quality assurance can be used to reduce security incidents in a Canadian PHIPA regulated environment
     Url https://spectrum.library.concordia.ca/981740/


     Search term "Regulated+Environment"+"Case+Study"+OR+"Case+Studies"
     Title Case study of security development in an agile environment: building identity management for a government agency
     Author ['K Rindell', 'S Hyrynsalmi']
     Venue 2016 11th International …
     Year 2016
     Abstract Case Study of Security Development in an Agile Environment: Building Identity Management for a  However, to the best of authors' knowledge, no empirical case studies in a real- life  is to report the experiences of agile development in security regulated environment and to
     Url https://ieeexplore.ieee.org/abstract/document/7784619/


     Search term "Regulated+Environment"+"Case+Study"+OR+"Case+Studies"
     Title Bioelectricity of sugarcane: a case study from Brazil and perspectives
     Author ['ZJ de Souza']
     Venue Sugarcane Biorefinery, Technology and Perspectives
     Year 2020
     Abstract Chapter 13 - Bioelectricity of sugarcane: a case study from Brazil and perspectives  In the last 14 years of regulated environment, the biomass source had 1203 average MW contracted in new and reserve energy auctions, with an annual average of 86 MW
     Url https://www.sciencedirect.com/science/article/pii/B9780128142363000135


     Search term "Regulated+Environment"+"Case+Study"+OR+"Case+Studies"
     Title Constraints for the design of variability-intensive service-oriented reference architectures–An industrial case study
     Author ['M Galster', 'P Avgeriou', 'D Tofan']
     Venue Information and Software Technology
     Year 2013
     Abstract Case studies might be descriptive, explanatory, exploratory or evaluatory [46]  The results of the case study are constraints for the design of reference architectures, rather than a concrete reference architecture or a concrete process for reference architecture design
     Url https://www.sciencedirect.com/science/article/pii/S0950584912002054


     Search term "Regulated+Environment"+"Case+Study"+OR+"Case+Studies"
     Title Innovation in a regulated environment?-Legal barriers for e-government development
     Author ['G Goldkuhl']
     Venue International Journal of Public Information Systems
     Year 2009
     Abstract In this respect it particularly explores the possibilities and obstacles for an innovative e- government development in relation to the highly regulated environment of public administration. The paper uses a case study on e-government development (allowances for personal
     Url http://ijpis.net/index.php/IJPIS/article/view/63


     Search term "Regulated+Environment"+"Case+Study"+OR+"Case+Studies"
     Title Case Study of Agile Security Engineering: Building Identity Management for a Government Agency
     Author ['K Rindell', 'S Hyrynsalmi', 'V Leppänen']
     Venue International Journal of …
     Year 2017
     Abstract Also, an evaluation of the effects of the security work on project cost presented. KEywoRdS Agile, Case Study, Infrastructure, Scrum, Security, Standard, VAHTI 1. INTRodUCTIoN  This study reports the experiences in agile development in a security regulated environment
     Url https://www.igi-global.com/article/case-study-of-agile-security-engineering/179643


     Search term "Regulated+Environment"+"Case+Study"+OR+"Case+Studies"
     Title Supply Chain Management in a Highly Regulated Environment–a Case Study of Supplier GMP-Compliance Management in the Pharmaceutical Industry
     Author ['S Vaittinen']
     Venue NA
     Year 2016
     Abstract The purpose if thus study is to explore the impacts of high authority regulation and enforcement to supply chain management practices. As one of the most regulated industries, the pharmaceutical industry was chosen as the research context. More specifically, this
     Url https://aaltodoc.aalto.fi/handle/123456789/24524


     Search term "Regulated+Environment"+"Case+Study"+OR+"Case+Studies"
     Title Public Engagement for Regulatory Reform: A Case Study of Autologous Stem Cell Therapy Regulation in Australia
     Author ['G Dempster', 'G Sutherland']
     Venue Science …
     Year 2019
     Abstract Download article citation data for: Public Engagement for Regulatory Reform: A Case Study of Autologous Stem Cell Therapy Regulation in Australia. Georgia Dempster, Georgina Sutherland, and Louise Keogh. Science Communication 2019 41:5, 527-551. Download Citation
     Url https://journals.sagepub.com/doi/abs/10.1177/1075547019854767


     Search term "Regulated+Environment"+"Case+Study"+OR+"Case+Studies"
     Title Language visibility and language removal: A South African case study in linguistic landscape change
     Author ['T Du Plessis']
     Venue Communicatio
     Year 2011
     Abstract Language visibility and language removal: A South African case study in linguistic landscape change  Analysing change in the linguistic landscape within an under-regulated environment therefore presents several challenges, since there are few adequate benchmarks from the
     Url https://nca.tandfonline.com/doi/abs/10.1080/02500167.2011.604170


     Search term "Regulated+Environment"+"Case+Study"+OR+"Case+Studies"
     Title A comparison between mainstream and action sport industries in Australia: A case study of the skateboarding cluster
     Author ['P Kellett', 'R Russell']
     Venue Sport Management Review
     Year 2009
     Abstract A comparison between mainstream and action sport industries in Australia: A case study of the skateboarding cluster  Mainstream sports have developed within a highly regulated environment, while the action sports industry has developed outside of that formal system
     Url https://www.sciencedirect.com/science/article/pii/S1441352308000077


     Search term "Regulated+Environment"+"Case+Study"+OR+"Case+Studies"
     Title Transition in R&D management control system: Case study of a biotechnology research institute in China
     Author ['R Zhao']
     Venue The Journal of High Technology Management …
     Year 2003
     Abstract The research method differs from other case studies in that no structured interview or  Therefore, highly regulated environment would restrict management's decision on prerogatives and limit the important role  Two lessons can be drawn from the case study, which are relevant to
     Url https://www.sciencedirect.com/science/article/pii/S1047831003000221


     Search term "Regulated+Environment"+"Case+Study"+OR+"Case+Studies"
     Title Infrastructure development within a regulated environment: concerns for regulators
     Author ['Z Ismail', 'K Pillay', 'P Mabuza', 'S Xolo']
     Venue Journal of Economic and …
     Year 2014
     Abstract This article used a case-study approach to investigate if South African (SA  Two case studies (Gautrain and e- tolls) are presented to highlight issues around  INFRASTRUCTURE DEVELOPMENT WITHIN A REGULATED ENVIRONMENT: CONCERNS FOR REGULATORS
     Url https://journals.co.za/content/jefs/7/si-1/EJC162979


     Search term "Regulated+Environment"+"Case+Study"+OR+"Case+Studies"
     Title Knowledge Intermediation in Regulated Electronic Commerce Environments. The Case Study of NETMA (Nato Eurofighter and Tornado Management Agency)
     Author ['E Bolisani', 'R Ruaro']
     Venue The 7th European Conference on …
     Year 2006
     Abstract aircrafts within NATO. The case study highlights that even in a highly regulated environment the role of knowledge intermediary between trading parties is essential and involves different complex activities. Keywords: e-Commerce
     Url https://www.researchgate.net/profile/Maria_Do_Rosario_Cabrita/publication/277575795_Managerial_Perceptions_of_Linking_Intellectual_Capital_and_Strategy/links/556d996808aeab7772238431.pdf#page=86


     Search term "Regulated+Environment"+"Case+Study"+OR+"Case+Studies"
     Title Continuous improvement concepts as a link between quality assurance and implementation of cleaner production: case study in the generic pharmaceutical industry
     Author ['Z Boltić', 'M Jovanović', 'S Petrović', 'V Božanić']
     Venue Chemical Industry …
     Year 2016
     Abstract Additionally, the link between the processes subject to relevant case studies (quality assurance – QA and cleaner product- ion – CP  CASE STUDY  generic pharmaceutical industry where it is necessary to change technological procedures in a highly regulated environment in con
     Url http://www.doiserbia.nb.rs/Article.aspx?id=1451-93721500019B


     Search term "Regulated+Environment"+"Case+Study"+OR+"Case+Studies"
     Title An employee-based risk management strategy for reducing security incidents in a Canadian PHIPA regulated environment
     Author ['E DeSouza', 'R Valverde']
     Venue NA
     Year 2015
     Abstract a case study research approach in defining how an employee based risk management strategy such as employee information security training, employee motivation, and quality assurance can be used to reduce security incidents in a Canadian PHIPA regulated environment
     Url https://spectrum.library.concordia.ca/981333/


     Search term "Regulated+Environment"+"Case+Study"+OR+"Case+Studies"
     Title Delivering community services in a new world of volunteering: a case study from Sydney, Australia
     Author ['J Warburton', 'J Smith-Merry']
     Venue International Journal of …
     Year 2013
     Abstract The intention of this article is to explore the impact of this scenario on existing volunteers, using a case study approach across  As noted, this includes government intervention in the sector through legislation and regulation, with an overly regulated environment noted as a
     Url https://www.tandfonline.com/doi/abs/10.1080/01900692.2013.795159


     Search term "Regulated+Environment"+"Case+Study"+OR+"Case+Studies"
     Title Price area congestion management in radial system under de-regulated environment–a case study
     Author ['NG Savagave', 'HP Inamdar']
     Venue NA
     Year NA
     Abstract [Not Found]
     Url [Not Found]


     Search term "Regulated+Environment"+"Case+Study"+OR+"Case+Studies"
     Title … for designing emergent transdisciplinary research processes: learning experiences and reflections from a transdisciplinary urban case study in Enkanini informal …
     Author ['J Van Breda', 'M Swilling']
     Venue Sustainability Science
     Year 2019
     Abstract intentional and purposive as is the case in a fixed formal and well-regulated environment  are a more formal articulation of what emerged during the course of the Enkanini case study. Nevertheless, they may be useful for guiding the way ETDR case studies are conducted in
     Url https://link.springer.com/article/10.1007/s11625-018-0606-x


     Search term "Regulated+Environment"+"Case+Study"+OR+"Case+Studies"
     Title MARKETING AND RECRUITMENT IN A COMPETITIVE ENVIRONMENT: A CASE STUDY
     Author ['K Edirisinghe', 'MN Jayasinghe']
     Venue ICE 2019 …
     Year 2019
     Abstract Videos of student experiences of research alongside case studies of conferences and research outcomes  The IIHS Research Roadshow can be used as a case study to highlight  marketing strategies can be implemented in a competitive and regulated environment by taking an
     Url https://www.researchgate.net/profile/Sheau_Huey_Chen/publication/333668441_Validation_of_a_Two-Tier_Multiple_Choice_2TMC_Diagnostic_Instrument_on_the_Mole_Concept_and_Solution_Concentration_A_Rasch_Analysis_Page_244-257/links/5cfce378299bf13a3848c2d3/Validation-of-a-Two-Tier-Multiple-Choice-2TMC-Diagnostic-Instrument-on-the-Mole-Concept-and-Solution-Concentration-A-Rasch-Analysis-Page-244-257.pdf#page=370


     Search term "Regulated+Environment"+"Case+Study"+OR+"Case+Studies"
     Title Transmission planning in a deregulated environment
     Author ['Z Xu', 'ZY Dong', 'KP Wong']
     Venue IEE Proceedings-Generation, Transmission and …
     Year 2006
     Abstract The planning objective in a regulated environment is to minimise the total revenue required to implement a  For demonstration purposes, VoLL value of $1000/MWh is used in our case study, which does  simplicity, the value of a is assigned as unity in our case studies, whereas b
     Url https://digital-library.theiet.org/content/journals/10.1049/ip-gtd_20050201


     Search term "Regulated+Environment"+"Case+Study"+OR+"Case+Studies"
     Title NIST risk assessment for Part 11 compliance: Evaluation of a GXP case study
     Author ['M Fanjoy']
     Venue The Quality Assurance Journal: The Quality …
     Year 2004
     Abstract by adopting the NIST framework; however, they would need to address these three challenges: terminology dif- ferences, unclear direction with regards to prod- uct safety risks, and cumbersome documentation in the regulated environment. Based on this case study, a system
     Url https://onlinelibrary.wiley.com/doi/abs/10.1002/qaj.291


     Search term "Regulated+Environment"+"Case+Study"+OR+"Case+Studies"
     Title Impacts of Regulation oTechnology Adoption–A case study of Quality and Data Management Technology in Mumbai Distribution Utilities
     Author ['A Tiwari']
     Venue NA
     Year NA
     Abstract [Not Found]
     Url [Not Found]


     Search term "Regulated+Environment"+"Case+Study"+OR+"Case+Studies"
     Title Achieving sustainable growth through the adoption of integrated business and information solutions: A case study of Nigerian small & medium sized enterprises
     Author ['D Ojukwu']
     Venue Journal of Information Technology Impact
     Year 2006
     Abstract Achieving Sustainable Growth through the Adoption of Integrated Business and Information Solutions: A Case Study of Nigerian Small &  is the Village Internet Programme by the Grameen Bank in Bangladesh that has succeeded in an inefficient, regulated environment to bring
     Url http://www.africres.org/SMME%20Research/SMME%20Research%20General/Journal%20Articles/Information%20solutions%20for%20SMES%20in%20Nigeria.pdf


     Search term "Regulated+Environment"+"Case+Study"+OR+"Case+Studies"
     Title Successful collaborative software projects for medical devices in an FDA regulated environment: myth or reality?
     Author ['S Sudershana', 'A Villca-Roque']
     Venue … Conference on Global …
     Year 2007
     Abstract Index Terms—FDA, medical devices, regulated environment, software engineering, global collaboration, validation, verification I. INTRODUCTION  Both these case studies include software development activities that must be FDA compliant  II. CASE STUDY 1
     Url https://ieeexplore.ieee.org/abstract/document/4299857/


     Search term "Regulated+Environment"+"Case+Study"+OR+"Case+Studies"
     Title Robust load frequency control of micro grids connected with main grids in a regulated and deregulated environment
     Author ['SS Dhillon', 'S Marwaha']
     Venue … Conference on Recent …
     Year 2014
     Abstract area simulink LFC model has been constructed as shown in the Fig.5 and parametric analysis with different case studies has been  Case 1) Regulated Environment :It is assumed that a step increase in demand as  PLl = 100MW,  PL2 = 70MW , ML3 = 60MW,  PL4 = 20MW
     Url https://ieeexplore.ieee.org/abstract/document/6909104/


     Search term "Regulated+Environment"+"Case+Study"+OR+"Case+Studies"
     Title Deregulation and voluntary disclosure by the airlines: A case study
     Author ['DS Gelb', 'TF Henry', 'MP Holtzman']
     Venue Research in Accounting Regulation
     Year 2008
     Abstract Because the study uses a deliberately selected case-study population of airlines, rather than a randomly selected sample, p-values do not indicate attributes  In the regulated environment (1974–1976 and 1978), we see a negative relation between firm profitability and disclosure
     Url https://www.sciencedirect.com/science/article/pii/S1052045707002056


     Search term "Regulated+Environment"+"Case+Study"+OR+"Case+Studies"
     Title Approaching stability challenges for flow cytometry in a regulated bioanalytical environment
     Author ['A Muruganandham', 'C Dumont', 'K Xing']
     Venue Bioanalysis
     Year 2019
     Abstract flow cytometry data are used in studies conducted in a regulated environment, establishing an  clinical/preclinical stability assessments with various cell surface marker case studies designed to  Although not included in the case study in this manuscript, similar approaches in
     Url https://www.future-science.com/doi/abs/10.4155/bio-2019-0183


     Search term "Regulated+Environment"+"Case+Study"+OR+"Case+Studies"
     Title The business model of solid waste management in Sweden–a case study of two municipally-owned companies
     Author ['H Corvellec', 'T Bramryd']
     Venue Waste Management & …
     Year 2012
     Abstract Download article citation data for: The business model of solid waste management in Sweden – a case study of two municipally-owned companies. Hervé Corvellec, Torleif Bramryd, and Johan Hultman. Waste Management & Research 2011 30:5, 512-518. Download Citation
     Url https://journals.sagepub.com/doi/abs/10.1177/0734242X11427944


     Search term "Regulated+Environment"+"Case+Study"+OR+"Case+Studies"
     Title A case study of adult English conversation club in Riga, Latvia
     Author ['T Mikeladze']
     Venue Journal of Education in Black Sea Region
     Year 2018
     Abstract For the method of the research, a qualitative case study was utilized which is defined by Merriam (1988) as  In a real-life situation, adults follow instructions at work or in some specially regulated environment. Adult learners accept this kind of classroom discipline and consider
     Url https://jebs.ibsu.edu.ge/jms/index.php/jebs/article/view/140


     Search term "Regulated+Environment"+"Case+Study"+OR+"Case+Studies"
     Title Learning and organization in the knowledge‐based information economy: initial findings from a participatory action research case study
     Author ['RT Harrison', 'CM Leitch']
     Venue British Journal of Management
     Year 2000
     Abstract In particular, it summarizes some aspects of the learning climate and outcomes for a case-study company in the software industry  In this project we have adopted a case-study methodology (Eisenhardt, 1989; Yin, 1994), using a multiple-incident multiple-case study design
     Url https://onlinelibrary.wiley.com/doi/abs/10.1111/1467-8551.00154


     Search term "Regulated+Environment"+"Case+Study"+OR+"Case+Studies"
     Title Case study in the evolution of sustainability: Baxter international inc.
     Author ['KK Dhanda']
     Venue Journal of business ethics
     Year 2013
     Abstract Case studies can employ multiple data sources, a strategy that can enhance data credibility  This case study breaks down Baxter's evolutionary path to sustainability into five distinct  high manufacturing and product quality standards in a strictly regulated environment, akin to the
     Url https://link.springer.com/article/10.1007/s10551-012-1565-2


     Search term "Regulated+Environment"+"Case+Study"+OR+"Case+Studies"
     Title Competition, barriers to entry and inclusive growth-Capitec case study
     Author ['G Makhaya', 'N Nhundu']
     Venue NA
     Year 2015
     Abstract This allowed for the emergence of a clearly regulated environment where institutions with capabilities in lending on the strength of affordability assessments could develop their businesses  The case study will draw on the literature and case studies with Capitec to trace the
     Url https://papers.ssrn.com/sol3/papers.cfm?abstract_id=2728273


     Search term "Regulated+Environment"+"Case+Study"+OR+"Case+Studies"
     Title Determinants of Insurance Investment: A case study of Life Insurance Corporation of India
     Author ['N Singhal']
     Venue ELK Asia Pacific Journal of Finance and Risk …
     Year 2015
     Abstract Volume 6 Issue 3, 73-86 73 Determinants of Insurance Investment: A case study of Life Insurance Corporation of India  Financial operators are being liberalised to take decisions in a developed and regulated environment and assume responsibility for their decisions. The time
     Url https://papers.ssrn.com/sol3/papers.cfm?abstract_id=3382228

