Showing papers for search query "Regulated+Domain"+"Formal+methods"

     Search term "Regulated+Domain"+"Formal+methods"
     Title The application of a lean software development methodology within the regulated domain of medical device software
     Author ['O Cawley']
     Venue NA
     Year 2013
     Abstract Page 1. The Application of a Lean Software Development Methodology within the Regulated Domain of Medical Device Software Oisín Cawley Ph.D. 2013 Supervised by: Dr. Ita Richardson Dr. Xiaofeng Wang Submitted to the University of Limerick, November 2013 Page 2
     Url https://www.researchgate.net/profile/Oisin_Cawley/publication/291823790_The_Application_of_a_Lean_Software_Development_Methodology_within_the_Regulated_Domain_of_Medical_Device_Software/links/56a6561308ae6c437c1aeae8.pdf


     Search term "Regulated+Domain"+"Formal+methods"
     Title Can Regulatory Bodies Expect Efficient Help from Formal Methods?.
     Author ['ERL Ruiz', 'M Lemoine']
     Venue NASA Formal Methods
     Year 2010
     Abstract Can regulatory bodies expect efficient help from formal methods  This conceptual view is in fact implicitly found within their regulations, and it affords them a manageable (although approximate) model of their regulated domain that helps them better grasp their regulatory
     Url https://shemesh.larc.nasa.gov/NFM2010/papers/nfm2010_87_96.pdf


     Search term "Regulated+Domain"+"Formal+methods"
     Title Can regulatory bodies expect efficient help from formal methods?
     Author ['ER Lopez Ruiz', 'M Lemoine']
     Venue NA
     Year 2010
     Abstract Can regulatory bodies expect efficient help from formal methods  This conceptual view is in fact implicitly found within their regulations, and it affords them a manageable (although approximate) model of their regulated domain that helps them better grasp their regulatory
     Url https://ntrs.nasa.gov/search.jsp?R=20100018539


     Search term "Regulated+Domain"+"Formal+methods"
     Title Formal methods for railway signalling
     Author ['WJ Cullyer', 'JW Wise']
     Venue 1989 A First International Conference on …
     Year 1989
     Abstract The introduction of computers into this highly regulated domain calls for the highest standards of specification, design and certification  FORMAL METHODS FOR CLOSED-LOOP CONTROL Over recent years a great deal of experience has been built up in the aviation industry
     Url https://ieeexplore.ieee.org/abstract/document/82218/


     Search term "Regulated+Domain"+"Formal+methods"
     Title Designing multimodal classrooms for social justice
     Author ['A Archer']
     Venue Classroom Discourse
     Year 2014
     Abstract whilst at the same time enabling access to the content and discourses of official curricula and formal methods of assessment  the metalanguage developed provides a way of making explicit the norms and conventions operating in the tightly regulated domain of engineering
     Url https://www.tandfonline.com/doi/abs/10.1080/19463014.2013.859842


     Search term "Regulated+Domain"+"Formal+methods"
     Title Designing invisible handcuffs: Formal investigations in institutions and organizations for multi-agent systems
     Author ['D Grossi']
     Venue NA
     Year 2007
     Abstract What has not been sufficiently investigated and understood with formal methods is, in our view, the question: what does it amount  work conceives of counts-as statements as statements constituting the con- ceptualizations that institutions impose on the to-be-regulated domain
     Url https://dspace.library.uu.nl/handle/1874/22838


     Search term "Regulated+Domain"+"Formal+methods"
     Title XBRL-driven business process improvement: A simulation study in the accounting domain
     Author ['M Kloos', 'J Hulstijn', 'M Seck', 'M Janssen']
     Venue … Engineering and Formal Methods
     Year 2013
     Abstract SEFM 2013: Software Engineering and Formal Methods pp 288-305 | Cite as. XBRL-Driven Business Process Improvement: A Simulation Study in the Accounting Domain  Accounting is somewhat special in the sense that it concerns a highly regulated domain
     Url https://link.springer.com/chapter/10.1007/978-3-319-05032-4_21


     Search term "Regulated+Domain"+"Formal+methods"
     Title Opening up the verification and validation of safety-critical software
     Author ['H Hungar', 'M Behrens']
     Venue Software Engineering 2013-Workshopband
     Year 2013
     Abstract Our paper is concerned mainly with this third step: What does V&V within an open devel- opment mean, and how could it be implemented in the regulated domain of safety-critical railway equipment  with Lots on Formal Methods / Software Verification
     Url https://dl.gi.de/handle/20.500.12116/17400


     Search term "Regulated+Domain"+"Formal+methods"
     Title Structured natural language requirements in nuclear energy domain towards improving regulatory guidelines
     Author ['E Uusitalo', 'M Raatikainen', 'T Männistö']
     Venue … Engineering and Law
     Year 2011
     Abstract with regulatory requirements is an issue that has been identified in requirements engineering [1]. One instance of a regulated domain is nuclear  One example of such an approach for the nuclear energy domain is the NuSCR notation [6]. However, formal methods are not seen
     Url https://ieeexplore.ieee.org/abstract/document/6050274/


     Search term "Regulated+Domain"+"Formal+methods"
     Title Integrating model-based and constraint-based testing using SpecExplorer
     Author ['V Vishal', 'M Kovacioglu', 'R Kherazi']
     Venue 2012 ieee 23rd …
     Year 2012
     Abstract Hence, the present work is carried out in a strictly regulated domain, which requires a clear, traceable and effective test and quality assurance process  In FME93, Int. Conf. on Industrial Strength Formal Methods, volume 670 of LNCS, pages 268 - 284, Springer, 1993
     Url https://ieeexplore.ieee.org/abstract/document/6405445/


     Search term "Regulated+Domain"+"Formal+methods"
     Title On the adoption of model checking in safety-related software industry
     Author ['A Fantechi', 'S Gnesi']
     Venue … Conference on Computer Safety, Reliability, and …
     Year 2011
     Abstract Also, DO-178C will allow formal methods to verify or replace test cases used to check low level requirements and replace some forms of testing via formal meth- ods based  model (modulo correctness of the translator, which in a safety critical regulated domain is not a trivial issue
     Url https://link.springer.com/chapter/10.1007/978-3-642-24270-0_28


     Search term "Regulated+Domain"+"Formal+methods"
     Title Medical error and human factors engineering: where are we now?
     Author ['VJ Gawron', 'CG Drury', 'RJ Fairbanks']
     Venue American Journal of …
     Year 2006
     Abstract incidents. Aviation maintenance parallels medicine in that it is a highly regulated domain in which large teams of individuals are tasked with maintaining and remediating a highly complex sys- tem over many years. Another
     Url https://journals.sagepub.com/doi/abs/10.1177/1062860605283932


     Search term "Regulated+Domain"+"Formal+methods"
     Title Do we teach the right thing? A comparison of GSE education and practice
     Author ['S Beecham', 'J Noll', 'T Clear']
     Venue 2017 IEEE 12th International …
     Year 2017
     Abstract to be undertaken in which universities collaborate with software or- ganisations willing to provide project experiences for students within a regulated domain  to be challenging, and may be better covered by other courses in the curriculum, for instance a formal methods course
     Url https://ieeexplore.ieee.org/abstract/document/7976682/


     Search term "Regulated+Domain"+"Formal+methods"
     Title Monitoring with Parameters
     Author ['P Faymonville']
     Venue NA
     Year 2019
     Abstract Monitoring as a Formal Method In the larger context of formal methods, runtime  Further, we characterize the potential impact of runtime monitoring for this regulated domain. The presented contributions in this thesis have been published in the following papers
     Url https://publikationen.sulb.uni-saarland.de/handle/20.500.11880/27458


     Search term "Regulated+Domain"+"Formal+methods"
     Title Evaluation of CESAR: Pilot Applications
     Author ['G Fenu', 'E Armengaud', 'O Bridal', 'S De Martino']
     Venue CESAR-Cost-efficient …
     Year 2013
     Abstract certified components. A considerable effort could be saved, if the safety system is split into modules with minimum dependency. During the project, formal methods for this have been developed and tested. The research issues
     Url https://link.springer.com/chapter/10.1007/978-3-7091-1387-5_9


     Search term "Regulated+Domain"+"Formal+methods"
     Title Identifying incompleteness in privacy policy goals using semantic frames
     Author ['J Bhatia', 'MC Evans', 'TD Breaux']
     Venue Requirements Engineering
     Year 2019
     Abstract Most of our participants reported that they read news online several times a day and shopped for products online a few times a week or more [10]. In addition, we chose to study the health domain, since it is a highly regulated domain and deals with sensitive user data
     Url https://link.springer.com/article/10.1007/s00766-019-00315-y


     Search term "Regulated+Domain"+"Formal+methods"
     Title Interlocking Safety Cases for Unmanned Autonomous Systems in Shared Airspaces
     Author ['M Vierhauser', 'S Bayley', 'J Wyngaard']
     Venue IEEE Transactions …
     Year 2019
     Abstract applications meet satisfactory safety standards. Our approach is meant to complement existing safety practices and could, for exam- ple, be used as part of a formal review process in a regulated domain. We propose a novel
     Url https://ieeexplore.ieee.org/abstract/document/8674543/


     Search term "Regulated+Domain"+"Formal+methods"
     Title Reasoning About Legal Text Evolution for Regulatory Compliance in Software Systems.
     Author ['JC Maxwell']
     Venue NA
     Year 2013
     Abstract The regulatory agency then issues a final rule that is binding on the regulated domain  Software engineers are encouraged to work with legal domain experts to understand the implications of case law in their specific regulated domain
     Url https://repository.lib.ncsu.edu/bitstream/handle/1840.16/8582/etd.pdf?sequence=2


     Search term "Regulated+Domain"+"Formal+methods"
     Title Assurance of system safety: A survey of design and argument patterns
     Author ['M Gleirscher', 'S Kugele']
     Venue arXiv preprint arXiv:1902.05537
     Year 2019
     Abstract Depending on the regulated domain, the engineering disci- pline, and the level of abstraction, an enhancement leading to a safety-enhanced design (Figure 1) is called “risk reduction measure” [IEC 61508], “safety function,” “safety measure,” “safety pat- tern” [Preschern et al
     Url https://arxiv.org/abs/1902.05537


     Search term "Regulated+Domain"+"Formal+methods"
     Title Evaluation of mutation testing in a nuclear industry case study
     Author ['P Delgado-Pérez', 'I Habli', 'S Gregory']
     Venue IEEE Transactions …
     Year 2018
     Abstract As such, it is a highly regulated domain with rigorous assessment practices. Require- ments include a high degree of redundancy and diversity in design, both for hardware and software, and independence in testing and certification
     Url https://ieeexplore.ieee.org/abstract/document/8453820/


     Search term "Regulated+Domain"+"Formal+methods"
     Title Runaway production, runaway consumption, runaway citizenship: The new international division of cultural labor
     Author ['T Miller', 'MC Leger']
     Venue Emergences: Journal for the Study of Media & …
     Year 2001
     Abstract The WTO's operating protocols favor transparency, most-favored nation precepts, national treatment (identical policies for imported and local com- modities), tariffs over other protective measures, and formal methods of settling disputes
     Url https://www.tandfonline.com/doi/pdf/10.1080/10457220120044684


     Search term "Regulated+Domain"+"Formal+methods"
     Title Software requirements for a nuclear plant operator advisor, the SIPO case study
     Author ["EMA D'Angelo"]
     Venue NA
     Year 1999
     Abstract Page 1. Software Requirements for a Nuclear Plant Operator Advisor: The SIPO Case Study Elizabeth D9Angelo A thesis submitted in conformity with the requirements for the degree of Master of Science Graduate Department of Computer Science University of Toronto
     Url https://tspace.library.utoronto.ca/bitstream/1807/11629/1/mq29237.pdf


     Search term "Regulated+Domain"+"Formal+methods"
     Title Reliability on the Move: Safety and reliability in transportation
     Author ['GB Guy', 'BA Sayers']
     Venue NA
     Year 1989
     Abstract CONTENTS Preface List of Contributors Hazard Analysis-A Standardised Approach K. Geary Application of Formal Methods to Railway Signalling WJ Cullyer, JW Wise Fault Tolerance for Railway Signalling-VOTRICS in Practice G. Wirthumer, H. Lutnik An AI/Real Time Solution
     Url https://books.google.com/books?hl=de&lr=&id=iZt0eGgP0OEC&oi=fnd&pg=PR9&dq=%22Regulated+Domain%22+%22Formal+methods%22&ots=yw1fG3tnD-&sig=kGFGjWBlUn9dLca62-ER1zX1azQ


     Search term "Regulated+Domain"+"Formal+methods"
     Title RoadmapTechnical Report
     Author ['FCTOM DECENTRALIZED']
     Venue NA
     Year NA
     Abstract Page 1. Dieses Projekt wurde aus Mitteln des Klima- und Energiefonds gefördert und im Rahmen des Programms „IKT der Zukunft, 1. Ausschreibung“ durchgeführt. FROM CENTRALIZED TO MASSIVELY DECENTRALIZED GRID CONTROL SYSTEMS Transition Public Version
     Url https://publik.tuwien.ac.at/files/PubDat_242579.pdf

