Showing papers for search query "Traceability"+"Case+Study"+OR+"Case+Studies"

     Search term "Traceability"+"Case+Study"+OR+"Case+Studies"
     Title Implementing requirements traceability: a case study
     Author ['B Ramesh', 'T Powers', 'C Stubbs']
     Venue Proceedings of 1995 …
     Year 1995
     Abstract Many standards that mandate requirements traceability as well as current literature do not provide a comprehensive model of what information should be captured and used as a part of a traceability scheme. Therefore, the practices and usefulness of traceability vary
     Url https://ieeexplore.ieee.org/abstract/document/512549/


     Search term "Traceability"+"Case+Study"+OR+"Case+Studies"
     Title Adaptable blockchain-based systems: A case study for product traceability
     Author ['Q Lu', 'X Xu']
     Venue IEEE Software
     Year 2017
     Abstract Tracing the origin of products across complex supply chains requires a transparent, tamper-proof metadata infrastructure that's not only trusted by all the involved parties but also adaptable to changing environments and regulations. Can such advanced infrastructure be
     Url https://ieeexplore.ieee.org/abstract/document/8106871/


     Search term "Traceability"+"Case+Study"+OR+"Case+Studies"
     Title Extended requirements traceability: results of an industrial case study
     Author ['O Gotel', 'A Finkelstein']
     Venue Proceedings of ISRE'97: 3rd IEEE …
     Year 1997
     Abstract Contribution structures offer a way to model the network of people who have participated in the requirements engineering process. They further provide the opportunity to extend conventional forms of artifact-based requirements traceability with the traceability of
     Url https://ieeexplore.ieee.org/abstract/document/566866/


     Search term "Traceability"+"Case+Study"+OR+"Case+Studies"
     Title Benefits of traceability in fish supply chains–case studies
     Author ['N Mai', 'SG Bogason', 'S Arason', 'SV Árnason']
     Venue British Food …
     Year 2010
     Abstract Purpose–The purpose of this paper is to investigate how the seafood industry perceives benefits of traceability implementation. Furthermore, ex ante cost‐benefit analyses (CBAs) of adopting new traceability systems are conducted for two firms, operating at different steps of
     Url https://www.emerald.com/insight/content/doi/10.1108/00070701011074354/full/html


     Search term "Traceability"+"Case+Study"+OR+"Case+Studies"
     Title Traceability as a strategic tool to improve inventory management: a case study in the food industry
     Author ['JA Alfaro', 'LA Rábade']
     Venue International Journal of Production Economics
     Year 2009
     Abstract Our aim in this research is to show that traceability can become much more than just a way to guarantee food safety. To illustrate this idea, we have developed a longitudinal case study of one firm in the Spanish vegetable industry. We show the reasons why this firm decided to
     Url https://www.sciencedirect.com/science/article/pii/S0925527308002533


     Search term "Traceability"+"Case+Study"+OR+"Case+Studies"
     Title Business process reengineering of a supply chain and a traceability system: A case study
     Author ['M Bevilacqua', 'FE Ciarapica', 'G Giacchetta']
     Venue Journal of Food Engineering
     Year 2009
     Abstract The aim of this study was to develop business process reengineering for a supply chain of fourth range vegetable products and to set up a computerised system for managing product traceability. A framework based on event-driven process chains (EPCs) methodology, the
     Url https://www.sciencedirect.com/science/article/pii/S0260877408006080


     Search term "Traceability"+"Case+Study"+OR+"Case+Studies"
     Title Designing blockchain-based applications a case study for imported product traceability
     Author ['X Xu', 'Q Lu', 'Y Liu', 'L Zhu', 'H Yao', 'AV Vasilakos']
     Venue Future Generation …
     Year 2019
     Abstract Blockchain technology enables decentralization as new forms of distributed software architectures, where components can reach agreements on the shared system states without trusting on a central integration point. Since blockchain is an emerging technology
     Url https://www.sciencedirect.com/science/article/pii/S0167739X18314298


     Search term "Traceability"+"Case+Study"+OR+"Case+Studies"
     Title Requirements traceability: a systematic review and industry case study
     Author ['R Torkar', 'T Gorschek', 'R Feldt']
     Venue … Journal of Software …
     Year 2012
     Abstract Requirements traceability enables software engineers to trace a requirement from its emergence to its fulfillment. In this paper we examine requirements traceability definitions, challenges, tools and techniques, by the use of a systematic review performing an
     Url https://www.worldscientific.com/doi/abs/10.1142/S021819401250009X


     Search term "Traceability"+"Case+Study"+OR+"Case+Studies"
     Title Realising the potential of traceability: a case study research on usage and impacts of product traceability
     Author ['I Töyrylä']
     Venue NA
     Year 1999
     Abstract This thesis studies the use and impacts of product traceability in business enterprises. Prior research in the field of traceability is scarce and fragmented. This study first draws together and explores the existing body of knowledge to identify the state of current understanding
     Url https://aaltodoc.aalto.fi/handle/123456789/2506


     Search term "Traceability"+"Case+Study"+OR+"Case+Studies"
     Title The importance of transformations for traceability–a case study of lamb and lamb products
     Author ['KAM Donnelly', 'KM Karlsen', 'P Olsen']
     Venue Meat science
     Year 2009
     Abstract Vertical product information flow is important with regard to consumers' perceptions of the meat which they buy. When research and analysis of traceability is carried out it is often found that critical points where information is systematically lost are encountered in the
     Url https://www.sciencedirect.com/science/article/pii/S0309174009000928


     Search term "Traceability"+"Case+Study"+OR+"Case+Studies"
     Title An exploratory case study of the maintenance effectiveness of traceability models
     Author ['A Bianchi', 'AR Fasolino']
     Venue Proceedings IWPC 2000 …
     Year 2000
     Abstract Analysing the role of traceability models in software maintenance and comprehension is an important research issue. An exploratory case study evaluating the relationship between the granularity of the traceability model adopted and the effectiveness of the maintenance
     Url https://ieeexplore.ieee.org/abstract/document/852489/


     Search term "Traceability"+"Case+Study"+OR+"Case+Studies"
     Title Computerised parts traceability: An implementation case study
     Author ['AS Sohal']
     Venue Technovation
     Year 1997
     Abstract This case study examines the planning and implementation of a computerised parts traceability system at Nippondenso (Australia), a large automotive parts manufacturer located in Melbourne, Australia. The paper discusses the associated planning and training
     Url https://www.sciencedirect.com/science/article/pii/S0166497297000394


     Search term "Traceability"+"Case+Study"+OR+"Case+Studies"
     Title Automating software traceability in very small companies: A case study and lessons learne
     Author ['C Neumuller', 'P Grunbacher']
     Venue 21st IEEE/ACM International …
     Year 2006
     Abstract There is a wide consensus on the benefits of software traceability. However, traceability techniques are still not commonly used in industry $ typically only in larger companies and if mandated by standards such as the CMMI or ISO 15504. Success stories in small
     Url https://ieeexplore.ieee.org/abstract/document/4019570/


     Search term "Traceability"+"Case+Study"+OR+"Case+Studies"
     Title Requirement-centric traceability for change impact analysis: a case study
     Author ['Y Li', 'J Li', 'Y Yang', 'M Li']
     Venue International conference on software process
     Year 2008
     Abstract Requirement change occurs during the entire software lifecycle, which is not only inevitable but also necessary. However, uncontrolled requirement change will lead to a huge waste of time and effort. Most studies about the change impact analysis assume changes take place
     Url https://link.springer.com/chapter/10.1007/978-3-540-79588-9_10


     Search term "Traceability"+"Case+Study"+OR+"Case+Studies"
     Title A SysML-based approach to traceability management and design slicing in support of safety certification: Framework, tool support, and case studies
     Author ['S Nejati', 'M Sabetzadeh', 'D Falessi', 'L Briand']
     Venue Information and Software …
     Year 2012
     Abstract Context Traceability is one of the basic tenets of all safety standards and a key prerequisite for software safety certification. In the current state of practice, there is often a significant traceability gap between safety requirements and software design. Poor traceability, in
     Url https://www.sciencedirect.com/science/article/pii/S095058491200016X


     Search term "Traceability"+"Case+Study"+OR+"Case+Studies"
     Title High-warranty traceability system in the poultry meat supply chain: A medium-sized enterprise case study
     Author ['V Lavelli']
     Venue Food control
     Year 2013
     Abstract The concept of food traceability can be traced back 5000 years to Egyptian society. Over the last decade, traceability has become recognized as an essential food safety and food quality tool. Food safety legislation and voluntary standards have delineated different traceability
     Url https://www.sciencedirect.com/science/article/pii/S0956713513000984


     Search term "Traceability"+"Case+Study"+OR+"Case+Studies"
     Title RFID-enabled traceability system for consignment and high value products: A case study in the healthcare sector
     Author ['Y Bendavid', 'H Boeck', 'R Philippe']
     Venue Journal of medical systems
     Year 2012
     Abstract This paper presents a case study of a hospital operating room that evaluated a Radio-Frequency Identification (RFID)-enabled traceability system for the management of consignment and high value products requiring item level traceability. Results indicate that
     Url https://link.springer.com/article/10.1007/s10916-011-9804-0


     Search term "Traceability"+"Case+Study"+OR+"Case+Studies"
     Title Maintaining traceability during object-oriented software evolution: a case study
     Author ['G Antoniol', 'G Canfora']
     Venue … Conference on Software …
     Year 1999
     Abstract This paper presents an approach to build and visualize traceability links and properties of a set of OO software releases. The process recovers an" as is" design from C++ software releases, compares recovered designs at the class interface level, and helps the user to
     Url https://ieeexplore.ieee.org/abstract/document/792612/


     Search term "Traceability"+"Case+Study"+OR+"Case+Studies"
     Title Mapping the IEC 62264 models onto the Zachman framework for analysing products information traceability: a case study
     Author ['H Panetto', 'S Baïna', 'G Morel']
     Venue Journal of Intelligent Manufacturing
     Year 2007
     Abstract In order to face new regulation directives regarding the environment and also for improving their customer relationship, enterprises have to increasingly be more able to manage their product information during the entire lifecycle. One of the objectives among others in this
     Url https://link.springer.com/content/pdf/10.1007/s10845-007-0040-x.pdf


     Search term "Traceability"+"Case+Study"+OR+"Case+Studies"
     Title A principal-agent model for evaluating the economic value of a traceability system: A case study with injection-site lesion control in fed cattle
     Author ['MA Resende-Filho', 'BL Buhr']
     Venue American Journal of Agricultural …
     Year 2008
     Abstract Traceability can link the identity of cattle feeders with retail beef cuts. The economic problem for the packer implementing traceability is to choose the level of investment in traceability and the level of incentive payments to cattle feeders so that cattle feeders will avoid
     Url https://academic.oup.com/ajae/article-abstract/90/4/1091/148035


     Search term "Traceability"+"Case+Study"+OR+"Case+Studies"
     Title Traceability and discrimination among differently farmed fish: a case study on Australian Murray cod
     Author ['GM Turchini', 'GP Quinn', 'PL Jones']
     Venue Journal of agricultural …
     Year 2009
     Abstract The development of traceability methods to distinguish between farmed and wild-caught fish and seafood is becoming increasingly important. However, very little is known about how to distinguish fish originating from different farms. The present study addresses this issue by
     Url https://pubs.acs.org/doi/abs/10.1021/jf801962h


     Search term "Traceability"+"Case+Study"+OR+"Case+Studies"
     Title Catch to landing traceability and the effects of implementation–A case study from the Norwegian white fish sector
     Author ['KAM Donnelly', 'P Olsen']
     Venue Food Control
     Year 2012
     Abstract White fish is an important part of the diet of European consumers. The sources of such white fish range from wild caught to aquaculture. In order to provide consumers with better product information about the fish they purchase, information must be recorded in a retrievable
     Url https://www.sciencedirect.com/science/article/pii/S095671351200151X


     Search term "Traceability"+"Case+Study"+OR+"Case+Studies"
     Title New paradigms for a product oriented modelling: Case study for traceability
     Author ['S Baïna', 'H Panetto', 'G Morel']
     Venue Computers in industry
     Year 2009
     Abstract Nowadays, product information management is a key issue for traceability and quality management but also for state-of-the-art technologies such as intelligent and autonomous product technologies. Due to these needs, product information design and management are
     Url https://www.sciencedirect.com/science/article/pii/S0166361508001516


     Search term "Traceability"+"Case+Study"+OR+"Case+Studies"
     Title Exploring the Effectiveness of Normative i* Modelling: Results from a Case Study on Food Chain Traceability
     Author ['A Siena', 'N Maiden', 'J Lockerbie', 'K Karlsen']
     Venue International Conference …
     Year 2008
     Abstract This paper evaluates the effectiveness of an extension to i* modelling–normative i* modelling–during the requirements analysis for new socio-technical systems for food traceability. The i* focus on modelling systems as networks of heterogeneous, inter
     Url https://link.springer.com/chapter/10.1007/978-3-540-69534-9_15


     Search term "Traceability"+"Case+Study"+OR+"Case+Studies"
     Title Implementing a Document-based Requirements Traceability: A Case Study.
     Author ['S Ibrahim', 'NB Idris', 'M Munro']
     Venue IASTED Conf. on Software …
     Year 2005
     Abstract Requirements traceability as being mandated by many standards governing the development of systems (eg IEEE/EIA 12207) is undoubtedly useful to software maintenance. To many organizations, it is viewed as a measure of system quality and is
     Url http://www.academia.edu/download/46300485/IASTED-SE-2005.pdf


     Search term "Traceability"+"Case+Study"+OR+"Case+Studies"
     Title Developing integrated computer-based information systems for certified plant traceability: Case study of Italian citrus-plant nursery chain
     Author ['SMC Porto', 'C Arcidiacono', 'G Cascone']
     Venue Biosystems Engineering
     Year 2011
     Abstract Certified plant production process usually requires the handling of a number of sub-products deriving from various production centres located in different geographical sites. In this context, supply-chain traceability systems are suitable tools for controlling plant disease
     Url https://www.sciencedirect.com/science/article/pii/S1537511011000432


     Search term "Traceability"+"Case+Study"+OR+"Case+Studies"
     Title Can LSI help reconstructing requirements traceability in design and test?
     Author ['M Lormans', 'A Van Deursen']
     Venue Conference on Software …
     Year 2006
     Abstract for automatically reconstructing traceability during the development process. We experimented with two different link selection strategies and applied LSI in multi- ple case studies varying in size and context. We discuss the results of a small lab study, a larger case study and a
     Url https://ieeexplore.ieee.org/abstract/document/1602357/


     Search term "Traceability"+"Case+Study"+OR+"Case+Studies"
     Title A case study to explore influence of traceability factors on Australian food supply chain performance
     Author ['U Narsimhalu', 'V Potdar', 'A Kaur']
     Venue Procedia-Social and Behavioral Sciences
     Year 2015
     Abstract Traceability in food supply chain has been an area of interest due to the challenges associated the nature of the food supply chain with short code date, high safety and risk associated with quality. With the introduction of EU Regulation 178/2002 to have mandatory
     Url https://www.sciencedirect.com/science/article/pii/S1877042815019813


     Search term "Traceability"+"Case+Study"+OR+"Case+Studies"
     Title Implementation of traceability and food safety systems (HACCP) under the ISO 22000: 2005 standard in North Africa: The case study of an ice cream company in …
     Author ['S Allata', 'A Valero', 'L Benhadja']
     Venue Food Control
     Year 2017
     Abstract Our study aims at establishing and implementing the HACCP and traceability system, in an integrated approach, of ice cream processing in order to control food borne safety hazards, to minimize the production and distribution of unsafe or poor quality products, thereby the
     Url https://www.sciencedirect.com/science/article/pii/S0956713517301871


     Search term "Traceability"+"Case+Study"+OR+"Case+Studies"
     Title Modeling and implementation of the vegetable supply chain traceability system
     Author ['J Hu', 'X Zhang', 'LM Moga', 'M Neculita']
     Venue Food Control
     Year 2013
     Abstract Finally, a traceability system implementation will be shown through a case study on vegetable supply chains and a comparison with European Union's General Food Law. Highlights. ► We focused on modeling the vegetables' supply chain traceability system
     Url https://www.sciencedirect.com/science/article/pii/S0956713512003696


     Search term "Traceability"+"Case+Study"+OR+"Case+Studies"
     Title A case study for assessing fish traceability in Egyptian aquafeed formulations using pyrosequencing and metabarcoding
     Author ['A Galal-Khallaf', 'AGM Osman', 'CE Carleos']
     Venue Fisheries …
     Year 2016
     Abstract Aquaculture is currently the fastest-growing food production system worldwide. It is highly dependent upon marine capture fisheries as its key dietary inputs, what could seriously compromise oceans biodiversity. Here we employed a DNA metabarcoding approach
     Url https://www.sciencedirect.com/science/article/pii/S0165783615300850


     Search term "Traceability"+"Case+Study"+OR+"Case+Studies"
     Title Toward reference models for requirements traceability
     Author ['B Ramesh', 'M Jarke']
     Venue IEEE transactions on software …
     Year 2001
     Abstract tasks have been synthesized. The resulting models have been validated in case studies and are incorporated in a number of traceability tools. A detailed case study on the use of the models is presented. Four kinds of traceability
     Url https://ieeexplore.ieee.org/abstract/document/895989/


     Search term "Traceability"+"Case+Study"+OR+"Case+Studies"
     Title The barriers to traceability and their potential solutions: Towards a reference framework
     Author ['G Regan', 'F McCaffery', 'K McDaid']
     Venue 2012 38th Euromicro …
     Year 2012
     Abstract study, traceability+survey, traceability+barriers. These searches returned more than 150 publications. Each abstract was scanned for relevance to the research topic (detail on barriers to traceability) and 32 were selected to inform the research. 12 of these were case studies
     Url https://ieeexplore.ieee.org/abstract/document/6328169/


     Search term "Traceability"+"Case+Study"+OR+"Case+Studies"
     Title Information retrieval models for recovering traceability links between code and documentation
     Author ['D Lucia']
     Venue Proceedings 2000 International Conference on …
     Year 2000
     Abstract Therefore, techniques to recover traceability links between code and free text documents are a precious aid to  onto free text documents and discusses the results obtained in a case study where the  The case studies discussed in references [3, 21 applied a probabilistic IR model
     Url https://ieeexplore.ieee.org/abstract/document/883003/


     Search term "Traceability"+"Case+Study"+OR+"Case+Studies"
     Title Recovering traceability links between code and documentation
     Author ['G Antoniol', 'G Canfora', 'G Casazza']
     Venue IEEE transactions on …
     Year 2002
     Abstract 3 CASE STUDY We have applied the traceability link recovery method based on both the probabilistic IR model and the vector space IR model in two case studies with different characteristics. The results have been assessed
     Url https://ieeexplore.ieee.org/abstract/document/1041053/


     Search term "Traceability"+"Case+Study"+OR+"Case+Studies"
     Title Managing traceability information in manufacture
     Author ['MH Jansen-Vullers', 'CA van Dorp']
     Venue International journal of …
     Year 2003
     Abstract do not seem alike, it can be noted that the requirements for traceability do look  reference data model has to incorporate all the core requirements of the case studies to obtain  Generalising on the case study findings, four core requirements should be distinguished that need to be
     Url https://www.sciencedirect.com/science/article/pii/S0268401203000665


     Search term "Traceability"+"Case+Study"+OR+"Case+Studies"
     Title Testing improvements in the chocolate traceability system: Impact on product recalls and production efficiency
     Author ['R Saltini', 'R Akkerman']
     Venue Food Control
     Year 2012
     Abstract and Rábade, 2009 JA Alfaro, LA RábadeTraceability as a strategic tool to improve inventory management: a case study in the  Scholar. Mai et al., 2010 N. Mai, SD Bogason, S. Arason, SV Árnason, TG MatthíassonBenefits of traceability in fish supply chains – case studies
     Url https://www.sciencedirect.com/science/article/pii/S095671351100288X


     Search term "Traceability"+"Case+Study"+OR+"Case+Studies"
     Title Implementing traceability: practical challenges at a mineral water bottling plant
     Author ['KM Karlsen', 'P Olsen', 'KAM Donnelly']
     Venue British Food Journal
     Year 2010
     Abstract used in production could be linked to a “best before” date on each mineral water bottle., – The authors have found few similar case studies in the published literature. This case study can be of value to other research institutes and industries where the focus is on traceability
     Url https://www.emerald.com/insight/content/doi/10.1108/00070701011018860/full/html


     Search term "Traceability"+"Case+Study"+OR+"Case+Studies"
     Title Recovery of traceability links between software documentation and source code
     Author ['A Marcus', 'JI Maletic', 'A Sergeyev']
     Venue International Journal of Software …
     Year 2005
     Abstract For each of the case studies presented in the following sections, the recall and precision of the results were directly compared with those obtained by Antoniol et al. 5.2. First case study Recovery of traceability links from documentation to source code in LEDA, using file level
     Url https://www.worldscientific.com/doi/abs/10.1142/S0218194005002543


     Search term "Traceability"+"Case+Study"+OR+"Case+Studies"
     Title Validity of method for analysing critical traceability points
     Author ['KM Karlsen', 'P Olsen']
     Venue Food Control
     Year 2011
     Abstract Data collected in case studies is still interesting, however, because case study research will provide valuable information about a phenomenon (Seuring, 2008), develop knowledge (Näslund, 2002  Such studies are important to improve the traceability of seafood
     Url https://www.sciencedirect.com/science/article/pii/S0956713511000387


     Search term "Traceability"+"Case+Study"+OR+"Case+Studies"
     Title Implementing traceability: practical challenges at a mineral water bottling plant
     Author ['KM Karlsen', 'P Olsen', 'KAM Donnelly']
     Venue British Food Journal
     Year 2010
     Abstract used in production could be linked to a “best before” date on each mineral water bottle., – The authors have found few similar case studies in the published literature. This case study can be of value to other research institutes and industries where the focus is on traceability
     Url https://www.emerald.com/insight/content/doi/10.1108/00070701011018860/full/html


     Search term "Traceability"+"Case+Study"+OR+"Case+Studies"
     Title Recovery of traceability links between software documentation and source code
     Author ['A Marcus', 'JI Maletic', 'A Sergeyev']
     Venue International Journal of Software …
     Year 2005
     Abstract For each of the case studies presented in the following sections, the recall and precision of the results were directly compared with those obtained by Antoniol et al. 5.2. First case study Recovery of traceability links from documentation to source code in LEDA, using file level
     Url https://www.worldscientific.com/doi/abs/10.1142/S0218194005002543


     Search term "Traceability"+"Case+Study"+OR+"Case+Studies"
     Title Validity of method for analysing critical traceability points
     Author ['KM Karlsen', 'P Olsen']
     Venue Food Control
     Year 2011
     Abstract Data collected in case studies is still interesting, however, because case study research will provide valuable information about a phenomenon (Seuring, 2008), develop knowledge (Näslund, 2002  Such studies are important to improve the traceability of seafood
     Url https://www.sciencedirect.com/science/article/pii/S0956713511000387


     Search term "Traceability"+"Case+Study"+OR+"Case+Studies"
     Title Lean traceability solution through SLAM model: A case study of a hybrid delivery team in a hybrid cloud computing environment
     Author ['U Durrani', 'J Richardson', 'J Lenarcic']
     Venue 22nd Australasian …
     Year 2013
     Abstract 'Cloud Computing'is the latest IT buzzword representing the next generation of internet computing paradigm. Along with this paradigm shift came the new waves of opportunities and challenges and a need to explore more innovative ways to manage software
     Url https://search.informit.com.au/documentSummary;dn=443001447678581;res=IELIAC


     Search term "Traceability"+"Case+Study"+OR+"Case+Studies"
     Title Buyer–supplier relationship's influence on traceability implementation in the vegetable industry
     Author ['LA Rábade', 'JA Alfaro']
     Venue Journal of Purchasing and Supply Management
     Year 2006
     Abstract For this case study research, we have followed a multi-stage process. In order to select the case studies, we first performed a round of interviews with representatives of  provided and the experts were asked to identify those firms that had successfully implemented traceability
     Url https://www.sciencedirect.com/science/article/pii/S1478409206000240


     Search term "Traceability"+"Case+Study"+OR+"Case+Studies"
     Title Food product traceability and supply network integration
     Author ['J Pels', 'P Engelseth']
     Venue Journal of Business & Industrial Marketing
     Year 2009
     Abstract The technical efficiency and quality in product traceability is accordingly proposed as dependent on these three features of information connectivity in  3. Case study  Case studies were used as a means to create focus and order in a complex research setting consisting of multiple
     Url https://www.emerald.com/insight/content/doi/10.1108/08858620910966291/full/html


     Search term "Traceability"+"Case+Study"+OR+"Case+Studies"
     Title Trust-based requirements traceability
     Author ['N Ali', 'YG Gueheneuc', 'G Antoniol']
     Venue 2011 IEEE 19th …
     Year 2011
     Abstract SVN change logs. We apply TrustraceVSM, Histrace on two case studies to compare its traceability links with those recovered using only the VSM-based approach, in terms of pre- cision and recall. We show that TrustraceVSM
     Url https://ieeexplore.ieee.org/abstract/document/5970169/


     Search term "Traceability"+"Case+Study"+OR+"Case+Studies"
     Title Value-based requirements traceability: Lessons learned
     Author ['A Egyed', 'P Grünbacher', 'M Heindl', 'S Biffl']
     Venue … requirements engineering: a …
     Year 2009
     Abstract This resulted in an instant saving of 12-45% effort depending on the case study  Value-Based Requirements Traceability: Lessons Learned 253  if 40% of the trace links were of high value then an additional 39% of input effort was saved (in both case studies) because many of
     Url https://link.springer.com/chapter/10.1007/978-3-540-92966-6_14


     Search term "Traceability"+"Case+Study"+OR+"Case+Studies"
     Title Development of an RFID‐based traceability system: Experiences and lessons learned from an aircraft engineering company
     Author ['EWT Ngai', 'TCE Cheng', 'K Lai', 'PYF Chai']
     Venue Production and …
     Year 2007
     Abstract Through this case study, we illustrate how RFID can be used to improve the efficiency of the  3.3.1. Highlights of Implementation of RFID- based Traceability System  to the three main phases of RFID develop- ment that are commonly followed in traditional case studies (Dyer and
     Url https://onlinelibrary.wiley.com/doi/abs/10.1111/j.1937-5956.2007.tb00280.x


     Search term "Traceability"+"Case+Study"+OR+"Case+Studies"
     Title Improving change management in software development: Integrating traceability and software configuration management
     Author ['K Mohan', 'P Xu', 'L Cao', 'B Ramesh']
     Venue Decision Support Systems
     Year 2008
     Abstract through this case study. The traceability model that is developed in this study presents an abstraction of best practices in integrating SCM and traceability. Analogous to the Ramesh and Jarke's [29] argument that 'reference models are condensed from case studies' and are
     Url https://www.sciencedirect.com/science/article/pii/S0167923608000523

