Showing papers for search query "Case+Study"+"Continuous"+"FDA+Requirements"

     Search term "Case+Study"+"Continuous"+"FDA+Requirements"
     Title Introducing agile practices in a documentation-driven software development practice: a case study
     Author ['LT Heeager']
     Venue Journal of Information Technology Case and …
     Year 2012
     Abstract Short iterations, multi-disciplinary teams, knowledge sharing and continuous integration allow  RESEARCH APPROACH This is a longitudinal, interpretive single case study (51) of  The interview guide included the subjects: FDA requirements, agile software development, the
     Url https://www.tandfonline.com/doi/abs/10.1080/15228053.2012.10845693


     Search term "Case+Study"+"Continuous"+"FDA+Requirements"
     Title The impacts of a formal quality management system: a case study of implementing ISO 9000 at Farmers Cooperative Co., Iowa
     Author ['CM Laux']
     Venue NA
     Year 2007
     Abstract Administration (FDA) requirements of food traceability, and increased monetary value of  More recently, a case study of implementing ISO 9001:2000 at a large grain elevator  continuous improvement in practices to agribusiness (Clause, 2003). ISO would bring an
     Url https://lib.dr.iastate.edu/rtd/15941/


     Search term "Case+Study"+"Continuous"+"FDA+Requirements"
     Title Successful collaborative software projects for medical devices in an FDA regulated environment: myth or reality?
     Author ['S Sudershana', 'A Villca-Roque']
     Venue … Conference on Global …
     Year 2007
     Abstract used by scientists for the development of IVD tests and was already compliant with FDA requirements [9, 10  Additional activities typical in an FDA regulated environment, such as continuous risk evaluation and mitigation  In case study 1, the development group (group A) had
     Url https://ieeexplore.ieee.org/abstract/document/4299857/


     Search term "Case+Study"+"Continuous"+"FDA+Requirements"
     Title Army Antimalarial Drug Development: An Advanced Development Case Study for Tafenoquine
     Author ['VE Zottig', 'KA Carr', 'JG Clarke', 'MJ Shmuklarsky']
     Venue Military …
     Year 2020
     Abstract Deitrick, MS, Army Antimalarial Drug Development: An Advanced Development Case Study for Tafenoquine  protect deployed US service members, USAMRMC maintains a continuous antimalarial drug pipeline that adheres to both DoD acquisition and FDA requirements
     Url https://academic.oup.com/milmed/article-abstract/185/Supplement_1/617/5740680


     Search term "Case+Study"+"Continuous"+"FDA+Requirements"
     Title Development of a validation and qualification process for the manufacturing of medical devices: a case study based on cross-sector benchmarking
     Author ['Y Xu', 'A Tiwari', 'HC Chen']
     Venue International Journal of …
     Year 2018
     Abstract CJ (2018) 'Development of a validation and qualification process for the manufacturing of medical devices: a case study based on cross  work experience in the fields of CAD and CAM software development, manufacturing-line optimisation and continuous improvement projects
     Url https://www.inderscienceonline.com/doi/abs/10.1504/IJPMB.2018.088658


     Search term "Case+Study"+"Continuous"+"FDA+Requirements"
     Title Noncompliance within the pharmaceutical industry: A phenomenological case study
     Author ['R Pathak']
     Venue NA
     Year 2007
     Abstract Page 31. 16 Organizations become more effective and profitable when the individuals of that organization perform their daily tasks without constant supervision, or continuous monitoring  The goal of this phenomenological qualitative case study was to identify the common
     Url http://search.proquest.com/openview/965d54823f36d03c15ea9e125c73c214/1?pq-origsite=gscholar&cbl=18750&diss=y


     Search term "Case+Study"+"Continuous"+"FDA+Requirements"
     Title Developing an effective post-market quality assurance program that ensures patient and user safety, FDA compliance, and continuous product improvement
     Author ['M Irish']
     Venue NA
     Year 2012
     Abstract PROGRAM THAT ENSURES PATIENT AND USER SAFETY, FDA COMPLIANCE, AND CONTINUOUS PRODUCT IMPROVEMENT A Thesis Presented to the Faculty of  device business, as well as the corresponding FDA requirements that pertain to post- market quality
     Url http://search.proquest.com/openview/a7628a184a3171259bfe1442069c4456/1?pq-origsite=gscholar&cbl=18750&diss=y


     Search term "Case+Study"+"Continuous"+"FDA+Requirements"
     Title Applying Agile Software Development Methodologies to Business Process Redesign/Management (BPRM)
     Author ['S Larson']
     Venue ADOPTING THE IS 2009 MODEL CURRICULUM …
     Year 2010
     Abstract Second, given the assertion that BPM is an implementation of continuous improvement—as established  other drug-related assets, to comply with length restrictions this case study will only  at this step, particularly in the areas of corporate policy, and legal and FDA requirements
     Url https://www.academia.edu/download/30768341/2010-SAIS-proceedings-withTOC.pdf#page=184


     Search term "Case+Study"+"Continuous"+"FDA+Requirements"
     Title Review of the current state of whole slide imaging in pathology
     Author ['L Pantanowitz', 'PN Valenstein', 'AJ Evans']
     Venue Journal of pathology …
     Year 2011
     Abstract 4] Unless significant modifications to workflow are made centered around digital pathology (eg automation, continuous flow processes  In addition to FDA requirements, the Clinical Laboratory Improvement Amendments (CLIA) impacts clinical laboratories using WSI systems
     Url https://www.ncbi.nlm.nih.gov/pmc/articles/pmc3162745/


     Search term "Case+Study"+"Continuous"+"FDA+Requirements"
     Title LOT HISTORY RECORD STREAMLINE: A CASE STUDY
     Author ['IM Frontera', 'M Campus']
     Venue NA
     Year NA
     Abstract This has been part of their continuous improvement philosophy. This case study illustrates one project related to the reduction of manual entries using Process Excellence tools  Based on the Federal Drug and Administration (FDA) requirements, each lot needs to have a Lot
     Url http://ceajournal.metro.inter.edu/spring07/frontera0301.pdf


     Search term "Case+Study"+"Continuous"+"FDA+Requirements"
     Title Learning from Prozac: A Case Study on Reforming the FDA Drug Approval Process
     Author ['M Wood']
     Venue NA
     Year 1997
     Abstract From this case study and the lessons learned from experience with Prozac, this paper will conclude that reform of the FDA's drug approval  Approvable letters are sent if the [NDA] substantially meets [FDA] requirements and the agency believes that it can approve the [NDA]
     Url https://dash.harvard.edu/handle/1/8846814


     Search term "Case+Study"+"Continuous"+"FDA+Requirements"
     Title Case study: formula safe foods—canned pasteurized processed cheese
     Author ['A Gordon']
     Venue Food Safety and Quality Systems in Developing …
     Year 2017
     Abstract Case study 1: proving compliance of canned pasteurized processed cheese with US thermal processing and safety requirements  Having fully understood the FDA requirements to get the import alert that had been imposed on the firm's product lifted, TSL then worked closely
     Url https://www.sciencedirect.com/science/article/pii/B9780128012260000062


     Search term "Case+Study"+"Continuous"+"FDA+Requirements"
     Title Stepwise formal modelling and reasoning of insulin infusion pump requirements
     Author ['NK Singh', 'H Wang', 'M Lawford', 'TSE Maibaum']
     Venue … Conference on Digital …
     Year 2015
     Abstract understand the formal development and related refinements of the case study including formally  critical software-intensive medical device for delivering controllable continuous subcutaneous infusion  Demonstrating how we can help to meet FDA requirements for certifying IIPs
     Url https://link.springer.com/chapter/10.1007/978-3-319-21070-4_39


     Search term "Case+Study"+"Continuous"+"FDA+Requirements"
     Title A Case Study on the Prevention of Segregation Caused by Uncontrolled Agglomeration During the Drying of a Pharmaceutical Powder in a Bolz-Summix® …
     Author ['J van den Berg']
     Venue POWDER HANDLING AND …
     Year 2002
     Abstract This case study shows, that by slightly differing the process conditions during the drying stages, granulating could be eliminated  These mixers and dryers are basically divided between continuous operation and batch  Process equipment must comply with FDA requirements
     Url https://www.pharmamanufacturing.com/assets/Media/MediaManager/bolz-summix_preventing-segregation.pdf


     Search term "Case+Study"+"Continuous"+"FDA+Requirements"
     Title Supporting medical device development: a standard product design process model
     Author ['LA Medina', 'GEO Kremer', 'RA Wysk']
     Venue Journal of Engineering …
     Year 2013
     Abstract evaluate FDA regulations for drugs and medical devices that involve nanobiotechnology using a historical case study approach. They conclude that: (1) the FDA is more reactive than proactive, making changes largely in response to problems; (2) the continuous creation of new
     Url https://www.tandfonline.com/doi/abs/10.1080/09544828.2012.676635


     Search term "Case+Study"+"Continuous"+"FDA+Requirements"
     Title Using RFID to track and trace high value products: the case of city healthcare
     Author ['JA Symonds', 'D Parry']
     Venue Journal of Cases on Information Technology …
     Year 2008
     Abstract FDA requirements mainly include safety, quality, and standardisation  CaSE dESCrIPTIOn The scope of the case study was limited to the range of devices that provide continuous positive airway pressure (CPAP) as well as a range of interface solutions, for the treatment of
     Url https://www.igi-global.com/article/using-rfid-track-trace-high/3214


     Search term "Case+Study"+"Continuous"+"FDA+Requirements"
     Title Batch control system project for a pharmaceutical plant
     Author ['R Holý', 'J Poživil']
     Venue ISA transactions
     Year 2002
     Abstract This methodology was tested on a real problem, described in the case study  Such processes are characterized by frequent changes of technology and continuous introduction of  control systems should be compliant with Food and Drug Administration FDA requirements 1. Such
     Url https://www.sciencedirect.com/science/article/pii/S0019057807600846


     Search term "Case+Study"+"Continuous"+"FDA+Requirements"
     Title Alignment of new product development and product innovation strategies: a case study of Thai food and beverage SMEs
     Author ['P Chaochotechuang', 'S Mariano']
     Venue International Journal of …
     Year 2016
     Abstract Copyright © 2016 Inderscience Enterprises Ltd. Alignment of new product development and product innovation strategies: a case study of Thai food and beverage SMEs Preecha Chaochotechuang* and Stefania Mariano  Page 3. A case study of Thai food and beverage SMEs
     Url https://www.inderscienceonline.com/doi/abs/10.1504/IJGSB.2016.078821


     Search term "Case+Study"+"Continuous"+"FDA+Requirements"
     Title CASE STUDY No. III HERBICIDE-TOLERANT SOYBEAN
     Author ['HT SOYBEAN']
     Venue NA
     Year NA
     Abstract Page 1. 1 CASE STUDY No. III HERBICIDE-TOLERANT SOYBEAN Overview This case study examines the approved product glufosinate-tolerant soybeans. This variety of soybean was genetically engineered by AgrEvo (now
     Url http://citeseerx.ist.psu.edu/viewdoc/download?doi=10.1.1.410.193&rep=rep1&type=pdf


     Search term "Case+Study"+"Continuous"+"FDA+Requirements"
     Title How can agile and documentation-driven methods be meshed in practice?
     Author ['LT Heeager']
     Venue International Conference on Agile Software …
     Year 2014
     Abstract were based on semi-structured interview-guides, that included the subjects: FDA requirements, agile software  and quality of the software, while the test-first and continuous integration proposed  One case study reports on Scrum and CMMI level 5 being meshed; they underline
     Url https://link.springer.com/chapter/10.1007/978-3-319-06862-6_5


     Search term "Case+Study"+"Continuous"+"FDA+Requirements"
     Title Regulation and technology innovation: a comparison of stated and formal regulatory barriers throughout the technology innovation process
     Author ['R Engberg', 'P Altmann']
     Venue Journal of technology management & …
     Year 2015
     Abstract Our investigation is based on desk research, interviews, and an in-depth case study  In addition, the FDA requires continuous design reviews throughout the design process  thus suggesting that regulatory barriers might emerge during the translation of FDA requirements into the
     Url https://scielo.conicyt.cl/scielo.php?pid=S0718-27242015000300010&script=sci_arttext&tlng=e


     Search term "Case+Study"+"Continuous"+"FDA+Requirements"
     Title A case study of Vioxx using STAMP
     Author ['MMJ Couturier']
     Venue NA
     Year 2010
     Abstract 3 A Case Study of Vioxx Using STAMP  1. Pharmaceutical products are developed to enhance long-term health a. Continuous appropriate incentives exist to develop and market needed drugs b. New scientific knowledge and technology is developed to create new drugs c. New
     Url https://dspace.mit.edu/handle/1721.1/59557


     Search term "Case+Study"+"Continuous"+"FDA+Requirements"
     Title Stepwise Formal Modelling and Reasoning of Insulin Infusion Pump Requirements
     Author ['A Wassyng']
     Venue NA
     Year NA
     Abstract understand the formal development and related refinements of the case study including formally  a critical software-intensive medical device for delivering con- trollable continuous subcutaneous infusion  4. Demonstrating how we can help to meet FDA requirements for certifying
     Url http://pagesperso.ls2n.fr/~attiogbe-c/mespages/MSFORMEL/eventB_insuline_DHM2015.pdf


     Search term "Case+Study"+"Continuous"+"FDA+Requirements"
     Title ETHICAL IMPLICATIONS OF BIOMEDICAL DEVICES
     Author ['R Deshpande']
     Venue NA
     Year NA
     Abstract [Not Found]
     Url [Not Found]


     Search term "Case+Study"+"Continuous"+"FDA+Requirements"
     Title FDA Jurisdiction: A Matter of Definitions in Food & Drug Law: Cases and Materials, 3rd ed.
     Author ['L Grossman']
     Venue NA
     Year 2007
     Abstract 1986), held that a central kitchen making pizza containing meat was not subject to the continuous inspection requirements of the Federal Meat Inspection Act. See generally Food Regulation: A Case Study of USDA and FDA, in "Study on Federal Regulation: Regulatory
     Url https://digitalcommons.wcl.american.edu/facsch_bk_contributions/106/


     Search term "Case+Study"+"Continuous"+"FDA+Requirements"
     Title Lot release and characterization testing of live-virus based vaccines and gene therapy products part1
     Author ['J Gombold', 'K Peden', 'D Gavin', 'Z Wei']
     Venue BioProcess …
     Year 2006
     Abstract A third case study described the effect of temperature on total virus particle counts and size distribution  One point was that FDA requirements for a viral-vectored vaccine differ from those for the  less than 10 ng DNA per dose for vaccines manufactured in all continuous cell lines
     Url https://www.researchgate.net/profile/Ziping_Wei/publication/267553424_Lot_Release_and_Characterization_Testing_of_Live-Virus-Based_Vaccines_and_Gene_Therapy_Products_Part_2_Case_Studies_and_Discussion/links/55ed9cce08ae21d099c76fa6.pdf


     Search term "Case+Study"+"Continuous"+"FDA+Requirements"
     Title Trade offer crisis: a case study on trade offer crisis of Square Toiletries Ltd which is handled by Square
     Author ['K Fatema']
     Venue NA
     Year 2017
     Abstract program. My supervisor Mr. NM Baki Billah assigned me with the topic “A Case Study on  Committed to achieve quality objective through continuous employee training and  Ophthalmic) unit, built as per US FDA requirements, goes into operation
     Url http://dspace.bracu.ac.bd/xmlui/handle/10361/8943


     Search term "Case+Study"+"Continuous"+"FDA+Requirements"
     Title Formulating a Day Cream with SPF: A Case Study
     Author ['A Pouillot', 'R Ametsitsi']
     Venue Handbook of Formulating Dermal …
     Year 2016
     Abstract 611 CHAPTER 22 Formulating a Day Cream with SPF: A Case Study Anne Pouillot, MS, and Rachel Ametsitsi, MS (Alchimie Forever Sàrl), and Ada S. Polla, MBA (Alchimie Forever LLC) Key Words: Sunscreen, Sunblock, Physical and chemical filters, UVA and UVB radiation
     Url https://onlinelibrary.wiley.com/doi/pdf/10.1002/9781119364221#page=607


     Search term "Case+Study"+"Continuous"+"FDA+Requirements"
     Title Integrating agile practices with a medical device software development lifecycle
     Author ['M Mc Hugh', 'F Mc Caffery', 'V Casey', 'M Pikkarainen']
     Venue NA
     Year 2012
     Abstract design, test first development; refactoring, pair programming, collective ownership, continuous integration and  the United States (US) must conform to the FDA requirements and medical  In each case study performed, the organisations were initially developing medical device
     Url https://ulir.ul.ie/handle/10344/2524


     Search term "Case+Study"+"Continuous"+"FDA+Requirements"
     Title Case Study B.—The Development of a Malaria Vaccine
     Author ['LW Schindler', 'MD Darnestown']
     Venue Status of Biomedical Research and …
     Year 1985
     Abstract Page 1. Case Study B.—The Development of a Malaria Vaccine Lydia Woods Schindler Darnestown, MD Introduction  One major breakthrough came in 1976, when it first became possible to grow P. falciparum in continuous culture, in the laboratory
     Url http://www.princeton.edu/~ota/disk2/1985/8524/852414.PDF


     Search term "Case+Study"+"Continuous"+"FDA+Requirements"
     Title An integrated Quality by Design (QbD) approach towards design space definition of a blending unit operation by Discrete Element Method (DEM) simulation
     Author ['S Adam', 'D Suzzi', 'C Radeke', 'JG Khinast']
     Venue European Journal of …
     Year 2011
     Abstract When considering the impact of the system's total particle number on the assessment of blend homogeneity, the comparability of the mixing metric for low-particle-number systems with the FDA requirements has to be assured
     Url https://www.sciencedirect.com/science/article/pii/S0928098710003581


     Search term "Case+Study"+"Continuous"+"FDA+Requirements"
     Title Innovative development path of ethnomedicines: a case study
     Author ['Z Zhu', 'Y Gui', 'L Wang', 'T Wang', 'Y Yang', 'Y Niu', 'D Fu']
     Venue Frontiers of …
     Year 2017
     Abstract Innovative development path of ethnomedicines: a case study  and sustainable development of the Dengzhanhua industry is through the continuous strengthening of  been formed to study key technologies and international registrations in accordance with US FDA requirements
     Url https://link.springer.com/article/10.1007/s11684-017-0513-z


     Search term "Case+Study"+"Continuous"+"FDA+Requirements"
     Title Opportunities and Pitfalls Associated with Early Utilization of Biomarkers: A Case Study in Anticoagulant Development
     Author ['KA Criswell']
     Venue Biomarkers in Drug Discovery and Development …
     Year 2020
     Abstract 20 Opportunities and Pitfalls Associated with Early Utilization of Biomarkers: A Case Study in Anticoagulant  a better route of administration, and less need for continuous coagulation monitoring  undergone rigorous scrutiny to pass FDA requirements because of its routine use in
     Url https://onlinelibrary.wiley.com/doi/abs/10.1002/9781119187547.ch20


     Search term "Case+Study"+"Continuous"+"FDA+Requirements"
     Title Robust design modeling based on joint estimation of multiple and time-series responses on a drug development process
     Author ['SS Le Tuan Ho', 'WS Jeong', 'H Kim', 'SH Jeong']
     Venue NA
     Year NA
     Abstract pharmaceutical case study associated with a generic drug development process is performed. 1. Introduction  The continuous improvement of quality product is one of the most important attentions in the  The FDA requirements make the pharmaceutical scientists and
     Url https://www.researchgate.net/profile/Tuan_Ho_Le/publication/262070967_Robust_design_modeling_based_on_joint_estimation_of_multiple_and_time-series_responses_on_a_drug_development_process/links/0deec5369d6b693f38000000/Robust-design-modeling-based-on-joint-estimation-of-multiple-and-time-series-responses-on-a-drug-development-process.pdf


     Search term "Case+Study"+"Continuous"+"FDA+Requirements"
     Title Understanding Technological and Managerial Factors contributing on the Performance of Traceability Systems in the Fish Supply Chain, the case study of Tanzania
     Author ['JT Mgonja']
     Venue NA
     Year 2007
     Abstract Final report Understanding Technological and Managerial Factors contributing on the Performance of Traceability Systems in the Fish Supply Chain, the case study of Tanzania John Thomas Mgonja Reg. 720328-569090  A case study from Tanzania
     Url http://41.73.194.142/handle/123456789/2495


     Search term "Case+Study"+"Continuous"+"FDA+Requirements"
     Title Finding Value-Added Uses for Apples: A Case Study For Hoch Orchards of LaCrescent, Minnesota
     Author ['WE Nefstead']
     Venue NA
     Year 2006
     Abstract Finding Value-Added Uses for Apples: A Case Study For Hoch Orchards of LaCrescent, Minnesota  cloth press; a horizontal hydraulic rack and cloth-bag press; a continuous belt press  At least a week to 10 days longer." Both pasteurizers meet FDA requirements for elimination of
     Url https://ageconsearch.umn.edu/record/6690/


     Search term "Case+Study"+"Continuous"+"FDA+Requirements"
     Title Through the looking glass of complexity leadership theory: A biomedical case study in radical innovation leadership
     Author ['AMN Ott']
     Venue NA
     Year 2010
     Abstract Page 1. Through the Looking Glass of Complexity Leadership Theory: A Biomedical Case Study in Radical Innovation Leadership  form of the dissertation. Through the Looking Glass of Complexity Leadership Theory: A Biomedical Case Study in Radical Innovation Leadership
     Url http://search.proquest.com/openview/17aae37a3b89f9fd870679249b7a37af/1?pq-origsite=gscholar&cbl=18750&diss=y


     Search term "Case+Study"+"Continuous"+"FDA+Requirements"
     Title Decay, shock, and renewal: Operational routines and process entropy in the pharmaceutical industry
     Author ['G Anand', 'J Gray', 'E Siemsen']
     Venue Organization Science
     Year 2012
     Abstract In this study, we examine decay in adherence to operational routines over time. Our empirical setting is the worldwide pharmaceutical industry, and we focus on operational routines used to maintain...
     Url https://pubsonline.informs.org/doi/abs/10.1287/orsc.1110.0709


     Search term "Case+Study"+"Continuous"+"FDA+Requirements"
     Title … ‐BASED VISUALIZATION METHOD TO CHARACTERIZE THE FLOW BEHAVIOR OF FOOD PARTICULATES IN A MODEL CONTINUOUS ASEPTIC STERILIZER 3
     Author ['SM SHEFET', 'BW SHELDON']
     Venue Journal of food …
     Year 1999
     Abstract Unfortunately, the use of conventional continuous pasteurization systems, which were designed  able to comply with the Food and Drug Administration's (FDA) requirements for proving  Aseptic Processing and Packaging Studies (CAPPS) developed a case study which served
     Url https://onlinelibrary.wiley.com/doi/abs/10.1111/j.1745-4530.1999.tb00477.x


     Search term "Case+Study"+"Continuous"+"FDA+Requirements"
     Title Model‐Based Systems Engineering as an Enabler for Regulatory Design Compliance
     Author ['J Dean', 'C Henderson', 'J Gardner']
     Venue INCOSE International …
     Year 2012
     Abstract Customer A who is designing a medical device compliant with FDA requirements while using  The second case study describes the use of the MBSE database as a requirements  This early and continuous involvement helps capture manufacturing issues early, typically achieves
     Url https://onlinelibrary.wiley.com/doi/abs/10.1002/j.2334-5837.2012.tb01473.x


     Search term "Case+Study"+"Continuous"+"FDA+Requirements"
     Title Challenges to Establishing External API Manufacturing in China
     Author ['M Giovinazzi']
     Venue NA
     Year NA
     Abstract [Not Found]
     Url [Not Found]


     Search term "Case+Study"+"Continuous"+"FDA+Requirements"
     Title On best practices: The Institute of Medicine scheme for developing, validating, and demonstrating clinical utility of omics‐based diagnostic and predictive tests
     Author ['GS Omenn']
     Venue PROTEOMICS–Clinical Applications
     Year 2013
     Abstract As noted in the Duke Case Study 3, all authors were held accountable when numerous  integrity in the conduct of research and using this knowledge for continuous quality improvement.”  omics‐based clinical tests are or should be well aware of FDA requirements, given their
     Url https://onlinelibrary.wiley.com/doi/abs/10.1002/prca.201300041


     Search term "Case+Study"+"Continuous"+"FDA+Requirements"
     Title Developments in aseptic processing
     Author ['KP Sandeep', 'J Simunovic']
     Venue Improving the Thermal …
     Year 2004
     Abstract General FDA Requirements for Establishment Registration, Thermal Process Filing, and Good Manufacturing Practices for  Case Study for Condensed Cream of Potato Soup from the Aseptic Processing of Multi  Workshop targets continuous multiphase aseptic processing of foods
     Url https://books.google.com/books?hl=en&lr=&id=SRIKH1iLz1wC&oi=fnd&pg=PA177&dq=%22Case+Study%22+%22Continuous%22+%22FDA+Requirements%22&ots=BGsRakT_Kg&sig=QS0xepZnFcNDgKW3TNKMqllz1gQ


     Search term "Case+Study"+"Continuous"+"FDA+Requirements"
     Title Trends in food packaging and manufacturing systems and technology
     Author ['NP Mahalik', 'AN Nambiar']
     Venue Trends in food science & technology
     Year 2010
     Abstract particularly in the areas of validation, regulatory compliance, and integration of batch procedural operations with continuous processes  In order to fulfill USDA (United State Department of Agriculture) and the FDA requirements researchers are continually developing means to
     Url https://www.sciencedirect.com/science/article/pii/S0924224410000063


     Search term "Case+Study"+"Continuous"+"FDA+Requirements"
     Title Pharmacy benefit management, cost-effectiveness analysis and drug formulary decisions
     Author ['H Grabowski', 'CD Mullins']
     Venue Social science & medicine
     Year 1997
     Abstract Leading medical texts and recent journal articles are also frequently cited in the formulation of these guidelines. In our analysis of PBM guidelines, we decided to focus in particular on blood cholesterol reduction as a case study
     Url https://www.sciencedirect.com/science/article/pii/S0277953696003942


     Search term "Case+Study"+"Continuous"+"FDA+Requirements"
     Title Chipped pharmaceuticals from production to in VIVO (in body) drug delivery becoming reality
     Author ['EC Jones', 'S Gupta', 'F Jefferson', 'J Rogers']
     Venue Int. J Sup. Chain. Mgt …
     Year 2015
     Abstract These challenges include issues of safety, toxicity, carcinogenicity, and physiologic responses. Manufacturers of medical devices must demonstrate device biocompatibility to ensure patient safety, proper device function, and to fulfill regulatory (FDA) requirements
     Url https://core.ac.uk/download/pdf/230744660.pdf


     Search term "Case+Study"+"Continuous"+"FDA+Requirements"
     Title New phase of growth for xenogeneic-based bioartificial organs
     Author ['Z Pitkin']
     Venue International journal of molecular sciences
     Year 2016
     Abstract As an illustrative case study, we will offer a risk assessment of potential infectivity of  regulatory expectations, conduct well-designed clinical trials, and secure continuous funding to  of animal feed, and maintaining necessary containment, as promulgated by FDA requirements [47
     Url https://www.mdpi.com/1422-0067/17/9/1593


     Search term "Case+Study"+"Continuous"+"FDA+Requirements"
     Title Robust postdonation blood screening under prevalence rate uncertainty
     Author ['H El-Amine', 'EK Bish', 'DR Bish']
     Venue Operations Research
     Year 2018
     Abstract and Conde (2005), and thus their methodology, no longer apply to the minimax regret version of the nonlinear continuous knapsack problem  In our case study of the United States, our robust testing schemes significantly outperform both the ex- pectation-based schemes under
     Url https://pubsonline.informs.org/doi/abs/10.1287/opre.2017.1658


     Search term "Case+Study"+"Continuous"+"FDA+Requirements"
     Title A comprehensive approach for medical device development: Incorporating regulations, critical factors and design for X in modeling a conceptual framework
     Author ['LA Medina']
     Venue NA
     Year 2011
     Abstract Figure 3.6: Case study methodology ..... 78  development, manufacture, marketing and continuous improvement of medical devices  Complete knowledge of the FDA requirements and terminology is crucial to appropriately
     Url https://etda.libraries.psu.edu/catalog/12807


     Search term "Case+Study"+"Continuous"+"FDA+Requirements"
     Title Meat slaughter and processing plants' traceability levels evidence from Iowa
     Author ['H Bulut', 'JD Lawrence']
     Venue NA
     Year 2007
     Abstract The product could be traceable to the immediate previous source to the subsequent recipient (one-step backward and one-step forward) as in Food and Drug Administration (FDA) requirements, traceable to processing plant only or traceable further to the feedlot, or traceable
     Url https://ageconsearch.umn.edu/record/37576/

