Showing papers for search query "Regulated+Domains"+"DevOps"

     Search term "Regulated+Domains"+"DevOps"
     Title Towards a Secure devops Approach for Cyber-Physical Systems: An Industrial Perspective
     Author ['P Abrahamsson', 'G Botterweck', 'H Ghanbari']
     Venue International Journal of …
     Year 2020
     Abstract At the same time, production organizations in critical and regulated domains, eg, automotive, aerospace, and healthcare express an increasing interest in utilizing the DevOps approach for developing and maintaining consumer CPSs (eg, wearables, virtual reality), as it enables
     Url https://www.igi-global.com/article/towards-secure-devops-approach-cyber/259419


     Search term "Regulated+Domains"+"DevOps"
     Title DevOps in an ISO 13485 Regulated Environment: A Multivocal Literature Review
     Author ['MF Lie', 'M Sánchez-Gordón']
     Venue Proceedings of the 14th …
     Year 2020
     Abstract Page 1. DevOps in an ISO 13485 Regulated Environment: A Multivocal  As agile approaches, like DevOps, are becoming more and more popular in software industry, a discrepancy between these modern methods and traditional regulated development has been reported
     Url https://dl.acm.org/doi/abs/10.1145/3382494.3410679


     Search term "Regulated+Domains"+"DevOps"
     Title DevOps: A software architect's perspective
     Author ['L Bass', 'I Weber', 'L Zhu']
     Venue NA
     Year 2015
     Abstract DevOps A Software Architect's Perspective Len Bass Ingo Weber Liming Zhu New York • Boston • Indianapolis • San Francisco Toronto • Montreal • London • Munich • Paris • Madrid Capetown • Sydney • Tokyo • Singapore • Mexico City  1.1 Introduction 1.2 Why DevOps
     Url https://books.google.com/books?hl=ru&lr=&id=fcwkCQAAQBAJ&oi=fnd&pg=PT13&dq=%22Regulated+Domains%22+%22DevOps%22&ots=KSttp4LOUf&sig=lSrqaFrruHev9kkpuLpSmuWshvs


     Search term "Regulated+Domains"+"DevOps"
     Title A systematic approach to agile development in highly regulated environments
     Author ['A Poth', 'J Jacobsen', 'A Riel']
     Venue International Conference on Agile Software …
     Year 2020
     Abstract However, it is difficult to find a generic practical framework for regulated domains  Finally, the product's functionality is verified during operation. The last stage is interesting for the handover in cases were no DevOps is applied
     Url https://link.springer.com/chapter/10.1007/978-3-030-58858-8_12


     Search term "Regulated+Domains"+"DevOps"
     Title Innovative Practices for Knowledge Sharing in Large-Scale DevOps
     Author ['A Hemon', 'B Fitzgerald', 'B Lyonnet', 'F Rowe']
     Venue IEEE Software
     Year 2019
     Abstract Keywords: Agile method, DevOps, Large-Scale, Innovative Practices, Knowledge Sharing  have tailored the application of agile methods with new roles, ceremonies and artefacts to meet the needs of the development context, for example in critical and regulated domains
     Url https://ieeexplore.ieee.org/abstract/document/8930607/


     Search term "Regulated+Domains"+"DevOps"
     Title Innovative Practices for Knowledge Sharing in Large-Scale DevOps
     Author ['B Lyonnet']
     Venue NA
     Year NA
     Abstract with new roles, ceremonies and artefacts to meet the needs of the development context, for example in critical and regulated domains  Debois1 advocated for more collaboration between the Dev and Ops functions through a tighter integration, a rapprochement called DevOps
     Url https://core.ac.uk/download/pdf/289101954.pdf


     Search term "Regulated+Domains"+"DevOps"
     Title Security challenges in IoT development: a software engineering perspective
     Author ['AN Duc', 'R Jabangwe', 'P Paul']
     Venue Proceedings of the …
     Year 2017
     Abstract e paper is organized as follows: Section 2 presents background on fast-faced so ware development, with Agile and DevOps, and security  IoT adoption has spread across a wide range of domains, not just household use, but also to regulated domains, eg, medical and health
     Url https://dl.acm.org/doi/abs/10.1145/3120459.3120471


     Search term "Regulated+Domains"+"DevOps"
     Title Understanding DevOps: From its Enablers to Impact on IT Performance
     Author ['GS Cogo']
     Venue NA
     Year 2019
     Abstract Page 1. Understanding DevOps: From its Enablers to Impact on IT Performance By Gabriel Silva Cogo, MS A Dissertation In  13 Why is DevOps More Than a Methodology? .... 15 What is DevOps
     Url https://ttu-ir.tdl.org/handle/2346/85394


     Search term "Regulated+Domains"+"DevOps"
     Title The future of software development methods
     Author ['B Fitzgerald', 'KJ Stol']
     Venue The Routledge Companion to Management …
     Year 2017
     Abstract The Software Enterprise Standalone systems Exemplar trends: DevOps / Continuous Delivery Enterprise Agile Lean software development Continuous Software Engineering Agile in regulated domains Exemplar trends: SOA SPL IoTS CBSD Big Data Cloud computing
     Url https://cora.ucc.ie/handle/10468/6770


     Search term "Regulated+Domains"+"DevOps"
     Title Summary of the International Conference on Software and System Processes (ICSSP 2016) [Co-located with ICSE 2016]
     Author ['M Kuhrmann', "RV O'Connor", 'DE Perry']
     Venue ACM SIGSOFT Software …
     Year 2016
     Abstract [8] explored the impact of context factors using micro-services (as used to realize DevOps processes) as an ex- ample  Finally, ICSSP 2016 also had a full slot devoted to system evolution and systems in regulated domains. In this topic cluster, Huijens et al
     Url https://dl.acm.org/doi/abs/10.1145/2994205.2994215


     Search term "Regulated+Domains"+"DevOps"
     Title Continuous delivery sounds great, but will it work here?
     Author ['J Humble']
     Venue Communications of the ACM
     Year 2018
     Abstract This is true even in highly regulated domains such as fi- nancial services and government  For more on this case study, see Leading the Transformation: Applying Agile and DevOps Principles at Scale by Gary Gruver and Tommy Mouser
     Url https://dl.acm.org/doi/fullHtml/10.1145/3173553


     Search term "Regulated+Domains"+"DevOps"
     Title Continuous delivery sounds great, but will it work here?
     Author ['J Humble']
     Venue Queue
     Year 2017
     Abstract This is true even in highly regulated domains such as financial services and government  For more on this case study, see Leading the Transformation: Applying Agile and DevOps Principles at Scale by Gary Gruver and Tommy Mouser. 8 of 20 software delivery Page 9
     Url https://dl.acm.org/doi/pdf/10.1145/3178368.3190610


     Search term "Regulated+Domains"+"DevOps"
     Title Variability and complexity in software design: Towards a research agenda
     Author ['M Galster', 'U Zdun', 'D Weyns', 'R Rabiser']
     Venue ACM SIGSOFT …
     Year 2017
     Abstract such as cloud computing and microservices might be drivers for trends like continuous deployment/delivery and DevOps (see previous section)  Also, emerging domains include domains that are subject to regulations and legal aspects, eg, regulated domains such as aviation
     Url https://dl.acm.org/doi/abs/10.1145/3011286.3011291


     Search term "Regulated+Domains"+"DevOps"
     Title On the use of hybrid development approaches in software and systems development: construction and test of the HELENA survey
     Author ['M Kuhrmann', 'J Münch', 'P Diebold', 'O Linssen']
     Venue NA
     Year 2016
     Abstract Different independently conducted stud- ies, such as [KL15, VB15], show hybrid-method approaches implemented by those com- panies, especially when they have to deal with software systems in regulated domains  Definition of Ready 1 1 2 DevOps 1 1 2 Digital Taskboard
     Url https://dl.gi.de/handle/20.500.12116/589


     Search term "Regulated+Domains"+"DevOps"
     Title Plan-driven approaches are alive and kicking in agile global software development
     Author ['M Marinho', 'J Noll', 'I Richardson']
     Venue 2019 ACM/IEEE …
     Year 2019
     Abstract analyze the result set, we used the three cate- gories: traditional, agile, and generic, based on the definitions provided by Kurhman and colleagues [7]. We classified the following approaches as agile: Scrum, Safe, Lean, LESS, Nexus, XP, Kanban, DevOps, ScrumBam, Crystal
     Url https://ieeexplore.ieee.org/abstract/document/8870168/


     Search term "Regulated+Domains"+"DevOps"
     Title Software and System Processes (ICSSP 2016)
     Author ['DE Khelladi', 'R Bendraou', 'R Hebig', 'MP Gervais']
     Venue NA
     Year NA
     Abstract 66 Philipp Diebold and Simon Andre Scherr — Fraunhofer IESE, Germany CMMI Guided Process Improvement for DevOps Projects: An Exploratory Case Study  Session 5: System Evolution and Regulated Domains
     Url https://ieeexplore.ieee.org/abstract/document/7831524/


     Search term "Regulated+Domains"+"DevOps"
     Title ICSSP 2016–Special Issue Introduction
     Author ['M Kuhrmann', "RV O'Connor", 'DE Perry']
     Venue Journal of Software …
     Year 2017
     Abstract In this context, approaches like DevOps have become more relevant, yet challenge services, tools, and code from external cloud-based sources  3.4.7. Trektere et al.: In regulated domains, software and system development needs to follow certain rules, eg, to assure safety or
     Url https://www.researchgate.net/profile/Marco_Kuhrmann/publication/315075893_ICSSP_2016_-_Special_Issue_Introduction/links/59da244ca6fdcc2aad129d8b/ICSSP-2016-Special-Issue-Introduction.pdf


     Search term "Regulated+Domains"+"DevOps"
     Title Researching cooperation and communication in continuous software engineering
     Author ['Y Dittrich', 'J Nørbjerg', 'P Tell']
     Venue 2018 IEEE/ACM 11th …
     Year 2018
     Abstract KEYWORDS Continuous Software Engineering, DevOps ACM Reference Format: Yvonne Dittrich, Jacob Nørbjerg, Paolo Tell, and Lars Bendix. 2018  In regulated domains, like finance and health care, the need to re-structure the cooperation for quality control extends into the
     Url https://ieeexplore.ieee.org/abstract/document/8445543/


     Search term "Regulated+Domains"+"DevOps"
     Title HELENA study: initial observations of software development practices in Argentina
     Author ['N Paez', 'D Fontdevila', 'A Oliveros']
     Venue International Conference on Product …
     Year 2017
     Abstract a hybrid development perspective integrating agile and traditional approaches, and ranges from emerging and innovative sectors to regulated domains [1]. There  4 of the top 5 methods/frameworks (in terms of usage) are also agile-related: Scrum, Kanban, DevOps and Extreme
     Url https://link.springer.com/chapter/10.1007/978-3-319-69926-4_34


     Search term "Regulated+Domains"+"DevOps"
     Title Software reuse in the era of opportunistic design
     Author ['T Mikkonen', 'A Taivalsaari']
     Venue IEEE Software
     Year 2019
     Abstract However, for many types of software systems— especially those intended for regulated domains (eg, medical software)— the use of third-party  The pace at which we get new ver- sions and updates, enabled by such techniques Continuous Deployment4 and DevOps,3 is such
     Url https://ieeexplore.ieee.org/abstract/document/8693072/


     Search term "Regulated+Domains"+"DevOps"
     Title RESEARCH OUTPUTS/RÉSULTATS DE RECHERCHE
     Author ['M Galster', 'U Zdun', 'D Weyns', 'R Rabiser', 'B Zhang']
     Venue NA
     Year NA
     Abstract such as cloud computing and microservices might be drivers for trends like continuous deployment/delivery and DevOps (see previous section  Also, emerging domains include domains which are subject to regula- tions and legal aspects, eg, regulated domains such as aviation
     Url https://core.ac.uk/download/pdf/326274526.pdf


     Search term "Regulated+Domains"+"DevOps"
     Title Managing software process evolution: traditional, agile and beyond–how to handle process change
     Author ['M Kuhrmann', 'J Münch', 'I Richardson', 'A Rausch']
     Venue NA
     Year 2016
     Abstract Today some of these fads are called continuous deployment, lean startups, DevOps, flow and any of the Japanese sounding concepts from  It addresses difficult problems, such as how to implement processes in highly regulated domains or where to find a suitable notation for
     Url https://link.springer.com/content/pdf/10.1007/978-3-319-31545-4.pdf


     Search term "Regulated+Domains"+"DevOps"
     Title HELENA stage 2 results
     Author ['M Kuhrmann', 'P Tell', 'J Klünder', 'R Hebig']
     Venue …
     Year 2018
     Abstract Neither company size nor industry sector matter – In 76.8% of the reported cases hybrid development methods are used. - While standards, norms, and regulations challenge companies, even in regulated domains, companies adopt agile methods  DevOps
     Url https://www.researchgate.net/profile/Marco_Kuhrmann/publication/329246439_HELENA_Stage_2_Results/links/5bfec1ca92851c63caae8ba5/HELENA-Stage-2-Results.pdf


     Search term "Regulated+Domains"+"DevOps"
     Title Software development practices in Costa Rica: a survey
     Author ['B Aymerich', 'I Díaz-Oreiro', 'JC Guzmán', 'G López']
     Venue … Conference on Applied …
     Year 2018
     Abstract to investigate the use of hybrid development approaches in software system development in a variety of context (eg, emerging companies, innovative sectors, and regulated domains)  Iterative Development, Kanban, and DevOps appear in places 2, 3 and 4 of this classification
     Url https://link.springer.com/chapter/10.1007/978-3-319-94229-2_13


     Search term "Regulated+Domains"+"DevOps"
     Title Agile software development
     Author ['SD Lean']
     Venue NA
     Year 2014
     Abstract Regulated domains  [69] [70] [71] [72] [73]. There are numerous standards that may apply in regulated domains, including ISO 26262, ISO 9000, ISO 9001, and ISO/IEC 15504. A number of key concerns are of particular importance in regulated domains: [74]
     Url https://thereaderwiki.com/en/Agile_software_development?oldid=531072623


     Search term "Regulated+Domains"+"DevOps"
     Title Agile Software Development
     Author ['M Whitfield']
     Venue NA
     Year NA
     Abstract Regulated domains  There are numerous standards that may apply in regulated domains, including ISO 26262, ISO 9000, ISO 9001, and ISO/IEC 15504. A number of key concerns are of particular importance in regulated domains
     Url https://mark-whitfield.com/about/agile-software-development/


     Search term "Regulated+Domains"+"DevOps"
     Title Hybrid software and system development in practice: waterfall, scrum, and beyond
     Author ['M Kuhrmann', 'P Diebold', 'J Münch', 'P Tell']
     Venue Proceedings of the …
     Year 2017
     Abstract (P) Pair Programming (P) DevOps (M) Formal Specification (P) Kanban (M) Agile Portfolio Management (APM) (M) V-Model Derivate(s) (M) Digital Task Board (P) Test-Driven Development (TDD) (P) Lean Development (M) Behavior-driven Devel
     Url https://dl.acm.org/doi/abs/10.1145/3084100.3084104


     Search term "Regulated+Domains"+"DevOps"
     Title Modelops: Cloud-based lifecycle management for reliable and trusted ai
     Author ['W Hummer', 'V Muthusamy', 'T Rausch']
     Venue 2019 IEEE …
     Year 2019
     Abstract can be structurally similar to traditional application lifecycles, we show that there are some fundamental differences which bring new challenges and require changes to traditional DevOps pipelines  This is required in regulated domains like health care or finance (UC2, UC4)
     Url https://ieeexplore.ieee.org/abstract/document/8790192/


     Search term "Regulated+Domains"+"DevOps"
     Title Initial Results of the HELENA Survey Conducted in Estonia with Comparison to Results from Sweden and Worldwide
     Author ['E Knauss']
     Venue … , PROFES 2017, Innsbruck, Austria, November 29 …
     Year 2017
     Abstract hybrid devel- opment approaches in software system development-from emerging and inno- vative sectors to regulated domains  Scrum Iterative Development Kanban DevOps Classic Waterfall Process eXtreme Programming (XP) Lean Software Development Domain-Driven
     Url https://books.google.com/books?hl=ru&lr=&id=vu09DwAAQBAJ&oi=fnd&pg=PA404&dq=%22Regulated+Domains%22+%22DevOps%22&ots=N_NZ1MCYZz&sig=41EMP3NU3FzcP7m2B84XNkH1lSQ


     Search term "Regulated+Domains"+"DevOps"
     Title The journeys
     Author ['B Fitzgerald', 'KJ Stol', 'S Minör', 'H Cosmo']
     Venue Scaling a Software Business
     Year 2017
     Abstract Page 1. 58 56 B. Fitzgerald et al., Scaling a Software Business, DOI 10.1007/978-3-319-53116- 8_2 © The Author(s) 2017 The journeys Travel brochures Page 2. 59 57 journeys Travel brochures and stories Page 3. And stories 58 60 86 100 120 142 160 182 212 Page 4
     Url https://link.springer.com/chapter/10.1007/978-3-319-53116-8_2


     Search term "Regulated+Domains"+"DevOps"
     Title How has SPI changed in times of agile development? Results from a multi‐method study
     Author ['S Küpper', 'D Pfahl', 'K Jürisoo', 'P Diebold']
     Venue Journal of Software …
     Year 2019
     Abstract models with agile software development. In this regard, determining the capability and the maturity level of companies deploying agile methods becomes relevant (especially in regulated domains). Özcan‐Top and Demirörs
     Url https://onlinelibrary.wiley.com/doi/abs/10.1002/smr.2182


     Search term "Regulated+Domains"+"DevOps"
     Title Practitioners' eye on continuous software engineering: an interview study
     Author ['JO Johanssen', 'A Kleebaum', 'B Paech']
     Venue Proceedings of the 2018 …
     Year 2018
     Abstract 4.2 Practitioners Based on their role description, we grouped the 24 practitioners into five categories: CSE specialists (21 %), a role with a reference to CSE, eg, a continuous deployment manager or a DevOps engineer, de- velopers (25 %), project managers (25 %), a role with
     Url https://dl.acm.org/doi/abs/10.1145/3202710.3203150


     Search term "Regulated+Domains"+"DevOps"
     Title Implementing continuous integration in a small company: A case study
     Author ['K Rejström']
     Venue NA
     Year 2016
     Abstract Organizations have started automating various parts of their release pipelines resulting in the practices of continuous integration (CI), continuous delivery (CD), continuous deployment, DevOps and continuous value delivery
     Url https://aaltodoc.aalto.fi/handle/123456789/23360


     Search term "Regulated+Domains"+"DevOps"
     Title Continuous software engineering and its support by usage and decision knowledge: An interview study with practitioners
     Author ['JO Johanssen', 'A Kleebaum', 'B Paech']
     Venue Journal of Software …
     Year 2019
     Abstract continuous delivery and continuous deployment. For them, CSE goes beyond the DevOps approach that demands that software development and its operational deployment are tightly integrated. They coined the term BizDevOps
     Url https://onlinelibrary.wiley.com/doi/abs/10.1002/smr.2169


     Search term "Regulated+Domains"+"DevOps"
     Title Continuous User Understanding in Software Evolution
     Author ['JO Johanßen']
     Venue NA
     Year 2019
     Abstract Page 1. FAKULT¨AT F¨UR INFORMATIK DER TECHNISCHEN UNIVERSIT ¨AT M ¨UNCHEN Dissertation Continuous User Understanding in Software Evolution Jan Ole Johanßen Page 2. Page 3. FAKULT ¨AT F ¨UR INFORMATIK
     Url https://mediatum.ub.tum.de/1518704

