Showing papers for search query "Case+Study"+"DevOps"+"Regulated+Domains"+OR+"Regulated+Domain"

     Search term "Case+Study"+"DevOps"+"Regulated+Domains"+OR+"Regulated+Domain"
     Title Software and System Processes (ICSSP 2016)
     Author ['DE Khelladi', 'R Bendraou', 'R Hebig', 'MP Gervais']
     Venue NA
     Year NA
     Abstract 66 Philipp Diebold and Simon Andre Scherr — Fraunhofer IESE, Germany CMMI Guided Process Improvement for DevOps Projects: An Exploratory Case Study  Session 5: System Evolution and Regulated Domains
     Url https://ieeexplore.ieee.org/abstract/document/7831524/


     Search term "Case+Study"+"DevOps"+"Regulated+Domains"+OR+"Regulated+Domain"
     Title Continuous delivery sounds great, but will it work here?
     Author ['J Humble']
     Venue Communications of the ACM
     Year 2018
     Abstract This is true even in highly regulated domains such as fi- nancial services and government  For more on this case study, see Leading the Transformation: Applying Agile and DevOps Principles at Scale by Gary Gruver and Tommy Mouser
     Url https://dl.acm.org/doi/fullHtml/10.1145/3173553


     Search term "Case+Study"+"DevOps"+"Regulated+Domains"+OR+"Regulated+Domain"
     Title Continuous delivery sounds great, but will it work here?
     Author ['J Humble']
     Venue Queue
     Year 2017
     Abstract This is true even in highly regulated domains such as financial services and government  For more on this case study, see Leading the Transformation: Applying Agile and DevOps Principles at Scale by Gary Gruver and Tommy Mouser. 8 of 20 software delivery Page 9
     Url https://dl.acm.org/doi/pdf/10.1145/3178368.3190610


     Search term "Case+Study"+"DevOps"+"Regulated+Domains"+OR+"Regulated+Domain"
     Title Researching cooperation and communication in continuous software engineering
     Author ['Y Dittrich', 'J Nørbjerg', 'P Tell']
     Venue 2018 IEEE/ACM 11th …
     Year 2018
     Abstract In regulated domains, like finance and health care, the need to re-structure the cooperation for quality control extends into the business  2014. Rethinking Release – A Case Study  Report from GI-Dagstuhl Seminar 16394: Software Performance Engineering in the DevOps World
     Url https://ieeexplore.ieee.org/abstract/document/8445543/


     Search term "Case+Study"+"DevOps"+"Regulated+Domains"+OR+"Regulated+Domain"
     Title A systematic approach to agile development in highly regulated environments
     Author ['A Poth', 'J Jacobsen', 'A Riel']
     Venue International Conference on Agile Software …
     Year 2020
     Abstract However, it is difficult to find a generic practical framework for regulated domains  Some teams need weeks, others months. 5 Case Study: Instantiation, Deployment and Its Limitations  The last stage is interesting for the handover in cases were no DevOps is applied
     Url https://link.springer.com/chapter/10.1007/978-3-030-58858-8_12


     Search term "Case+Study"+"DevOps"+"Regulated+Domains"+OR+"Regulated+Domain"
     Title Summary of the International Conference on Software and System Processes (ICSSP 2016) [Co-located with ICSE 2016]
     Author ['M Kuhrmann', "RV O'Connor", 'DE Perry']
     Venue ACM SIGSOFT Software …
     Year 2016
     Abstract [8] explored the impact of context factors using micro-services (as used to realize DevOps processes) as an ex- ample  [4] presented an exploratory case study on functional  Finally, ICSSP 2016 also had a full slot devoted to system evolution and systems in regulated domains
     Url https://dl.acm.org/doi/abs/10.1145/2994205.2994215


     Search term "Case+Study"+"DevOps"+"Regulated+Domains"+OR+"Regulated+Domain"
     Title Software reuse in the era of opportunistic design
     Author ['T Mikkonen', 'A Taivalsaari']
     Venue IEEE Software
     Year 2019
     Abstract However, for many types of software systems— especially those intended for regulated domains (eg, medical  by hand; the 2,000 plus NPM mod- ules in our case-study system is a  ver- sions and updates, enabled by such techniques Continuous Deployment4 and DevOps,3 is
     Url https://ieeexplore.ieee.org/abstract/document/8693072/


     Search term "Case+Study"+"DevOps"+"Regulated+Domains"+OR+"Regulated+Domain"
     Title ICSSP 2016–Special Issue Introduction
     Author ['M Kuhrmann', "RV O'Connor", 'DE Perry']
     Venue Journal of Software …
     Year 2017
     Abstract In this context, approaches like DevOps have become more relevant, yet challenge services, tools  conducted a case study hosted by SAP in which they observed and interviewed partitioners  3.4.7. Trektere et al.: In regulated domains, software and system development needs to
     Url https://www.researchgate.net/profile/Marco_Kuhrmann/publication/315075893_ICSSP_2016_-_Special_Issue_Introduction/links/59da244ca6fdcc2aad129d8b/ICSSP-2016-Special-Issue-Introduction.pdf


     Search term "Case+Study"+"DevOps"+"Regulated+Domains"+OR+"Regulated+Domain"
     Title Innovative Practices for Knowledge Sharing in Large-Scale DevOps
     Author ['A Hemon', 'B Fitzgerald', 'B Lyonnet', 'F Rowe']
     Venue IEEE Software
     Year 2019
     Abstract new roles, ceremonies and artefacts to meet the needs of the development context, for example in critical and regulated domains  [7] A. Hemon, L. Monnier-Senicourt, and F. Rowe, “Job Satisfaction Factors and Risks Perception: An embedded case study of DevOps and Agile
     Url https://ieeexplore.ieee.org/abstract/document/8930607/


     Search term "Case+Study"+"DevOps"+"Regulated+Domains"+OR+"Regulated+Domain"
     Title Plan-driven approaches are alive and kicking in agile global software development
     Author ['M Marinho', 'J Noll', 'I Richardson']
     Venue 2019 ACM/IEEE …
     Year 2019
     Abstract analyze the result set, we used the three cate- gories: traditional, agile, and generic, based on the definitions provided by Kurhman and colleagues [7]. We classified the following approaches as agile: Scrum, Safe, Lean, LESS, Nexus, XP, Kanban, DevOps, ScrumBam, Crystal
     Url https://ieeexplore.ieee.org/abstract/document/8870168/


     Search term "Case+Study"+"DevOps"+"Regulated+Domains"+OR+"Regulated+Domain"
     Title Innovative Practices for Knowledge Sharing in Large-Scale DevOps
     Author ['B Lyonnet']
     Venue NA
     Year NA
     Abstract new roles, ceremonies and artefacts to meet the needs of the development context, for example in critical and regulated domains  [7] A. Hemon, L. Monnier-Senicourt, and F. Rowe, “Job Satisfaction Factors and Risks Perception: An embedded case study of DevOps and Agile
     Url https://core.ac.uk/download/pdf/289101954.pdf


     Search term "Case+Study"+"DevOps"+"Regulated+Domains"+OR+"Regulated+Domain"
     Title The future of software development methods
     Author ['B Fitzgerald', 'KJ Stol']
     Venue The Routledge Companion to Management …
     Year 2017
     Abstract In regulated domains, the QA function is required to be an independent department from  in the organization affected by a changing process; eg, to adopt DevOps and continuous  O'Brien, “Scaling agile methods to regulated environments: An industry case study,” Proceedings of
     Url https://cora.ucc.ie/handle/10468/6770


     Search term "Case+Study"+"DevOps"+"Regulated+Domains"+OR+"Regulated+Domain"
     Title Practitioners' eye on continuous software engineering: an interview study
     Author ['JO Johanssen', 'A Kleebaum', 'B Paech']
     Venue Proceedings of the 2018 …
     Year 2018
     Abstract 4.2 Practitioners Based on their role description, we grouped the 24 practitioners into five categories: CSE specialists (21 %), a role with a reference to CSE, eg, a continuous deployment manager or a DevOps engineer, de- velopers (25 %), project managers (25 %), a role with
     Url https://dl.acm.org/doi/abs/10.1145/3202710.3203150


     Search term "Case+Study"+"DevOps"+"Regulated+Domains"+OR+"Regulated+Domain"
     Title DevOps: A software architect's perspective
     Author ['L Bass', 'I Weber', 'L Zhu']
     Venue NA
     Year 2015
     Abstract DevOps A Software Architect's Perspective Len Bass Ingo Weber Liming Zhu New York • Boston • Indianapolis • San Francisco Toronto • Montreal • London • Munich • Paris • Madrid Capetown • Sydney • Tokyo • Singapore • Mexico City  1.1 Introduction 1.2 Why DevOps
     Url https://books.google.com/books?hl=en&lr=lang_en&id=fcwkCQAAQBAJ&oi=fnd&pg=PT13&dq=%22Case+Study%22+%22DevOps%22+%22Regulated+Domains%22+OR+%22Regulated+Domain%22&ots=KSttm9KUTh&sig=rNsdVrQai6Yr-QinjDp55mbT7UA


     Search term "Case+Study"+"DevOps"+"Regulated+Domains"+OR+"Regulated+Domain"
     Title Towards Continuous Delivery for Domain Experts: Using MDE to Integrate Non-Programmers into a Software Delivery Pipeline
     Author ['H Nehls', 'D Ratiu']
     Venue … ACM/IEEE 22nd International Conference on …
     Year 2019
     Abstract d) Regulated Domain: Every tool of our eco-system shall comply to the predefined development process  [4] T. Laukkarinen, K. Kuusinen, and T. Mikkonen, “Devops in regulated  D. Ratiu, and A. van Deursen, “Lessons learned from developing mbeddr: a case study in language
     Url https://ieeexplore.ieee.org/abstract/document/8904815/


     Search term "Case+Study"+"DevOps"+"Regulated+Domains"+OR+"Regulated+Domain"
     Title DevOps in an ISO 13485 Regulated Environment: A Multivocal Literature Review
     Author ['MF Lie', 'M Sánchez-Gordón']
     Venue Proceedings of the 14th …
     Year 2020
     Abstract inspection, a view supported in the multiple-case study carried out by Wagenaar et al. [28]. They identified that mostly test-related artifacts are shared in this way. In this sense, our findings indicate that regulators should be treated as stakeholders in the DevOps process itself
     Url https://dl.acm.org/doi/abs/10.1145/3382494.3410679


     Search term "Case+Study"+"DevOps"+"Regulated+Domains"+OR+"Regulated+Domain"
     Title Agile software development
     Author ['SD Lean']
     Venue NA
     Year 2014
     Abstract Regulated domains  [69] [70] [71] [72] [73]. There are numerous standards that may apply in regulated domains, including ISO 26262, ISO 9000, ISO 9001, and ISO/IEC 15504. A number of key concerns are of particular importance in regulated domains: [74]
     Url https://thereaderwiki.com/en/Agile_software_development?oldid=531072623


     Search term "Case+Study"+"DevOps"+"Regulated+Domains"+OR+"Regulated+Domain"
     Title How has SPI changed in times of agile development? Results from a multi‐method study
     Author ['S Küpper', 'D Pfahl', 'K Jürisoo', 'P Diebold']
     Venue Journal of Software …
     Year 2019
     Abstract models with agile software development. In this regard, determining the capability and the maturity level of companies deploying agile methods becomes relevant (especially in regulated domains). Özcan‐Top and Demirörs
     Url https://onlinelibrary.wiley.com/doi/abs/10.1002/smr.2182


     Search term "Case+Study"+"DevOps"+"Regulated+Domains"+OR+"Regulated+Domain"
     Title Agile Software Development
     Author ['M Whitfield']
     Venue NA
     Year NA
     Abstract Regulated domains  There are numerous standards that may apply in regulated domains, including ISO 26262, ISO 9000, ISO 9001, and ISO/IEC 15504. A number of key concerns are of particular importance in regulated domains
     Url https://mark-whitfield.com/about/agile-software-development/


     Search term "Case+Study"+"DevOps"+"Regulated+Domains"+OR+"Regulated+Domain"
     Title The journeys
     Author ['B Fitzgerald', 'KJ Stol', 'S Minör', 'H Cosmo']
     Venue Scaling a Software Business
     Year 2017
     Abstract This case study is about the manufacturer who embraced a powerful engineering movement and created an Open Source strategy that, although there were initial business benefits, primarily encompassed goals set by the developers
     Url https://link.springer.com/chapter/10.1007/978-3-319-53116-8_2


     Search term "Case+Study"+"DevOps"+"Regulated+Domains"+OR+"Regulated+Domain"
     Title Data driven decision making in Industrial Control Systems
     Author ['A Bäck']
     Venue NA
     Year 2019
     Abstract Here I mean Big Data, IoT, Analytics and DevOps needed for going from a technology driven organization and more to a data driven organization  Safety is a very regulated domain and as such has a very conservative view on how development shall take place
     Url https://www.theseus.fi/bitstream/handle/10024/266700/Back_Andreas.pdf?sequence=2


     Search term "Case+Study"+"DevOps"+"Regulated+Domains"+OR+"Regulated+Domain"
     Title To what extent the medical device software regulations can be achieved with agile software development methods? XP—DSDM—Scrum
     Author ['Ö Özcan-Top', 'F McCaffery']
     Venue The Journal of Supercomputing
     Year 2019
     Abstract Lean Development, Feature Driven Development, and DevOps are the other agile methods that were referred in the papers  With this definition of Stories in XP, we could say it is not a suitable format for a regulated domain
     Url https://link.springer.com/article/10.1007/s11227-019-02793-x


     Search term "Case+Study"+"DevOps"+"Regulated+Domains"+OR+"Regulated+Domain"
     Title GAME: Global agile model for enterprises
     Author ['MA Razzak']
     Venue NA
     Year 2020
     Abstract 134 7.3.1 Elaborating GAME's Roadmaps . . . . . 134 7.3.2 Scaling Agile in the Regulated Domain . . . . . 134 7.3.3 Role based Decision Support Process Improvement Repos- itory . . . . . 135 7.3.4 Gamification
     Url https://ulir.ul.ie/handle/10344/9282


     Search term "Case+Study"+"DevOps"+"Regulated+Domains"+OR+"Regulated+Domain"
     Title Implementing continuous integration in a small company: A case study
     Author ['K Rejström']
     Venue NA
     Year 2016
     Abstract Keywords: Continuous Integration, Continuous Delivery, Single Case Study, Release Pipeline, DevOps, Design Science Research, CI assimilation Language: English ii Page 3. Aalto-universitetet Högskolan för teknikvetenskaper Examensprogram för datateknik
     Url https://aaltodoc.aalto.fi/handle/123456789/23360


     Search term "Case+Study"+"DevOps"+"Regulated+Domains"+OR+"Regulated+Domain"
     Title Understanding DevOps: From its Enablers to Impact on IT Performance
     Author ['GS Cogo']
     Venue NA
     Year 2019
     Abstract Page 1. Understanding DevOps: From its Enablers to Impact on IT Performance By Gabriel Silva Cogo, MS A Dissertation In  13 Why is DevOps More Than a Methodology? .... 15 What is DevOps
     Url https://ttu-ir.tdl.org/handle/2346/85394

