Showing papers for search query "FDA+Requirements"+OR+"FDA+Requirement"+"Regulated+Domains"+OR+"Regulated+Domain"

     Search term "FDA+Requirements"+OR+"FDA+Requirement"+"Regulated+Domains"+OR+"Regulated+Domain"
     Title Correctable myths about research misconduct in the biomedical sciences
     Author ['BK Redman']
     Venue Science and engineering ethics
     Year 2019
     Abstract Complex research ethics cases almost always involve violations in several regulated domains  not recognize that a genomic test is a medical device subject to FDA requirements, and the  in use of research methods, long considered to be the self-regulated domain of science
     Url https://link.springer.com/article/10.1007/s11948-018-0027-3


     Search term "FDA+Requirements"+OR+"FDA+Requirement"+"Regulated+Domains"+OR+"Regulated+Domain"
     Title To what extent the medical device software regulations can be achieved with agile software development methods? XP—DSDM—Scrum
     Author ['Ö Özcan-Top', 'F McCaffery']
     Venue The Journal of Supercomputing
     Year 2019
     Abstract Another hybrid method [27] extends XP for the missing FDA requirements by adding necessary subroles and practices such as a process to support Human Factors Engineering  With this definition of Stories in XP, we could say it is not a suitable format for a regulated domain
     Url https://link.springer.com/article/10.1007/s11227-019-02793-x


     Search term "FDA+Requirements"+OR+"FDA+Requirement"+"Regulated+Domains"+OR+"Regulated+Domain"
     Title The application of a lean software development methodology within the regulated domain of medical device software
     Author ['O Cawley']
     Venue NA
     Year 2013
     Abstract Page 1. The Application of a Lean Software Development Methodology within the Regulated Domain of Medical Device Software Oisín Cawley Ph.D. 2013 Supervised by: Dr. Ita Richardson Dr. Xiaofeng Wang Submitted to the University of Limerick, November 2013 Page 2
     Url https://www.researchgate.net/profile/Oisin_Cawley/publication/291823790_The_Application_of_a_Lean_Software_Development_Methodology_within_the_Regulated_Domain_of_Medical_Device_Software/links/56a6561308ae6c437c1aeae8.pdf


     Search term "FDA+Requirements"+OR+"FDA+Requirement"+"Regulated+Domains"+OR+"Regulated+Domain"
     Title The Presumption against Implied Preemption: How State Law Fraud-on-the-FDA Claims Complement, Rather than Conflict with Federal Law
     Author ['H Rodgers']
     Venue Fla. St. UL Rev.
     Year 2017
     Abstract provision,3 4 the long-standing notion of a presumption against preemption, with re- spect to traditional state-regulated domains, is currently  1453 (1997) ("[I]n order for preemption to occur, the FDA regulation requires not only that the preempting FDA requirements be 'specific
     Url https://heinonline.org/hol-cgi-bin/get_pdf.cgi?handle=hein.journals/flsulr45&section=27


     Search term "FDA+Requirements"+OR+"FDA+Requirement"+"Regulated+Domains"+OR+"Regulated+Domain"
     Title Grand bargains for big data: The emerging law of health information
     Author ['F Pasquale']
     Venue Md. L. Rev.
     Year 2012
     Abstract Trials Results, 5 PLOS MED. 1007, 1007 (2008) (supporting FDA requirements to make results from clinical trials publically available on the Internet). 37. See Arthur Schafer, Biomedical Conflicts of Interest. A Defence of the
     Url https://heinonline.org/hol-cgi-bin/get_pdf.cgi?handle=hein.journals/mllr72&section=20


     Search term "FDA+Requirements"+OR+"FDA+Requirement"+"Regulated+Domains"+OR+"Regulated+Domain"
     Title Financial Conflicts of Interest in Academic Medicine: Whence They Came, Where They Went
     Author ['D Korn']
     Venue Ind. Health L. Rev.
     Year 2011
     Abstract Investigational New Drug. But examinations ex post revealed that the research team had both taken and not taken actions in violation of FDA requirements, and determined the pres- ence of both individual and institutional fCOIs. It is
     Url https://heinonline.org/hol-cgi-bin/get_pdf.cgi?handle=hein.journals/inhealr8&section=6

